  ▲ Next.js 14.2.28
  - Local:        http://localhost:3000
  - Environments: .env
  - Experiments (use with caution):
    · outputFileTracingRoot

 ✓ Starting...
 ✓ Ready in 2.1s
 ○ Compiling / ...
 ✓ Compiled / in 2.3s (596 modules)
 GET / 200 in 2945ms
 ✓ Compiled in 652ms (296 modules)
 ○ Compiling /api/auth/[...nextauth] ...
 ✓ Compiled /api/auth/[...nextauth] in 556ms (541 modules)
 GET /api/auth/providers 200 in 1054ms
 GET / 200 in 120ms
 GET /api/auth/session 200 in 83ms
 GET /api/auth/session 200 in 60ms
 ○ Compiling /login ...
 ✓ Compiled /login in 777ms (881 modules)
 GET /signup 200 in 995ms
 GET /login 200 in 994ms
 GET /api/auth/session 200 in 104ms
 GET /api/auth/session 200 in 70ms
 GET /api/auth/session 200 in 69ms
 GET /api/auth/session 200 in 72ms
 GET /api/auth/session 200 in 93ms
 GET /api/auth/csrf 200 in 71ms
 ✓ Compiled /api/signup in 331ms (597 modules)
 POST /api/signup 200 in 832ms
 GET / 200 in 103ms
 GET /api/auth/signin 302 in 93ms
 GET /login?callbackUrl=https://614a7c077.preview.abacusai.app 200 in 76ms
 GET /api/auth/csrf 200 in 65ms
 POST /api/auth/callback/credentials 302 in 373ms
 ✓ Compiled /middleware in 214ms (174 modules)
 ○ Compiling /dashboard ...
 ✓ Compiled /dashboard in 1748ms (2893 modules)
 GET /dashboard 200 in 2120ms
 GET / 200 in 109ms
 GET /dashboard 200 in 112ms
 GET /api/auth/session 200 in 139ms
 ✓ Compiled /api/realtime in 337ms (1599 modules)
 ✓ Compiled (1602 modules)
 GET /api/realtime 200 in 553ms
 GET /api/auth/session 200 in 796ms
 GET /api/notifications?limit=10 200 in 843ms
 GET /api/auth/session 200 in 150ms
 GET /api/notifications?limit=10 200 in 159ms
 GET /api/realtime 200 in 197ms
 GET /api/realtime 200 in 139ms
 GET /api/auth/session 200 in 153ms
 GET /api/notifications?limit=10 200 in 168ms
 GET /api/realtime 200 in 44ms
 GET /api/auth/session 200 in 154ms
 GET /api/notifications?limit=10 200 in 129ms
 GET /api/realtime 200 in 159ms
 GET /api/auth/session 200 in 120ms
 GET /api/realtime 200 in 122ms
 GET /api/auth/session 200 in 105ms
 GET /api/realtime 200 in 127ms
 GET /api/realtime 200 in 83ms
 GET /api/realtime 200 in 82ms
 GET /api/realtime 200 in 77ms
 GET /api/realtime 200 in 87ms
 GET /api/realtime 200 in 111ms
 GET /api/realtime 200 in 77ms
 GET /api/realtime 200 in 87ms
 GET /api/realtime 200 in 77ms
 GET /api/realtime 200 in 76ms
 GET /api/realtime 200 in 83ms
 GET /api/realtime 200 in 77ms
 GET /api/realtime 200 in 84ms
 GET /api/realtime 200 in 76ms
 GET /api/realtime 200 in 80ms
 GET /api/realtime 200 in 77ms
 GET /api/realtime 200 in 72ms
 GET /api/realtime 200 in 84ms
 GET /api/realtime 200 in 74ms
 GET /api/realtime 200 in 80ms
 GET /api/realtime 200 in 75ms
 GET /api/realtime 200 in 79ms
 GET /api/realtime 200 in 81ms
 GET /api/realtime 200 in 89ms
 GET /api/realtime 200 in 79ms
 GET /api/realtime 200 in 76ms
 GET /api/realtime 200 in 139ms
 GET /api/realtime 200 in 84ms
 GET /api/realtime 200 in 82ms
 GET /api/realtime 200 in 74ms
 GET /api/realtime 200 in 83ms
 GET /api/realtime 200 in 80ms
 GET /api/realtime 200 in 78ms
 GET /api/realtime 200 in 97ms
 GET /api/realtime 200 in 84ms
 GET /api/realtime 200 in 99ms
 GET /api/realtime 200 in 81ms
 GET /api/realtime 200 in 75ms
 GET /api/realtime 200 in 78ms
 GET /api/realtime 200 in 78ms
 GET /api/realtime 200 in 80ms
 GET /api/realtime 200 in 112ms
 GET /api/realtime 200 in 198ms
 GET /api/realtime 200 in 82ms
 GET /api/realtime 200 in 72ms
 GET /api/realtime 200 in 77ms
 GET /api/realtime 200 in 85ms
 GET /api/realtime 200 in 7001ms
 ○ Compiling /projects/[id] ...
 ✓ Compiled /projects/[id] in 4s (3462 modules)
 GET /equipment 200 in 5204ms
 GET /projects/new 200 in 5205ms
 GET /daily-reports 200 in 5269ms
 GET /meetings 200 in 5210ms
 GET /inspections 200 in 5212ms
 GET /settings 200 in 5211ms
 GET /safety 200 in 5284ms
 GET /rfis 200 in 5284ms
 GET /punch-lists 200 in 5276ms
 GET /documents 200 in 5219ms
 GET /submittals 200 in 5285ms
 GET /budget 200 in 5323ms
 GET /team 200 in 5238ms
 GET /reports 200 in 5245ms
 GET /projects 200 in 5247ms
 GET /company 200 in 5248ms
 GET /tasks 200 in 5253ms
 GET /projects/project-mall-renovation 200 in 5288ms
 GET /projects/project-riverside-homes 200 in 5292ms
 GET /projects/project-downtown-office 200 in 5293ms
 GET /api/realtime 200 in 298ms
 GET /api/notifications?limit=10 200 in 556ms
 GET /api/auth/session 200 in 562ms
 GET /api/realtime 200 in 839ms
 GET /api/realtime 200 in 857ms
 GET /api/realtime 200 in 675ms
 GET /api/realtime 200 in 706ms
 GET /api/realtime 200 in 694ms
 GET /api/realtime 200 in 547ms
 GET /api/realtime 200 in 792ms
 GET /api/notifications?limit=10 200 in 669ms
 GET /api/realtime 200 in 571ms
 GET /api/realtime 200 in 505ms
 GET /api/auth/session 200 in 615ms
 GET /api/realtime 200 in 550ms
 ○ Compiling /api/company/stats ...
 ✓ Compiled /api/company/stats in 1967ms (1915 modules)
 GET /api/realtime 200 in 3133ms
 GET /api/realtime 200 in 3148ms
 GET /api/realtime 200 in 3118ms
 GET /api/realtime 200 in 3119ms
 GET /api/realtime 200 in 3120ms
 GET /api/realtime 200 in 3120ms
 GET /api/realtime 200 in 3127ms
 GET /api/realtime 200 in 3132ms
 GET /api/realtime 200 in 3152ms
 GET /api/realtime 200 in 3624ms
 GET /api/realtime 200 in 2940ms
 GET /api/realtime 200 in 2693ms
 GET /api/realtime 200 in 3003ms
 GET /api/realtime 200 in 3267ms
 GET /api/auth/session 200 in 2997ms
 GET /api/notifications?limit=10 200 in 3212ms
 GET /api/realtime 200 in 3236ms
 GET /api/realtime 200 in 3040ms
 GET /api/realtime 200 in 3220ms
 GET /api/realtime 200 in 3233ms
 GET /api/realtime 200 in 2458ms
 GET /api/realtime 200 in 2927ms
 GET /api/realtime 200 in 2402ms
 GET /api/realtime 200 in 2928ms
 GET /api/realtime 200 in 301ms
 GET /api/realtime 200 in 2768ms
 GET /api/realtime 200 in 382ms
 GET /api/realtime 200 in 383ms
 GET /api/realtime 200 in 394ms
 GET /api/realtime 200 in 384ms
 GET /api/realtime 200 in 385ms
 GET /api/realtime 200 in 235ms
 GET /api/realtime 200 in 238ms
 GET /api/realtime 200 in 2908ms
 GET /api/realtime 200 in 237ms
 GET /api/realtime 200 in 290ms
 GET /api/realtime 200 in 267ms
 GET /api/realtime 200 in 266ms
 GET /api/realtime 200 in 269ms
 GET /api/realtime 200 in 268ms
 GET /api/auth/session 200 in 353ms
 GET /api/realtime 200 in 315ms
 GET /api/notifications?limit=10 200 in 392ms
 GET /api/realtime 200 in 430ms
 GET /api/realtime 200 in 443ms
 GET /api/realtime 200 in 436ms
 GET /api/realtime 200 in 507ms
 GET /api/realtime 200 in 615ms
 GET /api/realtime 200 in 491ms
 GET /api/realtime 200 in 499ms
 GET /api/realtime 200 in 427ms
 GET /api/realtime 200 in 533ms
 GET /api/realtime 200 in 688ms
 GET /api/realtime 200 in 682ms
 GET /api/realtime 200 in 834ms
 GET /api/realtime 200 in 685ms
 GET /api/auth/session 200 in 611ms
 GET /api/realtime 200 in 1021ms
 GET /api/notifications?limit=10 200 in 782ms
 GET /api/realtime 200 in 678ms
 GET /api/realtime 200 in 681ms
 GET /api/realtime 200 in 685ms
 GET /api/realtime 200 in 853ms
 GET /api/realtime 200 in 695ms
 GET /api/realtime 200 in 772ms
 GET /api/realtime 200 in 697ms
 GET /api/realtime 200 in 698ms
 GET /api/realtime 200 in 680ms
 GET /api/realtime 200 in 689ms
 GET /api/realtime 200 in 917ms
 GET /api/realtime 200 in 698ms
 GET /api/realtime 200 in 6397ms
 GET /api/notifications?limit=10 200 in 536ms
 GET /api/realtime 200 in 465ms
 GET /api/realtime 200 in 6428ms
 GET /api/realtime 200 in 6348ms
 GET /api/realtime 200 in 6349ms
 GET /api/auth/session 200 in 761ms
 GET /api/realtime 200 in 1069ms
 GET /api/realtime 200 in 511ms
 GET /api/realtime 200 in 522ms
 GET /api/realtime 200 in 515ms
 GET /api/realtime 200 in 447ms
 GET /api/realtime 200 in 457ms
 GET /api/realtime 200 in 467ms
 GET /api/realtime 200 in 6257ms
 GET /api/realtime 200 in 393ms
 GET /api/realtime 200 in 6541ms
 GET /api/realtime 200 in 6647ms
 GET /api/realtime 200 in 6360ms
 GET /api/realtime 200 in 326ms
 GET /api/realtime 200 in 6591ms
 GET /api/realtime 200 in 5355ms
 GET /api/realtime 200 in 386ms
 GET /api/realtime 200 in 5926ms
 GET /api/realtime 200 in 5559ms
 GET /api/realtime 200 in 394ms
 GET /api/realtime 200 in 416ms
 GET /api/realtime 200 in 6313ms
 GET /api/notifications?limit=10 200 in 572ms
 GET /api/notifications?limit=10 200 in 573ms
 GET /api/notifications?limit=10 200 in 574ms
 GET /api/notifications?limit=10 200 in 574ms
 GET /api/auth/session 200 in 551ms
 GET /api/auth/session 200 in 553ms
 GET /api/auth/session 200 in 548ms
 GET /api/auth/session 200 in 548ms
 GET /api/auth/session 200 in 550ms
 GET /api/auth/session 200 in 551ms
 GET /api/realtime 200 in 433ms
 GET /api/realtime 200 in 69ms
 GET /api/realtime 200 in 73ms
 GET /api/realtime 200 in 75ms
 GET /api/realtime 200 in 90ms
 GET /api/realtime 200 in 86ms
 GET /api/realtime 200 in 81ms
 GET /api/realtime 200 in 77ms
 GET /api/realtime 200 in 83ms
 GET /api/realtime 200 in 92ms
 GET /api/realtime 200 in 126ms
 GET /api/realtime 200 in 76ms
 GET /api/realtime 200 in 83ms
 GET /api/realtime 200 in 75ms
 GET /api/realtime 200 in 73ms
 GET /api/realtime 200 in 7978ms
 ○ Compiling /change-orders ...
 ✓ Compiled /change-orders in 3.4s (3543 modules)
 GET /change-orders 200 in 3771ms
 GET /company/usage 200 in 3797ms
 GET /company/invitations 200 in 3798ms
 GET /company/settings 307 in 3780ms
 GET /company/team 200 in 3799ms
 GET /dashboard 200 in 209ms
 ○ Compiling /api/company/invitations ...
 ✓ Compiled /api/company/invitations in 837ms (1968 modules)
 GET /api/realtime 200 in 1266ms
 GET /api/realtime 200 in 985ms
 GET /api/auth/session 200 in 1668ms
 GET /api/notifications?limit=10 200 in 1672ms
 GET /api/company/invitations? 200 in 1702ms
 GET /api/realtime 200 in 121ms
 GET /api/auth/session 200 in 188ms
 GET /api/realtime 200 in 223ms
 GET /api/company/invitations? 200 in 195ms
 GET /api/notifications?limit=10 200 in 195ms
 GET /api/realtime 200 in 127ms
 GET /api/realtime 200 in 219ms
 GET /api/auth/session 200 in 209ms
 GET /api/notifications?limit=10 200 in 232ms
 GET /api/company/invitations? 200 in 253ms
 GET /api/realtime 200 in 211ms
 GET /api/auth/session 200 in 217ms
 GET /api/notifications?limit=10 200 in 258ms
 GET /api/realtime 200 in 270ms
 GET /api/company/invitations? 200 in 241ms
 GET /api/realtime 200 in 295ms
 GET /api/auth/session 200 in 197ms
 GET /api/notifications?limit=10 200 in 193ms
 GET /api/realtime 200 in 174ms
 GET /api/realtime 200 in 239ms
 GET /api/auth/session 200 in 95ms
 GET /api/notifications?limit=10 200 in 113ms
 GET /api/realtime 200 in 109ms
 GET /api/realtime 200 in 109ms
 GET /api/auth/session 200 in 85ms
 GET /api/notifications?limit=10 200 in 89ms
 GET /api/realtime 200 in 129ms
 GET /api/auth/session 200 in 221ms
 GET /api/notifications?limit=10 200 in 226ms
 GET /api/realtime 200 in 225ms
 GET /api/realtime 200 in 248ms
 GET /api/auth/session 200 in 151ms
 GET /api/realtime 200 in 166ms
 GET /api/realtime 200 in 156ms
 GET /api/auth/session 200 in 188ms
 GET /api/realtime 200 in 228ms
 GET /api/realtime 200 in 130ms
 GET /api/auth/session 200 in 95ms
 GET /api/realtime 200 in 123ms
 GET /api/realtime 200 in 133ms
 GET /api/auth/session 200 in 146ms
 GET /api/realtime 200 in 115ms
 GET /api/auth/session 200 in 84ms
 GET /api/realtime 200 in 228ms
 GET /api/realtime 200 in 176ms
 GET /api/realtime 200 in 187ms
 GET /api/auth/session 200 in 164ms
 GET /api/realtime 200 in 116ms
 GET /api/realtime 200 in 161ms
 GET /api/auth/session 200 in 140ms
 GET /api/realtime 200 in 100ms
 GET /api/realtime 200 in 188ms
 GET /api/auth/session 200 in 174ms
 GET /api/realtime 200 in 176ms
 GET /api/auth/session 200 in 112ms
 GET /api/realtime 200 in 164ms
 GET /api/realtime 200 in 121ms
 GET /api/realtime 200 in 181ms
 GET /api/auth/session 200 in 158ms
 GET /api/realtime 200 in 186ms
 GET /api/auth/session 200 in 122ms
 GET /api/realtime 200 in 181ms
 GET /api/realtime 200 in 167ms
 GET /api/realtime 200 in 95ms
 GET /api/realtime 200 in 103ms
 GET /api/realtime 200 in 111ms
 GET /api/realtime 200 in 92ms
 GET /api/realtime 200 in 90ms
 GET /api/realtime 200 in 92ms
 GET /api/realtime 200 in 81ms
 GET /api/realtime 200 in 95ms
 GET /api/realtime 200 in 90ms
 GET /api/realtime 200 in 94ms
 GET /api/realtime 200 in 92ms
 GET /api/realtime 200 in 97ms
 GET /api/realtime 200 in 88ms
 GET /api/realtime 200 in 137ms
 GET /api/realtime 200 in 128ms
 GET /api/realtime 200 in 110ms
 GET /api/realtime 200 in 117ms
 GET /api/realtime 200 in 111ms
 GET /api/realtime 200 in 108ms
 GET /api/realtime 200 in 99ms
 GET /api/realtime 200 in 337ms
 GET /api/realtime 200 in 6697ms
 GET /api/realtime 200 in 119ms
 GET /api/realtime 200 in 81ms
 GET /api/realtime 200 in 82ms
 GET /api/realtime 200 in 6949ms
 GET /api/realtime 200 in 41ms
[?25h
