  ▲ Next.js 14.2.28
  - Local:        http://localhost:3000
  - Environments: .env
  - Experiments (use with caution):
    · outputFileTracingRoot

 ✓ Starting...
 ✓ Ready in 1718ms
 ○ Compiling / ...
 ✓ Compiled / in 2.3s (596 modules)
 GET / 200 in 2503ms
 ✓ Compiled in 431ms (296 modules)
 ✓ Compiled /api/auth/[...nextauth] in 446ms (541 modules)
 GET /api/auth/providers 200 in 920ms
 GET / 200 in 90ms
 GET /api/auth/session 200 in 45ms
 GET /api/auth/session 200 in 32ms
 ○ Compiling /signup ...
 ✓ Compiled /signup in 914ms (881 modules)
 GET /login 200 in 1078ms
 GET /signup 200 in 1066ms
 GET /api/auth/session 200 in 57ms
 GET /api/auth/session 200 in 32ms
 GET /api/auth/session 200 in 31ms
 GET /api/auth/session 200 in 32ms
 GET /api/auth/session 200 in 30ms
 GET /api/auth/csrf 200 in 48ms
 ✓ Compiled /api/signup in 180ms (597 modules)
 POST /api/signup 200 in 634ms
 GET / 200 in 73ms
 GET /api/auth/signin 302 in 54ms
 GET /login?callbackUrl=https://267ef8e6d.preview.abacusai.app 200 in 50ms
 GET /api/auth/csrf 200 in 31ms
 POST /api/auth/callback/credentials 302 in 327ms
 ✓ Compiled /middleware in 189ms (174 modules)
 ○ Compiling /dashboard ...
 ✓ Compiled /dashboard in 2.2s (2827 modules)
 GET /dashboard 200 in 2509ms
 GET / 200 in 62ms
 GET /dashboard 200 in 72ms
 GET /api/auth/session 200 in 69ms
 GET /api/auth/session 200 in 45ms
 ✓ Compiled /api/realtime in 345ms (1565 modules)
 ✓ Compiled (1568 modules)
 GET /api/realtime 200 in 709ms
 GET /api/realtime 200 in 674ms
 GET /api/realtime 200 in 741ms
 GET /api/auth/session 200 in 695ms
 GET /api/notifications?limit=10 200 in 758ms
 GET /api/notifications?limit=10 200 in 72ms
 GET /api/auth/session 200 in 79ms
 GET /api/notifications?limit=10 200 in 60ms
 GET /api/auth/session 200 in 51ms
 GET /api/realtime 200 in 62ms
 GET /api/notifications?limit=10 200 in 66ms
 GET /api/realtime 200 in 72ms
 GET /api/realtime 200 in 46ms
 ○ Compiling /settings ...
 ✓ Compiled /settings in 2.3s (3237 modules)
 GET /change-orders 200 in 3184ms
 GET /daily-reports 200 in 3179ms
 GET /reports 200 in 3187ms
 GET /projects/new 200 in 3143ms
 GET /submittals 200 in 3192ms
 GET /safety 200 in 3192ms
 GET /settings 200 in 3150ms
 GET /tasks 200 in 3151ms
 GET /documents 200 in 3151ms
 GET /team 200 in 3156ms
 GET /rfis 200 in 3195ms
 GET /projects 200 in 3157ms
 GET /api/notifications?limit=10 200 in 144ms
 GET /api/realtime 200 in 305ms
 GET /api/auth/session 200 in 322ms
 GET /api/realtime 200 in 309ms
 GET /api/realtime 200 in 290ms
 GET /api/notifications?limit=10 200 in 327ms
 GET /api/realtime 200 in 234ms
 GET /api/realtime 200 in 236ms
 GET /api/realtime 200 in 302ms
 GET /api/realtime 200 in 259ms
 GET /api/realtime 200 in 159ms
 GET /api/auth/session 200 in 152ms
 GET /api/notifications?limit=10 200 in 168ms
 GET /api/realtime 200 in 157ms
 GET /api/realtime 200 in 153ms
 GET /api/realtime 200 in 162ms
 GET /api/auth/session 200 in 166ms
 GET /api/notifications?limit=10 200 in 182ms
 GET /api/realtime 200 in 192ms
 GET /api/realtime 200 in 141ms
 GET /api/realtime 200 in 135ms
 GET /api/auth/session 200 in 121ms
 GET /api/notifications?limit=10 200 in 171ms
 GET /api/auth/session 200 in 215ms
 GET /api/notifications?limit=10 200 in 193ms
 GET /api/auth/session 200 in 123ms
 GET /api/notifications?limit=10 200 in 125ms
 GET /api/realtime 200 in 110ms
 GET /api/auth/session 200 in 159ms
 GET /api/notifications?limit=10 200 in 147ms
 GET /api/realtime 200 in 141ms
 GET /api/auth/session 200 in 125ms
 GET /api/notifications?limit=10 200 in 124ms
 GET /api/auth/session 200 in 171ms
 GET /api/realtime 200 in 170ms
 GET /api/notifications?limit=10 200 in 184ms
 GET /api/auth/session 200 in 125ms
 GET /api/realtime 200 in 122ms
 GET /api/notifications?limit=10 200 in 135ms
 GET /api/realtime 200 in 148ms
 GET /api/auth/session 200 in 223ms
 GET /api/notifications?limit=10 200 in 215ms
 GET /api/realtime 200 in 125ms
 GET /api/auth/session 200 in 140ms
 GET /api/notifications?limit=10 200 in 140ms
 GET /api/notifications?limit=10 200 in 117ms
 GET /api/auth/session 200 in 145ms
 GET /api/auth/session 200 in 103ms
 GET /api/notifications?limit=10 200 in 131ms
 GET /api/auth/session 200 in 141ms
 GET /api/notifications?limit=10 200 in 176ms
 GET /api/auth/session 200 in 113ms
 GET /api/notifications?limit=10 200 in 125ms
 GET /api/auth/session 200 in 132ms
 GET /api/notifications?limit=10 200 in 135ms
 GET /api/auth/session 200 in 145ms
 GET /api/notifications?limit=10 200 in 137ms
 GET /api/realtime 200 in 140ms
 GET /api/auth/session 200 in 145ms
 GET /api/notifications?limit=10 200 in 172ms
 GET /api/notifications?limit=10 200 in 107ms
 GET /api/auth/session 200 in 109ms
 GET /api/realtime 200 in 117ms
 GET /api/notifications?limit=10 200 in 141ms
 GET /api/realtime 200 in 103ms
 GET /api/auth/session 200 in 146ms
 GET /api/notifications?limit=10 200 in 174ms
 GET /api/realtime 200 in 164ms
 GET /api/auth/session 200 in 107ms
 GET /api/realtime 200 in 144ms
 GET /api/realtime 200 in 136ms
 GET /api/realtime 200 in 124ms
 GET /api/notifications?limit=10 200 in 140ms
 GET /api/realtime 200 in 114ms
 GET /api/auth/session 200 in 148ms
 GET /api/notifications?limit=10 200 in 193ms
 GET /api/auth/session 200 in 116ms
 GET /api/notifications?limit=10 200 in 127ms
 GET /api/auth/session 200 in 150ms
 GET /api/auth/session 200 in 106ms
 GET /api/notifications?limit=10 200 in 119ms
 GET /api/realtime 200 in 137ms
 GET /api/realtime 200 in 189ms
 GET /api/auth/session 200 in 187ms
 GET /api/notifications?limit=10 200 in 252ms
 GET /api/auth/session 200 in 212ms
 GET /api/notifications?limit=10 200 in 286ms
 GET /api/auth/session 200 in 283ms
 GET /api/notifications?limit=10 200 in 274ms
 GET /api/auth/session 200 in 179ms
 GET /api/notifications?limit=10 200 in 156ms
 GET /api/auth/session 200 in 146ms
 GET /api/notifications?limit=10 200 in 143ms
 GET /api/realtime 200 in 155ms
 GET /api/realtime 200 in 149ms
 GET /api/realtime 200 in 150ms
 GET /api/auth/session 200 in 165ms
 GET /api/auth/session 200 in 115ms
 GET /api/notifications?limit=10 200 in 146ms
 GET /api/realtime 200 in 106ms
 GET /api/realtime 200 in 107ms
 GET /api/realtime 200 in 127ms
 GET /api/realtime 200 in 128ms
 GET /api/realtime 200 in 129ms
 GET /api/realtime 200 in 90ms
 GET /api/auth/session 200 in 136ms
 GET /api/realtime 200 in 137ms
 GET /api/notifications?limit=10 200 in 150ms
 GET /api/auth/session 200 in 127ms
 GET /api/auth/session 200 in 128ms
 GET /api/auth/session 200 in 86ms
 GET /api/auth/session 200 in 38ms
 GET /api/auth/session 200 in 36ms
 GET /api/auth/session 200 in 35ms
 GET /api/realtime 200 in 42ms
 ○ Compiling /projects/[id] ...
 ✓ Compiled /projects/[id] in 940ms (3246 modules)
 GET /projects/project-riverside-homes 200 in 1468ms
 GET /projects/project-mall-renovation 200 in 1468ms
 GET /projects/project-downtown-office 200 in 1459ms
 GET /api/notifications?limit=10 200 in 67ms
 GET /api/realtime 200 in 84ms
 GET /api/realtime 200 in 92ms
 GET /api/auth/session 200 in 122ms
 GET /api/realtime 200 in 130ms
 GET /api/realtime 200 in 129ms
 GET /api/realtime 200 in 146ms
 GET /api/realtime 200 in 145ms
 GET /api/notifications?limit=10 200 in 137ms
 GET /api/auth/session 200 in 66ms
 GET /api/notifications?limit=10 200 in 79ms
 GET /api/auth/session 200 in 99ms
 GET /api/realtime 200 in 88ms
 GET /api/realtime 200 in 74ms
 GET /api/realtime 200 in 65ms
 GET /api/notifications?limit=10 200 in 81ms
 GET /api/auth/session 200 in 89ms
 GET /api/realtime 200 in 85ms
 GET /api/notifications?limit=10 200 in 81ms
 GET /api/auth/session 200 in 75ms
 GET /api/notifications?limit=10 200 in 71ms
 GET /api/auth/session 200 in 70ms
 GET /api/notifications?limit=10 200 in 84ms
 GET /api/auth/session 200 in 68ms
 GET /api/notifications?limit=10 200 in 96ms
 GET /api/auth/session 200 in 67ms
 GET /api/notifications?limit=10 200 in 81ms
 GET /api/realtime 200 in 56ms
 GET /api/notifications?limit=10 200 in 71ms
 GET /api/realtime 200 in 75ms
 GET /api/notifications?limit=10 200 in 57ms
 GET /api/realtime 200 in 59ms
 GET /api/notifications?limit=10 200 in 59ms
 GET /api/realtime 200 in 78ms
 GET /api/realtime 200 in 30356ms
 GET /api/realtime 200 in 30070ms
 GET /api/realtime 200 in 30063ms
 GET /api/realtime 200 in 30063ms
 GET /api/realtime 200 in 30057ms
 GET /api/realtime 200 in 30044ms
 GET /api/realtime 200 in 30046ms
 GET /api/realtime 200 in 30046ms
 GET /api/realtime 200 in 52ms
 GET /api/realtime 200 in 30043ms
 GET /api/realtime 200 in 49ms
 GET /api/realtime 200 in 29432ms
 GET /api/realtime 200 in 28351ms
 GET /api/realtime 200 in 28276ms
 GET /api/realtime 200 in 29349ms
 GET /api/realtime 200 in 28851ms
 GET /api/realtime 200 in 28602ms
 GET /api/realtime 200 in 28776ms
 GET /api/realtime 200 in 19630ms
 GET /api/realtime 200 in 19238ms
 GET /api/realtime 200 in 26278ms
 GET /api/realtime 200 in 25474ms
 GET /api/realtime 200 in 24707ms
 GET /api/realtime 200 in 28934ms
 GET /api/realtime 200 in 19336ms
 GET /api/realtime 200 in 28692ms
 GET /api/realtime 200 in 26783ms
 GET /api/realtime 200 in 29629ms
 GET /api/realtime 200 in 25872ms
 GET /api/realtime 200 in 26938ms
 GET /api/realtime 200 in 29269ms
 GET /api/realtime 200 in 25643ms
 GET /api/realtime 200 in 20066ms
 GET /api/realtime 200 in 27725ms
 GET /api/realtime 200 in 26675ms
 GET /api/realtime 200 in 19722ms
 GET /api/realtime 200 in 26363ms
 GET /api/realtime 200 in 26439ms
 GET /api/realtime 200 in 27175ms
 GET /api/realtime 200 in 19818ms
 GET /api/realtime 200 in 28213ms
 GET /api/realtime 200 in 27572ms
 GET /api/realtime 200 in 25956ms
 GET /api/realtime 200 in 27102ms
 GET /api/realtime 200 in 27899ms
 GET /api/realtime 200 in 16874ms
 GET /api/realtime 200 in 16717ms
 GET /api/realtime 200 in 18250ms
 GET /api/realtime 200 in 17185ms
 GET /api/realtime 200 in 17932ms
 GET /api/realtime 200 in 17341ms
 GET /api/realtime 200 in 17189ms
 GET /api/realtime 200 in 17188ms
 GET /api/realtime 200 in 16536ms
 GET /api/realtime 200 in 18811ms
 GET /api/realtime 200 in 17035ms
 GET /api/realtime 200 in 18514ms
 GET /api/realtime 200 in 17833ms
 GET /api/realtime 200 in 17990ms
 GET /api/realtime 200 in 18911ms
 GET /api/realtime 200 in 17990ms
 GET /api/realtime 200 in 18328ms
 GET /api/realtime 200 in 18142ms
 GET /api/realtime 200 in 18515ms
 GET /api/realtime 200 in 17844ms
 GET /api/realtime 200 in 19061ms
 GET /api/realtime 200 in 17567ms
 GET /api/realtime 200 in 17692ms
 GET /api/realtime 200 in 18339ms
 GET /api/realtime 200 in 25038ms
 GET /api/realtime 200 in 17792ms
 GET /api/realtime 200 in 17848ms
 GET /api/realtime 200 in 16833ms
 GET /api/realtime 200 in 17694ms
 GET /api/realtime 200 in 19153ms
 GET /api/realtime 200 in 17150ms
 GET /api/realtime 200 in 18061ms
 GET /api/realtime 200 in 18920ms
 GET /api/realtime 200 in 19625ms
 GET /api/realtime 200 in 27433ms
 GET /api/realtime 200 in 17286ms
 GET /api/realtime 200 in 19313ms
 GET /api/realtime 200 in 17648ms
 GET /api/realtime 200 in 18454ms
 GET /api/realtime 200 in 19614ms
 GET /api/realtime 200 in 18903ms
 GET /api/realtime 200 in 17201ms
 GET /api/realtime 200 in 18758ms
 GET /api/realtime 200 in 18757ms
 GET /api/realtime 200 in 19517ms
 GET /api/realtime 200 in 17881ms
 GET /api/realtime 200 in 18829ms
 GET /api/realtime 200 in 17578ms
 GET /api/realtime 200 in 18760ms
 GET /api/realtime 200 in 19111ms
 GET /api/realtime 200 in 19569ms
 GET /api/realtime 200 in 18761ms
 GET /api/realtime 200 in 28085ms
 GET /api/realtime 200 in 27678ms
 GET /api/realtime 200 in 19127ms
 GET /api/realtime 200 in 18882ms
 GET /api/realtime 200 in 18736ms
 GET /api/realtime 200 in 18599ms
 GET /api/realtime 200 in 18883ms
 GET /api/realtime 200 in 18724ms
 GET /api/realtime 200 in 19455ms
 GET /api/realtime 200 in 19403ms
 GET /api/realtime 200 in 18929ms
 GET /api/realtime 200 in 19323ms
 GET /api/realtime 200 in 17618ms
 GET /api/realtime 200 in 18225ms
 GET /api/realtime 200 in 18602ms
 GET /api/realtime 200 in 18159ms
 GET /api/realtime 200 in 18766ms
 GET /api/realtime 200 in 17582ms
 GET /api/realtime 200 in 17955ms
 GET /api/realtime 200 in 18766ms
 GET /api/realtime 200 in 18407ms
 GET /api/realtime 200 in 18407ms
 GET /api/realtime 200 in 19677ms
 GET /api/realtime 200 in 19133ms
 GET /api/realtime 200 in 28016ms
 GET /api/realtime 200 in 19759ms
 GET /api/realtime 200 in 19226ms
 GET /api/realtime 200 in 25433ms
 GET /api/realtime 200 in 19579ms
 GET /api/realtime 200 in 25179ms
 GET /api/realtime 200 in 19678ms
 GET /api/realtime 200 in 25839ms
 GET /api/realtime 200 in 25600ms
 GET /api/realtime 200 in 18223ms
 GET /api/realtime 200 in 18654ms
 GET /api/realtime 200 in 19280ms
 GET /api/realtime 200 in 27378ms
 GET /api/realtime 200 in 19107ms
 GET /api/realtime 200 in 18727ms
 GET /api/realtime 200 in 26564ms
 GET /api/realtime 200 in 26903ms
 GET /api/realtime 200 in 26166ms
 GET /api/realtime 200 in 18080ms
 GET /api/realtime 200 in 18894ms
 GET /api/realtime 200 in 20170ms
 GET /api/realtime 200 in 29844ms
 GET /api/realtime 200 in 26077ms
 GET /api/realtime 200 in 19236ms
 GET /api/realtime 200 in 24828ms
 GET /api/realtime 200 in 19167ms
 GET /api/realtime 200 in 26250ms
 GET /api/realtime 200 in 19505ms
 GET /api/realtime 200 in 29564ms
 GET /api/realtime 200 in 18417ms
 GET /api/realtime 200 in 26645ms
 GET /api/realtime 200 in 19534ms
 GET /api/realtime 200 in 27306ms
 GET /api/realtime 200 in 19257ms
 GET /api/realtime 200 in 18942ms
 GET /api/realtime 200 in 19863ms
 GET /api/realtime 200 in 19144ms
 GET /api/realtime 200 in 18943ms
 GET /api/realtime 200 in 27069ms
 GET /api/realtime 200 in 24987ms
 GET /api/realtime 200 in 25286ms
 GET /api/realtime 200 in 28585ms
 GET /api/realtime 200 in 29083ms
 GET /api/realtime 200 in 28510ms
 GET /api/realtime 200 in 19832ms
 GET /api/realtime 200 in 27539ms
 GET /api/realtime 200 in 19474ms
 GET /api/realtime 200 in 29244ms
 GET /api/realtime 200 in 19867ms
 GET /api/realtime 200 in 14404ms
 GET /api/realtime 200 in 12684ms
 GET /api/realtime 200 in 1976ms
 GET /api/realtime 200 in 11209ms
 GET /api/realtime 200 in 5115ms
 GET /api/realtime 200 in 18395ms
 GET /api/realtime 200 in 3505ms
 GET /api/realtime 200 in 15043ms
 GET /api/realtime 200 in 2240ms
 GET /api/realtime 200 in 5061ms
 GET /api/realtime 200 in 6638ms
 GET /api/realtime 200 in 2645ms
 GET /api/realtime 200 in 4662ms
 GET /api/realtime 200 in 3863ms
 GET /api/realtime 200 in 11371ms
 GET /api/realtime 200 in 5878ms
 GET /api/realtime 200 in 18207ms
 GET /api/realtime 200 in 15847ms
 GET /api/realtime 200 in 507ms
 GET /api/realtime 200 in 5543ms
 GET /api/realtime 200 in 1161ms
 GET /api/realtime 200 in 550ms
 GET /api/realtime 200 in 315ms
 GET /api/realtime 200 in 3427ms
 GET /api/realtime 200 in 9491ms
 GET /api/realtime 200 in 5373ms
 GET /api/realtime 200 in 2386ms
 GET /api/realtime 200 in 5631ms
 GET /api/realtime 200 in 1450ms
 GET /api/realtime 200 in 3597ms
 GET /api/realtime 200 in 2537ms
 GET /api/realtime 200 in 1314ms
 GET /api/realtime 200 in 3229ms
 GET /api/realtime 200 in 6658ms
 GET /api/realtime 200 in 12106ms
 GET /api/realtime 200 in 1942ms
 GET /api/realtime 200 in 3005ms
 GET /api/realtime 200 in 17956ms
 GET /api/realtime 200 in 1240ms
 GET /api/realtime 200 in 4403ms
 GET /api/realtime 200 in 2462ms
 GET /api/realtime 200 in 2217ms
 GET /api/realtime 200 in 15180ms
 GET /api/realtime 200 in 14978ms
 GET /api/realtime 200 in 6089ms
 GET /api/realtime 200 in 2308ms
 GET /api/realtime 200 in 17764ms
 GET /api/realtime 200 in 2683ms
 GET /api/realtime 200 in 4246ms
 GET /api/realtime 200 in 4311ms
 GET /api/realtime 200 in 3169ms
 GET /api/realtime 200 in 16308ms
 GET /api/realtime 200 in 10661ms
 GET /api/realtime 200 in 7080ms
 GET /api/realtime 200 in 14770ms
 GET /api/realtime 200 in 6465ms
 GET /api/realtime 200 in 5688ms
 GET /api/realtime 200 in 15859ms
 GET /api/realtime 200 in 5101ms
 GET /api/realtime 200 in 2558ms
 GET /api/realtime 200 in 6691ms
 GET /api/realtime 200 in 13933ms
 GET /api/realtime 200 in 5529ms
 GET /api/realtime 200 in 18594ms
 GET /api/realtime 200 in 6074ms
 GET /api/realtime 200 in 4993ms
 GET /api/realtime 200 in 2073ms
 GET /api/realtime 200 in 5499ms
 GET /api/realtime 200 in 15861ms
 GET /api/realtime 200 in 4702ms
 GET /api/realtime 200 in 1830ms
 GET /api/realtime 200 in 4765ms
 GET /api/realtime 200 in 961ms
 GET /api/realtime 200 in 723ms
 GET /api/realtime 200 in 1372ms
 GET /api/realtime 200 in 3791ms
 GET /api/realtime 200 in 4173ms
 GET /api/realtime 200 in 17714ms
 GET /api/realtime 200 in 1088ms
 GET /api/realtime 200 in 3675ms
 GET /api/realtime 200 in 4340ms
 GET /api/realtime 200 in 19289ms
 GET /api/realtime 200 in 1071ms
 GET /api/realtime 200 in 13940ms
 GET /api/realtime 200 in 1365ms
 GET /api/realtime 200 in 2360ms
 GET /api/realtime 200 in 3704ms
 GET /api/realtime 200 in 15233ms
 GET /api/realtime 200 in 13630ms
 GET /api/realtime 200 in 14942ms
 GET /api/realtime 200 in 2956ms
 GET /api/realtime 200 in 14898ms
 GET /api/realtime 200 in 5058ms
 GET /api/realtime 200 in 1444ms
 GET /api/realtime 200 in 14713ms
 GET /api/realtime 200 in 601ms
 GET /api/realtime 200 in 14779ms
 GET /api/realtime 200 in 1586ms
 GET /api/realtime 200 in 413ms
 GET /api/realtime 200 in 4752ms
 GET /api/realtime 200 in 10177ms
 GET /api/realtime 200 in 4919ms
 GET /api/realtime 200 in 4060ms
 GET /api/realtime 200 in 271ms
 GET /api/realtime 200 in 6544ms
 GET /api/realtime 200 in 16033ms
 GET /api/realtime 200 in 15873ms
 GET /api/realtime 200 in 3292ms
 GET /api/realtime 200 in 2597ms
 GET /api/realtime 200 in 1924ms
 GET /api/realtime 200 in 9605ms
 GET /api/realtime 200 in 1560ms
 GET /api/realtime 200 in 1014ms
 GET /api/realtime 200 in 6921ms
 GET /api/realtime 200 in 4011ms
 GET /api/realtime 200 in 2768ms
 GET /api/realtime 200 in 11481ms
 GET /api/realtime 200 in 2803ms
 GET /api/realtime 200 in 10339ms
 GET /api/realtime 200 in 14828ms
 GET /api/realtime 200 in 1662ms
 GET /api/realtime 200 in 11975ms
 GET /api/realtime 200 in 14478ms
 GET /api/realtime 200 in 4395ms
 GET /api/realtime 200 in 1859ms
 GET /api/realtime 200 in 10509ms
 GET /api/realtime 200 in 9448ms
 GET /api/realtime 200 in 3873ms
 GET /api/realtime 200 in 15369ms
 GET /api/realtime 200 in 3576ms
 GET /api/realtime 200 in 18682ms
 GET /api/realtime 200 in 13956ms
 GET /api/realtime 200 in 27928ms
 GET /api/realtime 200 in 5463ms
 GET /api/realtime 200 in 13886ms
 GET /api/realtime 200 in 6042ms
 GET /api/realtime 200 in 15442ms
 GET /api/realtime 200 in 11834ms
 GET /api/realtime 200 in 15669ms
 GET /api/realtime 200 in 7046ms
 GET /api/realtime 200 in 1758ms
 GET /api/realtime 200 in 14365ms
 GET /api/realtime 200 in 16094ms
 GET /api/realtime 200 in 2906ms
 GET /api/realtime 200 in 12812ms
 GET /api/realtime 200 in 2037ms
 GET /api/realtime 200 in 5955ms
 GET /api/realtime 200 in 2940ms
 GET /api/realtime 200 in 16075ms
 GET /api/realtime 200 in 6827ms
 GET /api/realtime 200 in 10043ms
 GET /api/realtime 200 in 11675ms
 GET /api/realtime 200 in 10853ms
 GET /api/realtime 200 in 13759ms
 GET /api/realtime 200 in 13386ms
 GET /api/realtime 200 in 15464ms
 GET /api/realtime 200 in 688ms
 GET /api/realtime 200 in 1546ms
 GET /api/realtime 200 in 15302ms
 GET /api/realtime 200 in 14390ms
 GET /api/realtime 200 in 4991ms
 GET /api/realtime 200 in 3967ms
 GET /api/realtime 200 in 4324ms
 GET /api/realtime 200 in 11759ms
 GET /api/realtime 200 in 13784ms
 GET /api/realtime 200 in 1718ms
 GET /api/realtime 200 in 13731ms
 GET /api/realtime 200 in 15489ms
 GET /api/realtime 200 in 15383ms
 GET /api/realtime 200 in 12073ms
 GET /api/realtime 200 in 13486ms
 GET /api/realtime 200 in 4055ms
 GET /api/realtime 200 in 2524ms
 GET /api/realtime 200 in 408ms
 GET /api/realtime 200 in 2066ms
 GET /api/realtime 200 in 14924ms
 GET /api/realtime 200 in 217ms
 GET /api/realtime 200 in 855ms
 GET /api/realtime 200 in 4507ms
 GET /api/realtime 200 in 6229ms
 GET /api/realtime 200 in 6366ms
 GET /api/realtime 200 in 467ms
 GET /api/realtime 200 in 16872ms
 GET /api/realtime 200 in 3126ms
 GET /api/realtime 200 in 16905ms
 GET /api/realtime 200 in 12491ms
 GET /api/realtime 200 in 1241ms
 GET /api/realtime 200 in 1014ms
 GET /api/realtime 200 in 13734ms
 GET /api/realtime 200 in 10939ms
 GET /api/realtime 200 in 6231ms
 GET /api/realtime 200 in 7279ms
 GET /api/realtime 200 in 7060ms
 GET /api/realtime 200 in 10442ms
 GET /api/realtime 200 in 28265ms
 GET /api/realtime 200 in 13598ms
 GET /api/realtime 200 in 956ms
 GET /api/realtime 200 in 13524ms
 GET /api/realtime 200 in 17436ms
 GET /api/realtime 200 in 13906ms
 GET /api/realtime 200 in 6009ms
 GET /api/realtime 200 in 6800ms
 GET /api/realtime 200 in 15149ms
 GET /api/realtime 200 in 14896ms
 GET /api/realtime 200 in 3681ms
 GET /api/realtime 200 in 2488ms
 GET /api/realtime 200 in 9324ms
 GET /api/realtime 200 in 2893ms
 GET /api/realtime 200 in 4243ms
 GET /api/realtime 200 in 4695ms
 GET /api/realtime 200 in 2415ms
 GET /api/realtime 200 in 3242ms
 GET /api/realtime 200 in 4603ms
 GET /api/realtime 200 in 18451ms
 GET /api/realtime 200 in 5333ms
 GET /api/realtime 200 in 5774ms
 GET /api/realtime 200 in 15320ms
 GET /api/realtime 200 in 16953ms
 GET /api/realtime 200 in 3025ms
 GET /api/realtime 200 in 16535ms
 GET /api/realtime 200 in 16729ms
 GET /api/realtime 200 in 1803ms
 GET /api/realtime 200 in 12239ms
 GET /api/realtime 200 in 14397ms
 GET /api/realtime 200 in 2173ms
 GET /api/realtime 200 in 14671ms
 GET /api/realtime 200 in 12316ms
 GET /api/realtime 200 in 16034ms
 GET /api/realtime 200 in 6160ms
 GET /api/realtime 200 in 16317ms
 GET /api/realtime 200 in 6507ms
 GET /api/realtime 200 in 15790ms
 GET /api/realtime 200 in 3304ms
 GET /api/realtime 200 in 3514ms
 GET /api/realtime 200 in 13615ms
 GET /api/realtime 200 in 13986ms
 GET /api/realtime 200 in 4182ms
 GET /api/realtime 200 in 3090ms
 GET /api/realtime 200 in 4833ms
 GET /api/realtime 200 in 16099ms
 GET /api/realtime 200 in 5405ms
 GET /api/realtime 200 in 17601ms
 GET /api/realtime 200 in 3861ms
 GET /api/realtime 200 in 19572ms
 GET /api/realtime 200 in 13538ms
 GET /api/realtime 200 in 14756ms
 GET /api/realtime 200 in 14403ms
 GET /api/realtime 200 in 6350ms
 GET /api/realtime 200 in 13781ms
 GET /api/realtime 200 in 14833ms
 GET /api/realtime 200 in 15159ms
 GET /api/realtime 200 in 15706ms
 GET /api/realtime 200 in 18486ms
 GET /api/realtime 200 in 13044ms
 GET /api/realtime 200 in 17127ms
 GET /api/realtime 200 in 15160ms
 GET /api/realtime 200 in 13786ms
 GET /api/realtime 200 in 17280ms
 GET /api/realtime 200 in 14990ms
 GET /api/realtime 200 in 17166ms
 GET /api/realtime 200 in 15333ms
 GET /api/realtime 200 in 3955ms
 GET /api/realtime 200 in 19442ms
 GET /api/realtime 200 in 3193ms
 GET /api/realtime 200 in 17282ms
 GET /api/realtime 200 in 16552ms
 GET /api/realtime 200 in 6653ms
 GET /api/realtime 200 in 11037ms
 GET /api/realtime 200 in 18652ms
 GET /api/realtime 200 in 2779ms
 GET /api/realtime 200 in 3382ms
 GET /api/realtime 200 in 15525ms
 GET /api/realtime 200 in 3413ms
 GET /api/realtime 200 in 5078ms
 GET /api/realtime 200 in 15525ms
 GET /api/realtime 200 in 16329ms
 GET /api/realtime 200 in 11199ms
 GET /api/realtime 200 in 16371ms
 GET /api/realtime 200 in 11605ms
 GET /api/realtime 200 in 4171ms
 GET /api/realtime 200 in 6824ms
 GET /api/realtime 200 in 15715ms
 GET /api/realtime 200 in 17674ms
 GET /api/realtime 200 in 13616ms
 GET /api/realtime 200 in 2881ms
 GET /api/realtime 200 in 15714ms
 GET /api/realtime 200 in 5225ms
 GET /api/realtime 200 in 15121ms
 GET /api/realtime 200 in 10155ms
 GET /api/realtime 200 in 4289ms
 GET /api/realtime 200 in 19809ms
 GET /api/realtime 200 in 12984ms
 GET /api/realtime 200 in 2348ms
 GET /api/realtime 200 in 5929ms
 GET /api/realtime 200 in 16938ms
 GET /api/realtime 200 in 1194ms
 GET /api/realtime 200 in 9423ms
 GET /api/realtime 200 in 13731ms
 GET /api/realtime 200 in 13873ms
 GET /api/realtime 200 in 4034ms
 GET /api/realtime 200 in 16138ms
 GET /api/realtime 200 in 16609ms
 GET /api/realtime 200 in 5884ms
 GET /api/realtime 200 in 5317ms
 GET /api/realtime 200 in 5822ms
 GET /api/realtime 200 in 5651ms
 GET /api/realtime 200 in 10314ms
 GET /api/realtime 200 in 13984ms
 GET /api/realtime 200 in 1731ms
 GET /api/realtime 200 in 15261ms
 GET /api/realtime 200 in 3800ms
 GET /api/realtime 200 in 18143ms
 GET /api/realtime 200 in 13735ms
 GET /api/realtime 200 in 5349ms
 GET /api/realtime 200 in 14786ms
 GET /api/realtime 200 in 12626ms
 GET /api/realtime 200 in 12699ms
 GET /api/realtime 200 in 16522ms
 GET /api/realtime 200 in 422ms
 GET /api/realtime 200 in 13275ms
 GET /api/realtime 200 in 6650ms
 GET /api/realtime 200 in 17245ms
 GET /api/realtime 200 in 17538ms
 GET /api/realtime 200 in 6496ms
 GET /api/realtime 200 in 17240ms
 GET /api/realtime 200 in 10012ms
 GET /api/realtime 200 in 2177ms
 GET /api/realtime 200 in 16346ms
 GET /api/realtime 200 in 15645ms
 GET /api/realtime 200 in 15078ms
 GET /api/realtime 200 in 4900ms
 GET /api/realtime 200 in 5284ms
 GET /api/realtime 200 in 14703ms
 GET /api/realtime 200 in 16205ms
 GET /api/realtime 200 in 4578ms
 GET /api/realtime 200 in 15345ms
 GET /api/realtime 200 in 14499ms
 GET /api/realtime 200 in 13946ms
 GET /api/realtime 200 in 16386ms
 GET /api/realtime 200 in 890ms
 GET /api/realtime 200 in 15547ms
 GET /api/realtime 200 in 3574ms
 GET /api/realtime 200 in 15471ms
 GET /api/realtime 200 in 15982ms
 GET /api/realtime 200 in 16440ms
 GET /api/realtime 200 in 5015ms
 GET /api/realtime 200 in 17039ms
 GET /api/realtime 200 in 16563ms
 GET /api/realtime 200 in 4662ms
 GET /api/realtime 200 in 14791ms
 GET /api/realtime 200 in 16577ms
 GET /api/realtime 200 in 324ms
 GET /api/realtime 200 in 15671ms
 GET /api/realtime 200 in 13440ms
 GET /api/realtime 200 in 18491ms
 GET /api/realtime 200 in 16573ms
 GET /api/realtime 200 in 15944ms
 GET /api/realtime 200 in 18363ms
 GET /api/realtime 200 in 15945ms
 GET /api/realtime 200 in 18614ms
 GET /api/realtime 200 in 14976ms
 GET /api/realtime 200 in 15946ms
 GET /api/realtime 200 in 15551ms
 GET /api/realtime 200 in 16705ms
 GET /api/realtime 200 in 11390ms
 GET /api/realtime 200 in 19033ms
 GET /api/realtime 200 in 16400ms
 GET /api/realtime 200 in 16677ms
 GET /api/realtime 200 in 17997ms
 GET /api/realtime 200 in 15926ms
 GET /api/realtime 200 in 14549ms
 GET /api/realtime 200 in 16773ms
 GET /api/realtime 200 in 13142ms
 GET /api/realtime 200 in 16498ms
 GET /api/realtime 200 in 16630ms
 GET /api/realtime 200 in 5863ms
 GET /api/realtime 200 in 16159ms
 GET /api/realtime 200 in 6973ms
 GET /api/realtime 200 in 18105ms
 GET /api/realtime 200 in 16586ms
 GET /api/realtime 200 in 17555ms
 GET /api/realtime 200 in 14796ms
 GET /api/realtime 200 in 17164ms
 GET /api/realtime 200 in 19173ms
 GET /api/realtime 200 in 17166ms
 GET /api/realtime 200 in 15559ms
 GET /api/realtime 200 in 17085ms
 GET /api/realtime 200 in 15200ms
 GET /api/realtime 200 in 19678ms
 GET /api/realtime 200 in 16542ms
 GET /api/realtime 200 in 17863ms
 GET /api/realtime 200 in 16120ms
 GET /api/realtime 200 in 19904ms
 GET /api/realtime 200 in 5762ms
 GET /api/realtime 200 in 4965ms
 GET /api/realtime 200 in 15153ms
 GET /api/realtime 200 in 17010ms
 GET /api/realtime 200 in 14608ms
 GET /api/realtime 200 in 15371ms
 GET /api/realtime 200 in 1368ms
 GET /api/realtime 200 in 16781ms
 GET /api/realtime 200 in 734ms
 GET /api/realtime 200 in 15732ms
 GET /api/realtime 200 in 17005ms
 GET /api/realtime 200 in 17681ms
 GET /api/realtime 200 in 3214ms
 GET /api/realtime 200 in 19382ms
 GET /api/realtime 200 in 17367ms
 GET /api/realtime 200 in 16795ms
 GET /api/realtime 200 in 15563ms
 GET /api/realtime 200 in 18457ms
 GET /api/realtime 200 in 5419ms
 GET /api/realtime 200 in 14036ms
 GET /api/realtime 200 in 14887ms
 GET /api/realtime 200 in 15079ms
 GET /api/realtime 200 in 6092ms
 GET /api/realtime 200 in 16901ms
 GET /api/realtime 200 in 13829ms
 GET /api/realtime 200 in 18172ms
 GET /api/realtime 200 in 15754ms
 GET /api/realtime 200 in 17016ms
 GET /api/realtime 200 in 19979ms
 GET /api/realtime 200 in 12950ms
 GET /api/realtime 200 in 16719ms
 GET /api/realtime 200 in 17218ms
 GET /api/realtime 200 in 14915ms
 GET /api/realtime 200 in 18396ms
 GET /api/realtime 200 in 18120ms
 GET /api/realtime 200 in 20015ms
 GET /api/realtime 200 in 18324ms
 GET /api/realtime 200 in 5290ms
 GET /api/realtime 200 in 16414ms
 GET /api/realtime 200 in 14041ms
 GET /api/realtime 200 in 18769ms
 GET /api/realtime 200 in 14421ms
 GET /api/realtime 200 in 14874ms
 GET /api/realtime 200 in 20011ms
 GET /api/realtime 200 in 16458ms
 GET /api/realtime 200 in 15966ms
 GET /api/realtime 200 in 19492ms
 GET /api/realtime 200 in 16405ms
 GET /api/realtime 200 in 16787ms
 GET /api/realtime 200 in 18574ms
 GET /api/realtime 200 in 16300ms
 GET /api/realtime 200 in 9816ms
 GET /api/realtime 200 in 15043ms
 GET /api/realtime 200 in 25065ms
 GET /api/realtime 200 in 19503ms
 GET /api/realtime 200 in 13771ms
 GET /api/realtime 200 in 1709ms
 GET /api/realtime 200 in 18891ms
 GET /api/realtime 200 in 3478ms
 GET /api/realtime 200 in 18329ms
 GET /api/realtime 200 in 1894ms
 GET /api/realtime 200 in 13670ms
 GET /api/realtime 200 in 18330ms
 GET /api/realtime 200 in 17275ms
 GET /api/realtime 200 in 15970ms
 GET /api/realtime 200 in 16989ms
 GET /api/realtime 200 in 2271ms
 GET /api/realtime 200 in 15046ms
 GET /api/realtime 200 in 17625ms
 GET /api/realtime 200 in 15387ms
 GET /api/realtime 200 in 4563ms
 GET /api/realtime 200 in 16164ms
 GET /api/realtime 200 in 16164ms
 GET /api/realtime 200 in 17074ms
 GET /api/realtime 200 in 17763ms
 GET /api/realtime 200 in 16865ms
 GET /api/realtime 200 in 19943ms
 GET /api/realtime 200 in 16427ms
 GET /api/realtime 200 in 4654ms
 GET /api/realtime 200 in 18872ms
 GET /api/realtime 200 in 16088ms
 GET /api/realtime 200 in 19703ms
 GET /api/realtime 200 in 17700ms
 GET /api/realtime 200 in 16803ms
 GET /api/realtime 200 in 13603ms
 GET /api/realtime 200 in 17764ms
 GET /api/realtime 200 in 16019ms
 GET /api/realtime 200 in 17230ms
 GET /api/realtime 200 in 17391ms
 GET /api/realtime 200 in 13477ms
 GET /api/realtime 200 in 17732ms
 GET /api/realtime 200 in 18784ms
 GET /api/realtime 200 in 15306ms
 GET /api/realtime 200 in 18083ms
 GET /api/realtime 200 in 17545ms
 GET /api/realtime 200 in 19706ms
 GET /api/realtime 200 in 18715ms
 GET /api/realtime 200 in 17545ms
 GET /api/realtime 200 in 17179ms
 GET /api/realtime 200 in 29329ms
 GET /api/realtime 200 in 18716ms
 GET /api/realtime 200 in 18718ms
 GET /api/realtime 200 in 19708ms
 GET /api/realtime 200 in 17647ms
 GET /api/realtime 200 in 25940ms
 GET /api/realtime 200 in 7320ms
 GET /api/realtime 200 in 13679ms
 GET /api/realtime 200 in 15092ms
 GET /api/realtime 200 in 16936ms
 GET /api/realtime 200 in 16881ms
 GET /api/realtime 200 in 15183ms
 GET /api/realtime 200 in 18346ms
 GET /api/realtime 200 in 16876ms
 GET /api/realtime 200 in 18049ms
 GET /api/realtime 200 in 17589ms
 GET /api/realtime 200 in 17351ms
 GET /api/realtime 200 in 15780ms
 GET /api/realtime 200 in 17293ms
 GET /api/realtime 200 in 6458ms
 GET /api/realtime 200 in 16080ms
 GET /api/realtime 200 in 17596ms
 GET /api/realtime 200 in 16812ms
 GET /api/realtime 200 in 15019ms
 GET /api/realtime 200 in 18051ms
 GET /api/realtime 200 in 15633ms
 GET /api/realtime 200 in 19128ms
 GET /api/realtime 200 in 18143ms
 GET /api/realtime 200 in 17590ms
 GET /api/realtime 200 in 17592ms
 GET /api/realtime 200 in 15319ms
 GET /api/realtime 200 in 19861ms
 GET /api/realtime 200 in 14554ms
 GET /api/realtime 200 in 19311ms
 GET /api/realtime 200 in 17249ms
 GET /api/realtime 200 in 19597ms
 GET /api/realtime 200 in 16620ms
 GET /api/realtime 200 in 15927ms
 GET /api/realtime 200 in 19324ms
 GET /api/realtime 200 in 17792ms
 GET /api/realtime 200 in 18914ms
 GET /api/realtime 200 in 15875ms
 GET /api/realtime 200 in 18600ms
 GET /api/realtime 200 in 17244ms
 GET /api/realtime 200 in 17601ms
 GET /api/realtime 200 in 16162ms
 GET /api/realtime 200 in 16444ms
 GET /api/realtime 200 in 17904ms
 GET /api/realtime 200 in 16624ms
 GET /api/realtime 200 in 18923ms
 GET /api/realtime 200 in 15410ms
 GET /api/realtime 200 in 17887ms
 GET /api/realtime 200 in 19523ms
 GET /api/realtime 200 in 17014ms
 GET /api/realtime 200 in 16495ms
 GET /api/realtime 200 in 17537ms
 GET /api/realtime 200 in 25551ms
 GET /api/realtime 200 in 17404ms
 GET /api/realtime 200 in 18549ms
 GET /api/realtime 200 in 17157ms
 GET /api/realtime 200 in 17008ms
 GET /api/realtime 200 in 16159ms
 GET /api/realtime 200 in 18209ms
 GET /api/realtime 200 in 17054ms
 GET /api/realtime 200 in 16830ms
 GET /api/realtime 200 in 16629ms
 GET /api/realtime 200 in 15643ms
 GET /api/realtime 200 in 15883ms
 GET /api/realtime 200 in 17564ms
 GET /api/realtime 200 in 18211ms
 GET /api/realtime 200 in 18421ms
 GET /api/realtime 200 in 19088ms
 GET /api/realtime 200 in 17752ms
 GET /api/realtime 200 in 18854ms
 GET /api/realtime 200 in 16825ms
 GET /api/realtime 200 in 18654ms
 GET /api/realtime 200 in 10893ms
 GET /api/realtime 200 in 3549ms
 GET /api/realtime 200 in 4760ms
 GET /api/realtime 200 in 4990ms
 GET /api/realtime 200 in 5988ms
 GET /api/realtime 200 in 7345ms
 GET /api/realtime 200 in 11207ms
 GET /api/realtime 200 in 1629ms
 GET /api/realtime 200 in 1191ms
 GET /api/realtime 200 in 993ms
 GET /api/realtime 200 in 826ms
 GET /api/realtime 200 in 5616ms
 GET /api/realtime 200 in 17501ms
 GET /api/realtime 200 in 13895ms
 GET /api/realtime 200 in 10733ms
 GET /api/realtime 200 in 629ms
 GET /api/realtime 200 in 16184ms
 GET /api/realtime 200 in 1308ms
 GET /api/realtime 200 in 2077ms
 GET /api/realtime 200 in 5758ms
 GET /api/realtime 200 in 4232ms
 GET /api/realtime 200 in 702ms
 GET /api/realtime 200 in 18194ms
 GET /api/realtime 200 in 7037ms
 GET /api/realtime 200 in 19551ms
 GET /api/realtime 200 in 18508ms
 GET /api/realtime 200 in 5563ms
 GET /api/realtime 200 in 3728ms
 GET /api/realtime 200 in 2345ms
 GET /api/realtime 200 in 608ms
 GET /api/realtime 200 in 10010ms
 GET /api/realtime 200 in 12039ms
 GET /api/realtime 200 in 2020ms
 GET /api/realtime 200 in 1438ms
 GET /api/realtime 200 in 1553ms
 GET /api/realtime 200 in 3922ms
 GET /api/realtime 200 in 16324ms
 GET /api/realtime 200 in 12521ms
[?25h
