  ▲ Next.js 14.2.28
  - Local:        http://localhost:3000
  - Environments: .env
  - Experiments (use with caution):
    · outputFileTracingRoot

 ✓ Starting...
 ✓ Ready in 1931ms
 ○ Compiling / ...
 ✓ Compiled / in 2.1s (596 modules)
 GET / 200 in 2645ms
 ✓ Compiled in 501ms (296 modules)
 GET / 200 in 72ms
 GET / 200 in 56ms
 GET / 200 in 53ms
 ✓ Compiled /api/auth/[...nextauth] in 461ms (541 modules)
 GET /api/auth/session 200 in 950ms
 GET /api/auth/session 200 in 72ms
 GET / 200 in 100ms
 GET / 200 in 63ms
 GET / 200 in 75ms
[?25h
