  ▲ Next.js 14.2.28
  - Local:        http://localhost:3000
  - Environments: .env
  - Experiments (use with caution):
    · outputFileTracingRoot

 ✓ Starting...
 ✓ Ready in 2.1s
 ○ Compiling / ...
 ✓ Compiled / in 2.2s (611 modules)
 ✓ Compiled in 617ms (297 modules)
 GET / 200 in 2834ms
 GET / 200 in 106ms
 GET / 200 in 88ms
 GET / 200 in 81ms
 ✓ Compiled /api/auth/[...nextauth] in 464ms (555 modules)
 GET /api/auth/session 200 in 943ms
 GET /api/auth/session 200 in 71ms
 GET / 200 in 129ms
 ✓ Compiled in 713ms (297 modules)
 ✓ Compiled in 686ms (297 modules)
 ✓ Compiled in 598ms (297 modules)
 ✓ Compiled in 649ms (297 modules)
 ✓ Compiled in 587ms (297 modules)
 ✓ Compiled in 557ms (297 modules)
 ✓ Compiled in 557ms (297 modules)
 ✓ Compiled in 492ms (297 modules)
 ✓ Compiled in 631ms (297 modules)
 ✓ Compiled in 478ms (297 modules)
 ✓ Compiled in 586ms (297 modules)
 ✓ Compiled in 486ms (297 modules)
 ✓ Compiled in 620ms (297 modules)
 ✓ Compiled in 536ms (297 modules)
[?25h
