  ▲ Next.js 14.2.28
  - Local:        http://localhost:3000
  - Environments: .env
  - Experiments (use with caution):
    · outputFileTracingRoot

 ✓ Starting...
 ✓ Ready in 2.1s
 ○ Compiling / ...
 ✓ Compiled / in 2.4s (596 modules)
 ✓ Compiled in 584ms (296 modules)
 GET / 200 in 3009ms
 GET / 200 in 86ms
 GET / 200 in 68ms
 GET / 200 in 67ms
 ○ Compiling /api/auth/[...nextauth] ...
 ✓ Compiled /api/auth/[...nextauth] in 579ms (541 modules)
 GET /api/auth/session 200 in 1120ms
 GET /api/auth/session 200 in 71ms
 GET /api/auth/providers 200 in 67ms
 ✓ Compiled /api/projects in 500ms (568 modules)
 GET /api/projects 401 in 624ms
 ✓ Compiled /api/tasks in 182ms (570 modules)
 GET /api/tasks 401 in 287ms
 ✓ Compiled /api/team in 158ms (572 modules)
 GET /api/team 401 in 256ms
 ✓ Compiled /api/rfis in 161ms (574 modules)
 GET /api/rfis 401 in 250ms
 ✓ Compiled /api/submittals in 227ms (576 modules)
 GET /api/submittals 401 in 325ms
 ✓ Compiled /api/budget in 210ms (578 modules)
 GET /api/budget 401 in 304ms
 ✓ Compiled /api/milestones in 182ms (580 modules)
 GET /api/milestones 401 in 269ms
 ✓ Compiled /api/time-entries in 218ms (582 modules)
 GET /api/time-entries 401 in 302ms
[?25h
