  ▲ Next.js 14.2.28
  - Local:        http://localhost:3000
  - Environments: .env
  - Experiments (use with caution):
    · outputFileTracingRoot

 ✓ Starting...
 ✓ Ready in 2s
 ○ Compiling / ...
 ✓ Compiled / in 2.3s (596 modules)
 GET / 200 in 2932ms
 ✓ Compiled in 577ms (296 modules)
 GET / 200 in 94ms
 GET / 200 in 61ms
 GET / 200 in 57ms
 ✓ Compiled /api/auth/[...nextauth] in 470ms (541 modules)
 GET /api/auth/session 200 in 951ms
 GET /api/auth/session 200 in 69ms
 GET / 200 in 103ms
 GET / 200 in 60ms
 GET / 200 in 67ms
 GET / 200 in 57ms
 GET / 200 in 74ms
 GET / 200 in 62ms
 GET / 200 in 54ms
 GET / 200 in 57ms
 GET /api/auth/session 200 in 70ms
 GET / 200 in 65ms
 GET / 200 in 60ms
 GET /api/auth/session 200 in 81ms
 GET /api/auth/session 200 in 52ms
 GET / 200 in 63ms
 GET / 200 in 65ms
 ○ Compiling /login ...
 ✓ Compiled /login in 667ms (871 modules)
 GET /api/auth/providers 200 in 95ms
 GET /api/auth/csrf 200 in 50ms
 POST /api/auth/callback/credentials 200 in 440ms
 GET /api/auth/session 200 in 66ms
 ✓ Compiled /middleware in 242ms (174 modules)
 ○ Compiling /dashboard ...
 ✓ Compiled /dashboard in 1713ms (2823 modules)
 GET /dashboard?_rsc=iqngu 200 in 111ms
 ✓ Compiled /api/notifications in 341ms (1551 modules)
 ✓ Compiled (1577 modules)
 GET /api/notifications?limit=10 200 in 802ms
 GET /api/realtime 200 in 687ms
 GET /api/notifications?limit=10 200 in 48ms
 GET /api/realtime 200 in 330ms
 GET /api/realtime 200 in 342ms
 GET /api/realtime 200 in 343ms
 GET /api/realtime 200 in 244ms
 GET /api/realtime 200 in 282ms
 GET /api/realtime 200 in 234ms
 GET /api/realtime 200 in 337ms
 GET /api/realtime 200 in 267ms
 GET /api/realtime 200 in 243ms
 GET /api/realtime 200 in 349ms
 GET /api/realtime 200 in 263ms
 GET /api/realtime 200 in 257ms
 GET /api/realtime 200 in 252ms
 GET /api/realtime 200 in 288ms
 GET /api/realtime 200 in 342ms
 GET /api/realtime 200 in 340ms
 GET /api/realtime 200 in 254ms
 GET /api/realtime 200 in 338ms
 GET /api/realtime 200 in 263ms
 GET /api/realtime 200 in 259ms
 GET / 200 in 101ms
 GET /api/realtime 200 in 231ms
 GET /api/realtime 200 in 233ms
 GET /api/realtime 200 in 247ms
 GET /api/realtime 200 in 248ms
 GET /api/realtime 200 in 351ms
 GET /api/realtime 200 in 335ms
 GET /api/realtime 200 in 269ms
 GET /api/realtime 200 in 275ms
 GET /api/realtime 200 in 322ms
 GET /api/realtime 200 in 254ms
 GET /api/realtime 200 in 318ms
 GET /api/realtime 200 in 314ms
 GET /api/realtime 200 in 562ms
 GET /api/realtime 200 in 353ms
 GET /api/realtime 200 in 247ms
 GET /api/realtime 200 in 28156ms
 ✓ Compiled in 922ms (1855 modules)
 ✓ Compiled in 1163ms (1559 modules)
 ✓ Compiled in 570ms (1287 modules)
[?25h
