  ▲ Next.js 14.2.28
  - Local:        http://localhost:3000
  - Environments: .env
  - Experiments (use with caution):
    · outputFileTracingRoot

 ✓ Starting...
 ✓ Ready in 2.1s
 ○ Compiling / ...
 ✓ Compiled / in 2000ms (596 modules)
 GET / 200 in 2560ms
 ✓ Compiled in 513ms (296 modules)
 GET / 200 in 68ms
 GET / 200 in 59ms
 GET / 200 in 65ms
 ✓ Compiled /api/auth/[...nextauth] in 443ms (541 modules)
 GET /api/auth/session 200 in 916ms
 GET /api/auth/session 200 in 57ms
 GET / 200 in 106ms
 GET / 200 in 71ms
 GET / 200 in 85ms
 GET / 200 in 51ms
 GET / 200 in 52ms
 GET / 200 in 53ms
 GET / 200 in 73ms
 GET / 200 in 55ms
 GET / 200 in 61ms
 GET / 200 in 79ms
 GET / 200 in 110ms
 GET / 200 in 74ms
 GET / 200 in 74ms
 GET / 200 in 62ms
 GET / 200 in 58ms
 GET / 200 in 49ms
 GET / 200 in 50ms
 GET / 200 in 52ms
 GET / 200 in 69ms
 GET / 200 in 48ms
 GET / 200 in 52ms
 GET / 200 in 51ms
 ○ Compiling /login ...
 ✓ Compiled /login in 645ms (630 modules)
 GET / 200 in 97ms
 GET / 200 in 59ms
 GET / 200 in 64ms
 GET / 200 in 52ms
 GET / 200 in 51ms
[?25h
