  ▲ Next.js 14.2.28
  - Local:        http://localhost:3000
  - Environments: .env
  - Experiments (use with caution):
    · outputFileTracingRoot

 ✓ Starting...
 ✓ Ready in 1357ms
 ○ Compiling / ...
 ✓ Compiled / in 2.4s (596 modules)
 GET / 200 in 2982ms
 ✓ Compiled in 529ms (296 modules)
 ✓ Compiled /api/auth/[...nextauth] in 497ms (541 modules)
 GET /api/auth/providers 200 in 1008ms
 GET / 200 in 107ms
 GET /api/auth/session 200 in 65ms
 GET /api/auth/session 200 in 54ms
 ○ Compiling /signup ...
 ✓ Compiled /signup in 911ms (881 modules)
 GET /login 200 in 1118ms
 GET /signup 200 in 1115ms
 GET /api/auth/session 200 in 90ms
 GET /api/auth/session 200 in 64ms
 GET /api/auth/session 200 in 67ms
 GET /api/auth/session 200 in 62ms
 GET /api/auth/session 200 in 71ms
 GET /api/auth/session 200 in 52ms
 GET /api/auth/csrf 200 in 64ms
 ✓ Compiled /api/signup in 148ms (597 modules)
 POST /api/signup 200 in 759ms
 GET / 200 in 96ms
 GET /api/auth/signin 302 in 73ms
 GET /login?callbackUrl=https://7d18e9f2f.preview.abacusai.app 200 in 67ms
 GET /api/auth/csrf 200 in 51ms
 POST /api/auth/callback/credentials 302 in 349ms
 ✓ Compiled /middleware in 209ms (174 modules)
 ○ Compiling /dashboard ...
 ✓ Compiled /dashboard in 2.2s (2849 modules)
 GET /dashboard 200 in 2507ms
 GET / 200 in 95ms
 GET /dashboard 200 in 84ms
 GET /api/auth/session 200 in 88ms
 ✓ Compiled /api/realtime in 327ms (1577 modules)
 ✓ Compiled (1580 modules)
 GET /api/auth/session 200 in 786ms
 GET /api/notifications?limit=10 200 in 795ms
 GET /api/realtime 200 in 791ms
 GET /api/realtime 200 in 785ms
 GET /api/realtime 200 in 765ms
 GET /api/realtime 200 in 719ms
 GET /api/auth/session 200 in 113ms
 GET /api/notifications?limit=10 200 in 132ms
 GET /api/auth/session 200 in 126ms
 GET /api/notifications?limit=10 200 in 118ms
 GET /api/realtime 200 in 151ms
 GET /api/auth/session 200 in 102ms
 GET /api/notifications?limit=10 200 in 103ms
 GET /api/realtime 200 in 97ms
 GET /api/realtime 200 in 79ms
 ○ Compiling /submittals ...
 ✓ Compiled /submittals in 3.2s (3352 modules)
prisma:error 
Invalid `_lib_db__WEBPACK_IMPORTED_MODULE_4__.prisma.project.findMany()` invocation in
/home/ubuntu/cortexbuild_pro/nextjs_space/.next/server/app/(dashboard)/punch-lists/page.js:4693:61

  4690     (0,next_navigation__WEBPACK_IMPORTED_MODULE_2__.redirect)("/login");
  4691 }
  4692 const [projects, punchLists, teamMembers] = await Promise.all([
→ 4693     _lib_db__WEBPACK_IMPORTED_MODULE_4__.prisma.project.findMany(
Too many database connections opened: FATAL: too many connections for role "role_ddaacb0a0"
Prisma Accelerate has built-in connection pooling to prevent such errors: https://pris.ly/client/error-accelerate
prisma:error 
Invalid `_lib_db__WEBPACK_IMPORTED_MODULE_3__.prisma.project.findMany()` invocation in
/home/ubuntu/cortexbuild_pro/nextjs_space/.next/server/app/(dashboard)/projects/page.js:5072:80

  5069 async function ProjectsPage() {
  5070     const session = await (0,next_auth__WEBPACK_IMPORTED_MODULE_1__.getServerSession)(_lib_auth_options__WEBPACK_IMPORTED_MODULE_2__.authOptions);
  5071     const orgId = session?.user?.organizationId;
→ 5072     const projects = await _lib_db__WEBPACK_IMPORTED_MODULE_3__.prisma.project.findMany(
Too many database connections opened: FATAL: too many connections for role "role_ddaacb0a0"
Prisma Accelerate has built-in connection pooling to prevent such errors: https://pris.ly/client/error-accelerate
prisma:error 
Invalid `_lib_db__WEBPACK_IMPORTED_MODULE_6__.prisma.organization.findUnique()` invocation in
/home/ubuntu/cortexbuild_pro/nextjs_space/.next/server/app/(company)/company/page.js:3370:115

  3367     (0,next_navigation__WEBPACK_IMPORTED_MODULE_2__.redirect)("/dashboard");
  3368 }
  3369 // Fetch organization details
→ 3370 const organizationData = user.organizationId ? await _lib_db__WEBPACK_IMPORTED_MODULE_6__.prisma.organization.findUnique(
Too many database connections opened: FATAL: too many connections for role "role_ddaacb0a0"
Prisma Accelerate has built-in connection pooling to prevent such errors: https://pris.ly/client/error-accelerate
prisma:error 
Invalid `_lib_db__WEBPACK_IMPORTED_MODULE_4__.prisma.project.findMany()` invocation in
/home/ubuntu/cortexbuild_pro/nextjs_space/.next/server/app/(dashboard)/change-orders/page.js:4995:61

  4992 const organizationId = session.user.organizationId;
  4993 if (!organizationId) (0,next_navigation__WEBPACK_IMPORTED_MODULE_2__.redirect)("/login");
  4994 const [projects, changeOrders] = await Promise.all([
→ 4995     _lib_db__WEBPACK_IMPORTED_MODULE_4__.prisma.project.findMany(
Too many database connections opened: FATAL: too many connections for role "role_ddaacb0a0"
Prisma Accelerate has built-in connection pooling to prevent such errors: https://pris.ly/client/error-accelerate
prisma:error 
Invalid `_lib_db__WEBPACK_IMPORTED_MODULE_4__.prisma.changeOrder.findMany()` invocation in
/home/ubuntu/cortexbuild_pro/nextjs_space/.next/server/app/(dashboard)/change-orders/page.js:5008:65

  5005         name: "asc"
  5006     }
  5007 }),
→ 5008 _lib_db__WEBPACK_IMPORTED_MODULE_4__.prisma.changeOrder.findMany(
Too many database connections opened: FATAL: too many connections for role "role_ddaacb0a0"
Prisma Accelerate has built-in connection pooling to prevent such errors: https://pris.ly/client/error-accelerate
 GET /daily-reports 200 in 4516ms
 GET /projects/new 200 in 4518ms
 GET /documents 200 in 4610ms
 GET /team 200 in 4597ms
 GET /rfis 200 in 4583ms
 GET /settings 200 in 4621ms
 GET /punch-lists 500 in 4590ms
 GET /projects 500 in 4590ms
 GET /safety 200 in 4549ms
 GET /tasks 200 in 4609ms
 GET /inspections 200 in 4550ms
 GET /submittals 200 in 4550ms
 GET /reports 200 in 4552ms
 GET /company 500 in 4613ms
 GET /change-orders 500 in 4552ms
 GET /equipment 200 in 4552ms
 GET /meetings 200 in 4634ms
 GET /api/notifications?limit=10 200 in 295ms
 GET /api/auth/session 200 in 330ms
 GET /api/realtime 200 in 385ms
 GET /api/realtime 200 in 312ms
 GET /api/realtime 200 in 361ms
 GET /api/realtime 200 in 312ms
 GET /api/realtime 200 in 311ms
 GET /api/realtime 200 in 408ms
 GET /api/notifications?limit=10 200 in 468ms
 GET /api/realtime 200 in 419ms
 GET /api/auth/session 200 in 562ms
 GET /api/realtime 200 in 542ms
 GET /api/realtime 200 in 542ms
 GET /api/realtime 200 in 596ms
 GET /api/realtime 200 in 499ms
 GET /api/realtime 200 in 480ms
 GET /api/realtime 200 in 432ms
 GET /api/realtime 200 in 276ms
 GET /api/realtime 200 in 334ms
 GET /api/notifications?limit=10 200 in 423ms
 GET /api/auth/session 200 in 324ms
 GET /api/realtime 200 in 273ms
 GET /api/realtime 200 in 276ms
 GET /api/notifications?limit=10 200 in 271ms
 GET /api/auth/session 200 in 225ms
 GET /api/realtime 200 in 172ms
 GET /api/notifications?limit=10 200 in 238ms
 GET /api/auth/session 200 in 294ms
 GET /api/notifications?limit=10 200 in 324ms
 GET /api/auth/session 200 in 297ms
 GET /api/notifications?limit=10 200 in 224ms
 GET /api/auth/session 200 in 145ms
 GET /api/notifications?limit=10 200 in 213ms
 GET /api/auth/session 200 in 175ms
 GET /api/realtime 200 in 217ms
 GET /api/notifications?limit=10 200 in 231ms
 GET /api/auth/session 200 in 152ms
 GET /api/notifications?limit=10 200 in 192ms
 GET /api/auth/session 200 in 211ms
 GET /api/notifications?limit=10 200 in 239ms
 GET /api/auth/session 200 in 166ms
 GET /api/realtime 200 in 188ms
 GET /api/notifications?limit=10 200 in 218ms
 GET /api/auth/session 200 in 352ms
 GET /api/realtime 200 in 268ms
 GET /api/notifications?limit=10 200 in 502ms
 GET /api/auth/session 200 in 349ms
 GET /api/realtime 200 in 253ms
 GET /api/notifications?limit=10 200 in 292ms
 GET /api/auth/session 200 in 293ms
 GET /api/realtime 200 in 312ms
 GET /api/realtime 200 in 295ms
 GET /api/notifications?limit=10 200 in 320ms
 GET /api/auth/session 200 in 273ms
 GET /api/realtime 200 in 241ms
 GET /api/realtime 200 in 180ms
 GET /api/realtime 200 in 183ms
 GET /api/realtime 200 in 184ms
 GET /api/realtime 200 in 248ms
 GET /api/auth/session 200 in 227ms
 GET /api/notifications?limit=10 200 in 267ms
 GET /api/auth/session 200 in 208ms
 GET /api/realtime 200 in 252ms
 GET /api/notifications?limit=10 200 in 236ms
 GET /api/realtime 200 in 251ms
 GET /api/auth/session 200 in 121ms
 GET /api/notifications?limit=10 200 in 195ms
 GET /api/auth/session 200 in 108ms
 GET /api/notifications?limit=10 200 in 129ms
 GET /api/realtime 200 in 209ms
 GET /api/auth/session 200 in 212ms
 GET /api/auth/session 200 in 208ms
 GET /api/notifications?limit=10 200 in 206ms
 GET /api/auth/session 200 in 130ms
 GET /api/realtime 200 in 173ms
 GET /api/auth/session 200 in 87ms
 GET /api/auth/session 200 in 110ms
 GET /api/auth/session 200 in 85ms
 GET /api/auth/session 200 in 72ms
 GET /api/realtime 200 in 22619ms
 GET /api/realtime 200 in 22253ms
 GET /api/realtime 200 in 19748ms
 GET /api/realtime 200 in 22738ms
 GET /api/realtime 200 in 22953ms
 GET /api/realtime 200 in 21270ms
 GET /api/realtime 200 in 20359ms
 GET /api/realtime 200 in 20863ms
 GET /api/realtime 200 in 23066ms
 GET /api/realtime 200 in 20960ms
 GET /api/realtime 200 in 24317ms
 GET /api/realtime 200 in 8797ms
 GET /api/realtime 200 in 9902ms
 GET /api/realtime 200 in 21406ms
 GET /api/realtime 200 in 10778ms
 GET /api/realtime 200 in 10055ms
 GET /api/realtime 200 in 10369ms
 GET /api/realtime 200 in 10066ms
 GET /api/realtime 200 in 19653ms
 GET /api/realtime 200 in 20668ms
 GET /api/realtime 200 in 9680ms
 GET /api/realtime 200 in 9682ms
 GET /api/realtime 200 in 17570ms
 GET /api/realtime 200 in 21704ms
 GET /api/realtime 200 in 19960ms
 GET /api/realtime 200 in 10877ms
 GET /api/realtime 200 in 11115ms
 GET /api/realtime 200 in 18167ms
 GET /api/realtime 200 in 9195ms
 GET /api/realtime 200 in 18563ms
 GET /api/realtime 200 in 10966ms
 GET /api/realtime 200 in 19561ms
 GET /api/realtime 200 in 23538ms
 GET /api/realtime 200 in 8688ms
 GET /api/realtime 200 in 9041ms
 GET /api/realtime 200 in 18764ms
 GET /api/realtime 200 in 10161ms
 GET /api/realtime 200 in 9853ms
 GET /api/realtime 200 in 19065ms
 GET /api/realtime 200 in 10923ms
 GET /api/realtime 200 in 22029ms
 GET /api/realtime 200 in 9688ms
 GET /api/realtime 200 in 21515ms
 GET /api/realtime 200 in 23254ms
 GET /api/realtime 200 in 20475ms
 GET /api/realtime 200 in 20071ms
 GET /api/realtime 200 in 10322ms
 GET /api/realtime 200 in 19463ms
 GET /api/realtime 200 in 10478ms
 GET /api/realtime 200 in 10081ms
 GET /api/realtime 200 in 18870ms
 GET /api/realtime 200 in 19869ms
 GET /api/realtime 200 in 18274ms
 GET /api/realtime 200 in 17689ms
 GET /api/realtime 200 in 19367ms
 GET /api/realtime 200 in 20579ms
 GET /api/realtime 200 in 8350ms
 GET /api/realtime 200 in 6285ms
 GET /api/realtime 200 in 8587ms
 GET /api/realtime 200 in 7700ms
 GET /api/realtime 200 in 724ms
 GET /api/realtime 200 in 7593ms
 GET /api/realtime 200 in 6996ms
 GET /api/realtime 200 in 7873ms
 GET /api/realtime 200 in 6280ms
 GET /api/realtime 200 in 22883ms
 GET /api/realtime 200 in 9439ms
 GET /api/realtime 200 in 8350ms
 GET /api/realtime 200 in 7596ms
 GET /api/realtime 200 in 2406ms
 GET /api/realtime 200 in 5942ms
 GET /api/realtime 200 in 7875ms
 GET /api/realtime 200 in 8704ms
 GET /api/realtime 200 in 2509ms
 GET /api/realtime 200 in 8830ms
 GET /api/realtime 200 in 9189ms
 GET /api/realtime 200 in 8217ms
 GET /api/realtime 200 in 5215ms
 GET /api/realtime 200 in 6582ms
 GET /api/realtime 200 in 3373ms
 GET /api/realtime 200 in 3219ms
 GET /api/realtime 200 in 6596ms
 GET /api/realtime 200 in 161ms
 GET /api/realtime 200 in 6503ms
 GET /api/realtime 200 in 1570ms
 GET /api/realtime 200 in 7339ms
 GET /api/realtime 200 in 1358ms
 GET /api/realtime 200 in 20195ms
 GET /api/realtime 200 in 8359ms
 GET /api/realtime 200 in 8594ms
 GET /api/realtime 200 in 836ms
 GET /api/realtime 200 in 3925ms
 GET /api/realtime 200 in 1468ms
 GET /api/realtime 200 in 3119ms
 GET /api/realtime 200 in 8100ms
 GET /api/realtime 200 in 1146ms
 GET /api/realtime 200 in 4270ms
 GET /api/realtime 200 in 9455ms
 GET /api/realtime 200 in 9063ms
 GET /api/realtime 200 in 8710ms
 GET /api/realtime 200 in 7343ms
 GET /api/realtime 200 in 1256ms
 GET /api/realtime 200 in 7606ms
 GET /api/realtime 200 in 4126ms
 GET /api/realtime 200 in 3615ms
 GET /api/realtime 200 in 8973ms
 GET /api/realtime 200 in 9606ms
 GET /api/realtime 200 in 18699ms
 GET /api/realtime 200 in 7415ms
 GET /api/realtime 200 in 7261ms
 GET /api/realtime 200 in 6301ms
 GET /api/realtime 200 in 5177ms
 GET /api/realtime 200 in 606ms
 GET /api/realtime 200 in 8603ms
 GET /api/realtime 200 in 6482ms
 GET /api/realtime 200 in 8603ms
 GET /api/realtime 200 in 4704ms
 GET /api/realtime 200 in 10483ms
 GET /api/realtime 200 in 9564ms
 GET /api/realtime 200 in 2314ms
 GET /api/realtime 200 in 8603ms
 GET /api/realtime 200 in 8230ms
 GET /api/realtime 200 in 7352ms
 GET /api/realtime 200 in 6309ms
 GET /api/realtime 200 in 4997ms
 GET /api/realtime 200 in 8604ms
 GET /api/realtime 200 in 8110ms
 GET /api/realtime 200 in 385ms
 GET /api/realtime 200 in 6515ms
 GET /api/realtime 200 in 9190ms
 GET /api/realtime 200 in 1055ms
 GET /api/realtime 200 in 9613ms
 GET /api/realtime 200 in 6949ms
 GET /api/realtime 200 in 6113ms
 GET /api/realtime 200 in 7996ms
 GET /api/realtime 200 in 7884ms
 GET /api/realtime 200 in 8113ms
 GET /api/realtime 200 in 4424ms
 GET /api/realtime 200 in 18406ms
 GET /api/realtime 200 in 5186ms
 GET /api/realtime 200 in 9468ms
 GET /api/realtime 200 in 10779ms
 GET /api/realtime 200 in 8235ms
 GET /api/realtime 200 in 7479ms
 GET /api/realtime 200 in 5449ms
 GET /api/realtime 200 in 6944ms
 GET /api/realtime 200 in 8723ms
 GET /api/realtime 200 in 6721ms
 GET /api/realtime 200 in 3513ms
 GET /api/realtime 200 in 10067ms
 GET /api/realtime 200 in 9731ms
 GET /api/realtime 200 in 9899ms
 GET /api/realtime 200 in 7619ms
 GET /api/realtime 200 in 7899ms
 GET /api/realtime 200 in 9733ms
 GET /api/realtime 200 in 5645ms
 GET /api/realtime 200 in 8119ms
 GET /api/realtime 200 in 3841ms
 GET /api/realtime 200 in 9080ms
 GET /api/realtime 200 in 7431ms
 GET /api/realtime 200 in 1792ms
 GET /api/realtime 200 in 9610ms
 GET /api/realtime 200 in 9084ms
 GET /api/realtime 200 in 5837ms
 GET /api/realtime 200 in 8123ms
 GET /api/realtime 200 in 8005ms
 GET /api/realtime 200 in 960ms
 GET /api/realtime 200 in 1693ms
 GET /api/realtime 200 in 5972ms
 GET /api/realtime 200 in 6959ms
 GET /api/realtime 200 in 9280ms
 GET /api/realtime 200 in 5011ms
 GET /api/realtime 200 in 6686ms
 GET /api/realtime 200 in 7625ms
 GET /api/realtime 200 in 6140ms
 GET /api/realtime 200 in 7629ms
 GET /api/realtime 200 in 506ms
 GET /api/realtime 200 in 3046ms
 GET /api/realtime 200 in 1898ms
 GET /api/realtime 200 in 5256ms
 GET /api/realtime 200 in 9001ms
 GET /api/realtime 200 in 10505ms
 GET /api/realtime 200 in 8013ms
 GET /api/realtime 200 in 7910ms
 GET /api/realtime 200 in 17438ms
 GET /api/realtime 200 in 7911ms
 GET /api/realtime 200 in 8252ms
 GET /api/realtime 200 in 9789ms
 GET /api/realtime 200 in 2950ms
 GET /api/realtime 200 in 8866ms
 GET /api/realtime 200 in 8131ms
 GET /api/realtime 200 in 7373ms
 GET /api/realtime 200 in 8439ms
 GET /api/realtime 200 in 8458ms
 GET /api/realtime 200 in 8451ms
 GET /api/realtime 200 in 10778ms
 GET /api/realtime 200 in 5575ms
 GET /api/realtime 200 in 9373ms
 GET /api/realtime 200 in 7378ms
 GET /api/realtime 200 in 7077ms
 GET /api/realtime 200 in 8019ms
 GET /api/realtime 200 in 10651ms
 GET /api/realtime 200 in 9995ms
 GET /api/realtime 200 in 6136ms
 GET /api/realtime 200 in 6867ms
 GET /api/realtime 200 in 7079ms
 GET /api/realtime 200 in 8871ms
 GET /api/realtime 200 in 10539ms
 GET /api/realtime 200 in 8632ms
 GET /api/realtime 200 in 9816ms
 GET /api/realtime 200 in 3755ms
 GET /api/realtime 200 in 7919ms
 GET /api/realtime 200 in 6333ms
 GET /api/realtime 200 in 20341ms
 GET /api/realtime 200 in 10130ms
 GET /api/realtime 200 in 2655ms
 GET /api/realtime 200 in 5027ms
 GET /api/realtime 200 in 7755ms
 GET /api/realtime 200 in 7912ms
 GET /api/realtime 200 in 7642ms
 GET /api/realtime 200 in 6613ms
 GET /api/realtime 200 in 7450ms
 GET /api/realtime 200 in 9207ms
 GET /api/realtime 200 in 2244ms
 GET /api/realtime 200 in 9396ms
 GET /api/realtime 200 in 7385ms
 GET /api/realtime 200 in 8519ms
 GET /api/realtime 200 in 18141ms
 GET /api/realtime 200 in 21149ms
 GET /api/realtime 200 in 10858ms
 GET /api/realtime 200 in 9483ms
 GET /api/realtime 200 in 8403ms
 GET /api/realtime 200 in 9384ms
 GET /api/realtime 200 in 7387ms
 GET /api/realtime 200 in 4567ms
 GET /api/realtime 200 in 9360ms
 GET /api/realtime 200 in 9275ms
 GET /api/realtime 200 in 9458ms
 GET /api/realtime 200 in 10330ms
 GET /api/realtime 200 in 9653ms
 GET /api/realtime 200 in 9246ms
 GET /api/realtime 200 in 8406ms
 GET /api/realtime 200 in 9260ms
 GET /api/realtime 200 in 17862ms
 GET /api/realtime 200 in 7757ms
 GET /api/realtime 200 in 10694ms
 GET /api/realtime 200 in 9604ms
 GET /api/realtime 200 in 5853ms
 GET /api/realtime 200 in 21893ms
 GET /api/realtime 200 in 2141ms
 GET /api/realtime 200 in 20850ms
 GET /api/realtime 200 in 10099ms
 GET /api/realtime 200 in 9515ms
 GET /api/realtime 200 in 8406ms
 GET /api/realtime 200 in 8990ms
 GET /api/realtime 200 in 19339ms
 GET /api/realtime 200 in 7093ms
 GET /api/realtime 200 in 9892ms
 GET /api/realtime 200 in 18542ms
 GET /api/realtime 200 in 18021ms
 GET /api/realtime 200 in 8410ms
 GET /api/realtime 200 in 19244ms
 GET /api/realtime 200 in 6628ms
 GET /api/realtime 200 in 8993ms
 GET /api/realtime 200 in 9492ms
 GET /api/realtime 200 in 8155ms
 GET /api/realtime 200 in 21693ms
 GET /api/realtime 200 in 7763ms
 GET /api/realtime 200 in 10555ms
 GET /api/realtime 200 in 17560ms
 GET /api/realtime 200 in 19046ms
 GET /api/realtime 200 in 9938ms
 GET /api/realtime 200 in 8649ms
 GET /api/realtime 200 in 8890ms
 GET /api/realtime 200 in 10869ms
 GET /api/realtime 200 in 24115ms
 GET /api/realtime 200 in 9404ms
 GET /api/realtime 200 in 22010ms
 GET /api/realtime 200 in 324ms
 GET /api/realtime 200 in 7768ms
 GET /api/realtime 200 in 6521ms
 GET /api/realtime 200 in 7470ms
 GET /api/realtime 200 in 7546ms
 GET /api/realtime 200 in 8280ms
 GET /api/realtime 200 in 6647ms
 GET /api/realtime 200 in 2050ms
 GET /api/realtime 200 in 7045ms
 GET /api/realtime 200 in 2776ms
 GET /api/realtime 200 in 4088ms
 GET /api/realtime 200 in 8160ms
 GET /api/realtime 200 in 6356ms
 GET /api/realtime 200 in 8658ms
 GET /api/realtime 200 in 2877ms
 GET /api/realtime 200 in 8422ms
 GET /api/realtime 200 in 8046ms
 GET /api/realtime 200 in 21273ms
[?25h
