  ▲ Next.js 14.2.28
  - Local:        http://localhost:3000
  - Environments: .env
  - Experiments (use with caution):
    · outputFileTracingRoot

 ✓ Starting...
 ✓ Ready in 1791ms
 ○ Compiling / ...
 ✓ Compiled / in 1451ms (596 modules)
 GET / 200 in 1843ms
 ✓ Compiled in 396ms (296 modules)
 ✓ Compiled /api/auth/[...nextauth] in 435ms (541 modules)
 GET /api/auth/providers 200 in 896ms
 GET / 200 in 92ms
 GET /api/auth/session 200 in 37ms
 GET /api/auth/session 200 in 25ms
 ○ Compiling /signup ...
 ✓ Compiled /signup in 991ms (881 modules)
 GET /signup 200 in 1168ms
 GET /login 200 in 1174ms
 GET /api/auth/session 200 in 67ms
 GET /api/auth/session 200 in 28ms
 GET /api/auth/session 200 in 27ms
 GET /api/auth/session 200 in 28ms
 GET /api/auth/session 200 in 30ms
 GET /api/auth/csrf 200 in 38ms
 ✓ Compiled /api/signup in 198ms (597 modules)
 POST /api/signup 200 in 665ms
 GET / 200 in 70ms
 GET /api/auth/signin 302 in 55ms
 GET /login?callbackUrl=https://267ef8e6d.preview.abacusai.app 200 in 41ms
 GET /api/auth/csrf 200 in 26ms
 POST /api/auth/callback/credentials 302 in 320ms
 ✓ Compiled /middleware in 188ms (174 modules)
 ○ Compiling /dashboard ...
 ✓ Compiled /dashboard in 1503ms (2778 modules)
 GET /dashboard 200 in 1845ms
 GET / 200 in 47ms
 GET /dashboard 200 in 50ms
 GET /api/auth/session 200 in 80ms
 ✓ Compiled /api/realtime in 427ms (1540 modules)
 ✓ Compiled (1543 modules)
 GET /api/auth/session 200 in 833ms
 GET /api/notifications?limit=10 200 in 841ms
 GET /api/realtime 200 in 842ms
 GET /api/realtime 200 in 846ms
 GET /api/realtime 200 in 847ms
 GET /api/auth/session 200 in 52ms
 GET /api/notifications?limit=10 200 in 71ms
 GET /api/auth/session 200 in 47ms
 GET /api/notifications?limit=10 200 in 51ms
 GET /api/auth/session 200 in 39ms
 GET /api/realtime 200 in 57ms
 GET /api/notifications?limit=10 200 in 53ms
 GET /api/realtime 200 in 40ms
 ○ Compiling /projects/new ...
 ✓ Compiled /projects/new in 2.5s (3125 modules)
 GET /settings 200 in 3185ms
 GET /projects/new 200 in 3165ms
 GET /reports 200 in 3216ms
 GET /projects 200 in 3203ms
 GET /tasks 200 in 3203ms
 GET /documents 200 in 3190ms
 GET /team 200 in 3197ms
 GET /api/notifications?limit=10 200 in 164ms
 GET /api/realtime 200 in 188ms
 GET /api/auth/session 200 in 228ms
 GET /api/realtime 200 in 261ms
 GET /api/realtime 200 in 198ms
 GET /api/notifications?limit=10 200 in 196ms
 GET /api/realtime 200 in 104ms
 GET /api/auth/session 200 in 95ms
 GET /api/realtime 200 in 114ms
 GET /api/realtime 200 in 114ms
 GET /api/realtime 200 in 116ms
 GET /api/realtime 200 in 119ms
 GET /api/notifications?limit=10 200 in 132ms
 GET /api/realtime 200 in 131ms
 GET /api/auth/session 200 in 110ms
 GET /api/notifications?limit=10 200 in 85ms
 GET /api/auth/session 200 in 113ms
 GET /api/notifications?limit=10 200 in 139ms
 GET /api/auth/session 200 in 68ms
 GET /api/notifications?limit=10 200 in 76ms
 GET /api/auth/session 200 in 44ms
 GET /api/auth/session 200 in 107ms
 GET /api/notifications?limit=10 200 in 118ms
 GET /api/auth/session 200 in 69ms
 GET /api/notifications?limit=10 200 in 78ms
 GET /api/auth/session 200 in 80ms
 GET /api/notifications?limit=10 200 in 84ms
 GET /api/auth/session 200 in 112ms
 GET /api/notifications?limit=10 200 in 142ms
 GET /api/auth/session 200 in 66ms
 GET /api/notifications?limit=10 200 in 75ms
 GET /api/auth/session 200 in 71ms
 GET /api/realtime 200 in 60ms
 GET /api/notifications?limit=10 200 in 89ms
 GET /api/realtime 200 in 138ms
 GET /api/auth/session 200 in 109ms
 GET /api/notifications?limit=10 200 in 78ms
 GET /api/auth/session 200 in 74ms
 GET /api/realtime 200 in 59ms
 GET /api/notifications?limit=10 200 in 81ms
 GET /api/auth/session 200 in 70ms
 GET /api/notifications?limit=10 200 in 102ms
 GET /api/auth/session 200 in 137ms
 GET /api/realtime 200 in 85ms
 GET /api/notifications?limit=10 200 in 90ms
 GET /api/auth/session 200 in 77ms
 GET /api/realtime 200 in 84ms
 GET /api/notifications?limit=10 200 in 110ms
 GET /api/auth/session 200 in 84ms
 GET /api/realtime 200 in 83ms
 GET /api/notifications?limit=10 200 in 51ms
 GET /api/realtime 200 in 70ms
 GET /api/auth/session 200 in 104ms
 GET /api/notifications?limit=10 200 in 118ms
 GET /api/auth/session 200 in 67ms
 GET /api/notifications?limit=10 200 in 69ms
 GET /api/realtime 200 in 86ms
 GET /api/auth/session 200 in 80ms
 GET /api/notifications?limit=10 200 in 82ms
 GET /api/realtime 200 in 95ms
 GET /api/auth/session 200 in 99ms
 GET /api/notifications?limit=10 200 in 102ms
 GET /api/auth/session 200 in 57ms
 GET /api/realtime 200 in 92ms
 GET /api/notifications?limit=10 200 in 89ms
 GET /api/auth/session 200 in 94ms
 GET /api/notifications?limit=10 200 in 75ms
 GET /api/realtime 200 in 106ms
 GET /api/auth/session 200 in 84ms
 GET /api/notifications?limit=10 200 in 94ms
 GET /api/auth/session 200 in 95ms
 GET /api/notifications?limit=10 200 in 86ms
 GET /api/auth/session 200 in 73ms
 GET /api/realtime 200 in 92ms
 GET /api/notifications?limit=10 200 in 77ms
 GET /api/auth/session 200 in 87ms
 GET /api/realtime 200 in 100ms
 GET /api/auth/session 200 in 72ms
 GET /api/notifications?limit=10 200 in 92ms
 GET /api/realtime 200 in 77ms
 GET /api/auth/session 200 in 68ms
 GET /api/auth/session 200 in 79ms
 GET /api/auth/session 200 in 57ms
 GET /api/realtime 200 in 62ms
 GET /api/realtime 200 in 74ms
 GET /api/realtime 200 in 58ms
 GET /api/realtime 200 in 46ms
 GET /api/realtime 200 in 79ms
 GET /api/realtime 200 in 55ms
 GET /api/realtime 200 in 40ms
 ○ Compiling /projects/[id] ...
 ✓ Compiled /projects/[id] in 966ms (3138 modules)
 GET /projects/project-riverside-homes 200 in 1523ms
 GET /projects/project-mall-renovation 200 in 1531ms
 GET /projects/project-downtown-office 200 in 1531ms
 GET /api/notifications?limit=10 200 in 53ms
 GET /api/realtime 200 in 80ms
 GET /api/realtime 200 in 72ms
 GET /api/realtime 200 in 77ms
 GET /api/auth/session 200 in 108ms
 GET /api/realtime 200 in 137ms
 GET /api/realtime 200 in 117ms
 GET /api/notifications?limit=10 200 in 124ms
 GET /api/realtime 200 in 135ms
 GET /api/auth/session 200 in 72ms
 GET /api/notifications?limit=10 200 in 52ms
 GET /api/realtime 200 in 59ms
 GET /api/auth/session 200 in 55ms
 GET /api/realtime 200 in 72ms
 GET /api/realtime 200 in 52ms
 GET /api/notifications?limit=10 200 in 54ms
 GET /api/auth/session 200 in 78ms
 GET /api/notifications?limit=10 200 in 60ms
 GET /api/auth/session 200 in 44ms
 GET /api/realtime 200 in 71ms
 GET /api/auth/session 200 in 39ms
 GET /api/notifications?limit=10 200 in 59ms
 GET /api/auth/session 200 in 42ms
 GET /api/notifications?limit=10 200 in 48ms
 GET /api/realtime 200 in 90ms
 GET /api/auth/session 200 in 69ms
 GET /api/notifications?limit=10 200 in 93ms
 GET /api/auth/session 200 in 38ms
 GET /api/notifications?limit=10 200 in 45ms
 GET /api/realtime 200 in 63ms
 GET /api/auth/session 200 in 37ms
 GET /api/notifications?limit=10 200 in 40ms
 GET /api/notifications?limit=10 200 in 32ms
 GET /api/realtime 200 in 61ms
 GET /api/notifications?limit=10 200 in 48ms
 GET /api/realtime 200 in 52ms
 GET /api/realtime 200 in 944ms
 GET /api/realtime 200 in 30628ms
 GET /api/realtime 200 in 30057ms
 GET /api/realtime 200 in 30059ms
 GET /api/realtime 200 in 30057ms
 GET /api/realtime 200 in 30036ms
 GET /api/realtime 200 in 30049ms
 GET /api/realtime 200 in 30033ms
 GET /api/realtime 200 in 30035ms
 GET /api/realtime 200 in 54ms
 GET /api/realtime 200 in 29864ms
 GET /api/realtime 200 in 29226ms
 GET /api/realtime 200 in 29716ms
 GET /api/realtime 200 in 29576ms
 GET /api/realtime 200 in 29645ms
 GET /api/realtime 200 in 29372ms
 GET /api/realtime 200 in 29297ms
 GET /api/realtime 200 in 29090ms
 GET /api/realtime 200 in 28809ms
 GET /api/realtime 200 in 28738ms
 GET /api/realtime 200 in 29789ms
 GET /api/realtime 200 in 27372ms
 GET /api/realtime 200 in 26576ms
 GET /api/realtime 200 in 26679ms
 GET /api/realtime 200 in 26297ms
 GET /api/realtime 200 in 26821ms
 GET /api/realtime 200 in 27589ms
 GET /api/realtime 200 in 28088ms
 GET /api/realtime 200 in 28250ms
 GET /api/realtime 200 in 27730ms
 GET /api/realtime 200 in 27941ms
 GET /api/realtime 200 in 28465ms
 GET /api/realtime 200 in 26231ms
 GET /api/realtime 200 in 26434ms
 GET /api/realtime 200 in 29517ms
 GET /api/realtime 200 in 26961ms
 GET /api/realtime 200 in 28017ms
 GET /api/realtime 200 in 27306ms
 GET /api/realtime 200 in 27803ms
 GET /api/realtime 200 in 28401ms
 GET /api/realtime 200 in 29165ms
 GET /api/realtime 200 in 28179ms
 GET /api/realtime 200 in 27097ms
 GET /api/realtime 200 in 28325ms
 GET /api/realtime 200 in 18593ms
 GET /api/realtime 200 in 27035ms
 GET /api/realtime 200 in 19415ms
 GET /api/realtime 200 in 18442ms
 GET /api/realtime 200 in 19181ms
 GET /api/realtime 200 in 18797ms
 GET /api/realtime 200 in 25370ms
 GET /api/realtime 200 in 19118ms
 GET /api/realtime 200 in 19563ms
 GET /api/realtime 200 in 18555ms
 GET /api/realtime 200 in 18430ms
 GET /api/realtime 200 in 28900ms
 GET /api/realtime 200 in 27459ms
 GET /api/realtime 200 in 19099ms
 GET /api/realtime 200 in 18757ms
 GET /api/realtime 200 in 18837ms
 GET /api/realtime 200 in 19346ms
 GET /api/realtime 200 in 20154ms
 GET /api/realtime 200 in 20019ms
 GET /api/realtime 200 in 19293ms
 GET /api/realtime 200 in 19496ms
 GET /api/realtime 200 in 18802ms
 GET /api/realtime 200 in 19468ms
 GET /api/realtime 200 in 19565ms
 GET /api/realtime 200 in 19690ms
 GET /api/realtime 200 in 19469ms
 GET /api/realtime 200 in 19178ms
 GET /api/realtime 200 in 18938ms
 GET /api/realtime 200 in 18919ms
 GET /api/realtime 200 in 26907ms
 GET /api/realtime 200 in 20400ms
 GET /api/realtime 200 in 19102ms
 GET /api/realtime 200 in 20137ms
 GET /api/realtime 200 in 27257ms
 GET /api/realtime 200 in 20460ms
 GET /api/realtime 200 in 28693ms
 GET /api/realtime 200 in 19574ms
 GET /api/realtime 200 in 19925ms
 GET /api/realtime 200 in 20157ms
 GET /api/realtime 200 in 25535ms
 GET /api/realtime 200 in 29968ms
 GET /api/realtime 200 in 19858ms
 GET /api/realtime 200 in 24969ms
 GET /api/realtime 200 in 19621ms
 GET /api/realtime 200 in 19763ms
 GET /api/realtime 200 in 25823ms
 GET /api/realtime 200 in 20188ms
 GET /api/realtime 200 in 20036ms
 GET /api/realtime 200 in 19513ms
 GET /api/realtime 200 in 25682ms
 GET /api/realtime 200 in 19613ms
 GET /api/realtime 200 in 19857ms
 GET /api/realtime 200 in 19857ms
 GET /api/realtime 200 in 26114ms
 GET /api/realtime 200 in 25753ms
 GET /api/realtime 200 in 20016ms
 GET /api/realtime 200 in 19765ms
 GET /api/realtime 200 in 24828ms
 GET /api/realtime 200 in 28563ms
 GET /api/realtime 200 in 19992ms
 GET /api/realtime 200 in 19766ms
 GET /api/realtime 200 in 19860ms
 GET /api/realtime 200 in 25231ms
 GET /api/realtime 200 in 25313ms
 GET /api/realtime 200 in 24616ms
 GET /api/realtime 200 in 29055ms
 GET /api/realtime 200 in 19992ms
 GET /api/realtime 200 in 27689ms
 GET /api/realtime 200 in 27199ms
 GET /api/realtime 200 in 20185ms
 GET /api/realtime 200 in 28635ms
 GET /api/realtime 200 in 20261ms
 GET /api/realtime 200 in 26398ms
 GET /api/realtime 200 in 26049ms
 GET /api/realtime 200 in 24904ms
 GET /api/realtime 200 in 30051ms
 GET /api/realtime 200 in 20422ms
 GET /api/realtime 200 in 24758ms
 GET /api/realtime 200 in 24687ms
 GET /api/realtime 200 in 26787ms
 GET /api/realtime 200 in 29484ms
 GET /api/realtime 200 in 28993ms
 GET /api/realtime 200 in 27905ms
 GET /api/realtime 200 in 26192ms
 GET /api/realtime 200 in 2072ms
 GET /api/realtime 200 in 5900ms
 GET /api/realtime 200 in 12042ms
 GET /api/realtime 200 in 16046ms
 GET /api/realtime 200 in 13857ms
 GET /api/realtime 200 in 2749ms
 GET /api/realtime 200 in 9517ms
 GET /api/realtime 200 in 2405ms
 GET /api/realtime 200 in 16123ms
 GET /api/realtime 200 in 2722ms
 GET /api/realtime 200 in 11551ms
 GET /api/realtime 200 in 3209ms
 GET /api/realtime 200 in 17901ms
 GET /api/realtime 200 in 4409ms
 GET /api/realtime 200 in 25639ms
 GET /api/realtime 200 in 2663ms
 GET /api/realtime 200 in 14450ms
 GET /api/realtime 200 in 14147ms
 GET /api/realtime 200 in 6536ms
 GET /api/realtime 200 in 1437ms
 GET /api/realtime 200 in 14599ms
 GET /api/realtime 200 in 14013ms
 GET /api/realtime 200 in 483ms
 GET /api/realtime 200 in 12717ms
 GET /api/realtime 200 in 6213ms
 GET /api/realtime 200 in 4078ms
 GET /api/realtime 200 in 15676ms
 GET /api/realtime 200 in 10402ms
 GET /api/realtime 200 in 13433ms
 GET /api/realtime 200 in 6272ms
 GET /api/realtime 200 in 10676ms
 GET /api/realtime 200 in 14737ms
 GET /api/realtime 200 in 6080ms
 GET /api/realtime 200 in 11632ms
 GET /api/realtime 200 in 4969ms
 GET /api/realtime 200 in 9169ms
 GET /api/realtime 200 in 4070ms
 GET /api/realtime 200 in 12788ms
 GET /api/realtime 200 in 5208ms
 GET /api/realtime 200 in 649ms
 GET /api/realtime 200 in 5373ms
 GET /api/realtime 200 in 4013ms
 GET /api/realtime 200 in 3559ms
 GET /api/realtime 200 in 3853ms
 GET /api/realtime 200 in 6364ms
 GET /api/realtime 200 in 341ms
 GET /api/realtime 200 in 6098ms
 GET /api/realtime 200 in 3071ms
 GET /api/realtime 200 in 5695ms
 GET /api/realtime 200 in 6404ms
 GET /api/realtime 200 in 4450ms
 GET /api/realtime 200 in 15120ms
 GET /api/realtime 200 in 11711ms
 GET /api/realtime 200 in 5519ms
 GET /api/realtime 200 in 15075ms
 GET /api/realtime 200 in 6182ms
 GET /api/realtime 200 in 2286ms
 GET /api/realtime 200 in 10148ms
 GET /api/realtime 200 in 15643ms
 GET /api/realtime 200 in 4004ms
 GET /api/realtime 200 in 14258ms
 GET /api/realtime 200 in 15165ms
 GET /api/realtime 200 in 2530ms
 GET /api/realtime 200 in 14632ms
 GET /api/realtime 200 in 15828ms
 GET /api/realtime 200 in 3117ms
 GET /api/realtime 200 in 11360ms
 GET /api/realtime 200 in 6756ms
 GET /api/realtime 200 in 1738ms
 GET /api/realtime 200 in 3702ms
 GET /api/realtime 200 in 10825ms
 GET /api/realtime 200 in 10014ms
 GET /api/realtime 200 in 15039ms
 GET /api/realtime 200 in 4572ms
 GET /api/realtime 200 in 6773ms
 GET /api/realtime 200 in 12245ms
 GET /api/realtime 200 in 14579ms
 GET /api/realtime 200 in 13216ms
 GET /api/realtime 200 in 14979ms
 GET /api/realtime 200 in 17353ms
 GET /api/realtime 200 in 15883ms
 GET /api/realtime 200 in 12519ms
 GET /api/realtime 200 in 13841ms
 GET /api/realtime 200 in 15751ms
 GET /api/realtime 200 in 17598ms
 GET /api/realtime 200 in 14074ms
 GET /api/realtime 200 in 9327ms
 GET /api/realtime 200 in 15757ms
 GET /api/realtime 200 in 14100ms
 GET /api/realtime 200 in 15996ms
 GET /api/realtime 200 in 14871ms
 GET /api/realtime 200 in 14312ms
 GET /api/realtime 200 in 14266ms
 GET /api/realtime 200 in 4683ms
 GET /api/realtime 200 in 14172ms
 GET /api/realtime 200 in 17839ms
 GET /api/realtime 200 in 5215ms
 GET /api/realtime 200 in 14783ms
 GET /api/realtime 200 in 16666ms
 GET /api/realtime 200 in 5482ms
 GET /api/realtime 200 in 15068ms
 GET /api/realtime 200 in 15772ms
 GET /api/realtime 200 in 16133ms
 GET /api/realtime 200 in 15656ms
 GET /api/realtime 200 in 15000ms
 GET /api/realtime 200 in 5438ms
 GET /api/realtime 200 in 16232ms
 GET /api/realtime 200 in 15136ms
 GET /api/realtime 200 in 6617ms
 GET /api/realtime 200 in 15311ms
 GET /api/realtime 200 in 6305ms
 GET /api/realtime 200 in 10095ms
 GET /api/realtime 200 in 15983ms
 GET /api/realtime 200 in 5362ms
 GET /api/realtime 200 in 15426ms
 GET /api/realtime 200 in 14062ms
 GET /api/realtime 200 in 9471ms
 GET /api/realtime 200 in 11309ms
 GET /api/realtime 200 in 14734ms
 GET /api/realtime 200 in 14002ms
 GET /api/realtime 200 in 10634ms
 GET /api/realtime 200 in 15643ms
 GET /api/realtime 200 in 11445ms
 GET /api/realtime 200 in 14709ms
 GET /api/realtime 200 in 17219ms
 GET /api/realtime 200 in 15877ms
 GET /api/realtime 200 in 15123ms
 GET /api/realtime 200 in 14950ms
 GET /api/realtime 200 in 7162ms
 GET /api/realtime 200 in 15055ms
 GET /api/realtime 200 in 15296ms
 GET /api/realtime 200 in 13954ms
 GET /api/realtime 200 in 4930ms
 GET /api/realtime 200 in 16829ms
 GET /api/realtime 200 in 13310ms
 GET /api/realtime 200 in 14585ms
 GET /api/realtime 200 in 18799ms
 GET /api/realtime 200 in 14207ms
 GET /api/realtime 200 in 9967ms
 GET /api/realtime 200 in 15276ms
 GET /api/realtime 200 in 15550ms
 GET /api/realtime 200 in 16224ms
 GET /api/realtime 200 in 5790ms
 GET /api/realtime 200 in 16341ms
 GET /api/realtime 200 in 16478ms
 GET /api/realtime 200 in 14931ms
 GET /api/realtime 200 in 15419ms
 GET /api/realtime 200 in 15932ms
 GET /api/realtime 200 in 5696ms
 GET /api/realtime 200 in 17940ms
 GET /api/realtime 200 in 17692ms
 GET /api/realtime 200 in 14717ms
 GET /api/realtime 200 in 15238ms
 GET /api/realtime 200 in 15452ms
 GET /api/realtime 200 in 16858ms
 GET /api/realtime 200 in 14678ms
 GET /api/realtime 200 in 16956ms
 GET /api/realtime 200 in 15653ms
 GET /api/realtime 200 in 18278ms
 GET /api/realtime 200 in 11249ms
 GET /api/realtime 200 in 9833ms
 GET /api/realtime 200 in 17337ms
 GET /api/realtime 200 in 11809ms
 GET /api/realtime 200 in 6877ms
 GET /api/realtime 200 in 18225ms
 GET /api/realtime 200 in 16204ms
 GET /api/realtime 200 in 17195ms
 GET /api/realtime 200 in 17006ms
 GET /api/realtime 200 in 15999ms
 GET /api/realtime 200 in 15751ms
 GET /api/realtime 200 in 18762ms
 GET /api/realtime 200 in 14035ms
 GET /api/realtime 200 in 11117ms
 GET /api/realtime 200 in 16130ms
 GET /api/realtime 200 in 13403ms
 GET /api/realtime 200 in 13927ms
 GET /api/realtime 200 in 14762ms
 GET /api/realtime 200 in 6346ms
 GET /api/realtime 200 in 18891ms
 GET /api/realtime 200 in 6861ms
 GET /api/realtime 200 in 14145ms
 GET /api/realtime 200 in 19036ms
 GET /api/realtime 200 in 16775ms
 GET /api/realtime 200 in 13888ms
 GET /api/realtime 200 in 13107ms
 GET /api/realtime 200 in 16669ms
 GET /api/realtime 200 in 14461ms
 GET /api/realtime 200 in 16550ms
 GET /api/realtime 200 in 18539ms
 GET /api/realtime 200 in 14641ms
 GET /api/realtime 200 in 19010ms
 GET /api/realtime 200 in 12682ms
 GET /api/realtime 200 in 14544ms
 GET /api/realtime 200 in 14689ms
 GET /api/realtime 200 in 15054ms
 GET /api/realtime 200 in 15397ms
 GET /api/realtime 200 in 13800ms
 GET /api/realtime 200 in 19661ms
 GET /api/realtime 200 in 14257ms
 GET /api/realtime 200 in 16341ms
 GET /api/realtime 200 in 15275ms
 GET /api/realtime 200 in 16541ms
 GET /api/realtime 200 in 17146ms
 GET /api/realtime 200 in 15337ms
 GET /api/realtime 200 in 16441ms
 GET /api/realtime 200 in 16734ms
 GET /api/realtime 200 in 15571ms
 GET /api/realtime 200 in 17189ms
 GET /api/realtime 200 in 16741ms
 GET /api/realtime 200 in 14882ms
 GET /api/realtime 200 in 16375ms
 GET /api/realtime 200 in 17273ms
 GET /api/realtime 200 in 15862ms
 GET /api/realtime 200 in 17712ms
 GET /api/realtime 200 in 16263ms
 GET /api/realtime 200 in 17395ms
 GET /api/realtime 200 in 18777ms
 GET /api/realtime 200 in 16810ms
 GET /api/realtime 200 in 17122ms
 GET /api/realtime 200 in 19356ms
 GET /api/realtime 200 in 19450ms
 GET /api/realtime 200 in 19225ms
 GET /api/realtime 200 in 15478ms
 GET /api/realtime 200 in 16239ms
 GET /api/realtime 200 in 15834ms
 GET /api/realtime 200 in 17427ms
 GET /api/realtime 200 in 16602ms
 GET /api/realtime 200 in 16083ms
 GET /api/realtime 200 in 16575ms
 GET /api/realtime 200 in 16272ms
 GET /api/realtime 200 in 17111ms
 GET /api/realtime 200 in 19574ms
 GET /api/realtime 200 in 17904ms
 GET /api/realtime 200 in 17480ms
 GET /api/realtime 200 in 15369ms
 GET /api/realtime 200 in 18073ms
 GET /api/realtime 200 in 15449ms
 GET /api/realtime 200 in 16447ms
 GET /api/realtime 200 in 16606ms
 GET /api/realtime 200 in 20082ms
 GET /api/realtime 200 in 15989ms
 GET /api/realtime 200 in 16972ms
 GET /api/realtime 200 in 20506ms
 GET /api/realtime 200 in 17966ms
 GET /api/realtime 200 in 16150ms
 GET /api/realtime 200 in 27646ms
 GET /api/realtime 200 in 18200ms
 GET /api/realtime 200 in 17075ms
 GET /api/realtime 200 in 19161ms
 GET /api/realtime 200 in 17283ms
 GET /api/realtime 200 in 15723ms
 GET /api/realtime 200 in 18785ms
 GET /api/realtime 200 in 16654ms
 GET /api/realtime 200 in 15900ms
 GET /api/realtime 200 in 16352ms
 GET /api/realtime 200 in 17653ms
 GET /api/realtime 200 in 16513ms
 GET /api/realtime 200 in 17842ms
 GET /api/realtime 200 in 18008ms
 GET /api/realtime 200 in 17561ms
 GET /api/realtime 200 in 18954ms
 GET /api/realtime 200 in 15928ms
 GET /api/realtime 200 in 18149ms
 GET /api/realtime 200 in 18308ms
 GET /api/realtime 200 in 14417ms
 GET /api/realtime 200 in 19769ms
 GET /api/realtime 200 in 15252ms
 GET /api/realtime 200 in 15199ms
 GET /api/realtime 200 in 16797ms
 GET /api/realtime 200 in 18272ms
 GET /api/realtime 200 in 16940ms
 GET /api/realtime 200 in 17165ms
 GET /api/realtime 200 in 19367ms
 GET /api/realtime 200 in 15272ms
 GET /api/realtime 200 in 19799ms
 GET /api/realtime 200 in 17112ms
 GET /api/realtime 200 in 17518ms
 GET /api/realtime 200 in 19169ms
 GET /api/realtime 200 in 17668ms
 GET /api/realtime 200 in 16515ms
 GET /api/realtime 200 in 15944ms
 GET /api/realtime 200 in 18395ms
 GET /api/realtime 200 in 17635ms
 GET /api/realtime 200 in 26639ms
 GET /api/realtime 200 in 17693ms
 GET /api/realtime 200 in 16940ms
 GET /api/realtime 200 in 15549ms
 GET /api/realtime 200 in 20277ms
 GET /api/realtime 200 in 16385ms
 GET /api/realtime 200 in 17520ms
 GET /api/realtime 200 in 16621ms
 GET /api/realtime 200 in 17895ms
 GET /api/realtime 200 in 15575ms
 GET /api/realtime 200 in 18678ms
 GET /api/realtime 200 in 18117ms
 GET /api/realtime 200 in 19317ms
 GET /api/realtime 200 in 17343ms
 GET /api/realtime 200 in 18399ms
 GET /api/realtime 200 in 17233ms
 GET /api/realtime 200 in 15853ms
 GET /api/realtime 200 in 17491ms
 GET /api/realtime 200 in 17800ms
 GET /api/realtime 200 in 15760ms
 GET /api/realtime 200 in 17776ms
 GET /api/realtime 200 in 17625ms
 GET /api/realtime 200 in 17798ms
 GET /api/realtime 200 in 17626ms
 GET /api/realtime 200 in 18558ms
 GET /api/realtime 200 in 18467ms
 GET /api/realtime 200 in 16469ms
 GET /api/realtime 200 in 19073ms
 GET /api/realtime 200 in 17299ms
 GET /api/realtime 200 in 16902ms
 GET /api/realtime 200 in 17176ms
 GET /api/realtime 200 in 16739ms
 GET /api/realtime 200 in 16463ms
 GET /api/realtime 200 in 18258ms
 GET /api/realtime 200 in 18126ms
 GET /api/realtime 200 in 16349ms
 GET /api/realtime 200 in 17986ms
 GET /api/realtime 200 in 16071ms
 GET /api/realtime 200 in 16721ms
 GET /api/realtime 200 in 17013ms
 GET /api/realtime 200 in 18220ms
 GET /api/realtime 200 in 18405ms
 GET /api/realtime 200 in 18733ms
 GET /api/realtime 200 in 17863ms
 GET /api/realtime 200 in 19814ms
 GET /api/realtime 200 in 16873ms
 GET /api/realtime 200 in 19451ms
 GET /api/realtime 200 in 18643ms
 GET /api/realtime 200 in 17039ms
 GET /api/realtime 200 in 19429ms
 GET /api/realtime 200 in 17532ms
 GET /api/realtime 200 in 18146ms
 GET /api/realtime 200 in 19084ms
 GET /api/realtime 200 in 18409ms
 GET /api/realtime 200 in 19427ms
 GET /api/realtime 200 in 20058ms
 GET /api/realtime 200 in 17479ms
 GET /api/realtime 200 in 18477ms
 GET /api/realtime 200 in 18102ms
 GET /api/realtime 200 in 18810ms
 GET /api/realtime 200 in 18277ms
 GET /api/realtime 200 in 25592ms
 GET /api/realtime 200 in 18811ms
 GET /api/realtime 200 in 18568ms
 GET /api/realtime 200 in 26092ms
 GET /api/realtime 200 in 19558ms
 GET /api/realtime 200 in 18061ms
 GET /api/realtime 200 in 20540ms
 GET /api/realtime 200 in 20194ms
 GET /api/realtime 200 in 17881ms
 GET /api/realtime 200 in 17832ms
 GET /api/realtime 200 in 19312ms
 GET /api/realtime 200 in 18543ms
 GET /api/realtime 200 in 19434ms
 GET /api/realtime 200 in 18694ms
 GET /api/realtime 200 in 17784ms
 GET /api/realtime 200 in 19107ms
 GET /api/realtime 200 in 18524ms
 GET /api/realtime 200 in 26026ms
 GET /api/realtime 200 in 19830ms
 GET /api/realtime 200 in 18364ms
 GET /api/realtime 200 in 19349ms
 GET /api/realtime 200 in 19711ms
 GET /api/realtime 200 in 19021ms
 GET /api/realtime 200 in 19196ms
 GET /api/realtime 200 in 18698ms
 GET /api/realtime 200 in 18078ms
 GET /api/realtime 200 in 18703ms
 GET /api/realtime 200 in 18620ms
 GET /api/realtime 200 in 20034ms
 GET /api/realtime 200 in 1025ms
 GET /api/realtime 200 in 1411ms
 GET /api/realtime 200 in 2079ms
 GET /api/realtime 200 in 5943ms
 GET /api/realtime 200 in 4987ms
 GET /api/realtime 200 in 7135ms
 GET /api/realtime 200 in 4036ms
 GET /api/realtime 200 in 3873ms
 GET /api/realtime 200 in 378ms
 GET /api/realtime 200 in 4844ms
 GET /api/realtime 200 in 1982ms
 GET /api/realtime 200 in 12684ms
 GET /api/realtime 200 in 4799ms
 GET /api/realtime 200 in 3977ms
 GET /api/realtime 200 in 6123ms
 GET /api/realtime 200 in 1132ms
 GET /api/realtime 200 in 5045ms
 GET /api/realtime 200 in 3294ms
 GET /api/realtime 200 in 3057ms
 GET /api/realtime 200 in 2361ms
 GET /api/realtime 200 in 3638ms
 GET /api/realtime 200 in 2864ms
 GET /api/realtime 200 in 1675ms
 GET /api/realtime 200 in 2711ms
 GET /api/realtime 200 in 2622ms
 GET /api/realtime 200 in 633ms
 GET /api/realtime 200 in 6301ms
 GET /api/realtime 200 in 5234ms
 GET /api/realtime 200 in 342ms
 GET /api/realtime 200 in 2653ms
 GET /api/realtime 200 in 14244ms
 GET /api/realtime 200 in 4948ms
 GET /api/realtime 200 in 5605ms
 GET /api/realtime 200 in 1773ms
 GET /api/realtime 200 in 2923ms
 GET /api/realtime 200 in 4510ms
 GET /api/realtime 200 in 14886ms
 GET /api/realtime 200 in 5710ms
 GET /api/realtime 200 in 5184ms
 GET /api/realtime 200 in 9988ms
 GET /api/realtime 200 in 1888ms
 GET /api/realtime 200 in 3946ms
 GET /api/realtime 200 in 3359ms
 GET /api/realtime 200 in 13711ms
 GET /api/realtime 200 in 1832ms
 GET /api/realtime 200 in 944ms
 GET /api/realtime 200 in 1282ms
 GET /api/realtime 200 in 2508ms
 GET /api/realtime 200 in 6601ms
 GET /api/realtime 200 in 2955ms
 GET /api/realtime 200 in 2946ms
 GET /api/realtime 200 in 12242ms
 GET /api/realtime 200 in 4330ms
 GET /api/realtime 200 in 1490ms
 GET /api/realtime 200 in 497ms
 GET /api/realtime 200 in 1084ms
 GET /api/realtime 200 in 1639ms
 GET /api/realtime 200 in 1243ms
 GET /api/realtime 200 in 9506ms
 GET /api/realtime 200 in 1596ms
 GET /api/realtime 200 in 1745ms
 GET /api/realtime 200 in 4444ms
 GET /api/realtime 200 in 1764ms
 GET /api/realtime 200 in 516ms
 GET /api/realtime 200 in 3539ms
 GET /api/realtime 200 in 277ms
 GET /api/realtime 200 in 3582ms
 GET /api/realtime 200 in 5942ms
 GET /api/realtime 200 in 333ms
 GET /api/realtime 200 in 427ms
 GET /api/realtime 200 in 6774ms
 GET /api/realtime 200 in 3007ms
 GET /api/realtime 200 in 5736ms
 GET /api/realtime 200 in 688ms
 GET /api/realtime 200 in 16185ms
 GET /api/realtime 200 in 2814ms
 GET /api/realtime 200 in 2446ms
 GET /api/realtime 200 in 1184ms
 GET /api/realtime 200 in 977ms
 GET /api/realtime 200 in 2237ms
 GET /api/realtime 200 in 2167ms
 GET /api/realtime 200 in 7245ms
 GET /api/realtime 200 in 5130ms
 GET /api/realtime 200 in 12503ms
 GET /api/realtime 200 in 10405ms
 GET /api/realtime 200 in 1461ms
 GET /api/realtime 200 in 1717ms
 GET /api/realtime 200 in 3377ms
 GET /api/realtime 200 in 14192ms
 GET /api/realtime 200 in 2711ms
 GET /api/realtime 200 in 918ms
 GET /api/realtime 200 in 11626ms
 GET /api/realtime 200 in 1677ms
 GET /api/realtime 200 in 1254ms
 GET /api/realtime 200 in 5082ms
 GET /api/realtime 200 in 2315ms
 GET /api/realtime 200 in 3496ms
 GET /api/realtime 200 in 13980ms
 GET /api/realtime 200 in 4902ms
 GET /api/realtime 200 in 3430ms
 GET /api/realtime 200 in 2010ms
 GET /api/realtime 200 in 16101ms
 GET /api/realtime 200 in 445ms
 GET /api/realtime 200 in 2348ms
 GET /api/realtime 200 in 378ms
 GET /api/realtime 200 in 2586ms
 GET /api/realtime 200 in 4674ms
 GET /api/realtime 200 in 2137ms
 GET /api/realtime 200 in 1330ms
 GET /api/realtime 200 in 1935ms
 GET /api/realtime 200 in 4732ms
 GET /api/realtime 200 in 11087ms
 GET /api/realtime 200 in 14662ms
 GET /api/realtime 200 in 4321ms
 GET /api/realtime 200 in 10891ms
 GET /api/realtime 200 in 4492ms
 GET /api/realtime 200 in 5778ms
 GET /api/realtime 200 in 3894ms
 GET /api/realtime 200 in 3187ms
 GET /api/realtime 200 in 2071ms
 GET /api/realtime 200 in 4179ms
 GET /api/realtime 200 in 2211ms
 GET /api/realtime 200 in 5002ms
 GET /api/realtime 200 in 11157ms
 GET /api/realtime 200 in 1372ms
 GET /api/realtime 200 in 2486ms
 GET /api/realtime 200 in 4521ms
 GET /api/realtime 200 in 5434ms
 GET /api/realtime 200 in 3862ms
 GET /api/realtime 200 in 1538ms
 GET /api/realtime 200 in 13008ms
 GET /api/realtime 200 in 2804ms
 GET /api/realtime 200 in 6781ms
 GET /api/realtime 200 in 15031ms
 GET /api/realtime 200 in 5685ms
 GET /api/realtime 200 in 3630ms
 GET /api/realtime 200 in 2160ms
 GET /api/realtime 200 in 828ms
 GET /api/realtime 200 in 2299ms
 GET /api/realtime 200 in 9863ms
 GET /api/realtime 200 in 615ms
 GET /api/realtime 200 in 4634ms
 GET /api/realtime 200 in 14062ms
 GET /api/realtime 200 in 1359ms
 GET /api/realtime 200 in 13283ms
 GET /api/realtime 200 in 3123ms
 GET /api/realtime 200 in 9769ms
 GET /api/realtime 200 in 14532ms
 GET /api/realtime 200 in 561ms
 GET /api/realtime 200 in 3312ms
 GET /api/realtime 200 in 311ms
 GET /api/realtime 200 in 1553ms
 GET /api/realtime 200 in 2454ms
 GET /api/realtime 200 in 1014ms
 GET /api/realtime 200 in 4938ms
 GET /api/realtime 200 in 5286ms
 GET /api/realtime 200 in 3053ms
 GET /api/realtime 200 in 4258ms
 GET /api/realtime 200 in 3825ms
 GET /api/realtime 200 in 13819ms
 GET /api/realtime 200 in 3581ms
 GET /api/realtime 200 in 923ms
 GET /api/realtime 200 in 238ms
 GET /api/realtime 200 in 12459ms
 GET /api/realtime 200 in 3777ms
 GET /api/realtime 200 in 2613ms
 GET /api/realtime 200 in 9394ms
 GET /api/realtime 200 in 13086ms
 GET /api/realtime 200 in 5889ms
 GET /api/realtime 200 in 3544ms
 GET /api/realtime 200 in 4858ms
 GET /api/realtime 200 in 6305ms
 GET /api/realtime 200 in 15012ms
 GET /api/realtime 200 in 5250ms
 GET /api/realtime 200 in 1418ms
 GET /api/realtime 200 in 3737ms
 GET /api/realtime 200 in 1252ms
 GET /api/realtime 200 in 7216ms
 GET /api/realtime 200 in 2380ms
 GET /api/realtime 200 in 3242ms
 GET /api/realtime 200 in 12143ms
 GET /api/realtime 200 in 5547ms
 GET /api/realtime 200 in 1103ms
 GET /api/realtime 200 in 14955ms
 GET /api/realtime 200 in 1636ms
 GET /api/realtime 200 in 6089ms
 GET /api/realtime 200 in 4437ms
 GET /api/realtime 200 in 4676ms
 GET /api/realtime 200 in 16679ms
 GET /api/realtime 200 in 3807ms
 GET /api/realtime 200 in 606ms
 GET /api/realtime 200 in 1199ms
 GET /api/realtime 200 in 5402ms
 GET /api/realtime 200 in 3305ms
 GET /api/realtime 200 in 2533ms
 GET /api/realtime 200 in 3150ms
 GET /api/realtime 200 in 6911ms
 GET /api/realtime 200 in 5187ms
 GET /api/realtime 200 in 3480ms
 GET /api/realtime 200 in 6586ms
 GET /api/realtime 200 in 3669ms
 GET /api/realtime 200 in 5433ms
 GET /api/realtime 200 in 2105ms
 GET /api/realtime 200 in 2778ms
 GET /api/realtime 200 in 10708ms
 GET /api/realtime 200 in 4459ms
 GET /api/realtime 200 in 4300ms
 GET /api/realtime 200 in 3952ms
 GET /api/realtime 200 in 1451ms
 GET /api/realtime 200 in 11310ms
 GET /api/realtime 200 in 1952ms
 GET /api/realtime 200 in 13947ms
 GET /api/realtime 200 in 4320ms
 GET /api/realtime 200 in 1055ms
 GET /api/realtime 200 in 6026ms
 GET /api/realtime 200 in 4138ms
 GET /api/realtime 200 in 15108ms
 GET /api/realtime 200 in 15112ms
 GET /api/realtime 200 in 3082ms
 GET /api/realtime 200 in 4972ms
 GET /api/realtime 200 in 711ms
 GET /api/realtime 200 in 13685ms
 GET /api/realtime 200 in 12084ms
 GET /api/realtime 200 in 5736ms
 GET /api/realtime 200 in 14338ms
 GET /api/realtime 200 in 1154ms
 GET /api/realtime 200 in 4631ms
 GET /api/realtime 200 in 919ms
 GET /api/realtime 200 in 17470ms
 GET /api/realtime 200 in 6733ms
 GET /api/realtime 200 in 14123ms
 GET /api/realtime 200 in 6141ms
 GET /api/realtime 200 in 12612ms
 GET /api/realtime 200 in 4802ms
 GET /api/realtime 200 in 14108ms
 GET /api/realtime 200 in 5345ms
 GET /api/realtime 200 in 5962ms
 GET /api/realtime 200 in 17514ms
 GET /api/realtime 200 in 15761ms
 GET /api/realtime 200 in 16448ms
 GET /api/realtime 200 in 3185ms
 GET /api/realtime 200 in 15762ms
 GET /api/realtime 200 in 5487ms
 GET /api/realtime 200 in 5215ms
 GET /api/realtime 200 in 13975ms
 GET /api/realtime 200 in 4399ms
 GET /api/realtime 200 in 3497ms
 GET /api/realtime 200 in 10650ms
 GET /api/realtime 200 in 1867ms
 GET /api/realtime 200 in 15751ms
 GET /api/realtime 200 in 15676ms
 GET /api/realtime 200 in 5622ms
 GET /api/realtime 200 in 7080ms
 GET /api/realtime 200 in 15889ms
 GET /api/realtime 200 in 14581ms
 GET /api/realtime 200 in 2027ms
 GET /api/realtime 200 in 17133ms
 GET /api/realtime 200 in 16130ms
 GET /api/realtime 200 in 4117ms
 GET /api/realtime 200 in 13176ms
 GET /api/realtime 200 in 10518ms
 GET /api/realtime 200 in 4793ms
 GET /api/realtime 200 in 6693ms
 GET /api/realtime 200 in 14991ms
 GET /api/realtime 200 in 4430ms
 GET /api/realtime 200 in 15511ms
 GET /api/realtime 200 in 3778ms
 GET /api/realtime 200 in 11063ms
 GET /api/realtime 200 in 14564ms
 GET /api/realtime 200 in 5890ms
 GET /api/realtime 200 in 7157ms
 GET /api/realtime 200 in 6173ms
 GET /api/realtime 200 in 12025ms
 GET /api/realtime 200 in 10393ms
 GET /api/realtime 200 in 4083ms
 GET /api/realtime 200 in 6075ms
[?25h
