  ▲ Next.js 14.2.28
  - Local:        http://localhost:3000
  - Environments: .env
  - Experiments (use with caution):
    · outputFileTracingRoot

 ✓ Starting...
 ✓ Ready in 2.1s
 ○ Compiling / ...
 ✓ Compiled / in 1902ms (596 modules)
 GET / 200 in 2276ms
 ✓ Compiled in 507ms (296 modules)
 GET / 200 in 75ms
 GET / 200 in 65ms
 GET / 200 in 68ms
 GET / 200 in 61ms
 GET / 200 in 67ms
 GET / 200 in 61ms
 GET / 200 in 64ms
 ✓ Compiled /api/auth/[...nextauth] in 475ms (541 modules)
 GET /api/auth/session 200 in 958ms
 GET /api/auth/session 200 in 66ms
 GET / 200 in 100ms
 GET / 200 in 66ms
 GET / 200 in 63ms
 GET / 200 in 64ms
 GET / 200 in 73ms
 GET / 200 in 63ms
 GET / 200 in 64ms
 GET / 200 in 65ms
 GET / 200 in 65ms
 GET / 200 in 66ms
 GET / 200 in 66ms
 GET / 200 in 69ms
 GET / 200 in 61ms
 GET / 200 in 61ms
 GET / 200 in 63ms
 GET / 200 in 65ms
[?25h
