➤ YN0000: · Yarn 4.12.0
➤ YN0000: ┌ Resolution step
➤ YN0085: │ - @azure/abort-controller@npm:2.1.2, @azure/core-auth@npm:1.10.1, @azure/core-client@npm:1.10.1, @azure/core-http-compat@npm:2.3.1, and 11 more.
➤ YN0000: └ Completed
➤ YN0000: ┌ Post-resolution validation
➤ YN0060: │ @typescript-eslint/parser is listed by your project with version 7.0.0 (p6cb6c0), which doesn't satisfy what @typescript-eslint/eslint-plugin requests (^6.0.0-alpha).
➤ YN0060: │ eslint is listed by your project with version 9.24.0 (pe6e000), which doesn't satisfy what @typescript-eslint/eslint-plugin and other dependencies request (^8.57.0).
➤ YN0002: │ app@workspace:. doesn't provide prettier (pd88b5f), requested by eslint-plugin-prettier.
➤ YN0086: │ Some peer dependencies are incorrectly met by your project; run yarn explain peer-requirements <hash> for details, where <hash> is the six-letter p-prefixed code.
➤ YN0086: │ Some peer dependencies are incorrectly met by dependencies; run yarn explain peer-requirements for details.
➤ YN0000: └ Completed
➤ YN0000: ┌ Fetch step
➤ YN0000: └ Completed in 0s 899ms
➤ YN0000: ┌ Link step
➤ YN0000: └ Completed in 0s 442ms
➤ YN0000: · Done with warnings in 1s 539ms
Environment variables loaded from .env
Prisma schema loaded from prisma/schema.prisma

✔ Generated Prisma Client (v6.7.0) to ./node_modules/.prisma/client in 423ms

Start by importing your Prisma Client (See: https://pris.ly/d/importing-client)

Tip: Want to turn off tips and other hints? https://pris.ly/tip-4-nohints

Starting server...
  ▲ Next.js 14.2.28
  - Local:        http://localhost:3000
  - Environments: .env
  - Experiments (use with caution):
    · outputFileTracingRoot

 ✓ Starting...
 ✓ Ready in 2.2s
 ○ Compiling / ...
 ✓ Compiled / in 2.4s (611 modules)
 HEAD / 200 in 3066ms
 ✓ Compiled in 694ms (297 modules)
 HEAD / 200 in 122ms
 GET / 200 in 101ms
 ✓ Compiled /api/auth/[...nextauth] in 457ms (555 modules)
 GET /api/auth/session 200 in 1019ms
 GET /api/auth/session 200 in 96ms
 GET / 200 in 177ms
 GET / 200 in 100ms
 GET / 200 in 112ms
 GET / 200 in 108ms
 GET / 200 in 137ms
 GET / 200 in 126ms
 GET / 200 in 90ms
 GET / 200 in 96ms
 GET /api/auth/session 200 in 93ms
 GET /api/auth/session 200 in 98ms
 GET / 200 in 97ms
 GET / 200 in 92ms
 GET / 200 in 91ms
 GET / 200 in 94ms
 GET / 200 in 96ms
 GET / 200 in 96ms
 GET / 200 in 94ms
 GET / 200 in 97ms
 GET / 200 in 98ms
 GET / 200 in 88ms
 GET / 200 in 96ms
 GET / 200 in 97ms
 GET / 200 in 97ms
 GET / 200 in 100ms
 GET / 200 in 97ms
 GET / 200 in 101ms
 GET / 200 in 97ms
 GET / 200 in 100ms
 GET / 200 in 95ms
 GET / 200 in 94ms
 GET / 200 in 99ms
 GET / 200 in 101ms
 GET / 200 in 110ms
 GET / 200 in 105ms
 GET / 200 in 125ms
 GET / 200 in 102ms
 GET / 200 in 97ms
 GET / 200 in 108ms
 GET / 200 in 103ms
 GET / 200 in 97ms
 GET / 200 in 92ms
 GET / 200 in 109ms
 GET / 200 in 102ms
 GET / 200 in 113ms
 GET / 200 in 100ms
 GET / 200 in 102ms
 GET / 200 in 109ms
 GET / 200 in 233ms
 GET / 200 in 101ms
 GET / 200 in 98ms
 GET / 200 in 221ms
 GET / 200 in 107ms
 ○ Compiling /login ...
 ✓ Compiled /login in 1100ms (655 modules)
 GET / 200 in 151ms
 ✓ Compiled /api/auth/[...nextauth] in 156ms (584 modules)
 GET /api/auth/providers 200 in 362ms
 GET /api/auth/csrf 200 in 106ms
 POST /api/auth/callback/credentials 200 in 524ms
 GET /api/auth/session 200 in 96ms
 ✓ Compiled /middleware in 291ms (174 modules)
 ○ Compiling /dashboard ...
 ✓ Compiled /dashboard in 1926ms (1881 modules)
 GET /dashboard?_rsc=iqngu 200 in 137ms
 ✓ Compiled /api/dashboard/agenda in 222ms (1110 modules)
 ✓ Compiled (1119 modules)
 GET /api/notifications?limit=10 200 in 663ms
 GET /api/dashboard/agenda 200 in 648ms
 ✓ Compiled /api/realtime in 287ms (1122 modules)
 GET /api/dashboard/agenda 200 in 216ms
 GET /api/notifications?limit=10 200 in 217ms
 GET /api/realtime 200 in 250ms
 GET /api/realtime 200 in 255ms
 GET /api/realtime 200 in 293ms
 GET /api/realtime 200 in 255ms
 GET /api/realtime 200 in 355ms
 GET /api/realtime 200 in 277ms
 GET /api/realtime 200 in 262ms
 GET /api/realtime 200 in 255ms
 GET /api/realtime 200 in 280ms
 GET /api/realtime 200 in 259ms
 GET /api/realtime 200 in 256ms
 GET /api/realtime 200 in 257ms
 GET /api/realtime 200 in 271ms
 GET /api/realtime 200 in 279ms
 GET /api/realtime 200 in 257ms
 GET /api/realtime 200 in 249ms
 GET /api/realtime 200 in 275ms
 GET /api/realtime 200 in 248ms
 GET /api/realtime 200 in 248ms
 GET /api/realtime 200 in 249ms
 GET /api/realtime 200 in 273ms
 GET /api/realtime 200 in 264ms
 GET /api/realtime 200 in 252ms
 GET /api/realtime 200 in 256ms
 GET /api/realtime 200 in 261ms
 GET /api/realtime 200 in 18237ms
