  ▲ Next.js 14.2.28
  - Local:        http://localhost:3000
  - Environments: .env
  - Experiments (use with caution):
    · outputFileTracingRoot

 ✓ Starting...
 ✓ Ready in 2.1s
 ○ Compiling / ...
 ✓ Compiled / in 2.4s (596 modules)
 GET / 200 in 2839ms
 ✓ Compiled in 457ms (296 modules)
 ○ Compiling /api/auth/[...nextauth] ...
 ✓ Compiled /api/auth/[...nextauth] in 616ms (541 modules)
 GET /api/auth/providers 200 in 1058ms
 GET / 200 in 104ms
 GET /api/auth/session 200 in 62ms
 GET /api/auth/session 200 in 41ms
 ○ Compiling /signup ...
 ✓ Compiled /signup in 673ms (881 modules)
 GET /signup 200 in 840ms
 GET /login 200 in 852ms
 GET /api/auth/session 200 in 61ms
 GET /api/auth/session 200 in 36ms
 GET /api/auth/session 200 in 40ms
 GET /api/auth/session 200 in 36ms
 GET /api/auth/session 200 in 36ms
 GET /api/auth/csrf 200 in 45ms
 ✓ Compiled /api/signup in 192ms (597 modules)
 POST /api/signup 200 in 665ms
 GET / 200 in 81ms
 GET /api/auth/signin 302 in 54ms
 GET /login?callbackUrl=https://4b8f6bc33.preview.abacusai.app 200 in 52ms
 GET /api/auth/csrf 200 in 38ms
 POST /api/auth/callback/credentials 302 in 338ms
 ✓ Compiled /middleware in 193ms (174 modules)
 ○ Compiling /dashboard ...
 ✓ Compiled /dashboard in 2.8s (2853 modules)
 GET /dashboard 200 in 3104ms
 GET / 200 in 72ms
 GET /dashboard 200 in 85ms
 GET /api/auth/session 200 in 112ms
 ○ Compiling /api/realtime ...
 ✓ Compiled /api/realtime in 599ms (1579 modules)
 ✓ Compiled (1582 modules)
 GET /api/auth/session 200 in 896ms
 GET /api/notifications?limit=10 200 in 953ms
 GET /api/realtime 200 in 595ms
 GET /api/auth/session 200 in 80ms
 GET /api/notifications?limit=10 200 in 76ms
 GET /api/realtime 200 in 103ms
 GET /api/auth/session 200 in 55ms
 GET /api/realtime 200 in 84ms
 GET /api/notifications?limit=10 200 in 70ms
 GET /api/auth/session 200 in 84ms
 GET /api/notifications?limit=10 200 in 119ms
 GET /api/auth/session 200 in 70ms
 GET /api/realtime 200 in 107ms
 GET /api/realtime 200 in 57ms
 GET /api/realtime 200 in 54ms
 GET /api/realtime 200 in 63ms
 GET /api/realtime 200 in 63ms
 GET /api/realtime 200 in 54ms
 GET /api/realtime 200 in 59ms
 GET /api/realtime 200 in 55ms
 GET /api/realtime 200 in 51ms
 GET /api/realtime 200 in 63ms
 GET /api/realtime 200 in 77ms
 GET /api/realtime 200 in 55ms
 GET /api/realtime 200 in 55ms
 GET /api/realtime 200 in 61ms
 GET /api/realtime 200 in 58ms
 GET /api/realtime 200 in 60ms
 GET /api/realtime 200 in 60ms
 GET /api/realtime 200 in 66ms
 GET /api/realtime 200 in 58ms
 GET /api/realtime 200 in 55ms
 GET /api/realtime 200 in 55ms
 GET /api/realtime 200 in 56ms
 GET /api/realtime 200 in 69ms
 GET /api/realtime 200 in 58ms
 GET /api/realtime 200 in 61ms
 GET /api/realtime 200 in 58ms
 GET /api/realtime 200 in 81ms
 GET /api/realtime 200 in 100ms
 GET /api/realtime 200 in 71ms
 GET /api/realtime 200 in 67ms
 GET /api/realtime 200 in 68ms
 GET /api/realtime 200 in 65ms
 GET /api/realtime 200 in 58ms
 GET /api/realtime 200 in 73ms
 GET /api/realtime 200 in 59ms
 GET /api/realtime 200 in 58ms
 GET /api/realtime 200 in 76ms
 GET /api/realtime 200 in 69ms
 GET /api/realtime 200 in 59ms
 GET /api/realtime 200 in 67ms
 GET /api/realtime 200 in 76ms
 GET /api/realtime 200 in 63ms
 GET /api/realtime 200 in 77ms
 GET /api/realtime 200 in 78ms
 GET /api/realtime 200 in 77ms
 GET /api/realtime 200 in 66ms
 GET /api/realtime 200 in 66ms
 GET /api/realtime 200 in 68ms
 GET /api/realtime 200 in 64ms
 GET /api/realtime 200 in 76ms
 GET /api/realtime 200 in 82ms
 GET /api/realtime 200 in 75ms
 GET /api/realtime 200 in 72ms
 GET /api/realtime 200 in 83ms
 GET /api/realtime 200 in 106ms
 GET /api/realtime 200 in 122ms
 GET /api/realtime 200 in 61ms
 GET /api/realtime 200 in 71ms
 GET /api/realtime 200 in 70ms
 GET /api/realtime 200 in 74ms
 GET /api/realtime 200 in 6983ms
 GET /api/realtime 200 in 26ms
 ○ Compiling /team ...
 ✓ Compiled /team in 3.8s (3389 modules)
prisma:error 
Invalid `_lib_db__WEBPACK_IMPORTED_MODULE_4__.prisma.rFI.findMany()` invocation in
/home/ubuntu/cortexbuild_pro/nextjs_space/.next/server/app/(dashboard)/rfis/page.js:5512:57

  5509         name: "asc"
  5510     }
  5511 }),
→ 5512 _lib_db__WEBPACK_IMPORTED_MODULE_4__.prisma.rFI.findMany(
Too many database connections opened: FATAL: too many connections for role "role_ddaacb0a0"
Prisma Accelerate has built-in connection pooling to prevent such errors: https://pris.ly/client/error-accelerate
prisma:error 
Invalid `_lib_db__WEBPACK_IMPORTED_MODULE_4__.prisma.teamMember.findMany()` invocation in
/home/ubuntu/cortexbuild_pro/nextjs_space/.next/server/app/(dashboard)/rfis/page.js:5549:64

  5546         createdAt: "desc"
  5547     }
  5548 }),
→ 5549 _lib_db__WEBPACK_IMPORTED_MODULE_4__.prisma.teamMember.findMany(
Too many database connections opened: FATAL: too many connections for role "role_ddaacb0a0"
Prisma Accelerate has built-in connection pooling to prevent such errors: https://pris.ly/client/error-accelerate
prisma:error 
Invalid `_lib_db__WEBPACK_IMPORTED_MODULE_4__.prisma.punchList.findMany()` invocation in
/home/ubuntu/cortexbuild_pro/nextjs_space/.next/server/app/(dashboard)/punch-lists/page.js:4719:63

  4716         name: true
  4717     }
  4718 }),
→ 4719 _lib_db__WEBPACK_IMPORTED_MODULE_4__.prisma.punchList.findMany(
Too many database connections opened: FATAL: too many connections for role "role_ddaacb0a0"
Prisma Accelerate has built-in connection pooling to prevent such errors: https://pris.ly/client/error-accelerate
prisma:error 
Invalid `_lib_db__WEBPACK_IMPORTED_MODULE_4__.prisma.teamMember.findMany()` invocation in
/home/ubuntu/cortexbuild_pro/nextjs_space/.next/server/app/(dashboard)/punch-lists/page.js:4750:64

  4747         createdAt: "desc"
  4748     }
  4749 }),
→ 4750 _lib_db__WEBPACK_IMPORTED_MODULE_4__.prisma.teamMember.findMany(
Too many database connections opened: FATAL: too many connections for role "role_ddaacb0a0"
Prisma Accelerate has built-in connection pooling to prevent such errors: https://pris.ly/client/error-accelerate
prisma:error 
Invalid `_lib_db__WEBPACK_IMPORTED_MODULE_4__.prisma.changeOrder.findMany()` invocation in
/home/ubuntu/cortexbuild_pro/nextjs_space/.next/server/app/(dashboard)/change-orders/page.js:5025:65

  5022         name: "asc"
  5023     }
  5024 }),
→ 5025 _lib_db__WEBPACK_IMPORTED_MODULE_4__.prisma.changeOrder.findMany(
Too many database connections opened: FATAL: too many connections for role "role_ddaacb0a0"
Prisma Accelerate has built-in connection pooling to prevent such errors: https://pris.ly/client/error-accelerate
 GET /materials 200 in 4720ms
 GET /meetings 200 in 4655ms
 GET /projects/new 200 in 4639ms
 GET /daily-reports 200 in 4656ms
 GET /submittals 200 in 4699ms
 GET /projects 200 in 4700ms
 GET /equipment 200 in 4659ms
 GET /subcontractors 200 in 4703ms
 GET /settings 200 in 4667ms
 GET /reports 200 in 4667ms
 GET /documents 200 in 4672ms
 GET /safety 200 in 4671ms
 GET /rfis 500 in 4672ms
 GET /punch-lists 500 in 4718ms
 GET /change-orders 500 in 4718ms
 GET /inspections 200 in 4702ms
 GET /tasks 200 in 4759ms
 GET /budget 200 in 4775ms
 GET /team 200 in 5104ms
 GET /company 200 in 5113ms
 GET /api/notifications?limit=10 200 in 376ms
 GET /api/auth/session 200 in 422ms
 GET /api/realtime 200 in 276ms
 GET /api/realtime 200 in 261ms
 GET /api/realtime 200 in 258ms
 GET /api/realtime 200 in 517ms
 GET /api/realtime 200 in 544ms
 GET /api/notifications?limit=10 200 in 555ms
 GET /api/realtime 200 in 511ms
 GET /api/realtime 200 in 445ms
 GET /api/realtime 200 in 540ms
 GET /api/auth/session 200 in 557ms
 GET /api/realtime 200 in 461ms
 GET /api/realtime 200 in 231ms
 GET /api/realtime 200 in 260ms
 GET /api/realtime 200 in 507ms
 GET /api/realtime 200 in 488ms
 ○ Compiling /api/company/stats ...
 GET /api/realtime 200 in 3755ms
 GET /api/realtime 200 in 3728ms
 GET /api/realtime 200 in 3573ms
 GET /api/realtime 200 in 3655ms
 ✓ Compiled /api/company/stats in 3.6s (1881 modules)
 GET /api/realtime 200 in 4537ms
 GET /api/realtime 200 in 5415ms
 GET /api/realtime 200 in 4566ms
 GET /api/realtime 200 in 5341ms
 GET /api/realtime 200 in 5556ms
 GET /api/realtime 200 in 4784ms
 GET /api/auth/session 200 in 4559ms
 GET /api/notifications?limit=10 200 in 4728ms
 GET /api/realtime 200 in 4660ms
 GET /api/realtime 200 in 4661ms
 GET /api/realtime 200 in 4710ms
 GET /api/realtime 200 in 5432ms
 GET /api/realtime 200 in 5763ms
 GET /api/realtime 200 in 5609ms
 GET /api/realtime 200 in 5669ms
 GET /api/realtime 200 in 4354ms
 GET /api/realtime 200 in 4597ms
prisma:error 
Invalid `_lib_db__WEBPACK_IMPORTED_MODULE_3__.prisma.safetyIncident.count()` invocation in
/home/ubuntu/cortexbuild_pro/nextjs_space/.next/server/app/api/company/stats/route.js:380:72

  377         }
  378     }
  379 }),
→ 380 _lib_db__WEBPACK_IMPORTED_MODULE_3__.prisma.safetyIncident.count(
Too many database connections opened: FATAL: too many connections for role "role_ddaacb0a0"
Prisma Accelerate has built-in connection pooling to prevent such errors: https://pris.ly/client/error-accelerate
 GET /api/company/stats 500 in 4940ms
prisma:error 
Invalid `_lib_db__WEBPACK_IMPORTED_MODULE_3__.prisma.activityLog.count()` invocation in
/home/ubuntu/cortexbuild_pro/nextjs_space/.next/server/app/api/company/stats/route.js:397:69

  394         }
  395     }
  396 }),
→ 397 _lib_db__WEBPACK_IMPORTED_MODULE_3__.prisma.activityLog.count(
Too many database connections opened: FATAL: too many connections for role "role_ddaacb0a0"
Prisma Accelerate has built-in connection pooling to prevent such errors: https://pris.ly/client/error-accelerate
prisma:error 
Invalid `_lib_db__WEBPACK_IMPORTED_MODULE_3__.prisma.project.groupBy()` invocation in
/home/ubuntu/cortexbuild_pro/nextjs_space/.next/server/app/api/company/stats/route.js:418:65

  415     },
  416     _count: true
  417 }),
→ 418 _lib_db__WEBPACK_IMPORTED_MODULE_3__.prisma.project.groupBy(
Too many database connections opened: FATAL: too many connections for role "role_ddaacb0a0"
Prisma Accelerate has built-in connection pooling to prevent such errors: https://pris.ly/client/error-accelerate
prisma:error 
Invalid `_lib_db__WEBPACK_IMPORTED_MODULE_3__.prisma.user.groupBy()` invocation in
/home/ubuntu/cortexbuild_pro/nextjs_space/.next/server/app/api/company/stats/route.js:427:62

  424     },
  425     _count: true
  426 }),
→ 427 _lib_db__WEBPACK_IMPORTED_MODULE_3__.prisma.user.groupBy(
Too many database connections opened: FATAL: too many connections for role "role_ddaacb0a0"
Prisma Accelerate has built-in connection pooling to prevent such errors: https://pris.ly/client/error-accelerate
prisma:error 
Invalid `prisma.$queryRaw()` invocation:


Too many database connections opened: FATAL: too many connections for role "role_ddaacb0a0"
Prisma Accelerate has built-in connection pooling to prevent such errors: https://pris.ly/client/error-accelerate
prisma:error 
Invalid `_lib_db__WEBPACK_IMPORTED_MODULE_3__.prisma.project.findMany()` invocation in
/home/ubuntu/cortexbuild_pro/nextjs_space/.next/server/app/api/company/stats/route.js:444:65

  441   GROUP BY DATE("createdAt")
  442   ORDER BY date ASC
  443 `,
→ 444       _lib_db__WEBPACK_IMPORTED_MODULE_3__.prisma.project.findMany(
Too many database connections opened: FATAL: too many connections for role "role_ddaacb0a0"
Prisma Accelerate has built-in connection pooling to prevent such errors: https://pris.ly/client/error-accelerate
prisma:error 
Invalid `_lib_db__WEBPACK_IMPORTED_MODULE_3__.prisma.changeOrder.count()` invocation in
/home/ubuntu/cortexbuild_pro/nextjs_space/.next/server/app/api/company/stats/route.js:366:69

  363         }
  364     }
  365 }),
→ 366 _lib_db__WEBPACK_IMPORTED_MODULE_3__.prisma.changeOrder.count(
Too many database connections opened: FATAL: too many connections for role "role_ddaacb0a0"
Prisma Accelerate has built-in connection pooling to prevent such errors: https://pris.ly/client/error-accelerate
 GET /api/notifications?limit=10 200 in 421ms
prisma:error 
Invalid `_lib_db__WEBPACK_IMPORTED_MODULE_3__.prisma.activityLog.findMany()` invocation in
/home/ubuntu/cortexbuild_pro/nextjs_space/.next/server/app/api/notifications/route.js:280:90

  277         id: true
  278     }
  279 });
→ 280 const activities = await _lib_db__WEBPACK_IMPORTED_MODULE_3__.prisma.activityLog.findMany(
Too many database connections opened: FATAL: too many connections for role "role_ddaacb0a0"
Prisma Accelerate has built-in connection pooling to prevent such errors: https://pris.ly/client/error-accelerate
prisma:error 
Invalid `_lib_db__WEBPACK_IMPORTED_MODULE_3__.prisma.activityLog.findMany()` invocation in
/home/ubuntu/cortexbuild_pro/nextjs_space/.next/server/app/api/notifications/route.js:280:90

  277         id: true
  278     }
  279 });
→ 280 const activities = await _lib_db__WEBPACK_IMPORTED_MODULE_3__.prisma.activityLog.findMany(
Too many database connections opened: FATAL: too many connections for role "role_ddaacb0a0"
Prisma Accelerate has built-in connection pooling to prevent such errors: https://pris.ly/client/error-accelerate
prisma:error 
Invalid `_lib_db__WEBPACK_IMPORTED_MODULE_3__.prisma.activityLog.findMany()` invocation in
/home/ubuntu/cortexbuild_pro/nextjs_space/.next/server/app/api/notifications/route.js:280:90

  277         id: true
  278     }
  279 });
→ 280 const activities = await _lib_db__WEBPACK_IMPORTED_MODULE_3__.prisma.activityLog.findMany(
Too many database connections opened: FATAL: too many connections for role "role_ddaacb0a0"
Prisma Accelerate has built-in connection pooling to prevent such errors: https://pris.ly/client/error-accelerate
prisma:error 
Invalid `_lib_db__WEBPACK_IMPORTED_MODULE_3__.prisma.activityLog.findMany()` invocation in
/home/ubuntu/cortexbuild_pro/nextjs_space/.next/server/app/api/notifications/route.js:280:90

  277         id: true
  278     }
  279 });
→ 280 const activities = await _lib_db__WEBPACK_IMPORTED_MODULE_3__.prisma.activityLog.findMany(
Too many database connections opened: FATAL: too many connections for role "role_ddaacb0a0"
Prisma Accelerate has built-in connection pooling to prevent such errors: https://pris.ly/client/error-accelerate
 GET /api/notifications?limit=10 500 in 439ms
prisma:error 
Invalid `_lib_db__WEBPACK_IMPORTED_MODULE_3__.prisma.activityLog.findMany()` invocation in
/home/ubuntu/cortexbuild_pro/nextjs_space/.next/server/app/api/notifications/route.js:280:90

  277         id: true
  278     }
  279 });
→ 280 const activities = await _lib_db__WEBPACK_IMPORTED_MODULE_3__.prisma.activityLog.findMany(
Too many database connections opened: FATAL: too many connections for role "role_ddaacb0a0"
Prisma Accelerate has built-in connection pooling to prevent such errors: https://pris.ly/client/error-accelerate
prisma:error 
Invalid `_lib_db__WEBPACK_IMPORTED_MODULE_3__.prisma.activityLog.findMany()` invocation in
/home/ubuntu/cortexbuild_pro/nextjs_space/.next/server/app/api/notifications/route.js:280:90

  277         id: true
  278     }
  279 });
→ 280 const activities = await _lib_db__WEBPACK_IMPORTED_MODULE_3__.prisma.activityLog.findMany(
Too many database connections opened: FATAL: too many connections for role "role_ddaacb0a0"
Prisma Accelerate has built-in connection pooling to prevent such errors: https://pris.ly/client/error-accelerate
 GET /api/notifications?limit=10 500 in 447ms
prisma:error 
Invalid `_lib_db__WEBPACK_IMPORTED_MODULE_3__.prisma.activityLog.findMany()` invocation in
/home/ubuntu/cortexbuild_pro/nextjs_space/.next/server/app/api/notifications/route.js:280:90

  277         id: true
  278     }
  279 });
→ 280 const activities = await _lib_db__WEBPACK_IMPORTED_MODULE_3__.prisma.activityLog.findMany(
Too many database connections opened: FATAL: too many connections for role "role_ddaacb0a0"
Prisma Accelerate has built-in connection pooling to prevent such errors: https://pris.ly/client/error-accelerate
 GET /api/notifications?limit=10 500 in 449ms
 GET /api/realtime 200 in 244ms
 GET /api/auth/session 200 in 309ms
 GET /api/auth/session 200 in 310ms
 GET /api/auth/session 200 in 310ms
 GET /api/auth/session 200 in 308ms
prisma:error 
Invalid `_lib_db__WEBPACK_IMPORTED_MODULE_3__.prisma.user.groupBy()` invocation in
/home/ubuntu/cortexbuild_pro/nextjs_space/.next/server/app/api/company/stats/route.js:427:62

  424     },
  425     _count: true
  426 }),
→ 427 _lib_db__WEBPACK_IMPORTED_MODULE_3__.prisma.user.groupBy(
Too many database connections opened: FATAL: too many connections for role "role_ddaacb0a0"
Prisma Accelerate has built-in connection pooling to prevent such errors: https://pris.ly/client/error-accelerate
 GET /api/company/stats 500 in 310ms
prisma:error 
Invalid `prisma.$queryRaw()` invocation:


Too many database connections opened: FATAL: too many connections for role "role_ddaacb0a0"
Prisma Accelerate has built-in connection pooling to prevent such errors: https://pris.ly/client/error-accelerate
prisma:error 
Invalid `_lib_db__WEBPACK_IMPORTED_MODULE_3__.prisma.submittal.count()` invocation in
/home/ubuntu/cortexbuild_pro/nextjs_space/.next/server/app/api/company/stats/route.js:353:67

  350         }
  351     }
  352 }),
→ 353 _lib_db__WEBPACK_IMPORTED_MODULE_3__.prisma.submittal.count(
Too many database connections opened: FATAL: too many connections for role "role_ddaacb0a0"
Prisma Accelerate has built-in connection pooling to prevent such errors: https://pris.ly/client/error-accelerate
prisma:error 
Invalid `_lib_db__WEBPACK_IMPORTED_MODULE_3__.prisma.safetyIncident.count()` invocation in
/home/ubuntu/cortexbuild_pro/nextjs_space/.next/server/app/api/company/stats/route.js:380:72

  377         }
  378     }
  379 }),
→ 380 _lib_db__WEBPACK_IMPORTED_MODULE_3__.prisma.safetyIncident.count(
Too many database connections opened: FATAL: too many connections for role "role_ddaacb0a0"
Prisma Accelerate has built-in connection pooling to prevent such errors: https://pris.ly/client/error-accelerate
prisma:error 
Invalid `_lib_db__WEBPACK_IMPORTED_MODULE_3__.prisma.activityLog.count()` invocation in
/home/ubuntu/cortexbuild_pro/nextjs_space/.next/server/app/api/company/stats/route.js:397:69

  394         }
  395     }
  396 }),
→ 397 _lib_db__WEBPACK_IMPORTED_MODULE_3__.prisma.activityLog.count(
Too many database connections opened: FATAL: too many connections for role "role_ddaacb0a0"
Prisma Accelerate has built-in connection pooling to prevent such errors: https://pris.ly/client/error-accelerate
prisma:error 
Invalid `_lib_db__WEBPACK_IMPORTED_MODULE_3__.prisma.project.groupBy()` invocation in
/home/ubuntu/cortexbuild_pro/nextjs_space/.next/server/app/api/company/stats/route.js:418:65

  415     },
  416     _count: true
  417 }),
→ 418 _lib_db__WEBPACK_IMPORTED_MODULE_3__.prisma.project.groupBy(
Too many database connections opened: FATAL: too many connections for role "role_ddaacb0a0"
Prisma Accelerate has built-in connection pooling to prevent such errors: https://pris.ly/client/error-accelerate
prisma:error 
Invalid `_lib_db__WEBPACK_IMPORTED_MODULE_3__.prisma.project.findMany()` invocation in
/home/ubuntu/cortexbuild_pro/nextjs_space/.next/server/app/api/company/stats/route.js:444:65

  441   GROUP BY DATE("createdAt")
  442   ORDER BY date ASC
  443 `,
→ 444       _lib_db__WEBPACK_IMPORTED_MODULE_3__.prisma.project.findMany(
Too many database connections opened: FATAL: too many connections for role "role_ddaacb0a0"
Prisma Accelerate has built-in connection pooling to prevent such errors: https://pris.ly/client/error-accelerate
 GET /api/realtime 200 in 163ms
 GET /api/auth/session 200 in 46ms
 GET /api/realtime 200 in 73ms
prisma:error 
Invalid `_lib_db__WEBPACK_IMPORTED_MODULE_3__.prisma.submittal.count()` invocation in
/home/ubuntu/cortexbuild_pro/nextjs_space/.next/server/app/api/company/stats/route.js:353:67

  350         }
  351     }
  352 }),
→ 353 _lib_db__WEBPACK_IMPORTED_MODULE_3__.prisma.submittal.count(
Too many database connections opened: FATAL: too many connections for role "role_ddaacb0a0"
Prisma Accelerate has built-in connection pooling to prevent such errors: https://pris.ly/client/error-accelerate
 GET /api/company/stats 500 in 62ms
prisma:error 
Invalid `_lib_db__WEBPACK_IMPORTED_MODULE_3__.prisma.project.findMany()` invocation in
/home/ubuntu/cortexbuild_pro/nextjs_space/.next/server/app/api/company/stats/route.js:444:65

  441   GROUP BY DATE("createdAt")
  442   ORDER BY date ASC
  443 `,
→ 444       _lib_db__WEBPACK_IMPORTED_MODULE_3__.prisma.project.findMany(
Too many database connections opened: FATAL: too many connections for role "role_ddaacb0a0"
Prisma Accelerate has built-in connection pooling to prevent such errors: https://pris.ly/client/error-accelerate
prisma:error 
Invalid `_lib_db__WEBPACK_IMPORTED_MODULE_3__.prisma.task.count()` invocation in
/home/ubuntu/cortexbuild_pro/nextjs_space/.next/server/app/api/company/stats/route.js:316:62

  313         status: "COMPLETE"
  314     }
  315 }),
→ 316 _lib_db__WEBPACK_IMPORTED_MODULE_3__.prisma.task.count(
Too many database connections opened: FATAL: too many connections for role "role_ddaacb0a0"
Prisma Accelerate has built-in connection pooling to prevent such errors: https://pris.ly/client/error-accelerate
prisma:error 
Invalid `_lib_db__WEBPACK_IMPORTED_MODULE_3__.prisma.safetyIncident.count()` invocation in
/home/ubuntu/cortexbuild_pro/nextjs_space/.next/server/app/api/company/stats/route.js:380:72

  377         }
  378     }
  379 }),
→ 380 _lib_db__WEBPACK_IMPORTED_MODULE_3__.prisma.safetyIncident.count(
Too many database connections opened: FATAL: too many connections for role "role_ddaacb0a0"
Prisma Accelerate has built-in connection pooling to prevent such errors: https://pris.ly/client/error-accelerate
prisma:error 
Invalid `_lib_db__WEBPACK_IMPORTED_MODULE_3__.prisma.activityLog.count()` invocation in
/home/ubuntu/cortexbuild_pro/nextjs_space/.next/server/app/api/company/stats/route.js:397:69

  394         }
  395     }
  396 }),
→ 397 _lib_db__WEBPACK_IMPORTED_MODULE_3__.prisma.activityLog.count(
Too many database connections opened: FATAL: too many connections for role "role_ddaacb0a0"
Prisma Accelerate has built-in connection pooling to prevent such errors: https://pris.ly/client/error-accelerate
prisma:error 
Invalid `_lib_db__WEBPACK_IMPORTED_MODULE_3__.prisma.user.groupBy()` invocation in
/home/ubuntu/cortexbuild_pro/nextjs_space/.next/server/app/api/company/stats/route.js:427:62

  424     },
  425     _count: true
  426 }),
→ 427 _lib_db__WEBPACK_IMPORTED_MODULE_3__.prisma.user.groupBy(
Too many database connections opened: FATAL: too many connections for role "role_ddaacb0a0"
Prisma Accelerate has built-in connection pooling to prevent such errors: https://pris.ly/client/error-accelerate
prisma:error 
Invalid `prisma.$queryRaw()` invocation:


Too many database connections opened: FATAL: too many connections for role "role_ddaacb0a0"
Prisma Accelerate has built-in connection pooling to prevent such errors: https://pris.ly/client/error-accelerate
 GET /api/realtime 200 in 88ms
prisma:error 
Invalid `_lib_db__WEBPACK_IMPORTED_MODULE_3__.prisma.project.groupBy()` invocation in
/home/ubuntu/cortexbuild_pro/nextjs_space/.next/server/app/api/company/stats/route.js:418:65

  415     },
  416     _count: true
  417 }),
→ 418 _lib_db__WEBPACK_IMPORTED_MODULE_3__.prisma.project.groupBy(
Too many database connections opened: FATAL: too many connections for role "role_ddaacb0a0"
Prisma Accelerate has built-in connection pooling to prevent such errors: https://pris.ly/client/error-accelerate
 GET /api/company/stats 500 in 67ms
prisma:error 
Invalid `_lib_db__WEBPACK_IMPORTED_MODULE_3__.prisma.task.count()` invocation in
/home/ubuntu/cortexbuild_pro/nextjs_space/.next/server/app/api/company/stats/route.js:308:62

  305         }
  306     }
  307 }),
→ 308 _lib_db__WEBPACK_IMPORTED_MODULE_3__.prisma.task.count(
Too many database connections opened: FATAL: too many connections for role "role_ddaacb0a0"
Prisma Accelerate has built-in connection pooling to prevent such errors: https://pris.ly/client/error-accelerate
prisma:error 
Invalid `_lib_db__WEBPACK_IMPORTED_MODULE_3__.prisma.submittal.count()` invocation in
/home/ubuntu/cortexbuild_pro/nextjs_space/.next/server/app/api/company/stats/route.js:353:67

  350         }
  351     }
  352 }),
→ 353 _lib_db__WEBPACK_IMPORTED_MODULE_3__.prisma.submittal.count(
Too many database connections opened: FATAL: too many connections for role "role_ddaacb0a0"
Prisma Accelerate has built-in connection pooling to prevent such errors: https://pris.ly/client/error-accelerate
prisma:error 
Invalid `prisma.$queryRaw()` invocation:


Too many database connections opened: FATAL: too many connections for role "role_ddaacb0a0"
Prisma Accelerate has built-in connection pooling to prevent such errors: https://pris.ly/client/error-accelerate
prisma:error 
Invalid `_lib_db__WEBPACK_IMPORTED_MODULE_3__.prisma.project.findMany()` invocation in
/home/ubuntu/cortexbuild_pro/nextjs_space/.next/server/app/api/company/stats/route.js:444:65

  441   GROUP BY DATE("createdAt")
  442   ORDER BY date ASC
  443 `,
→ 444       _lib_db__WEBPACK_IMPORTED_MODULE_3__.prisma.project.findMany(
Too many database connections opened: FATAL: too many connections for role "role_ddaacb0a0"
Prisma Accelerate has built-in connection pooling to prevent such errors: https://pris.ly/client/error-accelerate
prisma:error 
Invalid `_lib_db__WEBPACK_IMPORTED_MODULE_3__.prisma.task.groupBy()` invocation in
/home/ubuntu/cortexbuild_pro/nextjs_space/.next/server/app/api/company/stats/route.js:407:62

  404         }
  405     }
  406 }),
→ 407 _lib_db__WEBPACK_IMPORTED_MODULE_3__.prisma.task.groupBy(
Too many database connections opened: FATAL: too many connections for role "role_ddaacb0a0"
Prisma Accelerate has built-in connection pooling to prevent such errors: https://pris.ly/client/error-accelerate
prisma:error 
Invalid `_lib_db__WEBPACK_IMPORTED_MODULE_3__.prisma.user.groupBy()` invocation in
/home/ubuntu/cortexbuild_pro/nextjs_space/.next/server/app/api/company/stats/route.js:427:62

  424     },
  425     _count: true
  426 }),
→ 427 _lib_db__WEBPACK_IMPORTED_MODULE_3__.prisma.user.groupBy(
Too many database connections opened: FATAL: too many connections for role "role_ddaacb0a0"
Prisma Accelerate has built-in connection pooling to prevent such errors: https://pris.ly/client/error-accelerate
 GET /api/realtime 200 in 64ms
 GET /api/realtime 200 in 58ms
 GET /api/realtime 200 in 54ms
 GET /api/realtime 200 in 57ms
 GET /api/realtime 200 in 57ms
 GET /api/realtime 200 in 59ms
 GET /api/realtime 200 in 79ms
 GET /api/realtime 200 in 76ms
 GET /api/realtime 200 in 73ms
 GET /api/realtime 200 in 78ms
 GET /api/realtime 200 in 67ms
 GET /api/realtime 200 in 66ms
 GET /api/realtime 200 in 59ms
 GET /api/realtime 200 in 54ms
 GET /api/realtime 200 in 56ms
 GET /api/realtime 200 in 57ms
 GET /api/realtime 200 in 60ms
 GET /api/realtime 200 in 72ms
 GET /api/realtime 200 in 59ms
 GET /api/realtime 200 in 65ms
 GET /api/realtime 200 in 79ms
 GET /api/realtime 200 in 70ms
 GET /api/realtime 200 in 73ms
 GET /api/realtime 200 in 86ms
 GET /api/realtime 200 in 76ms
 GET /api/realtime 200 in 66ms
 GET /api/realtime 200 in 66ms
 GET /api/realtime 200 in 78ms
 GET /api/realtime 200 in 77ms
 GET /api/realtime 200 in 151ms
 GET /api/realtime 200 in 66ms
 GET /api/realtime 200 in 66ms
 GET /api/realtime 200 in 68ms
 GET /api/realtime 200 in 69ms
 GET /api/realtime 200 in 80ms
 GET /api/realtime 200 in 69ms
 GET /api/realtime 200 in 116ms
 GET /api/realtime 200 in 93ms
 GET /api/realtime 200 in 60ms
 GET /api/realtime 200 in 57ms
 GET /api/realtime 200 in 71ms
 GET /api/realtime 200 in 65ms
 GET /api/realtime 200 in 45ms
 GET /api/realtime 200 in 9360ms
 ○ Compiling /company/team ...
 ✓ Compiled /company/team in 3.3s (3523 modules)
 GET /company/team 200 in 3651ms
 GET /company/invitations 200 in 3667ms
 GET /company/usage 200 in 3667ms
 GET /projects/project-mall-renovation 200 in 3940ms
 GET /projects/project-riverside-homes 200 in 3941ms
 GET /projects/project-downtown-office 200 in 3941ms
 ○ Compiling /api/company/invitations ...
 ✓ Compiled /api/company/invitations in 919ms (1961 modules)
 GET /api/auth/session 200 in 1763ms
 GET /api/company/invitations? 200 in 1793ms
 GET /api/notifications?limit=10 200 in 1354ms
 GET /api/realtime 200 in 996ms
 GET /api/realtime 200 in 982ms
 GET /api/realtime 200 in 952ms
 GET /api/auth/session 200 in 125ms
 GET /api/realtime 200 in 141ms
 GET /api/realtime 200 in 142ms
 GET /api/realtime 200 in 139ms
 GET /api/notifications?limit=10 200 in 145ms
 GET /api/company/invitations? 200 in 153ms
 GET /api/realtime 200 in 110ms
 GET /api/realtime 200 in 146ms
 GET /api/realtime 200 in 153ms
 GET /api/auth/session 200 in 167ms
 GET /api/notifications?limit=10 200 in 167ms
 GET /api/company/invitations? 200 in 158ms
 GET /api/realtime 200 in 137ms
 GET /api/realtime 200 in 114ms
 GET /api/auth/session 200 in 196ms
 GET /api/notifications?limit=10 200 in 207ms
 GET /api/realtime 200 in 205ms
 GET /api/company/invitations? 200 in 212ms
 GET /api/realtime 200 in 196ms
 GET /api/realtime 200 in 173ms
 GET /api/auth/session 200 in 145ms
 GET /api/notifications?limit=10 200 in 147ms
 GET /api/realtime 200 in 191ms
 GET /api/realtime 200 in 176ms
 GET /api/realtime 200 in 128ms
 GET /api/notifications?limit=10 200 in 129ms
 GET /api/auth/session 200 in 122ms
 GET /api/realtime 200 in 121ms
 GET /api/realtime 200 in 115ms
 GET /api/realtime 200 in 123ms
 GET /api/auth/session 200 in 109ms
 GET /api/notifications?limit=10 200 in 146ms
 GET /api/realtime 200 in 144ms
 GET /api/realtime 200 in 142ms
 GET /api/notifications?limit=10 200 in 108ms
 GET /api/auth/session 200 in 101ms
 GET /api/realtime 200 in 144ms
 GET /api/realtime 200 in 97ms
 GET /api/realtime 200 in 100ms
 GET /api/notifications?limit=10 200 in 109ms
 GET /api/realtime 200 in 135ms
 GET /api/realtime 200 in 90ms
 GET /api/auth/session 200 in 133ms
 GET /api/realtime 200 in 130ms
 GET /api/notifications?limit=10 200 in 89ms
 GET /api/realtime 200 in 109ms
 GET /api/realtime 200 in 116ms
 GET /api/auth/session 200 in 105ms
 GET /api/realtime 200 in 109ms
 GET /api/notifications?limit=10 200 in 104ms
 GET /api/realtime 200 in 89ms
 GET /api/realtime 200 in 116ms
 GET /api/auth/session 200 in 191ms
 GET /api/realtime 200 in 193ms
 GET /api/realtime 200 in 211ms
 GET /api/notifications?limit=10 200 in 216ms
 GET /api/realtime 200 in 224ms
 GET /api/auth/session 200 in 128ms
 GET /api/realtime 200 in 158ms
 GET /api/realtime 200 in 153ms
 GET /api/realtime 200 in 179ms
 GET /api/auth/session 200 in 112ms
 GET /api/realtime 200 in 116ms
 GET /api/realtime 200 in 98ms
 GET /api/realtime 200 in 122ms
 GET /api/auth/session 200 in 97ms
 GET /api/realtime 200 in 97ms
 GET /api/realtime 200 in 87ms
 GET /api/realtime 200 in 154ms
 GET /api/auth/session 200 in 118ms
 GET /api/realtime 200 in 125ms
 GET /api/realtime 200 in 120ms
 GET /api/auth/session 200 in 79ms
 GET /api/realtime 200 in 119ms
 GET /api/realtime 200 in 83ms
 GET /api/realtime 200 in 83ms
 GET /api/auth/session 200 in 89ms
 GET /api/realtime 200 in 121ms
 GET /api/realtime 200 in 105ms
 GET /api/realtime 200 in 94ms
 GET /api/auth/session 200 in 82ms
 GET /api/realtime 200 in 121ms
 GET /api/realtime 200 in 118ms
 GET /api/realtime 200 in 147ms
 GET /api/auth/session 200 in 108ms
 GET /api/realtime 200 in 126ms
 GET /api/realtime 200 in 108ms
 GET /api/realtime 200 in 146ms
 GET /api/auth/session 200 in 126ms
 GET /api/realtime 200 in 145ms
 GET /api/realtime 200 in 144ms
 GET /api/auth/session 200 in 73ms
 GET /api/realtime 200 in 122ms
 GET /api/realtime 200 in 113ms
 GET /api/realtime 200 in 114ms
 GET /api/realtime 200 in 120ms
 GET /api/auth/session 200 in 121ms
 GET /api/realtime 200 in 143ms
 GET /api/realtime 200 in 121ms
 GET /api/realtime 200 in 102ms
 GET /api/realtime 200 in 89ms
 GET /api/realtime 200 in 84ms
 GET /api/realtime 200 in 82ms
 GET /api/realtime 200 in 111ms
 GET /api/realtime 200 in 114ms
 GET /api/realtime 200 in 113ms
 GET /api/realtime 200 in 112ms
 GET /api/realtime 200 in 102ms
 GET /api/realtime 200 in 89ms
 GET /api/realtime 200 in 73ms
 GET /api/realtime 200 in 93ms
 GET /api/realtime 200 in 83ms
 GET /api/realtime 200 in 67ms
 GET /api/realtime 200 in 86ms
 GET /api/realtime 200 in 87ms
 GET /api/realtime 200 in 76ms
 GET /api/realtime 200 in 70ms
 GET /api/realtime 200 in 90ms
 GET /api/realtime 200 in 91ms
 GET /api/realtime 200 in 66ms
 GET /api/realtime 200 in 80ms
 GET /api/realtime 200 in 90ms
 GET /api/realtime 200 in 78ms
 GET /api/realtime 200 in 65ms
 GET /api/realtime 200 in 75ms
 GET /api/realtime 200 in 71ms
 GET /api/realtime 200 in 84ms
 GET /api/realtime 200 in 92ms
 GET /api/realtime 200 in 78ms
 GET /api/realtime 200 in 60ms
 GET /api/realtime 200 in 79ms
 GET /api/realtime 200 in 88ms
 GET /api/realtime 200 in 145ms
 GET /api/realtime 200 in 63ms
 GET /api/realtime 200 in 73ms
 GET /api/realtime 200 in 117ms
 GET /api/realtime 200 in 109ms
 GET /api/realtime 200 in 72ms
 GET /api/realtime 200 in 116ms
 GET /api/realtime 200 in 216ms
 GET /api/realtime 200 in 68ms
 GET /api/realtime 200 in 80ms
 GET /api/realtime 200 in 94ms
 GET /api/realtime 200 in 91ms
 GET /api/realtime 200 in 62ms
 GET /api/realtime 200 in 95ms
 GET /api/realtime 200 in 81ms
 GET /api/realtime 200 in 6785ms
 GET /api/realtime 200 in 60ms
 GET /api/realtime 200 in 66ms
 GET /api/realtime 200 in 65ms
 GET /api/realtime 200 in 6894ms
 GET /api/realtime 200 in 34ms
 GET /api/realtime 200 in 88ms
 GET /api/realtime 200 in 6915ms
[?25h
