  ▲ Next.js 14.2.28
  - Local:        http://localhost:3000
  - Environments: .env
  - Experiments (use with caution):
    · outputFileTracingRoot

 ✓ Starting...
 ✓ Ready in 2.1s
 ○ Compiling / ...
 ✓ Compiled / in 2.3s (596 modules)
 GET / 200 in 2904ms
 ✓ Compiled in 552ms (296 modules)
 GET / 200 in 101ms
 ✓ Compiled /api/auth/[...nextauth] in 422ms (541 modules)
 GET /api/auth/session 200 in 898ms
 GET /api/auth/session 200 in 77ms
 GET / 200 in 111ms
 GET / 200 in 106ms
 GET / 200 in 107ms
 GET / 200 in 73ms
 GET /api/auth/session 200 in 100ms
 GET /api/auth/session 200 in 61ms
 GET / 200 in 70ms
 GET / 200 in 61ms
 GET / 200 in 73ms
 GET /api/auth/session 200 in 67ms
 GET / 200 in 64ms
[?25h
