  ▲ Next.js 14.2.28
  - Local:        http://localhost:3000
  - Environments: .env
  - Experiments (use with caution):
    · outputFileTracingRoot

 ✓ Starting...
 ✓ Ready in 1695ms
 ○ Compiling / ...
 ✓ Compiled / in 1989ms (596 modules)
 GET / 200 in 2529ms
 ✓ Compiled in 546ms (296 modules)
 ✓ Compiled /api/auth/[...nextauth] in 473ms (541 modules)
 GET /api/auth/providers 200 in 967ms
 GET / 200 in 116ms
 GET /api/auth/session 200 in 73ms
 GET /api/auth/session 200 in 60ms
 ○ Compiling /signup ...
 ✓ Compiled /signup in 740ms (881 modules)
 GET /login 200 in 936ms
 GET /signup 200 in 935ms
 GET /api/auth/session 200 in 81ms
 GET /api/auth/session 200 in 60ms
 GET /api/auth/session 200 in 59ms
 GET /api/auth/session 200 in 60ms
 GET /api/auth/session 200 in 68ms
 GET /api/auth/csrf 200 in 72ms
 ✓ Compiled /api/signup in 288ms (597 modules)
 POST /api/signup 200 in 783ms
 GET / 200 in 97ms
 GET /api/auth/signin 302 in 83ms
 GET /login?callbackUrl=https://614a7c077.preview.abacusai.app 200 in 74ms
 GET /api/auth/csrf 200 in 70ms
 POST /api/auth/callback/credentials 302 in 379ms
 ✓ Compiled /middleware in 187ms (174 modules)
 ○ Compiling /dashboard ...
 ✓ Compiled /dashboard in 1535ms (2915 modules)
 GET /dashboard 200 in 1899ms
 GET / 200 in 97ms
 GET /dashboard 200 in 107ms
 GET /api/auth/session 200 in 106ms
 ✓ Compiled /api/realtime in 399ms (1610 modules)
 ✓ Compiled (1613 modules)
 GET /api/auth/session 200 in 774ms
 GET /api/notifications?limit=10 200 in 808ms
 GET /api/realtime 200 in 456ms
 GET /api/auth/session 200 in 130ms
 GET /api/notifications?limit=10 200 in 137ms
 GET /api/realtime 200 in 158ms
 GET /api/auth/session 200 in 140ms
 GET /api/notifications?limit=10 200 in 132ms
 GET /api/realtime 200 in 122ms
 GET /api/auth/session 200 in 122ms
 GET /api/notifications?limit=10 200 in 111ms
 GET /api/realtime 200 in 142ms
 GET /api/auth/session 200 in 118ms
 GET /api/realtime 200 in 133ms
 GET /api/realtime 200 in 75ms
 GET /api/realtime 200 in 80ms
 GET /api/realtime 200 in 128ms
 GET /api/realtime 200 in 100ms
 GET /api/realtime 200 in 98ms
 GET /api/realtime 200 in 86ms
 GET /api/realtime 200 in 81ms
 GET /api/realtime 200 in 84ms
 GET /api/realtime 200 in 79ms
 GET /api/realtime 200 in 84ms
 GET /api/realtime 200 in 84ms
 GET /api/realtime 200 in 86ms
 GET /api/realtime 200 in 76ms
 GET /api/realtime 200 in 77ms
 GET /api/realtime 200 in 77ms
 GET /api/realtime 200 in 77ms
 GET /api/realtime 200 in 76ms
 GET /api/realtime 200 in 80ms
 GET /api/realtime 200 in 79ms
 GET /api/realtime 200 in 85ms
 GET /api/realtime 200 in 82ms
 GET /api/realtime 200 in 89ms
 GET /api/realtime 200 in 91ms
 GET /api/realtime 200 in 91ms
 GET /api/realtime 200 in 117ms
 GET /api/realtime 200 in 124ms
 GET /api/realtime 200 in 93ms
 GET /api/realtime 200 in 80ms
 GET /api/realtime 200 in 110ms
 GET /api/realtime 200 in 80ms
 GET /api/realtime 200 in 71ms
 GET /api/realtime 200 in 77ms
 GET /api/realtime 200 in 77ms
 GET /api/realtime 200 in 73ms
 GET /api/realtime 200 in 77ms
 GET /api/realtime 200 in 78ms
 GET /api/realtime 200 in 75ms
 GET /api/realtime 200 in 75ms
 GET /api/realtime 200 in 78ms
 GET /api/realtime 200 in 81ms
 GET /api/realtime 200 in 75ms
 GET /api/realtime 200 in 84ms
 GET /api/realtime 200 in 281ms
 GET /api/realtime 200 in 83ms
 GET /api/realtime 200 in 76ms
 GET /api/realtime 200 in 77ms
 GET /api/realtime 200 in 78ms
 GET /api/realtime 200 in 7019ms
 ○ Compiling /projects/[id] ...
 ✓ Compiled /projects/[id] in 4.5s (3586 modules)
 GET /projects/new 200 in 5905ms
 GET /drawings 200 in 6022ms
 GET /materials 200 in 6022ms
 GET /permits 200 in 6021ms
 GET /budget 200 in 6021ms
 GET /site-diary 200 in 6006ms
 GET /milestones 200 in 6011ms
 GET /inspections 200 in 5975ms
 GET /daily-reports 200 in 5980ms
 GET /meetings 200 in 5977ms
 GET /settings 200 in 5976ms
 GET /documents 200 in 5977ms
 GET /equipment 200 in 5915ms
 GET /subcontractors 200 in 6035ms
 GET /progress-claims 200 in 6059ms
 GET /time-tracking 200 in 6040ms
 GET /reports 200 in 5985ms
 GET /change-orders 200 in 5919ms
 GET /safety 200 in 5988ms
 GET /punch-lists 200 in 5989ms
 GET /team 200 in 5989ms
 GET /rfis 200 in 5926ms
 GET /submittals 200 in 5928ms
 GET /tasks 200 in 5999ms
 GET /projects 200 in 5935ms
 GET /company 200 in 5939ms
 GET /defects 200 in 6068ms
 GET /projects/project-mall-renovation 200 in 5960ms
 GET /projects/project-downtown-office 200 in 5965ms
 GET /projects/project-riverside-homes 200 in 5968ms
 GET /api/notifications?limit=10 200 in 579ms
 GET /api/auth/session 200 in 631ms
 GET /api/realtime 200 in 554ms
 GET /api/realtime 200 in 511ms
 GET /api/realtime 200 in 460ms
 GET /api/realtime 200 in 460ms
 GET /api/notifications?limit=10 200 in 660ms
 GET /api/realtime 200 in 274ms
 GET /api/realtime 200 in 450ms
 GET /api/realtime 200 in 473ms
 GET /api/realtime 200 in 512ms
 GET /api/auth/session 200 in 554ms
 GET /api/realtime 200 in 251ms
 GET /api/realtime 200 in 534ms
 GET /api/realtime 200 in 554ms
 GET /api/realtime 200 in 468ms
 GET /api/realtime 200 in 251ms
 GET /api/realtime 200 in 564ms
 GET /api/realtime 200 in 424ms
 GET /api/realtime 200 in 449ms
 GET /api/realtime 200 in 455ms
 GET /api/realtime 200 in 476ms
 GET /api/realtime 200 in 477ms
 GET /api/realtime 200 in 486ms
 GET /api/realtime 200 in 483ms
 GET /api/notifications?limit=10 200 in 526ms
 GET /api/realtime 200 in 509ms
 GET /api/realtime 200 in 508ms
 GET /api/realtime 200 in 509ms
 GET /api/realtime 200 in 515ms
 GET /api/auth/session 200 in 688ms
 GET /api/realtime 200 in 599ms
 GET /api/realtime 200 in 909ms
 GET /api/realtime 200 in 872ms
 GET /api/realtime 200 in 912ms
 GET /api/realtime 200 in 725ms
 GET /api/realtime 200 in 741ms
 GET /api/realtime 200 in 742ms
 GET /api/realtime 200 in 850ms
 GET /api/realtime 200 in 899ms
 GET /api/realtime 200 in 743ms
 GET /api/realtime 200 in 715ms
 GET /api/notifications?limit=10 200 in 787ms
 GET /api/realtime 200 in 687ms
 GET /api/realtime 200 in 697ms
 GET /api/realtime 200 in 807ms
 ○ Compiling /api/company/stats ...
 GET /api/realtime 200 in 2269ms
 GET /api/realtime 200 in 3247ms
 GET /api/realtime 200 in 2577ms
 GET /api/realtime 200 in 2374ms
 GET /api/realtime 200 in 2630ms
 GET /api/realtime 200 in 4021ms
 GET /api/realtime 200 in 3027ms
 GET /api/realtime 200 in 2658ms
 GET /api/realtime 200 in 2569ms
 GET /api/realtime 200 in 3170ms
 GET /api/realtime 200 in 2968ms
 GET /api/realtime 200 in 3403ms
 ✓ Compiled /api/company/stats in 2.8s (1992 modules)
 GET /api/realtime 200 in 4146ms
 GET /api/realtime 200 in 3928ms
 GET /api/realtime 200 in 3990ms
 GET /api/realtime 200 in 3675ms
 GET /api/auth/session 200 in 4887ms
 GET /api/realtime 200 in 4593ms
 GET /api/notifications?limit=10 200 in 4470ms
 GET /api/realtime 200 in 6878ms
 GET /api/realtime 200 in 6489ms
 GET /api/realtime 200 in 4356ms
 GET /api/realtime 200 in 6177ms
 GET /api/realtime 200 in 4605ms
 GET /api/realtime 200 in 5080ms
 GET /api/realtime 200 in 6713ms
 GET /api/realtime 200 in 4609ms
 GET /api/realtime 200 in 5812ms
 GET /api/realtime 200 in 4619ms
 GET /api/realtime 200 in 6328ms
 GET /api/realtime 200 in 4629ms
 GET /api/realtime 200 in 6060ms
 GET /api/realtime 200 in 6741ms
 GET /api/realtime 200 in 6549ms
 GET /api/realtime 200 in 4408ms
 GET /api/realtime 200 in 4681ms
 GET /api/realtime 200 in 4724ms
 GET /api/realtime 200 in 7232ms
 GET /api/realtime 200 in 6755ms
 GET /api/realtime 200 in 4832ms
 GET /api/realtime 200 in 4910ms
 GET /api/realtime 200 in 4687ms
 GET /api/realtime 200 in 4842ms
 GET /api/realtime 200 in 6756ms
 GET /api/company/stats 200 in 5186ms
 GET /api/realtime 200 in 4917ms
 GET /api/realtime 200 in 4630ms
 GET /api/realtime 200 in 3983ms
 GET /api/realtime 200 in 4043ms
 GET /api/realtime 200 in 4946ms
 GET /api/realtime 200 in 4517ms
 GET /api/realtime 200 in 179ms
 GET /api/notifications?limit=10 200 in 403ms
 GET /api/notifications?limit=10 200 in 441ms
 GET /api/notifications?limit=10 200 in 403ms
 GET /api/notifications?limit=10 200 in 404ms
 GET /api/notifications?limit=10 200 in 412ms
 GET /api/notifications?limit=10 200 in 412ms
 GET /api/notifications?limit=10 200 in 414ms
 GET /api/notifications?limit=10 200 in 414ms
 GET /api/realtime 200 in 4499ms
 GET /api/auth/session 200 in 376ms
 GET /api/notifications?limit=10 200 in 630ms
 GET /api/notifications?limit=10 200 in 483ms
 GET /api/notifications?limit=10 200 in 451ms
 GET /api/realtime 200 in 406ms
 GET /api/notifications?limit=10 200 in 468ms
 GET /api/auth/session 200 in 517ms
 GET /api/auth/session 200 in 478ms
 GET /api/realtime 200 in 133ms
 GET /api/realtime 200 in 76ms
 GET /api/realtime 200 in 76ms
 GET /api/realtime 200 in 83ms
 GET /api/realtime 200 in 77ms
 GET /api/realtime 200 in 80ms
 GET /api/realtime 200 in 205ms
 GET /api/realtime 200 in 96ms
 GET /api/realtime 200 in 73ms
 GET /api/realtime 200 in 77ms
 GET /api/realtime 200 in 78ms
 GET /api/realtime 200 in 6902ms
 ○ Compiling /company/team ...
 ✓ Compiled /company/team in 2.8s (3640 modules)
 GET /company/invitations 200 in 3121ms
 GET /company/team 200 in 3122ms
 GET /company/usage 200 in 3123ms
 GET /company/settings 307 in 3104ms
 GET /dashboard 200 in 186ms
 ○ Compiling /api/company/invitations ...
 ✓ Compiled /api/company/invitations in 800ms (2030 modules)
 GET /api/auth/session 200 in 1760ms
 GET /api/company/invitations? 200 in 1767ms
 GET /api/notifications?limit=10 200 in 1606ms
 GET /api/realtime 200 in 1123ms
 GET /api/auth/session 200 in 138ms
 GET /api/company/invitations? 200 in 148ms
 GET /api/notifications?limit=10 200 in 149ms
 GET /api/realtime 200 in 168ms
 GET /api/auth/session 200 in 172ms
 GET /api/company/invitations? 200 in 189ms
 GET /api/realtime 200 in 206ms
 GET /api/notifications?limit=10 200 in 197ms
 GET /api/auth/session 200 in 121ms
 GET /api/company/invitations? 200 in 187ms
 GET /api/notifications?limit=10 200 in 196ms
 GET /api/realtime 200 in 192ms
 GET /api/auth/session 200 in 130ms
 GET /api/realtime 200 in 125ms
 GET /api/auth/session 200 in 84ms
 GET /api/realtime 200 in 120ms
 GET /api/auth/session 200 in 66ms
 GET /api/realtime 200 in 105ms
 GET /api/auth/session 200 in 113ms
 GET /api/realtime 200 in 98ms
 GET /api/auth/session 200 in 83ms
 GET /api/auth/session 200 in 82ms
 GET /api/realtime 200 in 120ms
 GET /api/realtime 200 in 98ms
 GET /api/auth/session 200 in 100ms
 GET /api/realtime 200 in 112ms
 GET /api/auth/session 200 in 94ms
 GET /api/auth/session 200 in 83ms
 GET /api/realtime 200 in 117ms
 GET /api/realtime 200 in 147ms
 GET /api/auth/session 200 in 119ms
 GET /api/auth/session 200 in 79ms
 GET /api/realtime 200 in 114ms
 GET /api/realtime 200 in 101ms
 GET /api/auth/session 200 in 91ms
 GET /api/realtime 200 in 79ms
 GET /api/realtime 200 in 90ms
 GET /api/realtime 200 in 76ms
 GET /api/realtime 200 in 79ms
 GET /api/realtime 200 in 76ms
 GET /api/realtime 200 in 73ms
 GET /api/realtime 200 in 74ms
 GET /api/realtime 200 in 70ms
 GET /api/realtime 200 in 73ms
 GET /api/realtime 200 in 73ms
 GET /api/realtime 200 in 76ms
 GET /api/realtime 200 in 84ms
 GET /api/realtime 200 in 78ms
 GET /api/realtime 200 in 77ms
 GET /api/realtime 200 in 72ms
 GET /api/realtime 200 in 79ms
 GET /api/realtime 200 in 73ms
 GET /api/realtime 200 in 87ms
 GET /api/realtime 200 in 78ms
 GET /api/realtime 200 in 78ms
 GET /api/realtime 200 in 73ms
 GET /api/realtime 200 in 75ms
 GET /api/realtime 200 in 87ms
 GET /api/realtime 200 in 74ms
 GET /api/realtime 200 in 283ms
 GET /api/realtime 200 in 80ms
 GET /api/realtime 200 in 77ms
 GET /api/realtime 200 in 73ms
 GET /api/realtime 200 in 77ms
 GET /api/realtime 200 in 7001ms
[?25h
