  ▲ Next.js 14.2.28
  - Local:        http://localhost:3000
  - Environments: .env
  - Experiments (use with caution):
    · outputFileTracingRoot

 ✓ Starting...
 ✓ Ready in 1478ms
 ○ Compiling / ...
 ✓ Compiled / in 1235ms (596 modules)
 GET / 200 in 1595ms
 ✓ Compiled in 378ms (296 modules)
 ○ Compiling /api/auth/[...nextauth] ...
 ✓ Compiled /api/auth/[...nextauth] in 554ms (541 modules)
 GET /api/auth/providers 200 in 1021ms
 GET / 200 in 95ms
 GET /api/auth/session 200 in 39ms
 GET /api/auth/session 200 in 26ms
 ○ Compiling /signup ...
 ✓ Compiled /signup in 943ms (881 modules)
 GET /login 200 in 1117ms
 GET /signup 200 in 1109ms
 GET /api/auth/session 200 in 68ms
 GET /api/auth/session 200 in 27ms
 GET /api/auth/session 200 in 26ms
 GET /api/auth/session 200 in 26ms
 GET /api/auth/session 200 in 26ms
 GET /api/auth/session 200 in 26ms
 GET /api/auth/csrf 200 in 41ms
 ✓ Compiled /api/signup in 142ms (597 modules)
 POST /api/signup 200 in 593ms
 GET / 200 in 65ms
 GET /api/auth/signin 302 in 49ms
 GET /login?callbackUrl=https://267ef8e6d.preview.abacusai.app 200 in 41ms
 GET /api/auth/csrf 200 in 26ms
 POST /api/auth/callback/credentials 302 in 320ms
 ✓ Compiled /middleware in 161ms (174 modules)
 ○ Compiling /dashboard ...
 ✓ Compiled /dashboard in 1983ms (2764 modules)
 GET /dashboard 200 in 2268ms
 GET / 200 in 48ms
 GET /dashboard 200 in 67ms
 GET /api/auth/session 200 in 47ms
 GET /api/auth/session 200 in 29ms
 GET /api/auth/session 200 in 32ms
 GET /api/auth/session 200 in 27ms
 ○ Compiling /tasks ...
 ✓ Compiled /tasks in 1823ms (3096 modules)
 GET /documents 200 in 2168ms
 GET /settings 200 in 2139ms
 GET /projects/new 200 in 2145ms
 GET /reports 200 in 2184ms
 GET /projects 200 in 2170ms
 GET /tasks 200 in 2146ms
 GET /team 200 in 2170ms
 GET /api/auth/session 200 in 131ms
 GET /api/auth/session 200 in 50ms
 GET /api/auth/session 200 in 33ms
 GET /api/auth/session 200 in 29ms
 GET /api/auth/session 200 in 29ms
 GET /api/auth/session 200 in 49ms
 GET /api/auth/session 200 in 26ms
 GET /api/auth/session 200 in 28ms
 GET /api/auth/session 200 in 26ms
 GET /api/auth/session 200 in 27ms
 GET /api/auth/session 200 in 26ms
 GET /api/auth/session 200 in 42ms
 GET /api/auth/session 200 in 27ms
 GET /api/auth/session 200 in 27ms
 GET /api/auth/session 200 in 26ms
 GET /api/auth/session 200 in 27ms
 GET /api/auth/session 200 in 44ms
 GET /api/auth/session 200 in 28ms
 GET /api/auth/session 200 in 28ms
 GET /api/auth/session 200 in 27ms
 GET /api/auth/session 200 in 28ms
 GET /api/auth/session 200 in 28ms
 GET /api/auth/session 200 in 45ms
 GET /api/auth/session 200 in 27ms
 GET /api/auth/session 200 in 27ms
 GET /api/auth/session 200 in 28ms
 ○ Compiling /projects/[id] ...
 ✓ Compiled /projects/[id] in 774ms (3107 modules)
 GET /projects/project-mall-renovation 200 in 1286ms
 GET /projects/project-downtown-office 200 in 1286ms
 GET /projects/project-riverside-homes 200 in 1286ms
 GET /api/auth/session 200 in 49ms
 GET /api/auth/session 200 in 29ms
 GET /api/auth/session 200 in 28ms
 GET /api/auth/session 200 in 27ms
 GET /api/auth/session 200 in 27ms
 GET /api/auth/session 200 in 28ms
 GET /api/auth/session 200 in 43ms
 GET /api/auth/session 200 in 26ms
[?25h
