app/api/documents/route.ts(50,7): error TS2322: Type '{ name: any; cloudStoragePath: any; isPublic: any; fileSize: any; mimeType: any; projectId: any; documentType: any; uploadedById: string | undefined; }' is not assignable to type '(Without<DocumentCreateInput, DocumentUncheckedCreateInput> & DocumentUncheckedCreateInput) | (Without<...> & DocumentCreateInput)'.
  Type '{ name: any; cloudStoragePath: any; isPublic: any; fileSize: any; mimeType: any; projectId: any; documentType: any; uploadedById: string | undefined; }' is not assignable to type 'Without<DocumentUncheckedCreateInput, DocumentCreateInput> & DocumentCreateInput'.
    Type '{ name: any; cloudStoragePath: any; isPublic: any; fileSize: any; mimeType: any; projectId: any; documentType: any; uploadedById: string | undefined; }' is not assignable to type 'Without<DocumentUncheckedCreateInput, DocumentCreateInput>'.
      Types of property 'uploadedById' are incompatible.
        Type 'string | undefined' is not assignable to type 'undefined'.
          Type 'string' is not assignable to type 'undefined'.
app/api/documents/route.ts(67,7): error TS2322: Type '{ action: string; entityType: string; entityId: string; entityName: string; userId: string | undefined; projectId: any; }' is not assignable to type '(Without<ActivityLogCreateInput, ActivityLogUncheckedCreateInput> & ActivityLogUncheckedCreateInput) | (Without<...> & ActivityLogCreateInput)'.
  Type '{ action: string; entityType: string; entityId: string; entityName: string; userId: string | undefined; projectId: any; }' is not assignable to type 'Without<ActivityLogUncheckedCreateInput, ActivityLogCreateInput> & ActivityLogCreateInput'.
    Type '{ action: string; entityType: string; entityId: string; entityName: string; userId: string | undefined; projectId: any; }' is not assignable to type 'Without<ActivityLogUncheckedCreateInput, ActivityLogCreateInput>'.
      Types of property 'userId' are incompatible.
        Type 'string | undefined' is not assignable to type 'undefined'.
          Type 'string' is not assignable to type 'undefined'.
app/api/documents/route.ts(88,35): error TS2551: Property 'project' does not exist on type '{ name: string; id: string; createdAt: Date; updatedAt: Date; projectId: string; documentType: DocumentType; cloudStoragePath: string; isPublic: boolean; fileSize: number | null; mimeType: string | null; uploadedById: string; }'. Did you mean 'projectId'?
app/api/documents/route.ts(89,34): error TS2551: Property 'uploadedBy' does not exist on type '{ name: string; id: string; createdAt: Date; updatedAt: Date; projectId: string; documentType: DocumentType; cloudStoragePath: string; isPublic: boolean; fileSize: number | null; mimeType: string | null; uploadedById: string; }'. Did you mean 'uploadedById'?
app/api/projects/[id]/route.ts(68,7): error TS2322: Type '{ action: string; entityType: string; entityId: string; entityName: string; userId: string | undefined; projectId: string; }' is not assignable to type '(Without<ActivityLogCreateInput, ActivityLogUncheckedCreateInput> & ActivityLogUncheckedCreateInput) | (Without<...> & ActivityLogCreateInput)'.
  Types of property 'userId' are incompatible.
    Type 'string | undefined' is not assignable to type 'string'.
      Type 'undefined' is not assignable to type 'string'.
app/api/projects/route.ts(75,7): error TS2322: Type '{ action: string; entityType: string; entityId: string; entityName: string; userId: string | undefined; projectId: string; }' is not assignable to type '(Without<ActivityLogCreateInput, ActivityLogUncheckedCreateInput> & ActivityLogUncheckedCreateInput) | (Without<...> & ActivityLogCreateInput)'.
  Types of property 'userId' are incompatible.
    Type 'string | undefined' is not assignable to type 'string'.
      Type 'undefined' is not assignable to type 'string'.
app/api/tasks/[id]/route.ts(46,7): error TS2322: Type '{ action: string; entityType: string; entityId: string; entityName: string; userId: string | undefined; projectId: string; }' is not assignable to type '(Without<ActivityLogCreateInput, ActivityLogUncheckedCreateInput> & ActivityLogUncheckedCreateInput) | (Without<...> & ActivityLogCreateInput)'.
  Types of property 'userId' are incompatible.
    Type 'string | undefined' is not assignable to type 'string'.
      Type 'undefined' is not assignable to type 'string'.
app/api/tasks/route.ts(71,7): error TS2322: Type '{ action: string; entityType: string; entityId: string; entityName: string; userId: string | undefined; projectId: any; }' is not assignable to type '(Without<ActivityLogCreateInput, ActivityLogUncheckedCreateInput> & ActivityLogUncheckedCreateInput) | (Without<...> & ActivityLogCreateInput)'.
  Type '{ action: string; entityType: string; entityId: string; entityName: string; userId: string | undefined; projectId: any; }' is not assignable to type 'Without<ActivityLogUncheckedCreateInput, ActivityLogCreateInput> & ActivityLogCreateInput'.
    Type '{ action: string; entityType: string; entityId: string; entityName: string; userId: string | undefined; projectId: any; }' is not assignable to type 'Without<ActivityLogUncheckedCreateInput, ActivityLogCreateInput>'.
      Types of property 'userId' are incompatible.
        Type 'string | undefined' is not assignable to type 'undefined'.
          Type 'string' is not assignable to type 'undefined'.
app/api/team/route.ts(95,7): error TS2322: Type '{ action: string; entityType: string; entityId: string; entityName: string; userId: string | undefined; }' is not assignable to type '(Without<ActivityLogCreateInput, ActivityLogUncheckedCreateInput> & ActivityLogUncheckedCreateInput) | (Without<...> & ActivityLogCreateInput)'.
  Type '{ action: string; entityType: string; entityId: string; entityName: string; userId: string | undefined; }' is not assignable to type 'Without<ActivityLogUncheckedCreateInput, ActivityLogCreateInput> & ActivityLogCreateInput'.
    Type '{ action: string; entityType: string; entityId: string; entityName: string; userId: string | undefined; }' is not assignable to type 'Without<ActivityLogUncheckedCreateInput, ActivityLogCreateInput>'.
      Types of property 'userId' are incompatible.
        Type 'string | undefined' is not assignable to type 'undefined'.
          Type 'string' is not assignable to type 'undefined'.
exit_code=2
