  ▲ Next.js 14.2.28
  - Local:        http://localhost:3000
  - Environments: .env
  - Experiments (use with caution):
    · outputFileTracingRoot

 ✓ Starting...
 ✓ Ready in 1639ms
 ○ Compiling / ...
 ✓ Compiled / in 1837ms (596 modules)
 ✓ Compiled in 515ms (296 modules)
 GET / 200 in 2401ms
 GET / 200 in 91ms
 GET / 200 in 92ms
 GET / 200 in 59ms
 GET / 200 in 64ms
 GET / 200 in 62ms
 GET / 200 in 63ms
 ✓ Compiled /api/auth/[...nextauth] in 501ms (541 modules)
 GET /api/auth/session 200 in 1012ms
 GET /api/auth/session 200 in 62ms
 GET /api/auth/session 200 in 52ms
 GET /api/auth/session 200 in 62ms
 GET /api/auth/session 200 in 67ms
 GET /api/auth/session 200 in 58ms
 GET / 200 in 99ms
 GET / 200 in 93ms
 GET / 200 in 98ms
 GET / 200 in 64ms
 GET /api/auth/session 200 in 62ms
 GET /api/auth/session 200 in 68ms
 GET /api/auth/session 200 in 64ms
 GET /api/auth/session 200 in 54ms
 GET / 200 in 64ms
 GET / 200 in 60ms
 GET / 200 in 101ms
 GET / 200 in 83ms
 GET / 200 in 67ms
 GET / 200 in 63ms
 GET / 200 in 69ms
 ○ Compiling /signup ...
 ✓ Compiled /signup in 793ms (632 modules)
 ✓ Compiled /login in 380ms (640 modules)
 GET / 200 in 98ms
 ✓ Compiled /api/auth/[...nextauth] in 182ms (571 modules)
 GET /api/auth/providers 200 in 340ms
 GET /api/auth/csrf 200 in 62ms
 POST /api/auth/callback/credentials 200 in 451ms
 GET /api/auth/session 200 in 62ms
 ✓ Compiled /middleware in 223ms (174 modules)
 ○ Compiling /dashboard ...
 ✓ Compiled /dashboard in 1619ms (2823 modules)
 GET /dashboard?_rsc=iqngu 200 in 105ms
 ✓ Compiled /api/notifications in 358ms (1552 modules)
 ✓ Compiled (1578 modules)
 GET /api/notifications?limit=10 200 in 784ms
 GET /api/realtime 200 in 925ms
 GET /api/realtime 200 in 370ms
 GET /api/notifications?limit=10 200 in 58ms
 GET /api/realtime 200 in 246ms
 ○ Compiling /projects ...
 ✓ Compiled /projects in 2.4s (3017 modules)
 GET /projects?_rsc=x7vz2 200 in 98ms
 ○ Compiling /projects/[id] ...
 ✓ Compiled /projects/[id] in 2s (3165 modules)
 GET / 200 in 221ms
 GET /projects/project-mall-renovation?_rsc=1o8h7 200 in 170ms
 GET /api/realtime 200 in 30225ms
 GET /api/realtime 200 in 30221ms
 GET /api/realtime 200 in 30244ms
 GET /api/realtime 200 in 30230ms
 GET /api/realtime 200 in 30223ms
 GET /api/realtime 200 in 30202ms
 GET /api/realtime 200 in 30213ms
 GET /api/realtime 200 in 30217ms
 GET /api/realtime 200 in 30222ms
 GET /api/realtime 200 in 30244ms
 GET /api/realtime 200 in 30223ms
 GET /api/realtime 200 in 30231ms
 GET /api/realtime 200 in 30205ms
 GET /api/realtime 200 in 30206ms
 GET /api/realtime 200 in 32310ms
 GET /api/realtime 200 in 30227ms
 GET /api/realtime 200 in 30223ms
 GET /api/realtime 200 in 30222ms
 GET /api/realtime 200 in 30232ms
 GET /api/realtime 200 in 30212ms
 GET / 200 in 63ms
 GET /api/realtime 200 in 31859ms
 GET /api/realtime 200 in 30267ms
 GET /api/realtime 200 in 30251ms
 GET /api/realtime 200 in 30218ms
 GET /api/realtime 200 in 30214ms
 GET /api/realtime 200 in 30216ms
 GET /api/realtime 200 in 30229ms
 GET /api/realtime 200 in 30209ms
 GET /api/realtime 200 in 30207ms
 GET /api/realtime 200 in 30221ms
 GET /api/realtime 200 in 30236ms
 GET /api/realtime 200 in 30209ms
 GET /api/realtime 200 in 30221ms
 GET /api/realtime 200 in 30202ms
 GET /api/realtime 200 in 30233ms
 GET /api/realtime 200 in 30209ms
 GET /api/realtime 200 in 30194ms
 GET /api/realtime 200 in 30237ms
 GET /api/realtime 200 in 205ms
 GET /api/realtime 200 in 30222ms
 GET /api/realtime 200 in 30229ms
 GET /api/realtime 200 in 30224ms
 GET /api/realtime 200 in 30238ms
 GET /api/realtime 200 in 30218ms
 GET /api/realtime 200 in 30231ms
 GET /api/realtime 200 in 30217ms
 GET /api/realtime 200 in 30214ms
 GET /api/realtime 200 in 30197ms
 GET /api/realtime 200 in 30217ms
 GET /api/realtime 200 in 30223ms
 GET /api/realtime 200 in 30230ms
 GET /api/realtime 200 in 30231ms
 GET /api/realtime 200 in 30233ms
 GET /api/realtime 200 in 30223ms
 GET /api/realtime 200 in 30194ms
 GET /api/realtime 200 in 30221ms
 GET /api/realtime 200 in 30236ms
 GET /api/realtime 200 in 30213ms
 GET /api/realtime 200 in 30237ms
 GET /api/realtime 200 in 30220ms
 GET /api/realtime 200 in 30215ms
 GET /api/realtime 200 in 30201ms
 GET /api/realtime 200 in 30224ms
 GET /api/realtime 200 in 30239ms
 GET /api/realtime 200 in 30228ms
 GET /api/realtime 200 in 30214ms
 GET /api/realtime 200 in 30200ms
 GET /api/realtime 200 in 30241ms
 GET /api/realtime 200 in 30217ms
 GET /api/realtime 200 in 30195ms
 GET /api/realtime 200 in 30238ms
 GET /api/realtime 200 in 30205ms
 GET /api/realtime 200 in 30229ms
 GET /api/realtime 200 in 30222ms
 GET /api/realtime 200 in 30207ms
 GET /api/realtime 200 in 30231ms
 GET /api/realtime 200 in 90403ms
 GET /api/realtime 200 in 30215ms
 ✓ Compiled in 608ms (1439 modules)
 ✓ Compiled in 1324ms (1711 modules)
[?25h
