  ▲ Next.js 14.2.28
  - Local:        http://localhost:3000
  - Environments: .env
  - Experiments (use with caution):
    · outputFileTracingRoot

 ✓ Starting...
 ✓ Ready in 1505ms
 ○ Compiling / ...
 ✓ Compiled / in 1970ms (596 modules)
 GET / 200 in 2517ms
 ✓ Compiled in 528ms (296 modules)
 ○ Compiling /api/auth/[...nextauth] ...
 ✓ Compiled /api/auth/[...nextauth] in 508ms (541 modules)
 GET /api/auth/providers 200 in 1024ms
 GET / 200 in 128ms
 GET /api/auth/session 200 in 97ms
 GET /api/auth/session 200 in 67ms
 ○ Compiling /signup ...
 ✓ Compiled /signup in 984ms (881 modules)
 GET /signup 200 in 1213ms
 GET /login 200 in 1229ms
 GET /api/auth/session 200 in 138ms
 GET /api/auth/session 200 in 130ms
 GET /api/auth/session 200 in 114ms
 GET /api/auth/session 200 in 199ms
 GET /api/auth/session 200 in 200ms
 GET /api/auth/session 200 in 320ms
 GET /api/auth/csrf 200 in 76ms
 ✓ Compiled /api/signup in 351ms (597 modules)
 POST /api/signup 200 in 892ms
 GET / 200 in 120ms
 GET /api/auth/signin 302 in 105ms
 GET /login?callbackUrl=https://614a7c077.preview.abacusai.app 200 in 130ms
 GET /api/auth/csrf 200 in 98ms
 POST /api/auth/callback/credentials 302 in 377ms
 ✓ Compiled /middleware in 234ms (174 modules)
 ○ Compiling /dashboard ...
 ✓ Compiled /dashboard in 2.5s (2893 modules)
 GET /dashboard 200 in 3049ms
 GET / 200 in 199ms
 GET /dashboard 200 in 542ms
 ○ Compiling /api/realtime ...
 ✓ Compiled /api/realtime in 893ms (1599 modules)
 ✓ Compiled (1602 modules)
 GET /api/realtime 200 in 988ms
 GET /api/notifications?limit=10 200 in 1427ms
 GET /api/auth/session 200 in 1387ms
 GET /api/auth/session 200 in 143ms
 GET /api/notifications?limit=10 200 in 161ms
 GET /api/realtime 200 in 183ms
 GET /api/realtime 200 in 149ms
 GET /api/auth/session 200 in 224ms
 GET /api/notifications?limit=10 200 in 247ms
 GET /api/realtime 200 in 113ms
 GET /api/auth/session 200 in 205ms
 GET /api/notifications?limit=10 200 in 234ms
 GET /api/realtime 200 in 231ms
 GET /api/auth/session 200 in 174ms
 GET /api/realtime 200 in 142ms
 GET /api/realtime 200 in 85ms
 GET /api/realtime 200 in 92ms
 GET /api/realtime 200 in 88ms
 GET /api/realtime 200 in 83ms
 GET /api/realtime 200 in 79ms
 GET /api/realtime 200 in 80ms
 GET /api/realtime 200 in 77ms
 GET /api/realtime 200 in 115ms
 GET /api/realtime 200 in 78ms
 GET /api/realtime 200 in 100ms
 GET /api/realtime 200 in 84ms
 GET /api/realtime 200 in 109ms
 GET /api/realtime 200 in 83ms
 GET /api/realtime 200 in 84ms
 GET /api/realtime 200 in 88ms
 GET /api/realtime 200 in 74ms
 GET /api/realtime 200 in 73ms
 GET /api/realtime 200 in 86ms
 GET /api/realtime 200 in 93ms
 GET /api/realtime 200 in 77ms
 GET /api/realtime 200 in 86ms
 GET /api/realtime 200 in 80ms
 GET /api/realtime 200 in 80ms
 GET /api/realtime 200 in 98ms
 GET /api/realtime 200 in 90ms
 GET /api/realtime 200 in 104ms
 GET /api/realtime 200 in 99ms
 GET /api/realtime 200 in 79ms
 GET /api/realtime 200 in 80ms
 GET /api/realtime 200 in 76ms
 GET /api/realtime 200 in 77ms
 GET /api/realtime 200 in 81ms
 GET /api/realtime 200 in 110ms
 GET /api/realtime 200 in 182ms
 GET /api/realtime 200 in 75ms
 GET /api/realtime 200 in 75ms
 GET /api/realtime 200 in 77ms
 GET /api/realtime 200 in 71ms
 GET /api/realtime 200 in 6741ms
 ○ Compiling /projects/[id] ...
 ✓ Compiled /projects/[id] in 4.6s (3462 modules)
 GET /projects/new 200 in 5537ms
 GET /equipment 200 in 5540ms
 GET /daily-reports 200 in 5538ms
 GET /meetings 200 in 5540ms
 GET /documents 200 in 5543ms
 GET /settings 200 in 5542ms
 GET /punch-lists 200 in 5545ms
 GET /rfis 200 in 5546ms
 GET /reports 200 in 5545ms
 GET /projects 200 in 5552ms
 GET /safety 200 in 5552ms
 GET /submittals 200 in 5552ms
 GET /team 200 in 5553ms
 GET /inspections 200 in 5554ms
 GET /company 200 in 5557ms
 GET /budget 200 in 5689ms
 GET /tasks 200 in 5557ms
 GET /projects/project-riverside-homes 200 in 5562ms
 GET /projects/project-mall-renovation 200 in 5567ms
 GET /projects/project-downtown-office 200 in 5571ms
 GET /api/notifications?limit=10 200 in 420ms
 GET /api/realtime 200 in 311ms
 GET /api/realtime 200 in 316ms
 GET /api/realtime 200 in 313ms
 GET /api/auth/session 200 in 464ms
 GET /api/realtime 200 in 718ms
 GET /api/realtime 200 in 721ms
 GET /api/notifications?limit=10 200 in 744ms
 GET /api/realtime 200 in 666ms
 GET /api/realtime 200 in 670ms
 GET /api/realtime 200 in 631ms
 GET /api/realtime 200 in 669ms
 GET /api/realtime 200 in 655ms
 GET /api/realtime 200 in 676ms
 GET /api/realtime 200 in 474ms
 GET /api/realtime 200 in 470ms
 GET /api/auth/session 200 in 583ms
 ○ Compiling /api/company/stats ...
 ✓ Compiled /api/company/stats in 1035ms (1915 modules)
 GET /api/realtime 200 in 1972ms
 GET /api/realtime 200 in 2113ms
 GET /api/company/stats 200 in 2201ms
 GET /api/auth/session 200 in 1811ms
 GET /api/realtime 200 in 1926ms
 GET /api/realtime 200 in 1881ms
 GET /api/realtime 200 in 2124ms
 GET /api/notifications?limit=10 200 in 2013ms
 GET /api/realtime 200 in 1966ms
 GET /api/realtime 200 in 2034ms
 GET /api/realtime 200 in 1884ms
 GET /api/realtime 200 in 1886ms
 GET /api/realtime 200 in 1895ms
 GET /api/realtime 200 in 1896ms
 GET /api/realtime 200 in 1903ms
 GET /api/realtime 200 in 1905ms
 GET /api/realtime 200 in 1228ms
 GET /api/realtime 200 in 1658ms
 GET /api/realtime 200 in 2155ms
 GET /api/realtime 200 in 1559ms
 GET /api/realtime 200 in 1761ms
 GET /api/realtime 200 in 1271ms
 GET /api/realtime 200 in 346ms
 GET /api/realtime 200 in 383ms
 GET /api/realtime 200 in 340ms
 GET /api/realtime 200 in 322ms
 GET /api/realtime 200 in 322ms
 GET /api/realtime 200 in 284ms
 GET /api/realtime 200 in 323ms
 GET /api/realtime 200 in 286ms
 GET /api/realtime 200 in 287ms
 GET /api/realtime 200 in 288ms
 GET /api/realtime 200 in 338ms
 GET /api/realtime 200 in 331ms
 GET /api/realtime 200 in 287ms
 GET /api/realtime 200 in 294ms
 GET /api/realtime 200 in 289ms
 GET /api/realtime 200 in 312ms
 GET /api/realtime 200 in 299ms
 GET /api/realtime 200 in 294ms
 GET /api/auth/session 200 in 371ms
 GET /api/notifications?limit=10 200 in 395ms
 GET /api/realtime 200 in 380ms
 GET /api/realtime 200 in 422ms
 GET /api/realtime 200 in 460ms
 GET /api/realtime 200 in 469ms
 GET /api/realtime 200 in 471ms
 GET /api/realtime 200 in 583ms
 GET /api/realtime 200 in 584ms
 GET /api/realtime 200 in 585ms
 GET /api/realtime 200 in 560ms
 GET /api/realtime 200 in 561ms
 GET /api/realtime 200 in 561ms
 GET /api/realtime 200 in 563ms
 GET /api/realtime 200 in 574ms
 GET /api/realtime 200 in 564ms
 GET /api/realtime 200 in 573ms
 GET /api/realtime 200 in 470ms
 GET /api/realtime 200 in 576ms
 GET /api/realtime 200 in 661ms
 GET /api/auth/session 200 in 638ms
 GET /api/notifications?limit=10 200 in 584ms
 GET /api/realtime 200 in 668ms
 GET /api/realtime 200 in 602ms
 GET /api/realtime 200 in 1023ms
 GET /api/realtime 200 in 342ms
 GET /api/realtime 200 in 346ms
 GET /api/realtime 200 in 349ms
 GET /api/realtime 200 in 202ms
 GET /api/realtime 200 in 220ms
 GET /api/realtime 200 in 3582ms
 GET /api/realtime 200 in 362ms
 GET /api/realtime 200 in 335ms
 GET /api/realtime 200 in 379ms
 GET /api/realtime 200 in 364ms
 GET /api/realtime 200 in 348ms
 GET /api/realtime 200 in 356ms
 GET /api/realtime 200 in 370ms
 GET /api/realtime 200 in 348ms
 GET /api/realtime 200 in 348ms
 GET /api/realtime 200 in 350ms
 GET /api/realtime 200 in 371ms
 GET /api/realtime 200 in 3474ms
 GET /api/realtime 200 in 417ms
 GET /api/realtime 200 in 3594ms
 GET /api/realtime 200 in 3460ms
 GET /api/auth/session 200 in 419ms
 GET /api/notifications?limit=10 200 in 425ms
 GET /api/realtime 200 in 445ms
 GET /api/realtime 200 in 433ms
 GET /api/realtime 200 in 396ms
 GET /api/realtime 200 in 408ms
 GET /api/realtime 200 in 413ms
 GET /api/realtime 200 in 358ms
 GET /api/realtime 200 in 3341ms
 GET /api/realtime 200 in 147ms
 GET /api/realtime 200 in 3329ms
 GET /api/realtime 200 in 4257ms
 GET /api/realtime 200 in 214ms
 GET /api/realtime 200 in 328ms
 GET /api/realtime 200 in 318ms
 GET /api/realtime 200 in 298ms
 GET /api/realtime 200 in 330ms
 GET /api/realtime 200 in 328ms
 GET /api/realtime 200 in 301ms
 GET /api/auth/session 200 in 334ms
 GET /api/notifications?limit=10 200 in 364ms
 GET /api/realtime 200 in 443ms
 GET /api/realtime 200 in 516ms
 GET /api/realtime 200 in 379ms
 GET /api/realtime 200 in 496ms
 GET /api/realtime 200 in 570ms
 GET /api/realtime 200 in 619ms
 GET /api/notifications?limit=10 200 in 565ms
 GET /api/realtime 200 in 836ms
 GET /api/auth/session 200 in 760ms
 GET /api/realtime 200 in 840ms
 GET /api/realtime 200 in 694ms
 GET /api/realtime 200 in 858ms
 GET /api/realtime 200 in 930ms
 GET /api/realtime 200 in 615ms
 GET /api/realtime 200 in 615ms
 GET /api/realtime 200 in 616ms
 GET /api/realtime 200 in 966ms
 GET /api/realtime 200 in 610ms
 GET /api/realtime 200 in 1150ms
 GET /api/notifications?limit=10 200 in 363ms
 GET /api/realtime 200 in 327ms
 GET /api/realtime 200 in 319ms
 GET /api/realtime 200 in 321ms
 GET /api/realtime 200 in 385ms
 GET /api/realtime 200 in 904ms
 GET /api/auth/session 200 in 402ms
 GET /api/realtime 200 in 431ms
 GET /api/realtime 200 in 408ms
 GET /api/realtime 200 in 405ms
 GET /api/realtime 200 in 411ms
 GET /api/realtime 200 in 411ms
 GET /api/realtime 200 in 6514ms
 GET /api/notifications?limit=10 200 in 206ms
 GET /api/realtime 200 in 320ms
 GET /api/realtime 200 in 279ms
 GET /api/realtime 200 in 285ms
 GET /api/realtime 200 in 281ms
 GET /api/realtime 200 in 281ms
 GET /api/realtime 200 in 289ms
 GET /api/realtime 200 in 338ms
 GET /api/realtime 200 in 6710ms
 GET /api/realtime 200 in 230ms
 GET /api/realtime 200 in 6356ms
 GET /api/realtime 200 in 295ms
 GET /api/realtime 200 in 297ms
 GET /api/realtime 200 in 6627ms
 GET /api/realtime 200 in 6379ms
 GET /api/realtime 200 in 6794ms
 GET /api/notifications?limit=10 200 in 229ms
 GET /api/realtime 200 in 6878ms
 GET /api/realtime 200 in 6790ms
 GET /api/auth/session 200 in 317ms
 GET /api/realtime 200 in 6688ms
 GET /api/realtime 200 in 6821ms
 GET /api/realtime 200 in 6443ms
 GET /api/realtime 200 in 340ms
 GET /api/notifications?limit=10 200 in 242ms
 GET /api/notifications?limit=10 200 in 243ms
 GET /api/notifications?limit=10 200 in 241ms
 GET /api/notifications?limit=10 200 in 239ms
 GET /api/realtime 200 in 280ms
 GET /api/auth/session 200 in 304ms
 GET /api/auth/session 200 in 305ms
 GET /api/auth/session 200 in 306ms
 GET /api/auth/session 200 in 307ms
 GET /api/auth/session 200 in 307ms
 GET /api/auth/session 200 in 307ms
 GET /api/auth/session 200 in 308ms
 GET /api/realtime 200 in 91ms
 GET /api/realtime 200 in 88ms
 GET /api/realtime 200 in 87ms
 GET /api/realtime 200 in 71ms
 GET /api/realtime 200 in 71ms
 GET /api/realtime 200 in 74ms
 GET /api/realtime 200 in 71ms
 GET /api/realtime 200 in 73ms
 GET /api/realtime 200 in 72ms
 GET /api/realtime 200 in 74ms
 GET /api/realtime 200 in 83ms
 GET /api/realtime 200 in 78ms
 GET /api/realtime 200 in 75ms
 GET /api/realtime 200 in 73ms
 GET /api/realtime 200 in 71ms
 GET /api/realtime 200 in 73ms
 GET /api/realtime 200 in 71ms
 GET /api/realtime 200 in 75ms
 GET /api/realtime 200 in 75ms
 GET /api/realtime 200 in 73ms
 GET /api/realtime 200 in 77ms
 GET /api/realtime 200 in 82ms
 GET /api/realtime 200 in 92ms
 GET /api/realtime 200 in 87ms
 GET /api/realtime 200 in 94ms
 GET /api/realtime 200 in 90ms
 GET /api/realtime 200 in 79ms
 GET /api/realtime 200 in 85ms
 GET /api/realtime 200 in 78ms
 GET /api/realtime 200 in 184ms
 GET /api/realtime 200 in 103ms
 GET /api/realtime 200 in 90ms
 GET /api/realtime 200 in 91ms
 GET /api/realtime 200 in 91ms
 GET /api/realtime 200 in 9987ms
 ○ Compiling /change-orders ...
 ✓ Compiled /change-orders in 2.7s (3543 modules)
 GET /company/team 200 in 3050ms
 GET /change-orders 200 in 2970ms
 GET /company/invitations 200 in 3051ms
 GET /company/usage 200 in 3023ms
 GET /company/settings 307 in 3022ms
 GET /dashboard 200 in 242ms
 GET /api/notifications?limit=10 200 in 814ms
 ○ Compiling /api/company/invitations ...
 ✓ Compiled /api/company/invitations in 1862ms (1968 modules)
 GET /api/auth/session 200 in 3037ms
 GET /api/realtime 200 in 3074ms
 GET /api/company/invitations? 200 in 3574ms
 GET /api/notifications?limit=10 200 in 2718ms
 GET /api/realtime 200 in 2109ms
 GET /api/auth/session 200 in 319ms
 GET /api/company/invitations? 200 in 219ms
 GET /api/realtime 200 in 371ms
 GET /api/notifications?limit=10 200 in 284ms
 GET /api/realtime 200 in 337ms
 GET /api/auth/session 200 in 325ms
 GET /api/notifications?limit=10 200 in 301ms
 GET /api/realtime 200 in 338ms
 GET /api/realtime 200 in 350ms
 GET /api/auth/session 200 in 162ms
 GET /api/notifications?limit=10 200 in 158ms
 GET /api/realtime 200 in 192ms
 GET /api/auth/session 200 in 225ms
 GET /api/notifications?limit=10 200 in 195ms
 GET /api/realtime 200 in 218ms
 GET /api/auth/session 200 in 196ms
 GET /api/realtime 200 in 528ms
 GET /api/realtime 200 in 4938ms
 GET /api/notifications?limit=10 200 in 234ms
 GET /api/auth/session 200 in 294ms
 GET /api/notifications?limit=10 200 in 327ms
 GET /api/realtime 200 in 330ms
 GET /api/realtime 200 in 103ms
 GET /api/realtime 200 in 4257ms
 GET /api/auth/session 200 in 161ms
 GET /api/auth/session 200 in 132ms
 GET /api/auth/session 200 in 164ms
[?25h
