  ▲ Next.js 14.2.28
  - Local:        http://localhost:3000
  - Environments: .env
  - Experiments (use with caution):
    · outputFileTracingRoot

 ✓ Starting...
 ✓ Ready in 2.2s
 ○ Compiling / ...
 ✓ Compiled / in 2.3s (596 modules)
 GET / 200 in 2707ms
 ✓ Compiled in 377ms (296 modules)
 GET / 200 in 53ms
 ○ Compiling /api/auth/[...nextauth] ...
 ✓ Compiled /api/auth/[...nextauth] in 569ms (541 modules)
 GET /api/auth/session 200 in 1046ms
 GET /api/auth/session 200 in 43ms
 ✓ Compiled /login in 394ms (871 modules)
 ✓ Compiled /signup in 305ms (881 modules)
 GET / 200 in 104ms
 ✓ Compiled /api/signup in 230ms (597 modules)
 POST /api/signup 200 in 711ms
 GET /api/auth/providers 200 in 49ms
 GET /api/auth/csrf 200 in 25ms
 POST /api/auth/callback/credentials 200 in 331ms
 GET /api/auth/session 200 in 37ms
 ✓ Compiled /middleware in 351ms (174 modules)
 ○ Compiling /dashboard ...
 ✓ Compiled /dashboard in 2.8s (2762 modules)
 GET /api/auth/providers 200 in 68ms
 GET /api/auth/csrf 200 in 25ms
 POST /api/auth/callback/credentials 200 in 333ms
 GET /api/auth/session 200 in 37ms
 GET /dashboard?_rsc=iqngu 200 in 61ms
 ○ Compiling /projects ...
 ✓ Compiled /projects in 900ms (2913 modules)
 GET /projects?_rsc=x7vz2 200 in 43ms
 ○ Compiling /team ...
 ✓ Compiled /team in 522ms (2934 modules)
 ○ Compiling /tasks ...
 ✓ Compiled /tasks in 508ms (2945 modules)
 ○ Compiling /documents ...
 ✓ Compiled /settings in 1057ms (2977 modules)
 GET /settings?_rsc=1lt54 200 in 36ms
 GET /documents?_rsc=14lm5 200 in 39ms
 GET / 200 in 80ms
 GET /team?_rsc=1o1vv 200 in 41ms
 GET / 200 in 47ms
 ✓ Compiled in 1010ms (1518 modules)
 ✓ Compiled in 520ms (1344 modules)
 ✓ Compiled in 650ms (1344 modules)
 ✓ Compiled in 348ms (1344 modules)
 ✓ Compiled in 486ms (1346 modules)
 ✓ Compiled in 444ms (1376 modules)
 ✓ Compiled in 894ms (1550 modules)
 ✓ Compiled in 351ms (1376 modules)
 ✓ Compiled in 701ms (1550 modules)
 ✓ Compiled in 670ms (1377 modules)
 ✓ Compiled in 373ms (1377 modules)
 ✓ Compiled in 322ms (1377 modules)
[?25h
