  ▲ Next.js 14.2.28
  - Local:        http://localhost:3000
  - Environments: .env
  - Experiments (use with caution):
    · outputFileTracingRoot

 ✓ Starting...
 ✓ Ready in 2.2s
 ○ Compiling / ...
 ✓ Compiled / in 2.1s (598 modules)
 GET / 200 in 2749ms
 ✓ Compiled in 621ms (297 modules)
 GET / 200 in 108ms
 ✓ Compiled /api/auth/[...nextauth] in 493ms (542 modules)
 GET /api/auth/session 200 in 1017ms
 GET /api/auth/session 200 in 86ms
 GET / 200 in 129ms
 GET / 200 in 94ms
 GET / 200 in 114ms
 GET / 200 in 90ms
 ○ Compiling /login ...
 ✓ Compiled /login in 1126ms (632 modules)
 GET / 200 in 131ms
 ✓ Compiled /api/auth/[...nextauth] in 159ms (566 modules)
 GET /api/auth/providers 200 in 356ms
 GET /api/auth/csrf 200 in 106ms
 POST /api/auth/callback/credentials 200 in 479ms
 GET /api/auth/session 200 in 92ms
 ✓ Compiled /middleware in 206ms (174 modules)
 ○ Compiling /dashboard ...
 ✓ Compiled /dashboard in 1583ms (2996 modules)
 GET /dashboard?_rsc=iqngu 200 in 116ms
 ✓ Compiled /api/notifications in 352ms (1667 modules)
 ✓ Compiled /api/realtime in 0ms (1669 modules)
 ✓ Compiled in 0ms (1672 modules)
 ✓ Compiled in 0ms (1672 modules)
 GET /api/dashboard/agenda 200 in 1369ms
 ✓ Compiled in 1ms (1672 modules)
 GET /api/notifications?limit=10 200 in 1669ms
 GET /api/realtime 200 in 1028ms
 ✓ Compiled in 1ms (1672 modules)
 ✓ Compiled in 0ms (1672 modules)
 ✓ Compiled in 1ms (1672 modules)
 ✓ Compiled in 1ms (1672 modules)
 GET /api/dashboard/agenda 200 in 1243ms
 ✓ Compiled in 1ms (1672 modules)
 GET /api/realtime 200 in 1609ms
 GET /api/notifications?limit=10 200 in 1276ms
 GET /api/realtime 200 in 265ms
 GET /api/realtime 200 in 281ms
 GET /api/realtime 200 in 505ms
 GET /api/realtime 200 in 246ms
 GET /api/realtime 200 in 278ms
 ○ Compiling /projects ...
 ✓ Compiled /admin in 3.3s (3152 modules)
 GET /api/realtime 200 in 3169ms
 GET /admin?_rsc=16s51 200 in 116ms
 GET /api/realtime 200 in 554ms
 GET /api/realtime 200 in 10846ms
 GET /api/realtime 200 in 118ms
 ✓ Compiled /api/admin/system-health in 433ms (1738 modules)
 GET /api/admin/system-health 200 in 637ms
 ✓ Compiled /api/admin/live-feed in 430ms (1740 modules)
 ✓ Compiled in 0ms (1742 modules)
 ✓ Compiled in 0ms (1742 modules)
 ✓ Compiled in 0ms (1742 modules)
 GET /api/admin/stats 200 in 1731ms
 GET /api/admin/system-health 200 in 1623ms
 GET /api/admin/live-feed?limit=20 200 in 2024ms
 GET /api/admin/stats 200 in 93ms
 GET /api/admin/live-feed?limit=20 200 in 86ms
 GET /api/dashboard/agenda 200 in 195ms
 GET /api/notifications?limit=10 200 in 85ms
 GET /api/dashboard/agenda 200 in 81ms
 GET /api/realtime 200 in 737ms
 GET /api/notifications?limit=10 200 in 81ms
 GET /api/realtime 200 in 841ms
 GET /api/realtime 200 in 445ms
 GET /api/realtime 200 in 650ms
 GET /api/realtime 200 in 419ms
 GET /api/realtime 200 in 434ms
 GET /api/realtime 200 in 442ms
 GET /api/realtime 200 in 481ms
 GET / 200 in 151ms
 GET /api/realtime 200 in 503ms
 GET /api/realtime 200 in 542ms
 GET /api/realtime 200 in 682ms
 GET /api/realtime 200 in 834ms
 GET /api/realtime 200 in 560ms
 GET /api/realtime 200 in 930ms
 GET /api/realtime 200 in 728ms
 GET /api/realtime 200 in 734ms
 GET /api/realtime 200 in 335ms
 GET /api/realtime 200 in 727ms
 GET /api/auth/csrf 200 in 131ms
 POST /api/auth/signout 200 in 106ms
 GET /api/realtime 200 in 716ms
 GET /api/realtime 200 in 737ms
 GET / 200 in 98ms
 GET /api/realtime 401 in 76ms
 GET /api/auth/csrf 200 in 101ms
 GET /api/realtime 200 in 21393ms
 POST /api/auth/_log 200 in 110ms
 GET /api/auth/session 200 in 106ms
 GET /api/auth/session 200 in 135ms
 GET /api/auth/providers 200 in 106ms
 GET /api/auth/csrf 200 in 106ms
 POST /api/auth/callback/credentials 200 in 411ms
 GET /api/auth/session 200 in 107ms
 GET /dashboard?_rsc=iqngu 200 in 92ms
 GET /api/notifications?limit=10 200 in 167ms
 GET /api/dashboard/agenda 200 in 178ms
 GET /api/realtime 200 in 265ms
 GET /api/notifications?limit=10 200 in 130ms
 GET /api/realtime 200 in 291ms
 GET /api/dashboard/agenda 200 in 83ms
 GET /api/realtime 200 in 306ms
 GET /api/realtime 200 in 246ms
 GET /api/realtime 200 in 269ms
 GET /api/realtime 200 in 247ms
 GET / 200 in 95ms
 GET /api/realtime 200 in 274ms
 GET /api/realtime 200 in 266ms
 GET /projects?_rsc=x7vz2 200 in 105ms
 GET /api/realtime 200 in 256ms
 GET /api/realtime 200 in 384ms
 GET /api/realtime 200 in 393ms
 GET /api/realtime 200 in 239ms
 GET /api/realtime 200 in 255ms
 GET /api/realtime 200 in 272ms
 GET /api/realtime 200 in 290ms
 GET /api/realtime 200 in 273ms
 GET /api/realtime 200 in 356ms
 GET /api/realtime 200 in 257ms
 GET /api/realtime 200 in 289ms
 GET /api/realtime 200 in 289ms
 GET /api/realtime 200 in 240ms
 ○ Compiling /projects/[id] ...
 ✓ Compiled /projects/[id] in 3s (3346 modules)
 GET /api/realtime 200 in 3078ms
 GET /api/realtime 200 in 305ms
 GET /projects/project-mall-renovation?_rsc=1o8h7 200 in 170ms
 GET /api/realtime 200 in 276ms
 GET /api/realtime 200 in 262ms
 GET /api/realtime 200 in 288ms
 GET /api/realtime 200 in 263ms
 GET /api/realtime 200 in 301ms
 GET /api/realtime 200 in 255ms
 GET /api/realtime 200 in 330ms
 GET /api/realtime 200 in 465ms
 GET /api/realtime 200 in 501ms
 GET /api/realtime 200 in 269ms
 GET /api/realtime 200 in 365ms
 GET /admin?_rsc=16s51 200 in 126ms
 GET /api/realtime 200 in 846ms
 GET /api/realtime 200 in 29276ms
 GET /api/realtime 200 in 924ms
 GET /api/admin/system-health 200 in 168ms
 GET /api/admin/stats 200 in 177ms
 GET /api/admin/live-feed?limit=20 200 in 91ms
 GET /api/admin/system-health 200 in 196ms
 GET /api/admin/stats 200 in 220ms
 GET /api/admin/live-feed?limit=20 200 in 87ms
 ○ Compiling /admin/api-management ...
 ✓ Compiled /admin/api-management in 1656ms (3417 modules)
 GET / 200 in 1327ms
 ○ Compiling /api/admin/api-connections/logs ...
 ✓ Compiled /api/admin/api-connections/services in 1032ms (1879 modules)
 ✓ Compiled (1885 modules)
 GET /api/admin/api-connections/services?environment=PRODUCTION 200 in 1185ms
 GET /api/admin/api-connections/dependencies 200 in 1702ms
 GET /api/admin/api-connections?environment=PRODUCTION 200 in 1704ms
 GET /api/admin/api-connections/logs?limit=100 200 in 1702ms
 GET /api/admin/api-connections/dependencies 200 in 194ms
 GET /api/admin/api-connections/services?environment=PRODUCTION 200 in 195ms
 GET /api/admin/api-connections/logs?limit=100 200 in 184ms
 GET /api/admin/api-connections?environment=PRODUCTION 200 in 197ms
 ○ Compiling /admin/invitations ...
 ✓ Compiled /admin/audit-logs in 1592ms (3449 modules)
 ○ Compiling /api/admin/audit-logs ...
 ✓ Compiled /api/admin/audit-logs in 625ms (1901 modules)
 GET /api/admin/audit-logs?page=1&limit=50 200 in 791ms
 GET /api/admin/audit-logs?page=1&limit=50 200 in 95ms
 GET / 200 in 131ms
[?25h
