  ▲ Next.js 14.2.28
  - Local:        http://localhost:3000
  - Environments: .env
  - Experiments (use with caution):
    · outputFileTracingRoot

 ✓ Starting...
 ✓ Ready in 1741ms
 ○ Compiling /api/realtime ...
 ✓ Compiled /api/realtime in 705ms (272 modules)
 GET /api/realtime 200 in 226ms
 GET /api/realtime 200 in 31086ms
 GET /api/realtime 200 in 30191ms
 GET /api/realtime 200 in 30223ms
 GET /api/realtime 200 in 30200ms
 GET /api/realtime 200 in 30185ms
 GET /api/realtime 200 in 30190ms
 GET /api/realtime 200 in 30197ms
 GET /api/realtime 200 in 30194ms
 GET /api/realtime 200 in 30196ms
 GET /api/realtime 200 in 30208ms
 GET /api/realtime 200 in 30193ms
 GET /api/realtime 200 in 30220ms
 GET /api/realtime 200 in 30196ms
 GET /api/realtime 200 in 30199ms
 GET /api/realtime 200 in 30201ms
 GET /api/realtime 200 in 30217ms
 GET /api/realtime 200 in 30224ms
 GET /api/realtime 200 in 30201ms
 GET /api/realtime 200 in 30198ms
 GET /api/realtime 200 in 30205ms
 GET /api/realtime 200 in 30193ms
 GET /api/realtime 200 in 30210ms
 GET /api/realtime 200 in 30195ms
 GET /api/realtime 200 in 30222ms
 GET /api/realtime 200 in 30197ms
 GET /api/realtime 200 in 30194ms
 GET /api/realtime 200 in 30209ms
 GET /api/realtime 200 in 30190ms
 GET /api/realtime 200 in 30192ms
 GET /api/realtime 200 in 30199ms
 GET /api/realtime 200 in 30193ms
 GET /api/realtime 200 in 30204ms
 GET /api/realtime 200 in 30193ms
 GET /api/realtime 200 in 30190ms
 GET /api/realtime 200 in 30198ms
 GET /api/realtime 200 in 30215ms
 GET /api/realtime 200 in 30189ms
 ✓ Compiled in 107ms (272 modules)
 GET /api/realtime 200 in 30229ms
 GET /api/realtime 200 in 30200ms
 GET /api/realtime 200 in 30197ms
 GET /api/realtime 200 in 30231ms
 GET /api/realtime 200 in 30213ms
 GET /api/realtime 200 in 30213ms
 GET /api/realtime 200 in 30195ms
 GET /api/realtime 200 in 30236ms
 GET /api/realtime 200 in 30209ms
 GET /api/realtime 200 in 30206ms
 GET /api/realtime 200 in 30199ms
 GET /api/realtime 200 in 30199ms
 GET /api/realtime 200 in 30214ms
 GET /api/realtime 200 in 30228ms
 GET /api/realtime 200 in 30216ms
 GET /api/realtime 200 in 30198ms
 GET /api/realtime 200 in 30211ms
 GET /api/realtime 200 in 30214ms
 GET /api/realtime 200 in 30219ms
 GET /api/realtime 200 in 30214ms
 GET /api/realtime 200 in 30212ms
 GET /api/realtime 200 in 30213ms
 GET /api/realtime 200 in 30204ms
 GET /api/realtime 200 in 30198ms
 GET /api/realtime 200 in 30203ms
 GET /api/realtime 200 in 30242ms
 GET /api/realtime 200 in 30196ms
 GET /api/realtime 200 in 30202ms
 GET /api/realtime 200 in 30218ms
 GET /api/realtime 200 in 30211ms
 GET /api/realtime 200 in 30218ms
 GET /api/realtime 200 in 30221ms
 GET /api/realtime 200 in 30202ms
 GET /api/realtime 200 in 30210ms
 GET /api/realtime 200 in 30225ms
 GET /api/realtime 200 in 30226ms
 GET /api/realtime 200 in 30198ms
 GET /api/realtime 200 in 30219ms
 GET /api/realtime 200 in 30203ms
 GET /api/realtime 200 in 30194ms
 GET /api/realtime 200 in 30218ms
 GET /api/realtime 200 in 30200ms
 GET /api/realtime 200 in 30210ms
 GET /api/realtime 200 in 30215ms
 GET /api/realtime 200 in 30217ms
 GET /api/realtime 200 in 30207ms
 GET /api/realtime 200 in 30234ms
 GET /api/realtime 200 in 30255ms
 GET /api/realtime 200 in 30214ms
 GET /api/realtime 200 in 30202ms
 GET /api/realtime 200 in 30193ms
 GET /api/realtime 200 in 30195ms
 GET /api/realtime 200 in 30216ms
 GET /api/realtime 200 in 30208ms
 GET /api/realtime 200 in 30196ms
 GET /api/realtime 200 in 30194ms
 GET /api/realtime 200 in 30190ms
 GET /api/realtime 200 in 30205ms
 GET /api/realtime 200 in 30219ms
 GET /api/realtime 200 in 30227ms
 GET /api/realtime 200 in 30228ms
 GET /api/realtime 200 in 30199ms
 GET /api/realtime 200 in 30212ms
 GET /api/realtime 200 in 30228ms
 GET /api/realtime 200 in 30209ms
 GET /api/realtime 200 in 30226ms
 GET /api/realtime 200 in 30221ms
 GET /api/realtime 200 in 30206ms
 GET /api/realtime 200 in 30201ms
 GET /api/realtime 200 in 30232ms
 GET /api/realtime 200 in 30197ms
 GET /api/realtime 200 in 30198ms
 GET /api/realtime 200 in 30217ms
 GET /api/realtime 200 in 30217ms
 GET /api/realtime 200 in 30216ms
 GET /api/realtime 200 in 30210ms
 GET /api/realtime 200 in 30200ms
 GET /api/realtime 200 in 30216ms
 GET /api/realtime 200 in 30206ms
 GET /api/realtime 200 in 30201ms
 GET /api/realtime 200 in 30209ms
 GET /api/realtime 200 in 30221ms
 GET /api/realtime 200 in 30201ms
 GET /api/realtime 200 in 30212ms
 GET /api/realtime 200 in 30199ms
 GET /api/realtime 200 in 30222ms
 GET /api/realtime 200 in 30195ms
 GET /api/realtime 200 in 30199ms
 GET /api/realtime 200 in 30190ms
 GET /api/realtime 200 in 30191ms
 GET /api/realtime 200 in 30205ms
 GET /api/realtime 200 in 30226ms
 GET /api/realtime 200 in 30212ms
 GET /api/realtime 200 in 30211ms
 GET /api/realtime 200 in 30218ms
 GET /api/realtime 200 in 30203ms
 GET /api/realtime 200 in 30213ms
 GET /api/realtime 200 in 30205ms
 GET /api/realtime 200 in 30244ms
 GET /api/realtime 200 in 30202ms
 GET /api/realtime 200 in 30226ms
 GET /api/realtime 200 in 30208ms
 GET /api/realtime 200 in 30215ms
 GET /api/realtime 200 in 30201ms
 GET /api/realtime 200 in 30231ms
 GET /api/realtime 200 in 30206ms
 GET /api/realtime 200 in 30204ms
 GET /api/realtime 200 in 30216ms
 GET /api/realtime 200 in 30220ms
 GET /api/realtime 200 in 30214ms
 GET /api/realtime 200 in 30220ms
 GET /api/realtime 200 in 30218ms
 GET /api/realtime 200 in 30198ms
 GET /api/realtime 200 in 30209ms
 GET /api/realtime 200 in 30198ms
 GET /api/realtime 200 in 30221ms
 GET /api/realtime 200 in 30208ms
 GET /api/realtime 200 in 30228ms
 GET /api/realtime 200 in 30203ms
 GET /api/realtime 200 in 30231ms
 GET /api/realtime 200 in 30199ms
 GET /api/realtime 200 in 30193ms
 GET /api/realtime 200 in 30213ms
 GET /api/realtime 200 in 30196ms
 GET /api/realtime 200 in 30208ms
 GET /api/realtime 200 in 30222ms
 GET /api/realtime 200 in 30198ms
 GET /api/realtime 200 in 30210ms
 GET /api/realtime 200 in 30210ms
 GET /api/realtime 200 in 30205ms
 GET /api/realtime 200 in 30188ms
 GET /api/realtime 200 in 30194ms
 GET /api/realtime 200 in 30193ms
 GET /api/realtime 200 in 30215ms
 GET /api/realtime 200 in 30194ms
 GET /api/realtime 200 in 30213ms
 GET /api/realtime 200 in 30200ms
 GET /api/realtime 200 in 30241ms
 GET /api/realtime 200 in 30229ms
 GET /api/realtime 200 in 30199ms
 GET /api/realtime 200 in 30213ms
 GET /api/realtime 200 in 30199ms
 GET /api/realtime 200 in 30213ms
 GET /api/realtime 200 in 30215ms
 GET /api/realtime 200 in 30214ms
 GET /api/realtime 200 in 30213ms
 GET /api/realtime 200 in 30203ms
 GET /api/realtime 200 in 30215ms
 GET /api/realtime 200 in 30251ms
 ○ Compiling / ...
 GET /api/realtime 200 in 30675ms
 GET /api/realtime 200 in 30583ms
 ✓ Compiled / in 2.6s (838 modules)
 GET /api/realtime 200 in 30212ms
 GET / 200 in 2993ms
 ✓ Compiled in 407ms (296 modules)
 GET / 200 in 64ms
 GET /api/realtime 200 in 30237ms
 GET / 200 in 56ms
 GET / 200 in 56ms
 GET /api/realtime 200 in 30196ms
 GET /api/realtime 200 in 30222ms
 GET /api/realtime 200 in 30214ms
 ✓ Compiled /api/auth/[...nextauth] in 124ms (544 modules)
 GET /api/realtime 200 in 30213ms
 GET /api/auth/session 200 in 612ms
 GET /api/auth/session 200 in 54ms
 GET /api/realtime 200 in 30234ms
 GET /api/realtime 200 in 30204ms
 GET /api/realtime 200 in 30199ms
 GET /api/realtime 200 in 30211ms
 GET /api/realtime 200 in 30202ms
 GET /api/realtime 200 in 30213ms
 GET /api/realtime 200 in 30210ms
 GET /api/realtime 200 in 30201ms
 GET /api/realtime 200 in 30201ms
 GET /api/realtime 200 in 30187ms
 GET /api/realtime 200 in 30224ms
 GET /api/realtime 200 in 30208ms
 GET /api/realtime 200 in 30217ms
 GET /api/realtime 200 in 30192ms
 GET /api/realtime 200 in 30200ms
 GET /api/realtime 200 in 30219ms
 GET /api/realtime 200 in 30223ms
 GET /api/realtime 200 in 30204ms
 GET /api/realtime 200 in 30216ms
 GET /api/realtime 200 in 30227ms
 GET /api/realtime 200 in 30225ms
 GET /api/realtime 200 in 30202ms
 GET /api/realtime 200 in 30198ms
 GET /api/realtime 200 in 30228ms
 GET /api/realtime 200 in 30223ms
 GET /api/realtime 200 in 30216ms
 GET /api/realtime 200 in 30217ms
 GET /api/realtime 200 in 30189ms
 GET /api/realtime 200 in 30230ms
 GET /api/realtime 200 in 30210ms
 GET /api/realtime 200 in 33093ms
 GET /api/realtime 200 in 30201ms
 GET /api/realtime 200 in 30239ms
 GET /api/realtime 200 in 30206ms
 GET /api/realtime 200 in 30512ms
 GET /api/realtime 200 in 30209ms
 GET /api/realtime 200 in 30225ms
 GET /api/realtime 200 in 30227ms
 GET /api/realtime 200 in 30226ms
 GET /api/realtime 200 in 30199ms
 GET /api/realtime 200 in 30219ms
 GET /api/realtime 200 in 30225ms
 GET /api/realtime 200 in 30226ms
 GET /api/realtime 200 in 30201ms
 GET /api/realtime 200 in 30219ms
 GET /api/realtime 200 in 30203ms
 GET /api/realtime 200 in 30215ms
 GET /api/realtime 200 in 30209ms
 GET /api/realtime 200 in 30196ms
 GET /api/realtime 200 in 30203ms
 GET /api/realtime 200 in 30220ms
 GET /api/realtime 200 in 30226ms
 GET /api/realtime 200 in 30224ms
 GET /api/realtime 200 in 30197ms
 GET /api/realtime 200 in 30206ms
 GET /api/realtime 200 in 30202ms
[?25h
