  ▲ Next.js 14.2.28
  - Local:        http://localhost:3000
  - Environments: .env
  - Experiments (use with caution):
    · outputFileTracingRoot

 ✓ Starting...
 ✓ Ready in 1945ms
 ○ Compiling / ...
 ✓ Compiled / in 2.3s (596 modules)
 GET / 200 in 2756ms
 ✓ Compiled in 450ms (296 modules)
 GET / 200 in 57ms
 ✓ Compiled /api/auth/[...nextauth] in 414ms (541 modules)
 GET /api/auth/session 200 in 890ms
 GET /api/auth/session 200 in 49ms
 GET / 200 in 90ms
 GET / 200 in 49ms
 GET / 200 in 49ms
 GET / 200 in 46ms
 GET / 200 in 51ms
 GET / 200 in 52ms
 GET / 200 in 49ms
 GET / 200 in 44ms
 GET / 200 in 46ms
 GET / 200 in 47ms
 GET / 200 in 52ms
 GET / 200 in 52ms
 GET / 200 in 45ms
 GET / 200 in 45ms
 GET / 200 in 41ms
 GET / 200 in 44ms
 GET / 200 in 43ms
 GET / 200 in 44ms
 GET / 200 in 45ms
 GET / 200 in 48ms
 GET / 200 in 52ms
 GET /api/auth/session 200 in 51ms
 GET / 200 in 52ms
 GET / 200 in 43ms
 GET / 200 in 44ms
 GET / 200 in 45ms
 GET / 200 in 45ms
 GET /api/auth/session 200 in 49ms
 GET /api/auth/session 200 in 36ms
 GET / 200 in 45ms
 GET / 200 in 45ms
 GET / 200 in 48ms
 GET / 200 in 45ms
 GET / 200 in 47ms
 GET / 200 in 46ms
 GET / 200 in 58ms
 GET / 200 in 42ms
 GET / 200 in 48ms
 GET / 200 in 47ms
 GET / 200 in 50ms
 GET / 200 in 43ms
 GET / 200 in 43ms
 GET / 200 in 43ms
 GET / 200 in 45ms
 GET / 200 in 46ms
 GET / 200 in 51ms
 GET / 200 in 44ms
 ✓ Compiled in 427ms (296 modules)
 ✓ Compiled in 304ms (296 modules)
 ✓ Compiled in 241ms (296 modules)
 ✓ Compiled in 576ms (284 modules)
 ✓ Compiled / in 201ms (300 modules)
 GET / 200 in 351ms
 GET / 200 in 48ms
 GET / 200 in 48ms
 GET / 200 in 47ms
 ✓ Compiled /api/auth/[...nextauth] in 122ms (541 modules)
 GET /api/auth/session 200 in 257ms
 GET /api/auth/session 200 in 41ms
 GET / 200 in 82ms
 ✓ Compiled /login in 474ms (871 modules)
 GET / 200 in 89ms
 GET /api/auth/session 200 in 78ms
 GET / 200 in 55ms
 GET / 200 in 50ms
 GET /api/auth/session 200 in 51ms
 GET /api/auth/session 200 in 40ms
