  ▲ Next.js 14.2.28
  - Local:        http://localhost:3000
  - Environments: .env
  - Experiments (use with caution):
    · outputFileTracingRoot

 ✓ Starting...
 ✓ Ready in 2.2s
 ○ Compiling / ...
 ✓ Compiled / in 1893ms (596 modules)
 GET / 200 in 2463ms
 ✓ Compiled in 529ms (296 modules)
 GET / 200 in 80ms
 GET / 200 in 67ms
 GET / 200 in 62ms
 GET / 200 in 63ms
 ○ Compiling /api/auth/[...nextauth] ...
 ✓ Compiled /api/auth/[...nextauth] in 526ms (541 modules)
 GET /api/auth/session 200 in 1030ms
 GET /api/auth/session 200 in 62ms
 GET / 200 in 95ms
 GET / 200 in 67ms
 GET / 200 in 65ms
 GET / 200 in 64ms
 GET / 200 in 68ms
 GET / 200 in 65ms
 GET / 200 in 63ms
 GET /api/auth/session 200 in 62ms
 GET / 200 in 62ms
 GET / 200 in 63ms
 ○ Compiling /login ...
 ✓ Compiled /login in 768ms (871 modules)
 GET /api/auth/providers 200 in 94ms
 GET /api/auth/csrf 200 in 63ms
 POST /api/auth/callback/credentials 200 in 446ms
 GET /api/auth/session 200 in 63ms
 ✓ Compiled /middleware in 201ms (174 modules)
 ○ Compiling /dashboard ...
 ✓ Compiled /dashboard in 1535ms (2815 modules)
 GET /dashboard?_rsc=iqngu 200 in 109ms
 ✓ Compiled /api/realtime in 385ms (1570 modules)
 ✓ Compiled (1573 modules)
 GET /api/notifications?limit=10 200 in 793ms
 GET /api/realtime 200 in 929ms
 GET /api/realtime 200 in 934ms
 GET /api/notifications?limit=10 200 in 92ms
 GET /api/realtime 200 in 266ms
 GET /api/realtime 200 in 230ms
 GET / 200 in 95ms
 GET / 200 in 61ms
 GET /api/realtime 200 in 255ms
 GET /api/auth/csrf 200 in 76ms
 POST /api/auth/signout 200 in 80ms
 GET /api/realtime 401 in 49ms
 GET /api/realtime 401 in 49ms
 GET / 200 in 66ms
 GET /api/auth/session 200 in 66ms
 GET /api/auth/session 200 in 63ms
 GET /api/realtime 200 in 30630ms
 GET /api/realtime 200 in 30940ms
 GET /api/realtime 200 in 30209ms
 GET /api/realtime 200 in 30214ms
 GET /api/realtime 200 in 30218ms
 GET / 200 in 64ms
 GET /api/realtime 200 in 30213ms
 GET /api/realtime 200 in 30217ms
 GET /api/realtime 200 in 30239ms
 GET /api/realtime 200 in 30224ms
 GET /api/realtime 200 in 30223ms
 GET /api/realtime 200 in 30228ms
 GET /api/realtime 200 in 30200ms
 GET /api/realtime 200 in 30220ms
 GET /api/realtime 200 in 30223ms
 GET /api/realtime 200 in 30202ms
 GET /api/realtime 200 in 30217ms
 GET / 200 in 63ms
 GET /api/realtime 200 in 30230ms
 GET /api/realtime 200 in 30222ms
 GET /api/realtime 200 in 30246ms
 GET /api/realtime 200 in 30226ms
 GET /api/realtime 200 in 30217ms
 GET /api/realtime 200 in 30204ms
 GET /api/realtime 200 in 30239ms
 GET / 200 in 68ms
 GET / 200 in 65ms
 GET / 200 in 62ms
prisma:error Error in PostgreSQL connection: Error { kind: Db, cause: Some(DbError { severity: "FATAL", parsed_severity: Some(Fatal), code: SqlState(E57P05), message: "terminating connection due to idle-session timeout", detail: None, hint: None, position: None, where_: None, schema: None, table: None, column: None, datatype: None, constraint: None, file: Some("postgres.c"), line: Some(3472), routine: Some("ProcessInterrupts") }) }
prisma:error Error in PostgreSQL connection: Error { kind: Db, cause: Some(DbError { severity: "FATAL", parsed_severity: Some(Fatal), code: SqlState(E57P05), message: "terminating connection due to idle-session timeout", detail: None, hint: None, position: None, where_: None, schema: None, table: None, column: None, datatype: None, constraint: None, file: Some("postgres.c"), line: Some(3472), routine: Some("ProcessInterrupts") }) }
prisma:error Error in PostgreSQL connection: Error { kind: Db, cause: Some(DbError { severity: "FATAL", parsed_severity: Some(Fatal), code: SqlState(E57P05), message: "terminating connection due to idle-session timeout", detail: None, hint: None, position: None, where_: None, schema: None, table: None, column: None, datatype: None, constraint: None, file: Some("postgres.c"), line: Some(3472), routine: Some("ProcessInterrupts") }) }
prisma:error Error in PostgreSQL connection: Error { kind: Db, cause: Some(DbError { severity: "FATAL", parsed_severity: Some(Fatal), code: SqlState(E57P05), message: "terminating connection due to idle-session timeout", detail: None, hint: None, position: None, where_: None, schema: None, table: None, column: None, datatype: None, constraint: None, file: Some("postgres.c"), line: Some(3472), routine: Some("ProcessInterrupts") }) }
 GET / 200 in 66ms
 ✓ Compiled in 671ms (1283 modules)
 ✓ Compiled in 823ms (1745 modules)
 GET / 200 in 166ms
 GET / 200 in 70ms
 GET / 200 in 67ms
 ✓ Compiled in 665ms (1283 modules)
 GET / 200 in 77ms
 GET / 200 in 61ms
 GET / 200 in 63ms
 ✓ Compiled /api/auth/[...nextauth] in 260ms (541 modules)
 GET /api/auth/session 200 in 415ms
 GET /api/auth/session 200 in 51ms
 GET / 200 in 99ms
 GET / 200 in 66ms
 GET / 200 in 63ms
 GET / 200 in 61ms
 GET / 200 in 63ms
 GET / 200 in 65ms
 ✓ Compiled in 540ms (1283 modules)
 GET / 200 in 107ms
 ✓ Compiled in 486ms (1283 modules)
 GET / 200 in 375ms
 ✓ Compiled in 582ms (1283 modules)
[?25h
