  ▲ Next.js 14.2.28
  - Local:        http://localhost:3000
  - Environments: .env
  - Experiments (use with caution):
    · outputFileTracingRoot

 ✓ Starting...
 ✓ Ready in 2.2s
 ○ Compiling / ...
 ✓ Compiled / in 2.6s (598 modules)
 GET / 200 in 3316ms
 ✓ Compiled in 610ms (297 modules)
 ✓ Compiled /api/auth/[...nextauth] in 469ms (542 modules)
 GET /api/auth/providers 200 in 1030ms
 GET / 200 in 138ms
 GET /api/auth/session 200 in 91ms
 GET /api/auth/session 200 in 96ms
 ○ Compiling /signup ...
 ✓ Compiled /signup in 930ms (883 modules)
 GET /signup 200 in 1206ms
 GET /login 200 in 1208ms
 GET /api/auth/session 200 in 102ms
 GET /api/auth/session 200 in 72ms
 GET /api/auth/session 200 in 78ms
 GET /api/auth/session 200 in 86ms
 GET /api/auth/session 200 in 68ms
 GET /api/auth/csrf 200 in 103ms
 ✓ Compiled /api/signup in 151ms (598 modules)
 POST /api/signup 200 in 655ms
 GET / 200 in 112ms
 GET /api/auth/signin 302 in 90ms
 GET /login?callbackUrl=https://1905ad134.preview.abacusai.app 200 in 81ms
 GET /api/auth/csrf 200 in 73ms
 POST /api/auth/callback/credentials 302 in 379ms
 ✓ Compiled /middleware in 334ms (174 modules)
 ○ Compiling /dashboard ...
 ✓ Compiled /dashboard in 2.3s (3018 modules)
 GET /dashboard 200 in 2731ms
 GET / 200 in 153ms
 GET /dashboard 200 in 137ms
 GET /api/auth/session 200 in 117ms
 ✓ Compiled /api/realtime in 334ms (1662 modules)
 ✓ Compiled (1665 modules)
 GET /api/auth/session 200 in 786ms
 GET /api/notifications?limit=10 200 in 822ms
 GET /api/realtime 200 in 507ms
 GET /api/auth/session 200 in 147ms
 GET /api/realtime 200 in 175ms
 GET /api/notifications?limit=10 200 in 227ms
 GET /api/auth/session 200 in 230ms
 GET /api/realtime 200 in 290ms
 GET /api/notifications?limit=10 200 in 214ms
 GET /api/auth/session 200 in 181ms
 GET /api/realtime 200 in 112ms
 GET /api/notifications?limit=10 200 in 164ms
 GET /api/realtime 200 in 209ms
 GET /api/auth/session 200 in 165ms
 GET /api/realtime 200 in 114ms
 GET /api/realtime 200 in 103ms
 GET /api/realtime 200 in 129ms
 GET /api/realtime 200 in 112ms
 GET /api/realtime 200 in 118ms
 GET /api/realtime 200 in 249ms
 GET /api/realtime 200 in 98ms
 GET /api/realtime 200 in 111ms
 GET /api/realtime 200 in 156ms
 GET /api/realtime 200 in 171ms
 GET /api/realtime 200 in 104ms
 GET /api/realtime 200 in 91ms
 GET /api/realtime 200 in 94ms
 GET /api/realtime 200 in 96ms
 GET /api/realtime 200 in 4107ms
 ○ Compiling /tasks ...
 ✓ Compiled /tasks in 3.8s (3483 modules)
 GET /projects/new 200 in 4844ms
 GET /budget 200 in 5181ms
 GET /inspections 200 in 4867ms
 GET /equipment 200 in 4907ms
 GET /meetings 200 in 4867ms
 GET /documents 200 in 4868ms
 GET /rfis 200 in 4913ms
 GET /settings 200 in 4873ms
 GET /reports 200 in 4873ms
 GET /safety 200 in 4934ms
 GET /submittals 200 in 4892ms
 GET /punch-lists 200 in 4938ms
 GET /team 200 in 4899ms
 GET /company 200 in 4899ms
 GET /projects 200 in 4959ms
 GET /daily-reports 200 in 5171ms
 GET /tasks 200 in 4923ms
 GET /projects/project-riverside-homes 200 in 4952ms
 GET /projects/project-downtown-office 200 in 4937ms
 GET /projects/project-mall-renovation 200 in 4986ms
 GET /api/notifications?limit=10 200 in 317ms
 GET /api/realtime 200 in 155ms
 GET /api/realtime 200 in 271ms
 GET /api/auth/session 200 in 340ms
 GET /api/realtime 200 in 197ms
 GET /api/realtime 200 in 238ms
 GET /api/realtime 200 in 235ms
 GET /api/realtime 200 in 548ms
 GET /api/realtime 200 in 548ms
 GET /api/notifications?limit=10 200 in 555ms
 GET /api/realtime 200 in 569ms
 GET /api/realtime 200 in 570ms
 GET /api/realtime 200 in 599ms
 GET /api/auth/session 200 in 590ms
 GET /api/realtime 200 in 212ms
 GET /api/realtime 200 in 212ms
 GET /api/realtime 200 in 533ms
 GET /api/realtime 200 in 537ms
 GET /api/realtime 200 in 597ms
 GET /api/realtime 200 in 361ms
 ○ Compiling /api/company/stats ...
 GET /api/notifications?limit=10 200 in 3364ms
 GET /api/realtime 200 in 4271ms
 GET /api/realtime 200 in 4284ms
 GET /api/realtime 200 in 3249ms
 GET /api/realtime 200 in 4111ms
 GET /api/realtime 200 in 4404ms
 GET /api/realtime 200 in 3543ms
 GET /api/realtime 200 in 3691ms
 GET /api/realtime 200 in 3694ms
 GET /api/realtime 200 in 4402ms
 GET /api/realtime 200 in 3544ms
 GET /api/realtime 200 in 3662ms
 GET /api/realtime 200 in 4147ms
 ✓ Compiled /api/company/stats in 4s (1926 modules)
 GET /api/auth/session 200 in 1515ms
 GET /api/auth/session 200 in 1516ms
 GET /api/auth/session 200 in 1463ms
 GET /api/realtime 200 in 5330ms
 GET /api/notifications?limit=10 200 in 1944ms
 GET /api/notifications?limit=10 200 in 1945ms
 GET /api/notifications?limit=10 200 in 1947ms
 GET /api/notifications?limit=10 200 in 1949ms
 GET /api/realtime 200 in 145ms
 GET /api/realtime 200 in 94ms
 GET /api/realtime 200 in 93ms
 GET /api/realtime 200 in 94ms
 GET /api/realtime 200 in 96ms
 GET /api/realtime 200 in 99ms
 GET /api/realtime 200 in 113ms
 GET /api/realtime 200 in 111ms
 GET /api/realtime 200 in 134ms
 GET /api/realtime 200 in 104ms
 GET /api/realtime 200 in 92ms
 GET /api/realtime 200 in 90ms
 GET /api/realtime 200 in 7213ms
 ○ Compiling /company/settings ...
 ✓ Compiled /company/settings in 2.8s (3564 modules)
 GET /company/invitations 200 in 3196ms
 GET /company/usage 200 in 3197ms
 GET /change-orders 200 in 3196ms
 GET /company/settings 307 in 3196ms
 GET /company/team 200 in 3197ms
 GET /dashboard 200 in 209ms
 ○ Compiling /api/company/invitations ...
 ✓ Compiled /api/company/invitations in 821ms (1979 modules)
 GET /api/auth/session 200 in 1717ms
 GET /api/company/invitations? 200 in 1800ms
 GET /api/notifications?limit=10 200 in 1713ms
 GET /api/realtime 200 in 1187ms
 GET /api/realtime 200 in 1411ms
 GET /api/auth/session 200 in 213ms
 GET /api/company/invitations? 200 in 303ms
 GET /api/notifications?limit=10 200 in 329ms
 GET /api/realtime 200 in 331ms
 GET /api/realtime 200 in 334ms
 GET /api/auth/session 200 in 174ms
 GET /api/company/invitations? 200 in 235ms
 GET /api/notifications?limit=10 200 in 223ms
 GET /api/realtime 200 in 260ms
 GET /api/realtime 200 in 262ms
 GET /api/auth/session 200 in 126ms
 GET /api/realtime 200 in 202ms
 GET /api/company/invitations? 200 in 261ms
 GET /api/notifications?limit=10 200 in 269ms
 GET /api/realtime 200 in 280ms
 GET /api/auth/session 200 in 254ms
 GET /api/realtime 200 in 203ms
 GET /api/realtime 200 in 265ms
 GET /api/notifications?limit=10 200 in 269ms
 GET /api/auth/session 200 in 203ms
 GET /api/realtime 200 in 180ms
 GET /api/notifications?limit=10 200 in 200ms
 GET /api/realtime 200 in 249ms
 GET /api/auth/session 200 in 222ms
 GET /api/realtime 200 in 236ms
 GET /api/notifications?limit=10 200 in 254ms
 GET /api/realtime 200 in 255ms
 GET /api/auth/session 200 in 215ms
 GET /api/realtime 200 in 136ms
 GET /api/realtime 200 in 206ms
 GET /api/notifications?limit=10 200 in 202ms
 GET /api/auth/session 200 in 215ms
 GET /api/realtime 200 in 375ms
 GET /api/realtime 200 in 155ms
 GET /api/auth/session 200 in 142ms
 GET /api/realtime 200 in 3964ms
 GET /api/realtime 200 in 162ms
 GET /api/auth/session 200 in 201ms
 GET /api/realtime 200 in 172ms
 GET /api/auth/session 200 in 91ms
 GET /api/realtime 200 in 4159ms
 GET /api/auth/session 200 in 211ms
 GET /api/auth/session 200 in 226ms
 GET /api/auth/session 200 in 193ms
[?25h
