  ▲ Next.js 14.2.28
  - Local:        http://localhost:3000
  - Environments: .env
  - Experiments (use with caution):
    · outputFileTracingRoot

 ✓ Starting...
 ✓ Ready in 1627ms
 ○ Compiling / ...
 ✓ Compiled / in 2s (596 modules)
 GET / 200 in 2523ms
 ✓ Compiled in 536ms (296 modules)
 ○ Compiling /api/auth/[...nextauth] ...
 ✓ Compiled /api/auth/[...nextauth] in 565ms (541 modules)
 GET /api/auth/providers 200 in 1090ms
 GET / 200 in 123ms
 GET /api/auth/session 200 in 68ms
 GET /api/auth/session 200 in 48ms
 ○ Compiling /login ...
 ✓ Compiled /login in 1204ms (881 modules)
 GET /login 200 in 1418ms
 GET /signup 200 in 1420ms
 GET /api/auth/session 200 in 106ms
 GET /api/auth/session 200 in 51ms
 GET /api/auth/session 200 in 51ms
 GET /api/auth/session 200 in 51ms
 GET /api/auth/session 200 in 64ms
 GET /api/auth/csrf 200 in 70ms
 ✓ Compiled /api/signup in 160ms (597 modules)
 POST /api/signup 200 in 672ms
 GET / 200 in 100ms
 GET /api/auth/signin 302 in 81ms
 GET /login?callbackUrl=https://4b8f6bc33.preview.abacusai.app 200 in 62ms
 GET /api/auth/csrf 200 in 50ms
 POST /api/auth/callback/credentials 302 in 351ms
 ✓ Compiled /middleware in 231ms (174 modules)
 ○ Compiling /dashboard ...
 ✓ Compiled /dashboard in 3s (2857 modules)
 GET /dashboard 200 in 3317ms
 GET / 200 in 105ms
 GET /dashboard 200 in 104ms
 GET /api/auth/session 200 in 99ms
 ○ Compiling /api/realtime ...
 ✓ Compiled /api/realtime in 633ms (1581 modules)
 ✓ Compiled (1584 modules)
 GET /api/auth/session 200 in 1079ms
 GET /api/notifications?limit=10 200 in 1448ms
 GET /api/realtime 200 in 1087ms
 GET /api/auth/session 200 in 125ms
 GET /api/notifications?limit=10 200 in 152ms
 GET /api/realtime 200 in 162ms
 GET /api/realtime 200 in 140ms
 GET /api/auth/session 200 in 158ms
 GET /api/notifications?limit=10 200 in 171ms
 GET /api/realtime 200 in 49ms
 GET /api/auth/session 200 in 93ms
 GET /api/notifications?limit=10 200 in 97ms
 GET /api/realtime 200 in 104ms
 GET /api/auth/session 200 in 78ms
 GET /api/realtime 200 in 92ms
 GET /api/auth/session 200 in 104ms
 GET /api/realtime 200 in 128ms
 GET /api/realtime 200 in 76ms
 GET /api/realtime 200 in 75ms
 GET /api/realtime 200 in 85ms
 GET /api/realtime 200 in 75ms
 GET /api/realtime 200 in 76ms
 GET /api/realtime 200 in 73ms
 GET /api/realtime 200 in 77ms
 GET /api/realtime 200 in 63ms
 GET /api/realtime 200 in 70ms
 GET /api/realtime 200 in 70ms
 GET /api/realtime 200 in 68ms
 GET /api/realtime 200 in 67ms
 GET /api/realtime 200 in 70ms
 GET /api/realtime 200 in 70ms
 GET /api/realtime 200 in 72ms
 GET /api/realtime 200 in 65ms
 GET /api/realtime 200 in 74ms
 GET /api/realtime 200 in 76ms
 GET /api/realtime 200 in 62ms
 GET /api/realtime 200 in 64ms
 GET /api/realtime 200 in 71ms
 GET /api/realtime 200 in 71ms
 GET /api/realtime 200 in 78ms
 GET /api/realtime 200 in 71ms
 GET /api/realtime 200 in 70ms
 GET /api/realtime 200 in 143ms
 GET /api/realtime 200 in 69ms
 GET /api/realtime 200 in 70ms
 GET /api/realtime 200 in 78ms
 GET /api/realtime 200 in 66ms
 GET /api/realtime 200 in 64ms
 GET /api/realtime 200 in 73ms
 GET /api/realtime 200 in 79ms
 GET /api/realtime 200 in 70ms
 GET /api/realtime 200 in 79ms
 GET /api/realtime 200 in 75ms
 GET /api/realtime 200 in 66ms
 GET /api/realtime 200 in 69ms
 GET /api/realtime 200 in 74ms
 GET /api/realtime 200 in 135ms
 GET /api/realtime 200 in 151ms
 GET /api/realtime 200 in 63ms
 GET /api/realtime 200 in 62ms
 GET /api/realtime 200 in 65ms
 GET /api/realtime 200 in 68ms
 GET /api/realtime 200 in 6976ms
 GET /api/realtime 200 in 57ms
 ○ Compiling /documents ...
 ✓ Compiled /documents in 4s (3457 modules)
 GET /projects/new 200 in 4832ms
 GET /budget 200 in 5020ms
 GET /milestones 200 in 5009ms
 GET /meetings 200 in 4841ms
 GET /inspections 200 in 4928ms
 GET /punch-lists 200 in 4932ms
 GET /daily-reports 200 in 4933ms
 GET /change-orders 200 in 4847ms
 GET /equipment 200 in 4847ms
 GET /subcontractors 200 in 5015ms
 GET /time-tracking 200 in 5002ms
 GET /projects 200 in 4946ms
 GET /submittals 200 in 4946ms
 GET /reports 200 in 4859ms
 GET /safety 200 in 4871ms
 GET /rfis 200 in 4872ms
 GET /team 200 in 4877ms
 GET /settings 200 in 4876ms
 GET /documents 200 in 4880ms
 GET /company 200 in 4885ms
 GET /materials 200 in 5268ms
 GET /tasks 200 in 4887ms
 GET /api/notifications?limit=10 200 in 582ms
 GET /api/auth/session 200 in 722ms
 GET /api/realtime 200 in 645ms
 GET /api/realtime 200 in 631ms
 GET /api/realtime 200 in 610ms
 GET /api/realtime 200 in 741ms
 GET /api/realtime 200 in 683ms
 GET /api/realtime 200 in 669ms
 GET /api/realtime 200 in 527ms
 GET /api/notifications?limit=10 200 in 756ms
 GET /api/realtime 200 in 617ms
 GET /api/realtime 200 in 702ms
 GET /api/realtime 200 in 640ms
 GET /api/auth/session 200 in 636ms
 GET /api/realtime 200 in 521ms
 GET /api/realtime 200 in 529ms
 GET /api/realtime 200 in 531ms
 GET /api/realtime 200 in 529ms
 GET /api/realtime 200 in 601ms
 GET /api/realtime 200 in 537ms
 GET /api/realtime 200 in 525ms
 GET /api/realtime 200 in 550ms
 GET /api/realtime 200 in 559ms
 GET /api/realtime 200 in 478ms
 GET /api/notifications?limit=10 200 in 717ms
 GET /api/realtime 200 in 596ms
 GET /api/realtime 200 in 588ms
 GET /api/realtime 200 in 421ms
 GET /api/realtime 200 in 583ms
 GET /api/realtime 200 in 522ms
 ○ Compiling /api/company/stats ...
 ✓ Compiled /api/company/stats in 1145ms (1918 modules)
 GET /api/auth/session 200 in 2541ms
 GET /api/realtime 200 in 2523ms
 GET /api/realtime 200 in 2432ms
 GET /api/realtime 200 in 2523ms
 GET /api/realtime 200 in 2530ms
 GET /api/realtime 200 in 2292ms
 GET /api/realtime 200 in 2311ms
 GET /api/realtime 200 in 2304ms
 GET /api/realtime 200 in 2466ms
 GET /api/realtime 200 in 2644ms
 GET /api/realtime 200 in 2487ms
 GET /api/realtime 200 in 2634ms
 GET /api/realtime 200 in 2636ms
 GET /api/realtime 200 in 2635ms
 GET /api/realtime 200 in 2660ms
 GET /api/company/stats 200 in 2792ms
 GET /api/realtime 200 in 1955ms
 GET /api/realtime 200 in 2332ms
 GET /api/realtime 200 in 2254ms
 GET /api/realtime 200 in 2344ms
 GET /api/realtime 200 in 2354ms
 GET /api/notifications?limit=10 200 in 2346ms
 GET /api/realtime 200 in 2163ms
 GET /api/realtime 200 in 379ms
 GET /api/realtime 200 in 410ms
 GET /api/realtime 200 in 2968ms
 GET /api/realtime 200 in 3192ms
 GET /api/realtime 200 in 441ms
 GET /api/realtime 200 in 171ms
 GET /api/realtime 200 in 413ms
 GET /api/auth/session 200 in 388ms
 GET /api/realtime 200 in 326ms
 GET /api/realtime 200 in 339ms
 GET /api/realtime 200 in 347ms
 GET /api/realtime 200 in 335ms
 GET /api/realtime 200 in 339ms
 GET /api/realtime 200 in 347ms
 GET /api/realtime 200 in 356ms
 GET /api/realtime 200 in 357ms
 GET /api/realtime 200 in 369ms
 GET /api/realtime 200 in 3264ms
 GET /api/realtime 200 in 488ms
 GET /api/realtime 200 in 501ms
 GET /api/realtime 200 in 490ms
 GET /api/realtime 200 in 490ms
 GET /api/realtime 200 in 4004ms
 GET /api/company/stats 200 in 1880ms
 GET /api/realtime 200 in 5533ms
 GET /api/realtime 200 in 4133ms
 GET /api/realtime 200 in 1810ms
 GET /api/realtime 200 in 4277ms
 GET /api/realtime 200 in 4332ms
 GET /api/realtime 200 in 2622ms
 GET /api/realtime 200 in 2528ms
 GET /api/notifications?limit=10 200 in 2648ms
 GET /api/realtime 200 in 2527ms
 GET /api/realtime 200 in 2552ms
 GET /api/realtime 200 in 2349ms
 GET /api/realtime 200 in 2353ms
 GET /api/realtime 200 in 2533ms
 GET /api/auth/session 200 in 2411ms
 GET /api/realtime 200 in 7114ms
 GET /api/realtime 200 in 7337ms
 GET /api/realtime 200 in 7051ms
 GET /api/realtime 200 in 7107ms
 GET /api/realtime 200 in 615ms
 GET /api/realtime 200 in 908ms
 GET /api/realtime 200 in 2448ms
 GET /api/realtime 200 in 466ms
 GET /api/company/stats 200 in 467ms
 GET /api/realtime 200 in 6996ms
 GET /api/realtime 200 in 335ms
 GET /api/realtime 200 in 378ms
 GET /api/realtime 200 in 323ms
 GET /api/realtime 200 in 416ms
 GET /api/realtime 200 in 327ms
 GET /api/realtime 200 in 7479ms
 GET /api/realtime 200 in 266ms
 GET /api/realtime 200 in 6032ms
 GET /api/realtime 200 in 6272ms
 GET /api/realtime 200 in 6465ms
 GET /api/realtime 200 in 152ms
 GET /api/realtime 200 in 7285ms
 GET /api/realtime 200 in 6931ms
 GET /api/realtime 200 in 6930ms
 GET /api/realtime 200 in 155ms
 GET /api/realtime 200 in 6971ms
 GET /api/company/stats 200 in 314ms
 GET /api/auth/session 200 in 196ms
 GET /api/realtime 200 in 289ms
 GET /api/notifications?limit=10 200 in 232ms
 GET /api/notifications?limit=10 200 in 231ms
 GET /api/notifications?limit=10 200 in 232ms
 GET /api/notifications?limit=10 200 in 236ms
 GET /api/auth/session 200 in 97ms
 GET /api/realtime 200 in 106ms
 GET /api/auth/session 200 in 140ms
 GET /api/realtime 200 in 165ms
 GET /api/auth/session 200 in 99ms
 GET /api/realtime 200 in 105ms
 GET /api/realtime 200 in 69ms
 GET /api/realtime 200 in 66ms
 GET /api/realtime 200 in 70ms
 GET /api/realtime 200 in 124ms
 GET /api/realtime 200 in 80ms
 GET /api/realtime 200 in 66ms
 GET /api/realtime 200 in 62ms
 GET /api/realtime 200 in 66ms
 GET /api/realtime 200 in 8168ms
 GET /api/realtime 200 in 53ms
 ○ Compiling /projects/[id] ...
 ✓ Compiled /projects/[id] in 3.7s (3585 modules)
 GET /company/invitations 200 in 4148ms
 GET /company/usage 200 in 4167ms
 GET /company/team 200 in 4167ms
 GET /company/settings 307 in 4149ms
 GET /dashboard 200 in 215ms
 GET /projects/project-mall-renovation 200 in 4422ms
 GET /projects/project-riverside-homes 200 in 4424ms
 GET /projects/project-downtown-office 200 in 4410ms
 ○ Compiling /api/company/invitations ...
 ✓ Compiled /api/company/invitations in 1186ms (1995 modules)
 GET /api/auth/session 200 in 2092ms
 GET /api/company/invitations? 200 in 2215ms
 GET /api/notifications?limit=10 200 in 1836ms
 GET /api/realtime 200 in 1127ms
 GET /api/realtime 200 in 1130ms
 GET /api/realtime 200 in 1450ms
 GET /api/realtime 200 in 1482ms
 GET /api/auth/session 200 in 126ms
 GET /api/realtime 200 in 142ms
 GET /api/company/invitations? 200 in 140ms
 GET /api/realtime 200 in 147ms
 GET /api/notifications?limit=10 200 in 173ms
 GET /api/realtime 200 in 178ms
 GET /api/realtime 200 in 181ms
 GET /api/auth/session 200 in 165ms
 GET /api/company/invitations? 200 in 176ms
 GET /api/realtime 200 in 192ms
 GET /api/realtime 200 in 184ms
 GET /api/realtime 200 in 208ms
 GET /api/realtime 200 in 192ms
 GET /api/notifications?limit=10 200 in 168ms
 GET /api/auth/session 200 in 111ms
 GET /api/company/invitations? 200 in 100ms
 GET /api/realtime 200 in 121ms
 GET /api/realtime 200 in 139ms
 GET /api/notifications?limit=10 200 in 136ms
 GET /api/realtime 200 in 146ms
 GET /api/realtime 200 in 186ms
 GET /api/auth/session 200 in 148ms
 GET /api/realtime 200 in 151ms
 GET /api/realtime 200 in 158ms
 GET /api/notifications?limit=10 200 in 127ms
 GET /api/realtime 200 in 136ms
 GET /api/realtime 200 in 144ms
 GET /api/auth/session 200 in 123ms
 GET /api/realtime 200 in 115ms
 GET /api/realtime 200 in 150ms
 GET /api/realtime 200 in 109ms
 GET /api/realtime 200 in 202ms
 GET /api/notifications?limit=10 200 in 250ms
 GET /api/auth/session 200 in 231ms
 GET /api/realtime 200 in 231ms
 GET /api/realtime 200 in 78ms
 GET /api/realtime 200 in 192ms
 GET /api/realtime 200 in 238ms
 GET /api/auth/session 200 in 168ms
 GET /api/realtime 200 in 190ms
 GET /api/notifications?limit=10 200 in 150ms
 GET /api/realtime 200 in 154ms
 GET /api/realtime 200 in 186ms
 GET /api/realtime 200 in 174ms
 GET /api/auth/session 200 in 173ms
 GET /api/realtime 200 in 182ms
 GET /api/notifications?limit=10 200 in 174ms
 GET /api/realtime 200 in 170ms
 GET /api/realtime 200 in 175ms
 GET /api/realtime 200 in 201ms
 GET /api/auth/session 200 in 156ms
 GET /api/realtime 200 in 118ms
 GET /api/realtime 200 in 135ms
 GET /api/notifications?limit=10 200 in 150ms
 GET /api/realtime 200 in 149ms
 GET /api/realtime 200 in 122ms
 GET /api/realtime 200 in 103ms
 GET /api/auth/session 200 in 173ms
 GET /api/notifications?limit=10 200 in 179ms
 GET /api/realtime 200 in 216ms
 GET /api/realtime 200 in 210ms
 GET /api/realtime 200 in 171ms
 GET /api/realtime 200 in 165ms
 GET /api/realtime 200 in 168ms
 GET /api/notifications?limit=10 200 in 178ms
 GET /api/auth/session 200 in 148ms
 GET /api/realtime 200 in 92ms
 GET /api/realtime 200 in 162ms
 GET /api/realtime 200 in 145ms
 GET /api/notifications?limit=10 200 in 122ms
 GET /api/realtime 200 in 150ms
 GET /api/realtime 200 in 150ms
 GET /api/auth/session 200 in 173ms
 GET /api/realtime 200 in 185ms
 GET /api/realtime 200 in 155ms
 GET /api/realtime 200 in 232ms
 GET /api/notifications?limit=10 200 in 163ms
 GET /api/realtime 200 in 178ms
 GET /api/auth/session 200 in 161ms
 GET /api/realtime 200 in 168ms
 GET /api/realtime 200 in 129ms
 GET /api/realtime 200 in 150ms
 GET /api/auth/session 200 in 148ms
 GET /api/notifications?limit=10 200 in 188ms
 GET /api/realtime 200 in 164ms
 GET /api/realtime 200 in 271ms
 GET /api/realtime 200 in 156ms
 GET /api/realtime 200 in 134ms
 GET /api/auth/session 200 in 102ms
 GET /api/notifications?limit=10 200 in 119ms
 GET /api/realtime 200 in 77ms
 GET /api/realtime 200 in 118ms
 GET /api/realtime 200 in 113ms
 GET /api/realtime 200 in 149ms
 GET /api/auth/session 200 in 171ms
 GET /api/realtime 200 in 4888ms
 GET /api/notifications?limit=10 200 in 183ms
 GET /api/realtime 200 in 199ms
 GET /api/realtime 200 in 208ms
 GET /api/realtime 200 in 229ms
 GET /api/auth/session 200 in 136ms
 GET /api/realtime 200 in 4978ms
 GET /api/realtime 200 in 133ms
 GET /api/realtime 200 in 137ms
 GET /api/auth/session 200 in 141ms
 GET /api/realtime 200 in 129ms
 GET /api/realtime 200 in 130ms
 GET /api/auth/session 200 in 61ms
 GET /api/realtime 200 in 114ms
 GET /api/realtime 200 in 104ms
 GET /api/auth/session 200 in 81ms
 GET /api/realtime 200 in 81ms
 GET /api/realtime 200 in 92ms
 GET /api/auth/session 200 in 113ms
 GET /api/realtime 200 in 129ms
 GET /api/realtime 200 in 110ms
 GET /api/auth/session 200 in 84ms
 GET /api/realtime 200 in 83ms
 GET /api/realtime 200 in 79ms
 GET /api/realtime 200 in 75ms
 GET /api/realtime 200 in 77ms
 GET /api/realtime 200 in 88ms
 GET /api/realtime 200 in 66ms
 GET /api/realtime 200 in 144ms
 GET /api/realtime 200 in 93ms
 GET /api/realtime 200 in 78ms
 GET /api/realtime 200 in 234ms
 GET /api/realtime 200 in 91ms
 GET /api/realtime 200 in 82ms
 GET /api/realtime 200 in 76ms
 GET /api/realtime 200 in 6593ms
 GET /api/realtime 200 in 87ms
 GET /api/realtime 200 in 75ms
 GET /api/realtime 200 in 64ms
 GET /api/realtime 200 in 6547ms
[?25h
