app/api/documents/route.ts(67,7): error TS2322: Type '{ action: string; entityType: string; entityId: string; entityName: string; userId: string | undefined; projectId: any; }' is not assignable to type '(Without<ActivityLogCreateInput, ActivityLogUncheckedCreateInput> & ActivityLogUncheckedCreateInput) | (Without<...> & ActivityLogCreateInput)'.
  Type '{ action: string; entityType: string; entityId: string; entityName: string; userId: string | undefined; projectId: any; }' is not assignable to type 'Without<ActivityLogUncheckedCreateInput, ActivityLogCreateInput> & ActivityLogCreateInput'.
    Type '{ action: string; entityType: string; entityId: string; entityName: string; userId: string | undefined; projectId: any; }' is not assignable to type 'Without<ActivityLogUncheckedCreateInput, ActivityLogCreateInput>'.
      Types of property 'userId' are incompatible.
        Type 'string | undefined' is not assignable to type 'undefined'.
          Type 'string' is not assignable to type 'undefined'.
app/api/projects/[id]/route.ts(68,7): error TS2322: Type '{ action: string; entityType: string; entityId: string; entityName: string; userId: string | undefined; projectId: string; }' is not assignable to type '(Without<ActivityLogCreateInput, ActivityLogUncheckedCreateInput> & ActivityLogUncheckedCreateInput) | (Without<...> & ActivityLogCreateInput)'.
  Types of property 'userId' are incompatible.
    Type 'string | undefined' is not assignable to type 'string'.
      Type 'undefined' is not assignable to type 'string'.
app/api/projects/route.ts(75,7): error TS2322: Type '{ action: string; entityType: string; entityId: string; entityName: string; userId: string | undefined; projectId: string; }' is not assignable to type '(Without<ActivityLogCreateInput, ActivityLogUncheckedCreateInput> & ActivityLogUncheckedCreateInput) | (Without<...> & ActivityLogCreateInput)'.
  Types of property 'userId' are incompatible.
    Type 'string | undefined' is not assignable to type 'string'.
      Type 'undefined' is not assignable to type 'string'.
app/api/tasks/[id]/route.ts(46,7): error TS2322: Type '{ action: string; entityType: string; entityId: string; entityName: string; userId: string | undefined; projectId: string; }' is not assignable to type '(Without<ActivityLogCreateInput, ActivityLogUncheckedCreateInput> & ActivityLogUncheckedCreateInput) | (Without<...> & ActivityLogCreateInput)'.
  Types of property 'userId' are incompatible.
    Type 'string | undefined' is not assignable to type 'string'.
      Type 'undefined' is not assignable to type 'string'.
app/api/tasks/route.ts(71,7): error TS2322: Type '{ action: string; entityType: string; entityId: string; entityName: string; userId: string | undefined; projectId: any; }' is not assignable to type '(Without<ActivityLogCreateInput, ActivityLogUncheckedCreateInput> & ActivityLogUncheckedCreateInput) | (Without<...> & ActivityLogCreateInput)'.
  Type '{ action: string; entityType: string; entityId: string; entityName: string; userId: string | undefined; projectId: any; }' is not assignable to type 'Without<ActivityLogUncheckedCreateInput, ActivityLogCreateInput> & ActivityLogCreateInput'.
    Type '{ action: string; entityType: string; entityId: string; entityName: string; userId: string | undefined; projectId: any; }' is not assignable to type 'Without<ActivityLogUncheckedCreateInput, ActivityLogCreateInput>'.
      Types of property 'userId' are incompatible.
        Type 'string | undefined' is not assignable to type 'undefined'.
          Type 'string' is not assignable to type 'undefined'.
app/api/team/route.ts(100,9): error TS2322: Type 'string | null' is not assignable to type 'string | undefined'.
exit_code=2
