  ▲ Next.js 14.2.28
  - Local:        http://localhost:3000
  - Environments: .env
  - Experiments (use with caution):
    · outputFileTracingRoot

 ✓ Starting...
 ✓ Ready in 1853ms
 ○ Compiling / ...
 ✓ Compiled / in 2.1s (596 modules)
 ✓ Compiled in 402ms (296 modules)
 GET / 200 in 2579ms
 GET / 200 in 48ms
 ✓ Compiled /api/auth/[...nextauth] in 411ms (541 modules)
 GET /api/auth/session 200 in 929ms
 GET /api/auth/session 200 in 41ms
 ✓ Compiled in 307ms (296 modules)
 ✓ Compiled in 588ms (296 modules)
 ✓ Compiled in 450ms (284 modules)
 ✓ Compiled in 486ms (284 modules)
 ✓ Compiled in 235ms (296 modules)
[?25h
