  ▲ Next.js 14.2.28
  - Local:        http://localhost:3000
  - Environments: .env
  - Experiments (use with caution):
    · outputFileTracingRoot

 ✓ Starting...
 ✓ Ready in 2.1s
 ○ Compiling / ...
 ✓ Compiled / in 2.1s (611 modules)
 ✓ Compiled in 589ms (297 modules)
 GET / 200 in 2778ms
 GET / 200 in 85ms
 GET / 200 in 79ms
 GET / 200 in 80ms
 ✓ Compiled /api/auth/[...nextauth] in 476ms (555 modules)
 GET /api/auth/session 200 in 977ms
 GET /api/auth/session 200 in 71ms
 ✓ Compiled in 757ms (297 modules)
 ✓ Compiled in 687ms (297 modules)
 ✓ Compiled in 661ms (297 modules)
 ✓ Compiled in 760ms (297 modules)
[?25h
