  ▲ Next.js 14.2.28
  - Local:        http://localhost:3000
  - Environments: .env
  - Experiments (use with caution):
    · outputFileTracingRoot

 ✓ Starting...
 ✓ Ready in 2s
 ○ Compiling / ...
 ✓ Compiled / in 2.1s (596 modules)
 GET / 200 in 2687ms
 ✓ Compiled in 520ms (296 modules)
 GET / 200 in 59ms
 GET / 200 in 53ms
 GET / 200 in 51ms
 ✓ Compiled /api/auth/[...nextauth] in 413ms (541 modules)
 GET /api/auth/session 200 in 885ms
 GET /api/auth/session 200 in 69ms
 ✓ Compiled /login in 474ms (871 modules)
 GET /api/auth/providers 200 in 81ms
 GET /api/auth/csrf 200 in 38ms
 POST /api/auth/callback/credentials 200 in 432ms
 GET /api/auth/session 200 in 56ms
 ✓ Compiled /middleware in 212ms (174 modules)
 ○ Compiling /dashboard ...
 ✓ Compiled /dashboard in 1712ms (2823 modules)
 GET /dashboard?_rsc=iqngu 200 in 93ms
 ✓ Compiled /api/realtime in 215ms (1574 modules)
 ✓ Compiled (1577 modules)
 GET /api/notifications?limit=10 200 in 532ms
 GET /api/realtime 200 in 463ms
 GET /api/notifications?limit=10 200 in 43ms
 GET /api/realtime 200 in 285ms
 GET /api/realtime 200 in 416ms
 ○ Compiling /admin ...
 ✓ Compiled /admin in 1571ms (2922 modules)
 GET / 200 in 1300ms
 GET /api/realtime 200 in 1542ms
 GET /api/realtime 200 in 228ms
 GET /api/realtime 200 in 307ms
 GET /admin?_rsc=16s51 200 in 61ms
 GET /api/realtime 200 in 338ms
 GET /api/realtime 200 in 6258ms
 GET /api/realtime 200 in 157ms
 ✓ Compiled /api/admin/system-health in 201ms (1617 modules)
 ✓ Compiled (1619 modules)
 GET /api/admin/live-feed?limit=20 200 in 497ms
 GET /api/admin/system-health 200 in 493ms
 ✓ Compiled /api/admin/stats in 254ms (1621 modules)
 GET /api/admin/stats 200 in 363ms
 GET /api/admin/system-health 200 in 113ms
 GET /api/admin/live-feed?limit=20 200 in 114ms
 GET /api/admin/stats 200 in 52ms
 ○ Compiling /admin/system-health ...
 ✓ Compiled /admin/system-health in 885ms (2939 modules)
 ○ Compiling /admin/api-management ...
 ✓ Compiled /admin/api-management in 1153ms (3186 modules)
 ○ Compiling /api/admin/api-connections ...
 ✓ Compiled /api/admin/api-connections/services in 537ms (1757 modules)
 ✓ Compiled (1763 modules)
 GET /api/admin/api-connections/dependencies 200 in 1076ms
 GET /api/admin/api-connections?environment=PRODUCTION 200 in 1081ms
 GET /api/admin/api-connections/logs?limit=100 200 in 1084ms
 GET /api/admin/api-connections/services?environment=PRODUCTION 200 in 557ms
 GET /api/admin/api-connections/dependencies 200 in 125ms
 GET /api/admin/api-connections/services?environment=PRODUCTION 200 in 134ms
 GET /api/admin/api-connections?environment=PRODUCTION 200 in 126ms
 GET /api/admin/api-connections/logs?limit=100 200 in 135ms
 GET / 200 in 99ms
[?25h
