  ▲ Next.js 14.2.28
  - Local:        http://localhost:3000
  - Environments: .env
  - Experiments (use with caution):
    · outputFileTracingRoot

 ✓ Starting...
 ✓ Ready in 2.4s
 ○ Compiling / ...
 ✓ Compiled / in 1887ms (596 modules)
 GET / 200 in 2512ms
 ✓ Compiled in 583ms (296 modules)
 GET / 200 in 76ms
 GET / 200 in 84ms
 GET / 200 in 69ms
 ○ Compiling /api/auth/[...nextauth] ...
 ✓ Compiled /api/auth/[...nextauth] in 526ms (541 modules)
 GET /api/auth/session 200 in 1108ms
 GET /api/auth/session 200 in 78ms
 GET / 200 in 109ms
 GET / 200 in 68ms
 GET / 200 in 72ms
 GET / 200 in 63ms
 GET / 200 in 70ms
 GET / 200 in 112ms
 GET / 200 in 63ms
 GET / 200 in 72ms
 GET / 200 in 69ms
[?25h
