  ▲ Next.js 14.2.28
  - Local:        http://localhost:3000
  - Environments: .env
  - Experiments (use with caution):
    · outputFileTracingRoot

 ✓ Starting...
 ✓ Ready in 1464ms
 ○ Compiling / ...
 ✓ Compiled / in 2.1s (596 modules)
 GET / 200 in 2554ms
 ✓ Compiled in 498ms (296 modules)
 ✓ Compiled /api/auth/[...nextauth] in 455ms (541 modules)
 GET /api/auth/providers 200 in 915ms
 GET / 200 in 111ms
 GET /api/auth/session 200 in 68ms
 GET /api/auth/session 200 in 64ms
 ○ Compiling /signup ...
 ✓ Compiled /signup in 700ms (881 modules)
 GET /signup 200 in 872ms
 GET /login 200 in 879ms
 GET /api/auth/session 200 in 63ms
 GET /api/auth/session 200 in 37ms
 GET /api/auth/session 200 in 40ms
 GET /api/auth/session 200 in 36ms
 GET /api/auth/session 200 in 41ms
 GET /api/auth/csrf 200 in 49ms
 ✓ Compiled /api/signup in 301ms (597 modules)
 POST /api/signup 200 in 780ms
 GET / 200 in 86ms
 GET /api/auth/signin 302 in 65ms
 GET /login?callbackUrl=https://4b8f6bc33.preview.abacusai.app 200 in 56ms
 GET /api/auth/csrf 200 in 36ms
 POST /api/auth/callback/credentials 302 in 336ms
 ✓ Compiled /middleware in 200ms (174 modules)
 ○ Compiling /dashboard ...
 ✓ Compiled /dashboard in 1637ms (2857 modules)
 GET /dashboard 200 in 1978ms
 GET / 200 in 80ms
 GET /dashboard 200 in 79ms
 GET /api/auth/session 200 in 72ms
 ✓ Compiled /api/realtime in 435ms (1581 modules)
 ✓ Compiled (1584 modules)
 GET /api/auth/session 200 in 805ms
 GET /api/notifications?limit=10 200 in 847ms
 GET /api/realtime 200 in 502ms
 GET /api/auth/session 200 in 92ms
 GET /api/notifications?limit=10 200 in 116ms
 GET /api/realtime 200 in 105ms
 GET /api/auth/session 200 in 63ms
 GET /api/realtime 200 in 104ms
 GET /api/notifications?limit=10 200 in 85ms
 GET /api/auth/session 200 in 89ms
 GET /api/notifications?limit=10 200 in 97ms
 GET /api/realtime 200 in 108ms
 GET /api/auth/session 200 in 87ms
 GET /api/realtime 200 in 68ms
 GET /api/realtime 200 in 65ms
 GET /api/realtime 200 in 70ms
 GET /api/realtime 200 in 69ms
 GET /api/realtime 200 in 238ms
 GET /api/realtime 200 in 79ms
 GET /api/realtime 200 in 63ms
 GET /api/realtime 200 in 62ms
 GET /api/realtime 200 in 59ms
 GET /api/realtime 200 in 59ms
 GET /api/realtime 200 in 59ms
 GET /api/realtime 200 in 68ms
 GET /api/realtime 200 in 56ms
 GET /api/realtime 200 in 70ms
 GET /api/realtime 200 in 57ms
 GET /api/realtime 200 in 56ms
 GET /api/realtime 200 in 72ms
 GET /api/realtime 200 in 58ms
 GET /api/realtime 200 in 59ms
 GET /api/realtime 200 in 56ms
 GET /api/realtime 200 in 59ms
 GET /api/realtime 200 in 64ms
 GET /api/realtime 200 in 63ms
 GET /api/realtime 200 in 59ms
 GET /api/realtime 200 in 55ms
 GET /api/realtime 200 in 68ms
 GET /api/realtime 200 in 64ms
 GET /api/realtime 200 in 71ms
 GET /api/realtime 200 in 72ms
 GET /api/realtime 200 in 61ms
 GET /api/realtime 200 in 60ms
 GET /api/realtime 200 in 57ms
 GET /api/realtime 200 in 55ms
 GET /api/realtime 200 in 52ms
 GET /api/realtime 200 in 58ms
 GET /api/realtime 200 in 58ms
 GET /api/realtime 200 in 65ms
 GET /api/realtime 200 in 68ms
 GET /api/realtime 200 in 58ms
 GET /api/realtime 200 in 59ms
 GET /api/realtime 200 in 53ms
 GET /api/realtime 200 in 54ms
 GET /api/realtime 200 in 57ms
 GET /api/realtime 200 in 65ms
 GET /api/realtime 200 in 58ms
 GET /api/realtime 200 in 67ms
 GET /api/realtime 200 in 68ms
 GET /api/realtime 200 in 57ms
 GET /api/realtime 200 in 52ms
 GET /api/realtime 200 in 55ms
 GET /api/realtime 200 in 56ms
 GET /api/realtime 200 in 58ms
 GET /api/realtime 200 in 54ms
 GET /api/realtime 200 in 56ms
 GET /api/realtime 200 in 123ms
 GET /api/realtime 200 in 140ms
 GET /api/realtime 200 in 53ms
 GET /api/realtime 200 in 56ms
 GET /api/realtime 200 in 63ms
 GET /api/realtime 200 in 53ms
 GET /api/realtime 200 in 7005ms
 GET /api/realtime 200 in 86ms
 ○ Compiling /settings ...
 ✓ Compiled /settings in 3.7s (3457 modules)
 GET /projects/new 200 in 4652ms
 GET /submittals 200 in 4653ms
 GET /materials 200 in 4753ms
 GET /budget 200 in 4751ms
 GET /meetings 200 in 4655ms
 GET /daily-reports 200 in 4657ms
 GET /equipment 200 in 4656ms
 GET /inspections 200 in 4656ms
 GET /change-orders 200 in 4671ms
 GET /documents 200 in 4673ms
 GET /time-tracking 200 in 4782ms
 GET /reports 200 in 4687ms
 GET /subcontractors 200 in 4784ms
 GET /safety 200 in 4692ms
 GET /projects 200 in 4693ms
 GET /rfis 200 in 4692ms
 GET /team 200 in 4696ms
 GET /company 200 in 4695ms
 GET /settings 200 in 4700ms
 GET /punch-lists 200 in 4716ms
 GET /tasks 200 in 4720ms
 GET /milestones 200 in 4831ms
 GET /api/notifications?limit=10 200 in 220ms
 GET /api/realtime 200 in 188ms
 GET /api/auth/session 200 in 450ms
 GET /api/notifications?limit=10 200 in 561ms
 GET /api/realtime 200 in 443ms
 GET /api/realtime 200 in 435ms
 GET /api/realtime 200 in 588ms
 GET /api/realtime 200 in 431ms
 GET /api/realtime 200 in 371ms
 GET /api/realtime 200 in 447ms
 GET /api/realtime 200 in 420ms
 GET /api/auth/session 200 in 493ms
 GET /api/realtime 200 in 436ms
 GET /api/realtime 200 in 437ms
 GET /api/realtime 200 in 265ms
 GET /api/realtime 200 in 339ms
 GET /api/realtime 200 in 342ms
 GET /api/realtime 200 in 342ms
 GET /api/realtime 200 in 343ms
 GET /api/realtime 200 in 214ms
 GET /api/notifications?limit=10 200 in 550ms
 GET /api/realtime 200 in 474ms
 GET /api/realtime 200 in 471ms
 GET /api/realtime 200 in 478ms
 GET /api/realtime 200 in 387ms
 GET /api/realtime 200 in 374ms
 GET /api/realtime 200 in 474ms
 GET /api/auth/session 200 in 597ms
 GET /api/realtime 200 in 506ms
 GET /api/realtime 200 in 507ms
 GET /api/realtime 200 in 514ms
 GET /api/realtime 200 in 581ms
 GET /api/realtime 200 in 540ms
 GET /api/realtime 200 in 515ms
 GET /api/realtime 200 in 514ms
 ○ Compiling /api/company/stats ...
 ✓ Compiled /api/company/stats in 1447ms (1918 modules)
 GET /api/notifications?limit=10 200 in 2711ms
 GET /api/realtime 200 in 2623ms
 GET /api/realtime 200 in 2723ms
 GET /api/realtime 200 in 2721ms
 GET /api/realtime 200 in 2625ms
 GET /api/realtime 200 in 2710ms
 GET /api/auth/session 200 in 2456ms
 GET /api/realtime 200 in 2624ms
 GET /api/realtime 200 in 2653ms
 GET /api/realtime 200 in 2755ms
 GET /api/company/stats 200 in 2958ms
 GET /api/realtime 200 in 2473ms
 GET /api/realtime 200 in 2076ms
 GET /api/realtime 200 in 2485ms
 GET /api/realtime 200 in 2486ms
 GET /api/realtime 200 in 2486ms
 GET /api/realtime 200 in 2346ms
 GET /api/realtime 200 in 2445ms
 GET /api/realtime 200 in 2490ms
 GET /api/realtime 200 in 2773ms
 GET /api/realtime 200 in 2370ms
 GET /api/realtime 200 in 2492ms
 GET /api/realtime 200 in 2492ms
 GET /api/realtime 200 in 2515ms
 GET /api/realtime 200 in 3047ms
 GET /api/realtime 200 in 270ms
 GET /api/realtime 200 in 169ms
 GET /api/realtime 200 in 337ms
 GET /api/realtime 200 in 3293ms
 GET /api/realtime 200 in 3592ms
 GET /api/realtime 200 in 175ms
 GET /api/realtime 200 in 3517ms
 GET /api/realtime 200 in 189ms
 GET /api/realtime 200 in 186ms
 GET /api/realtime 200 in 3699ms
 GET /api/realtime 200 in 3253ms
 GET /api/realtime 200 in 207ms
 GET /api/realtime 200 in 290ms
 GET /api/realtime 200 in 2882ms
 GET /api/notifications?limit=10 200 in 348ms
 GET /api/realtime 200 in 324ms
 GET /api/realtime 200 in 316ms
 GET /api/realtime 200 in 299ms
 GET /api/realtime 200 in 336ms
 GET /api/realtime 200 in 316ms
 GET /api/realtime 200 in 315ms
 GET /api/realtime 200 in 302ms
 GET /api/realtime 200 in 353ms
 GET /api/realtime 200 in 305ms
 GET /api/realtime 200 in 300ms
 GET /api/realtime 200 in 321ms
 GET /api/realtime 200 in 331ms
 GET /api/company/stats 200 in 343ms
 GET /api/realtime 200 in 3218ms
 GET /api/auth/session 200 in 349ms
 GET /api/realtime 200 in 2929ms
 GET /api/realtime 200 in 275ms
 GET /api/realtime 200 in 275ms
 GET /api/realtime 200 in 141ms
 GET /api/notifications?limit=10 200 in 155ms
 GET /api/company/stats 200 in 162ms
 GET /api/realtime 200 in 180ms
 GET /api/realtime 200 in 173ms
 GET /api/realtime 200 in 171ms
 GET /api/realtime 200 in 176ms
 GET /api/realtime 200 in 175ms
 GET /api/realtime 200 in 182ms
 GET /api/realtime 200 in 173ms
 GET /api/realtime 200 in 187ms
 GET /api/realtime 200 in 186ms
 GET /api/auth/session 200 in 154ms
 GET /api/realtime 200 in 144ms
 GET /api/realtime 200 in 152ms
 GET /api/realtime 200 in 222ms
 GET /api/realtime 200 in 137ms
 GET /api/realtime 200 in 139ms
 GET /api/realtime 200 in 266ms
 GET /api/realtime 200 in 278ms
 GET /api/realtime 200 in 311ms
 GET /api/company/stats 200 in 318ms
 GET /api/realtime 200 in 325ms
 GET /api/notifications?limit=10 200 in 323ms
 GET /api/realtime 200 in 449ms
 GET /api/auth/session 200 in 422ms
 GET /api/realtime 200 in 570ms
 GET /api/realtime 200 in 727ms
 GET /api/realtime 200 in 556ms
 GET /api/realtime 200 in 509ms
 GET /api/notifications?limit=10 200 in 418ms
 GET /api/realtime 200 in 611ms
 GET /api/realtime 200 in 773ms
 GET /api/realtime 200 in 512ms
 GET /api/realtime 200 in 882ms
 GET /api/realtime 200 in 974ms
 GET /api/auth/session 200 in 427ms
 GET /api/realtime 200 in 624ms
 GET /api/realtime 200 in 339ms
 GET /api/realtime 200 in 827ms
 GET /api/realtime 200 in 334ms
 GET /api/realtime 200 in 372ms
 GET /api/notifications?limit=10 200 in 277ms
 GET /api/realtime 200 in 283ms
 GET /api/realtime 200 in 1096ms
 GET /api/realtime 200 in 250ms
 GET /api/realtime 200 in 246ms
 GET /api/realtime 200 in 249ms
 GET /api/realtime 200 in 250ms
 GET /api/realtime 200 in 252ms
 GET /api/realtime 200 in 6074ms
 GET /api/realtime 200 in 166ms
 GET /api/realtime 200 in 270ms
 GET /api/realtime 200 in 6254ms
 GET /api/realtime 200 in 160ms
 GET /api/realtime 200 in 6272ms
 GET /api/realtime 200 in 177ms
 GET /api/auth/session 200 in 256ms
 GET /api/realtime 200 in 272ms
 GET /api/realtime 200 in 303ms
 GET /api/realtime 200 in 212ms
 GET /api/realtime 200 in 215ms
 GET /api/realtime 200 in 215ms
 GET /api/realtime 200 in 218ms
 GET /api/realtime 200 in 229ms
 GET /api/notifications?limit=10 200 in 260ms
 GET /api/realtime 200 in 6429ms
 GET /api/realtime 200 in 6356ms
 GET /api/realtime 200 in 254ms
 GET /api/realtime 200 in 6106ms
 GET /api/realtime 200 in 181ms
 GET /api/realtime 200 in 6347ms
 GET /api/realtime 200 in 6280ms
 GET /api/realtime 200 in 6129ms
 GET /api/realtime 200 in 5671ms
 GET /api/realtime 200 in 202ms
 GET /api/realtime 200 in 205ms
 GET /api/realtime 200 in 208ms
 GET /api/notifications?limit=10 200 in 168ms
 GET /api/notifications?limit=10 200 in 168ms
 GET /api/notifications?limit=10 200 in 160ms
 GET /api/realtime 200 in 4750ms
 GET /api/notifications?limit=10 200 in 218ms
 GET /api/notifications?limit=10 200 in 238ms
 GET /api/notifications?limit=10 200 in 239ms
 GET /api/notifications?limit=10 200 in 239ms
 GET /api/notifications?limit=10 200 in 236ms
 GET /api/auth/session 200 in 150ms
 GET /api/auth/session 200 in 112ms
 GET /api/auth/session 200 in 113ms
 GET /api/auth/session 200 in 113ms
 GET /api/auth/session 200 in 109ms
 GET /api/auth/session 200 in 110ms
 GET /api/realtime 200 in 130ms
 GET /api/realtime 200 in 70ms
 GET /api/realtime 200 in 63ms
 GET /api/realtime 200 in 61ms
 GET /api/realtime 200 in 62ms
 GET /api/realtime 200 in 56ms
 GET /api/realtime 200 in 55ms
 GET /api/realtime 200 in 58ms
 GET /api/realtime 200 in 56ms
 GET /api/realtime 200 in 56ms
 GET /api/realtime 200 in 58ms
 GET /api/realtime 200 in 56ms
 GET /api/realtime 200 in 56ms
 GET /api/realtime 200 in 59ms
 GET /api/realtime 200 in 66ms
 GET /api/realtime 200 in 61ms
 GET /api/realtime 200 in 56ms
 GET /api/realtime 200 in 58ms
 GET /api/realtime 200 in 59ms
 GET /api/realtime 200 in 61ms
 GET /api/realtime 200 in 62ms
 GET /api/realtime 200 in 56ms
 GET /api/realtime 200 in 62ms
 GET /api/realtime 200 in 66ms
 GET /api/realtime 200 in 61ms
 GET /api/realtime 200 in 56ms
 GET /api/realtime 200 in 56ms
 GET /api/realtime 200 in 64ms
 GET /api/realtime 200 in 56ms
 GET /api/realtime 200 in 62ms
 GET /api/realtime 200 in 61ms
 GET /api/realtime 200 in 59ms
 GET /api/realtime 200 in 58ms
 GET /api/realtime 200 in 57ms
 GET /api/realtime 200 in 58ms
 GET /api/realtime 200 in 131ms
 GET /api/realtime 200 in 102ms
 GET /api/realtime 200 in 68ms
 GET /api/realtime 200 in 57ms
 GET /api/realtime 200 in 57ms
 GET /api/realtime 200 in 62ms
 GET /api/realtime 200 in 62ms
 GET /api/realtime 200 in 9017ms
 ○ Compiling /company/invitations ...
 ✓ Compiled /company/invitations in 2.5s (3585 modules)
 GET /company/invitations 200 in 2862ms
 GET /company/team 200 in 2867ms
 GET /company/settings 307 in 2886ms
 GET /company/usage 200 in 2869ms
 GET /dashboard 200 in 265ms
 GET /projects/project-mall-renovation 200 in 3188ms
 GET /projects/project-riverside-homes 200 in 3190ms
 GET /projects/project-downtown-office 200 in 3190ms
 ○ Compiling /api/company/invitations ...
 ✓ Compiled /api/company/invitations in 869ms (1995 modules)
 GET /api/auth/session 200 in 1762ms
 GET /api/notifications?limit=10 200 in 1568ms
 GET /api/company/invitations? 200 in 1797ms
 GET /api/realtime 200 in 1019ms
 GET /api/realtime 200 in 1024ms
 GET /api/realtime 200 in 880ms
 GET /api/realtime 200 in 1047ms
 GET /api/auth/session 200 in 119ms
 GET /api/company/invitations? 200 in 116ms
 GET /api/notifications?limit=10 200 in 140ms
 GET /api/realtime 200 in 143ms
 GET /api/realtime 200 in 119ms
 GET /api/realtime 200 in 121ms
 GET /api/realtime 200 in 148ms
 GET /api/realtime 200 in 95ms
 GET /api/realtime 200 in 127ms
 GET /api/realtime 200 in 132ms
 GET /api/company/invitations? 200 in 201ms
 GET /api/realtime 200 in 213ms
 GET /api/auth/session 200 in 202ms
 GET /api/notifications?limit=10 200 in 202ms
 GET /api/realtime 200 in 178ms
 GET /api/realtime 200 in 190ms
 GET /api/realtime 200 in 239ms
 GET /api/company/invitations? 200 in 233ms
 GET /api/notifications?limit=10 200 in 234ms
 GET /api/realtime 200 in 254ms
 GET /api/auth/session 200 in 277ms
 GET /api/realtime 200 in 255ms
 GET /api/realtime 200 in 211ms
 GET /api/notifications?limit=10 200 in 116ms
 GET /api/realtime 200 in 168ms
 GET /api/realtime 200 in 134ms
 GET /api/auth/session 200 in 107ms
 GET /api/realtime 200 in 97ms
 GET /api/realtime 200 in 154ms
 GET /api/realtime 200 in 129ms
 GET /api/notifications?limit=10 200 in 131ms
 GET /api/realtime 200 in 139ms
 GET /api/auth/session 200 in 169ms
 GET /api/realtime 200 in 180ms
 GET /api/realtime 200 in 168ms
 GET /api/notifications?limit=10 200 in 151ms
 GET /api/realtime 200 in 173ms
 GET /api/realtime 200 in 136ms
 GET /api/realtime 200 in 106ms
 GET /api/auth/session 200 in 143ms
 GET /api/realtime 200 in 108ms
 GET /api/realtime 200 in 135ms
 GET /api/realtime 200 in 129ms
 GET /api/notifications?limit=10 200 in 144ms
 GET /api/realtime 200 in 181ms
 GET /api/auth/session 200 in 180ms
 GET /api/realtime 200 in 187ms
 GET /api/realtime 200 in 167ms
 GET /api/notifications?limit=10 200 in 158ms
 GET /api/realtime 200 in 169ms
 GET /api/realtime 200 in 167ms
 GET /api/auth/session 200 in 117ms
 GET /api/realtime 200 in 132ms
 GET /api/realtime 200 in 116ms
 GET /api/realtime 200 in 127ms
 GET /api/notifications?limit=10 200 in 128ms
 GET /api/realtime 200 in 166ms
 GET /api/auth/session 200 in 187ms
 GET /api/realtime 200 in 170ms
 GET /api/realtime 200 in 173ms
 GET /api/realtime 200 in 217ms
 GET /api/notifications?limit=10 200 in 223ms
 GET /api/realtime 200 in 197ms
 GET /api/auth/session 200 in 183ms
 GET /api/realtime 200 in 212ms
 GET /api/realtime 200 in 133ms
 GET /api/notifications?limit=10 200 in 147ms
 GET /api/realtime 200 in 136ms
 GET /api/realtime 200 in 142ms
 GET /api/auth/session 200 in 173ms
 GET /api/realtime 200 in 159ms
 GET /api/realtime 200 in 155ms
 GET /api/notifications?limit=10 200 in 155ms
 GET /api/realtime 200 in 156ms
 GET /api/realtime 200 in 170ms
 GET /api/auth/session 200 in 138ms
 GET /api/realtime 200 in 146ms
 GET /api/realtime 200 in 152ms
 GET /api/realtime 200 in 145ms
 GET /api/notifications?limit=10 200 in 122ms
 GET /api/realtime 200 in 121ms
 GET /api/auth/session 200 in 126ms
 GET /api/realtime 200 in 135ms
 GET /api/realtime 200 in 143ms
 GET /api/realtime 200 in 138ms
 GET /api/notifications?limit=10 200 in 138ms
 GET /api/realtime 200 in 121ms
 GET /api/auth/session 200 in 104ms
 GET /api/realtime 200 in 112ms
 GET /api/notifications?limit=10 200 in 145ms
 GET /api/realtime 200 in 138ms
 GET /api/realtime 200 in 189ms
 GET /api/auth/session 200 in 209ms
 GET /api/realtime 200 in 215ms
 GET /api/realtime 200 in 355ms
 GET /api/realtime 200 in 149ms
 GET /api/auth/session 200 in 119ms
 GET /api/realtime 200 in 265ms
 GET /api/realtime 200 in 102ms
 GET /api/realtime 200 in 112ms
 GET /api/realtime 200 in 100ms
 GET /api/realtime 200 in 118ms
 GET /api/realtime 200 in 130ms
 GET /api/auth/session 200 in 124ms
 GET /api/realtime 200 in 145ms
 GET /api/realtime 200 in 122ms
 GET /api/realtime 200 in 87ms
 GET /api/realtime 200 in 88ms
 GET /api/auth/session 200 in 64ms
 GET /api/realtime 200 in 76ms
 GET /api/realtime 200 in 84ms
 GET /api/realtime 200 in 126ms
 GET /api/realtime 200 in 133ms
 GET /api/auth/session 200 in 111ms
 GET /api/realtime 200 in 5022ms
 GET /api/realtime 200 in 4744ms
 GET /api/realtime 200 in 130ms
 GET /api/realtime 200 in 139ms
 GET /api/auth/session 200 in 124ms
 GET /api/realtime 200 in 135ms
 GET /api/realtime 200 in 91ms
 GET /api/auth/session 200 in 67ms
 GET /api/realtime 200 in 60ms
 GET /api/auth/session 200 in 65ms
 GET /api/realtime 200 in 94ms
 GET /api/realtime 200 in 80ms
 GET /api/realtime 200 in 69ms
 GET /api/auth/session 200 in 106ms
 GET /api/realtime 200 in 127ms
 GET /api/realtime 200 in 116ms
 GET /api/auth/session 200 in 57ms
 GET /api/realtime 200 in 73ms
 GET /api/auth/session 200 in 55ms
 GET /api/realtime 200 in 81ms
 GET /api/realtime 200 in 69ms
 GET /api/realtime 200 in 79ms
 GET /api/auth/session 200 in 105ms
 GET /api/realtime 200 in 243ms
 GET /api/realtime 200 in 205ms
 GET /api/realtime 200 in 58ms
 GET /api/realtime 200 in 61ms
 GET /api/realtime 200 in 56ms
 GET /api/realtime 200 in 61ms
 GET /api/realtime 200 in 59ms
 GET /api/realtime 200 in 66ms
 GET /api/realtime 200 in 62ms
 GET /api/realtime 200 in 71ms
 GET /api/realtime 200 in 64ms
 GET /api/realtime 200 in 6703ms
 GET /api/realtime 200 in 6670ms
 GET /api/realtime 200 in 58ms
 ✓ Compiled in 966ms (1608 modules)
 ✓ Compiled in 576ms (1608 modules)
[?25h
