  ▲ Next.js 14.2.28
  - Local:        http://localhost:3000
  - Environments: .env
  - Experiments (use with caution):
    · outputFileTracingRoot

 ✓ Starting...
 ✓ Ready in 1553ms
 ○ Compiling / ...
 ✓ Compiled / in 1829ms (596 modules)
 GET / 200 in 766ms
 ✓ Compiled in 529ms (296 modules)
 GET / 200 in 2403ms
 GET / 200 in 70ms
 GET / 200 in 86ms
 GET / 200 in 80ms
 GET / 200 in 66ms
 ✓ Compiled /api/auth/[...nextauth] in 457ms (541 modules)
 GET /api/auth/session 200 in 978ms
 GET /api/auth/session 200 in 76ms
 GET /api/auth/session 200 in 67ms
 GET /api/auth/session 200 in 71ms
 ○ Compiling /login ...
 ✓ Compiled /login in 639ms (871 modules)
 GET / 200 in 114ms
 GET / 200 in 111ms
 GET /api/auth/providers 200 in 92ms
 GET /api/auth/csrf 200 in 63ms
 POST /api/auth/callback/credentials 200 in 445ms
 GET /api/auth/session 200 in 73ms
 ✓ Compiled /middleware in 194ms (174 modules)
 ○ Compiling /dashboard ...
 ✓ Compiled /dashboard in 1384ms (2815 modules)
 GET /dashboard?_rsc=iqngu 200 in 98ms
 ✓ Compiled /api/realtime in 353ms (1570 modules)
 ✓ Compiled (1573 modules)
 GET /api/notifications?limit=10 200 in 752ms
 GET /api/realtime 200 in 875ms
 GET /api/realtime 200 in 892ms
 GET /api/notifications?limit=10 200 in 52ms
 GET /api/realtime 200 in 200ms
 GET / 200 in 109ms
 GET / 200 in 87ms
 GET /api/realtime 200 in 222ms
 GET /api/realtime 200 in 227ms
 ○ Compiling /settings ...
 ✓ Compiled /settings in 1453ms (2877 modules)
 GET /settings?_rsc=1lt54 200 in 85ms
 GET /api/realtime 200 in 30204ms
 GET /api/realtime 200 in 30211ms
 GET /api/realtime 200 in 30230ms
 GET /api/realtime 200 in 30210ms
 GET /api/realtime 200 in 30210ms
 GET /api/realtime 200 in 30225ms
 GET /api/realtime 200 in 30230ms
 ○ Compiling /safety ...
 GET /api/realtime 200 in 30288ms
 ✓ Compiled /safety in 1510ms (3068 modules)
 GET /api/realtime 200 in 30217ms
 GET /safety?_rsc=1q43b 200 in 62ms
 GET /api/realtime 200 in 30227ms
 GET /dashboard?_rsc=zgt2o 200 in 70ms
 GET /api/realtime 200 in 30215ms
 GET /api/realtime 200 in 30235ms
 GET /api/realtime 200 in 30205ms
 GET /api/realtime 200 in 30214ms
 GET / 200 in 154ms
 GET / 200 in 145ms
 GET /api/realtime 200 in 30217ms
 GET /api/realtime 200 in 30226ms
 GET /api/realtime 200 in 30235ms
 GET /api/realtime 200 in 30223ms
 GET /api/realtime 200 in 30242ms
 GET /api/realtime 200 in 30202ms
 GET /api/realtime 200 in 233ms
 GET /api/realtime 200 in 30214ms
 GET /api/auth/csrf 200 in 128ms
 POST /api/auth/signout 200 in 81ms
 GET / 200 in 73ms
 GET /api/realtime 200 in 30218ms
 GET /api/realtime 200 in 199ms
 GET /api/realtime 200 in 30225ms
 GET /api/realtime 200 in 30238ms
 GET /api/auth/session 200 in 80ms
 GET /api/auth/session 200 in 59ms
 GET /api/realtime 200 in 30222ms
 GET /api/realtime 200 in 30221ms
 GET /api/realtime 200 in 30206ms
 GET /api/realtime 200 in 30219ms
 GET /api/realtime 200 in 30214ms
 GET /api/realtime 200 in 30241ms
 GET /api/realtime 200 in 30218ms
 GET /api/auth/providers 200 in 73ms
 GET /api/auth/csrf 200 in 50ms
 GET /api/realtime 200 in 30216ms
 POST /api/auth/callback/credentials 200 in 374ms
 GET /api/auth/session 200 in 72ms
 GET /dashboard?_rsc=iqngu 200 in 60ms
 GET /api/realtime 200 in 31096ms
 GET /api/realtime 200 in 30229ms
 GET /api/notifications?limit=10 200 in 119ms
 GET /api/realtime 200 in 265ms
 GET /api/realtime 200 in 223ms
 GET /api/notifications?limit=10 200 in 77ms
 GET /api/realtime 200 in 30227ms
 GET /api/realtime 200 in 228ms
 GET /api/realtime 200 in 226ms
 GET /api/realtime 200 in 30237ms
 GET /api/realtime 200 in 30208ms
 GET /api/realtime 200 in 60911ms
 GET /api/realtime 200 in 30218ms
 GET /api/realtime 200 in 30215ms
 GET /api/realtime 200 in 30220ms
 GET /api/realtime 200 in 30234ms
 GET /api/realtime 200 in 30232ms
 GET /api/realtime 200 in 31800ms
 GET /api/realtime 200 in 30230ms
 GET /api/realtime 200 in 30200ms
 GET /api/realtime 200 in 30217ms
 GET /api/realtime 200 in 30226ms
 GET /api/realtime 200 in 30214ms
 GET /api/realtime 200 in 30208ms
 GET / 200 in 62ms
 GET /api/realtime 200 in 30238ms
 GET / 200 in 62ms
 GET /api/realtime 200 in 30234ms
 GET /api/realtime 200 in 30217ms
 GET /api/realtime 200 in 30208ms
 GET /api/realtime 200 in 235ms
 GET /api/realtime 200 in 30206ms
 GET /api/realtime 200 in 30209ms
 GET /api/realtime 200 in 30235ms
 GET /api/realtime 200 in 30284ms
 GET / 200 in 65ms
 GET / 200 in 73ms
 GET /api/auth/session 200 in 76ms
 GET /api/auth/session 200 in 51ms
 GET /api/realtime 200 in 30263ms
 GET /api/realtime 200 in 30258ms
 GET /api/realtime 200 in 30199ms
 GET /api/realtime 200 in 30210ms
 GET /api/realtime 200 in 30238ms
 GET /api/realtime 200 in 30224ms
 GET /api/auth/providers 200 in 79ms
 GET /api/realtime 200 in 30222ms
 GET /api/auth/csrf 200 in 50ms
 POST /api/auth/callback/credentials 200 in 367ms
 GET /api/realtime 200 in 30227ms
 GET /api/auth/session 200 in 72ms
 GET /api/realtime 200 in 30213ms
 GET /dashboard?_rsc=iqngu 200 in 59ms
 GET /api/realtime 200 in 30209ms
 GET /api/notifications?limit=10 200 in 103ms
 GET /api/realtime 200 in 268ms
 GET /api/realtime 200 in 285ms
 GET /api/realtime 200 in 30214ms
 GET /api/realtime 200 in 227ms
 GET /api/notifications?limit=10 200 in 53ms
 GET /api/realtime 200 in 30222ms
 GET /api/realtime 200 in 30215ms
 GET /api/realtime 200 in 30200ms
 GET /api/realtime 200 in 30228ms
 GET /api/realtime 200 in 30227ms
 GET /api/realtime 200 in 30304ms
 ○ Compiling /team ...
 GET /api/realtime 200 in 30232ms
 ✓ Compiled /team in 1654ms (3067 modules)
 GET /api/realtime 200 in 30274ms
 GET / 200 in 1449ms
 GET /api/realtime 200 in 30201ms
 GET /team?_rsc=1o1vv 200 in 67ms
 ○ Compiling /inspections ...
 ✓ Compiled /inspections in 1275ms (3063 modules)
 ✓ Compiled /meetings in 0ms (1675 modules)
 ✓ Compiled in 888ms (3073 modules)
 GET / 200 in 2145ms
 GET /meetings?_rsc=1qgw7 200 in 60ms
 GET /api/auth/session 200 in 87ms
 GET /api/realtime 200 in 30214ms
 GET /api/realtime 200 in 30204ms
 GET /api/realtime 200 in 30227ms
 GET /api/realtime 200 in 30216ms
 GET /api/realtime 200 in 30213ms
 GET /api/realtime 200 in 30225ms
 GET /api/realtime 200 in 30211ms
 GET / 200 in 66ms
 GET /api/realtime 200 in 31427ms
 GET /api/realtime 200 in 30212ms
 GET /api/realtime 200 in 30210ms
 GET /api/realtime 200 in 30231ms
 GET /api/realtime 200 in 30222ms
 GET /api/realtime 200 in 30218ms
 GET /api/realtime 200 in 30199ms
 GET /api/realtime 200 in 30238ms
 GET /api/realtime 200 in 30217ms
 GET /api/realtime 200 in 30225ms
 GET /api/realtime 200 in 30207ms
 GET /api/realtime 200 in 30212ms
 GET /api/realtime 200 in 30217ms
 GET /api/realtime 200 in 30209ms
 GET /api/realtime 200 in 30221ms
 GET /api/realtime 200 in 30199ms
 GET / 200 in 62ms
 GET /api/realtime 200 in 32270ms
 GET /api/realtime 200 in 30192ms
 GET /api/realtime 200 in 30213ms
 GET /api/realtime 200 in 30207ms
 GET /api/realtime 200 in 30209ms
 GET /api/realtime 200 in 30221ms
 GET /api/realtime 200 in 30219ms
 GET /api/realtime 200 in 30214ms
 GET /api/realtime 200 in 30234ms
 GET /api/realtime 200 in 30205ms
 GET /api/realtime 200 in 30232ms
 GET /api/realtime 200 in 30210ms
 GET /api/realtime 200 in 30223ms
 GET /api/realtime 200 in 30216ms
 GET /api/realtime 200 in 30237ms
 GET /api/realtime 200 in 30222ms
 GET /api/realtime 200 in 30213ms
 GET /api/realtime 200 in 30229ms
 GET /api/realtime 200 in 30203ms
 GET /api/realtime 200 in 30227ms
 GET /api/realtime 200 in 30211ms
 GET /api/realtime 200 in 30213ms
 GET / 200 in 61ms
 GET /api/realtime 200 in 30222ms
 GET /api/realtime 200 in 30225ms
 GET /api/realtime 200 in 30226ms
 GET /api/realtime 200 in 30232ms
 GET /api/realtime 200 in 30249ms
 GET /api/realtime 200 in 30200ms
 GET /api/realtime 200 in 30230ms
 GET /api/realtime 200 in 30216ms
 GET /api/realtime 200 in 30222ms
 GET /api/realtime 200 in 30216ms
 GET /api/realtime 200 in 30210ms
 GET /api/realtime 200 in 30222ms
 GET /api/realtime 200 in 30230ms
 GET /api/realtime 200 in 30210ms
 GET /api/realtime 200 in 30215ms
 GET /api/realtime 200 in 30210ms
 GET / 200 in 62ms
 GET /api/realtime 200 in 30214ms
 GET /api/realtime 200 in 30209ms
 GET /api/realtime 200 in 30195ms
 GET /api/realtime 200 in 30234ms
 GET /api/realtime 200 in 30204ms
 GET /api/realtime 200 in 30228ms
 GET /api/realtime 200 in 30215ms
 GET /api/realtime 200 in 30223ms
 GET /api/realtime 200 in 30201ms
 GET /api/realtime 200 in 30234ms
 GET /api/realtime 200 in 30207ms
 GET /api/realtime 200 in 30196ms
 GET /api/realtime 200 in 30213ms
 GET /api/realtime 200 in 30226ms
 GET /api/realtime 200 in 30216ms
 GET /api/realtime 200 in 30204ms
 GET /api/realtime 200 in 30197ms
 GET /api/realtime 200 in 30218ms
 GET /api/realtime 200 in 30220ms
 GET /api/realtime 200 in 30237ms
 GET /api/realtime 200 in 30212ms
 ○ Compiling /projects ...
 GET /api/realtime 200 in 30360ms
 GET /api/realtime 200 in 30300ms
 ✓ Compiled /projects in 1482ms (2446 modules)
 GET /api/realtime 200 in 30213ms
 GET /projects?_rsc=x7vz2 200 in 132ms
 GET /api/realtime 200 in 30207ms
 GET / 200 in 98ms
 GET /api/realtime 200 in 30224ms
 GET /api/realtime 200 in 30237ms
 GET /api/realtime 200 in 30203ms
 GET /api/realtime 200 in 30227ms
 GET /api/realtime 200 in 30203ms
 GET /api/realtime 200 in 30194ms
 GET /api/realtime 200 in 30218ms
 GET /api/realtime 200 in 30217ms
 GET /api/realtime 200 in 30204ms
 GET /api/realtime 200 in 30202ms
 GET /api/realtime 200 in 30210ms
 GET /api/realtime 200 in 30203ms
 GET /api/realtime 200 in 30194ms
 GET /api/realtime 200 in 30236ms
 GET /api/realtime 200 in 30232ms
 GET /api/realtime 200 in 30241ms
 GET / 200 in 67ms
 GET /api/realtime 200 in 30217ms
 GET /api/realtime 200 in 30217ms
 ✓ Compiled /dashboard in 292ms (1622 modules)
 GET /api/realtime 200 in 30209ms
 GET /dashboard?_rsc=zgt2o 200 in 634ms
 GET /api/realtime 200 in 30202ms
 GET /api/realtime 200 in 30213ms
 GET /api/realtime 200 in 30193ms
 GET /api/realtime 200 in 30206ms
 ○ Compiling /documents ...
 GET /api/realtime 200 in 30408ms
 GET /api/realtime 200 in 30236ms
 ✓ Compiled /documents in 1438ms (3069 modules)
 GET /api/realtime 200 in 30235ms
 GET /documents?_rsc=14lm5 200 in 106ms
 GET /api/realtime 200 in 30202ms
 GET /api/realtime 200 in 30216ms
 GET /api/realtime 200 in 30202ms
 GET /api/realtime 200 in 30218ms
 GET /api/realtime 200 in 30223ms
 GET /api/realtime 200 in 30212ms
 GET /api/realtime 200 in 30217ms
 ○ Compiling /reports ...
 GET /api/realtime 200 in 30230ms
 ✓ Compiled /reports in 1319ms (3103 modules)
 GET /api/realtime 200 in 30247ms
 GET /api/realtime 200 in 30219ms
 GET /reports?_rsc=1tgyp 200 in 66ms
 GET /api/realtime 200 in 30221ms
 GET /api/realtime 200 in 31191ms
 GET /api/realtime 200 in 30218ms
 GET / 200 in 132ms
 GET /api/realtime 200 in 30222ms
 GET /api/realtime 200 in 30204ms
 GET /api/realtime 200 in 30236ms
 GET /api/realtime 200 in 30222ms
 GET /api/realtime 200 in 30212ms
 GET /api/realtime 200 in 30234ms
 GET /api/realtime 200 in 30207ms
 GET /api/realtime 200 in 30205ms
 GET /api/realtime 200 in 30209ms
 GET /api/realtime 200 in 30219ms
 GET /api/realtime 200 in 30228ms
 GET /api/realtime 200 in 30203ms
 GET /api/realtime 200 in 30231ms
 GET /api/realtime 200 in 30212ms
 GET /api/realtime 200 in 30213ms
 GET /api/realtime 200 in 30230ms
 GET /api/realtime 200 in 30229ms
 GET /api/realtime 200 in 30223ms
 GET / 200 in 63ms
 GET /api/realtime 200 in 30249ms
 GET /api/realtime 200 in 30755ms
 GET /api/realtime 200 in 30215ms
 GET /api/realtime 200 in 30200ms
 GET /api/realtime 200 in 30238ms
 GET /api/realtime 200 in 203ms
 GET /api/realtime 200 in 30237ms
 GET /api/realtime 200 in 30869ms
 GET /api/realtime 200 in 30220ms
 GET /api/realtime 200 in 30240ms
 GET /api/realtime 200 in 30210ms
 GET /api/realtime 200 in 30207ms
 GET /api/realtime 200 in 30214ms
 GET /api/realtime 200 in 30230ms
 GET /api/realtime 200 in 30223ms
 GET /api/realtime 200 in 30209ms
 GET /api/realtime 200 in 150279ms
 GET /api/realtime 200 in 30229ms
 GET /api/realtime 200 in 31072ms
 GET /api/realtime 200 in 30226ms
 GET /api/realtime 200 in 30247ms
 GET /api/realtime 200 in 30242ms
 GET /api/realtime 200 in 30223ms
 GET /api/realtime 200 in 30196ms
 GET / 200 in 65ms
 GET /api/realtime 200 in 30272ms
 GET /api/realtime 200 in 30196ms
 GET /api/realtime 200 in 30215ms
 GET /api/realtime 200 in 30235ms
 GET /api/realtime 200 in 30217ms
 GET /api/realtime 200 in 30233ms
 GET /api/realtime 200 in 30228ms
 GET /api/realtime 200 in 30209ms
 GET /api/realtime 200 in 30228ms
 GET /api/realtime 200 in 30203ms
 GET /api/realtime 200 in 30244ms
 GET /api/realtime 200 in 30214ms
 GET /api/realtime 200 in 30206ms
 GET /api/realtime 200 in 30224ms
 GET /api/realtime 200 in 30206ms
 GET /api/realtime 200 in 30235ms
 GET /api/realtime 200 in 30205ms
 GET /api/realtime 200 in 30196ms
 GET /api/realtime 200 in 30211ms
 GET /api/realtime 200 in 30223ms
 GET /api/realtime 200 in 30222ms
 GET /api/realtime 200 in 30221ms
 GET /api/realtime 200 in 30215ms
 ✓ Compiled in 486ms (1549 modules)
 GET / 200 in 123ms
 ✓ Compiled in 142ms (174 modules)
 GET / 200 in 77ms
 GET / 200 in 70ms
[?25h
