  ▲ Next.js 14.2.28
  - Local:        http://localhost:3000
  - Environments: .env
  - Experiments (use with caution):
    · outputFileTracingRoot

 ✓ Starting...
 ✓ Ready in 1409ms
 ○ Compiling / ...
 ✓ Compiled / in 1723ms (596 modules)
 GET / 200 in 2203ms
 ✓ Compiled in 515ms (296 modules)
 ✓ Compiled /api/auth/[...nextauth] in 434ms (541 modules)
 GET /api/auth/providers 200 in 891ms
 GET / 200 in 108ms
 GET /api/auth/session 200 in 56ms
 GET /api/auth/session 200 in 44ms
 ○ Compiling /signup ...
 ✓ Compiled /signup in 1023ms (881 modules)
 GET /login 200 in 1213ms
 GET /signup 200 in 1205ms
 GET /api/auth/session 200 in 80ms
 GET /api/auth/session 200 in 46ms
 GET /api/auth/session 200 in 45ms
 GET /api/auth/session 200 in 45ms
 GET /api/auth/session 200 in 60ms
 GET /api/auth/csrf 200 in 57ms
 ✓ Compiled /api/signup in 129ms (597 modules)
 POST /api/signup 200 in 605ms
 GET / 200 in 87ms
 GET /api/auth/signin 302 in 66ms
 GET /login?callbackUrl=https://7d18e9f2f.preview.abacusai.app 200 in 59ms
 GET /api/auth/csrf 200 in 45ms
 POST /api/auth/callback/credentials 302 in 341ms
 ✓ Compiled /middleware in 201ms (174 modules)
 ○ Compiling /dashboard ...
 ✓ Compiled /dashboard in 2.2s (2849 modules)
 GET /dashboard 200 in 2494ms
 GET / 200 in 124ms
 GET /dashboard 200 in 108ms
 GET /api/auth/session 200 in 95ms
 ✓ Compiled /api/realtime in 301ms (1577 modules)
 ✓ Compiled (1580 modules)
 GET /api/auth/session 200 in 699ms
 GET /api/notifications?limit=10 200 in 728ms
 GET /api/realtime 200 in 391ms
 GET /api/auth/session 200 in 90ms
 GET /api/notifications?limit=10 200 in 112ms
 GET /api/realtime 200 in 152ms
 GET /api/auth/session 200 in 68ms
 GET /api/realtime 200 in 112ms
 GET /api/notifications?limit=10 200 in 95ms
 GET /api/auth/session 200 in 94ms
 GET /api/notifications?limit=10 200 in 88ms
 GET /api/realtime 200 in 103ms
 GET /api/realtime 200 in 71ms
 GET /api/realtime 200 in 81ms
 GET /api/realtime 200 in 67ms
 GET /api/realtime 200 in 70ms
 GET /api/realtime 200 in 654ms
 GET /api/realtime 200 in 106ms
 GET /api/realtime 200 in 70ms
 GET /api/realtime 200 in 78ms
 GET /api/realtime 200 in 76ms
 GET /api/realtime 200 in 66ms
 GET /api/realtime 200 in 65ms
 GET /api/realtime 200 in 61ms
 GET /api/realtime 200 in 80ms
 GET /api/realtime 200 in 68ms
 GET /api/realtime 200 in 70ms
 GET /api/realtime 200 in 73ms
 GET /api/realtime 200 in 67ms
 GET /api/realtime 200 in 63ms
 GET /api/realtime 200 in 60ms
 GET /api/realtime 200 in 69ms
 GET /api/realtime 200 in 63ms
 GET /api/realtime 200 in 61ms
 GET /api/realtime 200 in 72ms
 GET /api/realtime 200 in 62ms
 GET /api/realtime 200 in 80ms
 GET /api/realtime 200 in 70ms
 GET /api/realtime 200 in 69ms
 GET /api/realtime 200 in 61ms
 GET /api/realtime 200 in 70ms
 GET /api/realtime 200 in 67ms
 GET /api/realtime 200 in 64ms
 GET /api/realtime 200 in 75ms
 GET /api/realtime 200 in 67ms
 GET /api/realtime 200 in 60ms
 GET /api/realtime 200 in 60ms
 GET /api/realtime 200 in 63ms
 GET /api/realtime 200 in 65ms
 GET /api/realtime 200 in 62ms
 GET /api/realtime 200 in 64ms
 GET /api/realtime 200 in 64ms
 GET /api/realtime 200 in 61ms
 GET /api/realtime 200 in 58ms
 GET /api/realtime 200 in 65ms
 GET /api/realtime 200 in 59ms
 GET /api/realtime 200 in 63ms
 GET /api/realtime 200 in 71ms
 GET /api/realtime 200 in 76ms
 GET /api/realtime 200 in 67ms
 GET /api/realtime 200 in 226ms
 GET /api/realtime 200 in 64ms
 GET /api/realtime 200 in 68ms
 GET /api/realtime 200 in 66ms
 GET /api/realtime 200 in 74ms
 GET /api/realtime 200 in 37ms
 GET /api/realtime 200 in 6977ms
 ○ Compiling /settings ...
 ✓ Compiled /settings in 3s (3352 modules)
prisma:error 
Invalid `_lib_db__WEBPACK_IMPORTED_MODULE_4__.prisma.changeOrder.findMany()` invocation in
/home/ubuntu/cortexbuild_pro/nextjs_space/.next/server/app/(dashboard)/change-orders/page.js:5008:65

  5005         name: "asc"
  5006     }
  5007 }),
→ 5008 _lib_db__WEBPACK_IMPORTED_MODULE_4__.prisma.changeOrder.findMany(
Too many database connections opened: FATAL: too many connections for role "role_ddaacb0a0"
Prisma Accelerate has built-in connection pooling to prevent such errors: https://pris.ly/client/error-accelerate
prisma:error 
Invalid `_lib_db__WEBPACK_IMPORTED_MODULE_3__.prisma.project.findMany()` invocation in
/home/ubuntu/cortexbuild_pro/nextjs_space/.next/server/app/(dashboard)/tasks/page.js:5579:61

  5576         createdAt: "desc"
  5577     }
  5578 }),
→ 5579 _lib_db__WEBPACK_IMPORTED_MODULE_3__.prisma.project.findMany(
Too many database connections opened: FATAL: too many connections for role "role_ddaacb0a0"
Prisma Accelerate has built-in connection pooling to prevent such errors: https://pris.ly/client/error-accelerate
prisma:error 
Invalid `_lib_db__WEBPACK_IMPORTED_MODULE_4__.prisma.project.findMany()` invocation in
/home/ubuntu/cortexbuild_pro/nextjs_space/.next/server/app/(dashboard)/rfis/page.js:5483:61

  5480 const organizationId = session.user.organizationId;
  5481 if (!organizationId) (0,next_navigation__WEBPACK_IMPORTED_MODULE_2__.redirect)("/login");
  5482 const [projects, rfis, teamMembers] = await Promise.all([
→ 5483     _lib_db__WEBPACK_IMPORTED_MODULE_4__.prisma.project.findMany(
Too many database connections opened: FATAL: too many connections for role "role_ddaacb0a0"
Prisma Accelerate has built-in connection pooling to prevent such errors: https://pris.ly/client/error-accelerate
prisma:error 
Invalid `_lib_db__WEBPACK_IMPORTED_MODULE_4__.prisma.rFI.findMany()` invocation in
/home/ubuntu/cortexbuild_pro/nextjs_space/.next/server/app/(dashboard)/rfis/page.js:5495:57

  5492         name: "asc"
  5493     }
  5494 }),
→ 5495 _lib_db__WEBPACK_IMPORTED_MODULE_4__.prisma.rFI.findMany(
Too many database connections opened: FATAL: too many connections for role "role_ddaacb0a0"
Prisma Accelerate has built-in connection pooling to prevent such errors: https://pris.ly/client/error-accelerate
prisma:error 
Invalid `_lib_db__WEBPACK_IMPORTED_MODULE_4__.prisma.teamMember.findMany()` invocation in
/home/ubuntu/cortexbuild_pro/nextjs_space/.next/server/app/(dashboard)/rfis/page.js:5532:64

  5529         createdAt: "desc"
  5530     }
  5531 }),
→ 5532 _lib_db__WEBPACK_IMPORTED_MODULE_4__.prisma.teamMember.findMany(
Too many database connections opened: FATAL: too many connections for role "role_ddaacb0a0"
Prisma Accelerate has built-in connection pooling to prevent such errors: https://pris.ly/client/error-accelerate
prisma:error 
Invalid `_lib_db__WEBPACK_IMPORTED_MODULE_4__.prisma.project.findMany()` invocation in
/home/ubuntu/cortexbuild_pro/nextjs_space/.next/server/app/(dashboard)/submittals/page.js:4996:61

  4993 const organizationId = session.user.organizationId;
  4994 if (!organizationId) (0,next_navigation__WEBPACK_IMPORTED_MODULE_2__.redirect)("/login");
  4995 const [projects, submittals, teamMembers] = await Promise.all([
→ 4996     _lib_db__WEBPACK_IMPORTED_MODULE_4__.prisma.project.findMany(
Too many database connections opened: FATAL: too many connections for role "role_ddaacb0a0"
Prisma Accelerate has built-in connection pooling to prevent such errors: https://pris.ly/client/error-accelerate
prisma:error 
Invalid `_lib_db__WEBPACK_IMPORTED_MODULE_4__.prisma.teamMember.findMany()` invocation in
/home/ubuntu/cortexbuild_pro/nextjs_space/.next/server/app/(dashboard)/submittals/page.js:5045:64

  5042         createdAt: "desc"
  5043     }
  5044 }),
→ 5045 _lib_db__WEBPACK_IMPORTED_MODULE_4__.prisma.teamMember.findMany(
Too many database connections opened: FATAL: too many connections for role "role_ddaacb0a0"
Prisma Accelerate has built-in connection pooling to prevent such errors: https://pris.ly/client/error-accelerate
 GET /documents 200 in 3833ms
 GET /daily-reports 200 in 3764ms
 GET /meetings 200 in 3764ms
 GET /punch-lists 200 in 3810ms
 GET /safety 200 in 3767ms
 GET /projects 200 in 3826ms
 GET /projects/new 200 in 3772ms
 GET /inspections 200 in 3773ms
 GET /reports 200 in 3774ms
 GET /tasks 500 in 3821ms
 GET /submittals 500 in 3777ms
 GET /settings 200 in 3777ms
 GET /rfis 500 in 3778ms
 GET /change-orders 500 in 3823ms
 GET /equipment 200 in 3780ms
 GET /company 200 in 3783ms
 GET /team 200 in 3862ms
 GET /api/notifications?limit=10 200 in 179ms
 GET /api/realtime 200 in 236ms
 GET /api/realtime 200 in 236ms
 GET /api/realtime 200 in 236ms
 GET /api/auth/session 200 in 330ms
 GET /api/realtime 200 in 246ms
 GET /api/realtime 200 in 278ms
 GET /api/realtime 200 in 252ms
 GET /api/notifications?limit=10 200 in 456ms
 GET /api/realtime 200 in 334ms
 GET /api/realtime 200 in 335ms
 GET /api/realtime 200 in 513ms
 GET /api/auth/session 200 in 524ms
 GET /api/realtime 200 in 528ms
 GET /api/realtime 200 in 570ms
 ○ Compiling /api/company/stats ...
 ✓ Compiled /api/company/stats in 784ms (1858 modules)
 GET /api/notifications?limit=10 200 in 1640ms
 GET /api/realtime 200 in 1731ms
 GET /api/realtime 200 in 1867ms
 GET /api/realtime 200 in 1721ms
 GET /api/realtime 200 in 1721ms
 GET /api/auth/session 200 in 1344ms
 GET /api/realtime 200 in 1519ms
 GET /api/realtime 200 in 1728ms
 GET /api/realtime 200 in 1571ms
 GET /api/realtime 200 in 1367ms
 GET /api/realtime 200 in 1301ms
 GET /api/realtime 200 in 1302ms
 GET /api/realtime 200 in 1377ms
prisma:error 
Invalid `prisma.$queryRaw()` invocation:


Too many database connections opened: FATAL: too many connections for role "role_ddaacb0a0"
Prisma Accelerate has built-in connection pooling to prevent such errors: https://pris.ly/client/error-accelerate
 GET /api/company/stats 500 in 1778ms
prisma:error 
Invalid `_lib_db__WEBPACK_IMPORTED_MODULE_3__.prisma.task.count()` invocation in
/home/ubuntu/cortexbuild_pro/nextjs_space/.next/server/app/api/company/stats/route.js:308:62

  305         }
  306     }
  307 }),
→ 308 _lib_db__WEBPACK_IMPORTED_MODULE_3__.prisma.task.count(
Too many database connections opened: FATAL: too many connections for role "role_ddaacb0a0"
Prisma Accelerate has built-in connection pooling to prevent such errors: https://pris.ly/client/error-accelerate
prisma:error 
Invalid `_lib_db__WEBPACK_IMPORTED_MODULE_3__.prisma.submittal.count()` invocation in
/home/ubuntu/cortexbuild_pro/nextjs_space/.next/server/app/api/company/stats/route.js:353:67

  350         }
  351     }
  352 }),
→ 353 _lib_db__WEBPACK_IMPORTED_MODULE_3__.prisma.submittal.count(
Too many database connections opened: FATAL: too many connections for role "role_ddaacb0a0"
Prisma Accelerate has built-in connection pooling to prevent such errors: https://pris.ly/client/error-accelerate
prisma:error 
Invalid `_lib_db__WEBPACK_IMPORTED_MODULE_3__.prisma.task.groupBy()` invocation in
/home/ubuntu/cortexbuild_pro/nextjs_space/.next/server/app/api/company/stats/route.js:407:62

  404         }
  405     }
  406 }),
→ 407 _lib_db__WEBPACK_IMPORTED_MODULE_3__.prisma.task.groupBy(
Too many database connections opened: FATAL: too many connections for role "role_ddaacb0a0"
Prisma Accelerate has built-in connection pooling to prevent such errors: https://pris.ly/client/error-accelerate
prisma:error 
Invalid `_lib_db__WEBPACK_IMPORTED_MODULE_3__.prisma.project.groupBy()` invocation in
/home/ubuntu/cortexbuild_pro/nextjs_space/.next/server/app/api/company/stats/route.js:418:65

  415     },
  416     _count: true
  417 }),
→ 418 _lib_db__WEBPACK_IMPORTED_MODULE_3__.prisma.project.groupBy(
Too many database connections opened: FATAL: too many connections for role "role_ddaacb0a0"
Prisma Accelerate has built-in connection pooling to prevent such errors: https://pris.ly/client/error-accelerate
prisma:error 
Invalid `_lib_db__WEBPACK_IMPORTED_MODULE_3__.prisma.user.groupBy()` invocation in
/home/ubuntu/cortexbuild_pro/nextjs_space/.next/server/app/api/company/stats/route.js:427:62

  424     },
  425     _count: true
  426 }),
→ 427 _lib_db__WEBPACK_IMPORTED_MODULE_3__.prisma.user.groupBy(
Too many database connections opened: FATAL: too many connections for role "role_ddaacb0a0"
Prisma Accelerate has built-in connection pooling to prevent such errors: https://pris.ly/client/error-accelerate
prisma:error 
Invalid `_lib_db__WEBPACK_IMPORTED_MODULE_3__.prisma.project.findMany()` invocation in
/home/ubuntu/cortexbuild_pro/nextjs_space/.next/server/app/api/company/stats/route.js:444:65

  441   GROUP BY DATE("createdAt")
  442   ORDER BY date ASC
  443 `,
→ 444       _lib_db__WEBPACK_IMPORTED_MODULE_3__.prisma.project.findMany(
Too many database connections opened: FATAL: too many connections for role "role_ddaacb0a0"
Prisma Accelerate has built-in connection pooling to prevent such errors: https://pris.ly/client/error-accelerate
 GET /api/realtime 200 in 1419ms
 GET /api/realtime 200 in 118ms
 GET /api/realtime 200 in 187ms
 GET /api/realtime 200 in 192ms
 GET /api/realtime 200 in 179ms
 GET /api/notifications?limit=10 200 in 206ms
 GET /api/realtime 200 in 200ms
 GET /api/realtime 200 in 240ms
 GET /api/realtime 200 in 236ms
 GET /api/realtime 200 in 239ms
 GET /api/realtime 200 in 239ms
 GET /api/realtime 200 in 240ms
 GET /api/realtime 200 in 235ms
 GET /api/realtime 200 in 274ms
 GET /api/auth/session 200 in 269ms
prisma:error 
Invalid `_lib_db__WEBPACK_IMPORTED_MODULE_3__.prisma.task.count()` invocation in
/home/ubuntu/cortexbuild_pro/nextjs_space/.next/server/app/api/company/stats/route.js:316:62

  313         status: "COMPLETE"
  314     }
  315 }),
→ 316 _lib_db__WEBPACK_IMPORTED_MODULE_3__.prisma.task.count(
Too many database connections opened: FATAL: too many connections for role "role_ddaacb0a0"
Prisma Accelerate has built-in connection pooling to prevent such errors: https://pris.ly/client/error-accelerate
 GET /api/company/stats 500 in 282ms
prisma:error 
Invalid `_lib_db__WEBPACK_IMPORTED_MODULE_3__.prisma.rFI.count()` invocation in
/home/ubuntu/cortexbuild_pro/nextjs_space/.next/server/app/api/company/stats/route.js:331:61

  328         }
  329     }
  330 }),
→ 331 _lib_db__WEBPACK_IMPORTED_MODULE_3__.prisma.rFI.count(
Too many database connections opened: FATAL: too many connections for role "role_ddaacb0a0"
Prisma Accelerate has built-in connection pooling to prevent such errors: https://pris.ly/client/error-accelerate
prisma:error 
Invalid `_lib_db__WEBPACK_IMPORTED_MODULE_3__.prisma.changeOrder.count()` invocation in
/home/ubuntu/cortexbuild_pro/nextjs_space/.next/server/app/api/company/stats/route.js:366:69

  363         }
  364     }
  365 }),
→ 366 _lib_db__WEBPACK_IMPORTED_MODULE_3__.prisma.changeOrder.count(
Too many database connections opened: FATAL: too many connections for role "role_ddaacb0a0"
Prisma Accelerate has built-in connection pooling to prevent such errors: https://pris.ly/client/error-accelerate
prisma:error 
Invalid `_lib_db__WEBPACK_IMPORTED_MODULE_3__.prisma.safetyIncident.count()` invocation in
/home/ubuntu/cortexbuild_pro/nextjs_space/.next/server/app/api/company/stats/route.js:373:72

  370         }
  371     }
  372 }),
→ 373 _lib_db__WEBPACK_IMPORTED_MODULE_3__.prisma.safetyIncident.count(
Too many database connections opened: FATAL: too many connections for role "role_ddaacb0a0"
Prisma Accelerate has built-in connection pooling to prevent such errors: https://pris.ly/client/error-accelerate
prisma:error 
Invalid `_lib_db__WEBPACK_IMPORTED_MODULE_3__.prisma.task.groupBy()` invocation in
/home/ubuntu/cortexbuild_pro/nextjs_space/.next/server/app/api/company/stats/route.js:407:62

  404         }
  405     }
  406 }),
→ 407 _lib_db__WEBPACK_IMPORTED_MODULE_3__.prisma.task.groupBy(
Too many database connections opened: FATAL: too many connections for role "role_ddaacb0a0"
Prisma Accelerate has built-in connection pooling to prevent such errors: https://pris.ly/client/error-accelerate
prisma:error 
Invalid `_lib_db__WEBPACK_IMPORTED_MODULE_3__.prisma.project.groupBy()` invocation in
/home/ubuntu/cortexbuild_pro/nextjs_space/.next/server/app/api/company/stats/route.js:418:65

  415     },
  416     _count: true
  417 }),
→ 418 _lib_db__WEBPACK_IMPORTED_MODULE_3__.prisma.project.groupBy(
Too many database connections opened: FATAL: too many connections for role "role_ddaacb0a0"
Prisma Accelerate has built-in connection pooling to prevent such errors: https://pris.ly/client/error-accelerate
prisma:error 
Invalid `_lib_db__WEBPACK_IMPORTED_MODULE_3__.prisma.submittal.count()` invocation in
/home/ubuntu/cortexbuild_pro/nextjs_space/.next/server/app/api/company/stats/route.js:346:67

  343         status: "OPEN"
  344     }
  345 }),
→ 346 _lib_db__WEBPACK_IMPORTED_MODULE_3__.prisma.submittal.count(
Too many database connections opened: FATAL: too many connections for role "role_ddaacb0a0"
Prisma Accelerate has built-in connection pooling to prevent such errors: https://pris.ly/client/error-accelerate
 GET /api/realtime 200 in 234ms
 GET /api/realtime 200 in 232ms
 GET /api/realtime 200 in 240ms
 GET /api/realtime 200 in 243ms
 GET /api/notifications?limit=10 200 in 252ms
 GET /api/realtime 200 in 270ms
 GET /api/realtime 200 in 217ms
 GET /api/realtime 200 in 218ms
 GET /api/realtime 200 in 215ms
 GET /api/realtime 200 in 221ms
 GET /api/realtime 200 in 217ms
 GET /api/realtime 200 in 222ms
 GET /api/realtime 200 in 217ms
 GET /api/realtime 200 in 303ms
 GET /api/auth/session 200 in 259ms
prisma:error 
Invalid `_lib_db__WEBPACK_IMPORTED_MODULE_3__.prisma.activityLog.count()` invocation in
/home/ubuntu/cortexbuild_pro/nextjs_space/.next/server/app/api/company/stats/route.js:397:69

  394         }
  395     }
  396 }),
→ 397 _lib_db__WEBPACK_IMPORTED_MODULE_3__.prisma.activityLog.count(
Too many database connections opened: FATAL: too many connections for role "role_ddaacb0a0"
Prisma Accelerate has built-in connection pooling to prevent such errors: https://pris.ly/client/error-accelerate
 GET /api/company/stats 500 in 269ms
prisma:error 
Invalid `_lib_db__WEBPACK_IMPORTED_MODULE_3__.prisma.rFI.count()` invocation in
/home/ubuntu/cortexbuild_pro/nextjs_space/.next/server/app/api/company/stats/route.js:331:61

  328         }
  329     }
  330 }),
→ 331 _lib_db__WEBPACK_IMPORTED_MODULE_3__.prisma.rFI.count(
Too many database connections opened: FATAL: too many connections for role "role_ddaacb0a0"
Prisma Accelerate has built-in connection pooling to prevent such errors: https://pris.ly/client/error-accelerate
prisma:error 
Invalid `_lib_db__WEBPACK_IMPORTED_MODULE_3__.prisma.safetyIncident.count()` invocation in
/home/ubuntu/cortexbuild_pro/nextjs_space/.next/server/app/api/company/stats/route.js:380:72

  377         }
  378     }
  379 }),
→ 380 _lib_db__WEBPACK_IMPORTED_MODULE_3__.prisma.safetyIncident.count(
Too many database connections opened: FATAL: too many connections for role "role_ddaacb0a0"
Prisma Accelerate has built-in connection pooling to prevent such errors: https://pris.ly/client/error-accelerate
prisma:error 
Invalid `_lib_db__WEBPACK_IMPORTED_MODULE_3__.prisma.task.groupBy()` invocation in
/home/ubuntu/cortexbuild_pro/nextjs_space/.next/server/app/api/company/stats/route.js:407:62

  404         }
  405     }
  406 }),
→ 407 _lib_db__WEBPACK_IMPORTED_MODULE_3__.prisma.task.groupBy(
Too many database connections opened: FATAL: too many connections for role "role_ddaacb0a0"
Prisma Accelerate has built-in connection pooling to prevent such errors: https://pris.ly/client/error-accelerate
prisma:error 
Invalid `_lib_db__WEBPACK_IMPORTED_MODULE_3__.prisma.project.groupBy()` invocation in
/home/ubuntu/cortexbuild_pro/nextjs_space/.next/server/app/api/company/stats/route.js:418:65

  415     },
  416     _count: true
  417 }),
→ 418 _lib_db__WEBPACK_IMPORTED_MODULE_3__.prisma.project.groupBy(
Too many database connections opened: FATAL: too many connections for role "role_ddaacb0a0"
Prisma Accelerate has built-in connection pooling to prevent such errors: https://pris.ly/client/error-accelerate
prisma:error 
Invalid `prisma.$queryRaw()` invocation:


Too many database connections opened: FATAL: too many connections for role "role_ddaacb0a0"
Prisma Accelerate has built-in connection pooling to prevent such errors: https://pris.ly/client/error-accelerate
prisma:error 
Invalid `_lib_db__WEBPACK_IMPORTED_MODULE_3__.prisma.rFI.count()` invocation in
/home/ubuntu/cortexbuild_pro/nextjs_space/.next/server/app/api/company/stats/route.js:338:61

  335         }
  336     }
  337 }),
→ 338 _lib_db__WEBPACK_IMPORTED_MODULE_3__.prisma.rFI.count(
Too many database connections opened: FATAL: too many connections for role "role_ddaacb0a0"
Prisma Accelerate has built-in connection pooling to prevent such errors: https://pris.ly/client/error-accelerate
 GET /api/realtime 200 in 222ms
 GET /api/realtime 200 in 223ms
 GET /api/realtime 200 in 227ms
 GET /api/notifications?limit=10 200 in 309ms
 GET /api/realtime 200 in 282ms
 GET /api/realtime 200 in 280ms
 GET /api/realtime 200 in 283ms
 GET /api/realtime 200 in 283ms
 GET /api/realtime 200 in 283ms
 GET /api/realtime 200 in 283ms
 GET /api/realtime 200 in 338ms
 GET /api/realtime 200 in 637ms
 GET /api/realtime 200 in 693ms
 GET /api/realtime 200 in 642ms
 GET /api/auth/session 200 in 771ms
prisma:error 
Invalid `_lib_db__WEBPACK_IMPORTED_MODULE_3__.prisma.changeOrder.count()` invocation in
/home/ubuntu/cortexbuild_pro/nextjs_space/.next/server/app/api/company/stats/route.js:366:69

  363         }
  364     }
  365 }),
→ 366 _lib_db__WEBPACK_IMPORTED_MODULE_3__.prisma.changeOrder.count(
Too many database connections opened: FATAL: too many connections for role "role_ddaacb0a0"
Prisma Accelerate has built-in connection pooling to prevent such errors: https://pris.ly/client/error-accelerate
 GET /api/company/stats 500 in 789ms
prisma:error 
Invalid `_lib_db__WEBPACK_IMPORTED_MODULE_3__.prisma.safetyIncident.count()` invocation in
/home/ubuntu/cortexbuild_pro/nextjs_space/.next/server/app/api/company/stats/route.js:380:72

  377         }
  378     }
  379 }),
→ 380 _lib_db__WEBPACK_IMPORTED_MODULE_3__.prisma.safetyIncident.count(
Too many database connections opened: FATAL: too many connections for role "role_ddaacb0a0"
Prisma Accelerate has built-in connection pooling to prevent such errors: https://pris.ly/client/error-accelerate
prisma:error 
Invalid `_lib_db__WEBPACK_IMPORTED_MODULE_3__.prisma.document.count()` invocation in
/home/ubuntu/cortexbuild_pro/nextjs_space/.next/server/app/api/company/stats/route.js:390:66

  387         }
  388     }
  389 }),
→ 390 _lib_db__WEBPACK_IMPORTED_MODULE_3__.prisma.document.count(
Too many database connections opened: FATAL: too many connections for role "role_ddaacb0a0"
Prisma Accelerate has built-in connection pooling to prevent such errors: https://pris.ly/client/error-accelerate
prisma:error 
Invalid `_lib_db__WEBPACK_IMPORTED_MODULE_3__.prisma.activityLog.count()` invocation in
/home/ubuntu/cortexbuild_pro/nextjs_space/.next/server/app/api/company/stats/route.js:397:69

  394         }
  395     }
  396 }),
→ 397 _lib_db__WEBPACK_IMPORTED_MODULE_3__.prisma.activityLog.count(
Too many database connections opened: FATAL: too many connections for role "role_ddaacb0a0"
Prisma Accelerate has built-in connection pooling to prevent such errors: https://pris.ly/client/error-accelerate
prisma:error 
Invalid `_lib_db__WEBPACK_IMPORTED_MODULE_3__.prisma.task.groupBy()` invocation in
/home/ubuntu/cortexbuild_pro/nextjs_space/.next/server/app/api/company/stats/route.js:407:62

  404         }
  405     }
  406 }),
→ 407 _lib_db__WEBPACK_IMPORTED_MODULE_3__.prisma.task.groupBy(
Too many database connections opened: FATAL: too many connections for role "role_ddaacb0a0"
Prisma Accelerate has built-in connection pooling to prevent such errors: https://pris.ly/client/error-accelerate
prisma:error 
Invalid `_lib_db__WEBPACK_IMPORTED_MODULE_3__.prisma.project.groupBy()` invocation in
/home/ubuntu/cortexbuild_pro/nextjs_space/.next/server/app/api/company/stats/route.js:418:65

  415     },
  416     _count: true
  417 }),
→ 418 _lib_db__WEBPACK_IMPORTED_MODULE_3__.prisma.project.groupBy(
Too many database connections opened: FATAL: too many connections for role "role_ddaacb0a0"
Prisma Accelerate has built-in connection pooling to prevent such errors: https://pris.ly/client/error-accelerate
prisma:error 
Invalid `_lib_db__WEBPACK_IMPORTED_MODULE_3__.prisma.user.groupBy()` invocation in
/home/ubuntu/cortexbuild_pro/nextjs_space/.next/server/app/api/company/stats/route.js:427:62

  424     },
  425     _count: true
  426 }),
→ 427 _lib_db__WEBPACK_IMPORTED_MODULE_3__.prisma.user.groupBy(
Too many database connections opened: FATAL: too many connections for role "role_ddaacb0a0"
Prisma Accelerate has built-in connection pooling to prevent such errors: https://pris.ly/client/error-accelerate
 GET /api/realtime 200 in 785ms
 GET /api/realtime 200 in 792ms
 GET /api/realtime 200 in 388ms
 GET /api/realtime 200 in 550ms
 GET /api/realtime 200 in 526ms
 GET /api/realtime 200 in 518ms
 GET /api/notifications?limit=10 200 in 490ms
 GET /api/realtime 200 in 490ms
 GET /api/realtime 200 in 587ms
 GET /api/realtime 200 in 606ms
 GET /api/realtime 200 in 625ms
 GET /api/realtime 200 in 851ms
 GET /api/realtime 200 in 425ms
 GET /api/realtime 200 in 432ms
 GET /api/realtime 200 in 584ms
 GET /api/auth/session 200 in 528ms
 GET /api/realtime 200 in 336ms
 GET /api/realtime 200 in 322ms
 GET /api/realtime 200 in 342ms
 GET /api/realtime 200 in 354ms
 GET /api/notifications?limit=10 200 in 295ms
 GET /api/realtime 200 in 308ms
 GET /api/realtime 200 in 380ms
 GET /api/realtime 200 in 179ms
 GET /api/realtime 200 in 180ms
 GET /api/realtime 200 in 180ms
 GET /api/realtime 200 in 184ms
 GET /api/realtime 200 in 182ms
 GET /api/realtime 200 in 184ms
 GET /api/auth/session 200 in 222ms
 GET /api/realtime 200 in 4235ms
 GET /api/realtime 200 in 110ms
 GET /api/realtime 200 in 140ms
 GET /api/realtime 200 in 3815ms
 GET /api/realtime 200 in 142ms
 GET /api/realtime 200 in 4483ms
 GET /api/realtime 200 in 136ms
 GET /api/realtime 200 in 3870ms
 GET /api/realtime 200 in 141ms
 GET /api/realtime 200 in 4773ms
 GET /api/realtime 200 in 201ms
 GET /api/realtime 200 in 203ms
 GET /api/realtime 200 in 224ms
 GET /api/realtime 200 in 4524ms
 GET /api/notifications?limit=10 200 in 244ms
 GET /api/realtime 200 in 251ms
 GET /api/realtime 200 in 256ms
 GET /api/realtime 200 in 259ms
 GET /api/auth/session 200 in 270ms
 GET /api/realtime 200 in 303ms
 GET /api/realtime 200 in 246ms
 GET /api/realtime 200 in 263ms
 GET /api/notifications?limit=10 200 in 172ms
 GET /api/realtime 200 in 181ms
 GET /api/auth/session 200 in 128ms
 GET /api/realtime 200 in 186ms
 GET /api/realtime 200 in 191ms
 GET /api/realtime 200 in 124ms
 GET /api/realtime 200 in 123ms
 GET /api/realtime 200 in 126ms
 GET /api/notifications?limit=10 200 in 113ms
 GET /api/realtime 200 in 131ms
 GET /api/realtime 200 in 151ms
 GET /api/realtime 200 in 139ms
 GET /api/auth/session 200 in 242ms
 GET /api/realtime 200 in 262ms
 GET /api/realtime 200 in 263ms
 GET /api/notifications?limit=10 200 in 276ms
 GET /api/auth/session 200 in 222ms
 GET /api/realtime 200 in 415ms
 GET /api/realtime 200 in 225ms
 GET /api/realtime 200 in 576ms
 GET /api/realtime 200 in 477ms
 GET /api/notifications?limit=10 200 in 177ms
 GET /api/realtime 200 in 485ms
 GET /api/realtime 200 in 324ms
 GET /api/auth/session 200 in 195ms
 GET /api/realtime 200 in 193ms
 GET /api/realtime 200 in 230ms
 GET /api/realtime 200 in 229ms
 GET /api/notifications?limit=10 200 in 214ms
 GET /api/realtime 200 in 263ms
 GET /api/realtime 200 in 247ms
 GET /api/realtime 200 in 160ms
 GET /api/realtime 200 in 193ms
 GET /api/auth/session 200 in 233ms
 GET /api/realtime 200 in 175ms
 GET /api/realtime 200 in 217ms
 GET /api/realtime 200 in 198ms
 GET /api/realtime 200 in 190ms
 GET /api/notifications?limit=10 200 in 209ms
 GET /api/realtime 200 in 137ms
 GET /api/realtime 200 in 6264ms
 GET /api/realtime 200 in 6428ms
 GET /api/realtime 200 in 6430ms
 GET /api/realtime 200 in 6338ms
 GET /api/realtime 200 in 235ms
 GET /api/realtime 200 in 6338ms
 GET /api/realtime 200 in 264ms
 GET /api/notifications?limit=10 200 in 192ms
 GET /api/notifications?limit=10 200 in 193ms
 GET /api/notifications?limit=10 200 in 193ms
 GET /api/notifications?limit=10 200 in 194ms
 GET /api/auth/session 200 in 193ms
 GET /api/realtime 200 in 40ms
 GET /api/auth/session 200 in 69ms
 GET /api/realtime 200 in 109ms
 GET /api/realtime 200 in 150ms
 GET /api/auth/session 200 in 128ms
 GET /api/realtime 200 in 90ms
 GET /api/auth/session 200 in 52ms
 GET /api/realtime 200 in 84ms
 GET /api/auth/session 200 in 56ms
 GET /api/realtime 200 in 144ms
 GET /api/auth/session 200 in 126ms
 GET /api/realtime 200 in 76ms
 GET /api/auth/session 200 in 50ms
 GET /api/realtime 200 in 66ms
 GET /api/realtime 200 in 62ms
 GET /api/realtime 200 in 71ms
 GET /api/realtime 200 in 65ms
 GET /api/realtime 200 in 63ms
 GET /api/realtime 200 in 67ms
 GET /api/realtime 200 in 66ms
 GET /api/realtime 200 in 68ms
 GET /api/realtime 200 in 70ms
 GET /api/realtime 200 in 64ms
 GET /api/realtime 200 in 64ms
 GET /api/realtime 200 in 71ms
 GET /api/realtime 200 in 64ms
 GET /api/realtime 200 in 67ms
 GET /api/realtime 200 in 71ms
 GET /api/realtime 200 in 65ms
 GET /api/realtime 200 in 78ms
 GET /api/realtime 200 in 70ms
 GET /api/realtime 200 in 63ms
 GET /api/realtime 200 in 74ms
 GET /api/realtime 200 in 67ms
 GET /api/realtime 200 in 67ms
 GET /api/realtime 200 in 68ms
 GET /api/realtime 200 in 78ms
 GET /api/realtime 200 in 68ms
 GET /api/realtime 200 in 64ms
 GET /api/realtime 200 in 67ms
 GET /api/realtime 200 in 63ms
 GET /api/realtime 200 in 65ms
 GET /api/realtime 200 in 135ms
 GET /api/realtime 200 in 99ms
 GET /api/realtime 200 in 68ms
 GET /api/realtime 200 in 67ms
 GET /api/realtime 200 in 69ms
 GET /api/realtime 200 in 68ms
 GET /api/realtime 200 in 10405ms
 GET /api/realtime 200 in 44ms
 ○ Compiling /projects/[id] ...
 ✓ Compiled /projects/[id] in 3.2s (3490 modules)
 GET /company/invitations 200 in 3581ms
 GET /company/team 200 in 3581ms
 GET /company/usage 200 in 3562ms
 GET /company/settings 307 in 3567ms
 GET /dashboard 200 in 155ms
 GET /projects/project-downtown-office 200 in 3964ms
 GET /projects/project-mall-renovation 200 in 3958ms
 GET /projects/project-riverside-homes 200 in 3948ms
 ○ Compiling /api/company/invitations ...
 ✓ Compiled /api/company/invitations in 899ms (1940 modules)
 GET /api/auth/session 200 in 1722ms
 GET /api/company/invitations? 200 in 1758ms
 GET /api/notifications?limit=10 200 in 1460ms
 GET /api/realtime 200 in 934ms
 GET /api/realtime 200 in 875ms
 GET /api/realtime 200 in 759ms
 GET /api/realtime 200 in 983ms
 GET /api/auth/session 200 in 133ms
 GET /api/realtime 200 in 145ms
 GET /api/company/invitations? 200 in 148ms
 GET /api/notifications?limit=10 200 in 151ms
 GET /api/realtime 200 in 171ms
 GET /api/realtime 200 in 172ms
 GET /api/realtime 200 in 183ms
 GET /api/auth/session 200 in 145ms
 GET /api/realtime 200 in 164ms
 GET /api/realtime 200 in 167ms
 GET /api/realtime 200 in 232ms
 GET /api/company/invitations? 200 in 239ms
 GET /api/notifications?limit=10 200 in 231ms
 GET /api/realtime 200 in 222ms
 GET /api/auth/session 200 in 120ms
 GET /api/realtime 200 in 140ms
 GET /api/realtime 200 in 141ms
 GET /api/realtime 200 in 146ms
 GET /api/company/invitations? 200 in 143ms
 GET /api/notifications?limit=10 200 in 146ms
 GET /api/realtime 200 in 148ms
 GET /api/realtime 200 in 142ms
 GET /api/realtime 200 in 142ms
 GET /api/auth/session 200 in 143ms
 GET /api/notifications?limit=10 200 in 122ms
 GET /api/realtime 200 in 155ms
 GET /api/realtime 200 in 146ms
 GET /api/realtime 200 in 128ms
 GET /api/realtime 200 in 134ms
 GET /api/auth/session 200 in 104ms
 GET /api/realtime 200 in 101ms
 GET /api/notifications?limit=10 200 in 109ms
 GET /api/realtime 200 in 126ms
 GET /api/realtime 200 in 113ms
 GET /api/realtime 200 in 115ms
 GET /api/auth/session 200 in 132ms
 GET /api/realtime 200 in 142ms
 GET /api/notifications?limit=10 200 in 155ms
 GET /api/realtime 200 in 155ms
 GET /api/realtime 200 in 122ms
 GET /api/auth/session 200 in 157ms
 GET /api/realtime 200 in 131ms
 GET /api/realtime 200 in 164ms
 GET /api/notifications?limit=10 200 in 159ms
 GET /api/realtime 200 in 158ms
 GET /api/realtime 200 in 190ms
 GET /api/auth/session 200 in 150ms
 GET /api/realtime 200 in 176ms
 GET /api/realtime 200 in 200ms
 GET /api/realtime 200 in 147ms
 GET /api/notifications?limit=10 200 in 206ms
 GET /api/realtime 200 in 163ms
 GET /api/auth/session 200 in 173ms
 GET /api/realtime 200 in 172ms
 GET /api/realtime 200 in 222ms
 GET /api/realtime 200 in 235ms
 GET /api/notifications?limit=10 200 in 187ms
 GET /api/realtime 200 in 172ms
 GET /api/realtime 200 in 138ms
 GET /api/auth/session 200 in 166ms
 GET /api/realtime 200 in 183ms
 GET /api/realtime 200 in 160ms
 GET /api/realtime 200 in 167ms
 GET /api/notifications?limit=10 200 in 163ms
 GET /api/realtime 200 in 178ms
 GET /api/auth/session 200 in 122ms
 GET /api/realtime 200 in 99ms
 GET /api/realtime 200 in 119ms
 GET /api/realtime 200 in 133ms
 GET /api/notifications?limit=10 200 in 147ms
 GET /api/realtime 200 in 182ms
 GET /api/auth/session 200 in 144ms
 GET /api/realtime 200 in 159ms
 GET /api/realtime 200 in 141ms
 GET /api/realtime 200 in 148ms
 GET /api/realtime 200 in 134ms
 GET /api/notifications?limit=10 200 in 135ms
 GET /api/auth/session 200 in 124ms
 GET /api/realtime 200 in 132ms
 GET /api/realtime 200 in 129ms
 GET /api/realtime 200 in 135ms
 GET /api/realtime 200 in 116ms
 GET /api/notifications?limit=10 200 in 127ms
 GET /api/realtime 200 in 137ms
 GET /api/realtime 200 in 127ms
 GET /api/realtime 200 in 130ms
 GET /api/auth/session 200 in 163ms
 GET /api/realtime 200 in 153ms
 GET /api/notifications?limit=10 200 in 149ms
 GET /api/realtime 200 in 83ms
 GET /api/realtime 200 in 125ms
 GET /api/auth/session 200 in 110ms
 GET /api/realtime 200 in 135ms
 GET /api/realtime 200 in 111ms
 GET /api/notifications?limit=10 200 in 127ms
 GET /api/realtime 200 in 119ms
 GET /api/realtime 200 in 123ms
 GET /api/auth/session 200 in 124ms
 GET /api/realtime 200 in 163ms
 GET /api/realtime 200 in 127ms
 GET /api/realtime 200 in 118ms
 GET /api/realtime 200 in 131ms
 GET /api/auth/session 200 in 101ms
 GET /api/realtime 200 in 136ms
 GET /api/realtime 200 in 108ms
 GET /api/auth/session 200 in 85ms
 GET /api/realtime 200 in 118ms
 GET /api/realtime 200 in 226ms
 GET /api/realtime 200 in 111ms
 GET /api/auth/session 200 in 150ms
 GET /api/realtime 200 in 224ms
 GET /api/realtime 200 in 161ms
 GET /api/realtime 200 in 132ms
 GET /api/realtime 200 in 154ms
 GET /api/auth/session 200 in 85ms
 GET /api/realtime 200 in 99ms
 GET /api/realtime 200 in 109ms
 GET /api/realtime 200 in 130ms
 GET /api/realtime 200 in 120ms
 GET /api/realtime 200 in 130ms
 GET /api/realtime 200 in 123ms
 GET /api/realtime 200 in 55ms
 GET /api/auth/session 200 in 106ms
 GET /api/realtime 200 in 135ms
 GET /api/realtime 200 in 4900ms
 GET /api/realtime 200 in 4942ms
 GET /api/realtime 200 in 97ms
 GET /api/auth/session 200 in 96ms
 GET /api/realtime 200 in 142ms
 GET /api/realtime 200 in 96ms
 GET /api/auth/session 200 in 75ms
 GET /api/realtime 200 in 113ms
 GET /api/realtime 200 in 96ms
 GET /api/auth/session 200 in 85ms
 GET /api/realtime 200 in 95ms
 GET /api/realtime 200 in 148ms
 GET /api/auth/session 200 in 69ms
 GET /api/realtime 200 in 96ms
 GET /api/realtime 200 in 104ms
 GET /api/realtime 200 in 80ms
 GET /api/realtime 200 in 79ms
 GET /api/realtime 200 in 77ms
 GET /api/realtime 200 in 77ms
 GET /api/realtime 200 in 78ms
 GET /api/realtime 200 in 70ms
 GET /api/realtime 200 in 101ms
 GET /api/realtime 200 in 148ms
 GET /api/realtime 200 in 70ms
 GET /api/realtime 200 in 87ms
 GET /api/realtime 200 in 116ms
 GET /api/realtime 200 in 90ms
 GET /api/realtime 200 in 109ms
 GET /api/realtime 200 in 91ms
 GET /api/realtime 200 in 107ms
 GET /api/realtime 200 in 6737ms
 GET /api/realtime 200 in 71ms
 GET /api/realtime 200 in 63ms
 GET /api/realtime 200 in 6773ms
[?25h
