  ▲ Next.js 14.2.28
  - Local:        http://localhost:3000
  - Environments: .env
  - Experiments (use with caution):
    · outputFileTracingRoot

 ✓ Starting...
 ✓ Ready in 1828ms
 ○ Compiling / ...
 ✓ Compiled / in 2.3s (596 modules)
 GET / 200 in 2735ms
 ✓ Compiled in 493ms (296 modules)
 ✓ Compiled /api/auth/[...nextauth] in 452ms (541 modules)
 GET /api/auth/providers 200 in 953ms
 GET / 200 in 118ms
 GET /api/auth/session 200 in 69ms
 GET /api/auth/session 200 in 49ms
 ○ Compiling /signup ...
 ✓ Compiled /signup in 881ms (881 modules)
 GET /signup 200 in 1060ms
 GET /login 200 in 1070ms
 GET /api/auth/session 200 in 68ms
 GET /api/auth/session 200 in 45ms
 GET /api/auth/session 200 in 45ms
 GET /api/auth/session 200 in 44ms
 GET /api/auth/session 200 in 54ms
 GET /api/auth/csrf 200 in 68ms
 ✓ Compiled /api/signup in 142ms (597 modules)
 POST /api/signup 200 in 626ms
 GET / 200 in 86ms
 GET /api/auth/signin 302 in 65ms
 GET /login?callbackUrl=https://4b8f6bc33.preview.abacusai.app 200 in 63ms
 GET /api/auth/csrf 200 in 48ms
 POST /api/auth/callback/credentials 302 in 340ms
 ✓ Compiled /middleware in 197ms (174 modules)
 ○ Compiling /dashboard ...
 ✓ Compiled /dashboard in 2.1s (2855 modules)
 GET /dashboard 200 in 2445ms
 GET / 200 in 87ms
 GET /dashboard 200 in 88ms
 GET /api/auth/session 200 in 82ms
 ✓ Compiled /api/realtime in 491ms (1580 modules)
 ✓ Compiled (1583 modules)
 GET /api/auth/session 200 in 904ms
 GET /api/notifications?limit=10 200 in 918ms
 GET /api/realtime 200 in 509ms
 GET /api/realtime 200 in 108ms
 GET /api/notifications?limit=10 200 in 117ms
 GET /api/auth/session 200 in 83ms
 GET /api/notifications?limit=10 200 in 114ms
 GET /api/realtime 200 in 132ms
 GET /api/auth/session 200 in 130ms
 GET /api/notifications?limit=10 200 in 123ms
 GET /api/realtime 200 in 138ms
 GET /api/auth/session 200 in 98ms
 GET /api/realtime 200 in 84ms
 GET /api/auth/session 200 in 62ms
 GET /api/realtime 200 in 80ms
 GET /api/realtime 200 in 69ms
 GET /api/realtime 200 in 72ms
 GET /api/realtime 200 in 77ms
 GET /api/realtime 200 in 404ms
 GET /api/realtime 200 in 82ms
 GET /api/realtime 200 in 73ms
 GET /api/realtime 200 in 82ms
 GET /api/realtime 200 in 75ms
 GET /api/realtime 200 in 63ms
 GET /api/realtime 200 in 69ms
 GET /api/realtime 200 in 63ms
 GET /api/realtime 200 in 79ms
 GET /api/realtime 200 in 64ms
 GET /api/realtime 200 in 76ms
 GET /api/realtime 200 in 70ms
 GET /api/realtime 200 in 68ms
 GET /api/realtime 200 in 70ms
 GET /api/realtime 200 in 68ms
 GET /api/realtime 200 in 70ms
 GET /api/realtime 200 in 67ms
 GET /api/realtime 200 in 73ms
 GET /api/realtime 200 in 70ms
 GET /api/realtime 200 in 74ms
 GET /api/realtime 200 in 73ms
 GET /api/realtime 200 in 66ms
 GET /api/realtime 200 in 69ms
 GET /api/realtime 200 in 63ms
 GET /api/realtime 200 in 66ms
 GET /api/realtime 200 in 70ms
 GET /api/realtime 200 in 64ms
 GET /api/realtime 200 in 62ms
 GET /api/realtime 200 in 62ms
 GET /api/realtime 200 in 62ms
 GET /api/realtime 200 in 65ms
 GET /api/realtime 200 in 68ms
 GET /api/realtime 200 in 122ms
 GET /api/realtime 200 in 63ms
 GET /api/realtime 200 in 63ms
 GET /api/realtime 200 in 63ms
 GET /api/realtime 200 in 63ms
 GET /api/realtime 200 in 63ms
 GET /api/realtime 200 in 98ms
 GET /api/realtime 200 in 63ms
 GET /api/realtime 200 in 113ms
 GET /api/realtime 200 in 143ms
 GET /api/realtime 200 in 66ms
 GET /api/realtime 200 in 64ms
 GET /api/realtime 200 in 61ms
 GET /api/realtime 200 in 69ms
 GET /api/realtime 200 in 66ms
 GET /api/realtime 200 in 6986ms
 ○ Compiling /daily-reports ...
 ✓ Compiled /daily-reports in 3.7s (3426 modules)
prisma:error 
Invalid `_lib_db__WEBPACK_IMPORTED_MODULE_4__.prisma.teamMember.findMany()` invocation in
/home/ubuntu/cortexbuild_pro/nextjs_space/.next/server/app/(dashboard)/rfis/page.js:5555:64

  5552         createdAt: "desc"
  5553     }
  5554 }),
→ 5555 _lib_db__WEBPACK_IMPORTED_MODULE_4__.prisma.teamMember.findMany(
Too many database connections opened: FATAL: too many connections for role "role_ddaacb0a0"
Prisma Accelerate has built-in connection pooling to prevent such errors: https://pris.ly/client/error-accelerate
prisma:error 
Invalid `_lib_db__WEBPACK_IMPORTED_MODULE_4__.prisma.safetyIncident.findMany()` invocation in
/home/ubuntu/cortexbuild_pro/nextjs_space/.next/server/app/(dashboard)/safety/page.js:5712:68

  5709         name: "asc"
  5710     }
  5711 }),
→ 5712 _lib_db__WEBPACK_IMPORTED_MODULE_4__.prisma.safetyIncident.findMany(
Too many database connections opened: FATAL: too many connections for role "role_ddaacb0a0"
Prisma Accelerate has built-in connection pooling to prevent such errors: https://pris.ly/client/error-accelerate
prisma:error 
Invalid `_lib_db__WEBPACK_IMPORTED_MODULE_4__.prisma.teamMember.findMany()` invocation in
/home/ubuntu/cortexbuild_pro/nextjs_space/.next/server/app/(dashboard)/safety/page.js:5742:64

  5739         incidentDate: "desc"
  5740     }
  5741 }),
→ 5742 _lib_db__WEBPACK_IMPORTED_MODULE_4__.prisma.teamMember.findMany(
Too many database connections opened: FATAL: too many connections for role "role_ddaacb0a0"
Prisma Accelerate has built-in connection pooling to prevent such errors: https://pris.ly/client/error-accelerate
prisma:error 
Invalid `_lib_db__WEBPACK_IMPORTED_MODULE_4__.prisma.project.findMany()` invocation in
/home/ubuntu/cortexbuild_pro/nextjs_space/.next/server/app/(dashboard)/inspections/page.js:4476:61

  4473     (0,next_navigation__WEBPACK_IMPORTED_MODULE_2__.redirect)("/login");
  4474 }
  4475 const [projects, inspections] = await Promise.all([
→ 4476     _lib_db__WEBPACK_IMPORTED_MODULE_4__.prisma.project.findMany(
Too many database connections opened: FATAL: too many connections for role "role_ddaacb0a0"
Prisma Accelerate has built-in connection pooling to prevent such errors: https://pris.ly/client/error-accelerate
prisma:error 
Invalid `_lib_db__WEBPACK_IMPORTED_MODULE_4__.prisma.inspection.findMany()` invocation in
/home/ubuntu/cortexbuild_pro/nextjs_space/.next/server/app/(dashboard)/inspections/page.js:4485:64

  4482         name: true
  4483     }
  4484 }),
→ 4485 _lib_db__WEBPACK_IMPORTED_MODULE_4__.prisma.inspection.findMany(
Too many database connections opened: FATAL: too many connections for role "role_ddaacb0a0"
Prisma Accelerate has built-in connection pooling to prevent such errors: https://pris.ly/client/error-accelerate
prisma:error 
Invalid `_lib_db__WEBPACK_IMPORTED_MODULE_4__.prisma.project.findMany()` invocation in
/home/ubuntu/cortexbuild_pro/nextjs_space/.next/server/app/(company)/company/page.js:3254:61

  3251         invitedAt: "desc"
  3252     }
  3253 }),
→ 3254 _lib_db__WEBPACK_IMPORTED_MODULE_4__.prisma.project.findMany(
Too many database connections opened: FATAL: too many connections for role "role_ddaacb0a0"
Prisma Accelerate has built-in connection pooling to prevent such errors: https://pris.ly/client/error-accelerate
prisma:error 
Invalid `_lib_db__WEBPACK_IMPORTED_MODULE_4__.prisma.activityLog.findMany()` invocation in
/home/ubuntu/cortexbuild_pro/nextjs_space/.next/server/app/(company)/company/page.js:3275:65

  3272         updatedAt: "desc"
  3273     }
  3274 }),
→ 3275 _lib_db__WEBPACK_IMPORTED_MODULE_4__.prisma.activityLog.findMany(
Too many database connections opened: FATAL: too many connections for role "role_ddaacb0a0"
Prisma Accelerate has built-in connection pooling to prevent such errors: https://pris.ly/client/error-accelerate
 GET /change-orders 200 in 4668ms
 GET /projects/new 200 in 4675ms
 GET /meetings 200 in 4754ms
 GET /materials 200 in 4748ms
 GET /budget 200 in 4757ms
 GET /documents 200 in 4742ms
 GET /milestones 200 in 4763ms
 GET /settings 200 in 4685ms
 GET /punch-lists 200 in 4687ms
 GET /equipment 200 in 4746ms
 GET /reports 200 in 4732ms
 GET /submittals 200 in 4747ms
 GET /team 200 in 4766ms
 GET /subcontractors 200 in 4769ms
 GET /projects 200 in 4752ms
 GET /daily-reports 200 in 4694ms
 GET /rfis 500 in 4741ms
 GET /tasks 200 in 4741ms
 GET /inspections 500 in 4697ms
 GET /safety 500 in 4741ms
 GET /company 500 in 4743ms
 GET /api/notifications?limit=10 200 in 274ms
 GET /api/auth/session 200 in 440ms
 GET /api/realtime 200 in 329ms
 GET /api/realtime 200 in 529ms
 GET /api/realtime 200 in 501ms
 GET /api/realtime 200 in 503ms
 GET /api/notifications?limit=10 200 in 718ms
 GET /api/realtime 200 in 565ms
 GET /api/realtime 200 in 521ms
 GET /api/realtime 200 in 247ms
 GET /api/realtime 200 in 247ms
 GET /api/auth/session 200 in 613ms
 GET /api/realtime 200 in 499ms
 GET /api/realtime 200 in 633ms
 GET /api/realtime 200 in 463ms
 GET /api/realtime 200 in 515ms
 GET /api/realtime 200 in 418ms
 GET /api/realtime 200 in 419ms
 GET /api/realtime 200 in 260ms
 GET /api/realtime 200 in 437ms
 GET /api/realtime 200 in 437ms
 GET /api/notifications?limit=10 200 in 447ms
 GET /api/realtime 200 in 206ms
 GET /api/realtime 200 in 427ms
 GET /api/realtime 200 in 449ms
 GET /api/realtime 200 in 407ms
 GET /api/realtime 200 in 225ms
 GET /api/auth/session 200 in 429ms
 GET /api/realtime 200 in 218ms
 GET /api/realtime 200 in 488ms
 GET /api/realtime 200 in 425ms
 GET /api/realtime 200 in 334ms
 GET /api/realtime 200 in 334ms
 GET /api/realtime 200 in 361ms
 GET /api/realtime 200 in 367ms
 GET /api/realtime 200 in 371ms
 GET /api/realtime 200 in 371ms
 GET /api/realtime 200 in 368ms
 GET /api/realtime 200 in 348ms
 GET /api/notifications?limit=10 200 in 410ms
 GET /api/realtime 200 in 232ms
 GET /api/realtime 200 in 326ms
 GET /api/realtime 200 in 335ms
 GET /api/realtime 200 in 336ms
 GET /api/realtime 200 in 316ms
 GET /api/realtime 200 in 345ms
 GET /api/realtime 200 in 317ms
 GET /api/realtime 200 in 294ms
 GET /api/realtime 200 in 301ms
 GET /api/realtime 200 in 341ms
 GET /api/auth/session 200 in 345ms
 GET /api/realtime 200 in 276ms
 GET /api/realtime 200 in 306ms
 GET /api/realtime 200 in 274ms
 GET /api/realtime 200 in 286ms
 GET /api/realtime 200 in 290ms
 GET /api/realtime 200 in 284ms
 GET /api/realtime 200 in 330ms
 GET /api/realtime 200 in 286ms
 GET /api/realtime 200 in 286ms
 GET /api/realtime 200 in 319ms
 GET /api/realtime 200 in 294ms
 GET /api/notifications?limit=10 200 in 345ms
 GET /api/realtime 200 in 279ms
 GET /api/realtime 200 in 280ms
 GET /api/realtime 200 in 281ms
 GET /api/realtime 200 in 283ms
 GET /api/realtime 200 in 294ms
 GET /api/realtime 200 in 298ms
 GET /api/auth/session 200 in 300ms
 GET /api/realtime 200 in 256ms
 GET /api/realtime 200 in 253ms
 GET /api/realtime 200 in 294ms
 GET /api/realtime 200 in 256ms
 GET /api/realtime 200 in 261ms
 GET /api/realtime 200 in 263ms
 GET /api/realtime 200 in 258ms
 GET /api/realtime 200 in 262ms
 GET /api/realtime 200 in 263ms
 GET /api/realtime 200 in 286ms
 GET /api/realtime 200 in 295ms
 GET /api/notifications?limit=10 200 in 320ms
 GET /api/realtime 200 in 251ms
 GET /api/realtime 200 in 252ms
 GET /api/realtime 200 in 252ms
 GET /api/realtime 200 in 255ms
 GET /api/realtime 200 in 256ms
 GET /api/realtime 200 in 263ms
 GET /api/realtime 200 in 227ms
 GET /api/realtime 200 in 230ms
 GET /api/realtime 200 in 232ms
 GET /api/realtime 200 in 269ms
 GET /api/realtime 200 in 271ms
 GET /api/auth/session 200 in 317ms
 GET /api/realtime 200 in 295ms
 GET /api/realtime 200 in 313ms
 GET /api/realtime 200 in 314ms
 GET /api/realtime 200 in 314ms
 GET /api/notifications?limit=10 200 in 294ms
 GET /api/realtime 200 in 309ms
 GET /api/realtime 200 in 310ms
 GET /api/realtime 200 in 275ms
 GET /api/realtime 200 in 278ms
 GET /api/realtime 200 in 279ms
 GET /api/realtime 200 in 224ms
 GET /api/realtime 200 in 223ms
 GET /api/realtime 200 in 225ms
 GET /api/realtime 200 in 226ms
 GET /api/realtime 200 in 227ms
 GET /api/realtime 200 in 283ms
 GET /api/realtime 200 in 292ms
 GET /api/realtime 200 in 297ms
 GET /api/auth/session 200 in 195ms
 GET /api/realtime 200 in 205ms
 GET /api/realtime 200 in 161ms
 GET /api/realtime 200 in 163ms
 GET /api/realtime 200 in 164ms
 GET /api/realtime 200 in 159ms
 GET /api/realtime 200 in 165ms
 GET /api/notifications?limit=10 200 in 195ms
 GET /api/realtime 200 in 196ms
 GET /api/realtime 200 in 188ms
 GET /api/realtime 200 in 190ms
 GET /api/realtime 200 in 190ms
 GET /api/realtime 200 in 197ms
 GET /api/realtime 200 in 184ms
 GET /api/realtime 200 in 199ms
 GET /api/realtime 200 in 193ms
 GET /api/realtime 200 in 194ms
 GET /api/realtime 200 in 205ms
 GET /api/realtime 200 in 198ms
 GET /api/realtime 200 in 225ms
 GET /api/auth/session 200 in 250ms
 GET /api/notifications?limit=10 200 in 204ms
 GET /api/realtime 200 in 233ms
 GET /api/realtime 200 in 235ms
 GET /api/realtime 200 in 236ms
 GET /api/realtime 200 in 236ms
 GET /api/realtime 200 in 240ms
 GET /api/realtime 200 in 189ms
 GET /api/realtime 200 in 250ms
 GET /api/realtime 200 in 252ms
 GET /api/realtime 200 in 253ms
 GET /api/realtime 200 in 254ms
 GET /api/realtime 200 in 253ms
 GET /api/realtime 200 in 255ms
 GET /api/realtime 200 in 254ms
 GET /api/realtime 200 in 273ms
 GET /api/realtime 200 in 272ms
 GET /api/realtime 200 in 284ms
 GET /api/realtime 200 in 298ms
 GET /api/auth/session 200 in 215ms
 GET /api/realtime 200 in 242ms
 GET /api/realtime 200 in 243ms
 GET /api/realtime 200 in 242ms
 GET /api/realtime 200 in 289ms
 GET /api/realtime 200 in 258ms
 GET /api/realtime 200 in 247ms
 GET /api/realtime 200 in 247ms
 GET /api/realtime 200 in 262ms
 GET /api/notifications?limit=10 200 in 284ms
 GET /api/realtime 200 in 292ms
 GET /api/realtime 200 in 302ms
 GET /api/realtime 200 in 334ms
 GET /api/realtime 200 in 325ms
 GET /api/realtime 200 in 355ms
 GET /api/realtime 200 in 350ms
 GET /api/realtime 200 in 465ms
 GET /api/realtime 200 in 493ms
 GET /api/realtime 200 in 314ms
 GET /api/realtime 200 in 563ms
 GET /api/auth/session 200 in 327ms
 GET /api/realtime 200 in 276ms
 GET /api/realtime 200 in 4121ms
 GET /api/realtime 200 in 435ms
 GET /api/realtime 200 in 435ms
 GET /api/realtime 200 in 421ms
 GET /api/realtime 200 in 417ms
 GET /api/realtime 200 in 423ms
 GET /api/realtime 200 in 440ms
 GET /api/realtime 200 in 418ms
 GET /api/realtime 200 in 349ms
 GET /api/realtime 200 in 350ms
 GET /api/notifications?limit=10 200 in 385ms
 GET /api/realtime 200 in 350ms
 GET /api/realtime 200 in 356ms
 GET /api/realtime 200 in 246ms
 GET /api/realtime 200 in 312ms
 GET /api/realtime 200 in 241ms
 GET /api/realtime 200 in 330ms
 GET /api/realtime 200 in 4365ms
 GET /api/realtime 200 in 268ms
 GET /api/auth/session 200 in 277ms
 GET /api/realtime 200 in 257ms
 GET /api/realtime 200 in 251ms
 GET /api/realtime 200 in 252ms
 GET /api/realtime 200 in 252ms
 GET /api/realtime 200 in 253ms
 GET /api/realtime 200 in 254ms
 GET /api/realtime 200 in 255ms
 GET /api/realtime 200 in 256ms
 GET /api/realtime 200 in 242ms
 GET /api/realtime 200 in 3452ms
 GET /api/realtime 200 in 3272ms
 GET /api/realtime 200 in 3820ms
 GET /api/realtime 200 in 213ms
 GET /api/realtime 200 in 3288ms
 GET /api/realtime 200 in 288ms
 GET /api/notifications?limit=10 200 in 324ms
 GET /api/realtime 200 in 3482ms
 GET /api/realtime 200 in 96ms
 GET /api/realtime 200 in 320ms
 GET /api/realtime 200 in 207ms
 GET /api/realtime 200 in 207ms
 GET /api/realtime 200 in 206ms
 GET /api/realtime 200 in 211ms
 GET /api/realtime 200 in 210ms
 GET /api/realtime 200 in 208ms
 GET /api/realtime 200 in 254ms
 GET /api/realtime 200 in 255ms
 GET /api/auth/session 200 in 262ms
 GET /api/notifications?limit=10 200 in 234ms
 GET /api/realtime 200 in 284ms
 GET /api/realtime 200 in 220ms
 GET /api/realtime 200 in 190ms
 GET /api/realtime 200 in 192ms
 GET /api/realtime 200 in 192ms
 GET /api/realtime 200 in 194ms
 GET /api/realtime 200 in 194ms
 GET /api/auth/session 200 in 139ms
 GET /api/realtime 200 in 197ms
 GET /api/realtime 200 in 198ms
 GET /api/realtime 200 in 201ms
 GET /api/realtime 200 in 152ms
 GET /api/realtime 200 in 202ms
 GET /api/notifications?limit=10 200 in 200ms
 GET /api/realtime 200 in 195ms
 GET /api/realtime 200 in 197ms
 GET /api/realtime 200 in 199ms
 GET /api/realtime 200 in 220ms
 GET /api/realtime 200 in 259ms
 GET /api/realtime 200 in 290ms
 GET /api/realtime 200 in 307ms
 GET /api/auth/session 200 in 283ms
 GET /api/realtime 200 in 268ms
 GET /api/realtime 200 in 386ms
 GET /api/realtime 200 in 300ms
 GET /api/notifications?limit=10 200 in 477ms
 GET /api/realtime 200 in 472ms
 GET /api/realtime 200 in 657ms
 GET /api/realtime 200 in 384ms
 GET /api/realtime 200 in 458ms
 GET /api/realtime 200 in 492ms
 GET /api/auth/session 200 in 483ms
 GET /api/realtime 200 in 691ms
 GET /api/realtime 200 in 691ms
 GET /api/realtime 200 in 665ms
 GET /api/realtime 200 in 671ms
 GET /api/realtime 200 in 804ms
 GET /api/realtime 200 in 236ms
 GET /api/notifications?limit=10 200 in 241ms
 GET /api/realtime 200 in 172ms
 GET /api/realtime 200 in 6299ms
 GET /api/realtime 200 in 247ms
 GET /api/realtime 200 in 238ms
 GET /api/realtime 200 in 258ms
 GET /api/auth/session 200 in 228ms
 GET /api/realtime 200 in 263ms
 GET /api/realtime 200 in 307ms
 GET /api/realtime 200 in 287ms
 GET /api/notifications?limit=10 200 in 258ms
 GET /api/realtime 200 in 265ms
 GET /api/realtime 200 in 6088ms
 GET /api/realtime 200 in 284ms
 GET /api/realtime 200 in 5277ms
 GET /api/realtime 200 in 121ms
 GET /api/realtime 200 in 280ms
 GET /api/realtime 200 in 214ms
 GET /api/realtime 200 in 214ms
 GET /api/realtime 200 in 225ms
 GET /api/realtime 200 in 245ms
 GET /api/notifications?limit=10 200 in 235ms
 GET /api/auth/session 200 in 306ms
 GET /api/realtime 200 in 236ms
 GET /api/realtime 200 in 6533ms
 GET /api/realtime 200 in 254ms
 GET /api/realtime 200 in 6584ms
 GET /api/realtime 200 in 195ms
 GET /api/realtime 200 in 5274ms
 GET /api/realtime 200 in 6513ms
 GET /api/realtime 200 in 5935ms
 GET /api/realtime 200 in 5249ms
 GET /api/realtime 200 in 244ms
 GET /api/auth/session 200 in 177ms
 GET /api/notifications?limit=10 200 in 186ms
 GET /api/realtime 200 in 90ms
 GET /api/auth/session 200 in 124ms
 GET /api/notifications?limit=10 200 in 132ms
 GET /api/realtime 200 in 127ms
 GET /api/auth/session 200 in 99ms
 GET /api/notifications?limit=10 200 in 96ms
 GET /api/realtime 200 in 80ms
 GET /api/auth/session 200 in 105ms
 GET /api/notifications?limit=10 200 in 124ms
 GET /api/realtime 200 in 113ms
 GET /api/auth/session 200 in 110ms
 GET /api/realtime 200 in 120ms
 GET /api/auth/session 200 in 57ms
 GET /api/realtime 200 in 80ms
 GET /api/realtime 200 in 79ms
 GET /api/realtime 200 in 79ms
 GET /api/realtime 200 in 74ms
 GET /api/realtime 200 in 110ms
 GET /api/realtime 200 in 69ms
 GET /api/realtime 200 in 66ms
 GET /api/realtime 200 in 145ms
 GET /api/realtime 200 in 99ms
 GET /api/realtime 200 in 66ms
 GET /api/realtime 200 in 68ms
 GET /api/realtime 200 in 61ms
 GET /api/realtime 200 in 64ms
 GET /api/realtime 200 in 8650ms
 GET /api/realtime 200 in 57ms
 ○ Compiling /projects/[id] ...
 ✓ Compiled /projects/[id] in 1868ms (3502 modules)
 GET /projects/project-mall-renovation 200 in 2504ms
 GET /projects/project-riverside-homes 200 in 2505ms
 GET /projects/project-downtown-office 200 in 2505ms
 GET /api/notifications?limit=10 200 in 156ms
 GET /api/realtime 200 in 223ms
 GET /api/realtime 200 in 255ms
 GET /api/auth/session 200 in 299ms
 GET /api/realtime 200 in 256ms
 GET /api/notifications?limit=10 200 in 256ms
 GET /api/realtime 200 in 178ms
 GET /api/realtime 200 in 178ms
 GET /api/auth/session 200 in 160ms
 GET /api/realtime 200 in 155ms
 GET /api/notifications?limit=10 200 in 86ms
 GET /api/realtime 200 in 113ms
 GET /api/realtime 200 in 125ms
 GET /api/realtime 200 in 126ms
 GET /api/auth/session 200 in 126ms
 GET /api/notifications?limit=10 200 in 126ms
 GET /api/realtime 200 in 82ms
 GET /api/realtime 200 in 117ms
 GET /api/realtime 200 in 123ms
 GET /api/auth/session 200 in 119ms
 GET /api/notifications?limit=10 200 in 116ms
 GET /api/realtime 200 in 103ms
 GET /api/realtime 200 in 146ms
 GET /api/auth/session 200 in 167ms
 GET /api/notifications?limit=10 200 in 178ms
 GET /api/realtime 200 in 167ms
 GET /api/realtime 200 in 172ms
 GET /api/realtime 200 in 138ms
 GET /api/notifications?limit=10 200 in 116ms
 GET /api/auth/session 200 in 121ms
 GET /api/realtime 200 in 63ms
 GET /api/realtime 200 in 123ms
 GET /api/realtime 200 in 112ms
 GET /api/notifications?limit=10 200 in 147ms
 GET /api/realtime 200 in 144ms
 GET /api/realtime 200 in 180ms
 GET /api/auth/session 200 in 145ms
 GET /api/realtime 200 in 154ms
 GET /api/realtime 200 in 130ms
 GET /api/notifications?limit=10 200 in 148ms
 GET /api/realtime 200 in 180ms
 GET /api/auth/session 200 in 151ms
 GET /api/realtime 200 in 170ms
 GET /api/realtime 200 in 161ms
 GET /api/notifications?limit=10 200 in 150ms
 GET /api/realtime 200 in 166ms
 GET /api/auth/session 200 in 166ms
 GET /api/realtime 200 in 145ms
 GET /api/notifications?limit=10 200 in 135ms
 GET /api/realtime 200 in 185ms
 GET /api/realtime 200 in 137ms
 GET /api/auth/session 200 in 154ms
 GET /api/notifications?limit=10 200 in 110ms
 GET /api/realtime 200 in 152ms
 GET /api/realtime 200 in 120ms
 GET /api/realtime 200 in 132ms
 GET /api/realtime 200 in 117ms
 GET /api/realtime 200 in 107ms
 GET /api/realtime 200 in 111ms
 GET /api/realtime 200 in 98ms
 GET /api/realtime 200 in 129ms
 GET /api/realtime 200 in 112ms
 GET /api/realtime 200 in 85ms
 GET /api/realtime 200 in 80ms
 GET /api/realtime 200 in 93ms
 GET /api/realtime 200 in 77ms
 GET /api/realtime 200 in 69ms
 GET /api/realtime 200 in 74ms
 GET /api/realtime 200 in 78ms
 GET /api/realtime 200 in 84ms
 GET /api/realtime 200 in 81ms
 GET /api/realtime 200 in 78ms
 GET /api/realtime 200 in 98ms
 GET /api/realtime 200 in 109ms
 GET /api/realtime 200 in 73ms
 GET /api/realtime 200 in 86ms
 GET /api/realtime 200 in 114ms
 GET /api/realtime 200 in 107ms
 GET /api/realtime 200 in 71ms
 GET /api/realtime 200 in 81ms
 GET /api/realtime 200 in 101ms
 GET /api/realtime 200 in 107ms
 GET /api/realtime 200 in 86ms
 GET /api/realtime 200 in 99ms
 GET /api/realtime 200 in 96ms
 GET /api/realtime 200 in 100ms
 GET /api/realtime 200 in 90ms
 GET /api/realtime 200 in 98ms
 GET /api/realtime 200 in 89ms
 GET /api/realtime 200 in 91ms
 GET /api/realtime 200 in 78ms
 GET /api/realtime 200 in 92ms
 GET /api/realtime 200 in 97ms
 GET /api/realtime 200 in 99ms
 GET /api/realtime 200 in 85ms
 GET /api/realtime 200 in 85ms
 GET /api/realtime 200 in 79ms
 GET /api/realtime 200 in 89ms
 GET /api/realtime 200 in 93ms
 GET /api/realtime 200 in 92ms
 GET /api/realtime 200 in 91ms
 GET /api/realtime 200 in 85ms
 GET /api/realtime 200 in 85ms
 GET /api/realtime 200 in 97ms
 GET /api/realtime 200 in 104ms
 GET /api/realtime 200 in 89ms
 GET /api/realtime 200 in 91ms
 GET /api/realtime 200 in 97ms
 GET /api/realtime 200 in 97ms
 GET /api/realtime 200 in 85ms
 GET /api/realtime 200 in 87ms
 GET /api/realtime 200 in 90ms
 GET /api/realtime 200 in 90ms
 GET /api/realtime 200 in 91ms
 GET /api/realtime 200 in 88ms
 GET /api/realtime 200 in 89ms
 GET /api/realtime 200 in 86ms
 GET /api/realtime 200 in 97ms
 GET /api/realtime 200 in 82ms
 GET /api/realtime 200 in 96ms
 GET /api/realtime 200 in 88ms
 GET /api/realtime 200 in 95ms
 GET /api/realtime 200 in 87ms
 GET /api/realtime 200 in 96ms
 GET /api/realtime 200 in 88ms
 GET /api/realtime 200 in 108ms
 GET /api/realtime 200 in 95ms
 GET /api/realtime 200 in 105ms
 GET /api/realtime 200 in 113ms
 GET /api/realtime 200 in 97ms
 GET /api/realtime 200 in 69ms
 GET /api/realtime 200 in 91ms
 GET /api/realtime 200 in 91ms
 GET /api/realtime 200 in 90ms
 GET /api/realtime 200 in 80ms
 GET /api/realtime 200 in 107ms
 GET /api/realtime 200 in 105ms
 GET /api/realtime 200 in 87ms
 GET /api/realtime 200 in 87ms
 GET /api/realtime 200 in 87ms
 GET /api/realtime 200 in 88ms
 GET /api/realtime 200 in 85ms
 GET /api/realtime 200 in 104ms
 GET /api/realtime 200 in 96ms
 GET /api/realtime 200 in 86ms
 GET /api/realtime 200 in 88ms
 GET /api/realtime 200 in 88ms
 GET /api/realtime 200 in 96ms
 GET /api/realtime 200 in 93ms
 GET /api/realtime 200 in 92ms
 GET /api/realtime 200 in 83ms
 GET /api/realtime 200 in 85ms
 GET /api/realtime 200 in 94ms
 GET /api/realtime 200 in 98ms
 GET /api/realtime 200 in 90ms
 GET /api/realtime 200 in 106ms
 GET /api/realtime 200 in 95ms
 GET /api/realtime 200 in 155ms
 GET /api/realtime 200 in 214ms
 GET /api/realtime 200 in 244ms
 GET /api/realtime 200 in 165ms
 GET /api/realtime 200 in 74ms
 GET /api/realtime 200 in 96ms
 GET /api/realtime 200 in 131ms
 GET /api/realtime 200 in 106ms
 GET /api/realtime 200 in 71ms
 GET /api/realtime 200 in 81ms
 GET /api/realtime 200 in 109ms
 GET /api/realtime 200 in 106ms
 GET /api/realtime 200 in 87ms
 GET /api/realtime 200 in 73ms
 GET /api/realtime 200 in 6975ms
 GET /api/realtime 200 in 90ms
 GET /api/realtime 200 in 78ms
 GET /api/realtime 200 in 7052ms
 GET /api/realtime 200 in 7030ms
[?25h
