  ▲ Next.js 14.2.28
  - Local:        http://localhost:3000
  - Environments: .env
  - Experiments (use with caution):
    · outputFileTracingRoot

 ✓ Starting...
 ✓ Ready in 1582ms
 ○ Compiling / ...
 ✓ Compiled / in 2.4s (611 modules)
 GET / 200 in 3129ms
 ✓ Compiled in 718ms (297 modules)
 ○ Compiling /api/auth/[...nextauth] ...
 ✓ Compiled /api/auth/[...nextauth] in 521ms (555 modules)
 GET /api/auth/providers 200 in 1041ms
 GET / 200 in 171ms
 GET /api/auth/session 200 in 101ms
 GET /api/auth/session 200 in 78ms
 GET / 200 in 165ms
 ○ Compiling /login ...
 ✓ Compiled /login in 1762ms (912 modules)
 GET /api/auth/session 200 in 1220ms
 GET /login 200 in 2118ms
 GET /signup 200 in 2143ms
 GET / 200 in 1983ms
 GET /api/auth/session 200 in 155ms
 GET / 200 in 203ms
 GET /api/auth/session 200 in 106ms
 GET /api/auth/session 200 in 227ms
 GET /api/auth/session 200 in 143ms
 GET /api/auth/session 200 in 88ms
 GET /api/auth/session 200 in 91ms
 GET /api/auth/session 200 in 206ms
 GET /api/auth/session 200 in 125ms
 GET /api/auth/session 200 in 74ms
 GET /api/auth/session 200 in 98ms
 GET /api/auth/session 200 in 82ms
 GET /api/auth/session 200 in 76ms
 GET /api/auth/session 200 in 97ms
 GET /api/auth/session 200 in 73ms
 GET /api/auth/session 200 in 75ms
 GET /api/auth/session 200 in 91ms
 GET /api/auth/csrf 200 in 93ms
 ✓ Compiled /api/signup in 159ms (619 modules)
 POST /api/signup 200 in 664ms
 GET / 200 in 130ms
 GET /api/auth/signin 302 in 112ms
 GET /login?callbackUrl=https://2aa0dff87.preview.abacusai.app 200 in 97ms
 GET /api/auth/csrf 200 in 86ms
 POST /api/auth/callback/credentials 302 in 393ms
 ✓ Compiled /middleware in 200ms (174 modules)
 ○ Compiling /dashboard ...
 ✓ Compiled /dashboard in 1642ms (1917 modules)
 GET /dashboard 200 in 2004ms
 GET / 200 in 133ms
 GET /dashboard 200 in 133ms
 GET /api/auth/session 200 in 125ms
 ✓ Compiled /api/dashboard/agenda in 352ms (1118 modules)
 ✓ Compiled (1130 modules)
 GET /api/auth/session 200 in 903ms
 GET /api/notifications?limit=10 200 in 955ms
 GET /api/dashboard/agenda 200 in 956ms
 GET /api/realtime 200 in 632ms
 GET /api/auth/session 200 in 241ms
 GET /api/dashboard/agenda 200 in 248ms
 GET /api/notifications?limit=10 200 in 250ms
 GET /api/realtime 200 in 255ms
 GET /api/auth/session 200 in 196ms
 GET /api/notifications?limit=10 200 in 211ms
 GET /api/realtime 200 in 233ms
 GET /api/dashboard/agenda 200 in 239ms
 GET /api/auth/session 200 in 134ms
 GET /api/realtime 200 in 262ms
 GET /api/notifications?limit=10 200 in 275ms
 GET /api/dashboard/agenda 200 in 277ms
 GET /api/auth/session 200 in 205ms
 GET /api/realtime 200 in 184ms
 GET /api/auth/session 200 in 148ms
 GET /api/realtime 200 in 131ms
 GET /api/realtime 200 in 112ms
 GET /api/realtime 200 in 107ms
 GET /api/realtime 200 in 91ms
 GET /api/realtime 200 in 94ms
 GET /api/realtime 200 in 101ms
 GET /api/realtime 200 in 90ms
 GET /api/realtime 200 in 96ms
 GET /api/realtime 200 in 96ms
 GET /api/realtime 200 in 93ms
 GET /api/realtime 200 in 95ms
 GET /api/realtime 200 in 373ms
 GET /api/realtime 200 in 105ms
 GET /api/realtime 200 in 101ms
 GET /api/realtime 200 in 97ms
 GET /api/realtime 200 in 4258ms
 GET /api/realtime 200 in 67ms
 ○ Compiling /tasks ...
 ✓ Compiled /tasks in 3.2s (3566 modules)
 GET /projects/new 200 in 4698ms
 GET /equipment 200 in 4727ms
 GET /settings 200 in 4728ms
 GET /budget 200 in 4745ms
 GET /documents 200 in 4698ms
 GET /reports 200 in 4729ms
 GET /projects 200 in 4731ms
 GET /company 200 in 4731ms
 GET /daily-reports 200 in 4623ms
 GET /team 200 in 4757ms
 GET /rfis 200 in 4636ms
 GET /meetings 200 in 4760ms
 GET /safety 200 in 4637ms
 GET /tasks 200 in 4639ms
 GET /projects/project-mall-renovation 200 in 4940ms
 GET /projects/project-riverside-homes 200 in 4946ms
 GET /projects/project-downtown-office?tab=tasks 200 in 5039ms
 GET /projects/project-downtown-office?tab=daily-reports 200 in 4964ms
 GET /projects/project-downtown-office 200 in 4964ms
 GET /api/notifications?limit=10 200 in 579ms
 GET /api/auth/session 200 in 597ms
 GET /api/realtime 200 in 639ms
 GET /api/realtime 200 in 837ms
 GET /api/realtime 200 in 803ms
 GET /api/realtime 200 in 786ms
 GET /api/realtime 200 in 840ms
 GET /api/notifications?limit=10 200 in 838ms
 ○ Compiling /api/company/stats ...
 GET /api/realtime 200 in 4238ms
 GET /api/auth/session 200 in 3541ms
 GET /api/realtime 200 in 4306ms
 GET /api/realtime 200 in 4288ms
 GET /api/realtime 200 in 4232ms
 GET /api/realtime 200 in 4338ms
 GET /api/realtime 200 in 4058ms
 ✓ Compiled /api/company/stats in 3.6s (1974 modules)
 GET /api/realtime 200 in 4763ms
 GET /api/realtime 200 in 4464ms
 ○ Compiling /submittals ...
 ✓ Compiled /submittals in 2.4s (3652 modules)
 GET /change-orders 200 in 2832ms
 GET /company/usage 200 in 2833ms
 GET /submittals 200 in 2833ms
 GET /company/invitations 200 in 2835ms
 GET /company/settings 307 in 2838ms
 GET /company/team 200 in 2838ms
 GET /dashboard 200 in 300ms
 GET /api/realtime 200 in 214ms
 GET /api/notifications?limit=10 200 in 289ms
 ○ Compiling /api/company/invitations ...
 ✓ Compiled /api/company/invitations in 838ms (2031 modules)
 GET /api/auth/session 200 in 1885ms
 GET /api/realtime 200 in 1883ms
 GET /api/dashboard/agenda 200 in 1954ms
 GET /api/realtime 200 in 2003ms
 GET /api/company/invitations? 200 in 2102ms
 GET /api/notifications?limit=10 200 in 1782ms
 GET /api/realtime 200 in 1810ms
 GET /api/realtime 200 in 414ms
 GET /api/auth/session 200 in 415ms
 GET /api/dashboard/agenda 200 in 435ms
 GET /api/realtime 200 in 413ms
 GET /api/realtime 200 in 415ms
 GET /api/company/invitations? 200 in 405ms
 GET /api/notifications?limit=10 200 in 402ms
 GET /api/realtime 200 in 319ms
 GET /api/dashboard/agenda 200 in 240ms
 GET /api/auth/session 200 in 311ms
 GET /api/company/invitations? 200 in 309ms
 GET /api/realtime 200 in 329ms
 GET /api/realtime 200 in 343ms
 GET /api/notifications?limit=10 200 in 437ms
 GET /api/dashboard/agenda 200 in 370ms
 GET /api/realtime 200 in 502ms
 GET /api/auth/session 200 in 429ms
 GET /api/company/invitations? 200 in 434ms
 GET /api/realtime 200 in 494ms
 GET /api/realtime 200 in 464ms
 GET /api/notifications?limit=10 200 in 415ms
 GET /api/realtime 200 in 275ms
 GET /api/auth/session 200 in 229ms
 GET /api/realtime 200 in 3704ms
 GET /api/auth/session 200 in 115ms
 GET /api/auth/session 200 in 117ms
 GET /api/auth/session 200 in 115ms
 GET /api/realtime 200 in 355ms
 GET /api/realtime 200 in 3834ms
 GET /api/auth/session 200 in 116ms
 GET /api/auth/session 200 in 119ms
 GET /api/realtime 200 in 510ms
 GET /api/auth/session 200 in 339ms
 GET /api/auth/session 200 in 340ms
 GET /api/auth/session 200 in 340ms
 GET /api/auth/session 200 in 342ms
 GET /api/auth/session 200 in 341ms
 GET /api/auth/session 200 in 343ms
 GET /api/auth/session 200 in 344ms
 GET /api/auth/session 200 in 345ms
 GET /api/auth/session 200 in 346ms
 GET /api/auth/session 200 in 345ms
 GET /api/notifications?limit=10 200 in 340ms
 GET /api/realtime 200 in 224ms
 GET /api/auth/session 200 in 237ms
 GET /api/notifications?limit=10 200 in 160ms
 GET /api/realtime 200 in 132ms
 GET /api/realtime 200 in 4442ms
[?25h
