  ▲ Next.js 14.2.28
  - Local:        http://localhost:3000
  - Environments: .env
  - Experiments (use with caution):
    · outputFileTracingRoot

 ✓ Starting...
 ✓ Ready in 1441ms
 ○ Compiling / ...
 ✓ Compiled / in 2.1s (596 modules)
 ✓ Compiled in 584ms (296 modules)
 GET / 200 in 2691ms
 GET / 200 in 81ms
 GET / 200 in 67ms
 GET / 200 in 82ms
 ✓ Compiled /api/auth/[...nextauth] in 399ms (541 modules)
 GET /api/auth/session 200 in 884ms
 GET /api/auth/session 200 in 76ms
 GET / 200 in 100ms
 GET /api/auth/session 200 in 63ms
 GET / 200 in 65ms
 GET /api/auth/session 200 in 65ms
 ○ Compiling /login ...
 ✓ Compiled /login in 621ms (871 modules)
 GET /api/auth/providers 200 in 82ms
 GET /api/auth/csrf 200 in 63ms
 POST /api/auth/callback/credentials 200 in 439ms
 GET /api/auth/session 200 in 65ms
 ✓ Compiled /middleware in 191ms (174 modules)
 ○ Compiling /dashboard ...
 ✓ Compiled /dashboard in 1488ms (2823 modules)
 GET /dashboard?_rsc=iqngu 200 in 106ms
 ✓ Compiled /api/realtime in 245ms (1574 modules)
 ✓ Compiled (1577 modules)
 GET /api/notifications?limit=10 200 in 604ms
 GET /api/realtime 200 in 111ms
 GET /api/notifications?limit=10 200 in 70ms
 GET /api/realtime 200 in 233ms
 GET /api/realtime 200 in 255ms
 GET /api/realtime 200 in 242ms
 GET / 200 in 102ms
 GET /api/realtime 200 in 249ms
 GET /api/realtime 200 in 225ms
 GET /api/realtime 200 in 236ms
 GET /api/realtime 200 in 234ms
 GET /api/realtime 200 in 230ms
 GET /api/realtime 200 in 211ms
 GET /api/realtime 200 in 336ms
 GET /api/realtime 200 in 246ms
 GET /api/realtime 200 in 266ms
 GET /api/realtime 200 in 238ms
 GET /api/realtime 200 in 306ms
 GET /api/realtime 200 in 249ms
 GET /api/realtime 200 in 250ms
 GET /api/realtime 200 in 300ms
 GET /api/realtime 200 in 339ms
 GET /api/realtime 200 in 313ms
 GET /api/realtime 200 in 254ms
 GET /api/realtime 200 in 264ms
 GET /api/realtime 200 in 298ms
 GET /api/realtime 200 in 254ms
 GET /api/realtime 200 in 241ms
 GET /api/realtime 200 in 234ms
 GET /api/realtime 200 in 227ms
 GET /api/realtime 200 in 297ms
 GET /api/realtime 200 in 320ms
 GET /api/realtime 200 in 253ms
 GET /api/realtime 200 in 241ms
 GET /api/realtime 200 in 255ms
 GET /api/realtime 200 in 268ms
 GET /api/realtime 200 in 268ms
 GET /api/realtime 200 in 228ms
 GET /api/realtime 200 in 259ms
 GET /api/realtime 200 in 236ms
 GET /api/realtime 200 in 306ms
 GET /api/realtime 200 in 332ms
 GET /api/realtime 200 in 297ms
 GET /api/realtime 200 in 317ms
 GET /api/realtime 200 in 220ms
 GET /api/realtime 200 in 238ms
 GET /api/realtime 200 in 230ms
 GET / 200 in 67ms
 GET /api/realtime 200 in 238ms
 GET /api/realtime 200 in 257ms
 GET /api/realtime 200 in 232ms
 GET /api/realtime 200 in 334ms
 GET /api/realtime 200 in 232ms
 GET /api/realtime 200 in 226ms
 GET /api/realtime 200 in 426ms
 GET /api/realtime 200 in 263ms
 GET /api/realtime 200 in 240ms
 GET /api/realtime 200 in 217ms
 GET /api/realtime 200 in 224ms
 GET /api/realtime 200 in 248ms
 GET /api/realtime 200 in 239ms
 GET /api/realtime 200 in 225ms
 GET /api/realtime 200 in 242ms
 GET /api/realtime 200 in 241ms
 GET /api/realtime 200 in 306ms
 GET /api/realtime 200 in 227ms
 GET /api/realtime 200 in 245ms
 GET /api/realtime 200 in 246ms
 GET /api/realtime 200 in 301ms
 GET /api/realtime 200 in 236ms
 GET /api/realtime 200 in 302ms
 GET /api/realtime 200 in 232ms
 GET /api/realtime 200 in 300ms
 GET /api/realtime 200 in 232ms
 GET /api/realtime 200 in 276ms
 GET /api/realtime 200 in 223ms
 GET /api/realtime 200 in 234ms
 GET /api/realtime 200 in 294ms
 GET /api/realtime 200 in 324ms
 GET /api/realtime 200 in 273ms
 GET /api/realtime 200 in 246ms
 GET /api/realtime 200 in 311ms
 GET /api/realtime 200 in 292ms
 GET /api/realtime 200 in 328ms
 GET /api/realtime 200 in 220ms
 GET /api/realtime 200 in 274ms
 GET /api/realtime 200 in 243ms
 GET /api/realtime 200 in 257ms
 GET / 200 in 63ms
 GET /api/realtime 200 in 234ms
 GET /api/realtime 200 in 313ms
 GET /api/realtime 200 in 259ms
 GET /api/realtime 200 in 247ms
 GET /api/realtime 200 in 242ms
 GET /api/realtime 200 in 225ms
 GET /api/realtime 200 in 261ms
 GET /api/realtime 200 in 240ms
 GET /api/realtime 200 in 292ms
 GET /api/realtime 200 in 242ms
 GET /api/realtime 200 in 247ms
 GET /api/realtime 200 in 255ms
 GET /api/realtime 200 in 240ms
 GET /api/realtime 200 in 226ms
 GET /api/realtime 200 in 284ms
 GET /api/realtime 200 in 229ms
 GET /api/realtime 200 in 343ms
 GET /api/realtime 200 in 335ms
 GET /api/realtime 200 in 339ms
 GET /api/realtime 200 in 236ms
 GET /api/realtime 200 in 295ms
 GET /api/realtime 200 in 235ms
 GET /api/realtime 200 in 242ms
 GET /api/realtime 200 in 397ms
 GET /api/realtime 200 in 245ms
 GET /api/realtime 200 in 245ms
 GET /api/realtime 200 in 324ms
 GET /api/realtime 200 in 313ms
 GET /api/realtime 200 in 257ms
 GET /api/realtime 200 in 255ms
 GET /api/realtime 200 in 226ms
 GET /api/realtime 200 in 245ms
 GET /api/realtime 200 in 335ms
 GET /api/realtime 200 in 243ms
 GET /api/realtime 200 in 241ms
 GET /api/realtime 200 in 244ms
 GET /api/realtime 200 in 229ms
 GET /api/realtime 200 in 224ms
 GET /api/realtime 200 in 265ms
 GET /api/realtime 200 in 230ms
 GET / 200 in 66ms
 GET /api/realtime 200 in 265ms
 GET /api/realtime 200 in 342ms
 GET /api/realtime 200 in 254ms
 GET /api/realtime 200 in 272ms
 GET /api/realtime 200 in 290ms
 GET /api/realtime 200 in 257ms
 GET /api/realtime 200 in 243ms
 GET /api/realtime 200 in 242ms
 GET /api/realtime 200 in 250ms
 GET /api/realtime 200 in 249ms
 GET /api/realtime 200 in 243ms
 GET /api/realtime 200 in 248ms
 GET /api/realtime 200 in 233ms
 GET /api/realtime 200 in 278ms
 GET /api/realtime 200 in 230ms
 GET /api/realtime 200 in 286ms
 GET /api/realtime 200 in 232ms
 GET /api/realtime 200 in 244ms
 GET /api/realtime 200 in 297ms
 GET /api/realtime 200 in 426ms
 GET /api/realtime 200 in 259ms
 GET /api/realtime 200 in 242ms
 GET /api/realtime 200 in 260ms
 GET /api/realtime 200 in 236ms
 GET /api/realtime 200 in 266ms
 GET /api/realtime 200 in 278ms
 GET /api/realtime 200 in 330ms
 GET /api/realtime 200 in 318ms
 GET /api/realtime 200 in 340ms
 GET /api/realtime 200 in 260ms
 GET /api/realtime 200 in 243ms
 GET /api/realtime 200 in 290ms
 GET /api/realtime 200 in 239ms
prisma:error Error in PostgreSQL connection: Error { kind: Db, cause: Some(DbError { severity: "FATAL", parsed_severity: Some(Fatal), code: SqlState(E57P05), message: "terminating connection due to idle-session timeout", detail: None, hint: None, position: None, where_: None, schema: None, table: None, column: None, datatype: None, constraint: None, file: Some("postgres.c"), line: Some(3472), routine: Some("ProcessInterrupts") }) }
prisma:error Error in PostgreSQL connection: Error { kind: Db, cause: Some(DbError { severity: "FATAL", parsed_severity: Some(Fatal), code: SqlState(E57P05), message: "terminating connection due to idle-session timeout", detail: None, hint: None, position: None, where_: None, schema: None, table: None, column: None, datatype: None, constraint: None, file: Some("postgres.c"), line: Some(3472), routine: Some("ProcessInterrupts") }) }
prisma:error Error in PostgreSQL connection: Error { kind: Db, cause: Some(DbError { severity: "FATAL", parsed_severity: Some(Fatal), code: SqlState(E57P05), message: "terminating connection due to idle-session timeout", detail: None, hint: None, position: None, where_: None, schema: None, table: None, column: None, datatype: None, constraint: None, file: Some("postgres.c"), line: Some(3472), routine: Some("ProcessInterrupts") }) }
 GET /api/realtime 200 in 375ms
 GET /api/realtime 200 in 255ms
 GET /api/realtime 200 in 248ms
prisma:error Error in PostgreSQL connection: Error { kind: Db, cause: Some(DbError { severity: "FATAL", parsed_severity: Some(Fatal), code: SqlState(E57P05), message: "terminating connection due to idle-session timeout", detail: None, hint: None, position: None, where_: None, schema: None, table: None, column: None, datatype: None, constraint: None, file: Some("postgres.c"), line: Some(3472), routine: Some("ProcessInterrupts") }) }
 GET /api/realtime 200 in 247ms
 GET /api/realtime 200 in 277ms
 GET /api/realtime 200 in 262ms
 GET /api/realtime 200 in 263ms
 GET /api/realtime 200 in 368ms
 GET /api/realtime 200 in 247ms
 GET /api/realtime 200 in 299ms
 GET /api/realtime 200 in 258ms
 GET /api/realtime 200 in 273ms
 GET /api/realtime 200 in 229ms
 GET /api/realtime 200 in 246ms
 GET /api/realtime 200 in 312ms
 GET /api/realtime 200 in 341ms
 GET /api/realtime 200 in 251ms
 GET /api/realtime 200 in 275ms
 GET /api/realtime 200 in 247ms
 GET /api/realtime 200 in 307ms
 GET /api/realtime 200 in 236ms
 GET /api/realtime 200 in 235ms
 GET /api/realtime 200 in 313ms
 GET /api/realtime 200 in 257ms
 GET /api/realtime 200 in 252ms
 GET /api/realtime 200 in 243ms
 GET /api/realtime 200 in 241ms
 GET /api/realtime 200 in 340ms
 GET / 200 in 68ms
 GET /api/realtime 200 in 234ms
 GET /api/realtime 200 in 250ms
 GET /api/realtime 200 in 231ms
 GET /api/realtime 200 in 230ms
 GET /api/realtime 200 in 306ms
 GET /api/realtime 200 in 318ms
 GET /api/realtime 200 in 239ms
 GET /api/realtime 200 in 283ms
 GET /api/realtime 200 in 232ms
 GET /api/realtime 200 in 268ms
 GET /api/realtime 200 in 226ms
 GET /api/realtime 200 in 240ms
 GET /api/realtime 200 in 323ms
 GET /api/realtime 200 in 260ms
 GET /api/realtime 200 in 273ms
 GET /api/realtime 200 in 239ms
 GET /api/realtime 200 in 242ms
 GET /api/realtime 200 in 292ms
 GET /api/realtime 200 in 259ms
 GET /api/realtime 200 in 262ms
 GET /api/realtime 200 in 235ms
 GET /api/realtime 200 in 249ms
 GET /api/realtime 200 in 222ms
 GET /api/realtime 200 in 246ms
 GET /api/realtime 200 in 224ms
 GET /api/realtime 200 in 280ms
 GET /api/realtime 200 in 251ms
 GET / 200 in 62ms
 GET /api/realtime 200 in 240ms
 GET /api/auth/session 200 in 73ms
 GET /api/realtime 200 in 242ms
 GET /api/realtime 200 in 356ms
 GET /api/realtime 200 in 224ms
 GET /api/realtime 200 in 244ms
 GET /api/realtime 200 in 311ms
 GET /api/realtime 200 in 247ms
 GET /api/realtime 200 in 303ms
 GET /api/realtime 200 in 250ms
 GET /api/realtime 200 in 316ms
 GET /api/realtime 200 in 256ms
 GET /api/realtime 200 in 233ms
 GET /api/realtime 200 in 253ms
 GET /api/realtime 200 in 232ms
 GET /api/realtime 200 in 263ms
 GET /api/realtime 200 in 223ms
 GET /api/realtime 200 in 256ms
 GET /api/realtime 200 in 260ms
 GET /api/realtime 200 in 357ms
 GET /api/realtime 200 in 227ms
 GET /api/realtime 200 in 241ms
 GET /api/realtime 200 in 322ms
 GET /api/realtime 200 in 337ms
 GET /api/realtime 200 in 118ms
 GET /api/realtime 200 in 177739ms
 ✓ Compiled in 813ms (1287 modules)
 ✓ Compiled in 920ms (1449 modules)
 ✓ Compiled in 704ms (1449 modules)
 ✓ Compiled in 864ms (1449 modules)
 ✓ Compiled in 704ms (1449 modules)
 ✓ Compiled in 810ms (1449 modules)
 ✓ Compiled in 863ms (1449 modules)
 ✓ Compiled in 641ms (1287 modules)
 ✓ Compiled in 610ms (1292 modules)
[?25h
