  ▲ Next.js 14.2.28
  - Local:        http://localhost:3000
  - Environments: .env
  - Experiments (use with caution):
    · outputFileTracingRoot

 ✓ Starting...
 ✓ Ready in 2.1s
 ○ Compiling /api/realtime ...
 ✓ Compiled /api/realtime in 558ms (272 modules)
 GET /api/realtime 200 in 202ms
 GET /api/realtime 200 in 30198ms
 GET /api/realtime 200 in 30196ms
 GET /api/realtime 200 in 30202ms
 GET /api/realtime 200 in 30202ms
 GET /api/realtime 200 in 30203ms
 GET /api/realtime 200 in 30192ms
 GET /api/realtime 200 in 30204ms
 GET /api/realtime 200 in 30196ms
 GET /api/realtime 200 in 30202ms
 GET /api/realtime 200 in 30196ms
 GET /api/realtime 200 in 30190ms
 GET /api/realtime 200 in 30214ms
 GET /api/realtime 200 in 30221ms
 GET /api/realtime 200 in 30202ms
 GET /api/realtime 200 in 30200ms
 GET /api/realtime 200 in 30196ms
 GET /api/realtime 200 in 30196ms
 GET /api/realtime 200 in 30191ms
 GET /api/realtime 200 in 30206ms
 GET /api/realtime 200 in 30194ms
 GET /api/realtime 200 in 30199ms
 GET /api/realtime 200 in 30194ms
 GET /api/realtime 200 in 30202ms
 GET /api/realtime 200 in 30204ms
 GET /api/realtime 200 in 30198ms
 GET /api/realtime 200 in 30196ms
 GET /api/realtime 200 in 30197ms
 GET /api/realtime 200 in 30211ms
 GET /api/realtime 200 in 30200ms
 GET /api/realtime 200 in 30205ms
 GET /api/realtime 200 in 30204ms
 GET /api/realtime 200 in 30191ms
 GET /api/realtime 200 in 30202ms
 GET /api/realtime 200 in 30212ms
 GET /api/realtime 200 in 30202ms
 GET /api/realtime 200 in 30202ms
 GET /api/realtime 200 in 30193ms
 GET /api/realtime 200 in 30208ms
 GET /api/realtime 200 in 30217ms
 GET /api/realtime 200 in 30209ms
 GET /api/realtime 200 in 30199ms
 GET /api/realtime 200 in 30229ms
 ✓ Compiled in 202ms (272 modules)
 GET /api/realtime 200 in 30196ms
 GET /api/realtime 200 in 30193ms
 GET /api/realtime 200 in 30210ms
 GET /api/realtime 200 in 30194ms
 GET /api/realtime 200 in 30206ms
 GET /api/realtime 200 in 30212ms
 GET /api/realtime 200 in 30210ms
 GET /api/realtime 200 in 30201ms
 GET /api/realtime 200 in 30185ms
 GET /api/realtime 200 in 30190ms
 GET /api/realtime 200 in 30211ms
 GET /api/realtime 200 in 30195ms
 GET /api/realtime 200 in 30186ms
 GET /api/realtime 200 in 30215ms
 GET /api/realtime 200 in 30215ms
 GET /api/realtime 200 in 30200ms
 GET /api/realtime 200 in 30204ms
 GET /api/realtime 200 in 30198ms
 GET /api/realtime 200 in 30196ms
 GET /api/realtime 200 in 30203ms
 GET /api/realtime 200 in 30198ms
 GET /api/realtime 200 in 30196ms
 GET /api/realtime 200 in 30211ms
 GET /api/realtime 200 in 30188ms
 GET /api/realtime 200 in 30186ms
 GET /api/realtime 200 in 30204ms
 GET /api/realtime 200 in 30200ms
 GET /api/realtime 200 in 30195ms
 GET /api/realtime 200 in 30207ms
 GET /api/realtime 200 in 30223ms
 GET /api/realtime 200 in 30200ms
 GET /api/realtime 200 in 30208ms
 GET /api/realtime 200 in 30222ms
 GET /api/realtime 200 in 30211ms
 GET /api/realtime 200 in 30186ms
 GET /api/realtime 200 in 30193ms
 GET /api/realtime 200 in 30194ms
 GET /api/realtime 200 in 30192ms
 GET /api/realtime 200 in 30213ms
 GET /api/realtime 200 in 30200ms
 GET /api/realtime 200 in 30185ms
 GET /api/realtime 200 in 30186ms
 GET /api/realtime 200 in 30210ms
 GET /api/realtime 200 in 30201ms
 GET /api/realtime 200 in 30190ms
 GET /api/realtime 200 in 30204ms
 GET /api/realtime 200 in 30212ms
 GET /api/realtime 200 in 30217ms
 GET /api/realtime 200 in 30237ms
 GET /api/realtime 200 in 30218ms
 GET /api/realtime 200 in 30207ms
 GET /api/realtime 200 in 30206ms
 GET /api/realtime 200 in 30222ms
 GET /api/realtime 200 in 30212ms
 GET /api/realtime 200 in 30238ms
 GET /api/realtime 200 in 30205ms
 GET /api/realtime 200 in 30234ms
 GET /api/realtime 200 in 30217ms
 GET /api/realtime 200 in 30223ms
 GET /api/realtime 200 in 30231ms
 GET /api/realtime 200 in 30250ms
 GET /api/realtime 200 in 30216ms
 GET /api/realtime 200 in 30234ms
 GET /api/realtime 200 in 30212ms
 GET /api/realtime 200 in 30196ms
 GET /api/realtime 200 in 30200ms
 GET /api/realtime 200 in 30239ms
 GET /api/realtime 200 in 30204ms
 GET /api/realtime 200 in 30202ms
 GET /api/realtime 200 in 30231ms
 GET /api/realtime 200 in 30251ms
 GET /api/realtime 200 in 30220ms
 GET /api/realtime 200 in 30215ms
 GET /api/realtime 200 in 30193ms
 GET /api/realtime 200 in 30209ms
 GET /api/realtime 200 in 30205ms
 GET /api/realtime 200 in 30216ms
 GET /api/realtime 200 in 30254ms
 GET /api/realtime 200 in 30220ms
 GET /api/realtime 200 in 30200ms
 GET /api/realtime 200 in 30211ms
 GET /api/realtime 200 in 30215ms
 GET /api/realtime 200 in 30215ms
 GET /api/realtime 200 in 30224ms
 GET /api/realtime 200 in 30214ms
 GET /api/realtime 200 in 30228ms
 GET /api/realtime 200 in 30216ms
 GET /api/realtime 200 in 30229ms
 GET /api/realtime 200 in 30216ms
 GET /api/realtime 200 in 30209ms
 GET /api/realtime 200 in 30221ms
 GET /api/realtime 200 in 30223ms
 GET /api/realtime 200 in 30235ms
 GET /api/realtime 200 in 30216ms
 GET /api/realtime 200 in 30211ms
 GET /api/realtime 200 in 30220ms
 GET /api/realtime 200 in 30211ms
 GET /api/realtime 200 in 30220ms
 GET /api/realtime 200 in 30226ms
 GET /api/realtime 200 in 30216ms
 GET /api/realtime 200 in 30242ms
 GET /api/realtime 200 in 30247ms
 GET /api/realtime 200 in 30215ms
 GET /api/realtime 200 in 30204ms
 GET /api/realtime 200 in 30234ms
 GET /api/realtime 200 in 30227ms
 GET /api/realtime 200 in 30210ms
 GET /api/realtime 200 in 30207ms
 GET /api/realtime 200 in 30226ms
 GET /api/realtime 200 in 30203ms
 GET /api/realtime 200 in 30246ms
 GET /api/realtime 200 in 30225ms
 GET /api/realtime 200 in 30205ms
 GET /api/realtime 200 in 30212ms
 GET /api/realtime 200 in 30227ms
 GET /api/realtime 200 in 30207ms
 GET /api/realtime 200 in 30218ms
 GET /api/realtime 200 in 30240ms
 GET /api/realtime 200 in 29284ms
 GET /api/realtime 200 in 30202ms
 GET /api/realtime 200 in 30215ms
 GET /api/realtime 200 in 30232ms
 GET /api/realtime 200 in 30221ms
 GET /api/realtime 200 in 30225ms
 GET /api/realtime 200 in 30196ms
 GET /api/realtime 200 in 30221ms
 GET /api/realtime 200 in 30219ms
 GET /api/realtime 200 in 30230ms
 GET /api/realtime 200 in 30208ms
 GET /api/realtime 200 in 30226ms
 GET /api/realtime 200 in 30225ms
 GET /api/realtime 200 in 30210ms
 GET /api/realtime 200 in 30197ms
 GET /api/realtime 200 in 30213ms
 GET /api/realtime 200 in 30241ms
 GET /api/realtime 200 in 30220ms
 GET /api/realtime 200 in 30194ms
 GET /api/realtime 200 in 30196ms
 GET /api/realtime 200 in 30224ms
 GET /api/realtime 200 in 30210ms
 GET /api/realtime 200 in 30236ms
 GET /api/realtime 200 in 30217ms
 GET /api/realtime 200 in 30206ms
 GET /api/realtime 200 in 30197ms
 GET /api/realtime 200 in 30199ms
 GET /api/realtime 200 in 30196ms
 GET /api/realtime 200 in 30230ms
 GET /api/realtime 200 in 30219ms
 GET /api/realtime 200 in 30222ms
 GET /api/realtime 200 in 30228ms
 GET /api/realtime 200 in 30210ms
 GET /api/realtime 200 in 30194ms
 GET /api/realtime 200 in 30238ms
 GET /api/realtime 200 in 30215ms
 GET /api/realtime 200 in 30209ms
 GET /api/realtime 200 in 30210ms
 GET /api/realtime 200 in 30197ms
 GET /api/realtime 200 in 30210ms
 GET /api/realtime 200 in 30204ms
 GET /api/realtime 200 in 30235ms
 ○ Compiling / ...
 GET /api/realtime 200 in 30870ms
 GET /api/realtime 200 in 30408ms
 ✓ Compiled / in 2.3s (838 modules)
 GET /api/realtime 200 in 30380ms
 ○ Compiling /_error ...
 ✓ Compiled /_error in 989ms (1053 modules)
 GET /api/realtime 200 in 30309ms
 GET / 500 in 3465ms
 GET /api/realtime 500 in 3320ms
 GET / 200 in 181ms
 GET /api/realtime 200 in 30243ms
 GET / 200 in 66ms
 GET /api/realtime 200 in 30267ms
 GET /api/realtime 200 in 30209ms
 GET /api/realtime 200 in 30214ms
 ✓ Compiled /api/auth/[...nextauth] in 315ms (585 modules)
 GET /api/realtime 200 in 30212ms
 GET /api/auth/session 200 in 816ms
 GET /api/auth/session 200 in 65ms
 GET /api/realtime 200 in 30210ms
 GET / 200 in 97ms
 GET /api/realtime 200 in 232ms
 GET / 200 in 59ms
 GET /api/realtime 200 in 30393ms
 GET /api/realtime 200 in 30208ms
 GET /api/auth/session 200 in 60ms
 GET /api/realtime 200 in 30205ms
 GET /api/auth/session 200 in 52ms
 GET /api/realtime 200 in 30200ms
 GET /api/realtime 200 in 30206ms
 GET /api/realtime 200 in 30216ms
 GET /api/realtime 200 in 30221ms
 GET /api/realtime 200 in 30214ms
 GET /api/realtime 200 in 30232ms
 GET /api/realtime 200 in 30204ms
 GET /api/realtime 200 in 30213ms
 GET /api/realtime 200 in 30224ms
 GET /api/realtime 200 in 30199ms
 GET /api/realtime 200 in 30215ms
 GET /api/realtime 200 in 30199ms
 GET /api/realtime 200 in 30216ms
 GET /api/realtime 200 in 30207ms
 GET /api/realtime 200 in 30205ms
 GET /api/realtime 200 in 30209ms
 GET /api/realtime 200 in 30218ms
 GET /api/realtime 200 in 30204ms
 GET /api/realtime 200 in 30212ms
 GET /api/realtime 200 in 30222ms
 GET /api/realtime 200 in 30220ms
 GET /api/realtime 200 in 30214ms
 GET /api/realtime 200 in 30210ms
 GET /api/realtime 200 in 30209ms
 GET /api/realtime 200 in 30227ms
 GET /api/realtime 200 in 30281ms
 GET / 200 in 66ms
 GET /api/realtime 200 in 30218ms
 GET /api/realtime 200 in 30271ms
 GET /api/realtime 200 in 30223ms
 GET /api/realtime 200 in 30473ms
 GET /api/realtime 200 in 30223ms
 GET /api/realtime 200 in 30206ms
 GET /api/realtime 200 in 30224ms
 GET /api/realtime 200 in 30242ms
 GET /api/realtime 200 in 30208ms
 GET /api/realtime 200 in 30216ms
 GET /api/realtime 200 in 30206ms
 GET /api/realtime 200 in 30203ms
 GET /api/realtime 200 in 30224ms
 GET /api/realtime 200 in 30206ms
 GET /api/realtime 200 in 30208ms
 GET /api/realtime 200 in 30204ms
 GET /api/realtime 200 in 30225ms
 GET /api/realtime 200 in 30215ms
 GET /api/realtime 200 in 30220ms
 GET /api/realtime 200 in 30228ms
 GET /api/realtime 200 in 30230ms
 GET /api/realtime 200 in 30227ms
 GET /api/realtime 200 in 30224ms
 GET /api/realtime 200 in 30242ms
 GET /api/realtime 200 in 30201ms
 GET /api/realtime 200 in 30216ms
 GET /api/realtime 200 in 30232ms
 GET /api/realtime 200 in 30239ms
 GET /api/realtime 200 in 30218ms
 GET /api/realtime 200 in 30207ms
 GET /api/realtime 200 in 30218ms
 GET /api/realtime 200 in 30204ms
 GET /api/realtime 200 in 30231ms
 GET /api/realtime 200 in 30231ms
 GET /api/realtime 200 in 30242ms
 GET /api/realtime 200 in 30202ms
 GET /api/realtime 200 in 30219ms
 GET /api/realtime 200 in 30222ms
 GET /api/realtime 200 in 30222ms
 GET /api/realtime 200 in 30241ms
 GET /api/realtime 200 in 30213ms
 GET /api/realtime 200 in 30378ms
 GET /api/realtime 200 in 30204ms
 GET /api/realtime 200 in 30214ms
 GET /api/realtime 200 in 30218ms
 GET /api/realtime 200 in 30213ms
 GET /api/realtime 200 in 30216ms
 GET /api/realtime 200 in 30214ms
 GET /api/realtime 200 in 30197ms
 GET /api/realtime 200 in 30214ms
 GET /api/realtime 200 in 30196ms
 GET /api/realtime 200 in 30218ms
 GET /api/realtime 200 in 30205ms
 GET /api/realtime 200 in 30208ms
 GET /api/realtime 200 in 30204ms
 GET /api/realtime 200 in 30206ms
 GET /api/realtime 200 in 30226ms
 GET /api/realtime 200 in 30225ms
 GET /api/realtime 200 in 9877ms
 GET /api/realtime 200 in 30219ms
 GET /api/realtime 200 in 30227ms
 GET /api/realtime 200 in 30241ms
 GET /api/realtime 200 in 30216ms
 GET /api/realtime 200 in 30226ms
 GET /api/realtime 200 in 30202ms
 GET /api/realtime 200 in 30235ms
 GET /api/realtime 200 in 30215ms
 GET /api/realtime 200 in 30220ms
 GET /api/realtime 200 in 30222ms
 GET /api/realtime 200 in 30222ms
 GET /api/realtime 200 in 30209ms
 GET /api/realtime 200 in 30195ms
 ○ Compiling /_not-found ...
 ✓ Compiled /_not-found in 511ms (1054 modules)
 GET /api/realtime 404 in 642ms
 GET /api/realtime 200 in 30247ms
 GET /api/realtime 200 in 30197ms
 ✓ Compiled /_error in 200ms (1056 modules)
 GET /api/realtime 404 in 264ms
 GET /api/realtime 200 in 30231ms
 GET /api/realtime 200 in 30209ms
 GET /api/realtime 200 in 30209ms
 GET /api/realtime 200 in 30220ms
 GET /api/realtime 200 in 30200ms
 GET /api/realtime 200 in 30226ms
 GET /api/realtime 200 in 208ms
 GET /api/realtime 200 in 30237ms
 GET /api/realtime 200 in 191ms
 GET /api/realtime 200 in 30264ms
 GET /api/realtime 200 in 30246ms
 GET /api/realtime 200 in 30207ms
 GET /api/realtime 200 in 30212ms
 GET /api/realtime 200 in 30222ms
 GET /api/realtime 200 in 30230ms
 GET /api/realtime 200 in 30208ms
 GET /api/realtime 200 in 30243ms
 GET /api/realtime 200 in 30228ms
 GET /api/realtime 200 in 30201ms
 GET /api/realtime 200 in 30203ms
 GET /api/realtime 200 in 30218ms
 GET /api/realtime 200 in 30219ms
 GET /api/realtime 200 in 30222ms
 GET /api/realtime 200 in 30202ms
 GET /api/realtime 200 in 30216ms
 GET /api/realtime 200 in 30214ms
 GET /api/realtime 200 in 30200ms
 GET /api/realtime 200 in 30204ms
 GET /api/realtime 200 in 30217ms
 GET /api/realtime 200 in 30207ms
 GET /api/realtime 200 in 30224ms
 GET /api/realtime 404 in 269ms
 GET /api/realtime 200 in 30217ms
 GET /api/realtime 404 in 255ms
 GET /api/realtime 200 in 30199ms
 GET /api/realtime 200 in 30225ms
 GET /api/realtime 200 in 30207ms
 GET /api/realtime 200 in 30217ms
 GET /api/realtime 200 in 30221ms
 GET /api/realtime 200 in 30196ms
 GET /api/realtime 404 in 263ms
 GET /api/realtime 404 in 259ms
 GET /api/realtime 200 in 30239ms
 GET /api/realtime 200 in 30226ms
 GET /api/realtime 200 in 30226ms
 GET /api/realtime 200 in 30210ms
 GET /api/realtime 200 in 30212ms
 GET /api/realtime 200 in 30211ms
 GET /api/realtime 404 in 260ms
 GET /api/realtime 404 in 255ms
 GET /api/realtime 200 in 30208ms
 GET /api/realtime 200 in 30212ms
 GET /api/realtime 200 in 30209ms
 GET /api/realtime 200 in 30215ms
 GET /api/realtime 200 in 30227ms
 GET /api/realtime 200 in 30208ms
 GET /api/realtime 404 in 252ms
 GET /api/realtime 200 in 30189ms
 GET /api/realtime 404 in 255ms
 GET /api/realtime 200 in 30235ms
 GET /api/realtime 200 in 30205ms
 GET /api/realtime 200 in 30223ms
 GET /api/realtime 200 in 30221ms
 GET /api/realtime 200 in 30237ms
 GET /api/realtime 200 in 30220ms
 GET /api/realtime 404 in 263ms
 GET /api/realtime 200 in 30200ms
 GET /api/realtime 404 in 256ms
 GET /api/realtime 200 in 30201ms
 GET /api/realtime 200 in 30217ms
 GET /api/realtime 200 in 30209ms
 GET /api/realtime 200 in 30212ms
 GET /api/realtime 200 in 30217ms
 GET /api/realtime 200 in 30216ms
 GET /api/realtime 404 in 263ms
 GET /api/realtime 200 in 30212ms
 GET /api/realtime 200 in 30294ms
 GET /api/realtime 500 in 946ms
 GET /api/realtime 200 in 30212ms
 GET /api/realtime 404 in 260ms
 GET /api/realtime 404 in 255ms
 GET /api/realtime 404 in 255ms
 GET /api/realtime 404 in 252ms
 GET /api/realtime 404 in 257ms
 GET /api/realtime 404 in 256ms
 GET /api/realtime 200 in 30225ms
 GET /api/realtime 200 in 30212ms
 GET /api/realtime 200 in 30213ms
 GET /api/realtime 200 in 30197ms
 GET /api/realtime 200 in 30199ms
 GET /api/realtime 200 in 30210ms
 GET /api/realtime 200 in 30228ms
 GET /api/realtime 200 in 30212ms
 GET /api/realtime 200 in 30196ms
 GET /api/realtime 200 in 30188ms
 GET /api/realtime 200 in 30200ms
 GET /api/realtime 200 in 30224ms
 GET /api/realtime 200 in 30219ms
 GET /api/realtime 200 in 30220ms
 GET /api/realtime 200 in 30206ms
 GET /api/realtime 200 in 30212ms
 GET /api/realtime 200 in 30201ms
 GET /api/realtime 200 in 30210ms
 GET /api/realtime 200 in 30212ms
 GET /api/realtime 200 in 30214ms
 GET /api/realtime 200 in 30235ms
 GET /api/realtime 200 in 30234ms
 GET /api/realtime 200 in 30224ms
 GET /api/realtime 200 in 30206ms
 GET /api/realtime 200 in 30199ms
 GET /api/realtime 200 in 30200ms
 GET /api/realtime 200 in 30204ms
 GET /api/realtime 200 in 30212ms
 GET /api/realtime 200 in 30249ms
 GET /api/realtime 200 in 30215ms
 GET /api/realtime 200 in 30219ms
 GET /api/realtime 200 in 30202ms
 GET /api/realtime 200 in 30194ms
 GET /api/realtime 200 in 30193ms
 GET /api/realtime 200 in 30213ms
 GET /api/realtime 200 in 30236ms
 GET /api/realtime 200 in 30223ms
 GET /api/realtime 200 in 30221ms
 GET /api/realtime 200 in 30245ms
 GET /api/realtime 200 in 30207ms
 GET /api/realtime 200 in 30202ms
 GET /api/realtime 200 in 30214ms
 GET /api/realtime 200 in 30218ms
 GET /api/realtime 200 in 30218ms
 GET /api/realtime 200 in 30222ms
 GET /api/realtime 200 in 30217ms
 GET /api/realtime 200 in 30224ms
 GET /api/realtime 200 in 30210ms
 GET /api/realtime 200 in 30213ms
 GET /api/realtime 200 in 30213ms
 GET /api/realtime 200 in 30211ms
 GET /api/realtime 200 in 30225ms
 GET /api/realtime 200 in 30211ms
 GET /api/realtime 200 in 30224ms
 GET /api/realtime 200 in 30217ms
 GET /api/realtime 200 in 30218ms
 GET /api/realtime 200 in 30217ms
 GET /api/realtime 200 in 30202ms
 GET /api/realtime 200 in 30238ms
 GET /api/realtime 200 in 30230ms
 GET /api/realtime 200 in 30205ms
 GET /api/realtime 200 in 30224ms
 GET /api/realtime 200 in 30190ms
 GET /api/realtime 200 in 30222ms
 GET /api/realtime 200 in 30214ms
 GET /api/realtime 200 in 30211ms
 GET /api/realtime 200 in 30199ms
 GET /api/realtime 200 in 30219ms
 GET /api/realtime 200 in 30218ms
 GET /api/realtime 200 in 30192ms
 GET /api/realtime 200 in 30208ms
 GET /api/realtime 200 in 30214ms
 GET /api/realtime 200 in 30209ms
 GET /api/realtime 200 in 30228ms
 GET /api/realtime 200 in 30233ms
 GET /api/realtime 200 in 30225ms
 GET /api/realtime 200 in 30221ms
 GET /api/realtime 200 in 30234ms
 GET /api/realtime 200 in 30212ms
 GET /api/realtime 200 in 30212ms
 GET /api/realtime 200 in 30211ms
 GET /api/realtime 404 in 255ms
 GET /api/realtime 200 in 30212ms
 GET /api/realtime 404 in 254ms
 GET /api/realtime 200 in 30225ms
 GET /api/realtime 200 in 30234ms
 GET /api/realtime 200 in 30216ms
 GET /api/realtime 200 in 30205ms
 GET /api/realtime 200 in 30208ms
 GET /api/realtime 200 in 30205ms
 GET /api/realtime 404 in 251ms
 GET /api/realtime 200 in 30199ms
 GET /api/realtime 404 in 244ms
 GET /api/realtime 200 in 30202ms
 GET /api/realtime 200 in 30219ms
 GET /api/realtime 200 in 30224ms
 GET /api/realtime 200 in 30214ms
 GET /api/realtime 200 in 30191ms
 GET /api/realtime 200 in 30218ms
 GET /api/realtime 200 in 30233ms
 GET /api/realtime 404 in 266ms
 GET /api/realtime 200 in 30216ms
 GET /api/realtime 200 in 30209ms
 GET /api/realtime 200 in 30231ms
 GET /api/realtime 200 in 30215ms
 GET /api/realtime 200 in 30203ms
 GET /api/realtime 200 in 30236ms
 GET /api/realtime 200 in 30213ms
 GET /api/realtime 404 in 252ms
 GET /api/realtime 200 in 30227ms
 GET /api/realtime 200 in 30226ms
 GET /api/realtime 200 in 30213ms
 GET /api/realtime 200 in 30202ms
 GET /api/realtime 200 in 30242ms
 GET /api/realtime 200 in 30203ms
 GET /api/realtime 200 in 30216ms
 GET /api/realtime 404 in 253ms
 GET /api/realtime 200 in 30206ms
 GET /api/realtime 200 in 30197ms
 GET /api/realtime 200 in 30223ms
 GET /api/realtime 200 in 30230ms
 GET /api/realtime 200 in 30218ms
 GET /api/realtime 200 in 30201ms
 GET /api/realtime 200 in 30210ms
 GET /api/realtime 404 in 253ms
 GET /api/realtime 200 in 30223ms
 GET /api/realtime 200 in 30212ms
 GET /api/realtime 404 in 252ms
 GET /api/realtime 404 in 252ms
 GET /api/realtime 404 in 265ms
 GET /api/realtime 404 in 250ms
 GET /api/realtime 404 in 251ms
 GET /api/realtime 404 in 250ms
 GET /api/realtime 404 in 250ms
 GET /api/realtime 404 in 251ms
 GET /api/realtime 404 in 252ms
 GET /api/realtime 404 in 252ms
 GET /api/realtime 404 in 257ms
 GET /api/realtime 404 in 263ms
 GET /api/realtime 404 in 254ms
 GET /api/realtime 404 in 269ms
 GET /api/realtime 404 in 253ms
 GET /api/realtime 404 in 250ms
 GET /api/realtime 404 in 251ms
 GET /api/realtime 404 in 250ms
 GET /api/realtime 404 in 251ms
 GET /api/realtime 404 in 255ms
 GET /api/realtime 404 in 250ms
 GET /api/realtime 404 in 253ms
 GET /api/realtime 404 in 250ms
 GET /api/realtime 404 in 250ms
 GET /api/realtime 404 in 272ms
 GET /api/realtime 404 in 254ms
 GET /api/realtime 404 in 252ms
 GET /api/realtime 404 in 253ms
 GET /api/realtime 404 in 258ms
 GET /api/realtime 404 in 258ms
 GET /api/realtime 404 in 259ms
 GET /api/realtime 404 in 258ms
 GET /api/realtime 200 in 30225ms
 GET /api/realtime 200 in 30232ms
 GET /api/realtime 200 in 30216ms
 GET /api/realtime 200 in 30218ms
 GET /api/realtime 200 in 30206ms
 GET /api/realtime 200 in 30226ms
 GET /api/realtime 200 in 30224ms
 GET /api/realtime 200 in 30220ms
 GET /api/realtime 200 in 30209ms
 GET /api/realtime 200 in 30234ms
 GET /api/realtime 200 in 30219ms
 GET /api/realtime 200 in 30219ms
 GET /api/realtime 200 in 30212ms
 GET /api/realtime 200 in 30241ms
 GET /api/realtime 200 in 30225ms
 GET /api/realtime 200 in 30208ms
 GET /api/realtime 200 in 30217ms
 GET /api/realtime 200 in 30218ms
 GET /api/realtime 200 in 30212ms
 GET /api/realtime 200 in 30219ms
 GET /api/realtime 200 in 30210ms
 GET /api/realtime 200 in 30223ms
 GET /api/realtime 200 in 30241ms
 GET /api/realtime 200 in 30206ms
 GET /api/realtime 200 in 30237ms
 GET /api/realtime 200 in 30213ms
 GET /api/realtime 200 in 30206ms
 GET /api/realtime 200 in 30202ms
 GET /api/realtime 200 in 30238ms
 GET /api/realtime 200 in 30225ms
 GET /api/realtime 200 in 30227ms
 GET /api/realtime 200 in 30214ms
 GET /api/realtime 200 in 30237ms
 GET /api/realtime 200 in 30244ms
 GET /api/realtime 200 in 30235ms
 GET /api/realtime 200 in 30193ms
 GET /api/realtime 200 in 30234ms
 GET /api/realtime 200 in 30205ms
 GET /api/realtime 200 in 30231ms
 GET /api/realtime 200 in 30227ms
 GET /api/realtime 200 in 30206ms
 GET /api/realtime 200 in 30189ms
 GET /api/realtime 200 in 30214ms
 GET /api/realtime 200 in 30212ms
 GET /api/realtime 200 in 30199ms
 GET /api/realtime 200 in 30191ms
 GET /api/realtime 200 in 11085ms
 GET /api/realtime 200 in 30236ms
 GET /api/realtime 200 in 30212ms
 GET /api/realtime 200 in 30213ms
 GET /api/realtime 200 in 30213ms
 GET /api/realtime 200 in 30232ms
 GET /api/realtime 200 in 30208ms
 GET /api/realtime 200 in 30223ms
 GET /api/realtime 200 in 30217ms
 GET /api/realtime 200 in 30216ms
 GET /api/realtime 200 in 30203ms
 GET /api/realtime 200 in 30212ms
 GET /api/realtime 200 in 30194ms
 GET /api/realtime 200 in 30211ms
 GET /api/realtime 200 in 30227ms
 GET /api/realtime 200 in 30207ms
 GET /api/realtime 200 in 30210ms
 GET /api/realtime 200 in 30214ms
 GET /api/realtime 200 in 30196ms
 GET /api/realtime 200 in 30211ms
 GET /api/realtime 200 in 30233ms
 GET /api/realtime 200 in 30209ms
 GET /api/realtime 200 in 30216ms
 GET /api/realtime 200 in 30218ms
 GET /api/realtime 200 in 30200ms
 GET /api/realtime 200 in 30199ms
 GET /api/realtime 200 in 30246ms
 GET /api/realtime 200 in 30211ms
 GET /api/realtime 200 in 30226ms
 GET /api/realtime 200 in 30221ms
 GET /api/realtime 200 in 30221ms
 GET /api/realtime 200 in 30206ms
 GET /api/realtime 200 in 30213ms
 GET /api/realtime 200 in 30206ms
 GET /api/realtime 200 in 30237ms
 GET /api/realtime 200 in 30228ms
 GET /api/realtime 200 in 30230ms
 GET /api/realtime 200 in 30223ms
 GET /api/realtime 200 in 30212ms
 GET /api/realtime 200 in 30223ms
 GET /api/realtime 200 in 30228ms
 GET /api/realtime 200 in 30210ms
 GET /api/realtime 200 in 30233ms
 GET /api/realtime 200 in 30223ms
 GET /api/realtime 200 in 30206ms
 GET /api/realtime 200 in 30220ms
 GET /api/realtime 200 in 30225ms
 GET /api/realtime 200 in 30203ms
 GET /api/realtime 404 in 266ms
 GET /api/realtime 200 in 30208ms
 GET /api/realtime 404 in 254ms
 GET /api/realtime 200 in 30226ms
 GET /api/realtime 200 in 30222ms
 GET /api/realtime 200 in 30218ms
 GET /api/realtime 200 in 30212ms
 GET /api/realtime 200 in 30229ms
 GET /api/realtime 200 in 30219ms
 GET /api/realtime 404 in 254ms
 GET /api/realtime 404 in 255ms
 GET /api/realtime 200 in 30217ms
 GET /api/realtime 200 in 30218ms
 GET /api/realtime 200 in 30207ms
 GET /api/realtime 200 in 30225ms
 GET /api/realtime 200 in 30195ms
 GET /api/realtime 200 in 30202ms
 GET /api/realtime 200 in 30226ms
 GET /api/realtime 200 in 30227ms
 GET /api/realtime 404 in 251ms
 GET /api/realtime 200 in 30227ms
 GET /api/realtime 200 in 30214ms
 GET /api/realtime 200 in 30206ms
 GET /api/realtime 200 in 30196ms
 GET /api/realtime 200 in 30219ms
 GET /api/realtime 200 in 30225ms
 GET /api/realtime 404 in 256ms
 GET /api/realtime 200 in 30242ms
 GET /api/realtime 200 in 30210ms
 GET /api/realtime 200 in 30199ms
 GET /api/realtime 200 in 30228ms
 GET /api/realtime 200 in 30215ms
 GET /api/realtime 200 in 30200ms
 GET /api/realtime 200 in 30204ms
 GET /api/realtime 200 in 30213ms
 GET /api/realtime 404 in 267ms
 GET /api/realtime 200 in 30198ms
 GET /api/realtime 200 in 30193ms
 GET /api/realtime 200 in 30221ms
 GET /api/realtime 200 in 30233ms
 GET /api/realtime 200 in 30193ms
 GET /api/realtime 200 in 30206ms
 GET /api/realtime 200 in 30212ms
 GET /api/realtime 404 in 270ms
 GET /api/realtime 200 in 30245ms
 GET /api/realtime 200 in 30217ms
 GET /api/realtime 404 in 253ms
 GET /api/realtime 404 in 262ms
 GET /api/realtime 404 in 263ms
 GET /api/realtime 404 in 253ms
 GET /api/realtime 404 in 253ms
 GET /api/realtime 404 in 259ms
 GET /api/realtime 404 in 255ms
 GET /api/realtime 404 in 256ms
 GET /api/realtime 404 in 262ms
 GET /api/realtime 200 in 30270ms
 GET /api/realtime 200 in 30214ms
 GET /api/realtime 200 in 30213ms
 GET /api/realtime 200 in 30214ms
 GET /api/realtime 200 in 30217ms
 GET /api/realtime 200 in 30227ms
 GET /api/realtime 200 in 30190ms
 GET /api/realtime 200 in 30241ms
 GET /api/realtime 200 in 30204ms
 GET /api/realtime 200 in 30223ms
 GET /api/realtime 200 in 30232ms
 GET /api/realtime 200 in 30223ms
 GET /api/realtime 200 in 30236ms
 GET /api/realtime 200 in 30219ms
 GET /api/realtime 200 in 30216ms
 GET /api/realtime 200 in 30196ms
 GET /api/realtime 200 in 30218ms
 GET /api/realtime 200 in 30199ms
 GET /api/realtime 200 in 30197ms
 GET /api/realtime 200 in 30206ms
 GET /api/realtime 200 in 30199ms
 GET /api/realtime 200 in 30221ms
 GET /api/realtime 200 in 30193ms
 GET /api/realtime 200 in 30238ms
 GET /api/realtime 200 in 30207ms
 GET /api/realtime 200 in 30211ms
 GET /api/realtime 200 in 30207ms
 GET /api/realtime 200 in 30215ms
 GET /api/realtime 200 in 30221ms
 GET /api/realtime 200 in 30211ms
 GET /api/realtime 200 in 30216ms
 GET /api/realtime 200 in 30208ms
 GET /api/realtime 200 in 30207ms
 GET /api/realtime 200 in 30219ms
 GET /api/realtime 200 in 30209ms
 GET /api/realtime 200 in 30213ms
 GET /api/realtime 200 in 30232ms
 GET /api/realtime 200 in 30240ms
 GET /api/realtime 200 in 30208ms
 GET /api/realtime 200 in 30209ms
 GET /api/realtime 200 in 30206ms
 GET /api/realtime 200 in 30229ms
 GET /api/realtime 200 in 30209ms
 GET /api/realtime 200 in 30200ms
 GET /api/realtime 200 in 30227ms
 GET /api/realtime 200 in 4363ms
 GET /api/realtime 200 in 30222ms
 GET /api/realtime 200 in 30224ms
 GET /api/realtime 200 in 30206ms
 GET /api/realtime 200 in 30213ms
 GET /api/realtime 200 in 30202ms
 GET /api/realtime 200 in 30218ms
 GET /api/realtime 200 in 30198ms
 GET /api/realtime 200 in 30221ms
 GET /api/realtime 200 in 30213ms
 GET /api/realtime 200 in 30245ms
 GET /api/realtime 200 in 30217ms
 GET /api/realtime 200 in 30218ms
 GET /api/realtime 200 in 30211ms
 GET /api/realtime 200 in 30216ms
 GET /api/realtime 200 in 30223ms
 GET /api/realtime 200 in 30207ms
 GET /api/realtime 200 in 30219ms
 GET /api/realtime 200 in 30208ms
 GET /api/realtime 200 in 30236ms
 GET /api/realtime 200 in 30222ms
 GET /api/realtime 200 in 30193ms
 GET /api/realtime 200 in 30243ms
 GET /api/realtime 200 in 30222ms
 GET /api/realtime 200 in 30230ms
 GET /api/realtime 200 in 30196ms
 GET /api/realtime 200 in 30213ms
 GET /api/realtime 200 in 30203ms
 GET /api/realtime 200 in 30210ms
 GET /api/realtime 200 in 30200ms
 GET /api/realtime 200 in 30221ms
 GET /api/realtime 200 in 30225ms
 GET /api/realtime 200 in 30215ms
 GET /api/realtime 200 in 30220ms
 GET /api/realtime 200 in 30211ms
 GET /api/realtime 200 in 30218ms
 GET /api/realtime 200 in 30210ms
 GET /api/realtime 200 in 30221ms
 GET /api/realtime 200 in 30225ms
 GET /api/realtime 200 in 30221ms
 GET /api/realtime 404 in 256ms
 GET /api/realtime 200 in 30214ms
 GET /api/realtime 404 in 251ms
 GET /api/realtime 200 in 30216ms
 GET /api/realtime 200 in 30211ms
 GET /api/realtime 200 in 30234ms
 GET /api/realtime 200 in 30211ms
 GET /api/realtime 200 in 30229ms
 GET /api/realtime 200 in 30209ms
 GET /api/realtime 404 in 263ms
 GET /api/realtime 200 in 30210ms
 GET /api/realtime 404 in 255ms
 GET /api/realtime 200 in 30216ms
 GET /api/realtime 200 in 30213ms
 GET /api/realtime 200 in 30226ms
 GET /api/realtime 200 in 30234ms
 GET /api/realtime 200 in 30210ms
 GET /api/realtime 200 in 30241ms
 GET /api/realtime 200 in 30217ms
 GET /api/realtime 404 in 256ms
 GET /api/realtime 200 in 30225ms
 GET /api/realtime 200 in 30206ms
 GET /api/realtime 200 in 30194ms
 GET /api/realtime 200 in 30235ms
 GET /api/realtime 200 in 30228ms
 GET /api/realtime 200 in 30237ms
 GET /api/realtime 200 in 30233ms
 GET /api/realtime 404 in 264ms
 GET /api/realtime 200 in 30211ms
 GET /api/realtime 200 in 30200ms
 GET /api/realtime 200 in 30224ms
 GET /api/realtime 200 in 30218ms
 GET /api/realtime 200 in 30214ms
 GET /api/realtime 200 in 30202ms
 GET /api/realtime 200 in 30210ms
 GET /api/realtime 404 in 252ms
 GET /api/realtime 200 in 30244ms
 GET /api/realtime 200 in 30227ms
 GET /api/realtime 200 in 30213ms
 GET /api/realtime 200 in 30203ms
 GET /api/realtime 200 in 30231ms
 GET /api/realtime 200 in 30201ms
 GET /api/realtime 200 in 30223ms
 GET /api/realtime 404 in 258ms
 GET /api/realtime 200 in 30210ms
 GET /api/realtime 200 in 30222ms
 GET /api/realtime 404 in 260ms
 GET /api/realtime 404 in 259ms
 GET /api/realtime 404 in 253ms
 GET /api/realtime 404 in 256ms
 GET /api/realtime 404 in 251ms
 GET /api/realtime 404 in 252ms
 GET /api/realtime 404 in 257ms
 GET /api/realtime 404 in 256ms
 GET /api/realtime 404 in 251ms
 GET /api/realtime 404 in 253ms
 GET /api/realtime 404 in 262ms
 GET /api/realtime 404 in 259ms
 GET /api/realtime 404 in 255ms
 GET /api/realtime 404 in 255ms
 GET /api/realtime 404 in 253ms
 GET /api/realtime 404 in 252ms
 GET /api/realtime 404 in 253ms
 GET /api/realtime 404 in 253ms
 GET /api/realtime 404 in 252ms
 GET /api/realtime 404 in 254ms
 GET /api/realtime 404 in 256ms
 GET /api/realtime 404 in 253ms
 GET /api/realtime 404 in 260ms
 GET /api/realtime 404 in 258ms
 GET /api/realtime 404 in 253ms
 GET /api/realtime 404 in 252ms
 GET /api/realtime 404 in 250ms
 GET /api/realtime 404 in 250ms
 GET /api/realtime 404 in 250ms
 GET /api/realtime 404 in 253ms
 GET /api/realtime 404 in 249ms
 GET /api/realtime 404 in 251ms
 GET /api/realtime 404 in 252ms
 GET /api/realtime 404 in 258ms
 GET /api/realtime 404 in 251ms
 GET /api/realtime 404 in 255ms
 GET /api/realtime 404 in 253ms
 GET /api/realtime 404 in 251ms
 GET /api/realtime 404 in 253ms
 GET /api/realtime 404 in 250ms
 GET /api/realtime 404 in 253ms
 GET /api/realtime 404 in 253ms
 GET /api/realtime 404 in 249ms
 GET /api/realtime 404 in 250ms
 GET /api/realtime 404 in 255ms
 GET /api/realtime 404 in 255ms
 GET /api/realtime 404 in 258ms
 GET /api/realtime 404 in 252ms
 GET /api/realtime 404 in 250ms
 GET /api/realtime 404 in 251ms
 GET /api/realtime 404 in 251ms
 GET /api/realtime 404 in 253ms
 GET /api/realtime 404 in 250ms
 GET /api/realtime 404 in 251ms
 GET /api/realtime 404 in 259ms
 GET /api/realtime 404 in 250ms
 GET /api/realtime 404 in 252ms
 GET /api/realtime 404 in 251ms
 GET /api/realtime 404 in 250ms
 GET /api/realtime 404 in 251ms
 GET /api/realtime 404 in 257ms
 GET /api/realtime 404 in 252ms
 GET /api/realtime 404 in 251ms
 GET /api/realtime 404 in 250ms
 GET /api/realtime 404 in 259ms
 GET /api/realtime 404 in 251ms
 GET /api/realtime 404 in 252ms
 GET /api/realtime 404 in 250ms
 GET /api/realtime 404 in 259ms
 GET /api/realtime 404 in 252ms
 GET /api/realtime 404 in 251ms
 GET /api/realtime 404 in 270ms
 GET /api/realtime 404 in 251ms
 GET /api/realtime 404 in 254ms
 GET /api/realtime 404 in 252ms
 GET /api/realtime 404 in 253ms
 GET /api/realtime 404 in 321ms
 GET /api/realtime 404 in 259ms
 GET /api/realtime 404 in 255ms
 GET /api/realtime 200 in 30209ms
 GET /api/realtime 200 in 30314ms
 GET /api/realtime 200 in 30217ms
 GET /api/realtime 200 in 30213ms
 GET /api/realtime 200 in 30232ms
 GET /api/realtime 200 in 30210ms
 GET /api/realtime 200 in 30226ms
 GET /api/realtime 200 in 30224ms
 GET /api/realtime 200 in 30209ms
 GET /api/realtime 200 in 30196ms
 GET /api/realtime 200 in 30241ms
 GET /api/realtime 200 in 30201ms
 GET /api/realtime 200 in 30198ms
 GET /api/realtime 200 in 30205ms
 GET /api/realtime 200 in 30204ms
 GET /api/realtime 200 in 30242ms
 GET /api/realtime 200 in 30231ms
 GET /api/realtime 200 in 30217ms
 GET /api/realtime 200 in 30213ms
 GET /api/realtime 200 in 30218ms
 GET /api/realtime 200 in 30225ms
 GET /api/realtime 200 in 30198ms
 GET /api/realtime 200 in 30222ms
 GET /api/realtime 200 in 30218ms
 GET /api/realtime 200 in 30204ms
 GET /api/realtime 200 in 30214ms
 GET /api/realtime 200 in 30211ms
 GET /api/realtime 200 in 30215ms
 GET /api/realtime 200 in 30207ms
 GET /api/realtime 200 in 30214ms
 GET /api/realtime 200 in 30230ms
 GET /api/realtime 200 in 30220ms
 GET /api/realtime 200 in 30230ms
 GET /api/realtime 200 in 30231ms
 GET /api/realtime 200 in 30203ms
 GET /api/realtime 200 in 30227ms
 GET /api/realtime 200 in 30233ms
 GET /api/realtime 200 in 30210ms
 GET /api/realtime 200 in 30198ms
 GET /api/realtime 200 in 30197ms
 GET /api/realtime 200 in 30229ms
 GET /api/realtime 200 in 30209ms
 GET /api/realtime 200 in 30207ms
 GET /api/realtime 200 in 30199ms
 GET /api/realtime 200 in 30206ms
 GET /api/realtime 200 in 30236ms
 GET /api/realtime 200 in 30218ms
 GET /api/realtime 200 in 30233ms
 GET /api/realtime 200 in 30224ms
 GET /api/realtime 200 in 30210ms
 GET /api/realtime 200 in 30216ms
 GET /api/realtime 200 in 30220ms
 GET /api/realtime 200 in 30222ms
 GET /api/realtime 200 in 30251ms
 GET /api/realtime 200 in 30203ms
 GET /api/realtime 200 in 30225ms
 GET /api/realtime 200 in 30227ms
 GET /api/realtime 200 in 30234ms
 GET /api/realtime 200 in 30226ms
 GET /api/realtime 200 in 30221ms
 GET /api/realtime 200 in 30240ms
 GET /api/realtime 200 in 30205ms
 GET /api/realtime 200 in 30206ms
 GET /api/realtime 200 in 30219ms
 GET /api/realtime 200 in 30206ms
 GET /api/realtime 200 in 30214ms
 GET /api/realtime 200 in 30190ms
 GET /api/realtime 200 in 30196ms
 GET /api/realtime 200 in 30206ms
 GET /api/realtime 200 in 30206ms
 GET /api/realtime 200 in 30200ms
 GET /api/realtime 200 in 30194ms
 GET /api/realtime 200 in 30210ms
 GET /api/realtime 200 in 30215ms
 GET /api/realtime 200 in 30244ms
 GET /api/realtime 200 in 30226ms
 GET /api/realtime 200 in 30203ms
 GET /api/realtime 200 in 30209ms
 GET /api/realtime 200 in 30217ms
 GET /api/realtime 200 in 30202ms
 GET /api/realtime 200 in 30212ms
 GET /api/realtime 200 in 30217ms
 GET /api/realtime 200 in 30222ms
 GET /api/realtime 200 in 30200ms
 GET /api/realtime 200 in 30214ms
 GET /api/realtime 200 in 30224ms
 GET /api/realtime 200 in 30194ms
 GET /api/realtime 200 in 30216ms
 GET /api/realtime 200 in 30208ms
 GET /api/realtime 200 in 30211ms
 GET /api/realtime 200 in 30202ms
 GET /api/realtime 200 in 30201ms
 GET /api/realtime 200 in 30187ms
 GET /api/realtime 200 in 30227ms
 GET /api/realtime 200 in 30202ms
 GET /api/realtime 200 in 30207ms
 GET /api/realtime 200 in 30213ms
 GET /api/realtime 200 in 30226ms
 GET /api/realtime 200 in 30216ms
 GET /api/realtime 200 in 30204ms
 GET /api/realtime 200 in 30229ms
 GET /api/realtime 200 in 30209ms
 GET /api/realtime 200 in 30213ms
 GET /api/realtime 200 in 30209ms
 GET /api/realtime 200 in 30215ms
 GET /api/realtime 200 in 30215ms
 GET /api/realtime 200 in 30212ms
 GET /api/realtime 200 in 30218ms
 GET /api/realtime 200 in 30209ms
 GET /api/realtime 200 in 30208ms
 GET /api/realtime 200 in 30215ms
 GET /api/realtime 200 in 30197ms
 GET /api/realtime 200 in 30225ms
 GET /api/realtime 200 in 30207ms
 GET /api/realtime 200 in 30225ms
 GET /api/realtime 200 in 30235ms
 GET /api/realtime 200 in 30200ms
 GET /api/realtime 200 in 30216ms
 GET /api/realtime 200 in 30238ms
 GET /api/realtime 200 in 30196ms
 GET /api/realtime 200 in 30207ms
 GET /api/realtime 200 in 30234ms
 GET /api/realtime 200 in 30228ms
 GET /api/realtime 200 in 30214ms
 GET /api/realtime 200 in 30206ms
 GET /api/realtime 200 in 30226ms
 GET /api/realtime 200 in 30217ms
 GET /api/realtime 200 in 30233ms
 GET /api/realtime 404 in 258ms
 GET /api/realtime 404 in 253ms
 GET /api/realtime 200 in 30215ms
 GET /api/realtime 200 in 30223ms
 GET /api/realtime 200 in 30220ms
 GET /api/realtime 200 in 30197ms
 GET /api/realtime 200 in 30215ms
 GET /api/realtime 200 in 30210ms
 GET /api/realtime 200 in 30209ms
 GET /api/realtime 404 in 256ms
 GET /api/realtime 200 in 30227ms
 GET /api/realtime 404 in 256ms
 GET /api/realtime 200 in 30223ms
 GET /api/realtime 200 in 30214ms
 GET /api/realtime 200 in 30232ms
 GET /api/realtime 200 in 30222ms
 GET /api/realtime 200 in 30223ms
 GET /api/realtime 200 in 30222ms
 GET /api/realtime 200 in 30202ms
 GET /api/realtime 404 in 253ms
 GET /api/realtime 200 in 30236ms
 GET /api/realtime 200 in 30234ms
 GET /api/realtime 200 in 30205ms
 GET /api/realtime 200 in 30215ms
 GET /api/realtime 200 in 30218ms
 GET /api/realtime 200 in 30227ms
 GET /api/realtime 200 in 30199ms
 GET /api/realtime 404 in 254ms
 GET /api/realtime 200 in 30197ms
 GET /api/realtime 200 in 30220ms
 GET /api/realtime 200 in 30229ms
 GET /api/realtime 200 in 30207ms
 GET /api/realtime 200 in 30240ms
 GET /api/realtime 200 in 30226ms
 GET /api/realtime 200 in 30221ms
 GET /api/realtime 404 in 254ms
 GET /api/realtime 200 in 30215ms
 GET /api/realtime 200 in 30204ms
 GET /api/realtime 200 in 30223ms
 GET /api/realtime 200 in 30206ms
 GET /api/realtime 200 in 30204ms
 GET /api/realtime 200 in 30206ms
 GET /api/realtime 200 in 30202ms
 GET /api/realtime 200 in 30200ms
 GET /api/realtime 404 in 252ms
 GET /api/realtime 200 in 30201ms
 GET /api/realtime 200 in 30222ms
 GET /api/realtime 404 in 252ms
 GET /api/realtime 404 in 250ms
 GET /api/realtime 404 in 251ms
 GET /api/realtime 404 in 253ms
 GET /api/realtime 404 in 272ms
 GET /api/realtime 404 in 257ms
 GET /api/realtime 404 in 256ms
 GET /api/realtime 200 in 30205ms
 GET /api/realtime 200 in 30209ms
 GET /api/realtime 200 in 30237ms
 GET /api/realtime 200 in 30203ms
 GET /api/realtime 200 in 30213ms
 GET /api/realtime 200 in 30207ms
 GET /api/realtime 200 in 30220ms
 GET /api/realtime 200 in 30198ms
 GET /api/realtime 200 in 30201ms
 GET /api/realtime 200 in 30203ms
 GET /api/realtime 200 in 30202ms
 GET /api/realtime 200 in 30219ms
 GET /api/realtime 200 in 30201ms
 GET /api/realtime 200 in 30212ms
 GET /api/realtime 200 in 30234ms
 GET /api/realtime 200 in 30208ms
 GET /api/realtime 200 in 30220ms
 GET /api/realtime 200 in 30196ms
 GET /api/realtime 200 in 30208ms
 GET /api/realtime 200 in 30197ms
 GET /api/realtime 200 in 30213ms
 GET /api/realtime 200 in 30200ms
 GET /api/realtime 200 in 30201ms
 GET /api/realtime 200 in 30215ms
 GET /api/realtime 200 in 30214ms
 GET /api/realtime 200 in 30198ms
 GET /api/realtime 200 in 30204ms
 GET /api/realtime 200 in 30215ms
 GET /api/realtime 200 in 30207ms
 GET /api/realtime 200 in 30245ms
 GET /api/realtime 200 in 30212ms
 GET /api/realtime 200 in 30212ms
 GET /api/realtime 200 in 30222ms
 GET /api/realtime 200 in 30240ms
 GET /api/realtime 200 in 30229ms
 GET /api/realtime 200 in 30200ms
 GET /api/realtime 200 in 30213ms
 GET /api/realtime 200 in 30199ms
 GET /api/realtime 200 in 30207ms
 GET /api/realtime 200 in 30210ms
 GET /api/realtime 200 in 30230ms
 GET /api/realtime 200 in 30210ms
 GET /api/realtime 200 in 30219ms
 GET /api/realtime 200 in 30213ms
 GET /api/realtime 200 in 30205ms
 GET /api/realtime 200 in 30196ms
 GET /api/realtime 200 in 30209ms
 GET /api/realtime 200 in 30204ms
 GET /api/realtime 200 in 30203ms
 GET /api/realtime 200 in 30223ms
 GET /api/realtime 200 in 30204ms
 GET /api/realtime 200 in 30204ms
 GET /api/realtime 200 in 30217ms
 GET /api/realtime 200 in 30237ms
 GET /api/realtime 200 in 30221ms
 GET /api/realtime 200 in 30220ms
 GET /api/realtime 200 in 30203ms
 GET /api/realtime 200 in 30211ms
 GET /api/realtime 200 in 30221ms
 GET /api/realtime 200 in 30209ms
 GET /api/realtime 200 in 30200ms
 GET /api/realtime 200 in 30235ms
 GET /api/realtime 200 in 30207ms
 GET /api/realtime 200 in 30220ms
 GET /api/realtime 200 in 30233ms
 GET /api/realtime 200 in 30219ms
