  ▲ Next.js 14.2.28
  - Local:        http://localhost:3000
  - Environments: .env
  - Experiments (use with caution):
    · outputFileTracingRoot

 ✓ Starting...
 ✓ Ready in 1439ms
 ○ Compiling / ...
 ✓ Compiled / in 2.9s (596 modules)
 GET / 200 in 3482ms
 ✓ Compiled in 578ms (296 modules)
 GET / 200 in 73ms
 ○ Compiling /api/auth/[...nextauth] ...
 ✓ Compiled /api/auth/[...nextauth] in 510ms (541 modules)
 GET /api/auth/session 200 in 1013ms
 GET /api/auth/session 200 in 67ms
 GET / 200 in 105ms
 GET / 200 in 60ms
 GET / 200 in 66ms
 GET / 200 in 59ms
 GET / 200 in 64ms
 GET / 200 in 63ms
 GET / 200 in 70ms
 GET / 200 in 57ms
 ○ Compiling /login ...
 ✓ Compiled /login in 838ms (630 modules)
 ✓ Compiled /api/auth/[...nextauth] in 146ms (565 modules)
 GET /api/auth/providers 200 in 304ms
 GET /api/auth/csrf 200 in 72ms
 POST /api/auth/callback/credentials 200 in 440ms
 GET /api/auth/session 200 in 71ms
 ✓ Compiled /middleware in 231ms (174 modules)
 ○ Compiling /dashboard ...
 ✓ Compiled /dashboard in 2.4s (2823 modules)
 GET /dashboard?_rsc=iqngu 200 in 95ms
 ✓ Compiled /api/notifications in 435ms (1551 modules)
 ✓ Compiled (1577 modules)
 GET /api/notifications?limit=10 200 in 853ms
 GET /api/realtime 200 in 1044ms
 GET /api/notifications?limit=10 200 in 70ms
 GET /api/realtime 200 in 277ms
 GET /api/realtime 200 in 285ms
 GET /api/realtime 200 in 245ms
 GET /api/realtime 200 in 231ms
 GET /api/realtime 200 in 321ms
 GET /api/realtime 200 in 303ms
 GET /api/realtime 200 in 247ms
 GET /api/realtime 200 in 235ms
 GET /api/realtime 200 in 301ms
 GET /api/realtime 200 in 317ms
 GET /api/realtime 200 in 299ms
 GET /api/realtime 200 in 294ms
 GET /api/realtime 200 in 315ms
 GET /api/realtime 200 in 222ms
 GET /api/realtime 200 in 237ms
 GET /api/realtime 200 in 232ms
 GET /api/realtime 200 in 218ms
 GET /api/realtime 200 in 225ms
 GET /api/realtime 200 in 236ms
 GET /api/realtime 200 in 224ms
 GET /api/realtime 200 in 220ms
 GET / 200 in 108ms
 GET /api/realtime 200 in 311ms
 GET /api/realtime 200 in 253ms
 GET /api/realtime 200 in 255ms
 GET /api/realtime 200 in 229ms
 GET /api/realtime 200 in 249ms
 GET /api/realtime 200 in 238ms
 GET /api/realtime 200 in 252ms
 GET /api/realtime 200 in 238ms
 GET /api/realtime 200 in 232ms
 GET /api/realtime 200 in 23163ms
[?25h
