 ⨯ SyntaxError: Unexpected end of JSON input
    at JSON.parse (<anonymous>)
    at loadManifest (/opt/hostedapp/node/root/app/node_modules/next/dist/server/load-manifest.js:36:25)
    at DevServer.getNextFontManifest (/opt/hostedapp/node/root/app/node_modules/next/dist/server/next-server.js:750:47)
    at DevServer.findPageComponents (/opt/hostedapp/node/root/app/node_modules/next/dist/server/dev/next-dev-server.js:571:43)
    at async DevServer.renderPageComponent (/opt/hostedapp/node/root/app/node_modules/next/dist/server/base-server.js:1910:24)
    at async DevServer.renderToResponseImpl (/opt/hostedapp/node/root/app/node_modules/next/dist/server/base-server.js:1962:32)
    at async DevServer.pipeImpl (/opt/hostedapp/node/root/app/node_modules/next/dist/server/base-server.js:922:25)
    at async NextNodeServer.handleCatchallRenderRequest (/opt/hostedapp/node/root/app/node_modules/next/dist/server/next-server.js:272:17)
    at async DevServer.handleRequestImpl (/opt/hostedapp/node/root/app/node_modules/next/dist/server/base-server.js:818:17)
    at async /opt/hostedapp/node/root/app/node_modules/next/dist/server/dev/next-dev-server.js:339:20
    at async Span.traceAsyncFn (/opt/hostedapp/node/root/app/node_modules/next/dist/trace/trace.js:154:20)
    at async DevServer.handleRequest (/opt/hostedapp/node/root/app/node_modules/next/dist/server/dev/next-dev-server.js:336:24)
    at async invokeRender (/opt/hostedapp/node/root/app/node_modules/next/dist/server/lib/router-server.js:178:21)
    at async handleRequest (/opt/hostedapp/node/root/app/node_modules/next/dist/server/lib/router-server.js:355:24)
    at async requestHandlerImpl (/opt/hostedapp/node/root/app/node_modules/next/dist/server/lib/router-server.js:379:13)
    at async Server.requestListener (/opt/hostedapp/node/root/app/node_modules/next/dist/server/lib/start-server.js:141:13) {
  page: '/'
}
 ⨯ SyntaxError: Unexpected end of JSON input
    at JSON.parse (<anonymous>)
    at loadManifest (/opt/hostedapp/node/root/app/node_modules/next/dist/server/load-manifest.js:36:25)
    at DevServer.getNextFontManifest (/opt/hostedapp/node/root/app/node_modules/next/dist/server/next-server.js:750:47)
    at DevServer.findPageComponents (/opt/hostedapp/node/root/app/node_modules/next/dist/server/dev/next-dev-server.js:571:43)
    at async DevServer.renderPageComponent (/opt/hostedapp/node/root/app/node_modules/next/dist/server/base-server.js:1910:24)
    at async DevServer.renderToResponseImpl (/opt/hostedapp/node/root/app/node_modules/next/dist/server/base-server.js:1962:32)
    at async DevServer.pipeImpl (/opt/hostedapp/node/root/app/node_modules/next/dist/server/base-server.js:922:25)
    at async NextNodeServer.handleCatchallRenderRequest (/opt/hostedapp/node/root/app/node_modules/next/dist/server/next-server.js:272:17)
    at async DevServer.handleRequestImpl (/opt/hostedapp/node/root/app/node_modules/next/dist/server/base-server.js:818:17)
    at async /opt/hostedapp/node/root/app/node_modules/next/dist/server/dev/next-dev-server.js:339:20
    at async Span.traceAsyncFn (/opt/hostedapp/node/root/app/node_modules/next/dist/trace/trace.js:154:20)
    at async DevServer.handleRequest (/opt/hostedapp/node/root/app/node_modules/next/dist/server/dev/next-dev-server.js:336:24)
    at async invokeRender (/opt/hostedapp/node/root/app/node_modules/next/dist/server/lib/router-server.js:178:21)
    at async handleRequest (/opt/hostedapp/node/root/app/node_modules/next/dist/server/lib/router-server.js:355:24)
    at async requestHandlerImpl (/opt/hostedapp/node/root/app/node_modules/next/dist/server/lib/router-server.js:379:13)
    at async Server.requestListener (/opt/hostedapp/node/root/app/node_modules/next/dist/server/lib/start-server.js:141:13) {
  page: '/api/realtime'
}
[Error: Unknown system error -116: Unknown system error -116, close] {
  errno: -116,
  code: 'Unknown system error -116',
  syscall: 'close'
}
 ⨯ uncaughtException: [Error: Unknown system error -116: Unknown system error -116, close] {
  errno: -116,
  code: 'Unknown system error -116',
  syscall: 'close'
}
 ⨯ uncaughtException: [Error: Unknown system error -116: Unknown system error -116, close] {
  errno: -116,
  code: 'Unknown system error -116',
  syscall: 'close'
}
 ⨯ SyntaxError: Unexpected end of JSON input
    at JSON.parse (<anonymous>)
    at loadManifest (/opt/hostedapp/node/root/app/node_modules/next/dist/server/load-manifest.js:36:25)
    at getMaybePagePath (/opt/hostedapp/node/root/app/node_modules/next/dist/server/require.js:57:59)
    at getPagePath (/opt/hostedapp/node/root/app/node_modules/next/dist/server/require.js:92:22)
    at requirePage (/opt/hostedapp/node/root/app/node_modules/next/dist/server/require.js:99:22)
    at /opt/hostedapp/node/root/app/node_modules/next/dist/server/load-components.js:103:84
    at async loadComponentsImpl (/opt/hostedapp/node/root/app/node_modules/next/dist/server/load-components.js:103:26)
    at async DevServer.findPageComponentsImpl (/opt/hostedapp/node/root/app/node_modules/next/dist/server/next-server.js:714:36)
    at async DevServer.findPageComponents (/opt/hostedapp/node/root/app/node_modules/next/dist/server/dev/next-dev-server.js:577:20)
    at async DevServer.renderErrorToResponseImpl (/opt/hostedapp/node/root/app/node_modules/next/dist/server/base-server.js:2090:30)
    at async DevServer.pipeImpl (/opt/hostedapp/node/root/app/node_modules/next/dist/server/base-server.js:922:25)
    at async NextNodeServer.handleCatchallRenderRequest (/opt/hostedapp/node/root/app/node_modules/next/dist/server/next-server.js:272:17)
    at async DevServer.handleRequestImpl (/opt/hostedapp/node/root/app/node_modules/next/dist/server/base-server.js:818:17)
    at async /opt/hostedapp/node/root/app/node_modules/next/dist/server/dev/next-dev-server.js:339:20
    at async Span.traceAsyncFn (/opt/hostedapp/node/root/app/node_modules/next/dist/trace/trace.js:154:20)
    at async DevServer.handleRequest (/opt/hostedapp/node/root/app/node_modules/next/dist/server/dev/next-dev-server.js:336:24)
    at async invokeRender (/opt/hostedapp/node/root/app/node_modules/next/dist/server/lib/router-server.js:178:21)
    at async handleRequest (/opt/hostedapp/node/root/app/node_modules/next/dist/server/lib/router-server.js:355:24)
    at async requestHandlerImpl (/opt/hostedapp/node/root/app/node_modules/next/dist/server/lib/router-server.js:379:13)
    at async Server.requestListener (/opt/hostedapp/node/root/app/node_modules/next/dist/server/lib/start-server.js:141:13)
<w> [webpack.cache.PackFileCacheStrategy] Caching failed for pack: Error: ENOENT: no such file or directory, lstat '/home/ubuntu/cortexbuild_pro/nextjs_space/.next/server/app/api/realtime'
<w> [webpack.cache.PackFileCacheStrategy/webpack.FileSystemInfo] Resolving '../../../../../../../../../home/ubuntu/cortexbuild_pro/nextjs_space/.next/server/app/api/realtime/route' in /opt/hostedapp/node/root/app/node_modules/next/dist/server for build dependencies doesn't lead to expected result '/home/ubuntu/cortexbuild_pro/nextjs_space/.next/server/app/api/realtime/route.js', but to 'Error: Can't resolve '../../../../../../../../../home/ubuntu/cortexbuild_pro/nextjs_space/.next/server/app/api/realtime/route' in '/opt/hostedapp/node/root/app/node_modules/next/dist/server'' instead. Resolving dependencies are ignored for this path.
<w>  at resolve commonjs file ../../../../../../../../../home/ubuntu/cortexbuild_pro/nextjs_space/.next/server/app/api/realtime/route (expected /home/ubuntu/cortexbuild_pro/nextjs_space/.next/server/app/api/realtime/route.js)
<w>  at file dependencies /opt/hostedapp/node/root/app/node_modules/next/dist/server/require.js
<w>  at file /opt/hostedapp/node/root/app/node_modules/next/dist/server/require.js
<w>  at file dependencies /opt/hostedapp/node/root/app/node_modules/next/dist/server/load-components.js
<w>  at file /opt/hostedapp/node/root/app/node_modules/next/dist/server/load-components.js
<w>  at file dependencies /opt/hostedapp/node/root/app/node_modules/next/dist/build/utils.js
<w>  at file /opt/hostedapp/node/root/app/node_modules/next/dist/build/utils.js
<w>  at file dependencies /opt/hostedapp/node/root/app/node_modules/next/dist/build/handle-externals.js
<w>  at file /opt/hostedapp/node/root/app/node_modules/next/dist/build/handle-externals.js
<w>  at file dependencies /opt/hostedapp/node/root/app/node_modules/next/dist/build/webpack/loaders/next-swc-loader.js
<w>  at file /opt/hostedapp/node/root/app/node_modules/next/dist/build/webpack/loaders/next-swc-loader.js
<w>  at resolve commonjs /opt/hostedapp/node/root/app/node_modules/next/dist/build/webpack/loaders/next-swc-loader.js
