  ▲ Next.js 14.2.28
  - Local:        http://localhost:3000
  - Environments: .env
  - Experiments (use with caution):
    · outputFileTracingRoot

 ✓ Starting...
 ✓ Ready in 1877ms
 ○ Compiling / ...
 ✓ Compiled / in 2.2s (596 modules)
 GET / 200 in 2705ms
 ✓ Compiled in 482ms (296 modules)
 ✓ Compiled /api/auth/[...nextauth] in 469ms (541 modules)
 GET /api/auth/providers 200 in 943ms
 GET / 200 in 100ms
 GET /api/auth/session 200 in 63ms
 GET /api/auth/session 200 in 49ms
 ○ Compiling /signup ...
 ✓ Compiled /signup in 870ms (881 modules)
 GET /login 200 in 1067ms
 GET /signup 200 in 1067ms
 GET /api/auth/session 200 in 74ms
 GET /api/auth/session 200 in 52ms
 GET /api/auth/session 200 in 58ms
 GET /api/auth/session 200 in 51ms
 GET /api/auth/session 200 in 62ms
 GET /api/auth/csrf 200 in 61ms
 ✓ Compiled /api/signup in 134ms (597 modules)
 POST /api/signup 200 in 621ms
 GET / 200 in 90ms
 GET /api/auth/signin 302 in 72ms
 GET /login?callbackUrl=https://7d18e9f2f.preview.abacusai.app 200 in 69ms
 GET /api/auth/csrf 200 in 53ms
 POST /api/auth/callback/credentials 302 in 354ms
 ✓ Compiled /middleware in 182ms (174 modules)
 ○ Compiling /dashboard ...
 ✓ Compiled /dashboard in 2s (2849 modules)
 GET /dashboard 200 in 2349ms
 GET / 200 in 89ms
 GET /dashboard 200 in 77ms
 GET /api/auth/session 200 in 104ms
 ✓ Compiled /api/realtime in 288ms (1577 modules)
 ✓ Compiled (1580 modules)
 GET /api/auth/session 200 in 721ms
 GET /api/notifications?limit=10 200 in 746ms
 GET /api/realtime 200 in 411ms
 GET /api/realtime 200 in 135ms
 GET /api/auth/session 200 in 128ms
 GET /api/notifications?limit=10 200 in 127ms
 GET /api/realtime 200 in 136ms
 GET /api/auth/session 200 in 138ms
 GET /api/notifications?limit=10 200 in 150ms
 GET /api/auth/session 200 in 139ms
 GET /api/notifications?limit=10 200 in 146ms
 GET /api/realtime 200 in 176ms
 GET /api/auth/session 200 in 132ms
 GET /api/realtime 200 in 125ms
 GET /api/realtime 200 in 82ms
 GET /api/realtime 200 in 84ms
 GET /api/realtime 200 in 80ms
 GET /api/realtime 200 in 104ms
 GET /api/realtime 200 in 198ms
 GET /api/realtime 200 in 97ms
 GET /api/realtime 200 in 104ms
 GET /api/realtime 200 in 87ms
 GET /api/realtime 200 in 66ms
 GET /api/realtime 200 in 88ms
 GET /api/realtime 200 in 80ms
 GET /api/realtime 200 in 67ms
 GET /api/realtime 200 in 67ms
 GET /api/realtime 200 in 65ms
 GET /api/realtime 200 in 66ms
 GET /api/realtime 200 in 64ms
 GET /api/realtime 200 in 62ms
 GET /api/realtime 200 in 65ms
 GET /api/realtime 200 in 64ms
 GET /api/realtime 200 in 66ms
 GET /api/realtime 200 in 63ms
 GET /api/realtime 200 in 64ms
 GET /api/realtime 200 in 67ms
 GET /api/realtime 200 in 65ms
 GET /api/realtime 200 in 68ms
 GET /api/realtime 200 in 65ms
 GET /api/realtime 200 in 64ms
 GET /api/realtime 200 in 69ms
 GET /api/realtime 200 in 68ms
 GET /api/realtime 200 in 66ms
 GET /api/realtime 200 in 70ms
 GET /api/realtime 200 in 84ms
 GET /api/realtime 200 in 68ms
 GET /api/realtime 200 in 65ms
 GET /api/realtime 200 in 63ms
 GET /api/realtime 200 in 72ms
 GET /api/realtime 200 in 66ms
 GET /api/realtime 200 in 65ms
 GET /api/realtime 200 in 77ms
 GET /api/realtime 200 in 67ms
 GET /api/realtime 200 in 68ms
 GET /api/realtime 200 in 70ms
 GET /api/realtime 200 in 72ms
 GET /api/realtime 200 in 68ms
 GET /api/realtime 200 in 128ms
 GET /api/realtime 200 in 132ms
 GET /api/realtime 200 in 66ms
 GET /api/realtime 200 in 69ms
 GET /api/realtime 200 in 65ms
 GET /api/realtime 200 in 74ms
 GET /api/realtime 200 in 6968ms
 GET /api/realtime 200 in 52ms
 ○ Compiling /settings ...
 ✓ Compiled /settings in 2.8s (3352 modules)
prisma:error 
Invalid `_lib_db__WEBPACK_IMPORTED_MODULE_4__.prisma.project.findMany()` invocation in
/home/ubuntu/cortexbuild_pro/nextjs_space/.next/server/app/(dashboard)/change-orders/page.js:4995:61

  4992 const organizationId = session.user.organizationId;
  4993 if (!organizationId) (0,next_navigation__WEBPACK_IMPORTED_MODULE_2__.redirect)("/login");
  4994 const [projects, changeOrders] = await Promise.all([
→ 4995     _lib_db__WEBPACK_IMPORTED_MODULE_4__.prisma.project.findMany(
Too many database connections opened: FATAL: too many connections for role "role_ddaacb0a0"
Prisma Accelerate has built-in connection pooling to prevent such errors: https://pris.ly/client/error-accelerate
prisma:error 
Invalid `_lib_db__WEBPACK_IMPORTED_MODULE_4__.prisma.submittal.findMany()` invocation in
/home/ubuntu/cortexbuild_pro/nextjs_space/.next/server/app/(dashboard)/submittals/page.js:5008:63

  5005         name: "asc"
  5006     }
  5007 }),
→ 5008 _lib_db__WEBPACK_IMPORTED_MODULE_4__.prisma.submittal.findMany(
Too many database connections opened: FATAL: too many connections for role "role_ddaacb0a0"
Prisma Accelerate has built-in connection pooling to prevent such errors: https://pris.ly/client/error-accelerate
 GET /projects/new 200 in 3808ms
 GET /punch-lists 200 in 3789ms
 GET /equipment 200 in 3785ms
 GET /meetings 200 in 3743ms
 GET /projects 200 in 3795ms
 GET /safety 200 in 3795ms
 GET /inspections 200 in 3746ms
 GET /reports 200 in 3747ms
 GET /change-orders 500 in 3748ms
 GET /rfis 200 in 3747ms
 GET /company 200 in 3793ms
 GET /settings 200 in 3753ms
 GET /daily-reports 200 in 3824ms
 GET /documents 200 in 3754ms
 GET /submittals 500 in 3755ms
 GET /team 200 in 3762ms
 GET /tasks 200 in 3767ms
 GET /api/notifications?limit=10 200 in 290ms
 GET /api/realtime 200 in 189ms
 GET /api/auth/session 200 in 284ms
 GET /api/realtime 200 in 229ms
 GET /api/realtime 200 in 263ms
 ○ Compiling /api/company/stats ...
 ✓ Compiled /api/company/stats in 1799ms (1858 modules)
prisma:error 
Invalid `_lib_db__WEBPACK_IMPORTED_MODULE_3__.prisma.project.count()` invocation in
/home/ubuntu/cortexbuild_pro/nextjs_space/.next/server/app/api/company/stats/route.js:295:65

  292         status: "IN_PROGRESS"
  293     }
  294 }),
→ 295 _lib_db__WEBPACK_IMPORTED_MODULE_3__.prisma.project.count(
Too many database connections opened: FATAL: too many connections for role "role_ddaacb0a0"
Prisma Accelerate has built-in connection pooling to prevent such errors: https://pris.ly/client/error-accelerate
 GET /api/company/stats 500 in 2749ms
prisma:error 
Invalid `_lib_db__WEBPACK_IMPORTED_MODULE_3__.prisma.task.count()` invocation in
/home/ubuntu/cortexbuild_pro/nextjs_space/.next/server/app/api/company/stats/route.js:316:62

  313         status: "COMPLETE"
  314     }
  315 }),
→ 316 _lib_db__WEBPACK_IMPORTED_MODULE_3__.prisma.task.count(
Too many database connections opened: FATAL: too many connections for role "role_ddaacb0a0"
Prisma Accelerate has built-in connection pooling to prevent such errors: https://pris.ly/client/error-accelerate
prisma:error 
Invalid `_lib_db__WEBPACK_IMPORTED_MODULE_3__.prisma.submittal.count()` invocation in
/home/ubuntu/cortexbuild_pro/nextjs_space/.next/server/app/api/company/stats/route.js:353:67

  350         }
  351     }
  352 }),
→ 353 _lib_db__WEBPACK_IMPORTED_MODULE_3__.prisma.submittal.count(
Too many database connections opened: FATAL: too many connections for role "role_ddaacb0a0"
Prisma Accelerate has built-in connection pooling to prevent such errors: https://pris.ly/client/error-accelerate
prisma:error 
Invalid `_lib_db__WEBPACK_IMPORTED_MODULE_3__.prisma.activityLog.count()` invocation in
/home/ubuntu/cortexbuild_pro/nextjs_space/.next/server/app/api/company/stats/route.js:397:69

  394         }
  395     }
  396 }),
→ 397 _lib_db__WEBPACK_IMPORTED_MODULE_3__.prisma.activityLog.count(
Too many database connections opened: FATAL: too many connections for role "role_ddaacb0a0"
Prisma Accelerate has built-in connection pooling to prevent such errors: https://pris.ly/client/error-accelerate
prisma:error 
Invalid `_lib_db__WEBPACK_IMPORTED_MODULE_3__.prisma.task.groupBy()` invocation in
/home/ubuntu/cortexbuild_pro/nextjs_space/.next/server/app/api/company/stats/route.js:407:62

  404         }
  405     }
  406 }),
→ 407 _lib_db__WEBPACK_IMPORTED_MODULE_3__.prisma.task.groupBy(
Too many database connections opened: FATAL: too many connections for role "role_ddaacb0a0"
Prisma Accelerate has built-in connection pooling to prevent such errors: https://pris.ly/client/error-accelerate
prisma:error 
Invalid `_lib_db__WEBPACK_IMPORTED_MODULE_3__.prisma.project.groupBy()` invocation in
/home/ubuntu/cortexbuild_pro/nextjs_space/.next/server/app/api/company/stats/route.js:418:65

  415     },
  416     _count: true
  417 }),
→ 418 _lib_db__WEBPACK_IMPORTED_MODULE_3__.prisma.project.groupBy(
Too many database connections opened: FATAL: too many connections for role "role_ddaacb0a0"
Prisma Accelerate has built-in connection pooling to prevent such errors: https://pris.ly/client/error-accelerate
prisma:error 
Invalid `prisma.$queryRaw()` invocation:


Too many database connections opened: FATAL: too many connections for role "role_ddaacb0a0"
Prisma Accelerate has built-in connection pooling to prevent such errors: https://pris.ly/client/error-accelerate
 GET /api/realtime 200 in 2161ms
 GET /api/realtime 200 in 1510ms
 GET /api/realtime 200 in 1837ms
 GET /api/realtime 200 in 1608ms
 GET /api/realtime 200 in 1739ms
 GET /api/realtime 200 in 1962ms
 GET /api/realtime 200 in 1963ms
 GET /api/realtime 200 in 2349ms
 GET /api/realtime 200 in 2230ms
 GET /api/realtime 200 in 2494ms
 GET /api/realtime 200 in 2643ms
 GET /api/realtime 200 in 2550ms
 GET /api/auth/session 200 in 2544ms
 GET /api/realtime 200 in 2122ms
 GET /api/realtime 200 in 1637ms
 GET /api/notifications?limit=10 200 in 2671ms
 GET /api/realtime 200 in 108ms
 GET /api/realtime 200 in 226ms
 GET /api/realtime 200 in 226ms
 GET /api/realtime 200 in 229ms
 GET /api/realtime 200 in 232ms
 GET /api/realtime 200 in 230ms
 GET /api/realtime 200 in 230ms
 GET /api/realtime 200 in 231ms
 GET /api/realtime 200 in 219ms
 GET /api/realtime 200 in 218ms
 GET /api/realtime 200 in 219ms
 GET /api/realtime 200 in 234ms
 GET /api/realtime 200 in 238ms
 GET /api/realtime 200 in 238ms
 GET /api/notifications?limit=10 200 in 268ms
prisma:error 
Invalid `_lib_db__WEBPACK_IMPORTED_MODULE_3__.prisma.task.count()` invocation in
/home/ubuntu/cortexbuild_pro/nextjs_space/.next/server/app/api/company/stats/route.js:316:62

  313         status: "COMPLETE"
  314     }
  315 }),
→ 316 _lib_db__WEBPACK_IMPORTED_MODULE_3__.prisma.task.count(
Too many database connections opened: FATAL: too many connections for role "role_ddaacb0a0"
Prisma Accelerate has built-in connection pooling to prevent such errors: https://pris.ly/client/error-accelerate
 GET /api/company/stats 500 in 279ms
prisma:error 
Invalid `_lib_db__WEBPACK_IMPORTED_MODULE_3__.prisma.document.count()` invocation in
/home/ubuntu/cortexbuild_pro/nextjs_space/.next/server/app/api/company/stats/route.js:390:66

  387         }
  388     }
  389 }),
→ 390 _lib_db__WEBPACK_IMPORTED_MODULE_3__.prisma.document.count(
Too many database connections opened: FATAL: too many connections for role "role_ddaacb0a0"
Prisma Accelerate has built-in connection pooling to prevent such errors: https://pris.ly/client/error-accelerate
prisma:error 
Invalid `_lib_db__WEBPACK_IMPORTED_MODULE_3__.prisma.activityLog.count()` invocation in
/home/ubuntu/cortexbuild_pro/nextjs_space/.next/server/app/api/company/stats/route.js:397:69

  394         }
  395     }
  396 }),
→ 397 _lib_db__WEBPACK_IMPORTED_MODULE_3__.prisma.activityLog.count(
Too many database connections opened: FATAL: too many connections for role "role_ddaacb0a0"
Prisma Accelerate has built-in connection pooling to prevent such errors: https://pris.ly/client/error-accelerate
prisma:error 
Invalid `_lib_db__WEBPACK_IMPORTED_MODULE_3__.prisma.task.groupBy()` invocation in
/home/ubuntu/cortexbuild_pro/nextjs_space/.next/server/app/api/company/stats/route.js:407:62

  404         }
  405     }
  406 }),
→ 407 _lib_db__WEBPACK_IMPORTED_MODULE_3__.prisma.task.groupBy(
Too many database connections opened: FATAL: too many connections for role "role_ddaacb0a0"
Prisma Accelerate has built-in connection pooling to prevent such errors: https://pris.ly/client/error-accelerate
prisma:error 
Invalid `_lib_db__WEBPACK_IMPORTED_MODULE_3__.prisma.project.groupBy()` invocation in
/home/ubuntu/cortexbuild_pro/nextjs_space/.next/server/app/api/company/stats/route.js:418:65

  415     },
  416     _count: true
  417 }),
→ 418 _lib_db__WEBPACK_IMPORTED_MODULE_3__.prisma.project.groupBy(
Too many database connections opened: FATAL: too many connections for role "role_ddaacb0a0"
Prisma Accelerate has built-in connection pooling to prevent such errors: https://pris.ly/client/error-accelerate
prisma:error 
Invalid `prisma.$queryRaw()` invocation:


Too many database connections opened: FATAL: too many connections for role "role_ddaacb0a0"
Prisma Accelerate has built-in connection pooling to prevent such errors: https://pris.ly/client/error-accelerate
prisma:error 
Invalid `_lib_db__WEBPACK_IMPORTED_MODULE_3__.prisma.project.findMany()` invocation in
/home/ubuntu/cortexbuild_pro/nextjs_space/.next/server/app/api/company/stats/route.js:444:65

  441   GROUP BY DATE("createdAt")
  442   ORDER BY date ASC
  443 `,
→ 444       _lib_db__WEBPACK_IMPORTED_MODULE_3__.prisma.project.findMany(
Too many database connections opened: FATAL: too many connections for role "role_ddaacb0a0"
Prisma Accelerate has built-in connection pooling to prevent such errors: https://pris.ly/client/error-accelerate
 GET /api/auth/session 200 in 282ms
 GET /api/realtime 200 in 249ms
 GET /api/realtime 200 in 193ms
 GET /api/realtime 200 in 327ms
 GET /api/realtime 200 in 330ms
 GET /api/realtime 200 in 269ms
 GET /api/realtime 200 in 270ms
 GET /api/realtime 200 in 279ms
 GET /api/realtime 200 in 332ms
 GET /api/realtime 200 in 272ms
 GET /api/notifications?limit=10 200 in 270ms
 GET /api/realtime 200 in 274ms
 GET /api/realtime 200 in 270ms
 GET /api/realtime 200 in 275ms
 GET /api/realtime 200 in 287ms
 GET /api/realtime 200 in 288ms
prisma:error 
Invalid `_lib_db__WEBPACK_IMPORTED_MODULE_3__.prisma.task.count()` invocation in
/home/ubuntu/cortexbuild_pro/nextjs_space/.next/server/app/api/company/stats/route.js:301:62

  298         status: "COMPLETED"
  299     }
  300 }),
→ 301 _lib_db__WEBPACK_IMPORTED_MODULE_3__.prisma.task.count(
Too many database connections opened: FATAL: too many connections for role "role_ddaacb0a0"
Prisma Accelerate has built-in connection pooling to prevent such errors: https://pris.ly/client/error-accelerate
 GET /api/company/stats 500 in 313ms
prisma:error 
Invalid `_lib_db__WEBPACK_IMPORTED_MODULE_3__.prisma.document.count()` invocation in
/home/ubuntu/cortexbuild_pro/nextjs_space/.next/server/app/api/company/stats/route.js:390:66

  387         }
  388     }
  389 }),
→ 390 _lib_db__WEBPACK_IMPORTED_MODULE_3__.prisma.document.count(
Too many database connections opened: FATAL: too many connections for role "role_ddaacb0a0"
Prisma Accelerate has built-in connection pooling to prevent such errors: https://pris.ly/client/error-accelerate
prisma:error 
Invalid `_lib_db__WEBPACK_IMPORTED_MODULE_3__.prisma.activityLog.count()` invocation in
/home/ubuntu/cortexbuild_pro/nextjs_space/.next/server/app/api/company/stats/route.js:397:69

  394         }
  395     }
  396 }),
→ 397 _lib_db__WEBPACK_IMPORTED_MODULE_3__.prisma.activityLog.count(
Too many database connections opened: FATAL: too many connections for role "role_ddaacb0a0"
Prisma Accelerate has built-in connection pooling to prevent such errors: https://pris.ly/client/error-accelerate
prisma:error 
Invalid `_lib_db__WEBPACK_IMPORTED_MODULE_3__.prisma.task.groupBy()` invocation in
/home/ubuntu/cortexbuild_pro/nextjs_space/.next/server/app/api/company/stats/route.js:407:62

  404         }
  405     }
  406 }),
→ 407 _lib_db__WEBPACK_IMPORTED_MODULE_3__.prisma.task.groupBy(
Too many database connections opened: FATAL: too many connections for role "role_ddaacb0a0"
Prisma Accelerate has built-in connection pooling to prevent such errors: https://pris.ly/client/error-accelerate
prisma:error 
Invalid `_lib_db__WEBPACK_IMPORTED_MODULE_3__.prisma.project.groupBy()` invocation in
/home/ubuntu/cortexbuild_pro/nextjs_space/.next/server/app/api/company/stats/route.js:418:65

  415     },
  416     _count: true
  417 }),
→ 418 _lib_db__WEBPACK_IMPORTED_MODULE_3__.prisma.project.groupBy(
Too many database connections opened: FATAL: too many connections for role "role_ddaacb0a0"
Prisma Accelerate has built-in connection pooling to prevent such errors: https://pris.ly/client/error-accelerate
prisma:error 
Invalid `_lib_db__WEBPACK_IMPORTED_MODULE_3__.prisma.user.groupBy()` invocation in
/home/ubuntu/cortexbuild_pro/nextjs_space/.next/server/app/api/company/stats/route.js:427:62

  424     },
  425     _count: true
  426 }),
→ 427 _lib_db__WEBPACK_IMPORTED_MODULE_3__.prisma.user.groupBy(
Too many database connections opened: FATAL: too many connections for role "role_ddaacb0a0"
Prisma Accelerate has built-in connection pooling to prevent such errors: https://pris.ly/client/error-accelerate
prisma:error 
Invalid `prisma.$queryRaw()` invocation:


Too many database connections opened: FATAL: too many connections for role "role_ddaacb0a0"
Prisma Accelerate has built-in connection pooling to prevent such errors: https://pris.ly/client/error-accelerate
 GET /api/auth/session 200 in 314ms
 GET /api/realtime 200 in 278ms
 GET /api/realtime 200 in 284ms
 GET /api/realtime 200 in 228ms
 GET /api/realtime 200 in 228ms
 GET /api/realtime 200 in 234ms
 GET /api/realtime 200 in 237ms
 GET /api/realtime 200 in 231ms
 GET /api/realtime 200 in 239ms
 GET /api/realtime 200 in 234ms
 GET /api/realtime 200 in 240ms
 GET /api/realtime 200 in 247ms
 GET /api/realtime 200 in 310ms
 GET /api/realtime 200 in 307ms
prisma:error 
Invalid `_lib_db__WEBPACK_IMPORTED_MODULE_3__.prisma.project.count()` invocation in
/home/ubuntu/cortexbuild_pro/nextjs_space/.next/server/app/api/company/stats/route.js:289:65

  286         organizationId: orgId
  287     }
  288 }),
→ 289 _lib_db__WEBPACK_IMPORTED_MODULE_3__.prisma.project.count(
Too many database connections opened: FATAL: too many connections for role "role_ddaacb0a0"
Prisma Accelerate has built-in connection pooling to prevent such errors: https://pris.ly/client/error-accelerate
 GET /api/company/stats 500 in 345ms
prisma:error 
Invalid `_lib_db__WEBPACK_IMPORTED_MODULE_3__.prisma.project.count()` invocation in
/home/ubuntu/cortexbuild_pro/nextjs_space/.next/server/app/api/company/stats/route.js:295:65

  292         status: "IN_PROGRESS"
  293     }
  294 }),
→ 295 _lib_db__WEBPACK_IMPORTED_MODULE_3__.prisma.project.count(
Too many database connections opened: FATAL: too many connections for role "role_ddaacb0a0"
Prisma Accelerate has built-in connection pooling to prevent such errors: https://pris.ly/client/error-accelerate
prisma:error 
Invalid `_lib_db__WEBPACK_IMPORTED_MODULE_3__.prisma.task.count()` invocation in
/home/ubuntu/cortexbuild_pro/nextjs_space/.next/server/app/api/company/stats/route.js:301:62

  298         status: "COMPLETED"
  299     }
  300 }),
→ 301 _lib_db__WEBPACK_IMPORTED_MODULE_3__.prisma.task.count(
Too many database connections opened: FATAL: too many connections for role "role_ddaacb0a0"
Prisma Accelerate has built-in connection pooling to prevent such errors: https://pris.ly/client/error-accelerate
prisma:error 
Invalid `_lib_db__WEBPACK_IMPORTED_MODULE_3__.prisma.task.count()` invocation in
/home/ubuntu/cortexbuild_pro/nextjs_space/.next/server/app/api/company/stats/route.js:316:62

  313         status: "COMPLETE"
  314     }
  315 }),
→ 316 _lib_db__WEBPACK_IMPORTED_MODULE_3__.prisma.task.count(
Too many database connections opened: FATAL: too many connections for role "role_ddaacb0a0"
Prisma Accelerate has built-in connection pooling to prevent such errors: https://pris.ly/client/error-accelerate
prisma:error 
Invalid `_lib_db__WEBPACK_IMPORTED_MODULE_3__.prisma.document.count()` invocation in
/home/ubuntu/cortexbuild_pro/nextjs_space/.next/server/app/api/company/stats/route.js:390:66

  387         }
  388     }
  389 }),
→ 390 _lib_db__WEBPACK_IMPORTED_MODULE_3__.prisma.document.count(
Too many database connections opened: FATAL: too many connections for role "role_ddaacb0a0"
Prisma Accelerate has built-in connection pooling to prevent such errors: https://pris.ly/client/error-accelerate
prisma:error 
Invalid `_lib_db__WEBPACK_IMPORTED_MODULE_3__.prisma.activityLog.count()` invocation in
/home/ubuntu/cortexbuild_pro/nextjs_space/.next/server/app/api/company/stats/route.js:397:69

  394         }
  395     }
  396 }),
→ 397 _lib_db__WEBPACK_IMPORTED_MODULE_3__.prisma.activityLog.count(
Too many database connections opened: FATAL: too many connections for role "role_ddaacb0a0"
Prisma Accelerate has built-in connection pooling to prevent such errors: https://pris.ly/client/error-accelerate
prisma:error 
Invalid `_lib_db__WEBPACK_IMPORTED_MODULE_3__.prisma.project.findMany()` invocation in
/home/ubuntu/cortexbuild_pro/nextjs_space/.next/server/app/api/company/stats/route.js:444:65

  441   GROUP BY DATE("createdAt")
  442   ORDER BY date ASC
  443 `,
→ 444       _lib_db__WEBPACK_IMPORTED_MODULE_3__.prisma.project.findMany(
Too many database connections opened: FATAL: too many connections for role "role_ddaacb0a0"
Prisma Accelerate has built-in connection pooling to prevent such errors: https://pris.ly/client/error-accelerate
 GET /api/notifications?limit=10 200 in 389ms
 GET /api/realtime 200 in 387ms
 GET /api/auth/session 200 in 358ms
 GET /api/realtime 200 in 484ms
 GET /api/realtime 200 in 346ms
 GET /api/realtime 200 in 350ms
 GET /api/realtime 200 in 351ms
 GET /api/realtime 200 in 412ms
 GET /api/realtime 200 in 354ms
 GET /api/realtime 200 in 413ms
 GET /api/realtime 200 in 413ms
 GET /api/auth/session 200 in 349ms
 GET /api/notifications?limit=10 200 in 405ms
 GET /api/realtime 200 in 546ms
 GET /api/realtime 200 in 372ms
 GET /api/realtime 200 in 374ms
 GET /api/realtime 200 in 873ms
 GET /api/realtime 200 in 730ms
 GET /api/realtime 200 in 501ms
 GET /api/realtime 200 in 960ms
 GET /api/realtime 200 in 614ms
 GET /api/realtime 200 in 615ms
 GET /api/realtime 200 in 897ms
 GET /api/realtime 200 in 725ms
 GET /api/auth/session 200 in 431ms
 GET /api/realtime 200 in 1076ms
 GET /api/notifications?limit=10 200 in 470ms
 GET /api/realtime 200 in 674ms
 GET /api/realtime 200 in 431ms
 GET /api/realtime 200 in 297ms
 GET /api/realtime 200 in 365ms
 GET /api/realtime 200 in 361ms
 GET /api/realtime 200 in 299ms
 GET /api/realtime 200 in 218ms
 GET /api/realtime 200 in 220ms
 GET /api/realtime 200 in 857ms
 GET /api/realtime 200 in 248ms
 GET /api/realtime 200 in 263ms
 GET /api/realtime 200 in 259ms
 GET /api/realtime 200 in 276ms
 GET /api/realtime 200 in 269ms
 GET /api/auth/session 200 in 311ms
 GET /api/notifications?limit=10 200 in 301ms
 GET /api/realtime 200 in 299ms
 GET /api/realtime 200 in 274ms
 GET /api/realtime 200 in 292ms
 GET /api/realtime 200 in 5134ms
 GET /api/realtime 200 in 305ms
 GET /api/realtime 200 in 298ms
 GET /api/realtime 200 in 308ms
 GET /api/realtime 200 in 280ms
 GET /api/realtime 200 in 281ms
 GET /api/realtime 200 in 290ms
 GET /api/realtime 200 in 308ms
 GET /api/realtime 200 in 310ms
 GET /api/realtime 200 in 311ms
 GET /api/realtime 200 in 285ms
 GET /api/realtime 200 in 335ms
 GET /api/realtime 200 in 244ms
 GET /api/realtime 200 in 5260ms
 GET /api/realtime 200 in 5635ms
 GET /api/realtime 200 in 5019ms
 GET /api/realtime 200 in 5559ms
 GET /api/auth/session 200 in 259ms
 GET /api/realtime 200 in 268ms
 GET /api/realtime 200 in 5195ms
 GET /api/realtime 200 in 4902ms
 GET /api/realtime 200 in 5207ms
 GET /api/notifications?limit=10 200 in 293ms
 GET /api/realtime 200 in 338ms
 GET /api/realtime 200 in 5608ms
 GET /api/realtime 200 in 270ms
 GET /api/realtime 200 in 4815ms
 GET /api/realtime 200 in 4674ms
 GET /api/realtime 200 in 5112ms
 GET /api/realtime 200 in 4533ms
 GET /api/realtime 200 in 382ms
 GET /api/auth/session 200 in 170ms
 GET /api/notifications?limit=10 200 in 180ms
 GET /api/notifications?limit=10 200 in 181ms
 GET /api/notifications?limit=10 200 in 181ms
 GET /api/notifications?limit=10 200 in 182ms
 GET /api/realtime 200 in 117ms
 GET /api/auth/session 200 in 90ms
 GET /api/realtime 200 in 113ms
 GET /api/auth/session 200 in 73ms
 GET /api/realtime 200 in 82ms
 GET /api/auth/session 200 in 74ms
 GET /api/realtime 200 in 101ms
 GET /api/auth/session 200 in 105ms
 GET /api/realtime 200 in 124ms
 GET /api/auth/session 200 in 82ms
 GET /api/realtime 200 in 88ms
 GET /api/auth/session 200 in 65ms
 GET /api/realtime 200 in 81ms
 GET /api/auth/session 200 in 82ms
 GET /api/realtime 200 in 95ms
 GET /api/auth/session 200 in 69ms
 GET /api/realtime 200 in 96ms
 GET /api/auth/session 200 in 55ms
 GET /api/auth/session 200 in 53ms
 GET /api/realtime 200 in 110ms
 GET /api/realtime 200 in 68ms
 GET /api/realtime 200 in 69ms
 GET /api/realtime 200 in 67ms
 GET /api/realtime 200 in 74ms
 GET /api/realtime 200 in 70ms
 GET /api/realtime 200 in 77ms
 GET /api/realtime 200 in 66ms
 GET /api/realtime 200 in 70ms
 GET /api/realtime 200 in 65ms
 GET /api/realtime 200 in 68ms
 GET /api/realtime 200 in 71ms
 GET /api/realtime 200 in 68ms
 GET /api/realtime 200 in 77ms
 GET /api/realtime 200 in 73ms
 GET /api/realtime 200 in 94ms
 GET /api/realtime 200 in 73ms
 GET /api/realtime 200 in 69ms
 GET /api/realtime 200 in 76ms
 GET /api/realtime 200 in 90ms
 GET /api/realtime 200 in 76ms
 GET /api/realtime 200 in 101ms
 GET /api/realtime 200 in 73ms
 GET /api/realtime 200 in 75ms
 GET /api/realtime 200 in 77ms
 GET /api/realtime 200 in 92ms
 GET /api/realtime 200 in 73ms
 GET /api/realtime 200 in 72ms
 GET /api/realtime 200 in 81ms
 GET /api/realtime 200 in 76ms
 GET /api/realtime 200 in 72ms
 GET /api/realtime 200 in 78ms
 GET /api/realtime 200 in 81ms
 GET /api/realtime 200 in 92ms
 GET /api/realtime 200 in 126ms
 GET /api/realtime 200 in 99ms
 GET /api/realtime 200 in 84ms
 GET /api/realtime 200 in 89ms
 GET /api/realtime 200 in 83ms
 GET /api/realtime 200 in 80ms
 GET /api/realtime 200 in 10041ms
 ○ Compiling /company/settings ...
 ✓ Compiled /company/settings in 3s (3490 modules)
 GET /company/team 200 in 3342ms
 GET /company/invitations 200 in 3325ms
 GET /company/usage 200 in 3318ms
 GET /company/settings 307 in 3275ms
 GET /dashboard 200 in 216ms
 GET /projects/project-mall-renovation 200 in 3609ms
 GET /projects/project-riverside-homes 200 in 3611ms
 GET /projects/project-downtown-office 200 in 3594ms
 GET /api/auth/session 200 in 236ms
 ○ Compiling /api/company/invitations ...
 ✓ Compiled /api/company/invitations in 895ms (1940 modules)
 GET /api/auth/session 200 in 1510ms
 GET /api/company/invitations? 200 in 1782ms
 GET /api/notifications?limit=10 200 in 1523ms
 GET /api/realtime 200 in 1242ms
 GET /api/realtime 200 in 1010ms
 GET /api/realtime 200 in 1008ms
 GET /api/realtime 200 in 1002ms
 GET /api/realtime 200 in 105ms
 GET /api/realtime 200 in 149ms
 GET /api/realtime 200 in 157ms
 GET /api/notifications?limit=10 200 in 172ms
 GET /api/company/invitations? 200 in 192ms
 GET /api/auth/session 200 in 188ms
 GET /api/realtime 200 in 210ms
 GET /api/realtime 200 in 163ms
 GET /api/realtime 200 in 210ms
 GET /api/realtime 200 in 142ms
 GET /api/notifications?limit=10 200 in 140ms
 GET /api/company/invitations? 200 in 168ms
 GET /api/realtime 200 in 224ms
 GET /api/auth/session 200 in 163ms
 GET /api/realtime 200 in 163ms
 GET /api/realtime 200 in 165ms
 GET /api/realtime 200 in 175ms
 GET /api/notifications?limit=10 200 in 158ms
 GET /api/company/invitations? 200 in 126ms
 GET /api/auth/session 200 in 110ms
 GET /api/realtime 200 in 165ms
 GET /api/realtime 200 in 140ms
 GET /api/realtime 200 in 141ms
 GET /api/notifications?limit=10 200 in 112ms
 GET /api/realtime 200 in 145ms
 GET /api/realtime 200 in 170ms
 GET /api/auth/session 200 in 132ms
 GET /api/realtime 200 in 154ms
 GET /api/realtime 200 in 180ms
 GET /api/notifications?limit=10 200 in 188ms
 GET /api/realtime 200 in 203ms
 GET /api/auth/session 200 in 182ms
 GET /api/realtime 200 in 227ms
 GET /api/realtime 200 in 154ms
 GET /api/realtime 200 in 185ms
 GET /api/notifications?limit=10 200 in 139ms
 GET /api/realtime 200 in 158ms
 GET /api/realtime 200 in 170ms
 GET /api/realtime 200 in 217ms
 GET /api/auth/session 200 in 158ms
 GET /api/realtime 200 in 168ms
 GET /api/notifications?limit=10 200 in 169ms
 GET /api/realtime 200 in 169ms
 GET /api/realtime 200 in 303ms
 GET /api/realtime 200 in 193ms
 GET /api/auth/session 200 in 147ms
 GET /api/realtime 200 in 169ms
 GET /api/realtime 200 in 163ms
 GET /api/notifications?limit=10 200 in 183ms
 GET /api/realtime 200 in 189ms
 GET /api/realtime 200 in 176ms
 GET /api/realtime 200 in 220ms
 GET /api/auth/session 200 in 260ms
 GET /api/realtime 200 in 236ms
 GET /api/notifications?limit=10 200 in 254ms
 GET /api/realtime 200 in 183ms
 GET /api/realtime 200 in 224ms
 GET /api/realtime 200 in 161ms
 GET /api/auth/session 200 in 127ms
 GET /api/realtime 200 in 112ms
 GET /api/notifications?limit=10 200 in 136ms
 GET /api/realtime 200 in 132ms
 GET /api/realtime 200 in 87ms
 GET /api/realtime 200 in 166ms
 GET /api/auth/session 200 in 166ms
 GET /api/realtime 200 in 178ms
 GET /api/realtime 200 in 206ms
 GET /api/realtime 200 in 166ms
 GET /api/notifications?limit=10 200 in 183ms
 GET /api/realtime 200 in 196ms
 GET /api/auth/session 200 in 131ms
 GET /api/realtime 200 in 143ms
 GET /api/notifications?limit=10 200 in 166ms
 GET /api/realtime 200 in 184ms
 GET /api/realtime 200 in 146ms
 GET /api/realtime 200 in 167ms
 GET /api/auth/session 200 in 138ms
 GET /api/realtime 200 in 164ms
 GET /api/realtime 200 in 158ms
 GET /api/notifications?limit=10 200 in 161ms
 GET /api/realtime 200 in 140ms
 GET /api/realtime 200 in 143ms
 GET /api/auth/session 200 in 128ms
 GET /api/realtime 200 in 143ms
 GET /api/realtime 200 in 106ms
 GET /api/realtime 200 in 134ms
 GET /api/notifications?limit=10 200 in 155ms
 GET /api/auth/session 200 in 172ms
 GET /api/realtime 200 in 164ms
 GET /api/realtime 200 in 137ms
 GET /api/realtime 200 in 275ms
 GET /api/notifications?limit=10 200 in 161ms
 GET /api/realtime 200 in 173ms
 GET /api/auth/session 200 in 142ms
 GET /api/realtime 200 in 206ms
 GET /api/realtime 200 in 177ms
 GET /api/realtime 200 in 196ms
 GET /api/realtime 200 in 154ms
 GET /api/auth/session 200 in 102ms
 GET /api/realtime 200 in 125ms
 GET /api/realtime 200 in 129ms
 GET /api/realtime 200 in 169ms
 GET /api/realtime 200 in 5037ms
 GET /api/auth/session 200 in 129ms
 GET /api/realtime 200 in 177ms
 GET /api/realtime 200 in 123ms
 GET /api/realtime 200 in 132ms
 GET /api/realtime 200 in 84ms
 GET /api/auth/session 200 in 173ms
 GET /api/realtime 200 in 158ms
 GET /api/realtime 200 in 201ms
 GET /api/realtime 200 in 171ms
 GET /api/auth/session 200 in 119ms
 GET /api/realtime 200 in 142ms
 GET /api/realtime 200 in 137ms
 GET /api/realtime 200 in 176ms
 GET /api/auth/session 200 in 146ms
 GET /api/realtime 200 in 146ms
 GET /api/realtime 200 in 137ms
 GET /api/realtime 200 in 131ms
 GET /api/auth/session 200 in 117ms
 GET /api/realtime 200 in 114ms
 GET /api/realtime 200 in 117ms
 GET /api/realtime 200 in 109ms
 GET /api/realtime 200 in 141ms
 GET /api/auth/session 200 in 165ms
 GET /api/auth/session 200 in 117ms
 GET /api/realtime 200 in 182ms
 GET /api/realtime 200 in 246ms
 GET /api/realtime 200 in 300ms
 GET /api/auth/session 200 in 140ms
 GET /api/realtime 200 in 145ms
 GET /api/realtime 200 in 158ms
 GET /api/realtime 200 in 144ms
 GET /api/auth/session 200 in 112ms
 GET /api/realtime 200 in 114ms
 GET /api/realtime 200 in 132ms
 GET /api/realtime 200 in 136ms
 GET /api/auth/session 200 in 125ms
 GET /api/realtime 200 in 6683ms
 GET /api/realtime 200 in 150ms
 GET /api/realtime 200 in 150ms
 GET /api/realtime 200 in 6831ms
 GET /api/auth/session 200 in 98ms
 GET /api/realtime 200 in 63ms
 GET /api/realtime 200 in 63ms
 GET /api/realtime 200 in 6609ms
 GET /api/auth/session 200 in 66ms
[?25h
