  ▲ Next.js 14.2.28
  - Local:        http://localhost:3000
  - Environments: .env
  - Experiments (use with caution):
    · outputFileTracingRoot

 ✓ Starting...
 ✓ Ready in 2s
 ○ Compiling / ...
 ✓ Compiled / in 2.6s (598 modules)
 GET / 200 in 3285ms
 ✓ Compiled in 655ms (297 modules)
 ✓ Compiled /api/auth/[...nextauth] in 466ms (542 modules)
 GET /api/auth/providers 200 in 1007ms
 GET / 200 in 142ms
 GET /api/auth/session 200 in 100ms
 GET /api/auth/session 200 in 117ms
 ○ Compiling /login ...
 ✓ Compiled /login in 979ms (883 modules)
 GET /login 200 in 1229ms
 GET /signup 200 in 1232ms
 GET /api/auth/session 200 in 103ms
 GET /api/auth/session 200 in 77ms
 GET /api/auth/session 200 in 78ms
 GET /api/auth/session 200 in 91ms
 GET /api/auth/session 200 in 84ms
 GET /api/auth/session 200 in 81ms
 GET /api/auth/csrf 200 in 89ms
 ✓ Compiled /api/signup in 158ms (598 modules)
 POST /api/signup 200 in 679ms
 GET / 200 in 128ms
 GET /api/auth/signin 302 in 100ms
 GET /login?callbackUrl=https://1905ad134.preview.abacusai.app 200 in 100ms
 GET /api/auth/csrf 200 in 78ms
 POST /api/auth/callback/credentials 302 in 395ms
 ✓ Compiled /middleware in 470ms (174 modules)
 ○ Compiling /dashboard ...
 ✓ Compiled /dashboard in 2.9s (3030 modules)
 GET /dashboard 200 in 3256ms
 GET / 200 in 203ms
 GET /dashboard 200 in 180ms
 GET /api/auth/session 200 in 183ms
 ✓ Compiled /api/dashboard/agenda in 377ms (1668 modules)
 ✓ Compiled (1679 modules)
 GET /api/auth/session 200 in 1054ms
 GET /api/dashboard/agenda 200 in 1115ms
 GET /api/notifications?limit=10 200 in 1122ms
 GET /api/realtime 200 in 843ms
 GET /api/auth/session 200 in 201ms
 GET /api/realtime 200 in 213ms
 GET /api/notifications?limit=10 200 in 214ms
 GET /api/dashboard/agenda 200 in 233ms
 GET /api/auth/session 200 in 235ms
 GET /api/notifications?limit=10 200 in 236ms
 GET /api/realtime 200 in 256ms
 GET /api/dashboard/agenda 200 in 255ms
 GET /api/auth/session 200 in 204ms
 GET /api/notifications?limit=10 200 in 172ms
 GET /api/realtime 200 in 172ms
 GET /api/dashboard/agenda 200 in 242ms
 GET /api/auth/session 200 in 159ms
 GET /api/realtime 200 in 164ms
 GET /api/auth/session 200 in 133ms
 GET /api/realtime 200 in 177ms
 GET /api/realtime 200 in 114ms
 GET /api/realtime 200 in 109ms
 GET /api/realtime 200 in 114ms
 GET /api/realtime 200 in 225ms
 GET /api/realtime 200 in 126ms
 GET /api/realtime 200 in 180ms
 GET /api/realtime 200 in 119ms
 GET /api/realtime 200 in 93ms
 GET /api/realtime 200 in 102ms
 GET /api/realtime 200 in 4075ms
 ○ Compiling /projects/[id] ...
 ✓ Compiled /projects/[id] in 4.2s (3573 modules)
 GET /projects/new 200 in 5396ms
 GET /budget 200 in 5454ms
 GET /inspections 200 in 5418ms
 GET /equipment 200 in 5408ms
 GET /documents 200 in 5407ms
 GET /meetings 200 in 5337ms
 GET /reports 200 in 5346ms
 GET /settings 200 in 5348ms
 GET /submittals 200 in 5436ms
 GET /safety 200 in 5436ms
 GET /team 200 in 5445ms
 GET /punch-lists 200 in 5370ms
 GET /projects 200 in 5361ms
 GET /company 200 in 5463ms
 GET /daily-reports 200 in 5552ms
 GET /rfis 200 in 5489ms
 GET /tasks 200 in 5522ms
 GET /projects/project-riverside-homes 200 in 5714ms
 GET /projects/project-mall-renovation 200 in 5721ms
 GET /projects/project-downtown-office 200 in 5740ms
 GET /api/notifications?limit=10 200 in 289ms
 GET /api/auth/session 200 in 356ms
 GET /api/realtime 200 in 218ms
 GET /api/notifications?limit=10 200 in 382ms
 GET /api/realtime 200 in 565ms
 GET /api/realtime 200 in 569ms
 GET /api/auth/session 200 in 574ms
 GET /api/realtime 200 in 588ms
 GET /api/notifications?limit=10 200 in 770ms
 GET /api/realtime 200 in 595ms
 GET /api/realtime 200 in 252ms
 GET /api/realtime 200 in 664ms
 GET /api/realtime 200 in 632ms
 GET /api/realtime 200 in 508ms
 GET /api/realtime 200 in 598ms
 GET /api/realtime 200 in 696ms
 GET /api/realtime 200 in 599ms
 GET /api/auth/session 200 in 716ms
 ○ Compiling /api/company/stats ...
 GET /api/realtime 200 in 3975ms
 GET /api/realtime 200 in 4137ms
 GET /api/realtime 200 in 3805ms
 GET /api/realtime 200 in 2958ms
 GET /api/realtime 200 in 3685ms
 GET /api/realtime 200 in 4072ms
 GET /api/realtime 200 in 4521ms
 GET /api/realtime 200 in 3518ms
 GET /api/realtime 200 in 3459ms
 GET /api/realtime 200 in 3652ms
 GET /api/realtime 200 in 3471ms
 GET /api/realtime 200 in 4022ms
 ✓ Compiled /api/company/stats in 4.1s (1975 modules)
 GET /api/auth/session 200 in 1662ms
 GET /api/auth/session 200 in 1662ms
 GET /api/auth/session 200 in 1663ms
 GET /api/realtime 200 in 5130ms
 GET /api/notifications?limit=10 200 in 2041ms
 GET /api/notifications?limit=10 200 in 2039ms
 GET /api/notifications?limit=10 200 in 2038ms
 GET /api/notifications?limit=10 200 in 2024ms
 GET /api/realtime 200 in 141ms
 GET /api/realtime 200 in 115ms
 GET /api/realtime 200 in 109ms
 GET /api/realtime 200 in 107ms
 GET /api/realtime 200 in 159ms
 GET /api/realtime 200 in 118ms
 GET /api/realtime 200 in 106ms
 GET /api/realtime 200 in 107ms
 GET /api/realtime 200 in 95ms
 GET /api/realtime 200 in 6750ms
 GET /api/realtime 200 in 51ms
 ○ Compiling /company/invitations ...
 ✓ Compiled /company/invitations in 2.9s (3652 modules)
 GET /company/settings 307 in 3263ms
 GET /change-orders 200 in 3275ms
 GET /company/invitations 200 in 3240ms
 GET /company/usage 200 in 3260ms
 GET /company/team 200 in 3309ms
 GET /dashboard 200 in 334ms
 ○ Compiling /api/company/invitations ...
 ✓ Compiled /api/company/invitations in 927ms (2027 modules)
 GET /api/notifications?limit=10 200 in 1885ms
 GET /api/realtime 200 in 1170ms
 GET /api/realtime 200 in 1552ms
 GET /api/auth/session 200 in 1884ms
 GET /api/dashboard/agenda 200 in 1724ms
 GET /api/company/invitations? 200 in 1928ms
 GET /api/dashboard/agenda 200 in 561ms
 GET /api/realtime 200 in 604ms
 GET /api/realtime 200 in 605ms
 GET /api/auth/session 200 in 555ms
 GET /api/notifications?limit=10 200 in 590ms
 GET /api/company/invitations? 200 in 579ms
 GET /api/dashboard/agenda 200 in 268ms
 GET /api/realtime 200 in 285ms
 GET /api/auth/session 200 in 248ms
 GET /api/company/invitations? 200 in 250ms
 GET /api/notifications?limit=10 200 in 253ms
 GET /api/realtime 200 in 295ms
 GET /api/realtime 200 in 295ms
 GET /api/auth/session 200 in 348ms
 GET /api/company/invitations? 200 in 360ms
 GET /api/dashboard/agenda 200 in 364ms
 GET /api/notifications?limit=10 200 in 395ms
 GET /api/realtime 200 in 413ms
 GET /api/realtime 200 in 281ms
 GET /api/auth/session 200 in 234ms
 GET /api/notifications?limit=10 200 in 292ms
 GET /api/realtime 200 in 299ms
 GET /api/auth/session 200 in 199ms
 GET /api/realtime 200 in 3749ms
 GET /api/realtime 200 in 221ms
 GET /api/notifications?limit=10 200 in 225ms
 GET /api/auth/session 200 in 150ms
 GET /api/realtime 200 in 463ms
 GET /api/notifications?limit=10 200 in 146ms
 GET /api/realtime 200 in 80ms
 GET /api/auth/session 200 in 161ms
 GET /api/notifications?limit=10 200 in 180ms
 GET /api/realtime 200 in 183ms
 GET /api/auth/session 200 in 117ms
 GET /api/realtime 200 in 130ms
 GET /api/auth/session 200 in 49ms
 GET /api/realtime 200 in 4159ms
 GET /api/auth/session 200 in 101ms
 GET /api/auth/session 200 in 82ms
 GET /api/auth/session 200 in 83ms
 GET /api/auth/session 200 in 98ms
 ✓ Compiled in 1403ms (1643 modules)
[?25h
