  ▲ Next.js 14.2.28
  - Local:        http://localhost:3000
  - Environments: .env
  - Experiments (use with caution):
    · outputFileTracingRoot

 ✓ Starting...
 ✓ Ready in 1371ms
 ○ Compiling / ...
 ✓ Compiled / in 2.3s (596 modules)
 GET / 200 in 2791ms
 ✓ Compiled in 494ms (296 modules)
 ✓ Compiled /api/auth/[...nextauth] in 491ms (541 modules)
 GET /api/auth/providers 200 in 988ms
 GET / 200 in 106ms
 GET /api/auth/session 200 in 58ms
 GET /api/auth/session 200 in 47ms
 ○ Compiling /signup ...
 ✓ Compiled /signup in 956ms (881 modules)
 GET /login 200 in 1143ms
 GET /signup 200 in 1127ms
 GET /api/auth/session 200 in 74ms
 GET /api/auth/session 200 in 47ms
 GET /api/auth/session 200 in 45ms
 GET /api/auth/session 200 in 45ms
 GET /api/auth/session 200 in 59ms
 GET /api/auth/csrf 200 in 68ms
 ✓ Compiled /api/signup in 137ms (597 modules)
 POST /api/signup 200 in 632ms
 GET / 200 in 85ms
 GET /api/auth/signin 302 in 68ms
 GET /login?callbackUrl=https://4b8f6bc33.preview.abacusai.app 200 in 60ms
 GET /api/auth/csrf 200 in 48ms
 POST /api/auth/callback/credentials 302 in 346ms
 ✓ Compiled /middleware in 208ms (174 modules)
 ○ Compiling /dashboard ...
 ✓ Compiled /dashboard in 2.3s (2857 modules)
 GET /dashboard 200 in 2627ms
 GET / 200 in 89ms
 GET /dashboard 200 in 77ms
 GET /api/auth/session 200 in 83ms
 ✓ Compiled /api/notifications in 296ms (1582 modules)
 ✓ Compiled (1584 modules)
 GET /api/auth/session 200 in 683ms
 GET /api/notifications?limit=10 200 in 746ms
 GET /api/realtime 200 in 416ms
 GET /api/auth/session 200 in 70ms
 GET /api/notifications?limit=10 200 in 126ms
 GET /api/realtime 200 in 121ms
 GET /api/auth/session 200 in 123ms
 GET /api/notifications?limit=10 200 in 131ms
 GET /api/realtime 200 in 105ms
 GET /api/auth/session 200 in 81ms
 GET /api/notifications?limit=10 200 in 93ms
 GET /api/realtime 200 in 103ms
 GET /api/realtime 200 in 74ms
 GET /api/realtime 200 in 71ms
 GET /api/realtime 200 in 100ms
 GET /api/realtime 200 in 70ms
 GET /api/realtime 200 in 94ms
 GET /api/realtime 200 in 208ms
 GET /api/realtime 200 in 64ms
 GET /api/realtime 200 in 80ms
 GET /api/realtime 200 in 73ms
 GET /api/realtime 200 in 72ms
 GET /api/realtime 200 in 75ms
 GET /api/realtime 200 in 71ms
 GET /api/realtime 200 in 110ms
 GET /api/realtime 200 in 66ms
 GET /api/realtime 200 in 83ms
 GET /api/realtime 200 in 64ms
 GET /api/realtime 200 in 69ms
 GET /api/realtime 200 in 64ms
 GET /api/realtime 200 in 71ms
 GET /api/realtime 200 in 67ms
 GET /api/realtime 200 in 81ms
 GET /api/realtime 200 in 78ms
 GET /api/realtime 200 in 65ms
 GET /api/realtime 200 in 62ms
 GET /api/realtime 200 in 70ms
 GET /api/realtime 200 in 78ms
 GET /api/realtime 200 in 71ms
 GET /api/realtime 200 in 89ms
 GET /api/realtime 200 in 67ms
 GET /api/realtime 200 in 71ms
 GET /api/realtime 200 in 67ms
 GET /api/realtime 200 in 98ms
 GET /api/realtime 200 in 63ms
 GET /api/realtime 200 in 62ms
 GET /api/realtime 200 in 71ms
 GET /api/realtime 200 in 72ms
 GET /api/realtime 200 in 69ms
 GET /api/realtime 200 in 73ms
 GET /api/realtime 200 in 64ms
 GET /api/realtime 200 in 65ms
 GET /api/realtime 200 in 67ms
 GET /api/realtime 200 in 69ms
 GET /api/realtime 200 in 66ms
 GET /api/realtime 200 in 66ms
 GET /api/realtime 200 in 71ms
 GET /api/realtime 200 in 70ms
 GET /api/realtime 200 in 63ms
 GET /api/realtime 200 in 80ms
 GET /api/realtime 200 in 143ms
 GET /api/realtime 200 in 74ms
 GET /api/realtime 200 in 90ms
 GET /api/realtime 200 in 71ms
 GET /api/realtime 200 in 67ms
 GET /api/realtime 200 in 6986ms
 ○ Compiling /meetings ...
 ✓ Compiled /meetings in 3.9s (3457 modules)
prisma:error 
Invalid `_lib_db__WEBPACK_IMPORTED_MODULE_4__.prisma.timeEntry.findMany()` invocation in
/home/ubuntu/cortexbuild_pro/nextjs_space/.next/server/app/(dashboard)/time-tracking/page.js:5276:63

  5273         title: "asc"
  5274     }
  5275 }),
→ 5276 _lib_db__WEBPACK_IMPORTED_MODULE_4__.prisma.timeEntry.findMany(
Too many database connections opened: FATAL: too many connections for role "role_ddaacb0a0"
Prisma Accelerate has built-in connection pooling to prevent such errors: https://pris.ly/client/error-accelerate
prisma:error 
Invalid `_lib_db__WEBPACK_IMPORTED_MODULE_4__.prisma.teamMember.findMany()` invocation in
/home/ubuntu/cortexbuild_pro/nextjs_space/.next/server/app/(dashboard)/time-tracking/page.js:5314:64

  5311     },
  5312     take: 100
  5313 }),
→ 5314 _lib_db__WEBPACK_IMPORTED_MODULE_4__.prisma.teamMember.findMany(
Too many database connections opened: FATAL: too many connections for role "role_ddaacb0a0"
Prisma Accelerate has built-in connection pooling to prevent such errors: https://pris.ly/client/error-accelerate
prisma:error 
Invalid `_lib_db__WEBPACK_IMPORTED_MODULE_4__.prisma.safetyIncident.findMany()` invocation in
/home/ubuntu/cortexbuild_pro/nextjs_space/.next/server/app/(dashboard)/safety/page.js:5718:68

  5715         name: "asc"
  5716     }
  5717 }),
→ 5718 _lib_db__WEBPACK_IMPORTED_MODULE_4__.prisma.safetyIncident.findMany(
Too many database connections opened: FATAL: too many connections for role "role_ddaacb0a0"
Prisma Accelerate has built-in connection pooling to prevent such errors: https://pris.ly/client/error-accelerate
prisma:error 
Invalid `_lib_db__WEBPACK_IMPORTED_MODULE_4__.prisma.activityLog.findMany()` invocation in
/home/ubuntu/cortexbuild_pro/nextjs_space/.next/server/app/(company)/company/page.js:3275:65

  3272         updatedAt: "desc"
  3273     }
  3274 }),
→ 3275 _lib_db__WEBPACK_IMPORTED_MODULE_4__.prisma.activityLog.findMany(
Too many database connections opened: FATAL: too many connections for role "role_ddaacb0a0"
Prisma Accelerate has built-in connection pooling to prevent such errors: https://pris.ly/client/error-accelerate
prisma:error 
Invalid `_lib_db__WEBPACK_IMPORTED_MODULE_4__.prisma.teamInvitation.count()` invocation in
/home/ubuntu/cortexbuild_pro/nextjs_space/.next/server/app/(company)/company/page.js:3293:68

  3290         createdAt: "desc"
  3291     }
  3292 }),
→ 3293 _lib_db__WEBPACK_IMPORTED_MODULE_4__.prisma.teamInvitation.count(
Too many database connections opened: FATAL: too many connections for role "role_ddaacb0a0"
Prisma Accelerate has built-in connection pooling to prevent such errors: https://pris.ly/client/error-accelerate
prisma:error 
Invalid `_lib_db__WEBPACK_IMPORTED_MODULE_4__.prisma.organization.findUnique()` invocation in
/home/ubuntu/cortexbuild_pro/nextjs_space/.next/server/app/(company)/company/page.js:3220:66

  3217 }
  3218 // Fetch organization with all related data
  3219 const [organizationData, teamMembers, projects, recentActivity, pendingInvitations] = await Promise.all([
→ 3220     _lib_db__WEBPACK_IMPORTED_MODULE_4__.prisma.organization.findUnique(
Too many database connections opened: FATAL: too many connections for role "role_ddaacb0a0"
Prisma Accelerate has built-in connection pooling to prevent such errors: https://pris.ly/client/error-accelerate
prisma:error 
Invalid `_lib_db__WEBPACK_IMPORTED_MODULE_4__.prisma.rFI.findMany()` invocation in
/home/ubuntu/cortexbuild_pro/nextjs_space/.next/server/app/(dashboard)/rfis/page.js:5524:57

  5521         name: "asc"
  5522     }
  5523 }),
→ 5524 _lib_db__WEBPACK_IMPORTED_MODULE_4__.prisma.rFI.findMany(
Too many database connections opened: FATAL: too many connections for role "role_ddaacb0a0"
Prisma Accelerate has built-in connection pooling to prevent such errors: https://pris.ly/client/error-accelerate
prisma:error 
Invalid `_lib_db__WEBPACK_IMPORTED_MODULE_4__.prisma.teamMember.findMany()` invocation in
/home/ubuntu/cortexbuild_pro/nextjs_space/.next/server/app/(dashboard)/rfis/page.js:5561:64

  5558         createdAt: "desc"
  5559     }
  5560 }),
→ 5561 _lib_db__WEBPACK_IMPORTED_MODULE_4__.prisma.teamMember.findMany(
Too many database connections opened: FATAL: too many connections for role "role_ddaacb0a0"
Prisma Accelerate has built-in connection pooling to prevent such errors: https://pris.ly/client/error-accelerate
 GET /projects/new 200 in 4967ms
 GET /budget 200 in 5022ms
 GET /milestones 200 in 5023ms
 GET /materials 200 in 5022ms
 GET /settings 200 in 4971ms
 GET /documents 200 in 4973ms
 GET /reports 200 in 4977ms
 GET /inspections 200 in 4972ms
 GET /equipment 200 in 4973ms
 GET /daily-reports 200 in 4930ms
 GET /meetings 200 in 4930ms
 GET /punch-lists 200 in 4932ms
 GET /change-orders 200 in 4934ms
 GET /submittals 200 in 4980ms
 GET /team 200 in 4986ms
 GET /projects 200 in 4982ms
 GET /tasks 200 in 4983ms
 GET /safety 500 in 4941ms
 GET /time-tracking 500 in 5037ms
 GET /company 500 in 4986ms
 GET /rfis 500 in 4942ms
 GET /subcontractors 200 in 5062ms
 GET /api/notifications?limit=10 200 in 293ms
 GET /api/realtime 200 in 210ms
 GET /api/realtime 200 in 275ms
 GET /api/auth/session 200 in 373ms
 GET /api/realtime 200 in 232ms
 GET /api/realtime 200 in 339ms
 GET /api/realtime 200 in 606ms
 GET /api/notifications?limit=10 200 in 720ms
 GET /api/realtime 200 in 706ms
 GET /api/realtime 200 in 690ms
 GET /api/realtime 200 in 521ms
 GET /api/realtime 200 in 547ms
 GET /api/auth/session 200 in 653ms
 GET /api/realtime 200 in 603ms
 GET /api/realtime 200 in 511ms
 GET /api/realtime 200 in 465ms
 GET /api/realtime 200 in 437ms
 GET /api/notifications?limit=10 200 in 436ms
 GET /api/realtime 200 in 482ms
 GET /api/realtime 200 in 450ms
 GET /api/realtime 200 in 451ms
 GET /api/realtime 200 in 467ms
 GET /api/realtime 200 in 430ms
 GET /api/realtime 200 in 281ms
 GET /api/realtime 200 in 539ms
 GET /api/realtime 200 in 537ms
 GET /api/auth/session 200 in 628ms
 GET /api/realtime 200 in 596ms
 GET /api/realtime 200 in 644ms
 GET /api/realtime 200 in 562ms
 GET /api/realtime 200 in 477ms
 GET /api/realtime 200 in 498ms
 GET /api/realtime 200 in 481ms
 GET /api/realtime 200 in 483ms
 GET /api/realtime 200 in 482ms
 GET /api/realtime 200 in 484ms
 GET /api/realtime 200 in 484ms
 GET /api/notifications?limit=10 200 in 594ms
 GET /api/realtime 200 in 469ms
 GET /api/realtime 200 in 512ms
 GET /api/realtime 200 in 438ms
 GET /api/realtime 200 in 443ms
 GET /api/realtime 200 in 444ms
 GET /api/realtime 200 in 418ms
 GET /api/auth/session 200 in 462ms
 GET /api/realtime 200 in 426ms
 GET /api/realtime 200 in 445ms
 GET /api/realtime 200 in 418ms
 GET /api/realtime 200 in 420ms
 GET /api/realtime 200 in 416ms
 GET /api/realtime 200 in 414ms
 GET /api/realtime 200 in 415ms
 GET /api/realtime 200 in 415ms
 GET /api/realtime 200 in 419ms
 GET /api/realtime 200 in 376ms
 GET /api/realtime 200 in 432ms
 GET /api/realtime 200 in 458ms
 GET /api/notifications?limit=10 200 in 414ms
 GET /api/realtime 200 in 371ms
 GET /api/realtime 200 in 314ms
 GET /api/realtime 200 in 354ms
 GET /api/realtime 200 in 297ms
 GET /api/realtime 200 in 297ms
 GET /api/realtime 200 in 378ms
 GET /api/realtime 200 in 374ms
 GET /api/realtime 200 in 331ms
 GET /api/realtime 200 in 463ms
 GET /api/realtime 200 in 375ms
 GET /api/auth/session 200 in 401ms
 GET /api/realtime 200 in 337ms
 GET /api/realtime 200 in 395ms
 GET /api/realtime 200 in 397ms
 GET /api/realtime 200 in 396ms
 GET /api/realtime 200 in 370ms
 GET /api/notifications?limit=10 200 in 371ms
 GET /api/realtime 200 in 386ms
 GET /api/realtime 200 in 389ms
 GET /api/realtime 200 in 357ms
 GET /api/realtime 200 in 351ms
 GET /api/realtime 200 in 394ms
 GET /api/realtime 200 in 391ms
 GET /api/realtime 200 in 279ms
 GET /api/realtime 200 in 309ms
 GET /api/realtime 200 in 295ms
 GET /api/realtime 200 in 298ms
 GET /api/realtime 200 in 297ms
 GET /api/realtime 200 in 299ms
 GET /api/realtime 200 in 302ms
 GET /api/auth/session 200 in 333ms
 GET /api/realtime 200 in 270ms
 GET /api/realtime 200 in 304ms
 GET /api/realtime 200 in 305ms
 GET /api/realtime 200 in 307ms
 GET /api/realtime 200 in 308ms
 GET /api/realtime 200 in 300ms
 GET /api/realtime 200 in 307ms
 GET /api/realtime 200 in 310ms
 GET /api/realtime 200 in 302ms
 GET /api/realtime 200 in 337ms
 GET /api/realtime 200 in 316ms
 GET /api/notifications?limit=10 200 in 309ms
 GET /api/realtime 200 in 195ms
 GET /api/realtime 200 in 196ms
 GET /api/realtime 200 in 197ms
 GET /api/realtime 200 in 197ms
 GET /api/realtime 200 in 199ms
 GET /api/realtime 200 in 199ms
 GET /api/realtime 200 in 207ms
 GET /api/realtime 200 in 168ms
 GET /api/auth/session 200 in 177ms
 GET /api/realtime 200 in 214ms
 GET /api/realtime 200 in 324ms
 GET /api/realtime 200 in 331ms
 GET /api/realtime 200 in 336ms
 GET /api/realtime 200 in 336ms
 GET /api/realtime 200 in 328ms
 GET /api/realtime 200 in 338ms
 GET /api/realtime 200 in 251ms
 GET /api/realtime 200 in 334ms
 GET /api/realtime 200 in 343ms
 GET /api/realtime 200 in 344ms
 GET /api/notifications?limit=10 200 in 314ms
 GET /api/realtime 200 in 336ms
 GET /api/realtime 200 in 360ms
 GET /api/realtime 200 in 319ms
 GET /api/realtime 200 in 363ms
 GET /api/realtime 200 in 438ms
 GET /api/realtime 200 in 490ms
 GET /api/realtime 200 in 395ms
 GET /api/auth/session 200 in 454ms
 GET /api/realtime 200 in 386ms
 GET /api/realtime 200 in 454ms
 GET /api/realtime 200 in 453ms
 GET /api/realtime 200 in 452ms
 GET /api/realtime 200 in 455ms
 GET /api/realtime 200 in 728ms
 GET /api/realtime 200 in 459ms
 GET /api/realtime 200 in 395ms
 GET /api/realtime 200 in 394ms
 GET /api/notifications?limit=10 200 in 403ms
 GET /api/realtime 200 in 401ms
 GET /api/realtime 200 in 403ms
 GET /api/realtime 200 in 358ms
 GET /api/realtime 200 in 362ms
 GET /api/realtime 200 in 362ms
 GET /api/realtime 200 in 364ms
 GET /api/realtime 200 in 281ms
 GET /api/realtime 200 in 317ms
 GET /api/realtime 200 in 321ms
 GET /api/auth/session 200 in 299ms
 GET /api/realtime 200 in 242ms
 GET /api/realtime 200 in 2751ms
 GET /api/realtime 200 in 2811ms
 GET /api/realtime 200 in 259ms
 GET /api/realtime 200 in 3696ms
 GET /api/realtime 200 in 4321ms
 GET /api/realtime 200 in 273ms
 GET /api/realtime 200 in 285ms
 GET /api/realtime 200 in 286ms
 GET /api/realtime 200 in 288ms
 GET /api/realtime 200 in 269ms
 GET /api/realtime 200 in 294ms
 GET /api/realtime 200 in 295ms
 GET /api/realtime 200 in 296ms
 GET /api/realtime 200 in 313ms
 GET /api/notifications?limit=10 200 in 307ms
 GET /api/realtime 200 in 356ms
 GET /api/realtime 200 in 347ms
 GET /api/realtime 200 in 340ms
 GET /api/realtime 200 in 342ms
 GET /api/realtime 200 in 246ms
 GET /api/realtime 200 in 2912ms
 GET /api/realtime 200 in 337ms
 GET /api/realtime 200 in 178ms
 GET /api/auth/session 200 in 319ms
 GET /api/realtime 200 in 338ms
 GET /api/realtime 200 in 338ms
 GET /api/realtime 200 in 339ms
 GET /api/realtime 200 in 340ms
 GET /api/realtime 200 in 334ms
 GET /api/realtime 200 in 339ms
 GET /api/notifications?limit=10 200 in 301ms
 GET /api/realtime 200 in 301ms
 GET /api/realtime 200 in 295ms
 GET /api/realtime 200 in 296ms
 GET /api/realtime 200 in 297ms
 GET /api/realtime 200 in 298ms
 GET /api/realtime 200 in 263ms
 GET /api/realtime 200 in 261ms
 GET /api/realtime 200 in 158ms
 GET /api/realtime 200 in 160ms
 GET /api/realtime 200 in 160ms
 GET /api/realtime 200 in 159ms
 GET /api/realtime 200 in 167ms
 GET /api/auth/session 200 in 213ms
 GET /api/notifications?limit=10 200 in 218ms
 GET /api/realtime 200 in 245ms
 GET /api/realtime 200 in 335ms
 GET /api/realtime 200 in 325ms
 GET /api/realtime 200 in 308ms
 GET /api/realtime 200 in 192ms
 GET /api/realtime 200 in 192ms
 GET /api/realtime 200 in 245ms
 GET /api/realtime 200 in 274ms
 GET /api/realtime 200 in 226ms
 GET /api/realtime 200 in 240ms
 GET /api/realtime 200 in 379ms
 GET /api/realtime 200 in 374ms
 GET /api/auth/session 200 in 331ms
 GET /api/realtime 200 in 387ms
 GET /api/realtime 200 in 318ms
 GET /api/realtime 200 in 463ms
 GET /api/notifications?limit=10 200 in 460ms
 GET /api/realtime 200 in 391ms
 GET /api/realtime 200 in 365ms
 GET /api/realtime 200 in 408ms
 GET /api/realtime 200 in 390ms
 GET /api/realtime 200 in 435ms
 GET /api/realtime 200 in 456ms
 GET /api/realtime 200 in 492ms
 GET /api/realtime 200 in 513ms
 GET /api/realtime 200 in 593ms
 GET /api/realtime 200 in 412ms
 GET /api/realtime 200 in 666ms
 GET /api/auth/session 200 in 389ms
 GET /api/realtime 200 in 388ms
 GET /api/realtime 200 in 479ms
 GET /api/realtime 200 in 569ms
 GET /api/notifications?limit=10 200 in 434ms
 GET /api/realtime 200 in 499ms
 GET /api/realtime 200 in 478ms
 GET /api/realtime 200 in 496ms
 GET /api/realtime 200 in 439ms
 GET /api/realtime 200 in 541ms
 GET /api/realtime 200 in 612ms
 GET /api/realtime 200 in 6397ms
 GET /api/realtime 200 in 693ms
 GET /api/realtime 200 in 488ms
 GET /api/realtime 200 in 489ms
 GET /api/realtime 200 in 490ms
 GET /api/realtime 200 in 6347ms
 GET /api/realtime 200 in 274ms
 GET /api/realtime 200 in 5356ms
 GET /api/realtime 200 in 6683ms
 GET /api/auth/session 200 in 473ms
 GET /api/realtime 200 in 6535ms
 GET /api/notifications?limit=10 200 in 245ms
 GET /api/realtime 200 in 347ms
 GET /api/realtime 200 in 338ms
 GET /api/realtime 200 in 256ms
 GET /api/realtime 200 in 420ms
 GET /api/realtime 200 in 325ms
 GET /api/realtime 200 in 327ms
 GET /api/realtime 200 in 320ms
 GET /api/realtime 200 in 319ms
 GET /api/realtime 200 in 5865ms
 GET /api/realtime 200 in 5382ms
 GET /api/notifications?limit=10 200 in 152ms
 GET /api/notifications?limit=10 200 in 153ms
 GET /api/realtime 200 in 6864ms
 GET /api/notifications?limit=10 200 in 170ms
 GET /api/notifications?limit=10 200 in 171ms
 GET /api/realtime 200 in 137ms
 GET /api/notifications?limit=10 200 in 178ms
 GET /api/notifications?limit=10 200 in 171ms
 GET /api/notifications?limit=10 200 in 177ms
 GET /api/notifications?limit=10 200 in 177ms
 GET /api/notifications?limit=10 200 in 180ms
 GET /api/notifications?limit=10 200 in 173ms
 GET /api/realtime 200 in 5623ms
 GET /api/notifications?limit=10 200 in 363ms
 GET /api/notifications?limit=10 200 in 357ms
 GET /api/auth/session 200 in 366ms
 GET /api/notifications?limit=10 200 in 374ms
 GET /api/notifications?limit=10 200 in 374ms
 GET /api/realtime 200 in 5627ms
 GET /api/notifications?limit=10 200 in 376ms
 GET /api/notifications?limit=10 200 in 376ms
 GET /api/notifications?limit=10 200 in 368ms
 GET /api/notifications?limit=10 200 in 375ms
 GET /api/realtime 200 in 5781ms
 GET /api/notifications?limit=10 200 in 369ms
 GET /api/notifications?limit=10 200 in 375ms
 GET /api/notifications?limit=10 200 in 376ms
 GET /api/notifications?limit=10 200 in 386ms
 GET /api/notifications?limit=10 200 in 395ms
 GET /api/notifications?limit=10 200 in 377ms
 GET /api/realtime 200 in 6780ms
 GET /api/notifications?limit=10 200 in 407ms
 GET /api/notifications?limit=10 200 in 390ms
 GET /api/notifications?limit=10 200 in 390ms
prisma:error 
Invalid `_lib_db__WEBPACK_IMPORTED_MODULE_3__.prisma.activityLog.findMany()` invocation in
/home/ubuntu/cortexbuild_pro/nextjs_space/.next/server/app/api/notifications/route.js:280:90

  277         id: true
  278     }
  279 });
→ 280 const activities = await _lib_db__WEBPACK_IMPORTED_MODULE_3__.prisma.activityLog.findMany(
Too many database connections opened: FATAL: too many connections for role "role_ddaacb0a0"
Prisma Accelerate has built-in connection pooling to prevent such errors: https://pris.ly/client/error-accelerate
prisma:error 
Invalid `_lib_db__WEBPACK_IMPORTED_MODULE_3__.prisma.activityLog.findMany()` invocation in
/home/ubuntu/cortexbuild_pro/nextjs_space/.next/server/app/api/notifications/route.js:280:90

  277         id: true
  278     }
  279 });
→ 280 const activities = await _lib_db__WEBPACK_IMPORTED_MODULE_3__.prisma.activityLog.findMany(
Too many database connections opened: FATAL: too many connections for role "role_ddaacb0a0"
Prisma Accelerate has built-in connection pooling to prevent such errors: https://pris.ly/client/error-accelerate
prisma:error 
Invalid `_lib_db__WEBPACK_IMPORTED_MODULE_3__.prisma.activityLog.findMany()` invocation in
/home/ubuntu/cortexbuild_pro/nextjs_space/.next/server/app/api/notifications/route.js:280:90

  277         id: true
  278     }
  279 });
→ 280 const activities = await _lib_db__WEBPACK_IMPORTED_MODULE_3__.prisma.activityLog.findMany(
Too many database connections opened: FATAL: too many connections for role "role_ddaacb0a0"
Prisma Accelerate has built-in connection pooling to prevent such errors: https://pris.ly/client/error-accelerate
prisma:error 
Invalid `_lib_db__WEBPACK_IMPORTED_MODULE_3__.prisma.activityLog.findMany()` invocation in
/home/ubuntu/cortexbuild_pro/nextjs_space/.next/server/app/api/notifications/route.js:280:90

  277         id: true
  278     }
  279 });
→ 280 const activities = await _lib_db__WEBPACK_IMPORTED_MODULE_3__.prisma.activityLog.findMany(
Too many database connections opened: FATAL: too many connections for role "role_ddaacb0a0"
Prisma Accelerate has built-in connection pooling to prevent such errors: https://pris.ly/client/error-accelerate
prisma:error 
Invalid `_lib_db__WEBPACK_IMPORTED_MODULE_3__.prisma.activityLog.findMany()` invocation in
/home/ubuntu/cortexbuild_pro/nextjs_space/.next/server/app/api/notifications/route.js:280:90

  277         id: true
  278     }
  279 });
→ 280 const activities = await _lib_db__WEBPACK_IMPORTED_MODULE_3__.prisma.activityLog.findMany(
Too many database connections opened: FATAL: too many connections for role "role_ddaacb0a0"
Prisma Accelerate has built-in connection pooling to prevent such errors: https://pris.ly/client/error-accelerate
prisma:error 
Invalid `_lib_db__WEBPACK_IMPORTED_MODULE_3__.prisma.activityLog.findMany()` invocation in
/home/ubuntu/cortexbuild_pro/nextjs_space/.next/server/app/api/notifications/route.js:280:90

  277         id: true
  278     }
  279 });
→ 280 const activities = await _lib_db__WEBPACK_IMPORTED_MODULE_3__.prisma.activityLog.findMany(
Too many database connections opened: FATAL: too many connections for role "role_ddaacb0a0"
Prisma Accelerate has built-in connection pooling to prevent such errors: https://pris.ly/client/error-accelerate
prisma:error 
Invalid `_lib_db__WEBPACK_IMPORTED_MODULE_3__.prisma.activityLog.findMany()` invocation in
/home/ubuntu/cortexbuild_pro/nextjs_space/.next/server/app/api/notifications/route.js:280:90

  277         id: true
  278     }
  279 });
→ 280 const activities = await _lib_db__WEBPACK_IMPORTED_MODULE_3__.prisma.activityLog.findMany(
Too many database connections opened: FATAL: too many connections for role "role_ddaacb0a0"
Prisma Accelerate has built-in connection pooling to prevent such errors: https://pris.ly/client/error-accelerate
 GET /api/notifications?limit=10 500 in 418ms
 GET /api/realtime 200 in 381ms
 GET /api/auth/session 200 in 126ms
 GET /api/realtime 200 in 139ms
 GET /api/realtime 200 in 80ms
 GET /api/auth/session 200 in 107ms
 GET /api/realtime 200 in 79ms
 GET /api/auth/session 200 in 50ms
 GET /api/realtime 200 in 84ms
 GET /api/auth/session 200 in 60ms
 GET /api/realtime 200 in 128ms
 GET /api/auth/session 200 in 110ms
 GET /api/realtime 200 in 81ms
 GET /api/auth/session 200 in 52ms
 GET /api/auth/session 200 in 64ms
 GET /api/realtime 200 in 103ms
 GET /api/auth/session 200 in 120ms
 GET /api/realtime 200 in 130ms
 GET /api/realtime 200 in 64ms
 GET /api/realtime 200 in 70ms
 GET /api/realtime 200 in 79ms
 GET /api/realtime 200 in 66ms
 GET /api/realtime 200 in 63ms
 GET /api/realtime 200 in 62ms
 GET /api/realtime 200 in 67ms
 GET /api/realtime 200 in 66ms
 GET /api/realtime 200 in 63ms
 GET /api/realtime 200 in 64ms
 GET /api/realtime 200 in 69ms
 GET /api/realtime 200 in 73ms
 GET /api/realtime 200 in 76ms
 GET /api/realtime 200 in 72ms
 GET /api/realtime 200 in 67ms
 GET /api/realtime 200 in 74ms
 GET /api/realtime 200 in 79ms
 GET /api/realtime 200 in 69ms
 GET /api/realtime 200 in 102ms
 GET /api/realtime 200 in 125ms
 GET /api/realtime 200 in 97ms
 GET /api/realtime 200 in 67ms
 GET /api/realtime 200 in 90ms
 GET /api/realtime 200 in 85ms
 GET /api/realtime 200 in 78ms
 GET /api/realtime 200 in 10207ms
 ○ Compiling /projects/[id] ...
 ✓ Compiled /projects/[id] in 1856ms (3531 modules)
 GET /projects/project-mall-renovation 200 in 2486ms
 GET /projects/project-riverside-homes 200 in 2487ms
 GET /projects/project-downtown-office 200 in 2473ms
 GET /api/notifications?limit=10 200 in 131ms
 GET /api/realtime 200 in 174ms
 GET /api/realtime 200 in 193ms
 GET /api/auth/session 200 in 192ms
 GET /api/realtime 200 in 93ms
 GET /api/realtime 200 in 197ms
 GET /api/notifications?limit=10 200 in 246ms
 GET /api/auth/session 200 in 210ms
 GET /api/realtime 200 in 146ms
 GET /api/realtime 200 in 148ms
 GET /api/realtime 200 in 222ms
 GET /api/notifications?limit=10 200 in 243ms
 GET /api/auth/session 200 in 164ms
 GET /api/realtime 200 in 197ms
 GET /api/realtime 200 in 202ms
 GET /api/realtime 200 in 130ms
 GET /api/notifications?limit=10 200 in 122ms
 GET /api/auth/session 200 in 125ms
 GET /api/realtime 200 in 134ms
 GET /api/realtime 200 in 153ms
 GET /api/realtime 200 in 159ms
 GET /api/auth/session 200 in 117ms
 GET /api/notifications?limit=10 200 in 146ms
 GET /api/realtime 200 in 89ms
 GET /api/realtime 200 in 125ms
 GET /api/realtime 200 in 166ms
 GET /api/auth/session 200 in 127ms
 GET /api/realtime 200 in 151ms
 GET /api/notifications?limit=10 200 in 148ms
 GET /api/realtime 200 in 137ms
 GET /api/realtime 200 in 141ms
 GET /api/realtime 200 in 141ms
 GET /api/auth/session 200 in 122ms
 GET /api/notifications?limit=10 200 in 144ms
 GET /api/realtime 200 in 143ms
 GET /api/realtime 200 in 63ms
 GET /api/auth/session 200 in 87ms
 GET /api/realtime 200 in 126ms
 GET /api/notifications?limit=10 200 in 130ms
 GET /api/realtime 200 in 127ms
 GET /api/realtime 200 in 143ms
 GET /api/auth/session 200 in 156ms
 GET /api/realtime 200 in 168ms
 GET /api/notifications?limit=10 200 in 161ms
 GET /api/realtime 200 in 157ms
 GET /api/auth/session 200 in 107ms
 GET /api/realtime 200 in 207ms
 GET /api/notifications?limit=10 200 in 122ms
 GET /api/realtime 200 in 157ms
 GET /api/realtime 200 in 113ms
 GET /api/realtime 200 in 120ms
 GET /api/realtime 200 in 149ms
 GET /api/notifications?limit=10 200 in 116ms
 GET /api/realtime 200 in 134ms
 GET /api/realtime 200 in 114ms
 GET /api/notifications?limit=10 200 in 87ms
 GET /api/realtime 200 in 93ms
 GET /api/realtime 200 in 110ms
 GET /api/realtime 200 in 85ms
 GET /api/realtime 200 in 74ms
 GET /api/realtime 200 in 95ms
 GET /api/realtime 200 in 121ms
 GET /api/realtime 200 in 75ms
 GET /api/realtime 200 in 63ms
 GET /api/realtime 200 in 101ms
 GET /api/realtime 200 in 131ms
 GET /api/realtime 200 in 100ms
 GET /api/realtime 200 in 92ms
 GET /api/realtime 200 in 112ms
 GET /api/realtime 200 in 106ms
 GET /api/realtime 200 in 67ms
 GET /api/realtime 200 in 82ms
 GET /api/realtime 200 in 92ms
 GET /api/realtime 200 in 101ms
 GET /api/realtime 200 in 82ms
 GET /api/realtime 200 in 87ms
 GET /api/realtime 200 in 84ms
 GET /api/realtime 200 in 92ms
 GET /api/realtime 200 in 85ms
 GET /api/realtime 200 in 93ms
 GET /api/realtime 200 in 100ms
 GET /api/realtime 200 in 83ms
 GET /api/realtime 200 in 81ms
 GET /api/realtime 200 in 88ms
 GET /api/realtime 200 in 88ms
 GET /api/realtime 200 in 88ms
 GET /api/realtime 200 in 96ms
 GET /api/realtime 200 in 91ms
 GET /api/realtime 200 in 79ms
 GET /api/realtime 200 in 81ms
 GET /api/realtime 200 in 85ms
 GET /api/realtime 200 in 95ms
 GET /api/realtime 200 in 83ms
 GET /api/realtime 200 in 94ms
 GET /api/realtime 200 in 91ms
 GET /api/realtime 200 in 101ms
 GET /api/realtime 200 in 103ms
 GET /api/realtime 200 in 115ms
 GET /api/realtime 200 in 106ms
 GET /api/realtime 200 in 93ms
 GET /api/realtime 200 in 90ms
 GET /api/realtime 200 in 94ms
 GET /api/realtime 200 in 89ms
 GET /api/realtime 200 in 97ms
 GET /api/realtime 200 in 94ms
 GET /api/realtime 200 in 107ms
 GET /api/realtime 200 in 124ms
 GET /api/realtime 200 in 115ms
 GET /api/realtime 200 in 121ms
 GET /api/realtime 200 in 96ms
 GET /api/realtime 200 in 104ms
 GET /api/realtime 200 in 95ms
 GET /api/realtime 200 in 91ms
 GET /api/realtime 200 in 92ms
 GET /api/realtime 200 in 94ms
 GET /api/realtime 200 in 91ms
 GET /api/realtime 200 in 99ms
 GET /api/realtime 200 in 93ms
 GET /api/realtime 200 in 103ms
 GET /api/realtime 200 in 93ms
 GET /api/realtime 200 in 120ms
 GET /api/realtime 200 in 98ms
 GET /api/realtime 200 in 119ms
 GET /api/realtime 200 in 99ms
 GET /api/realtime 200 in 75ms
 GET /api/realtime 200 in 122ms
 GET /api/realtime 200 in 110ms
 GET /api/realtime 200 in 92ms
 GET /api/realtime 200 in 93ms
 GET /api/realtime 200 in 209ms
 GET /api/realtime 200 in 91ms
 GET /api/realtime 200 in 98ms
 GET /api/realtime 200 in 99ms
 GET /api/realtime 200 in 95ms
 GET /api/realtime 200 in 95ms
 GET /api/realtime 200 in 109ms
 GET /api/realtime 200 in 92ms
 GET /api/realtime 200 in 100ms
 GET /api/realtime 200 in 102ms
 GET /api/realtime 200 in 78ms
 GET /api/realtime 200 in 75ms
 GET /api/realtime 200 in 75ms
 GET /api/realtime 200 in 76ms
 GET /api/realtime 200 in 71ms
 GET /api/realtime 200 in 83ms
 GET /api/realtime 200 in 82ms
 GET /api/realtime 200 in 73ms
 GET /api/realtime 200 in 83ms
 GET /api/realtime 200 in 99ms
 GET /api/realtime 200 in 106ms
 GET /api/realtime 200 in 115ms
 GET /api/realtime 200 in 76ms
 GET /api/realtime 200 in 93ms
 GET /api/realtime 200 in 114ms
 GET /api/realtime 200 in 248ms
 GET /api/realtime 200 in 224ms
 GET /api/realtime 200 in 294ms
 GET /api/realtime 200 in 99ms
 GET /api/realtime 200 in 87ms
 GET /api/realtime 200 in 90ms
 GET /api/realtime 200 in 99ms
 GET /api/realtime 200 in 100ms
 GET /api/realtime 200 in 114ms
 GET /api/realtime 200 in 98ms
 GET /api/realtime 200 in 96ms
 GET /api/realtime 200 in 87ms
 GET /api/realtime 200 in 124ms
 GET /api/realtime 200 in 7010ms
 GET /api/realtime 200 in 86ms
 GET /api/realtime 200 in 7016ms
 GET /api/realtime 200 in 6948ms
[?25h
