 ⨯ PrismaClientKnownRequestError: 
Invalid `_lib_db__WEBPACK_IMPORTED_MODULE_4__.prisma.project.findMany()` invocation in
/home/ubuntu/cortexbuild_pro/nextjs_space/.next/server/app/(dashboard)/punch-lists/page.js:4693:61

  4690     (0,next_navigation__WEBPACK_IMPORTED_MODULE_2__.redirect)("/login");
  4691 }
  4692 const [projects, punchLists, teamMembers] = await Promise.all([
→ 4693     _lib_db__WEBPACK_IMPORTED_MODULE_4__.prisma.project.findMany(
Too many database connections opened: FATAL: too many connections for role "role_ddaacb0a0"
Prisma Accelerate has built-in connection pooling to prevent such errors: https://pris.ly/client/error-accelerate
    at async Promise.all (index 0)
    at async PunchListsPage (/home/ubuntu/cortexbuild_pro/nextjs_space/.next/server/app/(dashboard)/punch-lists/page.js:4692:49)
digest: "850655125"
 ⨯ PrismaClientKnownRequestError: 
Invalid `_lib_db__WEBPACK_IMPORTED_MODULE_3__.prisma.project.findMany()` invocation in
/home/ubuntu/cortexbuild_pro/nextjs_space/.next/server/app/(dashboard)/projects/page.js:5072:80

  5069 async function ProjectsPage() {
  5070     const session = await (0,next_auth__WEBPACK_IMPORTED_MODULE_1__.getServerSession)(_lib_auth_options__WEBPACK_IMPORTED_MODULE_2__.authOptions);
  5071     const orgId = session?.user?.organizationId;
→ 5072     const projects = await _lib_db__WEBPACK_IMPORTED_MODULE_3__.prisma.project.findMany(
Too many database connections opened: FATAL: too many connections for role "role_ddaacb0a0"
Prisma Accelerate has built-in connection pooling to prevent such errors: https://pris.ly/client/error-accelerate
    at async ProjectsPage (/home/ubuntu/cortexbuild_pro/nextjs_space/.next/server/app/(dashboard)/projects/page.js:5072:22)
digest: "2540068250"
 ⨯ PrismaClientKnownRequestError: 
Invalid `_lib_db__WEBPACK_IMPORTED_MODULE_4__.prisma.project.findMany()` invocation in
/home/ubuntu/cortexbuild_pro/nextjs_space/.next/server/app/(dashboard)/punch-lists/page.js:4693:61

  4690     (0,next_navigation__WEBPACK_IMPORTED_MODULE_2__.redirect)("/login");
  4691 }
  4692 const [projects, punchLists, teamMembers] = await Promise.all([
→ 4693     _lib_db__WEBPACK_IMPORTED_MODULE_4__.prisma.project.findMany(
Too many database connections opened: FATAL: too many connections for role "role_ddaacb0a0"
Prisma Accelerate has built-in connection pooling to prevent such errors: https://pris.ly/client/error-accelerate
    at async Promise.all (index 0)
    at async PunchListsPage (/home/ubuntu/cortexbuild_pro/nextjs_space/.next/server/app/(dashboard)/punch-lists/page.js:4692:49)
digest: "850655125"
 ⨯ PrismaClientKnownRequestError: 
Invalid `_lib_db__WEBPACK_IMPORTED_MODULE_3__.prisma.project.findMany()` invocation in
/home/ubuntu/cortexbuild_pro/nextjs_space/.next/server/app/(dashboard)/projects/page.js:5072:80

  5069 async function ProjectsPage() {
  5070     const session = await (0,next_auth__WEBPACK_IMPORTED_MODULE_1__.getServerSession)(_lib_auth_options__WEBPACK_IMPORTED_MODULE_2__.authOptions);
  5071     const orgId = session?.user?.organizationId;
→ 5072     const projects = await _lib_db__WEBPACK_IMPORTED_MODULE_3__.prisma.project.findMany(
Too many database connections opened: FATAL: too many connections for role "role_ddaacb0a0"
Prisma Accelerate has built-in connection pooling to prevent such errors: https://pris.ly/client/error-accelerate
    at async ProjectsPage (/home/ubuntu/cortexbuild_pro/nextjs_space/.next/server/app/(dashboard)/projects/page.js:5072:22)
digest: "2540068250"
 ⨯ PrismaClientKnownRequestError: 
Invalid `_lib_db__WEBPACK_IMPORTED_MODULE_6__.prisma.organization.findUnique()` invocation in
/home/ubuntu/cortexbuild_pro/nextjs_space/.next/server/app/(company)/company/page.js:3370:115

  3367     (0,next_navigation__WEBPACK_IMPORTED_MODULE_2__.redirect)("/dashboard");
  3368 }
  3369 // Fetch organization details
→ 3370 const organizationData = user.organizationId ? await _lib_db__WEBPACK_IMPORTED_MODULE_6__.prisma.organization.findUnique(
Too many database connections opened: FATAL: too many connections for role "role_ddaacb0a0"
Prisma Accelerate has built-in connection pooling to prevent such errors: https://pris.ly/client/error-accelerate
    at async CompanyLayout (/home/ubuntu/cortexbuild_pro/nextjs_space/.next/server/app/(company)/company/page.js:3370:52)
digest: "1761999312"
 ⨯ PrismaClientKnownRequestError: 
Invalid `_lib_db__WEBPACK_IMPORTED_MODULE_4__.prisma.project.findMany()` invocation in
/home/ubuntu/cortexbuild_pro/nextjs_space/.next/server/app/(dashboard)/change-orders/page.js:4995:61

  4992 const organizationId = session.user.organizationId;
  4993 if (!organizationId) (0,next_navigation__WEBPACK_IMPORTED_MODULE_2__.redirect)("/login");
  4994 const [projects, changeOrders] = await Promise.all([
→ 4995     _lib_db__WEBPACK_IMPORTED_MODULE_4__.prisma.project.findMany(
Too many database connections opened: FATAL: too many connections for role "role_ddaacb0a0"
Prisma Accelerate has built-in connection pooling to prevent such errors: https://pris.ly/client/error-accelerate
    at async Promise.all (index 0)
    at async ChangeOrdersPage (/home/ubuntu/cortexbuild_pro/nextjs_space/.next/server/app/(dashboard)/change-orders/page.js:4994:38)
digest: "3225430490"
 ⨯ PrismaClientKnownRequestError: 
Invalid `_lib_db__WEBPACK_IMPORTED_MODULE_6__.prisma.organization.findUnique()` invocation in
/home/ubuntu/cortexbuild_pro/nextjs_space/.next/server/app/(company)/company/page.js:3370:115

  3367     (0,next_navigation__WEBPACK_IMPORTED_MODULE_2__.redirect)("/dashboard");
  3368 }
  3369 // Fetch organization details
→ 3370 const organizationData = user.organizationId ? await _lib_db__WEBPACK_IMPORTED_MODULE_6__.prisma.organization.findUnique(
Too many database connections opened: FATAL: too many connections for role "role_ddaacb0a0"
Prisma Accelerate has built-in connection pooling to prevent such errors: https://pris.ly/client/error-accelerate
    at async CompanyLayout (/home/ubuntu/cortexbuild_pro/nextjs_space/.next/server/app/(company)/company/page.js:3370:52)
digest: "1761999312"
 ⨯ PrismaClientKnownRequestError: 
Invalid `_lib_db__WEBPACK_IMPORTED_MODULE_4__.prisma.project.findMany()` invocation in
/home/ubuntu/cortexbuild_pro/nextjs_space/.next/server/app/(dashboard)/change-orders/page.js:4995:61

  4992 const organizationId = session.user.organizationId;
  4993 if (!organizationId) (0,next_navigation__WEBPACK_IMPORTED_MODULE_2__.redirect)("/login");
  4994 const [projects, changeOrders] = await Promise.all([
→ 4995     _lib_db__WEBPACK_IMPORTED_MODULE_4__.prisma.project.findMany(
Too many database connections opened: FATAL: too many connections for role "role_ddaacb0a0"
Prisma Accelerate has built-in connection pooling to prevent such errors: https://pris.ly/client/error-accelerate
    at async Promise.all (index 0)
    at async ChangeOrdersPage (/home/ubuntu/cortexbuild_pro/nextjs_space/.next/server/app/(dashboard)/change-orders/page.js:4994:38)
digest: "3225430490"
