  ▲ Next.js 14.2.28
  - Local:        http://localhost:3000
  - Environments: .env
  - Experiments (use with caution):
    · outputFileTracingRoot

 ✓ Starting...
 ✓ Ready in 1855ms
 ○ Compiling /api/realtime ...
 ✓ Compiled /api/realtime in 2.2s (838 modules)
 ✓ Compiled in 302ms (296 modules)
 GET / 200 in 2884ms
 GET /api/realtime 200 in 259ms
 ✓ Compiled /api/auth/[...nextauth] in 131ms (544 modules)
 GET /api/auth/providers 200 in 601ms
 GET / 200 in 65ms
 GET /api/auth/session 200 in 60ms
 GET /api/auth/session 200 in 46ms
 ○ Compiling /signup ...
 ✓ Compiled /signup in 742ms (884 modules)
 GET /signup 200 in 941ms
 GET /login 200 in 957ms
 GET /api/auth/session 200 in 76ms
 GET /api/auth/session 200 in 41ms
 GET /api/auth/session 200 in 41ms
 GET /api/auth/session 200 in 43ms
 GET /api/auth/session 200 in 40ms
 GET /api/realtime 200 in 30192ms
 GET /api/realtime 200 in 30186ms
 GET /api/realtime 200 in 30195ms
 GET /api/realtime 200 in 30237ms
 GET /api/realtime 200 in 30204ms
 GET /api/realtime 200 in 30192ms
 GET /api/realtime 200 in 30215ms
 GET /api/auth/csrf 200 in 54ms
 GET /api/realtime 200 in 30216ms
 ✓ Compiled /api/signup in 459ms (600 modules)
 GET /api/realtime 200 in 30206ms
 GET /api/realtime 200 in 30252ms
 POST /api/signup 200 in 1085ms
 GET / 200 in 90ms
 GET /api/realtime 200 in 30200ms
 GET /api/auth/signin 302 in 67ms
 GET /login?callbackUrl=https://267ef8e6d.preview.abacusai.app 200 in 59ms
 GET /api/auth/csrf 200 in 40ms
 GET /api/realtime 200 in 30474ms
 POST /api/auth/callback/credentials 302 in 336ms
 GET /api/realtime 200 in 30228ms
 ✓ Compiled /middleware in 197ms (174 modules)
 GET /api/realtime 200 in 30220ms
 GET /api/realtime 200 in 30223ms
 ○ Compiling /dashboard ...
 GET /api/realtime 200 in 30260ms
 GET /api/realtime 200 in 30199ms
 GET /api/realtime 200 in 30222ms
 GET /api/realtime 200 in 30247ms
 ✓ Compiled /dashboard in 1701ms (2846 modules)
 GET /api/realtime 200 in 30265ms
 GET /dashboard 200 in 2054ms
 GET /api/realtime 200 in 30285ms
 GET / 200 in 66ms
 GET /dashboard 200 in 77ms
 GET /api/realtime 200 in 30208ms
 GET /api/realtime 200 in 30209ms
 GET /api/realtime 200 in 30186ms
 GET /api/realtime 200 in 30198ms
 ○ Compiling /api/notifications ...
 ✓ Compiled /api/notifications in 659ms (1577 modules)
 GET /api/realtime 200 in 30230ms
 GET /api/realtime 200 in 30244ms
 GET /api/auth/session 200 in 1352ms
 GET /api/realtime 200 in 1275ms
 GET /api/realtime 200 in 1234ms
 GET /api/realtime 200 in 1277ms
 GET /api/realtime 200 in 1083ms
 GET /api/notifications?limit=10 200 in 1343ms
 GET /api/auth/session 200 in 111ms
 GET /api/notifications?limit=10 200 in 88ms
 GET /api/realtime 200 in 30193ms
 GET /api/auth/session 200 in 59ms
 GET /api/notifications?limit=10 200 in 76ms
 GET /api/auth/session 200 in 90ms
 GET /api/realtime 200 in 112ms
 GET /api/notifications?limit=10 200 in 100ms
 GET /api/auth/session 200 in 81ms
 GET /api/realtime 200 in 30195ms
 GET /api/realtime 200 in 72ms
 GET /api/auth/session 200 in 58ms
 GET /api/realtime 200 in 30216ms
 GET /api/realtime 200 in 30187ms
 GET /api/realtime 200 in 30203ms
 GET /api/realtime 200 in 30198ms
 GET /api/realtime 200 in 30212ms
 GET /api/realtime 200 in 30211ms
 GET /api/realtime 200 in 30190ms
 GET /api/realtime 200 in 30189ms
 GET /api/realtime 200 in 30191ms
 GET /api/realtime 200 in 30189ms
 GET /api/realtime 200 in 30186ms
 GET /api/realtime 200 in 30188ms
 GET /api/realtime 200 in 30188ms
 GET /api/realtime 200 in 30199ms
 GET /api/realtime 200 in 30219ms
 GET /api/realtime 200 in 30200ms
 GET /api/realtime 200 in 30191ms
 GET /api/realtime 200 in 58ms
 GET /api/realtime 200 in 30200ms
 GET /api/realtime 200 in 30254ms
 ○ Compiling /documents ...
 GET /api/realtime 200 in 30235ms
 GET /api/realtime 200 in 30269ms
 GET /api/realtime 200 in 30266ms
 GET /api/realtime 200 in 30202ms
 GET /api/realtime 200 in 30304ms
 GET /api/realtime 200 in 30298ms
 GET /api/realtime 200 in 30215ms
 GET /api/realtime 200 in 30237ms
 GET /api/realtime 200 in 30325ms
 ✓ Compiled /documents in 3.4s (3274 modules)
 GET /api/realtime 200 in 30324ms
 GET /api/realtime 200 in 30479ms
 GET /api/realtime 200 in 30448ms
 GET /api/realtime 200 in 30385ms
 GET /daily-reports 200 in 4672ms
 GET /projects/new 200 in 4672ms
 GET /rfis 200 in 4674ms
 GET /projects 200 in 4678ms
 GET /change-orders 200 in 4677ms
 GET /safety 200 in 4678ms
 GET /reports 200 in 4679ms
 GET /submittals 200 in 4680ms
 GET /tasks 200 in 4730ms
 GET /settings 200 in 4686ms
 GET /documents 200 in 4686ms
 GET /company 200 in 4693ms
 GET /team 200 in 4696ms
 GET /api/realtime 200 in 30271ms
 GET /api/realtime 200 in 30219ms
 GET /api/realtime 200 in 30204ms
 GET /api/realtime 200 in 30385ms
 GET /api/notifications?limit=10 200 in 249ms
 GET /api/realtime 200 in 30278ms
 GET /api/realtime 200 in 301ms
 GET /api/realtime 200 in 30243ms
 GET /api/auth/session 200 in 440ms
 GET /api/realtime 200 in 471ms
 GET /api/realtime 200 in 380ms
 GET /api/realtime 200 in 406ms
 GET /api/realtime 200 in 397ms
 GET /api/realtime 200 in 408ms
 GET /api/realtime 200 in 332ms
 GET /api/realtime 200 in 334ms
 GET /api/realtime 200 in 409ms
 GET /api/notifications?limit=10 200 in 413ms
 GET /api/realtime 200 in 397ms
 GET /api/realtime 200 in 308ms
 GET /api/realtime 200 in 305ms
 GET /api/realtime 200 in 305ms
 GET /api/realtime 200 in 261ms
 GET /api/realtime 200 in 30270ms
 GET /api/realtime 200 in 313ms
 GET /api/auth/session 200 in 289ms
 GET /api/notifications?limit=10 200 in 291ms
 GET /api/realtime 200 in 30216ms
 GET /api/auth/session 200 in 208ms
 GET /api/notifications?limit=10 200 in 218ms
 GET /api/realtime 200 in 30193ms
 GET /api/auth/session 200 in 208ms
 GET /api/notifications?limit=10 200 in 208ms
 GET /api/realtime 200 in 179ms
 GET /api/realtime 200 in 30195ms
 GET /api/auth/session 200 in 192ms
 GET /api/notifications?limit=10 200 in 169ms
 GET /api/auth/session 200 in 204ms
 GET /api/realtime 200 in 30210ms
 GET /api/realtime 200 in 207ms
 GET /api/notifications?limit=10 200 in 233ms
 GET /api/realtime 200 in 223ms
 GET /api/auth/session 200 in 160ms
 GET /api/notifications?limit=10 200 in 165ms
 GET /api/realtime 200 in 30224ms
 GET /api/auth/session 200 in 160ms
 GET /api/notifications?limit=10 200 in 217ms
 GET /api/realtime 200 in 30194ms
 GET /api/auth/session 200 in 217ms
 GET /api/realtime 200 in 164ms
 GET /api/notifications?limit=10 200 in 196ms
 GET /api/realtime 200 in 30198ms
 GET /api/auth/session 200 in 196ms
 GET /api/notifications?limit=10 200 in 229ms
 GET /api/auth/session 200 in 120ms
 GET /api/realtime 200 in 30215ms
 GET /api/notifications?limit=10 200 in 139ms
 GET /api/auth/session 200 in 188ms
 GET /api/realtime 200 in 30192ms
 GET /api/notifications?limit=10 200 in 246ms
 GET /api/auth/session 200 in 148ms
 GET /api/notifications?limit=10 200 in 169ms
 GET /api/realtime 200 in 30194ms
 GET /api/auth/session 200 in 263ms
 GET /api/notifications?limit=10 200 in 318ms
 GET /api/realtime 200 in 30258ms
 GET /api/realtime 200 in 267ms
 GET /api/auth/session 200 in 227ms
 GET /api/notifications?limit=10 200 in 180ms
 GET /api/realtime 200 in 30192ms
 GET /api/auth/session 200 in 248ms
 GET /api/realtime 200 in 274ms
 GET /api/realtime 200 in 224ms
 GET /api/notifications?limit=10 200 in 258ms
 GET /api/realtime 200 in 30198ms
 GET /api/realtime 200 in 245ms
 GET /api/auth/session 200 in 144ms
 GET /api/realtime 200 in 155ms
 GET /api/realtime 200 in 156ms
 GET /api/realtime 200 in 139ms
 GET /api/notifications?limit=10 200 in 179ms
 GET /api/realtime 200 in 30244ms
 GET /api/notifications?limit=10 200 in 259ms
 GET /api/notifications?limit=10 200 in 258ms
 GET /api/notifications?limit=10 200 in 259ms
 GET /api/notifications?limit=10 200 in 260ms
 GET /api/notifications?limit=10 200 in 261ms
 GET /api/notifications?limit=10 200 in 261ms
 GET /api/notifications?limit=10 200 in 262ms
 GET /api/notifications?limit=10 200 in 215ms
 GET /api/notifications?limit=10 200 in 215ms
 GET /api/notifications?limit=10 200 in 216ms
 GET /api/notifications?limit=10 200 in 251ms
 GET /api/notifications?limit=10 200 in 247ms
 GET /api/notifications?limit=10 500 in 249ms
 GET /api/notifications?limit=10 200 in 240ms
 GET /api/notifications?limit=10 500 in 243ms
 GET /api/notifications?limit=10 500 in 246ms
 GET /api/notifications?limit=10 500 in 249ms
 GET /api/notifications?limit=10 500 in 252ms
 GET /api/realtime 200 in 231ms
 GET /api/auth/session 200 in 337ms
 GET /api/realtime 200 in 219ms
 GET /api/realtime 200 in 211ms
 GET /api/realtime 200 in 212ms
 GET /api/realtime 200 in 30213ms
 GET /api/realtime 200 in 251ms
 GET /api/realtime 200 in 252ms
 GET /api/realtime 200 in 262ms
 GET /api/auth/session 200 in 121ms
 GET /api/realtime 200 in 30218ms
 GET /api/auth/session 200 in 237ms
 GET /api/auth/session 200 in 145ms
 GET /api/realtime 200 in 30196ms
 GET /api/auth/session 200 in 146ms
 GET /api/auth/session 200 in 111ms
 GET /api/realtime 200 in 30205ms
 GET /api/realtime 200 in 122ms
 GET /api/auth/session 200 in 100ms
 GET /api/realtime 200 in 128ms
 GET /api/realtime 200 in 89ms
 GET /api/auth/session 200 in 168ms
 GET /api/realtime 200 in 189ms
 GET /api/auth/session 200 in 167ms
 GET /api/realtime 200 in 177ms
 GET /api/auth/session 200 in 46ms
 GET /api/auth/session 200 in 52ms
 GET /api/auth/session 200 in 122ms
 GET /api/auth/session 200 in 74ms
 GET /api/realtime 200 in 30984ms
 GET /api/realtime 200 in 30243ms
 GET /api/realtime 200 in 30189ms
 GET /api/realtime 200 in 30199ms
 GET /api/realtime 200 in 30204ms
 GET /api/realtime 200 in 30190ms
 GET /api/realtime 200 in 30207ms
 GET /api/realtime 200 in 30191ms
 GET /api/realtime 200 in 30194ms
 GET /api/realtime 200 in 30196ms
 GET /api/realtime 200 in 30187ms
 GET /api/realtime 200 in 30192ms
 GET /api/realtime 200 in 30205ms
 GET /api/realtime 200 in 56ms
 ○ Compiling /company/usage ...
 GET /api/realtime 200 in 30287ms
 GET /api/realtime 200 in 30726ms
 GET /api/realtime 200 in 30223ms
 ✓ Compiled /company/usage in 2.6s (3351 modules)
 GET /company/invitations 200 in 2978ms
 GET /company/settings 307 in 2978ms
 GET /company/usage 200 in 2968ms
 GET /company/team 200 in 2978ms
 GET /dashboard 200 in 139ms
 GET /api/realtime 200 in 30228ms
 GET /projects/project-mall-renovation 200 in 3243ms
 GET /projects/project-riverside-homes 200 in 3244ms
 GET /projects/project-downtown-office 200 in 3244ms
 ○ Compiling /api/company/invitations ...
 GET /api/realtime 200 in 31216ms
 ✓ Compiled /api/company/invitations in 1311ms (1859 modules)
 GET /api/auth/session 200 in 2113ms
 GET /api/realtime 200 in 1885ms
 GET /api/realtime 200 in 1885ms
 GET /api/realtime 200 in 1888ms
 GET /api/realtime 200 in 1783ms
 GET /api/realtime 200 in 1784ms
 GET /api/realtime 200 in 1880ms
 GET /api/notifications?limit=10 200 in 1898ms
 GET /api/company/invitations? 200 in 2189ms
 GET /api/realtime 200 in 1774ms
 GET /api/realtime 200 in 1732ms
 GET /api/realtime 200 in 1425ms
 GET /api/realtime 200 in 1424ms
 GET /api/realtime 200 in 1783ms
 GET /api/realtime 200 in 1678ms
 GET /api/realtime 200 in 1678ms
 GET /api/realtime 200 in 1734ms
 GET /api/realtime 200 in 1425ms
 GET /api/auth/session 200 in 90ms
 GET /api/notifications?limit=10 200 in 128ms
 GET /api/company/invitations? 200 in 128ms
 GET /api/auth/session 200 in 149ms
 GET /api/realtime 200 in 30561ms
 GET /api/notifications?limit=10 200 in 177ms
 GET /api/company/invitations? 200 in 186ms
 GET /api/auth/session 200 in 94ms
 GET /api/company/invitations? 200 in 122ms
 GET /api/auth/session 200 in 122ms
 GET /api/notifications?limit=10 200 in 127ms
 GET /api/notifications?limit=10 200 in 94ms
 GET /api/auth/session 200 in 166ms
 GET /api/realtime 200 in 180ms
 GET /api/notifications?limit=10 200 in 154ms
 GET /api/auth/session 200 in 96ms
 GET /api/realtime 200 in 150ms
 GET /api/notifications?limit=10 200 in 108ms
 GET /api/auth/session 200 in 106ms
 GET /api/realtime 200 in 97ms
 GET /api/realtime 200 in 31238ms
 GET /api/realtime 200 in 30977ms
 GET /api/notifications?limit=10 200 in 111ms
 GET /api/auth/session 200 in 127ms
 GET /api/realtime 200 in 30109ms
 GET /api/notifications?limit=10 200 in 116ms
 GET /api/auth/session 200 in 108ms
 GET /api/realtime 200 in 30432ms
 GET /api/realtime 200 in 30090ms
 GET /api/notifications?limit=10 200 in 128ms
 GET /api/auth/session 200 in 144ms
 GET /api/realtime 200 in 30106ms
 GET /api/notifications?limit=10 200 in 101ms
 GET /api/realtime 200 in 30084ms
 GET /api/auth/session 200 in 125ms
 GET /api/realtime 200 in 30056ms
 GET /api/realtime 200 in 113ms
 GET /api/notifications?limit=10 200 in 138ms
 GET /api/realtime 200 in 30049ms
 GET /api/auth/session 200 in 132ms
 GET /api/realtime 200 in 30070ms
 GET /api/notifications?limit=10 200 in 159ms
 GET /api/realtime 200 in 174ms
 GET /api/realtime 200 in 30049ms
 GET /api/auth/session 200 in 110ms
 GET /api/realtime 200 in 30223ms
 GET /api/notifications?limit=10 200 in 99ms
 GET /api/realtime 200 in 30057ms
 GET /api/auth/session 200 in 146ms
 GET /api/realtime 200 in 30060ms
 GET /api/notifications?limit=10 200 in 165ms
 GET /api/realtime 200 in 30047ms
 GET /api/auth/session 200 in 127ms
 GET /api/realtime 200 in 30051ms
 GET /api/notifications?limit=10 200 in 133ms
 GET /api/realtime 200 in 134ms
 GET /api/realtime 200 in 30052ms
 GET /api/auth/session 200 in 152ms
 GET /api/realtime 200 in 30085ms
 GET /api/realtime 200 in 30049ms
 GET /api/auth/session 200 in 115ms
 GET /api/realtime 200 in 30063ms
 GET /api/realtime 200 in 30050ms
 GET /api/auth/session 200 in 103ms
 GET /api/realtime 200 in 30236ms
 GET /api/realtime 200 in 30059ms
 GET /api/realtime 200 in 30050ms
 GET /api/auth/session 200 in 134ms
 GET /api/realtime 200 in 30051ms
 GET /api/realtime 200 in 30059ms
 GET /api/realtime 200 in 121ms
 GET /api/auth/session 200 in 107ms
 GET /api/realtime 200 in 30050ms
 GET /api/realtime 200 in 30048ms
 GET /api/auth/session 200 in 127ms
 GET /api/realtime 200 in 30049ms
 GET /api/auth/session 200 in 180ms
 GET /api/realtime 200 in 30047ms
 GET /api/auth/session 200 in 89ms
 GET /api/realtime 200 in 30048ms
 GET /api/realtime 200 in 30052ms
 GET /api/auth/session 200 in 91ms
 GET /api/realtime 200 in 30219ms
 GET /api/realtime 200 in 30051ms
 GET /api/auth/session 200 in 65ms
 GET /api/realtime 200 in 30063ms
 GET /api/realtime 200 in 30052ms
 GET /api/realtime 200 in 30062ms
 GET /api/realtime 200 in 30054ms
 GET /api/realtime 200 in 30065ms
 GET /api/realtime 200 in 30047ms
 GET /api/realtime 200 in 30047ms
 GET /api/realtime 200 in 30213ms
 GET /api/realtime 200 in 30050ms
 GET /api/realtime 200 in 30052ms
 GET /api/realtime 200 in 30051ms
 GET /api/realtime 200 in 30047ms
 GET /api/realtime 200 in 72ms
 GET /api/realtime 200 in 61ms
 GET /api/realtime 200 in 30049ms
 GET /api/realtime 200 in 30057ms
 GET /api/realtime 200 in 30053ms
 GET /api/realtime 200 in 30058ms
 GET /api/realtime 200 in 30051ms
 GET /api/realtime 200 in 30224ms
 GET /api/realtime 200 in 30050ms
 GET /api/realtime 200 in 30050ms
 GET /api/realtime 200 in 30049ms
 GET /api/realtime 200 in 30048ms
 GET /api/realtime 200 in 30051ms
 GET /api/realtime 200 in 30050ms
 GET /api/realtime 200 in 30051ms
 GET /api/realtime 200 in 30047ms
 GET /api/realtime 200 in 30190ms
 GET /api/realtime 200 in 30050ms
 GET /api/realtime 200 in 30051ms
 GET /api/realtime 200 in 30051ms
 GET /api/realtime 200 in 30050ms
 GET /api/realtime 200 in 30050ms
 GET /api/realtime 200 in 30061ms
 GET /api/realtime 200 in 30049ms
 GET /api/realtime 200 in 30224ms
 GET /api/realtime 200 in 33570ms
 GET /api/realtime 200 in 30496ms
 GET /api/realtime 200 in 30353ms
 GET /api/realtime 200 in 30378ms
 GET /api/realtime 200 in 30373ms
 GET /api/realtime 200 in 30472ms
 GET /api/realtime 200 in 30403ms
 GET /api/realtime 200 in 30390ms
 GET /api/realtime 200 in 30331ms
 GET /api/realtime 200 in 30391ms
 GET /api/realtime 200 in 30397ms
 GET /api/realtime 200 in 30331ms
 GET /api/realtime 200 in 30342ms
 GET /api/realtime 200 in 30302ms
 GET /api/realtime 200 in 30303ms
 GET /api/realtime 200 in 30303ms
 GET /api/realtime 200 in 30309ms
 GET /api/realtime 200 in 30259ms
 GET /api/realtime 200 in 30299ms
 GET /api/realtime 200 in 30300ms
 GET /api/realtime 200 in 30236ms
 GET /api/realtime 200 in 30303ms
 GET /api/realtime 200 in 30221ms
 GET /api/realtime 200 in 30230ms
 GET /api/realtime 200 in 30381ms
 GET /api/realtime 200 in 30278ms
 GET /api/realtime 200 in 30273ms
 GET /api/realtime 200 in 30255ms
 GET /api/realtime 200 in 30254ms
 GET /api/realtime 200 in 30259ms
 GET /api/realtime 200 in 30194ms
 GET /api/realtime 200 in 30264ms
 GET /api/realtime 200 in 30197ms
 GET /api/realtime 200 in 30194ms
 GET /api/realtime 200 in 30196ms
 GET /api/realtime 200 in 30167ms
 GET /api/realtime 200 in 30210ms
 GET /api/realtime 200 in 30166ms
 GET /api/realtime 200 in 30185ms
 GET /api/realtime 200 in 30168ms
 GET /api/realtime 200 in 30170ms
 GET /api/realtime 200 in 30174ms
 GET /api/realtime 200 in 30200ms
 GET /api/realtime 200 in 30177ms
 GET /api/realtime 200 in 30175ms
 GET /api/realtime 200 in 30173ms
 GET /api/realtime 200 in 30214ms
 GET /api/realtime 200 in 30206ms
 GET /api/realtime 200 in 30149ms
 GET /api/realtime 200 in 30153ms
 GET /api/realtime 200 in 30150ms
 GET /api/realtime 200 in 30153ms
 GET /api/realtime 200 in 30156ms
 GET /api/realtime 200 in 30179ms
 GET /api/realtime 200 in 30219ms
 GET /api/realtime 200 in 30220ms
 GET /api/realtime 200 in 30207ms
 GET /api/realtime 200 in 30221ms
 GET /api/realtime 200 in 30228ms
 GET /api/realtime 200 in 30174ms
 GET /api/realtime 200 in 30175ms
 GET /api/realtime 200 in 30231ms
 GET /api/realtime 200 in 30177ms
 GET /api/realtime 200 in 30183ms
 GET /api/realtime 200 in 30162ms
 GET /api/realtime 200 in 30191ms
 GET /api/realtime 200 in 30139ms
 GET /api/realtime 200 in 30144ms
 GET /api/realtime 200 in 30151ms
 GET /api/realtime 200 in 30199ms
 GET /api/realtime 200 in 30179ms
 GET /api/realtime 200 in 30180ms
 GET /api/realtime 200 in 30181ms
 GET /api/realtime 200 in 30175ms
 GET /api/realtime 200 in 30181ms
 GET /api/realtime 200 in 30181ms
 GET /api/realtime 200 in 30184ms
 GET /api/realtime 200 in 30338ms
 GET /api/realtime 200 in 30201ms
 GET /api/realtime 200 in 30189ms
 GET /api/realtime 200 in 30199ms
 GET /api/realtime 200 in 30239ms
 GET /api/realtime 200 in 30187ms
 GET /api/realtime 200 in 30217ms
 GET /api/realtime 200 in 30219ms
 GET /api/realtime 200 in 30219ms
 GET /api/realtime 200 in 30220ms
 GET /api/realtime 200 in 30221ms
 GET /api/realtime 200 in 30203ms
 GET /api/realtime 200 in 30184ms
 GET /api/realtime 200 in 30184ms
 GET /api/realtime 200 in 30136ms
 GET /api/realtime 200 in 30158ms
 GET /api/realtime 200 in 30188ms
 GET /api/realtime 200 in 30196ms
 GET /api/realtime 200 in 30146ms
 GET /api/realtime 200 in 30148ms
 GET /api/realtime 200 in 30148ms
 GET /api/realtime 200 in 30150ms
 GET /api/realtime 200 in 30156ms
 GET /api/realtime 200 in 30115ms
 GET /api/realtime 200 in 30209ms
 GET /api/realtime 200 in 30211ms
 GET /api/realtime 200 in 30218ms
 GET /api/realtime 200 in 30212ms
 GET /api/realtime 200 in 30215ms
 GET /api/realtime 200 in 30224ms
 GET /api/realtime 200 in 30224ms
 GET /api/realtime 200 in 30225ms
 GET /api/realtime 200 in 30227ms
 GET /api/realtime 200 in 30226ms
 GET /api/realtime 200 in 30229ms
 GET /api/realtime 200 in 30230ms
 GET /api/realtime 200 in 30143ms
 GET /api/realtime 200 in 30163ms
 GET /api/realtime 200 in 30164ms
 GET /api/realtime 200 in 30164ms
 GET /api/realtime 200 in 30165ms
 GET /api/realtime 200 in 30164ms
 GET /api/realtime 200 in 30197ms
 GET /api/realtime 200 in 30193ms
 GET /api/realtime 200 in 30194ms
 GET /api/realtime 200 in 30195ms
 GET /api/realtime 200 in 30200ms
 GET /api/realtime 200 in 30185ms
 GET /api/realtime 200 in 30175ms
 GET /api/realtime 200 in 30333ms
 GET /api/realtime 200 in 30233ms
 GET /api/realtime 200 in 30205ms
 GET /api/realtime 200 in 30235ms
 GET /api/realtime 200 in 30236ms
 GET /api/realtime 200 in 30238ms
 GET /api/realtime 200 in 30220ms
 GET /api/realtime 200 in 30213ms
 GET /api/realtime 200 in 30212ms
 GET /api/realtime 200 in 30222ms
 GET /api/realtime 200 in 30218ms
 GET /api/realtime 200 in 30158ms
 GET /api/realtime 200 in 30159ms
 GET /api/realtime 200 in 30129ms
 GET /api/realtime 200 in 30129ms
 GET /api/realtime 200 in 30126ms
 GET /api/realtime 200 in 30127ms
 GET /api/realtime 200 in 30132ms
 GET /api/realtime 200 in 30164ms
 GET /api/realtime 200 in 30101ms
 GET /api/realtime 200 in 30163ms
 GET /api/realtime 200 in 30162ms
 GET /api/realtime 200 in 30164ms
 GET /api/realtime 200 in 30166ms
 GET /api/realtime 200 in 30153ms
 GET /api/realtime 200 in 30217ms
 GET /api/realtime 200 in 30217ms
 GET /api/realtime 200 in 30218ms
 GET /api/realtime 200 in 30216ms
 GET /api/realtime 200 in 30216ms
 GET /api/realtime 200 in 30196ms
 GET /api/realtime 200 in 30191ms
 GET /api/realtime 200 in 30186ms
 GET /api/realtime 200 in 30187ms
 GET /api/realtime 200 in 30187ms
 GET /api/realtime 200 in 30188ms
 GET /api/realtime 200 in 30190ms
 GET /api/realtime 200 in 30136ms
 GET /api/realtime 200 in 30136ms
 GET /api/realtime 200 in 30137ms
 GET /api/realtime 200 in 30149ms
 GET /api/realtime 200 in 30136ms
 GET /api/realtime 200 in 30131ms
 GET /api/realtime 200 in 30331ms
 GET /api/realtime 200 in 30219ms
 GET /api/realtime 200 in 30213ms
 GET /api/realtime 200 in 30214ms
 GET /api/realtime 200 in 30222ms
 GET /api/realtime 200 in 30172ms
 GET /api/realtime 200 in 30223ms
 GET /api/realtime 200 in 30296ms
 GET /api/realtime 200 in 30291ms
 GET /api/realtime 200 in 30293ms
 GET /api/realtime 200 in 30299ms
 GET /api/realtime 200 in 30295ms
 GET /api/realtime 200 in 30289ms
 GET /api/realtime 200 in 30246ms
 GET /api/realtime 200 in 30244ms
 GET /api/realtime 200 in 30245ms
 GET /api/realtime 200 in 30245ms
 GET /api/realtime 200 in 30256ms
 GET /api/realtime 200 in 30220ms
 GET /api/realtime 200 in 30222ms
 GET /api/realtime 200 in 30183ms
 GET /api/realtime 200 in 30226ms
 GET /api/realtime 200 in 30142ms
 GET /api/realtime 200 in 30175ms
 GET /api/realtime 200 in 30196ms
 GET /api/realtime 200 in 30196ms
 GET /api/realtime 200 in 30196ms
 GET /api/realtime 200 in 30196ms
 GET /api/realtime 200 in 30191ms
 GET /api/realtime 200 in 30165ms
 GET /api/realtime 200 in 30261ms
 GET /api/realtime 200 in 30274ms
 GET /api/realtime 200 in 30249ms
 GET /api/realtime 200 in 30220ms
 GET /api/realtime 200 in 30213ms
 GET /api/realtime 200 in 30340ms
 GET /api/realtime 200 in 30237ms
 GET /api/realtime 200 in 30226ms
 GET /api/realtime 200 in 30232ms
 GET /api/realtime 200 in 30226ms
 GET /api/realtime 200 in 30162ms
 GET /api/realtime 200 in 30162ms
 GET /api/realtime 200 in 30158ms
 GET /api/realtime 200 in 30146ms
 GET /api/realtime 200 in 30183ms
 GET /api/realtime 200 in 30174ms
 GET /api/realtime 200 in 30184ms
 GET /api/realtime 200 in 30223ms
 GET /api/realtime 200 in 30302ms
 GET /api/realtime 200 in 30246ms
 GET /api/realtime 200 in 30225ms
 GET /api/realtime 200 in 30150ms
 GET /api/realtime 200 in 30250ms
 GET /api/realtime 200 in 30253ms
 GET /api/realtime 200 in 30138ms
 GET /api/realtime 200 in 30093ms
 GET /api/realtime 200 in 30179ms
 GET /api/realtime 200 in 30276ms
 GET /api/realtime 200 in 30193ms
 GET /api/realtime 200 in 30225ms
 GET /api/realtime 200 in 30227ms
 GET /api/realtime 200 in 30256ms
 GET /api/realtime 200 in 30210ms
 GET /api/realtime 200 in 30137ms
 GET /api/realtime 200 in 30085ms
 GET /api/realtime 200 in 30099ms
 GET /api/realtime 200 in 30086ms
 GET /api/realtime 200 in 30137ms
 GET /api/realtime 200 in 30128ms
 GET /api/realtime 200 in 30124ms
 GET /api/realtime 200 in 30151ms
 GET /api/realtime 200 in 30163ms
 GET /api/realtime 200 in 30104ms
 GET /api/realtime 200 in 30169ms
 GET /api/realtime 200 in 30105ms
 GET /api/realtime 200 in 30105ms
 GET /api/realtime 200 in 30081ms
 GET /api/realtime 200 in 30124ms
 GET /api/realtime 200 in 30124ms
 GET /api/realtime 200 in 30125ms
 GET /api/realtime 200 in 30296ms
 GET /api/realtime 200 in 30067ms
 GET /api/realtime 200 in 30198ms
 GET /api/realtime 200 in 30062ms
 GET /api/realtime 200 in 30065ms
 GET /api/realtime 200 in 30054ms
 GET /api/realtime 200 in 30065ms
 GET /api/realtime 200 in 30083ms
 GET /api/realtime 200 in 30049ms
 GET /api/realtime 200 in 30250ms
 GET /api/realtime 200 in 30049ms
 GET /api/realtime 200 in 30047ms
 GET /api/realtime 200 in 30048ms
 GET /api/realtime 200 in 30060ms
 GET /api/realtime 200 in 30074ms
 GET /api/realtime 200 in 30050ms
 GET /api/realtime 200 in 30087ms
 GET /api/realtime 200 in 30054ms
 GET /api/realtime 200 in 30228ms
 GET /api/realtime 200 in 30054ms
 GET /api/realtime 200 in 30047ms
 GET /api/realtime 200 in 30048ms
 GET /api/realtime 200 in 30050ms
 GET /api/realtime 200 in 30051ms
 GET /api/realtime 200 in 30052ms
 GET /api/realtime 200 in 30094ms
 GET /api/realtime 200 in 30062ms
 GET /api/realtime 200 in 30256ms
 GET /api/realtime 200 in 30055ms
 GET /api/realtime 200 in 30054ms
 GET /api/realtime 200 in 30055ms
 GET /api/realtime 200 in 30056ms
 GET /api/realtime 200 in 30049ms
 GET /api/realtime 200 in 30049ms
 GET /api/realtime 200 in 30049ms
 GET /api/realtime 200 in 30048ms
 GET /api/realtime 200 in 30052ms
 GET /api/realtime 200 in 30196ms
 GET /api/realtime 200 in 30049ms
 GET /api/realtime 200 in 30051ms
 GET /api/realtime 200 in 30049ms
 GET /api/realtime 200 in 30052ms
 GET /api/realtime 200 in 30049ms
 GET /api/realtime 200 in 30073ms
 GET /api/realtime 200 in 30052ms
 GET /api/realtime 200 in 30218ms
 GET /api/realtime 200 in 30049ms
 GET /api/realtime 200 in 30056ms
 GET /api/realtime 200 in 30056ms
 GET /api/realtime 200 in 30051ms
 GET /api/realtime 200 in 30054ms
 GET /api/realtime 200 in 30054ms
 GET /api/realtime 200 in 30053ms
 GET /api/realtime 200 in 30202ms
 GET /api/realtime 200 in 26742ms
 GET /api/realtime 200 in 23896ms
 GET /api/realtime 200 in 24570ms
 GET /api/realtime 200 in 24571ms
 GET /api/realtime 200 in 24899ms
 GET /api/realtime 200 in 24570ms
 GET /api/realtime 200 in 24264ms
 GET /api/realtime 200 in 26384ms
 GET /api/realtime 200 in 24440ms
 GET /api/realtime 200 in 24785ms
 GET /api/realtime 200 in 24785ms
 GET /api/realtime 200 in 26382ms
 GET /api/realtime 200 in 24936ms
 GET /api/realtime 200 in 24786ms
 GET /api/realtime 200 in 26023ms
 GET /api/realtime 200 in 26386ms
 GET /api/realtime 200 in 26641ms
 GET /api/realtime 200 in 24447ms
 GET /api/realtime 200 in 23861ms
 GET /api/realtime 200 in 20643ms
 GET /api/realtime 200 in 21971ms
 GET /api/realtime 200 in 24080ms
 GET /api/realtime 200 in 22825ms
 GET /api/realtime 200 in 21094ms
 GET /api/realtime 200 in 22694ms
 GET /api/realtime 200 in 20423ms
 GET /api/realtime 200 in 20190ms
 GET /api/realtime 200 in 23697ms
 GET /api/realtime 200 in 24279ms
 GET /api/realtime 200 in 23418ms
 GET /api/realtime 200 in 23092ms
 GET /api/realtime 200 in 20882ms
 GET /api/realtime 200 in 22113ms
 GET /api/realtime 200 in 21678ms
 GET /api/realtime 200 in 21116ms
 GET /api/realtime 200 in 23204ms
 GET /api/realtime 200 in 20212ms
 GET /api/realtime 200 in 21360ms
 GET /api/realtime 200 in 21243ms
 GET /api/realtime 200 in 22829ms
 GET /api/realtime 200 in 24015ms
 GET /api/realtime 200 in 21628ms
 GET /api/realtime 200 in 22653ms
 GET /api/realtime 200 in 22274ms
 GET /api/realtime 200 in 21020ms
 GET /api/realtime 200 in 22981ms
 GET /api/realtime 200 in 20538ms
 GET /api/realtime 200 in 20317ms
 GET /api/realtime 200 in 23031ms
 GET /api/realtime 200 in 23914ms
 GET /api/realtime 200 in 22011ms
 GET /api/realtime 200 in 23584ms
 GET /api/realtime 200 in 24286ms
 GET /api/realtime 200 in 23182ms
 GET /api/realtime 200 in 22832ms
 GET /api/realtime 200 in 24090ms
 GET /api/realtime 200 in 21214ms
 GET /api/realtime 200 in 22163ms
 GET /api/realtime 200 in 24939ms
 GET /api/realtime 200 in 21542ms
 GET /api/realtime 200 in 24090ms
 GET /api/realtime 200 in 22025ms
 GET /api/realtime 200 in 24460ms
 GET /api/realtime 200 in 22449ms
 GET /api/realtime 200 in 22922ms
 GET /api/realtime 200 in 23433ms
 GET /api/realtime 200 in 23557ms
 GET /api/realtime 200 in 22472ms
 GET /api/realtime 200 in 22122ms
 GET /api/realtime 200 in 20929ms
 GET /api/realtime 200 in 23761ms
 GET /api/realtime 200 in 23761ms
 GET /api/realtime 200 in 21719ms
 GET /api/realtime 200 in 22720ms
 GET /api/realtime 200 in 23592ms
 GET /api/realtime 200 in 23188ms
 GET /api/realtime 200 in 23255ms
 GET /api/realtime 200 in 22995ms
 GET /api/realtime 200 in 23884ms
 GET /api/realtime 200 in 24595ms
 GET /api/realtime 200 in 22331ms
 GET /api/realtime 200 in 22170ms
 GET /api/realtime 200 in 26766ms
 GET /api/realtime 200 in 23534ms
 GET /api/realtime 200 in 23713ms
 GET /api/realtime 200 in 22645ms
 GET /api/realtime 200 in 24788ms
 GET /api/realtime 200 in 24960ms
 GET /api/realtime 200 in 24467ms
 GET /api/realtime 200 in 23379ms
 GET /api/realtime 200 in 21341ms
 GET /api/realtime 200 in 22517ms
 GET /api/realtime 200 in 20830ms
 GET /api/realtime 200 in 20545ms
 GET /api/realtime 200 in 22398ms
 GET /api/realtime 200 in 21855ms
 GET /api/realtime 200 in 21485ms
 GET /api/realtime 200 in 21967ms
 GET /api/realtime 200 in 20323ms
 GET /api/realtime 200 in 20436ms
 GET /api/realtime 200 in 21908ms
 GET /api/realtime 200 in 22286ms
 GET /api/realtime 200 in 21006ms
 GET /api/realtime 200 in 26366ms
 GET /api/realtime 200 in 20805ms
 GET /api/realtime 200 in 23385ms
 GET /api/realtime 200 in 21866ms
 GET /api/realtime 200 in 32614ms
 GET /api/realtime 200 in 32241ms
 GET /api/realtime 200 in 30362ms
 GET /api/realtime 200 in 30279ms
 GET /api/realtime 200 in 30295ms
 GET /api/realtime 200 in 30333ms
 GET /api/realtime 200 in 30231ms
 GET /api/realtime 200 in 30215ms
 GET /api/realtime 200 in 30207ms
 GET /api/realtime 200 in 30203ms
 GET /api/realtime 200 in 30193ms
 GET /api/realtime 200 in 30215ms
 GET /api/realtime 200 in 30225ms
 GET /api/realtime 200 in 30223ms
 GET /api/realtime 200 in 30209ms
 GET /api/realtime 200 in 30206ms
 GET /api/realtime 200 in 30195ms
 GET /api/realtime 200 in 30222ms
 GET /api/realtime 200 in 30211ms
 GET /api/realtime 200 in 30218ms
 GET /api/realtime 200 in 30206ms
 GET /api/realtime 200 in 30201ms
 GET /api/realtime 200 in 30219ms
 GET /api/realtime 200 in 30239ms
 GET /api/realtime 200 in 30197ms
 GET /api/realtime 200 in 30210ms
 GET /api/realtime 200 in 30196ms
 GET /api/realtime 200 in 30227ms
 GET /api/realtime 200 in 30195ms
 GET /api/realtime 200 in 30205ms
[?25h
