  ▲ Next.js 14.2.28
  - Local:        http://localhost:3000
  - Environments: .env
  - Experiments (use with caution):
    · outputFileTracingRoot

 ✓ Starting...
 ✓ Ready in 1997ms
 ○ Compiling / ...
 ✓ Compiled / in 1834ms (596 modules)
 GET / 200 in 2164ms
 ✓ Compiled in 504ms (296 modules)
 GET / 200 in 76ms
 ○ Compiling /api/auth/[...nextauth] ...
 ✓ Compiled /api/auth/[...nextauth] in 512ms (541 modules)
 GET /api/auth/providers 200 in 1010ms
 GET / 200 in 94ms
 GET /api/auth/session 200 in 63ms
 GET /api/auth/session 200 in 47ms
 ○ Compiling /signup ...
 ✓ Compiled /signup in 901ms (881 modules)
 GET /signup 200 in 1114ms
 GET /login 200 in 1115ms
 GET /api/auth/session 200 in 95ms
 GET /api/auth/session 200 in 48ms
 GET /api/auth/session 200 in 47ms
 GET /api/auth/session 200 in 48ms
 GET /api/auth/session 200 in 61ms
 GET /api/auth/csrf 200 in 62ms
 ✓ Compiled /api/signup in 162ms (597 modules)
 POST /api/signup 200 in 651ms
 GET / 200 in 93ms
 GET /api/auth/signin 302 in 78ms
 GET /login?callbackUrl=https://7d9c4eb47.preview.abacusai.app 200 in 65ms
 GET /api/auth/csrf 200 in 47ms
 POST /api/auth/callback/credentials 302 in 342ms
 ✓ Compiled /middleware in 216ms (174 modules)
 ○ Compiling /dashboard ...
 ✓ Compiled /dashboard in 1522ms (2849 modules)
 GET /dashboard 200 in 1873ms
 GET / 200 in 100ms
 GET /dashboard 200 in 88ms
 GET /api/auth/session 200 in 82ms
 ○ Compiling /api/realtime ...
 ✓ Compiled /api/realtime in 511ms (1577 modules)
 ✓ Compiled (1580 modules)
 GET /api/auth/session 200 in 906ms
 GET /api/notifications?limit=10 200 in 931ms
 GET /api/realtime 200 in 918ms
 GET /api/realtime 200 in 919ms
 GET /api/realtime 200 in 891ms
 GET /api/realtime 200 in 870ms
 GET /api/auth/session 200 in 85ms
 GET /api/notifications?limit=10 200 in 115ms
 GET /api/auth/session 200 in 64ms
 GET /api/notifications?limit=10 200 in 100ms
 GET /api/realtime 200 in 115ms
 GET /api/auth/session 200 in 103ms
 GET /api/notifications?limit=10 200 in 112ms
 GET /api/realtime 200 in 119ms
 GET /api/auth/session 200 in 73ms
 GET /api/auth/session 200 in 48ms
 GET / 200 in 76ms
 GET /api/realtime 200 in 63ms
 ○ Compiling /submittals ...
 ✓ Compiled /submittals in 3.1s (3348 modules)
prisma:error 
Invalid `_lib_db__WEBPACK_IMPORTED_MODULE_4__.prisma.safetyIncident.findMany()` invocation in
/home/ubuntu/cortexbuild_pro/nextjs_space/.next/server/app/(dashboard)/safety/page.js:5689:68

  5686         name: "asc"
  5687     }
  5688 }),
→ 5689 _lib_db__WEBPACK_IMPORTED_MODULE_4__.prisma.safetyIncident.findMany(
Too many database connections opened: FATAL: too many connections for role "role_ddaacb0a0"
Prisma Accelerate has built-in connection pooling to prevent such errors: https://pris.ly/client/error-accelerate
prisma:error 
Invalid `_lib_db__WEBPACK_IMPORTED_MODULE_4__.prisma.teamMember.findMany()` invocation in
/home/ubuntu/cortexbuild_pro/nextjs_space/.next/server/app/(dashboard)/safety/page.js:5719:64

  5716         incidentDate: "desc"
  5717     }
  5718 }),
→ 5719 _lib_db__WEBPACK_IMPORTED_MODULE_4__.prisma.teamMember.findMany(
Too many database connections opened: FATAL: too many connections for role "role_ddaacb0a0"
Prisma Accelerate has built-in connection pooling to prevent such errors: https://pris.ly/client/error-accelerate
prisma:error 
Invalid `_lib_db__WEBPACK_IMPORTED_MODULE_6__.prisma.organization.findUnique()` invocation in
/home/ubuntu/cortexbuild_pro/nextjs_space/.next/server/app/(company)/company/page.js:2386:115

  2383     (0,next_navigation__WEBPACK_IMPORTED_MODULE_2__.redirect)("/dashboard");
  2384 }
  2385 // Fetch organization details
→ 2386 const organizationData = user.organizationId ? await _lib_db__WEBPACK_IMPORTED_MODULE_6__.prisma.organization.findUnique(
Too many database connections opened: FATAL: too many connections for role "role_ddaacb0a0"
Prisma Accelerate has built-in connection pooling to prevent such errors: https://pris.ly/client/error-accelerate
prisma:error 
Invalid `_lib_db__WEBPACK_IMPORTED_MODULE_4__.prisma.project.findMany()` invocation in
/home/ubuntu/cortexbuild_pro/nextjs_space/.next/server/app/(dashboard)/meetings/page.js:4519:61

  4516     (0,next_navigation__WEBPACK_IMPORTED_MODULE_2__.redirect)("/login");
  4517 }
  4518 const [projects, meetings] = await Promise.all([
→ 4519     _lib_db__WEBPACK_IMPORTED_MODULE_4__.prisma.project.findMany(
Too many database connections opened: FATAL: too many connections for role "role_ddaacb0a0"
Prisma Accelerate has built-in connection pooling to prevent such errors: https://pris.ly/client/error-accelerate
prisma:error 
Invalid `_lib_db__WEBPACK_IMPORTED_MODULE_4__.prisma.meetingMinutes.findMany()` invocation in
/home/ubuntu/cortexbuild_pro/nextjs_space/.next/server/app/(dashboard)/meetings/page.js:4528:68

  4525         name: true
  4526     }
  4527 }),
→ 4528 _lib_db__WEBPACK_IMPORTED_MODULE_4__.prisma.meetingMinutes.findMany(
Too many database connections opened: FATAL: too many connections for role "role_ddaacb0a0"
Prisma Accelerate has built-in connection pooling to prevent such errors: https://pris.ly/client/error-accelerate
prisma:error 
Invalid `_lib_db__WEBPACK_IMPORTED_MODULE_3__.prisma.teamMember.findMany()` invocation in
/home/ubuntu/cortexbuild_pro/nextjs_space/.next/server/app/(dashboard)/tasks/page.js:5592:86

  5589         }
  5590     })
  5591 ]);
→ 5592 const teamMembers = await _lib_db__WEBPACK_IMPORTED_MODULE_3__.prisma.teamMember.findMany(
Too many database connections opened: FATAL: too many connections for role "role_ddaacb0a0"
Prisma Accelerate has built-in connection pooling to prevent such errors: https://pris.ly/client/error-accelerate
prisma:error 
Invalid `_lib_db__WEBPACK_IMPORTED_MODULE_3__.prisma.document.findMany()` invocation in
/home/ubuntu/cortexbuild_pro/nextjs_space/.next/server/app/(dashboard)/documents/page.js:4857:62

  4854 const session = await (0,next_auth__WEBPACK_IMPORTED_MODULE_1__.getServerSession)(_lib_auth_options__WEBPACK_IMPORTED_MODULE_2__.authOptions);
  4855 const orgId = session?.user?.organizationId;
  4856 const [documents, projects] = await Promise.all([
→ 4857     _lib_db__WEBPACK_IMPORTED_MODULE_3__.prisma.document.findMany(
Too many database connections opened: FATAL: too many connections for role "role_ddaacb0a0"
Prisma Accelerate has built-in connection pooling to prevent such errors: https://pris.ly/client/error-accelerate
 GET /change-orders 200 in 4376ms
 GET /projects/new 200 in 4308ms
 GET /daily-reports 200 in 4366ms
 GET /reports 200 in 4313ms
 GET /inspections 200 in 4326ms
 GET /punch-lists 200 in 4328ms
 GET /projects 200 in 4380ms
 GET /settings 200 in 4331ms
 GET /equipment 200 in 4331ms
 GET /safety 500 in 4332ms
 GET /meetings 500 in 4335ms
 GET /company 500 in 4335ms
 GET /tasks 500 in 4405ms
 GET /team 200 in 4337ms
 GET /submittals 200 in 4337ms
 GET /rfis 200 in 4441ms
 GET /documents 500 in 4375ms
 GET /api/notifications?limit=10 200 in 409ms
 GET /api/auth/session 200 in 485ms
 GET /api/realtime 200 in 424ms
 GET /api/realtime 200 in 431ms
 GET /api/realtime 200 in 583ms
 GET /api/realtime 200 in 487ms
 GET /api/realtime 200 in 432ms
 GET /api/realtime 200 in 445ms
 GET /api/realtime 200 in 611ms
 GET /api/realtime 200 in 613ms
 GET /api/realtime 200 in 501ms
 GET /api/realtime 200 in 520ms
 GET /api/realtime 200 in 417ms
 GET /api/realtime 200 in 477ms
 GET /api/realtime 200 in 426ms
 GET /api/notifications?limit=10 200 in 507ms
 GET /api/realtime 200 in 395ms
 GET /api/realtime 200 in 394ms
 GET /api/auth/session 200 in 387ms
 GET /api/notifications?limit=10 200 in 202ms
 GET /api/auth/session 200 in 171ms
 GET /api/realtime 200 in 179ms
 GET /api/notifications?limit=10 200 in 219ms
 GET /api/realtime 200 in 242ms
 GET /api/auth/session 200 in 275ms
 GET /api/notifications?limit=10 200 in 248ms
 GET /api/auth/session 200 in 171ms
 GET /api/notifications?limit=10 200 in 150ms
 GET /api/auth/session 200 in 183ms
 GET /api/notifications?limit=10 200 in 202ms
 GET /api/auth/session 200 in 136ms
 GET /api/notifications?limit=10 200 in 161ms
 GET /api/auth/session 200 in 188ms
 GET /api/notifications?limit=10 200 in 232ms
 GET /api/auth/session 200 in 167ms
 GET /api/notifications?limit=10 200 in 166ms
 GET /api/auth/session 200 in 184ms
 GET /api/notifications?limit=10 200 in 231ms
 GET /api/auth/session 200 in 130ms
 GET /api/notifications?limit=10 200 in 188ms
 GET /api/auth/session 200 in 259ms
 GET /api/notifications?limit=10 200 in 221ms
 GET /api/auth/session 200 in 189ms
 GET /api/notifications?limit=10 200 in 448ms
 GET /api/auth/session 200 in 429ms
 GET /api/notifications?limit=10 200 in 246ms
 GET /api/auth/session 200 in 165ms
 GET /api/realtime 200 in 154ms
 GET /api/notifications?limit=10 200 in 213ms
 GET /api/auth/session 200 in 194ms
 GET /api/realtime 200 in 237ms
 GET /api/realtime 200 in 171ms
 GET /api/realtime 200 in 168ms
 GET /api/realtime 200 in 170ms
 GET /api/realtime 200 in 170ms
 GET /api/realtime 200 in 174ms
 GET /api/notifications?limit=10 200 in 218ms
 GET /api/auth/session 200 in 157ms
 GET /api/realtime 200 in 169ms
 GET /api/auth/session 200 in 148ms
 GET /api/realtime 200 in 181ms
 GET /api/notifications?limit=10 200 in 150ms
 GET /api/auth/session 200 in 176ms
 GET /api/realtime 200 in 154ms
 GET /api/notifications?limit=10 200 in 128ms
 GET /api/realtime 200 in 147ms
 GET /api/auth/session 200 in 130ms
 GET /api/auth/session 200 in 162ms
 GET /api/notifications?limit=10 200 in 216ms
 GET /api/auth/session 200 in 132ms
 GET /api/notifications?limit=10 200 in 148ms
 GET /api/notifications?limit=10 200 in 112ms
 GET /api/auth/session 200 in 207ms
 GET /api/auth/session 200 in 175ms
 GET /api/realtime 200 in 197ms
 GET /api/notifications?limit=10 200 in 171ms
 GET /api/realtime 200 in 146ms
 GET /api/auth/session 200 in 102ms
 GET /api/auth/session 200 in 86ms
 GET /api/auth/session 200 in 119ms
 GET /api/auth/session 200 in 48ms
 GET /api/auth/session 200 in 64ms
 GET /api/realtime 200 in 64ms
 ○ Compiling /projects/[id] ...
 ✓ Compiled /projects/[id] in 1675ms (3418 modules)
prisma:error 
Invalid `_lib_db__WEBPACK_IMPORTED_MODULE_4__.prisma.activityLog.findMany()` invocation in
/home/ubuntu/cortexbuild_pro/nextjs_space/.next/server/app/(dashboard)/projects/[id]/page.js:9071:65

  9068         }
  9069     }
  9070 }),
→ 9071 _lib_db__WEBPACK_IMPORTED_MODULE_4__.prisma.activityLog.findMany(
Too many database connections opened: FATAL: too many connections for role "role_ddaacb0a0"
Prisma Accelerate has built-in connection pooling to prevent such errors: https://pris.ly/client/error-accelerate
 GET /projects/project-mall-renovation 200 in 2382ms
 GET /projects/project-riverside-homes 500 in 2364ms
 GET /projects/project-downtown-office 200 in 2370ms
 GET /api/notifications?limit=10 200 in 135ms
 GET /api/realtime 200 in 137ms
 GET /api/realtime 200 in 138ms
 GET /api/auth/session 200 in 164ms
 GET /api/realtime 200 in 219ms
 GET /api/realtime 200 in 211ms
 GET /api/realtime 200 in 212ms
 GET /api/realtime 200 in 205ms
 GET /api/notifications?limit=10 200 in 159ms
 GET /api/auth/session 200 in 115ms
 GET /api/realtime 200 in 113ms
 GET /api/realtime 200 in 128ms
 GET /api/auth/session 200 in 128ms
 GET /api/notifications?limit=10 200 in 174ms
 GET /api/notifications?limit=10 200 in 132ms
 GET /api/auth/session 200 in 138ms
 GET /api/notifications?limit=10 200 in 157ms
 GET /api/auth/session 200 in 148ms
 GET /api/realtime 200 in 165ms
 GET /api/auth/session 200 in 134ms
 GET /api/notifications?limit=10 200 in 148ms
 GET /api/realtime 200 in 148ms
 GET /api/notifications?limit=10 200 in 94ms
 GET /api/realtime 200 in 86ms
 GET /api/notifications?limit=10 200 in 85ms
 GET /api/realtime 200 in 86ms
 GET /api/realtime 200 in 30870ms
 GET /api/realtime 200 in 30508ms
 GET /api/realtime 200 in 30104ms
 GET /api/realtime 200 in 30066ms
 GET /api/realtime 200 in 30056ms
 GET /api/realtime 200 in 30059ms
 GET /api/realtime 200 in 30056ms
 GET /api/realtime 200 in 30057ms
 GET /api/realtime 200 in 30126ms
 GET /api/realtime 200 in 30063ms
 GET /api/realtime 200 in 30057ms
 GET /api/realtime 200 in 30114ms
 GET /api/realtime 200 in 30053ms
 GET /api/realtime 200 in 30055ms
 GET /api/realtime 200 in 30066ms
 GET /api/realtime 200 in 30055ms
 GET /api/realtime 200 in 30054ms
 GET /api/realtime 200 in 30054ms
 GET /api/realtime 200 in 30065ms
 GET /api/realtime 200 in 30072ms
 GET /api/realtime 200 in 30059ms
 GET /api/realtime 200 in 30054ms
 GET /api/realtime 200 in 30055ms
 GET /api/realtime 200 in 29459ms
 GET /api/realtime 200 in 27347ms
 GET /api/realtime 200 in 27006ms
 GET /api/realtime 200 in 27756ms
 GET /api/realtime 200 in 27853ms
 GET /api/realtime 200 in 28983ms
 GET /api/realtime 200 in 28128ms
 GET /api/realtime 200 in 29779ms
 GET /api/realtime 200 in 28498ms
 GET /api/realtime 200 in 29580ms
 GET /api/realtime 200 in 29969ms
 GET /api/realtime 200 in 28786ms
 GET /api/realtime 200 in 29874ms
 GET /api/realtime 200 in 19254ms
 GET /api/realtime 200 in 19466ms
 GET /api/realtime 200 in 18964ms
 GET /api/realtime 200 in 18489ms
 GET /api/realtime 200 in 19210ms
 GET /api/realtime 200 in 18843ms
 GET /api/realtime 200 in 19825ms
 GET /api/realtime 200 in 19566ms
 GET /api/realtime 200 in 18057ms
 GET /api/realtime 200 in 20656ms
 GET /api/realtime 200 in 19737ms
 GET /api/realtime 200 in 19599ms
 GET /api/realtime 200 in 18290ms
 GET /api/realtime 200 in 20021ms
 GET /api/realtime 200 in 28048ms
 GET /api/realtime 200 in 18493ms
 GET /api/realtime 200 in 20283ms
 GET /api/realtime 200 in 19511ms
 GET /api/realtime 200 in 19604ms
 GET /api/realtime 200 in 18971ms
 GET /api/realtime 200 in 19263ms
 GET /api/realtime 200 in 18499ms
 GET /api/realtime 200 in 27679ms
 GET /api/realtime 200 in 19527ms
 GET /api/realtime 200 in 28605ms
 GET /api/realtime 200 in 27210ms
 GET /api/realtime 200 in 20183ms
 GET /api/realtime 200 in 19266ms
 GET /api/realtime 200 in 28330ms
 GET /api/realtime 200 in 27582ms
 GET /api/realtime 200 in 20290ms
 GET /api/realtime 200 in 29384ms
 GET /api/realtime 200 in 20397ms
 GET /api/realtime 200 in 19748ms
 GET /api/realtime 200 in 20483ms
 GET /api/realtime 200 in 20299ms
 GET /api/realtime 200 in 20188ms
 GET /api/realtime 200 in 20489ms
 GET /api/realtime 200 in 20493ms
 GET /api/realtime 200 in 20180ms
 GET /api/realtime 200 in 29188ms
 GET /api/realtime 200 in 28900ms
 GET /api/realtime 200 in 28243ms
 GET /api/realtime 200 in 20382ms
 GET /api/realtime 200 in 20503ms
 GET /api/realtime 200 in 20300ms
 GET /api/realtime 200 in 20197ms
 GET /api/realtime 200 in 363ms
 GET /api/realtime 200 in 1807ms
 GET /api/realtime 200 in 16378ms
 GET /api/realtime 200 in 1339ms
 GET /api/realtime 200 in 16480ms
 GET /api/realtime 200 in 19597ms
 GET /api/realtime 200 in 18878ms
 GET /api/realtime 200 in 17623ms
 GET /api/realtime 200 in 16980ms
 GET /api/realtime 200 in 17311ms
 GET /api/realtime 200 in 1571ms
 GET /api/realtime 200 in 5965ms
 GET /api/realtime 200 in 13778ms
 GET /api/realtime 200 in 19900ms
 GET /api/realtime 200 in 4872ms
 GET /api/realtime 200 in 12747ms
 GET /api/realtime 200 in 15269ms
 GET /api/realtime 200 in 4738ms
 GET /api/realtime 200 in 3134ms
 GET /api/realtime 200 in 18773ms
 GET /api/realtime 200 in 4654ms
 GET /api/realtime 200 in 16138ms
 GET /api/realtime 200 in 11437ms
 GET /api/realtime 200 in 408ms
 GET /api/realtime 200 in 18635ms
 GET /api/realtime 200 in 3985ms
 GET /api/realtime 200 in 18783ms
 GET /api/realtime 200 in 13029ms
 GET /api/realtime 200 in 17133ms
 GET /api/realtime 200 in 16027ms
 GET /api/realtime 200 in 4416ms
 GET /api/realtime 200 in 29313ms
 GET /api/realtime 200 in 2139ms
 GET /api/realtime 200 in 15898ms
 GET /api/realtime 200 in 16881ms
 GET /api/realtime 200 in 19886ms
 GET /api/realtime 200 in 4632ms
 GET /api/realtime 200 in 14372ms
 GET /api/realtime 200 in 17633ms
 GET /api/realtime 200 in 18197ms
 GET /api/realtime 200 in 17636ms
 GET /api/realtime 200 in 16225ms
 GET /api/realtime 200 in 6086ms
 GET /api/realtime 200 in 1931ms
 GET /api/realtime 200 in 91ms
 GET /api/realtime 200 in 16154ms
 GET /api/realtime 200 in 10889ms
 GET /api/realtime 200 in 6735ms
 GET /api/realtime 200 in 3619ms
 GET /api/realtime 200 in 4560ms
 GET /api/realtime 200 in 5344ms
 GET /api/realtime 200 in 10607ms
 GET /api/realtime 200 in 2884ms
 GET /api/realtime 200 in 10022ms
 GET /api/realtime 200 in 18241ms
 GET /api/realtime 200 in 1379ms
 GET /api/realtime 200 in 2393ms
 GET /api/realtime 200 in 6412ms
 GET /api/realtime 200 in 312ms
 GET /api/realtime 200 in 13417ms
 GET /api/realtime 200 in 4996ms
 GET /api/realtime 200 in 16040ms
 GET /api/realtime 200 in 6372ms
 GET /api/realtime 200 in 17410ms
 GET /api/realtime 200 in 16983ms
 GET /api/realtime 200 in 17875ms
 GET /api/realtime 200 in 17277ms
 GET /api/realtime 200 in 15024ms
 GET /api/realtime 200 in 10302ms
 GET /api/realtime 200 in 17147ms
 GET /api/realtime 200 in 17005ms
 GET /api/realtime 200 in 10991ms
 GET /api/realtime 200 in 5239ms
 GET /api/realtime 200 in 19714ms
 GET /api/realtime 200 in 18898ms
 GET /api/realtime 200 in 18449ms
 GET /api/realtime 200 in 5700ms
 GET /api/realtime 200 in 13605ms
 GET /api/realtime 200 in 15160ms
 GET /api/realtime 200 in 16627ms
 GET /api/realtime 200 in 4355ms
 GET /api/realtime 200 in 16898ms
 GET /api/realtime 200 in 16789ms
 GET /api/realtime 200 in 10808ms
 GET /api/realtime 200 in 18067ms
 GET /api/realtime 200 in 18338ms
 GET /api/realtime 200 in 3397ms
 GET /api/realtime 200 in 17510ms
 GET /api/realtime 200 in 5375ms
 GET /api/realtime 200 in 1245ms
 GET /api/realtime 200 in 6559ms
 GET /api/realtime 200 in 15918ms
 GET /api/realtime 200 in 5457ms
 GET /api/realtime 200 in 17652ms
 GET /api/realtime 200 in 10126ms
 GET /api/realtime 200 in 16408ms
 GET /api/realtime 200 in 18341ms
 GET /api/realtime 200 in 18554ms
 GET /api/realtime 200 in 30134ms
 GET /api/realtime 200 in 12493ms
 GET /api/realtime 200 in 19140ms
 GET /api/realtime 200 in 7052ms
 GET /api/realtime 200 in 11764ms
 GET /api/realtime 200 in 10714ms
 GET /api/realtime 200 in 12035ms
 GET /api/realtime 200 in 11184ms
 GET /api/realtime 200 in 17518ms
 GET /api/realtime 200 in 13941ms
 GET /api/realtime 200 in 3765ms
 GET /api/realtime 200 in 16301ms
 GET /api/realtime 200 in 14512ms
 GET /api/realtime 200 in 6284ms
 GET /api/realtime 200 in 17889ms
 GET /api/realtime 200 in 2654ms
 GET /api/realtime 200 in 11378ms
 GET /api/realtime 200 in 6568ms
 GET /api/realtime 200 in 18466ms
 GET /api/realtime 200 in 16176ms
 GET /api/realtime 200 in 13153ms
 GET /api/realtime 200 in 18815ms
 GET /api/realtime 200 in 1132ms
 GET /api/realtime 200 in 16416ms
 GET /api/realtime 200 in 4126ms
 GET /api/realtime 200 in 4345ms
 GET /api/realtime 200 in 17893ms
 GET /api/realtime 200 in 18465ms
 GET /api/realtime 200 in 12318ms
 GET /api/realtime 200 in 13528ms
 GET /api/realtime 200 in 17999ms
 GET /api/realtime 200 in 12693ms
 GET /api/realtime 200 in 16100ms
 GET /api/realtime 200 in 16939ms
 GET /api/realtime 200 in 14764ms
 GET /api/realtime 200 in 16184ms
 GET /api/realtime 200 in 17897ms
 GET /api/realtime 200 in 16184ms
 GET /api/realtime 200 in 18674ms
 GET /api/realtime 200 in 14975ms
 GET /api/realtime 200 in 18680ms
 GET /api/realtime 200 in 17900ms
 GET /api/realtime 200 in 16516ms
 GET /api/realtime 200 in 17435ms
 GET /api/realtime 200 in 19041ms
 GET /api/realtime 200 in 16920ms
 GET /api/realtime 200 in 17436ms
 GET /api/realtime 200 in 19406ms
 GET /api/realtime 200 in 18273ms
 GET /api/realtime 200 in 27558ms
 GET /api/realtime 200 in 13727ms
 GET /api/realtime 200 in 17049ms
 GET /api/realtime 200 in 18009ms
 GET /api/realtime 200 in 17438ms
 GET /api/realtime 200 in 17736ms
 GET /api/realtime 200 in 13354ms
 GET /api/realtime 200 in 18685ms
 GET /api/realtime 200 in 14054ms
 GET /api/realtime 200 in 17259ms
 GET /api/realtime 200 in 28779ms
 GET /api/realtime 200 in 15731ms
 GET /api/realtime 200 in 18931ms
 GET /api/realtime 200 in 13261ms
 GET /api/realtime 200 in 18011ms
 GET /api/realtime 200 in 15694ms
 GET /api/realtime 200 in 16415ms
 GET /api/realtime 200 in 19267ms
 GET /api/realtime 200 in 18126ms
 GET /api/realtime 200 in 18367ms
 GET /api/realtime 200 in 18127ms
 GET /api/realtime 200 in 19554ms
 GET /api/realtime 200 in 17679ms
 GET /api/realtime 200 in 18135ms
 GET /api/realtime 200 in 16265ms
 GET /api/realtime 200 in 17445ms
 GET /api/realtime 200 in 17162ms
 GET /api/realtime 200 in 19233ms
 GET /api/realtime 200 in 18834ms
 GET /api/realtime 200 in 16267ms
 GET /api/realtime 200 in 17184ms
 GET /api/realtime 200 in 17911ms
 GET /api/realtime 200 in 18484ms
 GET /api/realtime 200 in 19683ms
 GET /api/realtime 200 in 18284ms
 GET /api/realtime 200 in 16553ms
 GET /api/realtime 200 in 18101ms
 GET /api/realtime 200 in 17605ms
 GET /api/realtime 200 in 18382ms
 GET /api/realtime 200 in 19169ms
 GET /api/realtime 200 in 19348ms
 GET /api/realtime 200 in 20246ms
 GET /api/realtime 200 in 19349ms
 GET /api/realtime 200 in 27013ms
 GET /api/realtime 200 in 19561ms
 GET /api/realtime 200 in 17320ms
 GET /api/realtime 200 in 18831ms
 GET /api/realtime 200 in 17545ms
 GET /api/realtime 200 in 20583ms
 GET /api/realtime 200 in 18585ms
 GET /api/realtime 200 in 19468ms
 GET /api/realtime 200 in 18381ms
 GET /api/realtime 200 in 29783ms
 GET /api/realtime 200 in 19429ms
 GET /api/realtime 200 in 19509ms
 GET /api/realtime 200 in 18589ms
 GET /api/realtime 200 in 18836ms
 GET /api/realtime 200 in 19510ms
 GET /api/realtime 200 in 19069ms
 GET /api/realtime 200 in 19226ms
 GET /api/realtime 200 in 17756ms
 GET /api/realtime 200 in 19759ms
 GET /api/realtime 200 in 18160ms
 GET /api/realtime 200 in 18388ms
 GET /api/realtime 200 in 17173ms
 GET /api/realtime 200 in 18947ms
 GET /api/realtime 200 in 17780ms
 GET /api/realtime 200 in 19182ms
 GET /api/realtime 200 in 29184ms
 GET /api/realtime 200 in 19768ms
 GET /api/realtime 200 in 18699ms
 GET /api/realtime 200 in 20131ms
 GET /api/realtime 200 in 27211ms
 GET /api/realtime 200 in 18496ms
 GET /api/realtime 200 in 19649ms
 GET /api/realtime 200 in 20485ms
 GET /api/realtime 200 in 19058ms
 GET /api/realtime 200 in 19068ms
 GET /api/realtime 200 in 19940ms
 GET /api/realtime 200 in 17698ms
 GET /api/realtime 200 in 19440ms
 GET /api/realtime 200 in 28519ms
 GET /api/realtime 200 in 17339ms
 GET /api/realtime 200 in 18034ms
 GET /api/realtime 200 in 18301ms
 GET /api/realtime 200 in 17923ms
 GET /api/realtime 200 in 19073ms
 GET /api/realtime 200 in 18599ms
 GET /api/realtime 200 in 20262ms
 GET /api/realtime 200 in 3938ms
 GET /api/realtime 200 in 14954ms
 GET /api/realtime 200 in 12269ms
 GET /api/realtime 200 in 5551ms
 GET /api/realtime 200 in 1319ms
 GET /api/realtime 200 in 3817ms
 GET /api/realtime 200 in 3084ms
 GET /api/realtime 200 in 15976ms
 GET /api/realtime 200 in 6801ms
 GET /api/realtime 200 in 1682ms
 GET /api/realtime 200 in 4064ms
 GET /api/realtime 200 in 16233ms
 GET /api/realtime 200 in 13020ms
 GET /api/realtime 200 in 17803ms
 GET /api/realtime 200 in 12644ms
 GET /api/realtime 200 in 17557ms
 GET /api/realtime 200 in 14206ms
 GET /api/realtime 200 in 7108ms
 GET /api/realtime 200 in 11149ms
 GET /api/realtime 200 in 19947ms
 GET /api/realtime 200 in 2821ms
 GET /api/realtime 200 in 16255ms
 GET /api/realtime 200 in 961ms
 GET /api/realtime 200 in 18859ms
 GET /api/realtime 200 in 1978ms
 GET /api/realtime 200 in 11334ms
 GET /api/realtime 200 in 2084ms
 GET /api/realtime 200 in 20281ms
 GET /api/realtime 200 in 3342ms
 GET /api/realtime 200 in 1759ms
 GET /api/realtime 200 in 849ms
 GET /api/realtime 200 in 15423ms
 GET /api/realtime 200 in 5637ms
 GET /api/realtime 200 in 5826ms
 GET /api/realtime 200 in 11915ms
 GET /api/realtime 200 in 17221ms
 GET /api/realtime 200 in 15567ms
 GET /api/realtime 200 in 989ms
 GET /api/realtime 200 in 5732ms
 GET /api/realtime 200 in 2575ms
 GET /api/realtime 200 in 1874ms
 GET /api/realtime 200 in 2707ms
 GET /api/realtime 200 in 250ms
 GET /api/realtime 200 in 16475ms
 GET /api/realtime 200 in 18055ms
 GET /api/realtime 200 in 885ms
 GET /api/realtime 200 in 739ms
 GET /api/realtime 200 in 5201ms
 GET /api/realtime 200 in 2342ms
 GET /api/realtime 200 in 4857ms
 GET /api/realtime 200 in 28082ms
 GET /api/realtime 200 in 14320ms
 GET /api/realtime 200 in 4539ms
 GET /api/realtime 200 in 16461ms
 GET /api/realtime 200 in 5325ms
 GET /api/realtime 200 in 3586ms
 GET /api/realtime 200 in 1804ms
 GET /api/realtime 200 in 15052ms
 GET /api/realtime 200 in 2597ms
 GET /api/realtime 200 in 4323ms
 GET /api/realtime 200 in 10596ms
 GET /api/realtime 200 in 7140ms
 GET /api/realtime 200 in 5081ms
 GET /api/realtime 200 in 2209ms
 GET /api/realtime 200 in 722ms
 GET /api/realtime 200 in 616ms
 GET /api/realtime 200 in 4211ms
 GET /api/realtime 200 in 10296ms
 GET /api/realtime 200 in 1223ms
 GET /api/realtime 200 in 2958ms
 GET /api/realtime 200 in 1585ms
 GET /api/realtime 200 in 7145ms
 GET /api/realtime 200 in 17819ms
 GET /api/realtime 200 in 4955ms
 GET /api/realtime 200 in 1113ms
 GET /api/realtime 200 in 2352ms
 GET /api/realtime 200 in 16249ms
 GET /api/realtime 200 in 5911ms
 GET /api/realtime 200 in 15786ms
 GET /api/realtime 200 in 372ms
 GET /api/realtime 200 in 294ms
 GET /api/realtime 200 in 3612ms
 GET /api/realtime 200 in 3369ms
 GET /api/realtime 200 in 12482ms
 GET /api/realtime 200 in 1567ms
 GET /api/realtime 200 in 3724ms
 GET /api/realtime 200 in 3491ms
 GET /api/realtime 200 in 4304ms
 GET /api/realtime 200 in 5214ms
 GET /api/realtime 200 in 3244ms
 GET /api/realtime 200 in 17155ms
 GET /api/realtime 200 in 17599ms
 GET /api/realtime 200 in 3969ms
 GET /api/realtime 200 in 17370ms
 GET /api/realtime 200 in 2856ms
 GET /api/realtime 200 in 11639ms
 GET /api/realtime 200 in 11742ms
 GET /api/realtime 200 in 5691ms
 GET /api/realtime 200 in 2138ms
 GET /api/realtime 200 in 12208ms
 GET /api/realtime 200 in 3124ms
 GET /api/realtime 200 in 2483ms
 GET /api/realtime 200 in 1098ms
 GET /api/realtime 200 in 4623ms
 GET /api/realtime 200 in 17506ms
 GET /api/realtime 200 in 12030ms
 GET /api/realtime 200 in 15347ms
 GET /api/realtime 200 in 599ms
 GET /api/realtime 200 in 12956ms
 GET / 200 in 98ms
 GET / 200 in 67ms
[?25h
