  ▲ Next.js 14.2.28
  - Local:        http://localhost:3000
  - Environments: .env
  - Experiments (use with caution):
    · outputFileTracingRoot

 ✓ Starting...
 ✓ Ready in 2.1s
 ○ Compiling / ...
 ✓ Compiled / in 2.5s (596 modules)
 GET / 200 in 3042ms
 ✓ Compiled in 469ms (296 modules)
 GET / 200 in 79ms
 ○ Compiling /api/auth/[...nextauth] ...
 ✓ Compiled /api/auth/[...nextauth] in 548ms (541 modules)
 GET /api/auth/session 200 in 1039ms
 GET /api/auth/session 200 in 58ms
 GET / 200 in 106ms
 GET / 200 in 61ms
 GET / 200 in 70ms
 GET / 200 in 66ms
 GET / 200 in 55ms
 GET / 200 in 63ms
 GET / 200 in 64ms
 GET / 200 in 77ms
 GET /api/auth/session 200 in 78ms
 GET / 200 in 69ms
 GET /api/auth/session 200 in 65ms
[?25h
