app/api/company/analytics/route.ts(63,31): error TS2322: Type '{ projects: true; }' is not assignable to type 'TeamMemberCountOutputTypeSelect<DefaultArgs>'.
  Object literal may only specify known properties, and 'projects' does not exist in type 'TeamMemberCountOutputTypeSelect<DefaultArgs>'.
app/api/company/analytics/route.ts(74,60): error TS2322: Type '{ id: true; status: true; createdAt: true; answeredDate: true; }' is not assignable to type 'RFISelect<DefaultArgs>'.
  Object literal may only specify known properties, but 'answeredDate' does not exist in type 'RFISelect<DefaultArgs>'. Did you mean to write 'answeredAt'?
app/api/company/analytics/route.ts(79,60): error TS2322: Type '{ id: true; status: true; createdAt: true; approvedDate: true; }' is not assignable to type 'SubmittalSelect<DefaultArgs>'.
  Object literal may only specify known properties, and 'approvedDate' does not exist in type 'SubmittalSelect<DefaultArgs>'.
app/api/company/analytics/route.ts(108,29): error TS2339: Property 'plan' does not exist on type '{ _count: { users: number; projects: number; teamMembers: number; }; } & { name: string; id: string; slug: string; logoUrl: string | null; entitlements: JsonValue; storageUsedBytes: bigint; isActive: boolean; createdAt: Date; updatedAt: Date; }'.
app/api/dashboard/analytics/route.ts(52,75): error TS2322: Type '{ id: true; status: true; createdAt: true; dueDate: true; answeredDate: true; }' is not assignable to type 'RFISelect<DefaultArgs>'.
  Object literal may only specify known properties, but 'answeredDate' does not exist in type 'RFISelect<DefaultArgs>'. Did you mean to write 'answeredAt'?
app/api/dashboard/analytics/route.ts(57,75): error TS2322: Type '{ id: true; status: true; createdAt: true; dueDate: true; approvedDate: true; }' is not assignable to type 'SubmittalSelect<DefaultArgs>'.
  Object literal may only specify known properties, and 'approvedDate' does not exist in type 'SubmittalSelect<DefaultArgs>'.
app/api/dashboard/analytics/route.ts(72,47): error TS2322: Type '{ id: true; reportDate: true; weatherCondition: true; labourCount: true; delayHours: true; }' is not assignable to type 'DailyReportSelect<DefaultArgs>'.
  Object literal may only specify known properties, and 'weatherCondition' does not exist in type 'DailyReportSelect<DefaultArgs>'.
app/api/dashboard/analytics/route.ts(125,65): error TS2339: Property 'labourCount' does not exist on type '{ id: string; createdAt: Date; updatedAt: Date; createdById: string; projectId: string; reportDate: Date; weather: WeatherCondition; temperature: number | null; ... 6 more ...; manpowerCount: number; }'.
app/api/dashboard/analytics/route.ts(127,67): error TS2339: Property 'delayHours' does not exist on type '{ id: string; createdAt: Date; updatedAt: Date; createdById: string; projectId: string; reportDate: Date; weather: WeatherCondition; temperature: number | null; ... 6 more ...; manpowerCount: number; }'.
app/api/export/route.ts(81,72): error TS2551: Property 'answeredDate' does not exist on type '{ project: { name: string; }; createdBy: { name: string; }; assignedTo: { name: string; } | null; } & { number: number; status: RFIStatus; id: string; createdAt: Date; updatedAt: Date; ... 14 more ...; closedAt: Date | null; }'. Did you mean 'answeredAt'?
app/api/export/route.ts(97,74): error TS2339: Property 'approvedDate' does not exist on type '{ project: { name: string; }; submittedBy: { name: string; } | null; } & { number: number; status: SubmittalStatus; id: string; createdAt: Date; updatedAt: Date; ... 10 more ...; reviewedById: string | null; }'.
app/api/export/route.ts(130,13): error TS2339: Property 'title' does not exist on type '{ project: { name: string; }; reportedBy: { name: string; }; } & { status: IncidentStatus; id: string; createdAt: Date; updatedAt: Date; description: string; location: string | null; ... 10 more ...; reportedById: string; }'.
app/api/export/route.ts(130,60): error TS2551: Property 'incidentType' does not exist on type '{ project: { name: string; }; reportedBy: { name: string; }; } & { status: IncidentStatus; id: string; createdAt: Date; updatedAt: Date; description: string; location: string | null; ... 10 more ...; reportedById: string; }'. Did you mean 'incidentDate'?
app/api/export/route.ts(158,33): error TS2322: Type '{ projects: true; }' is not assignable to type 'TeamMemberCountOutputTypeSelect<DefaultArgs>'.
  Object literal may only specify known properties, and 'projects' does not exist in type 'TeamMemberCountOutputTypeSelect<DefaultArgs>'.
app/api/export/route.ts(163,13): error TS2339: Property 'user' does not exist on type '{ id: string; organizationId: string; userId: string; jobTitle: string | null; department: string | null; invitedAt: Date; }'.
app/api/export/route.ts(163,33): error TS2339: Property 'user' does not exist on type '{ id: string; organizationId: string; userId: string; jobTitle: string | null; department: string | null; invitedAt: Date; }'.
app/api/export/route.ts(163,54): error TS2339: Property 'role' does not exist on type '{ id: string; organizationId: string; userId: string; jobTitle: string | null; department: string | null; invitedAt: Date; }'.
app/api/export/route.ts(164,51): error TS2339: Property '_count' does not exist on type '{ id: string; organizationId: string; userId: string; jobTitle: string | null; department: string | null; invitedAt: Date; }'.
app/api/projects/templates/route.ts(143,13): error TS2322: Type '{ title: string; description: string; status: "TODO"; priority: "MEDIUM"; projectId: string; dueDate: Date; createdById: string; }' is not assignable to type '(Without<TaskCreateInput, TaskUncheckedCreateInput> & TaskUncheckedCreateInput) | (Without<...> & TaskCreateInput)'.
  Object literal may only specify known properties, and 'createdById' does not exist in type 'Without<TaskCreateInput, TaskUncheckedCreateInput> & TaskUncheckedCreateInput'.
scripts/data-integrity-check.ts(174,27): error TS2322: Type '{ id: true; title: true; reportedById: true; status: true; severity: true; }' is not assignable to type 'SafetyIncidentSelect<DefaultArgs>'.
  Object literal may only specify known properties, and 'title' does not exist in type 'SafetyIncidentSelect<DefaultArgs>'.
scripts/data-integrity-check.ts(183,49): error TS2339: Property 'title' does not exist on type '{ status: IncidentStatus; id: string; createdAt: Date; updatedAt: Date; description: string; location: string | null; projectId: string; assignedToId: string | null; ... 8 more ...; reportedById: string; }'.
scripts/project-summary-report.ts(38,37): error TS2322: Type '{ user: { select: { name: true; }; }; }' is not assignable to type 'ProjectTeamMemberInclude<DefaultArgs>'.
  Object literal may only specify known properties, and 'user' does not exist in type 'ProjectTeamMemberInclude<DefaultArgs>'.
scripts/project-summary-report.ts(50,37): error TS2322: Type '{ user: { select: { name: true; }; }; }' is not assignable to type 'ProjectTeamMemberInclude<DefaultArgs>'.
  Object literal may only specify known properties, and 'user' does not exist in type 'ProjectTeamMemberInclude<DefaultArgs>'.
scripts/project-summary-report.ts(145,99): error TS2339: Property 'costImpact' does not exist on type '{ number: number; status: ChangeOrderStatus; id: string; createdAt: Date; updatedAt: Date; description: string | null; title: string; projectId: string; reason: string | null; ... 7 more ...; executedAt: Date | null; }'.
exit_code=2
