  ▲ Next.js 14.2.28
  - Local:        http://localhost:3000
  - Environments: .env
  - Experiments (use with caution):
    · outputFileTracingRoot

 ✓ Starting...
 ✓ Ready in 1502ms
 ○ Compiling / ...
 ✓ Compiled / in 1918ms (596 modules)
 GET / 200 in 2467ms
 ✓ Compiled in 497ms (296 modules)
 ✓ Compiled /api/auth/[...nextauth] in 445ms (541 modules)
 GET /api/auth/providers 200 in 941ms
 GET / 200 in 112ms
 GET /api/auth/session 200 in 65ms
 GET /api/auth/session 200 in 44ms
 ○ Compiling /signup ...
 ✓ Compiled /signup in 769ms (881 modules)
 GET /signup 200 in 943ms
 GET /login 200 in 954ms
 GET /api/auth/session 200 in 80ms
 GET /api/auth/session 200 in 47ms
 GET /api/auth/session 200 in 44ms
 GET /api/auth/session 200 in 42ms
 GET /api/auth/session 200 in 63ms
 GET /api/auth/csrf 200 in 47ms
 ✓ Compiled /api/signup in 295ms (597 modules)
 POST /api/signup 200 in 768ms
 GET / 200 in 82ms
 GET /api/auth/signin 302 in 59ms
 GET /login?callbackUrl=https://4b8f6bc33.preview.abacusai.app 200 in 51ms
 GET /api/auth/csrf 200 in 39ms
 POST /api/auth/callback/credentials 302 in 334ms
 ✓ Compiled /middleware in 193ms (174 modules)
 ○ Compiling /dashboard ...
 ✓ Compiled /dashboard in 1472ms (2857 modules)
 GET /dashboard 200 in 1786ms
 GET / 200 in 72ms
 GET /dashboard 200 in 66ms
 GET /api/auth/session 200 in 69ms
 ✓ Compiled /api/notifications in 319ms (1582 modules)
 ✓ Compiled (1584 modules)
 GET /api/auth/session 200 in 692ms
 GET /api/notifications?limit=10 200 in 752ms
 GET /api/realtime 200 in 399ms
 GET /api/auth/session 200 in 60ms
 GET /api/notifications?limit=10 200 in 79ms
 GET /api/realtime 200 in 81ms
 GET /api/auth/session 200 in 71ms
 GET /api/notifications?limit=10 200 in 61ms
 GET /api/realtime 200 in 52ms
 GET /api/auth/session 200 in 76ms
 GET /api/notifications?limit=10 200 in 96ms
 GET /api/realtime 200 in 70ms
 GET /api/realtime 200 in 54ms
 GET /api/realtime 200 in 65ms
 GET /api/realtime 200 in 66ms
 GET /api/realtime 200 in 54ms
 GET /api/realtime 200 in 54ms
 GET /api/realtime 200 in 50ms
 GET /api/realtime 200 in 171ms
 GET /api/realtime 200 in 67ms
 GET /api/realtime 200 in 73ms
 GET /api/realtime 200 in 91ms
 GET /api/realtime 200 in 55ms
 GET /api/realtime 200 in 58ms
 GET /api/realtime 200 in 59ms
 GET /api/realtime 200 in 53ms
 GET /api/realtime 200 in 56ms
 GET /api/realtime 200 in 53ms
 GET /api/realtime 200 in 59ms
 GET /api/realtime 200 in 53ms
 GET /api/realtime 200 in 54ms
 GET /api/realtime 200 in 69ms
 GET /api/realtime 200 in 58ms
 GET /api/realtime 200 in 52ms
 GET /api/realtime 200 in 58ms
 GET /api/realtime 200 in 55ms
 GET /api/realtime 200 in 64ms
 GET /api/realtime 200 in 54ms
 GET /api/realtime 200 in 56ms
 GET /api/realtime 200 in 127ms
 GET /api/realtime 200 in 51ms
 GET /api/realtime 200 in 62ms
 GET /api/realtime 200 in 54ms
 GET /api/realtime 200 in 68ms
 GET /api/realtime 200 in 67ms
 GET /api/realtime 200 in 53ms
 GET /api/realtime 200 in 56ms
 GET /api/realtime 200 in 54ms
 GET /api/realtime 200 in 55ms
 GET /api/realtime 200 in 60ms
 GET /api/realtime 200 in 54ms
 GET /api/realtime 200 in 56ms
 GET /api/realtime 200 in 56ms
 GET /api/realtime 200 in 77ms
 GET /api/realtime 200 in 53ms
 GET /api/realtime 200 in 55ms
 GET /api/realtime 200 in 53ms
 GET /api/realtime 200 in 56ms
 GET /api/realtime 200 in 53ms
 GET /api/realtime 200 in 53ms
 GET /api/realtime 200 in 53ms
 GET /api/realtime 200 in 59ms
 GET /api/realtime 200 in 58ms
 GET /api/realtime 200 in 60ms
 GET /api/realtime 200 in 58ms
 GET /api/realtime 200 in 61ms
 GET /api/realtime 200 in 57ms
 GET /api/realtime 200 in 60ms
 GET /api/realtime 200 in 54ms
 GET /api/realtime 200 in 59ms
 GET /api/realtime 200 in 93ms
 GET /api/realtime 200 in 153ms
 GET /api/realtime 200 in 63ms
 GET /api/realtime 200 in 57ms
 GET /api/realtime 200 in 55ms
 GET /api/realtime 200 in 57ms
 GET /api/realtime 200 in 59ms
 GET /api/realtime 200 in 57ms
 GET /api/realtime 200 in 7152ms
 ○ Compiling /team ...
 ✓ Compiled /team in 3.7s (3457 modules)
 GET /projects/new 200 in 4812ms
 GET /materials 200 in 4860ms
 GET /milestones 200 in 4863ms
 GET /meetings 200 in 4817ms
 GET /documents 200 in 4818ms
 GET /settings 200 in 4818ms
 GET /inspections 200 in 4778ms
 GET /daily-reports 200 in 4779ms
 GET /change-orders 200 in 4778ms
 GET /equipment 200 in 4798ms
 GET /time-tracking 200 in 4866ms
 GET /subcontractors 200 in 4883ms
 GET /submittals 200 in 4804ms
 GET /projects 200 in 4844ms
 GET /rfis 200 in 4804ms
 GET /safety 200 in 4804ms
 GET /reports 200 in 4804ms
 GET /company 200 in 4847ms
 GET /tasks 200 in 4876ms
 GET /punch-lists 200 in 4808ms
 GET /budget 200 in 4888ms
 GET /team 200 in 4810ms
 GET /api/notifications?limit=10 200 in 323ms
 GET /api/auth/session 200 in 613ms
 GET /api/notifications?limit=10 200 in 708ms
 GET /api/realtime 200 in 596ms
 GET /api/realtime 200 in 606ms
 GET /api/realtime 200 in 383ms
 GET /api/realtime 200 in 267ms
 GET /api/realtime 200 in 482ms
 GET /api/realtime 200 in 484ms
 GET /api/realtime 200 in 485ms
 GET /api/realtime 200 in 497ms
 GET /api/realtime 200 in 498ms
 GET /api/auth/session 200 in 444ms
 GET /api/realtime 200 in 420ms
 GET /api/realtime 200 in 451ms
 GET /api/realtime 200 in 242ms
 GET /api/realtime 200 in 555ms
 GET /api/realtime 200 in 557ms
 GET /api/realtime 200 in 560ms
 GET /api/notifications?limit=10 200 in 548ms
 GET /api/realtime 200 in 555ms
 GET /api/realtime 200 in 657ms
 GET /api/realtime 200 in 553ms
 GET /api/realtime 200 in 559ms
 GET /api/realtime 200 in 575ms
 GET /api/realtime 200 in 560ms
 GET /api/realtime 200 in 591ms
 ○ Compiling /api/company/stats ...
 ✓ Compiled /api/company/stats in 1389ms (1918 modules)
 GET /api/auth/session 200 in 2298ms
 GET /api/realtime 200 in 2331ms
 GET /api/realtime 200 in 2332ms
 GET /api/realtime 200 in 2342ms
 GET /api/company/stats 200 in 2883ms
 GET /api/realtime 200 in 2578ms
 GET /api/realtime 200 in 2570ms
 GET /api/realtime 200 in 2592ms
 GET /api/realtime 200 in 2719ms
 GET /api/notifications?limit=10 200 in 2480ms
 GET /api/realtime 200 in 2389ms
 GET /api/realtime 200 in 2393ms
 GET /api/realtime 200 in 2383ms
 GET /api/realtime 200 in 2638ms
 GET /api/realtime 200 in 2395ms
 GET /api/realtime 200 in 2383ms
 GET /api/realtime 200 in 2384ms
 GET /api/realtime 200 in 2462ms
 GET /api/realtime 200 in 2283ms
 GET /api/realtime 200 in 2037ms
 GET /api/realtime 200 in 2485ms
 GET /api/realtime 200 in 2163ms
 GET /api/realtime 200 in 680ms
 GET /api/realtime 200 in 679ms
 GET /api/realtime 200 in 684ms
 GET /api/realtime 200 in 2656ms
 GET /api/auth/session 200 in 733ms
 GET /api/realtime 200 in 2844ms
 GET /api/realtime 200 in 424ms
 GET /api/realtime 200 in 356ms
 GET /api/realtime 200 in 421ms
 GET /api/realtime 200 in 361ms
 GET /api/realtime 200 in 425ms
 GET /api/realtime 200 in 371ms
 GET /api/realtime 200 in 457ms
 GET /api/realtime 200 in 454ms
 GET /api/realtime 200 in 339ms
 GET /api/realtime 200 in 341ms
 GET /api/realtime 200 in 340ms
 GET /api/realtime 200 in 346ms
 GET /api/realtime 200 in 348ms
 GET /api/realtime 200 in 347ms
 GET /api/realtime 200 in 349ms
 GET /api/company/stats 200 in 381ms
 GET /api/notifications?limit=10 200 in 395ms
 GET /api/realtime 200 in 264ms
 GET /api/realtime 200 in 338ms
 GET /api/realtime 200 in 138ms
 GET /api/realtime 200 in 3721ms
 GET /api/realtime 200 in 208ms
 GET /api/realtime 200 in 110ms
 GET /api/realtime 200 in 3986ms
 GET /api/realtime 200 in 3819ms
 GET /api/realtime 200 in 3640ms
 GET /api/realtime 200 in 126ms
 GET /api/realtime 200 in 350ms
 GET /api/realtime 200 in 2923ms
 GET /api/realtime 200 in 3371ms
 GET /api/realtime 200 in 3047ms
 GET /api/realtime 200 in 400ms
 GET /api/realtime 200 in 3178ms
 GET /api/realtime 200 in 391ms
 GET /api/auth/session 200 in 343ms
 GET /api/realtime 200 in 330ms
 GET /api/realtime 200 in 341ms
 GET /api/realtime 200 in 242ms
 GET /api/realtime 200 in 243ms
 GET /api/realtime 200 in 342ms
 GET /api/realtime 200 in 247ms
 GET /api/realtime 200 in 341ms
 GET /api/realtime 200 in 343ms
 GET /api/realtime 200 in 269ms
 GET /api/realtime 200 in 275ms
 GET /api/realtime 200 in 3493ms
 GET /api/company/stats 200 in 324ms
 GET /api/realtime 200 in 310ms
 GET /api/realtime 200 in 315ms
 GET /api/notifications?limit=10 200 in 333ms
 GET /api/realtime 200 in 224ms
 GET /api/auth/session 200 in 272ms
 GET /api/realtime 200 in 315ms
 GET /api/realtime 200 in 316ms
 GET /api/realtime 200 in 317ms
 GET /api/realtime 200 in 306ms
 GET /api/realtime 200 in 318ms
 GET /api/realtime 200 in 273ms
 GET /api/realtime 200 in 272ms
 GET /api/realtime 200 in 424ms
 GET /api/realtime 200 in 421ms
 GET /api/company/stats 200 in 318ms
 GET /api/notifications?limit=10 200 in 513ms
 GET /api/realtime 200 in 514ms
 GET /api/realtime 200 in 567ms
 GET /api/realtime 200 in 589ms
 GET /api/auth/session 200 in 603ms
 GET /api/realtime 200 in 665ms
 GET /api/realtime 200 in 513ms
 GET /api/realtime 200 in 504ms
 GET /api/realtime 200 in 700ms
 GET /api/realtime 200 in 770ms
 GET /api/realtime 200 in 735ms
 GET /api/realtime 200 in 796ms
 GET /api/realtime 200 in 971ms
 GET /api/realtime 200 in 369ms
 GET /api/notifications?limit=10 200 in 416ms
 GET /api/realtime 200 in 1118ms
 GET /api/realtime 200 in 341ms
 GET /api/realtime 200 in 326ms
 GET /api/auth/session 200 in 283ms
 GET /api/realtime 200 in 265ms
 GET /api/realtime 200 in 248ms
 GET /api/realtime 200 in 214ms
 GET /api/realtime 200 in 254ms
 GET /api/realtime 200 in 234ms
 GET /api/realtime 200 in 236ms
 GET /api/realtime 200 in 207ms
 GET /api/realtime 200 in 207ms
 GET /api/notifications?limit=10 200 in 174ms
 GET /api/realtime 200 in 192ms
 GET /api/realtime 200 in 216ms
 GET /api/realtime 200 in 213ms
 GET /api/realtime 200 in 172ms
 GET /api/realtime 200 in 218ms
 GET /api/auth/session 200 in 249ms
 GET /api/realtime 200 in 6313ms
 GET /api/realtime 200 in 250ms
 GET /api/realtime 200 in 251ms
 GET /api/notifications?limit=10 200 in 193ms
 GET /api/realtime 200 in 275ms
 GET /api/realtime 200 in 6468ms
 GET /api/realtime 200 in 255ms
 GET /api/realtime 200 in 6580ms
 GET /api/realtime 200 in 259ms
 GET /api/realtime 200 in 258ms
 GET /api/realtime 200 in 165ms
 GET /api/realtime 200 in 258ms
 GET /api/realtime 200 in 6282ms
 GET /api/realtime 200 in 6392ms
 GET /api/realtime 200 in 6506ms
 GET /api/realtime 200 in 129ms
 GET /api/realtime 200 in 6622ms
 GET /api/realtime 200 in 6413ms
 GET /api/realtime 200 in 156ms
 GET /api/realtime 200 in 6056ms
 GET /api/realtime 200 in 5134ms
 GET /api/realtime 200 in 260ms
 GET /api/realtime 200 in 6205ms
 GET /api/realtime 200 in 241ms
 GET /api/notifications?limit=10 200 in 241ms
 GET /api/notifications?limit=10 200 in 241ms
 GET /api/notifications?limit=10 200 in 226ms
 GET /api/notifications?limit=10 200 in 227ms
 GET /api/auth/session 200 in 176ms
 GET /api/auth/session 200 in 72ms
 GET /api/realtime 200 in 104ms
 GET /api/realtime 200 in 108ms
 GET /api/auth/session 200 in 93ms
 GET /api/realtime 200 in 72ms
 GET /api/auth/session 200 in 42ms
 GET /api/auth/session 200 in 56ms
 GET /api/realtime 200 in 77ms
 GET /api/realtime 200 in 54ms
 GET /api/auth/session 200 in 36ms
 GET /api/realtime 200 in 97ms
 GET /api/auth/session 200 in 73ms
 GET /api/realtime 200 in 64ms
 GET /api/auth/session 200 in 40ms
 GET /api/realtime 200 in 53ms
 GET /api/realtime 200 in 53ms
 GET /api/realtime 200 in 86ms
 GET /api/realtime 200 in 59ms
 GET /api/realtime 200 in 52ms
 GET /api/realtime 200 in 57ms
 GET /api/realtime 200 in 55ms
 GET /api/realtime 200 in 53ms
 GET /api/realtime 200 in 58ms
 GET /api/realtime 200 in 53ms
 GET /api/realtime 200 in 57ms
 GET /api/realtime 200 in 61ms
 GET /api/realtime 200 in 62ms
 GET /api/realtime 200 in 60ms
 GET /api/realtime 200 in 62ms
 GET /api/realtime 200 in 54ms
 GET /api/realtime 200 in 55ms
 GET /api/realtime 200 in 55ms
 GET /api/realtime 200 in 58ms
 GET /api/realtime 200 in 53ms
 GET /api/realtime 200 in 53ms
 GET /api/realtime 200 in 57ms
 GET /api/realtime 200 in 54ms
 GET /api/realtime 200 in 53ms
 GET /api/realtime 200 in 58ms
 GET /api/realtime 200 in 86ms
 GET /api/realtime 200 in 54ms
 GET /api/realtime 200 in 111ms
 GET /api/realtime 200 in 98ms
 GET /api/realtime 200 in 55ms
 GET /api/realtime 200 in 56ms
 GET /api/realtime 200 in 63ms
 GET /api/realtime 200 in 58ms
 GET /api/realtime 200 in 53ms
 GET /api/realtime 200 in 10059ms
 ○ Compiling /company/usage ...
 ✓ Compiled /company/usage in 2.7s (3585 modules)
 GET /company/invitations 200 in 3131ms
 GET /company/team 200 in 3132ms
 GET /company/settings 307 in 3133ms
 GET /company/usage 200 in 3121ms
 GET /dashboard 200 in 216ms
 GET /projects/project-riverside-homes 200 in 3399ms
 GET /projects/project-downtown-office 200 in 3381ms
 GET /projects/project-mall-renovation 200 in 3413ms
 ○ Compiling /api/company/invitations ...
 ✓ Compiled /api/company/invitations in 883ms (1995 modules)
 GET /api/realtime 200 in 958ms
 GET /api/realtime 200 in 1055ms
 GET /api/realtime 200 in 1043ms
 GET /api/realtime 200 in 1042ms
 GET /api/auth/session 200 in 1780ms
 GET /api/notifications?limit=10 200 in 1579ms
 GET /api/company/invitations? 200 in 1872ms
 GET /api/realtime 200 in 86ms
 GET /api/realtime 200 in 146ms
 GET /api/realtime 200 in 149ms
 GET /api/realtime 200 in 161ms
 GET /api/auth/session 200 in 126ms
 GET /api/notifications?limit=10 200 in 151ms
 GET /api/company/invitations? 200 in 153ms
 GET /api/realtime 200 in 111ms
 GET /api/realtime 200 in 136ms
 GET /api/realtime 200 in 137ms
 GET /api/realtime 200 in 139ms
 GET /api/company/invitations? 200 in 112ms
 GET /api/notifications?limit=10 200 in 117ms
 GET /api/auth/session 200 in 126ms
 GET /api/realtime 200 in 151ms
 GET /api/notifications?limit=10 200 in 141ms
 GET /api/company/invitations? 200 in 139ms
 GET /api/realtime 200 in 150ms
 GET /api/realtime 200 in 148ms
 GET /api/realtime 200 in 148ms
 GET /api/auth/session 200 in 120ms
 GET /api/realtime 200 in 111ms
 GET /api/realtime 200 in 128ms
 GET /api/realtime 200 in 129ms
 GET /api/notifications?limit=10 200 in 123ms
 GET /api/realtime 200 in 130ms
 GET /api/auth/session 200 in 139ms
 GET /api/realtime 200 in 143ms
 GET /api/realtime 200 in 165ms
 GET /api/realtime 200 in 162ms
 GET /api/realtime 200 in 167ms
 GET /api/notifications?limit=10 200 in 128ms
 GET /api/auth/session 200 in 123ms
 GET /api/realtime 200 in 125ms
 GET /api/realtime 200 in 143ms
 GET /api/realtime 200 in 122ms
 GET /api/realtime 200 in 144ms
 GET /api/notifications?limit=10 200 in 148ms
 GET /api/realtime 200 in 191ms
 GET /api/auth/session 200 in 131ms
 GET /api/realtime 200 in 152ms
 GET /api/realtime 200 in 153ms
 GET /api/notifications?limit=10 200 in 176ms
 GET /api/realtime 200 in 182ms
 GET /api/realtime 200 in 147ms
 GET /api/auth/session 200 in 100ms
 GET /api/realtime 200 in 136ms
 GET /api/realtime 200 in 177ms
 GET /api/notifications?limit=10 200 in 228ms
 GET /api/realtime 200 in 237ms
 GET /api/realtime 200 in 228ms
 GET /api/auth/session 200 in 248ms
 GET /api/realtime 200 in 200ms
 GET /api/realtime 200 in 183ms
 GET /api/notifications?limit=10 200 in 160ms
 GET /api/realtime 200 in 175ms
 GET /api/realtime 200 in 176ms
 GET /api/auth/session 200 in 144ms
 GET /api/realtime 200 in 155ms
 GET /api/realtime 200 in 163ms
 GET /api/notifications?limit=10 200 in 152ms
 GET /api/realtime 200 in 205ms
 GET /api/realtime 200 in 213ms
 GET /api/auth/session 200 in 161ms
 GET /api/realtime 200 in 171ms
 GET /api/realtime 200 in 159ms
 GET /api/notifications?limit=10 200 in 129ms
 GET /api/realtime 200 in 135ms
 GET /api/realtime 200 in 142ms
 GET /api/auth/session 200 in 110ms
 GET /api/realtime 200 in 99ms
 GET /api/realtime 200 in 105ms
 GET /api/realtime 200 in 137ms
 GET /api/notifications?limit=10 200 in 126ms
 GET /api/realtime 200 in 131ms
 GET /api/realtime 200 in 151ms
 GET /api/auth/session 200 in 184ms
 GET /api/realtime 200 in 170ms
 GET /api/realtime 200 in 173ms
 GET /api/realtime 200 in 185ms
 GET /api/realtime 200 in 196ms
 GET /api/notifications?limit=10 200 in 262ms
 GET /api/auth/session 200 in 213ms
 GET /api/realtime 200 in 218ms
 GET /api/realtime 200 in 166ms
 GET /api/realtime 200 in 171ms
 GET /api/realtime 200 in 151ms
 GET /api/notifications?limit=10 200 in 142ms
 GET /api/realtime 200 in 200ms
 GET /api/auth/session 200 in 192ms
 GET /api/realtime 200 in 193ms
 GET /api/realtime 200 in 197ms
 GET /api/realtime 200 in 160ms
 GET /api/notifications?limit=10 200 in 173ms
 GET /api/auth/session 200 in 174ms
 GET /api/realtime 200 in 215ms
 GET /api/realtime 200 in 122ms
 GET /api/realtime 200 in 320ms
 GET /api/realtime 200 in 220ms
 GET /api/auth/session 200 in 105ms
 GET /api/realtime 200 in 113ms
 GET /api/realtime 200 in 124ms
 GET /api/realtime 200 in 126ms
 GET /api/realtime 200 in 126ms
 GET /api/auth/session 200 in 121ms
 GET /api/realtime 200 in 123ms
 GET /api/realtime 200 in 122ms
 GET /api/realtime 200 in 127ms
 GET /api/realtime 200 in 4974ms
 GET /api/realtime 200 in 142ms
 GET /api/auth/session 200 in 172ms
 GET /api/realtime 200 in 84ms
 GET /api/realtime 200 in 4744ms
 GET /api/realtime 200 in 173ms
 GET /api/realtime 200 in 136ms
 GET /api/auth/session 200 in 55ms
 GET /api/realtime 200 in 114ms
 GET /api/realtime 200 in 116ms
 GET /api/auth/session 200 in 92ms
 GET /api/realtime 200 in 133ms
 GET /api/realtime 200 in 142ms
 GET /api/auth/session 200 in 122ms
 GET /api/realtime 200 in 89ms
 GET /api/realtime 200 in 113ms
 GET /api/auth/session 200 in 96ms
 GET /api/realtime 200 in 76ms
 GET /api/realtime 200 in 78ms
 GET /api/auth/session 200 in 67ms
 GET /api/realtime 200 in 88ms
 GET /api/realtime 200 in 145ms
 GET /api/auth/session 200 in 108ms
 GET /api/auth/session 200 in 84ms
 GET /api/auth/session 200 in 63ms
 GET /api/realtime 200 in 285ms
 GET /api/realtime 200 in 274ms
 GET /api/realtime 200 in 111ms
 GET /api/realtime 200 in 93ms
 GET /api/realtime 200 in 115ms
 GET /api/realtime 200 in 97ms
 GET /api/realtime 200 in 101ms
 GET /api/realtime 200 in 96ms
 GET /api/realtime 200 in 55ms
 GET /api/realtime 200 in 6690ms
 GET /api/realtime 200 in 96ms
 GET /api/realtime 200 in 6769ms
 ✓ Compiled in 988ms (1608 modules)
 ✓ Compiled in 558ms (1608 modules)
[?25h
