  ▲ Next.js 14.2.28
  - Local:        http://localhost:3000
  - Environments: .env
  - Experiments (use with caution):
    · outputFileTracingRoot

 ✓ Starting...
 ✓ Ready in 2.3s
 ○ Compiling / ...
 ✓ Compiled / in 4.3s (596 modules)
 ✓ Compiled in 594ms (296 modules)
 GET / 200 in 4938ms
 GET / 200 in 83ms
 ○ Compiling /api/auth/[...nextauth] ...
 ✓ Compiled /api/auth/[...nextauth] in 802ms (541 modules)
 GET /api/auth/session 200 in 1423ms
 GET /api/auth/session 200 in 70ms
 GET / 200 in 116ms
 GET / 200 in 70ms
 GET / 200 in 66ms
 GET / 200 in 67ms
 GET / 200 in 70ms
 GET / 200 in 68ms
[?25h
