  ▲ Next.js 14.2.28
  - Local:        http://localhost:3000
  - Environments: .env
  - Experiments (use with caution):
    · outputFileTracingRoot

 ✓ Starting...
 ✓ Ready in 1693ms
 ○ Compiling / ...
 ✓ Compiled / in 2.2s (596 modules)
 GET / 200 in 2661ms
 ✓ Compiled in 483ms (296 modules)
 ○ Compiling /api/auth/[...nextauth] ...
 ✓ Compiled /api/auth/[...nextauth] in 585ms (541 modules)
 GET /api/auth/providers 200 in 1059ms
 GET / 200 in 99ms
 GET /api/auth/session 200 in 74ms
 GET /api/auth/session 200 in 53ms
 ○ Compiling /signup ...
 ✓ Compiled /signup in 779ms (881 modules)
 GET /signup 200 in 964ms
 GET /login 200 in 973ms
 GET /api/auth/session 200 in 72ms
 GET /api/auth/session 200 in 49ms
 GET /api/auth/session 200 in 57ms
 GET /api/auth/session 200 in 58ms
 GET /api/auth/session 200 in 60ms
 GET /api/auth/csrf 200 in 55ms
 ✓ Compiled /api/signup in 127ms (597 modules)
 POST /api/signup 200 in 607ms
 GET / 200 in 84ms
 GET /api/auth/signin 302 in 68ms
 GET /login?callbackUrl=https://7d18e9f2f.preview.abacusai.app 200 in 60ms
 GET /api/auth/csrf 200 in 45ms
 POST /api/auth/callback/credentials 302 in 342ms
 ✓ Compiled /middleware in 151ms (174 modules)
 ○ Compiling /dashboard ...
 ✓ Compiled /dashboard in 1966ms (2849 modules)
 GET /dashboard 200 in 2260ms
 GET / 200 in 81ms
 GET /dashboard 200 in 73ms
 GET /api/auth/session 200 in 80ms
 ✓ Compiled /api/realtime in 260ms (1577 modules)
 ✓ Compiled (1580 modules)
 GET /api/auth/session 200 in 629ms
 GET /api/notifications?limit=10 200 in 671ms
 GET /api/realtime 200 in 347ms
 GET /api/auth/session 200 in 110ms
 GET /api/realtime 200 in 131ms
 GET /api/notifications?limit=10 200 in 117ms
 GET /api/realtime 200 in 129ms
 GET /api/auth/session 200 in 108ms
 GET /api/notifications?limit=10 200 in 120ms
 GET /api/auth/session 200 in 114ms
 GET /api/notifications?limit=10 200 in 107ms
 GET /api/realtime 200 in 136ms
 GET /api/auth/session 200 in 114ms
 GET /api/realtime 200 in 127ms
 GET /api/realtime 200 in 92ms
 GET /api/realtime 200 in 75ms
 GET /api/realtime 200 in 84ms
 GET /api/realtime 200 in 374ms
 GET /api/realtime 200 in 83ms
 GET /api/realtime 200 in 82ms
 GET /api/realtime 200 in 76ms
 GET /api/realtime 200 in 67ms
 GET /api/realtime 200 in 66ms
 GET /api/realtime 200 in 70ms
 GET /api/realtime 200 in 130ms
 GET /api/realtime 200 in 72ms
 GET /api/realtime 200 in 66ms
 GET /api/realtime 200 in 65ms
 GET /api/realtime 200 in 67ms
 GET /api/realtime 200 in 71ms
 GET /api/realtime 200 in 72ms
 GET /api/realtime 200 in 84ms
 GET /api/realtime 200 in 65ms
 GET /api/realtime 200 in 83ms
 GET /api/realtime 200 in 69ms
 GET /api/realtime 200 in 75ms
 GET /api/realtime 200 in 66ms
 GET /api/realtime 200 in 74ms
 GET /api/realtime 200 in 75ms
 GET /api/realtime 200 in 79ms
 GET /api/realtime 200 in 65ms
 GET /api/realtime 200 in 75ms
 GET /api/realtime 200 in 68ms
 GET /api/realtime 200 in 64ms
 GET /api/realtime 200 in 67ms
 GET /api/realtime 200 in 65ms
 GET /api/realtime 200 in 67ms
 GET /api/realtime 200 in 80ms
 GET /api/realtime 200 in 62ms
 GET /api/realtime 200 in 72ms
 GET /api/realtime 200 in 68ms
 GET /api/realtime 200 in 68ms
 GET /api/realtime 200 in 69ms
 GET /api/realtime 200 in 66ms
 GET /api/realtime 200 in 69ms
 GET /api/realtime 200 in 66ms
 GET /api/realtime 200 in 66ms
 GET /api/realtime 200 in 71ms
 GET /api/realtime 200 in 69ms
 GET /api/realtime 200 in 69ms
 GET /api/realtime 200 in 92ms
 GET /api/realtime 200 in 132ms
 GET /api/realtime 200 in 73ms
 GET /api/realtime 200 in 80ms
 GET /api/realtime 200 in 66ms
 GET /api/realtime 200 in 79ms
 GET /api/realtime 200 in 76ms
 GET /api/realtime 200 in 7076ms
 ○ Compiling /settings ...
 ✓ Compiled /settings in 2.6s (3352 modules)
prisma:error 
Invalid `_lib_db__WEBPACK_IMPORTED_MODULE_4__.prisma.project.findMany()` invocation in
/home/ubuntu/cortexbuild_pro/nextjs_space/.next/server/app/(dashboard)/rfis/page.js:5483:61

  5480 const organizationId = session.user.organizationId;
  5481 if (!organizationId) (0,next_navigation__WEBPACK_IMPORTED_MODULE_2__.redirect)("/login");
  5482 const [projects, rfis, teamMembers] = await Promise.all([
→ 5483     _lib_db__WEBPACK_IMPORTED_MODULE_4__.prisma.project.findMany(
Too many database connections opened: FATAL: too many connections for role "role_ddaacb0a0"
Prisma Accelerate has built-in connection pooling to prevent such errors: https://pris.ly/client/error-accelerate
prisma:error 
Invalid `_lib_db__WEBPACK_IMPORTED_MODULE_4__.prisma.rFI.findMany()` invocation in
/home/ubuntu/cortexbuild_pro/nextjs_space/.next/server/app/(dashboard)/rfis/page.js:5495:57

  5492         name: "asc"
  5493     }
  5494 }),
→ 5495 _lib_db__WEBPACK_IMPORTED_MODULE_4__.prisma.rFI.findMany(
Too many database connections opened: FATAL: too many connections for role "role_ddaacb0a0"
Prisma Accelerate has built-in connection pooling to prevent such errors: https://pris.ly/client/error-accelerate
 GET /meetings 200 in 3685ms
 GET /change-orders 200 in 3741ms
 GET /submittals 200 in 3741ms
 GET /inspections 200 in 3728ms
 GET /punch-lists 200 in 3742ms
 GET /daily-reports 200 in 3729ms
 GET /equipment 200 in 3730ms
 GET /safety 200 in 3729ms
 GET /team 200 in 3729ms
 GET /projects/new 200 in 3694ms
 GET /reports 200 in 3695ms
 GET /tasks 200 in 3749ms
 GET /rfis 500 in 3700ms
 GET /settings 200 in 3699ms
 GET /documents 200 in 3702ms
 GET /company 200 in 3702ms
 GET /projects 200 in 3785ms
 GET /api/notifications?limit=10 200 in 301ms
 GET /api/realtime 200 in 195ms
 GET /api/auth/session 200 in 334ms
 GET /api/realtime 200 in 227ms
 GET /api/realtime 200 in 260ms
 GET /api/realtime 200 in 241ms
 GET /api/realtime 200 in 265ms
 GET /api/realtime 200 in 264ms
 GET /api/realtime 200 in 222ms
 GET /api/notifications?limit=10 200 in 366ms
 GET /api/realtime 200 in 300ms
 GET /api/realtime 200 in 261ms
 GET /api/auth/session 200 in 436ms
 GET /api/realtime 200 in 285ms
 GET /api/realtime 200 in 520ms
 GET /api/realtime 200 in 490ms
 ○ Compiling /api/company/stats ...
 ✓ Compiled /api/company/stats in 1673ms (1858 modules)
 GET /api/realtime 200 in 2542ms
 GET /api/realtime 200 in 2520ms
 GET /api/realtime 200 in 2507ms
 GET /api/realtime 200 in 2428ms
 GET /api/auth/session 200 in 2167ms
 GET /api/realtime 200 in 2504ms
 GET /api/realtime 200 in 2511ms
 GET /api/realtime 200 in 2244ms
 GET /api/realtime 200 in 1753ms
 GET /api/realtime 200 in 2284ms
 GET /api/realtime 200 in 2152ms
 GET /api/realtime 200 in 1522ms
 GET /api/realtime 200 in 2249ms
 GET /api/notifications?limit=10 200 in 2528ms
prisma:error 
Invalid `_lib_db__WEBPACK_IMPORTED_MODULE_3__.prisma.project.count()` invocation in
/home/ubuntu/cortexbuild_pro/nextjs_space/.next/server/app/api/company/stats/route.js:289:65

  286         organizationId: orgId
  287     }
  288 }),
→ 289 _lib_db__WEBPACK_IMPORTED_MODULE_3__.prisma.project.count(
Too many database connections opened: FATAL: too many connections for role "role_ddaacb0a0"
Prisma Accelerate has built-in connection pooling to prevent such errors: https://pris.ly/client/error-accelerate
 GET /api/company/stats 500 in 2759ms
prisma:error 
Invalid `_lib_db__WEBPACK_IMPORTED_MODULE_3__.prisma.project.count()` invocation in
/home/ubuntu/cortexbuild_pro/nextjs_space/.next/server/app/api/company/stats/route.js:295:65

  292         status: "IN_PROGRESS"
  293     }
  294 }),
→ 295 _lib_db__WEBPACK_IMPORTED_MODULE_3__.prisma.project.count(
Too many database connections opened: FATAL: too many connections for role "role_ddaacb0a0"
Prisma Accelerate has built-in connection pooling to prevent such errors: https://pris.ly/client/error-accelerate
prisma:error 
Invalid `_lib_db__WEBPACK_IMPORTED_MODULE_3__.prisma.document.count()` invocation in
/home/ubuntu/cortexbuild_pro/nextjs_space/.next/server/app/api/company/stats/route.js:390:66

  387         }
  388     }
  389 }),
→ 390 _lib_db__WEBPACK_IMPORTED_MODULE_3__.prisma.document.count(
Too many database connections opened: FATAL: too many connections for role "role_ddaacb0a0"
Prisma Accelerate has built-in connection pooling to prevent such errors: https://pris.ly/client/error-accelerate
prisma:error 
Invalid `_lib_db__WEBPACK_IMPORTED_MODULE_3__.prisma.activityLog.count()` invocation in
/home/ubuntu/cortexbuild_pro/nextjs_space/.next/server/app/api/company/stats/route.js:397:69

  394         }
  395     }
  396 }),
→ 397 _lib_db__WEBPACK_IMPORTED_MODULE_3__.prisma.activityLog.count(
Too many database connections opened: FATAL: too many connections for role "role_ddaacb0a0"
Prisma Accelerate has built-in connection pooling to prevent such errors: https://pris.ly/client/error-accelerate
prisma:error 
Invalid `_lib_db__WEBPACK_IMPORTED_MODULE_3__.prisma.project.groupBy()` invocation in
/home/ubuntu/cortexbuild_pro/nextjs_space/.next/server/app/api/company/stats/route.js:418:65

  415     },
  416     _count: true
  417 }),
→ 418 _lib_db__WEBPACK_IMPORTED_MODULE_3__.prisma.project.groupBy(
Too many database connections opened: FATAL: too many connections for role "role_ddaacb0a0"
Prisma Accelerate has built-in connection pooling to prevent such errors: https://pris.ly/client/error-accelerate
prisma:error 
Invalid `_lib_db__WEBPACK_IMPORTED_MODULE_3__.prisma.user.groupBy()` invocation in
/home/ubuntu/cortexbuild_pro/nextjs_space/.next/server/app/api/company/stats/route.js:427:62

  424     },
  425     _count: true
  426 }),
→ 427 _lib_db__WEBPACK_IMPORTED_MODULE_3__.prisma.user.groupBy(
Too many database connections opened: FATAL: too many connections for role "role_ddaacb0a0"
Prisma Accelerate has built-in connection pooling to prevent such errors: https://pris.ly/client/error-accelerate
prisma:error 
Invalid `prisma.$queryRaw()` invocation:


Too many database connections opened: FATAL: too many connections for role "role_ddaacb0a0"
Prisma Accelerate has built-in connection pooling to prevent such errors: https://pris.ly/client/error-accelerate
 GET /api/realtime 200 in 1667ms
 GET /api/realtime 200 in 2021ms
 GET /api/realtime 200 in 2260ms
 GET /api/realtime 200 in 243ms
 GET /api/realtime 200 in 193ms
 GET /api/realtime 200 in 202ms
 GET /api/realtime 200 in 192ms
 GET /api/realtime 200 in 194ms
 GET /api/realtime 200 in 195ms
 GET /api/realtime 200 in 248ms
 GET /api/realtime 200 in 232ms
 GET /api/realtime 200 in 239ms
 GET /api/realtime 200 in 237ms
 GET /api/realtime 200 in 238ms
 GET /api/realtime 200 in 240ms
 GET /api/realtime 200 in 240ms
 GET /api/auth/session 200 in 238ms
 GET /api/notifications?limit=10 200 in 246ms
 GET /api/realtime 200 in 272ms
 GET /api/realtime 200 in 319ms
prisma:error 
Invalid `_lib_db__WEBPACK_IMPORTED_MODULE_3__.prisma.task.count()` invocation in
/home/ubuntu/cortexbuild_pro/nextjs_space/.next/server/app/api/company/stats/route.js:316:62

  313         status: "COMPLETE"
  314     }
  315 }),
→ 316 _lib_db__WEBPACK_IMPORTED_MODULE_3__.prisma.task.count(
Too many database connections opened: FATAL: too many connections for role "role_ddaacb0a0"
Prisma Accelerate has built-in connection pooling to prevent such errors: https://pris.ly/client/error-accelerate
 GET /api/company/stats 500 in 269ms
prisma:error 
Invalid `_lib_db__WEBPACK_IMPORTED_MODULE_3__.prisma.project.groupBy()` invocation in
/home/ubuntu/cortexbuild_pro/nextjs_space/.next/server/app/api/company/stats/route.js:418:65

  415     },
  416     _count: true
  417 }),
→ 418 _lib_db__WEBPACK_IMPORTED_MODULE_3__.prisma.project.groupBy(
Too many database connections opened: FATAL: too many connections for role "role_ddaacb0a0"
Prisma Accelerate has built-in connection pooling to prevent such errors: https://pris.ly/client/error-accelerate
prisma:error 
Invalid `_lib_db__WEBPACK_IMPORTED_MODULE_3__.prisma.user.groupBy()` invocation in
/home/ubuntu/cortexbuild_pro/nextjs_space/.next/server/app/api/company/stats/route.js:427:62

  424     },
  425     _count: true
  426 }),
→ 427 _lib_db__WEBPACK_IMPORTED_MODULE_3__.prisma.user.groupBy(
Too many database connections opened: FATAL: too many connections for role "role_ddaacb0a0"
Prisma Accelerate has built-in connection pooling to prevent such errors: https://pris.ly/client/error-accelerate
prisma:error 
Invalid `prisma.$queryRaw()` invocation:


Too many database connections opened: FATAL: too many connections for role "role_ddaacb0a0"
Prisma Accelerate has built-in connection pooling to prevent such errors: https://pris.ly/client/error-accelerate
prisma:error 
Invalid `_lib_db__WEBPACK_IMPORTED_MODULE_3__.prisma.safetyIncident.count()` invocation in
/home/ubuntu/cortexbuild_pro/nextjs_space/.next/server/app/api/company/stats/route.js:373:72

  370         }
  371     }
  372 }),
→ 373 _lib_db__WEBPACK_IMPORTED_MODULE_3__.prisma.safetyIncident.count(
Too many database connections opened: FATAL: too many connections for role "role_ddaacb0a0"
Prisma Accelerate has built-in connection pooling to prevent such errors: https://pris.ly/client/error-accelerate
prisma:error 
Invalid `_lib_db__WEBPACK_IMPORTED_MODULE_3__.prisma.task.groupBy()` invocation in
/home/ubuntu/cortexbuild_pro/nextjs_space/.next/server/app/api/company/stats/route.js:407:62

  404         }
  405     }
  406 }),
→ 407 _lib_db__WEBPACK_IMPORTED_MODULE_3__.prisma.task.groupBy(
Too many database connections opened: FATAL: too many connections for role "role_ddaacb0a0"
Prisma Accelerate has built-in connection pooling to prevent such errors: https://pris.ly/client/error-accelerate
prisma:error 
Invalid `_lib_db__WEBPACK_IMPORTED_MODULE_3__.prisma.project.findMany()` invocation in
/home/ubuntu/cortexbuild_pro/nextjs_space/.next/server/app/api/company/stats/route.js:444:65

  441   GROUP BY DATE("createdAt")
  442   ORDER BY date ASC
  443 `,
→ 444       _lib_db__WEBPACK_IMPORTED_MODULE_3__.prisma.project.findMany(
Too many database connections opened: FATAL: too many connections for role "role_ddaacb0a0"
Prisma Accelerate has built-in connection pooling to prevent such errors: https://pris.ly/client/error-accelerate
 GET /api/realtime 200 in 124ms
 GET /api/realtime 200 in 254ms
 GET /api/realtime 200 in 257ms
 GET /api/realtime 200 in 257ms
 GET /api/realtime 200 in 259ms
 GET /api/realtime 200 in 244ms
 GET /api/realtime 200 in 250ms
 GET /api/realtime 200 in 252ms
 GET /api/realtime 200 in 252ms
 GET /api/realtime 200 in 254ms
 GET /api/realtime 200 in 255ms
 GET /api/realtime 200 in 256ms
 GET /api/auth/session 200 in 329ms
 GET /api/realtime 200 in 365ms
 GET /api/notifications?limit=10 200 in 343ms
prisma:error 
Invalid `_lib_db__WEBPACK_IMPORTED_MODULE_3__.prisma.submittal.count()` invocation in
/home/ubuntu/cortexbuild_pro/nextjs_space/.next/server/app/api/company/stats/route.js:353:67

  350         }
  351     }
  352 }),
→ 353 _lib_db__WEBPACK_IMPORTED_MODULE_3__.prisma.submittal.count(
Too many database connections opened: FATAL: too many connections for role "role_ddaacb0a0"
Prisma Accelerate has built-in connection pooling to prevent such errors: https://pris.ly/client/error-accelerate
 GET /api/company/stats 500 in 361ms
prisma:error 
Invalid `_lib_db__WEBPACK_IMPORTED_MODULE_3__.prisma.changeOrder.count()` invocation in
/home/ubuntu/cortexbuild_pro/nextjs_space/.next/server/app/api/company/stats/route.js:366:69

  363         }
  364     }
  365 }),
→ 366 _lib_db__WEBPACK_IMPORTED_MODULE_3__.prisma.changeOrder.count(
Too many database connections opened: FATAL: too many connections for role "role_ddaacb0a0"
Prisma Accelerate has built-in connection pooling to prevent such errors: https://pris.ly/client/error-accelerate
prisma:error 
Invalid `_lib_db__WEBPACK_IMPORTED_MODULE_3__.prisma.safetyIncident.count()` invocation in
/home/ubuntu/cortexbuild_pro/nextjs_space/.next/server/app/api/company/stats/route.js:373:72

  370         }
  371     }
  372 }),
→ 373 _lib_db__WEBPACK_IMPORTED_MODULE_3__.prisma.safetyIncident.count(
Too many database connections opened: FATAL: too many connections for role "role_ddaacb0a0"
Prisma Accelerate has built-in connection pooling to prevent such errors: https://pris.ly/client/error-accelerate
prisma:error 
Invalid `_lib_db__WEBPACK_IMPORTED_MODULE_3__.prisma.safetyIncident.count()` invocation in
/home/ubuntu/cortexbuild_pro/nextjs_space/.next/server/app/api/company/stats/route.js:380:72

  377         }
  378     }
  379 }),
→ 380 _lib_db__WEBPACK_IMPORTED_MODULE_3__.prisma.safetyIncident.count(
Too many database connections opened: FATAL: too many connections for role "role_ddaacb0a0"
Prisma Accelerate has built-in connection pooling to prevent such errors: https://pris.ly/client/error-accelerate
prisma:error 
Invalid `_lib_db__WEBPACK_IMPORTED_MODULE_3__.prisma.task.groupBy()` invocation in
/home/ubuntu/cortexbuild_pro/nextjs_space/.next/server/app/api/company/stats/route.js:407:62

  404         }
  405     }
  406 }),
→ 407 _lib_db__WEBPACK_IMPORTED_MODULE_3__.prisma.task.groupBy(
Too many database connections opened: FATAL: too many connections for role "role_ddaacb0a0"
Prisma Accelerate has built-in connection pooling to prevent such errors: https://pris.ly/client/error-accelerate
prisma:error 
Invalid `_lib_db__WEBPACK_IMPORTED_MODULE_3__.prisma.document.count()` invocation in
/home/ubuntu/cortexbuild_pro/nextjs_space/.next/server/app/api/company/stats/route.js:390:66

  387         }
  388     }
  389 }),
→ 390 _lib_db__WEBPACK_IMPORTED_MODULE_3__.prisma.document.count(
Too many database connections opened: FATAL: too many connections for role "role_ddaacb0a0"
Prisma Accelerate has built-in connection pooling to prevent such errors: https://pris.ly/client/error-accelerate
prisma:error 
Invalid `_lib_db__WEBPACK_IMPORTED_MODULE_3__.prisma.activityLog.count()` invocation in
/home/ubuntu/cortexbuild_pro/nextjs_space/.next/server/app/api/company/stats/route.js:397:69

  394         }
  395     }
  396 }),
→ 397 _lib_db__WEBPACK_IMPORTED_MODULE_3__.prisma.activityLog.count(
Too many database connections opened: FATAL: too many connections for role "role_ddaacb0a0"
Prisma Accelerate has built-in connection pooling to prevent such errors: https://pris.ly/client/error-accelerate
 GET /api/realtime 200 in 459ms
 GET /api/realtime 200 in 476ms
 GET /api/realtime 200 in 405ms
 GET /api/realtime 200 in 359ms
 GET /api/realtime 200 in 359ms
 GET /api/realtime 200 in 360ms
 GET /api/realtime 200 in 360ms
 GET /api/realtime 200 in 360ms
 GET /api/realtime 200 in 421ms
 GET /api/realtime 200 in 528ms
 GET /api/auth/session 200 in 422ms
 GET /api/realtime 200 in 487ms
 GET /api/realtime 200 in 565ms
 GET /api/realtime 200 in 604ms
 GET /api/notifications?limit=10 200 in 526ms
 GET /api/realtime 200 in 427ms
 GET /api/realtime 200 in 428ms
prisma:error 
Invalid `_lib_db__WEBPACK_IMPORTED_MODULE_3__.prisma.project.findMany()` invocation in
/home/ubuntu/cortexbuild_pro/nextjs_space/.next/server/app/api/company/stats/route.js:444:65

  441   GROUP BY DATE("createdAt")
  442   ORDER BY date ASC
  443 `,
→ 444       _lib_db__WEBPACK_IMPORTED_MODULE_3__.prisma.project.findMany(
Too many database connections opened: FATAL: too many connections for role "role_ddaacb0a0"
Prisma Accelerate has built-in connection pooling to prevent such errors: https://pris.ly/client/error-accelerate
 GET /api/company/stats 500 in 480ms
prisma:error 
Invalid `_lib_db__WEBPACK_IMPORTED_MODULE_3__.prisma.task.count()` invocation in
/home/ubuntu/cortexbuild_pro/nextjs_space/.next/server/app/api/company/stats/route.js:316:62

  313         status: "COMPLETE"
  314     }
  315 }),
→ 316 _lib_db__WEBPACK_IMPORTED_MODULE_3__.prisma.task.count(
Too many database connections opened: FATAL: too many connections for role "role_ddaacb0a0"
Prisma Accelerate has built-in connection pooling to prevent such errors: https://pris.ly/client/error-accelerate
prisma:error 
Invalid `_lib_db__WEBPACK_IMPORTED_MODULE_3__.prisma.rFI.count()` invocation in
/home/ubuntu/cortexbuild_pro/nextjs_space/.next/server/app/api/company/stats/route.js:331:61

  328         }
  329     }
  330 }),
→ 331 _lib_db__WEBPACK_IMPORTED_MODULE_3__.prisma.rFI.count(
Too many database connections opened: FATAL: too many connections for role "role_ddaacb0a0"
Prisma Accelerate has built-in connection pooling to prevent such errors: https://pris.ly/client/error-accelerate
prisma:error 
Invalid `_lib_db__WEBPACK_IMPORTED_MODULE_3__.prisma.task.groupBy()` invocation in
/home/ubuntu/cortexbuild_pro/nextjs_space/.next/server/app/api/company/stats/route.js:407:62

  404         }
  405     }
  406 }),
→ 407 _lib_db__WEBPACK_IMPORTED_MODULE_3__.prisma.task.groupBy(
Too many database connections opened: FATAL: too many connections for role "role_ddaacb0a0"
Prisma Accelerate has built-in connection pooling to prevent such errors: https://pris.ly/client/error-accelerate
prisma:error 
Invalid `_lib_db__WEBPACK_IMPORTED_MODULE_3__.prisma.project.groupBy()` invocation in
/home/ubuntu/cortexbuild_pro/nextjs_space/.next/server/app/api/company/stats/route.js:418:65

  415     },
  416     _count: true
  417 }),
→ 418 _lib_db__WEBPACK_IMPORTED_MODULE_3__.prisma.project.groupBy(
Too many database connections opened: FATAL: too many connections for role "role_ddaacb0a0"
Prisma Accelerate has built-in connection pooling to prevent such errors: https://pris.ly/client/error-accelerate
prisma:error 
Invalid `_lib_db__WEBPACK_IMPORTED_MODULE_3__.prisma.user.groupBy()` invocation in
/home/ubuntu/cortexbuild_pro/nextjs_space/.next/server/app/api/company/stats/route.js:427:62

  424     },
  425     _count: true
  426 }),
→ 427 _lib_db__WEBPACK_IMPORTED_MODULE_3__.prisma.user.groupBy(
Too many database connections opened: FATAL: too many connections for role "role_ddaacb0a0"
Prisma Accelerate has built-in connection pooling to prevent such errors: https://pris.ly/client/error-accelerate
prisma:error 
Invalid `prisma.$queryRaw()` invocation:


Too many database connections opened: FATAL: too many connections for role "role_ddaacb0a0"
Prisma Accelerate has built-in connection pooling to prevent such errors: https://pris.ly/client/error-accelerate
 GET /api/realtime 200 in 388ms
 GET /api/realtime 200 in 330ms
 GET /api/realtime 200 in 337ms
 GET /api/realtime 200 in 339ms
 GET /api/realtime 200 in 340ms
 GET /api/realtime 200 in 341ms
 GET /api/realtime 200 in 763ms
 GET /api/realtime 200 in 4554ms
 GET /api/realtime 200 in 322ms
 GET /api/realtime 200 in 847ms
 GET /api/realtime 200 in 293ms
 GET /api/realtime 200 in 297ms
 GET /api/realtime 200 in 319ms
 GET /api/realtime 200 in 370ms
 GET /api/auth/session 200 in 417ms
 GET /api/realtime 200 in 4277ms
 GET /api/realtime 200 in 362ms
 GET /api/realtime 200 in 4190ms
 GET /api/realtime 200 in 303ms
 GET /api/realtime 200 in 305ms
 GET /api/realtime 200 in 309ms
 GET /api/realtime 200 in 338ms
 GET /api/notifications?limit=10 200 in 419ms
 GET /api/realtime 200 in 4046ms
 GET /api/realtime 200 in 235ms
 GET /api/realtime 200 in 146ms
 GET /api/realtime 200 in 4109ms
 GET /api/realtime 200 in 404ms
 GET /api/realtime 200 in 407ms
 GET /api/realtime 200 in 404ms
 GET /api/realtime 200 in 343ms
 GET /api/realtime 200 in 3914ms
 GET /api/realtime 200 in 306ms
 GET /api/realtime 200 in 375ms
 GET /api/realtime 200 in 3778ms
 GET /api/realtime 200 in 3769ms
 GET /api/auth/session 200 in 277ms
 GET /api/realtime 200 in 282ms
 GET /api/realtime 200 in 282ms
 GET /api/realtime 200 in 265ms
 GET /api/realtime 200 in 265ms
 GET /api/notifications?limit=10 200 in 252ms
 GET /api/realtime 200 in 236ms
 GET /api/realtime 200 in 244ms
 GET /api/realtime 200 in 202ms
 GET /api/realtime 200 in 142ms
 GET /api/auth/session 200 in 192ms
 GET /api/realtime 200 in 291ms
 GET /api/notifications?limit=10 200 in 332ms
 GET /api/realtime 200 in 273ms
 GET /api/realtime 200 in 313ms
 GET /api/realtime 200 in 528ms
 GET /api/auth/session 200 in 258ms
 GET /api/realtime 200 in 546ms
 GET /api/realtime 200 in 493ms
 GET /api/realtime 200 in 249ms
 GET /api/realtime 200 in 231ms
 GET /api/realtime 200 in 450ms
 GET /api/realtime 200 in 208ms
 GET /api/notifications?limit=10 200 in 244ms
 GET /api/realtime 200 in 174ms
 GET /api/auth/session 200 in 169ms
 GET /api/realtime 200 in 218ms
 GET /api/realtime 200 in 201ms
 GET /api/realtime 200 in 5909ms
 GET /api/realtime 200 in 147ms
 GET /api/realtime 200 in 181ms
 GET /api/realtime 200 in 172ms
 GET /api/realtime 200 in 199ms
 GET /api/notifications?limit=10 200 in 232ms
 GET /api/realtime 200 in 6115ms
 GET /api/realtime 200 in 226ms
 GET /api/realtime 200 in 180ms
 GET /api/realtime 200 in 6123ms
 GET /api/realtime 200 in 201ms
 GET /api/realtime 200 in 6094ms
 GET /api/auth/session 200 in 192ms
 GET /api/realtime 200 in 189ms
 GET /api/realtime 200 in 6144ms
 GET /api/realtime 200 in 219ms
 GET /api/realtime 200 in 253ms
 GET /api/realtime 200 in 6112ms
 GET /api/notifications?limit=10 200 in 256ms
 GET /api/notifications?limit=10 200 in 254ms
 GET /api/notifications?limit=10 200 in 255ms
 GET /api/notifications?limit=10 200 in 249ms
 GET /api/realtime 200 in 227ms
 GET /api/auth/session 200 in 162ms
 GET /api/realtime 200 in 104ms
 GET /api/auth/session 200 in 61ms
 GET /api/realtime 200 in 81ms
 GET /api/auth/session 200 in 78ms
 GET /api/realtime 200 in 88ms
 GET /api/realtime 200 in 149ms
 GET /api/auth/session 200 in 115ms
 GET /api/auth/session 200 in 115ms
 GET /api/auth/session 200 in 113ms
 GET /api/auth/session 200 in 100ms
 GET /api/auth/session 200 in 101ms
 GET /api/realtime 200 in 68ms
 GET /api/realtime 200 in 73ms
 GET /api/realtime 200 in 67ms
 GET /api/realtime 200 in 69ms
 GET /api/realtime 200 in 71ms
 GET /api/realtime 200 in 81ms
 GET /api/realtime 200 in 67ms
 GET /api/realtime 200 in 73ms
 GET /api/realtime 200 in 71ms
 GET /api/realtime 200 in 71ms
 GET /api/realtime 200 in 71ms
 GET /api/realtime 200 in 81ms
 GET /api/realtime 200 in 79ms
 GET /api/realtime 200 in 68ms
 GET /api/realtime 200 in 70ms
 GET /api/realtime 200 in 69ms
 GET /api/realtime 200 in 74ms
 GET /api/realtime 200 in 70ms
 GET /api/realtime 200 in 73ms
 GET /api/realtime 200 in 73ms
 GET /api/realtime 200 in 66ms
 GET /api/realtime 200 in 69ms
 GET /api/realtime 200 in 67ms
 GET /api/realtime 200 in 69ms
 GET /api/realtime 200 in 69ms
 GET /api/realtime 200 in 66ms
 GET /api/realtime 200 in 70ms
 GET /api/realtime 200 in 79ms
 GET /api/realtime 200 in 74ms
 GET /api/realtime 200 in 73ms
 GET /api/realtime 200 in 76ms
 GET /api/realtime 200 in 74ms
 GET /api/realtime 200 in 69ms
 GET /api/realtime 200 in 94ms
 GET /api/realtime 200 in 98ms
 GET /api/realtime 200 in 79ms
 GET /api/realtime 200 in 67ms
 GET /api/realtime 200 in 67ms
 GET /api/realtime 200 in 65ms
 GET /api/realtime 200 in 28ms
 GET /api/realtime 200 in 10600ms
 ○ Compiling /company/team ...
 ✓ Compiled /company/team in 3.1s (3490 modules)
 GET /company/team 200 in 3462ms
 GET /company/settings 307 in 3474ms
 GET /company/invitations 200 in 3463ms
 GET /company/usage 200 in 3475ms
 GET /dashboard 200 in 135ms
 GET /projects/project-mall-renovation 200 in 3801ms
 GET /projects/project-downtown-office 200 in 3801ms
 GET /projects/project-riverside-homes 200 in 3774ms
 ○ Compiling /api/company/invitations ...
 ✓ Compiled /api/company/invitations in 947ms (1940 modules)
 GET /api/realtime 200 in 1079ms
 GET /api/realtime 200 in 1080ms
 GET /api/realtime 200 in 1051ms
 GET /api/realtime 200 in 1081ms
 GET /api/auth/session 200 in 1870ms
 GET /api/notifications?limit=10 200 in 1601ms
 GET /api/company/invitations? 200 in 1925ms
 GET /api/realtime 200 in 141ms
 GET /api/realtime 200 in 224ms
 GET /api/realtime 200 in 224ms
 GET /api/realtime 200 in 237ms
 GET /api/company/invitations? 200 in 220ms
 GET /api/notifications?limit=10 200 in 224ms
 GET /api/auth/session 200 in 200ms
 GET /api/realtime 200 in 134ms
 GET /api/realtime 200 in 208ms
 GET /api/realtime 200 in 208ms
 GET /api/realtime 200 in 202ms
 GET /api/auth/session 200 in 169ms
 GET /api/company/invitations? 200 in 190ms
 GET /api/notifications?limit=10 200 in 182ms
 GET /api/realtime 200 in 191ms
 GET /api/realtime 200 in 154ms
 GET /api/realtime 200 in 182ms
 GET /api/realtime 200 in 189ms
 GET /api/auth/session 200 in 167ms
 GET /api/notifications?limit=10 200 in 185ms
 GET /api/company/invitations? 200 in 175ms
 GET /api/realtime 200 in 181ms
 GET /api/realtime 200 in 114ms
 GET /api/auth/session 200 in 171ms
 GET /api/notifications?limit=10 200 in 178ms
 GET /api/realtime 200 in 216ms
 GET /api/realtime 200 in 195ms
 GET /api/realtime 200 in 151ms
 GET /api/realtime 200 in 151ms
 GET /api/realtime 200 in 123ms
 GET /api/auth/session 200 in 153ms
 GET /api/notifications?limit=10 200 in 161ms
 GET /api/realtime 200 in 175ms
 GET /api/realtime 200 in 153ms
 GET /api/realtime 200 in 150ms
 GET /api/realtime 200 in 144ms
 GET /api/auth/session 200 in 164ms
 GET /api/realtime 200 in 184ms
 GET /api/notifications?limit=10 200 in 161ms
 GET /api/realtime 200 in 173ms
 GET /api/realtime 200 in 175ms
 GET /api/realtime 200 in 144ms
 GET /api/auth/session 200 in 165ms
 GET /api/realtime 200 in 163ms
 GET /api/notifications?limit=10 200 in 194ms
 GET /api/realtime 200 in 207ms
 GET /api/realtime 200 in 213ms
 GET /api/realtime 200 in 223ms
 GET /api/auth/session 200 in 167ms
 GET /api/realtime 200 in 195ms
 GET /api/notifications?limit=10 200 in 210ms
 GET /api/realtime 200 in 181ms
 GET /api/realtime 200 in 189ms
 GET /api/realtime 200 in 188ms
 GET /api/auth/session 200 in 205ms
 GET /api/realtime 200 in 237ms
 GET /api/notifications?limit=10 200 in 210ms
 GET /api/realtime 200 in 184ms
 GET /api/realtime 200 in 222ms
 GET /api/realtime 200 in 195ms
 GET /api/auth/session 200 in 170ms
 GET /api/realtime 200 in 177ms
 GET /api/notifications?limit=10 200 in 185ms
 GET /api/realtime 200 in 184ms
 GET /api/realtime 200 in 173ms
 GET /api/realtime 200 in 164ms
 GET /api/auth/session 200 in 127ms
 GET /api/realtime 200 in 130ms
 GET /api/realtime 200 in 151ms
 GET /api/notifications?limit=10 200 in 148ms
 GET /api/realtime 200 in 183ms
 GET /api/realtime 200 in 138ms
 GET /api/auth/session 200 in 128ms
 GET /api/realtime 200 in 154ms
 GET /api/realtime 200 in 157ms
 GET /api/notifications?limit=10 200 in 136ms
 GET /api/realtime 200 in 158ms
 GET /api/realtime 200 in 145ms
 GET /api/auth/session 200 in 139ms
 GET /api/realtime 200 in 133ms
 GET /api/realtime 200 in 150ms
 GET /api/notifications?limit=10 200 in 136ms
 GET /api/realtime 200 in 125ms
 GET /api/realtime 200 in 129ms
 GET /api/auth/session 200 in 163ms
 GET /api/realtime 200 in 185ms
 GET /api/realtime 200 in 232ms
 GET /api/notifications?limit=10 200 in 219ms
 GET /api/realtime 200 in 200ms
 GET /api/realtime 200 in 200ms
 GET /api/auth/session 200 in 181ms
 GET /api/realtime 200 in 154ms
 GET /api/realtime 200 in 147ms
 GET /api/realtime 200 in 140ms
 GET /api/notifications?limit=10 200 in 165ms
 GET /api/realtime 200 in 179ms
 GET /api/auth/session 200 in 147ms
 GET /api/realtime 200 in 122ms
 GET /api/realtime 200 in 116ms
 GET /api/realtime 200 in 143ms
 GET /api/auth/session 200 in 91ms
 GET /api/realtime 200 in 124ms
 GET /api/realtime 200 in 4882ms
 GET /api/realtime 200 in 74ms
 GET /api/realtime 200 in 4899ms
 GET /api/realtime 200 in 104ms
 GET /api/realtime 200 in 124ms
 GET /api/realtime 200 in 92ms
 GET /api/auth/session 200 in 67ms
 GET /api/realtime 200 in 102ms
 GET /api/realtime 200 in 131ms
 GET /api/auth/session 200 in 105ms
 GET /api/realtime 200 in 130ms
 GET /api/auth/session 200 in 72ms
 GET /api/realtime 200 in 119ms
 GET /api/realtime 200 in 95ms
 GET /api/realtime 200 in 117ms
 GET /api/auth/session 200 in 94ms
 GET /api/realtime 200 in 97ms
 GET /api/realtime 200 in 128ms
 GET /api/auth/session 200 in 117ms
 GET /api/realtime 200 in 117ms
 GET /api/realtime 200 in 109ms
 GET /api/auth/session 200 in 108ms
 GET /api/realtime 200 in 106ms
 GET /api/realtime 200 in 101ms
 GET /api/auth/session 200 in 79ms
 GET /api/realtime 200 in 75ms
 GET /api/realtime 200 in 223ms
 GET /api/realtime 200 in 68ms
 GET /api/realtime 200 in 234ms
 GET /api/realtime 200 in 90ms
 GET /api/realtime 200 in 91ms
 GET /api/realtime 200 in 78ms
 GET /api/realtime 200 in 79ms
 GET /api/realtime 200 in 6675ms
 GET /api/realtime 200 in 99ms
 GET /api/realtime 200 in 92ms
 GET /api/realtime 200 in 85ms
 GET /api/realtime 200 in 6606ms
[?25h
