

===== TS errors =====

[Test Mode] ./app/(dashboard)/projects/[id]/_components/certifications-tab.tsx:278:47
Type error: Argument of type '({ worker, certs }: { worker: any; certs: any; }) => Element' is not assignable to parameter of type '(value: unknown, index: number, array: unknown[]) => Element'.
  Types of parameters '__0' and 'value' are incompatible.
    Type 'unknown' is not assignable to type '{ worker: any; certs: any; }'.

[0m [90m 276 |[39m       ) [33m:[39m ([0m
[0m [90m 277 |[39m         [33m<[39m[33mdiv[39m className[33m=[39m[32m"space-y-6"[39m[33m>[39m[0m
[0m[31m[1m>[22m[39m[90m 278 |[39m           {[33mObject[39m[33m.[39mvalues(groupedByWorker)[33m.[39mmap(({ worker[33m,[39m certs }) [33m=>[39m ([0m
[0m [90m     |[39m                                               [31m[1m^[22m[39m[0m
[0m [90m 279 |[39m             [33m<[39m[33mCard[39m key[33m=[39m{worker[33m?[39m[33m.[39mid [33m||[39m [32m'unknown'[39m}[33m>[39m[0m
[0m [90m 280 |[39m               [33m<[39m[33mCardContent[39m className[33m=[39m[32m"p-4"[39m[33m>[39m[0m
[0m [90m 281 |[39m                 [33m<[39m[33mdiv[39m className[33m=[39m[32m"flex items-center gap-3 mb-4 pb-3 border-b"[39m[33m>[39m[0m

[Test Mode] ./app/(dashboard)/projects/[id]/_components/certifications-tab.tsx:292:31
Type error: Parameter 'cert' implicitly has an 'any' type.

[0m [90m 290 |[39m                 [33m<[39m[33m/[39m[33mdiv[39m[33m>[39m[0m
[0m [90m 291 |[39m                 [33m<[39m[33mdiv[39m className[33m=[39m[32m"grid gap-3"[39m[33m>[39m[0m
[0m[31m[1m>[22m[39m[90m 292 |[39m                   {certs[33m.[39mmap((cert) [33m=>[39m {[0m
[0m [90m     |[39m                               [31m[1m^[22m[39m[0m
[0m [90m 293 |[39m                     [36mconst[39m expiryInfo [33m=[39m getExpiryStatus(cert)[33m;[39m[0m
[0m [90m 294 |[39m                     [36mreturn[39m ([0m
[0m [90m 295 |[39m                       [33m<[39m[33mdiv[39m key[33m=[39m{cert[33m.[39mid} className[33m=[39m[32m"flex items-center justify-between p-3 bg-muted/50 rounded-lg"[39m[33m>[39m[0m

[Test Mode] ./app/(dashboard)/projects/[id]/_components/lifting-operations-tab.tsx:495:17
Type error: Type '{ onSave: (sig: any) => void; onClear: () => void; }' is not assignable to type 'IntrinsicAttributes & SignaturePadProps'.
  Property 'onSave' does not exist on type 'IntrinsicAttributes & SignaturePadProps'.

[0m [90m 493 |[39m               [33m<[39m[33mlabel[39m className[33m=[39m[32m"text-sm font-medium text-foreground"[39m[33m>[39m[33mPlanner[39m [33mSignature[39m[33m<[39m[33m/[39m[33mlabel[39m[33m>[39m[0m
[0m [90m 494 |[39m               [33m<[39m[33mSignaturePad[39m[0m
[0m[31m[1m>[22m[39m[90m 495 |[39m                 onSave[33m=[39m{(sig) [33m=>[39m setForm(prev [33m=>[39m ({ [33m...[39mprev[33m,[39m plannerSignature[33m:[39m sig }))}[0m
[0m [90m     |[39m                 [31m[1m^[22m[39m[0m
[0m [90m 496 |[39m                 onClear[33m=[39m{() [33m=>[39m setForm(prev [33m=>[39m ({ [33m...[39mprev[33m,[39m plannerSignature[33m:[39m [32m''[39m }))}[0m
[0m [90m 497 |[39m               [33m/[39m[33m>[39m[0m
[0m [90m 498 |[39m             [33m<[39m[33m/[39m[33mdiv[39m[33m>[39m[0m

[Test Mode] ./app/(dashboard)/projects/[id]/_components/lifting-operations-tab.tsx:495:26
Type error: Parameter 'sig' implicitly has an 'any' type.

[0m [90m 493 |[39m               [33m<[39m[33mlabel[39m className[33m=[39m[32m"text-sm font-medium text-foreground"[39m[33m>[39m[33mPlanner[39m [33mSignature[39m[33m<[39m[33m/[39m[33mlabel[39m[33m>[39m[0m
[0m [90m 494 |[39m               [33m<[39m[33mSignaturePad[39m[0m
[0m[31m[1m>[22m[39m[90m 495 |[39m                 onSave[33m=[39m{(sig) [33m=>[39m setForm(prev [33m=>[39m ({ [33m...[39mprev[33m,[39m plannerSignature[33m:[39m sig }))}[0m
[0m [90m     |[39m                          [31m[1m^[22m[39m[0m
[0m [90m 496 |[39m                 onClear[33m=[39m{() [33m=>[39m setForm(prev [33m=>[39m ({ [33m...[39mprev[33m,[39m plannerSignature[33m:[39m [32m''[39m }))}[0m
[0m [90m 497 |[39m               [33m/[39m[33m>[39m[0m
[0m [90m 498 |[39m             [33m<[39m[33m/[39m[33mdiv[39m[33m>[39m[0m

[Test Mode] ./app/(dashboard)/projects/[id]/_components/permits-to-work-tab.tsx:451:17
Type error: Type '{ onSave: (sig: any) => void; onClear: () => void; }' is not assignable to type 'IntrinsicAttributes & SignaturePadProps'.
  Property 'onSave' does not exist on type 'IntrinsicAttributes & SignaturePadProps'.

[0m [90m 449 |[39m               [33m<[39m[33mlabel[39m className[33m=[39m[32m"text-sm font-medium text-foreground"[39m[33m>[39m[33mRequester[39m [33mSignature[39m[33m<[39m[33m/[39m[33mlabel[39m[33m>[39m[0m
[0m [90m 450 |[39m               [33m<[39m[33mSignaturePad[39m[0m
[0m[31m[1m>[22m[39m[90m 451 |[39m                 onSave[33m=[39m{(sig) [33m=>[39m setHotWorkForm(prev [33m=>[39m ({ [33m...[39mprev[33m,[39m requesterSignature[33m:[39m sig }))}[0m
[0m [90m     |[39m                 [31m[1m^[22m[39m[0m
[0m [90m 452 |[39m                 onClear[33m=[39m{() [33m=>[39m setHotWorkForm(prev [33m=>[39m ({ [33m...[39mprev[33m,[39m requesterSignature[33m:[39m [32m''[39m }))}[0m
[0m [90m 453 |[39m               [33m/[39m[33m>[39m[0m
[0m [90m 454 |[39m             [33m<[39m[33m/[39m[33mdiv[39m[33m>[39m[0m

[Test Mode] ./app/(dashboard)/projects/[id]/_components/permits-to-work-tab.tsx:451:26
Type error: Parameter 'sig' implicitly has an 'any' type.

[0m [90m 449 |[39m               [33m<[39m[33mlabel[39m className[33m=[39m[32m"text-sm font-medium text-foreground"[39m[33m>[39m[33mRequester[39m [33mSignature[39m[33m<[39m[33m/[39m[33mlabel[39m[33m>[39m[0m
[0m [90m 450 |[39m               [33m<[39m[33mSignaturePad[39m[0m
[0m[31m[1m>[22m[39m[90m 451 |[39m                 onSave[33m=[39m{(sig) [33m=>[39m setHotWorkForm(prev [33m=>[39m ({ [33m...[39mprev[33m,[39m requesterSignature[33m:[39m sig }))}[0m
[0m [90m     |[39m                          [31m[1m^[22m[39m[0m
[0m [90m 452 |[39m                 onClear[33m=[39m{() [33m=>[39m setHotWorkForm(prev [33m=>[39m ({ [33m...[39mprev[33m,[39m requesterSignature[33m:[39m [32m''[39m }))}[0m
[0m [90m 453 |[39m               [33m/[39m[33m>[39m[0m
[0m [90m 454 |[39m             [33m<[39m[33m/[39m[33mdiv[39m[33m>[39m[0m

[Test Mode] ./app/(dashboard)/projects/[id]/_components/risk-assessments-tab.tsx:659:15
Type error: Type '{ onSave: (signatureData: string) => Promise<void>; onClear: () => void; }' is not assignable to type 'IntrinsicAttributes & SignaturePadProps'.
  Property 'onSave' does not exist on type 'IntrinsicAttributes & SignaturePadProps'.

[0m [90m 657 |[39m           [33m<[39m[33mdiv[39m className[33m=[39m[32m"py-4"[39m[33m>[39m[0m
[0m [90m 658 |[39m             [33m<[39m[33mSignaturePad[39m[0m
[0m[31m[1m>[22m[39m[90m 659 |[39m               onSave[33m=[39m{handleAcknowledge}[0m
[0m [90m     |[39m               [31m[1m^[22m[39m[0m
[0m [90m 660 |[39m               onClear[33m=[39m{() [33m=>[39m {}}[0m
[0m [90m 661 |[39m             [33m/[39m[33m>[39m[0m
[0m [90m 662 |[39m           [33m<[39m[33m/[39m[33mdiv[39m[33m>[39m[0m

[Test Mode] ./app/(dashboard)/projects/[id]/_components/site-access-tab.tsx:386:17
Type error: Type '{ onSave: (sig: any) => void; onClear: () => void; }' is not assignable to type 'IntrinsicAttributes & SignaturePadProps'.
  Property 'onSave' does not exist on type 'IntrinsicAttributes & SignaturePadProps'.

[0m [90m 384 |[39m               [33m<[39m[33mlabel[39m className[33m=[39m[32m"text-sm font-medium text-foreground"[39m[33m>[39m[33mSignature[39m[33m<[39m[33m/[39m[33mlabel[39m[33m>[39m[0m
[0m [90m 385 |[39m               [33m<[39m[33mSignaturePad[39m[0m
[0m[31m[1m>[22m[39m[90m 386 |[39m                 onSave[33m=[39m{(sig) [33m=>[39m setSignInForm(prev [33m=>[39m ({ [33m...[39mprev[33m,[39m signatureData[33m:[39m sig }))}[0m
[0m [90m     |[39m                 [31m[1m^[22m[39m[0m
[0m [90m 387 |[39m                 onClear[33m=[39m{() [33m=>[39m setSignInForm(prev [33m=>[39m ({ [33m...[39mprev[33m,[39m signatureData[33m:[39m [32m''[39m }))}[0m
[0m [90m 388 |[39m               [33m/[39m[33m>[39m[0m
[0m [90m 389 |[39m             [33m<[39m[33m/[39m[33mdiv[39m[33m>[39m[0m

[Test Mode] ./app/(dashboard)/projects/[id]/_components/site-access-tab.tsx:386:26
Type error: Parameter 'sig' implicitly has an 'any' type.

[0m [90m 384 |[39m               [33m<[39m[33mlabel[39m className[33m=[39m[32m"text-sm font-medium text-foreground"[39m[33m>[39m[33mSignature[39m[33m<[39m[33m/[39m[33mlabel[39m[33m>[39m[0m
[0m [90m 385 |[39m               [33m<[39m[33mSignaturePad[39m[0m
[0m[31m[1m>[22m[39m[90m 386 |[39m                 onSave[33m=[39m{(sig) [33m=>[39m setSignInForm(prev [33m=>[39m ({ [33m...[39mprev[33m,[39m signatureData[33m:[39m sig }))}[0m
[0m [90m     |[39m                          [31m[1m^[22m[39m[0m
[0m [90m 387 |[39m                 onClear[33m=[39m{() [33m=>[39m setSignInForm(prev [33m=>[39m ({ [33m...[39mprev[33m,[39m signatureData[33m:[39m [32m''[39m }))}[0m
[0m [90m 388 |[39m               [33m/[39m[33m>[39m[0m
[0m [90m 389 |[39m             [33m<[39m[33m/[39m[33mdiv[39m[33m>[39m[0m

[Test Mode] ./app/(dashboard)/projects/[id]/_components/site-access-tab.tsx:418:15
Type error: Type '{ onSave: (signatureData: string) => Promise<void>; onClear: () => void; }' is not assignable to type 'IntrinsicAttributes & SignaturePadProps'.
  Property 'onSave' does not exist on type 'IntrinsicAttributes & SignaturePadProps'.

[0m [90m 416 |[39m             [33m<[39m[33mlabel[39m className[33m=[39m[32m"text-sm font-medium text-foreground"[39m[33m>[39m[33mSignature[39m[33m<[39m[33m/[39m[33mlabel[39m[33m>[39m[0m
[0m [90m 417 |[39m             [33m<[39m[33mSignaturePad[39m[0m
[0m[31m[1m>[22m[39m[90m 418 |[39m               onSave[33m=[39m{handleSignOut}[0m
[0m [90m     |[39m               [31m[1m^[22m[39m[0m
[0m [90m 419 |[39m               onClear[33m=[39m{() [33m=>[39m {}}[0m
[0m [90m 420 |[39m             [33m/[39m[33m>[39m[0m
[0m [90m 421 |[39m           [33m<[39m[33m/[39m[33mdiv[39m[33m>[39m[0m

[Test Mode] ./app/api/confined-space-permits/route.ts:24:18
Type error: Type 'string | null' is not assignable to type 'string | StringFilter<"Project"> | undefined'.
  Type 'null' is not assignable to type 'string | StringFilter<"Project"> | undefined'.

[0m [90m 22 |[39m     } [36melse[39m {[0m
[0m [90m 23 |[39m       [36mconst[39m projects [33m=[39m [36mawait[39m prisma[33m.[39mproject[33m.[39mfindMany({[0m
[0m[31m[1m>[22m[39m[90m 24 |[39m         where[33m:[39m { organizationId[33m:[39m session[33m.[39muser[33m.[39morganizationId }[33m,[39m[0m
[0m [90m    |[39m                  [31m[1m^[22m[39m[0m
[0m [90m 25 |[39m         select[33m:[39m { id[33m:[39m [36mtrue[39m }[0m
[0m [90m 26 |[39m       })[33m;[39m[0m
[0m [90m 27 |[39m       where[33m.[39mprojectId [33m=[39m { [36min[39m[33m:[39m projects[33m.[39mmap(p [33m=>[39m p[33m.[39mid) }[33m;[39m[0m

[Test Mode] ./app/api/hot-work-permits/route.ts:24:18
Type error: Type 'string | null' is not assignable to type 'string | StringFilter<"Project"> | undefined'.

[0m [90m 22 |[39m     } [36melse[39m {[0m
[0m [90m 23 |[39m       [36mconst[39m projects [33m=[39m [36mawait[39m prisma[33m.[39mproject[33m.[39mfindMany({[0m
[0m[31m[1m>[22m[39m[90m 24 |[39m         where[33m:[39m { organizationId[33m:[39m session[33m.[39muser[33m.[39morganizationId }[33m,[39m[0m
[0m [90m    |[39m                  [31m[1m^[22m[39m[0m
[0m [90m 25 |[39m         select[33m:[39m { id[33m:[39m [36mtrue[39m }[0m
[0m [90m 26 |[39m       })[33m;[39m[0m
[0m [90m 27 |[39m       where[33m.[39mprojectId [33m=[39m { [36min[39m[33m:[39m projects[33m.[39mmap(p [33m=>[39m p[33m.[39mid) }[33m;[39m[0m

[Test Mode] ./app/api/lifting-operations/route.ts:24:18
Type error: Type 'string | null' is not assignable to type 'string | StringFilter<"Project"> | undefined'.

[0m [90m 22 |[39m     } [36melse[39m {[0m
[0m [90m 23 |[39m       [36mconst[39m projects [33m=[39m [36mawait[39m prisma[33m.[39mproject[33m.[39mfindMany({[0m
[0m[31m[1m>[22m[39m[90m 24 |[39m         where[33m:[39m { organizationId[33m:[39m session[33m.[39muser[33m.[39morganizationId }[33m,[39m[0m
[0m [90m    |[39m                  [31m[1m^[22m[39m[0m
[0m [90m 25 |[39m         select[33m:[39m { id[33m:[39m [36mtrue[39m }[0m
[0m [90m 26 |[39m       })[33m;[39m[0m
[0m [90m 27 |[39m       where[33m.[39mprojectId [33m=[39m { [36min[39m[33m:[39m projects[33m.[39mmap(p [33m=>[39m p[33m.[39mid) }[33m;[39m[0m

[Test Mode] ./app/api/risk-assessments/route.ts:25:18
Type error: Type 'string | null' is not assignable to type 'string | StringFilter<"Project"> | undefined'.

[0m [90m 23 |[39m       [90m// Get all projects for user's organization[39m[0m
[0m [90m 24 |[39m       [36mconst[39m projects [33m=[39m [36mawait[39m prisma[33m.[39mproject[33m.[39mfindMany({[0m
[0m[31m[1m>[22m[39m[90m 25 |[39m         where[33m:[39m { organizationId[33m:[39m session[33m.[39muser[33m.[39morganizationId }[33m,[39m[0m
[0m [90m    |[39m                  [31m[1m^[22m[39m[0m
[0m [90m 26 |[39m         select[33m:[39m { id[33m:[39m [36mtrue[39m }[0m
[0m [90m 27 |[39m       })[33m;[39m[0m
[0m [90m 28 |[39m       where[33m.[39mprojectId [33m=[39m { [36min[39m[33m:[39m projects[33m.[39mmap(p [33m=>[39m p[33m.[39mid) }[33m;[39m[0m

[Test Mode] ./app/api/site-access/route.ts:26:18
Type error: Type 'string | null' is not assignable to type 'string | StringFilter<"Project"> | undefined'.

[0m [90m 24 |[39m     } [36melse[39m {[0m
[0m [90m 25 |[39m       [36mconst[39m projects [33m=[39m [36mawait[39m prisma[33m.[39mproject[33m.[39mfindMany({[0m
[0m[31m[1m>[22m[39m[90m 26 |[39m         where[33m:[39m { organizationId[33m:[39m session[33m.[39muser[33m.[39morganizationId }[33m,[39m[0m
[0m [90m    |[39m                  [31m[1m^[22m[39m[0m
[0m [90m 27 |[39m         select[33m:[39m { id[33m:[39m [36mtrue[39m }[0m
[0m [90m 28 |[39m       })[33m;[39m[0m
[0m [90m 29 |[39m       where[33m.[39mprojectId [33m=[39m { [36min[39m[33m:[39m projects[33m.[39mmap(p [33m=>[39m p[33m.[39mid) }[33m;[39m[0m

===== TS errors =====


Failed to compile.

./app/(dashboard)/projects/[id]/_components/certifications-tab.tsx:278:47
Type error: Argument of type '({ worker, certs }: { worker: any; certs: any; }) => Element' is not assignable to parameter of type '(value: unknown, index: number, array: unknown[]) => Element'.
  Types of parameters '__0' and 'value' are incompatible.
    Type 'unknown' is not assignable to type '{ worker: any; certs: any; }'.

[0m [90m 276 |[39m       ) [33m:[39m ([0m
[0m [90m 277 |[39m         [33m<[39m[33mdiv[39m className[33m=[39m[32m"space-y-6"[39m[33m>[39m[0m
[0m[31m[1m>[22m[39m[90m 278 |[39m           {[33mObject[39m[33m.[39mvalues(groupedByWorker)[33m.[39mmap(({ worker[33m,[39m certs }) [33m=>[39m ([0m
[0m [90m     |[39m                                               [31m[1m^[22m[39m[0m
[0m [90m 279 |[39m             [33m<[39m[33mCard[39m key[33m=[39m{worker[33m?[39m[33m.[39mid [33m||[39m [32m'unknown'[39m}[33m>[39m[0m
[0m [90m 280 |[39m               [33m<[39m[33mCardContent[39m className[33m=[39m[32m"p-4"[39m[33m>[39m[0m
[0m [90m 281 |[39m                 [33m<[39m[33mdiv[39m className[33m=[39m[32m"flex items-center gap-3 mb-4 pb-3 border-b"[39m[33m>[39m[0m
Next.js build worker exited with code: 1 and signal: null
