  ▲ Next.js 14.2.28
  - Local:        http://localhost:3000
  - Environments: .env
  - Experiments (use with caution):
    · outputFileTracingRoot

 ✓ Starting...
 ✓ Ready in 1341ms
 ○ Compiling / ...
 ✓ Compiled / in 2.3s (596 modules)
 GET / 200 in 2787ms
 ✓ Compiled in 454ms (296 modules)
 ✓ Compiled /api/auth/[...nextauth] in 457ms (541 modules)
 GET /api/auth/providers 200 in 942ms
 GET / 200 in 106ms
 GET /api/auth/session 200 in 65ms
 GET /api/auth/session 200 in 48ms
 ○ Compiling /login ...
 ✓ Compiled /login in 813ms (881 modules)
 GET /login 200 in 1007ms
 GET /signup 200 in 1010ms
 GET /api/auth/session 200 in 75ms
 GET /api/auth/session 200 in 47ms
 GET /api/auth/session 200 in 50ms
 GET /api/auth/session 200 in 50ms
 GET /api/auth/session 200 in 61ms
 GET /api/auth/session 200 in 50ms
 GET /api/auth/csrf 200 in 58ms
 ✓ Compiled /api/signup in 126ms (597 modules)
 POST /api/signup 200 in 608ms
 GET / 200 in 88ms
 GET /api/auth/signin 302 in 71ms
 GET /login?callbackUrl=https://7d18e9f2f.preview.abacusai.app 200 in 66ms
 GET /api/auth/csrf 200 in 47ms
 POST /api/auth/callback/credentials 302 in 345ms
 ✓ Compiled /middleware in 194ms (174 modules)
 ○ Compiling /dashboard ...
 ✓ Compiled /dashboard in 2s (2849 modules)
 GET /dashboard 200 in 2323ms
 GET / 200 in 83ms
 GET /dashboard 200 in 89ms
 GET /api/auth/session 200 in 78ms
 GET /api/auth/session 200 in 95ms
 ✓ Compiled /api/notifications in 274ms (1578 modules)
 ✓ Compiled (1580 modules)
 GET /api/auth/session 200 in 580ms
 GET /api/notifications?limit=10 200 in 707ms
 GET /api/realtime 200 in 364ms
 GET /api/auth/session 200 in 102ms
 GET /api/realtime 200 in 126ms
 GET /api/notifications?limit=10 200 in 116ms
 GET /api/realtime 200 in 87ms
 GET /api/auth/session 200 in 86ms
 GET /api/notifications?limit=10 200 in 107ms
 GET /api/notifications?limit=10 200 in 84ms
 GET /api/realtime 200 in 108ms
 GET /api/realtime 200 in 72ms
 GET /api/realtime 200 in 75ms
 GET /api/realtime 200 in 70ms
 GET /api/realtime 200 in 79ms
 GET /api/realtime 200 in 510ms
 GET /api/realtime 200 in 64ms
 GET /api/realtime 200 in 73ms
 GET /api/realtime 200 in 72ms
 GET /api/realtime 200 in 66ms
 GET /api/realtime 200 in 67ms
 GET /api/realtime 200 in 60ms
 GET /api/realtime 200 in 96ms
 GET /api/realtime 200 in 73ms
 GET /api/realtime 200 in 74ms
 GET /api/realtime 200 in 71ms
 GET /api/realtime 200 in 79ms
 GET /api/realtime 200 in 68ms
 GET /api/realtime 200 in 78ms
 GET /api/realtime 200 in 72ms
 GET /api/realtime 200 in 71ms
 GET /api/realtime 200 in 102ms
 GET /api/realtime 200 in 82ms
 GET /api/realtime 200 in 70ms
 GET /api/realtime 200 in 72ms
 GET /api/realtime 200 in 68ms
 GET /api/realtime 200 in 68ms
 GET /api/realtime 200 in 78ms
 GET /api/realtime 200 in 69ms
 GET /api/realtime 200 in 65ms
 GET /api/realtime 200 in 67ms
 GET /api/realtime 200 in 79ms
 GET /api/realtime 200 in 81ms
 GET /api/realtime 200 in 92ms
 GET /api/realtime 200 in 81ms
 GET /api/realtime 200 in 81ms
 GET /api/realtime 200 in 79ms
 GET /api/realtime 200 in 80ms
 GET /api/realtime 200 in 79ms
 GET /api/realtime 200 in 78ms
 GET /api/realtime 200 in 76ms
 GET /api/realtime 200 in 64ms
 GET /api/realtime 200 in 66ms
 GET /api/realtime 200 in 73ms
 GET /api/realtime 200 in 74ms
 GET /api/realtime 200 in 69ms
 GET /api/realtime 200 in 69ms
 GET /api/realtime 200 in 133ms
 GET /api/realtime 200 in 141ms
 GET /api/realtime 200 in 62ms
 GET /api/realtime 200 in 64ms
 GET /api/realtime 200 in 78ms
 GET /api/realtime 200 in 69ms
 GET /api/realtime 200 in 7013ms
 GET /api/realtime 200 in 51ms
 ○ Compiling /settings ...
 ✓ Compiled /settings in 2.9s (3352 modules)
 GET /inspections 200 in 4047ms
 GET /daily-reports 200 in 4096ms
 GET /punch-lists 200 in 4049ms
 GET /change-orders 200 in 4048ms
 GET /safety 200 in 4098ms
 GET /reports 200 in 4092ms
 GET /projects/new 200 in 4050ms
 GET /rfis 200 in 4099ms
 GET /submittals 200 in 4051ms
 GET /team 200 in 4053ms
 GET /tasks 200 in 4101ms
 GET /settings 200 in 4055ms
 GET /projects 200 in 4055ms
 GET /meetings 200 in 4055ms
 GET /documents 200 in 4056ms
 GET /equipment 200 in 4126ms
 GET /company 200 in 4060ms
 GET /api/notifications?limit=10 200 in 243ms
 GET /api/realtime 200 in 153ms
 GET /api/realtime 200 in 221ms
 GET /api/auth/session 200 in 403ms
 GET /api/realtime 200 in 278ms
 GET /api/realtime 200 in 257ms
 GET /api/realtime 200 in 294ms
 GET /api/notifications?limit=10 200 in 636ms
 GET /api/realtime 200 in 668ms
 GET /api/realtime 200 in 704ms
 ○ Compiling /api/company/stats ...
 ✓ Compiled /api/company/stats in 1513ms (1858 modules)
 GET /api/auth/session 200 in 2552ms
 GET /api/realtime 200 in 2630ms
 GET /api/realtime 200 in 2455ms
 GET /api/realtime 200 in 2601ms
 GET /api/realtime 200 in 2607ms
 GET /api/realtime 200 in 2614ms
 GET /api/realtime 200 in 2446ms
 GET /api/realtime 200 in 2383ms
 GET /api/realtime 200 in 2199ms
 GET /api/realtime 200 in 2200ms
 GET /api/realtime 200 in 2174ms
 GET /api/realtime 200 in 1781ms
prisma:error 
Invalid `_lib_db__WEBPACK_IMPORTED_MODULE_3__.prisma.project.count()` invocation in
/home/ubuntu/cortexbuild_pro/nextjs_space/.next/server/app/api/company/stats/route.js:295:65

  292         status: "IN_PROGRESS"
  293     }
  294 }),
→ 295 _lib_db__WEBPACK_IMPORTED_MODULE_3__.prisma.project.count(
Too many database connections opened: FATAL: too many connections for role "role_ddaacb0a0"
Prisma Accelerate has built-in connection pooling to prevent such errors: https://pris.ly/client/error-accelerate
 GET /api/company/stats 500 in 2636ms
prisma:error 
Invalid `_lib_db__WEBPACK_IMPORTED_MODULE_3__.prisma.submittal.count()` invocation in
/home/ubuntu/cortexbuild_pro/nextjs_space/.next/server/app/api/company/stats/route.js:346:67

  343         status: "OPEN"
  344     }
  345 }),
→ 346 _lib_db__WEBPACK_IMPORTED_MODULE_3__.prisma.submittal.count(
Too many database connections opened: FATAL: too many connections for role "role_ddaacb0a0"
Prisma Accelerate has built-in connection pooling to prevent such errors: https://pris.ly/client/error-accelerate
prisma:error 
Invalid `_lib_db__WEBPACK_IMPORTED_MODULE_3__.prisma.safetyIncident.count()` invocation in
/home/ubuntu/cortexbuild_pro/nextjs_space/.next/server/app/api/company/stats/route.js:373:72

  370         }
  371     }
  372 }),
→ 373 _lib_db__WEBPACK_IMPORTED_MODULE_3__.prisma.safetyIncident.count(
Too many database connections opened: FATAL: too many connections for role "role_ddaacb0a0"
Prisma Accelerate has built-in connection pooling to prevent such errors: https://pris.ly/client/error-accelerate
prisma:error 
Invalid `_lib_db__WEBPACK_IMPORTED_MODULE_3__.prisma.safetyIncident.count()` invocation in
/home/ubuntu/cortexbuild_pro/nextjs_space/.next/server/app/api/company/stats/route.js:380:72

  377         }
  378     }
  379 }),
→ 380 _lib_db__WEBPACK_IMPORTED_MODULE_3__.prisma.safetyIncident.count(
Too many database connections opened: FATAL: too many connections for role "role_ddaacb0a0"
Prisma Accelerate has built-in connection pooling to prevent such errors: https://pris.ly/client/error-accelerate
prisma:error 
Invalid `_lib_db__WEBPACK_IMPORTED_MODULE_3__.prisma.activityLog.count()` invocation in
/home/ubuntu/cortexbuild_pro/nextjs_space/.next/server/app/api/company/stats/route.js:397:69

  394         }
  395     }
  396 }),
→ 397 _lib_db__WEBPACK_IMPORTED_MODULE_3__.prisma.activityLog.count(
Too many database connections opened: FATAL: too many connections for role "role_ddaacb0a0"
Prisma Accelerate has built-in connection pooling to prevent such errors: https://pris.ly/client/error-accelerate
prisma:error 
Invalid `_lib_db__WEBPACK_IMPORTED_MODULE_3__.prisma.project.findMany()` invocation in
/home/ubuntu/cortexbuild_pro/nextjs_space/.next/server/app/api/company/stats/route.js:444:65

  441   GROUP BY DATE("createdAt")
  442   ORDER BY date ASC
  443 `,
→ 444       _lib_db__WEBPACK_IMPORTED_MODULE_3__.prisma.project.findMany(
Too many database connections opened: FATAL: too many connections for role "role_ddaacb0a0"
Prisma Accelerate has built-in connection pooling to prevent such errors: https://pris.ly/client/error-accelerate
prisma:error 
Invalid `_lib_db__WEBPACK_IMPORTED_MODULE_3__.prisma.project.findMany()` invocation in
/home/ubuntu/cortexbuild_pro/nextjs_space/.next/server/app/api/notifications/route.js:272:84

  269     });
  270 }
  271 // Get recent activities as notifications
→ 272 const projects = await _lib_db__WEBPACK_IMPORTED_MODULE_3__.prisma.project.findMany(
Too many database connections opened: FATAL: too many connections for role "role_ddaacb0a0"
Prisma Accelerate has built-in connection pooling to prevent such errors: https://pris.ly/client/error-accelerate
 GET /api/notifications?limit=10 500 in 2331ms
 GET /api/realtime 200 in 1782ms
 GET /api/realtime 200 in 1965ms
 GET /api/realtime 200 in 1740ms
 GET /api/realtime 200 in 1894ms
 GET /api/realtime 200 in 2248ms
 GET /api/realtime 200 in 247ms
 GET /api/realtime 200 in 217ms
 GET /api/realtime 200 in 220ms
 GET /api/realtime 200 in 221ms
 GET /api/realtime 200 in 359ms
 GET /api/auth/session 200 in 281ms
 GET /api/realtime 200 in 259ms
 GET /api/realtime 200 in 261ms
 GET /api/realtime 200 in 263ms
 GET /api/realtime 200 in 310ms
 GET /api/realtime 200 in 310ms
 GET /api/realtime 200 in 300ms
 GET /api/realtime 200 in 308ms
 GET /api/realtime 200 in 301ms
 GET /api/realtime 200 in 301ms
 GET /api/realtime 200 in 313ms
 GET /api/realtime 200 in 323ms
prisma:error 
Invalid `_lib_db__WEBPACK_IMPORTED_MODULE_3__.prisma.activityLog.count()` invocation in
/home/ubuntu/cortexbuild_pro/nextjs_space/.next/server/app/api/company/stats/route.js:397:69

  394         }
  395     }
  396 }),
→ 397 _lib_db__WEBPACK_IMPORTED_MODULE_3__.prisma.activityLog.count(
Too many database connections opened: FATAL: too many connections for role "role_ddaacb0a0"
Prisma Accelerate has built-in connection pooling to prevent such errors: https://pris.ly/client/error-accelerate
 GET /api/company/stats 500 in 299ms
prisma:error 
Invalid `_lib_db__WEBPACK_IMPORTED_MODULE_3__.prisma.project.groupBy()` invocation in
/home/ubuntu/cortexbuild_pro/nextjs_space/.next/server/app/api/company/stats/route.js:418:65

  415     },
  416     _count: true
  417 }),
→ 418 _lib_db__WEBPACK_IMPORTED_MODULE_3__.prisma.project.groupBy(
Too many database connections opened: FATAL: too many connections for role "role_ddaacb0a0"
Prisma Accelerate has built-in connection pooling to prevent such errors: https://pris.ly/client/error-accelerate
prisma:error 
Invalid `_lib_db__WEBPACK_IMPORTED_MODULE_3__.prisma.user.groupBy()` invocation in
/home/ubuntu/cortexbuild_pro/nextjs_space/.next/server/app/api/company/stats/route.js:427:62

  424     },
  425     _count: true
  426 }),
→ 427 _lib_db__WEBPACK_IMPORTED_MODULE_3__.prisma.user.groupBy(
Too many database connections opened: FATAL: too many connections for role "role_ddaacb0a0"
Prisma Accelerate has built-in connection pooling to prevent such errors: https://pris.ly/client/error-accelerate
prisma:error 
Invalid `_lib_db__WEBPACK_IMPORTED_MODULE_3__.prisma.changeOrder.count()` invocation in
/home/ubuntu/cortexbuild_pro/nextjs_space/.next/server/app/api/company/stats/route.js:366:69

  363         }
  364     }
  365 }),
→ 366 _lib_db__WEBPACK_IMPORTED_MODULE_3__.prisma.changeOrder.count(
Too many database connections opened: FATAL: too many connections for role "role_ddaacb0a0"
Prisma Accelerate has built-in connection pooling to prevent such errors: https://pris.ly/client/error-accelerate
prisma:error 
Invalid `_lib_db__WEBPACK_IMPORTED_MODULE_3__.prisma.safetyIncident.count()` invocation in
/home/ubuntu/cortexbuild_pro/nextjs_space/.next/server/app/api/company/stats/route.js:380:72

  377         }
  378     }
  379 }),
→ 380 _lib_db__WEBPACK_IMPORTED_MODULE_3__.prisma.safetyIncident.count(
Too many database connections opened: FATAL: too many connections for role "role_ddaacb0a0"
Prisma Accelerate has built-in connection pooling to prevent such errors: https://pris.ly/client/error-accelerate
prisma:error 
Invalid `_lib_db__WEBPACK_IMPORTED_MODULE_3__.prisma.document.count()` invocation in
/home/ubuntu/cortexbuild_pro/nextjs_space/.next/server/app/api/company/stats/route.js:390:66

  387         }
  388     }
  389 }),
→ 390 _lib_db__WEBPACK_IMPORTED_MODULE_3__.prisma.document.count(
Too many database connections opened: FATAL: too many connections for role "role_ddaacb0a0"
Prisma Accelerate has built-in connection pooling to prevent such errors: https://pris.ly/client/error-accelerate
prisma:error 
Invalid `_lib_db__WEBPACK_IMPORTED_MODULE_3__.prisma.task.groupBy()` invocation in
/home/ubuntu/cortexbuild_pro/nextjs_space/.next/server/app/api/company/stats/route.js:407:62

  404         }
  405     }
  406 }),
→ 407 _lib_db__WEBPACK_IMPORTED_MODULE_3__.prisma.task.groupBy(
Too many database connections opened: FATAL: too many connections for role "role_ddaacb0a0"
Prisma Accelerate has built-in connection pooling to prevent such errors: https://pris.ly/client/error-accelerate
 GET /api/notifications?limit=10 200 in 321ms
 GET /api/realtime 200 in 266ms
 GET /api/realtime 200 in 244ms
 GET /api/realtime 200 in 244ms
 GET /api/realtime 200 in 244ms
 GET /api/realtime 200 in 239ms
 GET /api/realtime 200 in 240ms
 GET /api/realtime 200 in 241ms
 GET /api/realtime 200 in 302ms
 GET /api/auth/session 200 in 283ms
 GET /api/realtime 200 in 393ms
 GET /api/realtime 200 in 392ms
 GET /api/realtime 200 in 362ms
prisma:error 
Invalid `_lib_db__WEBPACK_IMPORTED_MODULE_3__.prisma.task.groupBy()` invocation in
/home/ubuntu/cortexbuild_pro/nextjs_space/.next/server/app/api/company/stats/route.js:407:62

  404         }
  405     }
  406 }),
→ 407 _lib_db__WEBPACK_IMPORTED_MODULE_3__.prisma.task.groupBy(
Too many database connections opened: FATAL: too many connections for role "role_ddaacb0a0"
Prisma Accelerate has built-in connection pooling to prevent such errors: https://pris.ly/client/error-accelerate
 GET /api/company/stats 500 in 412ms
prisma:error 
Invalid `_lib_db__WEBPACK_IMPORTED_MODULE_3__.prisma.project.groupBy()` invocation in
/home/ubuntu/cortexbuild_pro/nextjs_space/.next/server/app/api/company/stats/route.js:418:65

  415     },
  416     _count: true
  417 }),
→ 418 _lib_db__WEBPACK_IMPORTED_MODULE_3__.prisma.project.groupBy(
Too many database connections opened: FATAL: too many connections for role "role_ddaacb0a0"
Prisma Accelerate has built-in connection pooling to prevent such errors: https://pris.ly/client/error-accelerate
prisma:error 
Invalid `_lib_db__WEBPACK_IMPORTED_MODULE_3__.prisma.user.groupBy()` invocation in
/home/ubuntu/cortexbuild_pro/nextjs_space/.next/server/app/api/company/stats/route.js:427:62

  424     },
  425     _count: true
  426 }),
→ 427 _lib_db__WEBPACK_IMPORTED_MODULE_3__.prisma.user.groupBy(
Too many database connections opened: FATAL: too many connections for role "role_ddaacb0a0"
Prisma Accelerate has built-in connection pooling to prevent such errors: https://pris.ly/client/error-accelerate
prisma:error 
Invalid `prisma.$queryRaw()` invocation:


Too many database connections opened: FATAL: too many connections for role "role_ddaacb0a0"
Prisma Accelerate has built-in connection pooling to prevent such errors: https://pris.ly/client/error-accelerate
prisma:error 
Invalid `_lib_db__WEBPACK_IMPORTED_MODULE_3__.prisma.project.findMany()` invocation in
/home/ubuntu/cortexbuild_pro/nextjs_space/.next/server/app/api/company/stats/route.js:444:65

  441   GROUP BY DATE("createdAt")
  442   ORDER BY date ASC
  443 `,
→ 444       _lib_db__WEBPACK_IMPORTED_MODULE_3__.prisma.project.findMany(
Too many database connections opened: FATAL: too many connections for role "role_ddaacb0a0"
Prisma Accelerate has built-in connection pooling to prevent such errors: https://pris.ly/client/error-accelerate
prisma:error 
Invalid `_lib_db__WEBPACK_IMPORTED_MODULE_3__.prisma.safetyIncident.count()` invocation in
/home/ubuntu/cortexbuild_pro/nextjs_space/.next/server/app/api/company/stats/route.js:380:72

  377         }
  378     }
  379 }),
→ 380 _lib_db__WEBPACK_IMPORTED_MODULE_3__.prisma.safetyIncident.count(
Too many database connections opened: FATAL: too many connections for role "role_ddaacb0a0"
Prisma Accelerate has built-in connection pooling to prevent such errors: https://pris.ly/client/error-accelerate
prisma:error 
Invalid `_lib_db__WEBPACK_IMPORTED_MODULE_3__.prisma.activityLog.count()` invocation in
/home/ubuntu/cortexbuild_pro/nextjs_space/.next/server/app/api/company/stats/route.js:397:69

  394         }
  395     }
  396 }),
→ 397 _lib_db__WEBPACK_IMPORTED_MODULE_3__.prisma.activityLog.count(
Too many database connections opened: FATAL: too many connections for role "role_ddaacb0a0"
Prisma Accelerate has built-in connection pooling to prevent such errors: https://pris.ly/client/error-accelerate
 GET /api/notifications?limit=10 200 in 419ms
 GET /api/realtime 200 in 506ms
 GET /api/realtime 200 in 456ms
 GET /api/realtime 200 in 461ms
 GET /api/realtime 200 in 470ms
 GET /api/realtime 200 in 674ms
 GET /api/realtime 200 in 689ms
 GET /api/realtime 200 in 777ms
 GET /api/realtime 200 in 819ms
 GET /api/realtime 200 in 569ms
 GET /api/realtime 200 in 570ms
 GET /api/realtime 200 in 572ms
 GET /api/realtime 200 in 712ms
 GET /api/auth/session 200 in 617ms
 GET /api/realtime 200 in 546ms
 GET /api/realtime 200 in 624ms
 GET /api/realtime 200 in 445ms
 GET /api/realtime 200 in 506ms
prisma:error 
Invalid `_lib_db__WEBPACK_IMPORTED_MODULE_3__.prisma.task.count()` invocation in
/home/ubuntu/cortexbuild_pro/nextjs_space/.next/server/app/api/company/stats/route.js:316:62

  313         status: "COMPLETE"
  314     }
  315 }),
→ 316 _lib_db__WEBPACK_IMPORTED_MODULE_3__.prisma.task.count(
Too many database connections opened: FATAL: too many connections for role "role_ddaacb0a0"
Prisma Accelerate has built-in connection pooling to prevent such errors: https://pris.ly/client/error-accelerate
 GET /api/company/stats 500 in 574ms
prisma:error 
Invalid `_lib_db__WEBPACK_IMPORTED_MODULE_3__.prisma.rFI.count()` invocation in
/home/ubuntu/cortexbuild_pro/nextjs_space/.next/server/app/api/company/stats/route.js:331:61

  328         }
  329     }
  330 }),
→ 331 _lib_db__WEBPACK_IMPORTED_MODULE_3__.prisma.rFI.count(
Too many database connections opened: FATAL: too many connections for role "role_ddaacb0a0"
Prisma Accelerate has built-in connection pooling to prevent such errors: https://pris.ly/client/error-accelerate
prisma:error 
Invalid `_lib_db__WEBPACK_IMPORTED_MODULE_3__.prisma.activityLog.count()` invocation in
/home/ubuntu/cortexbuild_pro/nextjs_space/.next/server/app/api/company/stats/route.js:397:69

  394         }
  395     }
  396 }),
→ 397 _lib_db__WEBPACK_IMPORTED_MODULE_3__.prisma.activityLog.count(
Too many database connections opened: FATAL: too many connections for role "role_ddaacb0a0"
Prisma Accelerate has built-in connection pooling to prevent such errors: https://pris.ly/client/error-accelerate
prisma:error 
Invalid `_lib_db__WEBPACK_IMPORTED_MODULE_3__.prisma.task.groupBy()` invocation in
/home/ubuntu/cortexbuild_pro/nextjs_space/.next/server/app/api/company/stats/route.js:407:62

  404         }
  405     }
  406 }),
→ 407 _lib_db__WEBPACK_IMPORTED_MODULE_3__.prisma.task.groupBy(
Too many database connections opened: FATAL: too many connections for role "role_ddaacb0a0"
Prisma Accelerate has built-in connection pooling to prevent such errors: https://pris.ly/client/error-accelerate
prisma:error 
Invalid `_lib_db__WEBPACK_IMPORTED_MODULE_3__.prisma.user.groupBy()` invocation in
/home/ubuntu/cortexbuild_pro/nextjs_space/.next/server/app/api/company/stats/route.js:427:62

  424     },
  425     _count: true
  426 }),
→ 427 _lib_db__WEBPACK_IMPORTED_MODULE_3__.prisma.user.groupBy(
Too many database connections opened: FATAL: too many connections for role "role_ddaacb0a0"
Prisma Accelerate has built-in connection pooling to prevent such errors: https://pris.ly/client/error-accelerate
prisma:error 
Invalid `prisma.$queryRaw()` invocation:


Too many database connections opened: FATAL: too many connections for role "role_ddaacb0a0"
Prisma Accelerate has built-in connection pooling to prevent such errors: https://pris.ly/client/error-accelerate
prisma:error 
Invalid `_lib_db__WEBPACK_IMPORTED_MODULE_3__.prisma.project.findMany()` invocation in
/home/ubuntu/cortexbuild_pro/nextjs_space/.next/server/app/api/company/stats/route.js:444:65

  441   GROUP BY DATE("createdAt")
  442   ORDER BY date ASC
  443 `,
→ 444       _lib_db__WEBPACK_IMPORTED_MODULE_3__.prisma.project.findMany(
Too many database connections opened: FATAL: too many connections for role "role_ddaacb0a0"
Prisma Accelerate has built-in connection pooling to prevent such errors: https://pris.ly/client/error-accelerate
 GET /api/notifications?limit=10 200 in 509ms
 GET /api/realtime 200 in 420ms
 GET /api/realtime 200 in 398ms
 GET /api/realtime 200 in 423ms
 GET /api/realtime 200 in 430ms
 GET /api/realtime 200 in 301ms
 GET /api/realtime 200 in 431ms
 GET /api/realtime 200 in 311ms
 GET /api/realtime 200 in 311ms
 GET /api/realtime 200 in 298ms
 GET /api/realtime 200 in 299ms
 GET /api/realtime 200 in 1202ms
 GET /api/realtime 200 in 217ms
 GET /api/auth/session 200 in 200ms
 GET /api/realtime 200 in 199ms
 GET /api/realtime 200 in 203ms
 GET /api/realtime 200 in 207ms
 GET /api/realtime 200 in 199ms
 GET /api/realtime 200 in 201ms
 GET /api/realtime 200 in 3807ms
 GET /api/realtime 200 in 202ms
 GET /api/realtime 200 in 221ms
 GET /api/realtime 200 in 223ms
 GET /api/realtime 200 in 206ms
 GET /api/realtime 200 in 194ms
 GET /api/realtime 200 in 3965ms
 GET /api/realtime 200 in 3867ms
 GET /api/realtime 200 in 179ms
 GET /api/realtime 200 in 3783ms
 GET /api/realtime 200 in 180ms
 GET /api/realtime 200 in 4600ms
 GET /api/realtime 200 in 4199ms
 GET /api/notifications?limit=10 200 in 229ms
 GET /api/realtime 200 in 3954ms
 GET /api/realtime 200 in 159ms
 GET /api/realtime 200 in 243ms
 GET /api/realtime 200 in 243ms
 GET /api/realtime 200 in 225ms
 GET /api/auth/session 200 in 289ms
 GET /api/realtime 200 in 271ms
 GET /api/realtime 200 in 221ms
 GET /api/realtime 200 in 4515ms
 GET /api/realtime 200 in 318ms
 GET /api/realtime 200 in 312ms
 GET /api/realtime 200 in 417ms
 GET /api/notifications?limit=10 200 in 381ms
 GET /api/realtime 200 in 383ms
 GET /api/realtime 200 in 486ms
 GET /api/auth/session 200 in 389ms
 GET /api/realtime 200 in 636ms
 GET /api/realtime 200 in 424ms
 GET /api/realtime 200 in 699ms
 GET /api/notifications?limit=10 200 in 306ms
 GET /api/realtime 200 in 278ms
 GET /api/realtime 200 in 323ms
 GET /api/realtime 200 in 240ms
 GET /api/realtime 200 in 447ms
 GET /api/auth/session 200 in 208ms
 GET /api/realtime 200 in 532ms
 GET /api/realtime 200 in 223ms
 GET /api/realtime 200 in 238ms
 GET /api/realtime 200 in 237ms
 GET /api/notifications?limit=10 200 in 229ms
 GET /api/realtime 200 in 263ms
 GET /api/realtime 200 in 245ms
 GET /api/realtime 200 in 265ms
 GET /api/realtime 200 in 6084ms
 GET /api/realtime 200 in 230ms
 GET /api/realtime 200 in 248ms
 GET /api/realtime 200 in 211ms
 GET /api/auth/session 200 in 289ms
 GET /api/realtime 200 in 6202ms
 GET /api/realtime 200 in 259ms
 GET /api/realtime 200 in 6174ms
 GET /api/notifications?limit=10 200 in 202ms
 GET /api/realtime 200 in 250ms
 GET /api/realtime 200 in 6281ms
 GET /api/realtime 200 in 289ms
 GET /api/realtime 200 in 6229ms
 GET /api/realtime 200 in 194ms
 GET /api/realtime 200 in 5974ms
 GET /api/realtime 200 in 6267ms
 GET /api/realtime 200 in 157ms
 GET /api/realtime 200 in 268ms
 GET /api/notifications?limit=10 200 in 196ms
 GET /api/notifications?limit=10 200 in 197ms
 GET /api/notifications?limit=10 200 in 198ms
 GET /api/notifications?limit=10 200 in 198ms
 GET /api/auth/session 200 in 197ms
 GET /api/realtime 200 in 191ms
 GET /api/auth/session 200 in 81ms
 GET /api/realtime 200 in 93ms
 GET /api/realtime 200 in 107ms
 GET /api/auth/session 200 in 108ms
 GET /api/realtime 200 in 95ms
 GET /api/auth/session 200 in 57ms
 GET /api/realtime 200 in 77ms
 GET /api/auth/session 200 in 61ms
 GET /api/realtime 200 in 118ms
 GET /api/auth/session 200 in 96ms
 GET /api/realtime 200 in 108ms
 GET /api/auth/session 200 in 85ms
 GET /api/auth/session 200 in 102ms
 GET /api/realtime 200 in 145ms
 GET /api/realtime 200 in 91ms
 GET /api/realtime 200 in 96ms
 GET /api/realtime 200 in 96ms
 GET /api/realtime 200 in 93ms
 GET /api/realtime 200 in 64ms
 GET /api/realtime 200 in 70ms
 GET /api/realtime 200 in 70ms
 GET /api/realtime 200 in 64ms
 GET /api/realtime 200 in 66ms
 GET /api/realtime 200 in 63ms
 GET /api/realtime 200 in 66ms
 GET /api/realtime 200 in 67ms
 GET /api/realtime 200 in 61ms
 GET /api/realtime 200 in 68ms
 GET /api/realtime 200 in 62ms
 GET /api/realtime 200 in 63ms
 GET /api/realtime 200 in 71ms
 GET /api/realtime 200 in 67ms
 GET /api/realtime 200 in 75ms
 GET /api/realtime 200 in 77ms
 GET /api/realtime 200 in 64ms
 GET /api/realtime 200 in 71ms
 GET /api/realtime 200 in 62ms
 GET /api/realtime 200 in 64ms
 GET /api/realtime 200 in 67ms
 GET /api/realtime 200 in 65ms
 GET /api/realtime 200 in 66ms
 GET /api/realtime 200 in 99ms
 GET /api/realtime 200 in 92ms
 GET /api/realtime 200 in 63ms
 GET /api/realtime 200 in 65ms
 GET /api/realtime 200 in 65ms
 GET /api/realtime 200 in 69ms
 GET /api/realtime 200 in 10451ms
 GET /api/realtime 200 in 34ms
 ○ Compiling /projects/[id] ...
 ✓ Compiled /projects/[id] in 3.1s (3490 modules)
 GET /company/invitations 200 in 3476ms
 GET /company/settings 307 in 3459ms
 GET /company/team 200 in 3476ms
 GET /company/usage 200 in 3459ms
 GET /dashboard 200 in 135ms
 GET /projects/project-downtown-office 200 in 3762ms
 GET /projects/project-mall-renovation 200 in 3761ms
 GET /projects/project-riverside-homes 200 in 3752ms
 GET /api/auth/session 200 in 157ms
 ○ Compiling /api/company/invitations ...
 ✓ Compiled /api/company/invitations in 838ms (1940 modules)
 GET /api/auth/session 200 in 1562ms
 GET /api/company/invitations? 200 in 1736ms
 GET /api/notifications?limit=10 200 in 1586ms
 GET /api/realtime 200 in 1235ms
 GET /api/realtime 200 in 985ms
 GET /api/realtime 200 in 979ms
 GET /api/realtime 200 in 1247ms
 GET /api/realtime 200 in 155ms
 GET /api/auth/session 200 in 161ms
 GET /api/realtime 200 in 190ms
 GET /api/company/invitations? 200 in 175ms
 GET /api/notifications?limit=10 200 in 168ms
 GET /api/realtime 200 in 171ms
 GET /api/realtime 200 in 208ms
 GET /api/realtime 200 in 109ms
 GET /api/auth/session 200 in 149ms
 GET /api/realtime 200 in 225ms
 GET /api/realtime 200 in 198ms
 GET /api/realtime 200 in 221ms
 GET /api/notifications?limit=10 200 in 208ms
 GET /api/company/invitations? 200 in 203ms
 GET /api/realtime 200 in 162ms
 GET /api/auth/session 200 in 152ms
 GET /api/realtime 200 in 135ms
 GET /api/realtime 200 in 199ms
 GET /api/company/invitations? 200 in 165ms
 GET /api/realtime 200 in 198ms
 GET /api/realtime 200 in 166ms
 GET /api/notifications?limit=10 200 in 176ms
 GET /api/realtime 200 in 160ms
 GET /api/auth/session 200 in 139ms
 GET /api/notifications?limit=10 200 in 144ms
 GET /api/realtime 200 in 172ms
 GET /api/realtime 200 in 172ms
 GET /api/realtime 200 in 170ms
 GET /api/auth/session 200 in 93ms
 GET /api/realtime 200 in 152ms
 GET /api/realtime 200 in 144ms
 GET /api/realtime 200 in 119ms
 GET /api/realtime 200 in 120ms
 GET /api/notifications?limit=10 200 in 124ms
 GET /api/auth/session 200 in 123ms
 GET /api/realtime 200 in 129ms
 GET /api/notifications?limit=10 200 in 95ms
 GET /api/realtime 200 in 116ms
 GET /api/realtime 200 in 110ms
 GET /api/realtime 200 in 118ms
 GET /api/auth/session 200 in 127ms
 GET /api/realtime 200 in 177ms
 GET /api/realtime 200 in 158ms
 GET /api/realtime 200 in 154ms
 GET /api/realtime 200 in 152ms
 GET /api/notifications?limit=10 200 in 153ms
 GET /api/auth/session 200 in 93ms
 GET /api/realtime 200 in 143ms
 GET /api/notifications?limit=10 200 in 166ms
 GET /api/realtime 200 in 165ms
 GET /api/realtime 200 in 197ms
 GET /api/realtime 200 in 199ms
 GET /api/auth/session 200 in 205ms
 GET /api/realtime 200 in 137ms
 GET /api/realtime 200 in 130ms
 GET /api/notifications?limit=10 200 in 146ms
 GET /api/realtime 200 in 181ms
 GET /api/realtime 200 in 192ms
 GET /api/auth/session 200 in 119ms
 GET /api/realtime 200 in 111ms
 GET /api/realtime 200 in 135ms
 GET /api/realtime 200 in 105ms
 GET /api/notifications?limit=10 200 in 141ms
 GET /api/realtime 200 in 153ms
 GET /api/auth/session 200 in 185ms
 GET /api/realtime 200 in 185ms
 GET /api/realtime 200 in 203ms
 GET /api/realtime 200 in 190ms
 GET /api/notifications?limit=10 200 in 118ms
 GET /api/realtime 200 in 139ms
 GET /api/auth/session 200 in 143ms
 GET /api/realtime 200 in 126ms
 GET /api/realtime 200 in 116ms
 GET /api/realtime 200 in 116ms
 GET /api/notifications?limit=10 200 in 144ms
 GET /api/realtime 200 in 146ms
 GET /api/auth/session 200 in 160ms
 GET /api/realtime 200 in 150ms
 GET /api/realtime 200 in 188ms
 GET /api/realtime 200 in 195ms
 GET /api/notifications?limit=10 200 in 160ms
 GET /api/realtime 200 in 168ms
 GET /api/auth/session 200 in 128ms
 GET /api/realtime 200 in 132ms
 GET /api/notifications?limit=10 200 in 117ms
 GET /api/realtime 200 in 140ms
 GET /api/realtime 200 in 142ms
 GET /api/realtime 200 in 150ms
 GET /api/auth/session 200 in 140ms
 GET /api/realtime 200 in 189ms
 GET /api/notifications?limit=10 200 in 128ms
 GET /api/realtime 200 in 151ms
 GET /api/realtime 200 in 135ms
 GET /api/realtime 200 in 142ms
 GET /api/auth/session 200 in 122ms
 GET /api/realtime 200 in 149ms
 GET /api/realtime 200 in 163ms
 GET /api/realtime 200 in 159ms
 GET /api/auth/session 200 in 154ms
 GET /api/realtime 200 in 173ms
 GET /api/realtime 200 in 252ms
 GET /api/realtime 200 in 172ms
 GET /api/realtime 200 in 147ms
 GET /api/auth/session 200 in 131ms
 GET /api/realtime 200 in 148ms
 GET /api/realtime 200 in 156ms
 GET /api/realtime 200 in 167ms
 GET /api/realtime 200 in 180ms
 GET /api/realtime 200 in 4834ms
 GET /api/auth/session 200 in 135ms
 GET /api/realtime 200 in 156ms
 GET /api/realtime 200 in 142ms
 GET /api/realtime 200 in 168ms
 GET /api/auth/session 200 in 88ms
 GET /api/realtime 200 in 5166ms
 GET /api/realtime 200 in 107ms
 GET /api/realtime 200 in 127ms
 GET /api/auth/session 200 in 109ms
 GET /api/realtime 200 in 98ms
 GET /api/realtime 200 in 130ms
 GET /api/auth/session 200 in 114ms
 GET /api/realtime 200 in 135ms
 GET /api/realtime 200 in 100ms
 GET /api/auth/session 200 in 78ms
 GET /api/realtime 200 in 81ms
 GET /api/auth/session 200 in 79ms
 GET /api/realtime 200 in 112ms
 GET /api/realtime 200 in 95ms
 GET /api/realtime 200 in 120ms
 GET /api/auth/session 200 in 101ms
 GET /api/auth/session 200 in 59ms
 GET /api/realtime 200 in 86ms
 GET /api/realtime 200 in 179ms
 GET /api/realtime 200 in 79ms
 GET /api/auth/session 200 in 69ms
 GET /api/realtime 200 in 150ms
 GET /api/realtime 200 in 73ms
 GET /api/realtime 200 in 80ms
 GET /api/realtime 200 in 95ms
 GET /api/realtime 200 in 66ms
 GET /api/realtime 200 in 69ms
 GET /api/realtime 200 in 71ms
 GET /api/realtime 200 in 75ms
 GET /api/realtime 200 in 72ms
 GET /api/realtime 200 in 6690ms
 GET /api/realtime 200 in 74ms
 GET /api/realtime 200 in 48ms
 GET /api/realtime 200 in 68ms
 GET /api/realtime 200 in 6767ms
[?25h
