  ▲ Next.js 14.2.28
  - Local:        http://localhost:3000
  - Environments: .env
  - Experiments (use with caution):
    · outputFileTracingRoot

 ✓ Starting...
 ✓ Ready in 2.1s
 ○ Compiling / ...
 ✓ Compiled / in 2.5s (596 modules)
 GET / 200 in 3061ms
 ✓ Compiled in 504ms (296 modules)
 GET / 200 in 73ms
 GET / 200 in 60ms
 GET / 200 in 59ms
 ✓ Compiled /api/auth/[...nextauth] in 490ms (541 modules)
 GET /api/auth/session 200 in 974ms
 GET /api/auth/session 200 in 60ms
 ○ Compiling /login ...
 ✓ Compiled /login in 569ms (871 modules)
 GET /api/auth/providers 200 in 72ms
 GET /api/auth/csrf 200 in 52ms
 POST /api/auth/callback/credentials 200 in 428ms
 GET /api/auth/session 200 in 62ms
 ✓ Compiled /middleware in 194ms (174 modules)
 ○ Compiling /dashboard ...
 ✓ Compiled /dashboard in 2.1s (2815 modules)
 GET /dashboard?_rsc=iqngu 200 in 83ms
 ✓ Compiled /api/notifications in 244ms (1547 modules)
 ✓ Compiled (1573 modules)
 GET /api/notifications?limit=10 200 in 706ms
 GET /api/realtime 200 in 794ms
 GET /api/notifications?limit=10 200 in 186ms
 GET / 200 in 130ms
 GET /api/realtime 200 in 79ms
 GET /api/realtime 200 in 256ms
 GET /api/realtime 200 in 244ms
 GET /api/realtime 200 in 284ms
 ○ Compiling /projects ...
 ✓ Compiled /projects in 1114ms (3009 modules)
 GET /api/realtime 200 in 799ms
 GET /api/realtime 200 in 301ms
 GET /projects?_rsc=x7vz2 200 in 65ms
 GET /api/realtime 200 in 231ms
 GET /api/realtime 200 in 238ms
 GET /api/realtime 200 in 273ms
 GET /api/realtime 200 in 254ms
 GET /api/realtime 200 in 326ms
 ○ Compiling /projects/[id] ...
 ✓ Compiled /projects/[id] in 1230ms (3157 modules)
 GET /api/realtime 200 in 1131ms
 GET /projects/project-riverside-homes?_rsc=eklsh 200 in 105ms
 GET /api/realtime 200 in 262ms
 GET /api/realtime 200 in 236ms
 GET /api/realtime 200 in 310ms
 GET /api/realtime 200 in 233ms
 GET /api/realtime 200 in 323ms
 GET /api/realtime 200 in 325ms
 GET /api/realtime 200 in 258ms
 GET /api/realtime 200 in 252ms
 GET /api/realtime 200 in 309ms
 GET /api/realtime 200 in 223ms
 GET /api/realtime 200 in 248ms
 ○ Compiling /punch-lists ...
 ✓ Compiled /punch-lists in 847ms (3172 modules)
 GET /api/realtime 200 in 1213ms
 GET /punch-lists?_rsc=1jnaz 200 in 65ms
 GET /api/realtime 200 in 229ms
 GET /api/realtime 200 in 265ms
 GET /api/realtime 200 in 269ms
 GET /api/realtime 200 in 231ms
 GET /api/realtime 200 in 302ms
 GET /api/realtime 200 in 231ms
 GET /api/realtime 200 in 227ms
 GET /api/realtime 200 in 226ms
 GET /api/realtime 200 in 360ms
 GET /api/realtime 200 in 235ms
 GET /api/realtime 200 in 266ms
 GET /api/realtime 200 in 329ms
 GET /api/realtime 200 in 260ms
 GET /api/realtime 200 in 300ms
 GET /api/realtime 200 in 251ms
 GET /api/realtime 200 in 221ms
 GET / 200 in 91ms
 GET /api/realtime 200 in 309ms
 GET /api/realtime 200 in 262ms
 GET /api/realtime 200 in 255ms
 GET /api/realtime 200 in 226ms
 GET /api/realtime 200 in 236ms
 GET /api/realtime 200 in 320ms
 GET /api/realtime 200 in 327ms
 GET /api/realtime 200 in 240ms
 GET /api/realtime 200 in 279ms
 GET /api/realtime 200 in 322ms
 GET /api/realtime 200 in 539ms
 GET /api/realtime 200 in 219ms
 GET /api/realtime 200 in 250ms
 GET /api/realtime 200 in 263ms
 GET /api/realtime 200 in 254ms
 GET /api/realtime 200 in 300ms
 GET /api/realtime 200 in 264ms
 GET /api/realtime 200 in 247ms
 GET /api/realtime 200 in 432ms
 GET /api/realtime 200 in 239ms
 GET /api/realtime 200 in 281ms
 GET /api/realtime 200 in 259ms
 GET /api/realtime 200 in 233ms
 GET /api/realtime 200 in 244ms
 GET /api/realtime 200 in 299ms
 GET /api/realtime 200 in 306ms
 GET /api/realtime 200 in 227ms
 GET /api/realtime 200 in 227ms
 GET /api/realtime 200 in 241ms
 GET /api/realtime 200 in 237ms
 GET /api/realtime 200 in 300ms
 GET /api/realtime 200 in 271ms
 GET /api/realtime 200 in 321ms
 GET /api/realtime 200 in 248ms
 GET /api/realtime 200 in 304ms
 GET /api/realtime 200 in 294ms
 GET /api/realtime 200 in 236ms
 GET /api/realtime 200 in 230ms
 GET /api/realtime 200 in 222ms
 GET / 200 in 92ms
 GET /api/realtime 200 in 283ms
 GET /api/realtime 200 in 330ms
 GET /api/realtime 200 in 333ms
 GET /api/realtime 200 in 303ms
 GET /api/realtime 200 in 325ms
 GET /api/realtime 200 in 247ms
 GET /api/realtime 200 in 239ms
 GET /api/realtime 200 in 238ms
 GET /api/realtime 200 in 254ms
 GET /api/realtime 200 in 344ms
 GET /api/realtime 200 in 327ms
 GET /api/realtime 200 in 246ms
 GET /api/realtime 200 in 275ms
 GET /api/realtime 200 in 280ms
 GET /api/realtime 200 in 247ms
 GET /api/realtime 200 in 319ms
 GET /api/realtime 200 in 289ms
 GET /api/realtime 200 in 319ms
 GET /api/realtime 200 in 302ms
 GET /api/realtime 200 in 280ms
 GET /api/realtime 200 in 259ms
 GET /api/realtime 200 in 311ms
 GET /api/realtime 200 in 854ms
 GET /api/realtime 200 in 281ms
 GET /api/realtime 200 in 339ms
 GET /api/realtime 200 in 313ms
 GET /api/realtime 200 in 295ms
 GET /api/realtime 200 in 313ms
 GET /api/realtime 200 in 335ms
 GET /api/realtime 200 in 245ms
 GET /api/realtime 200 in 279ms
 GET /api/realtime 200 in 287ms
 GET /api/realtime 200 in 355ms
 GET /api/realtime 200 in 228ms
 GET /api/realtime 200 in 263ms
 GET /api/realtime 200 in 283ms
 GET /api/realtime 200 in 272ms
 GET /api/realtime 200 in 234ms
 GET / 200 in 72ms
 GET /api/realtime 200 in 257ms
 GET /api/realtime 200 in 323ms
 GET /api/realtime 200 in 350ms
 GET /api/realtime 200 in 259ms
 GET /api/realtime 200 in 328ms
 GET /api/realtime 200 in 330ms
 GET /api/realtime 200 in 254ms
 GET /api/realtime 200 in 355ms
 GET /api/realtime 200 in 290ms
 GET /api/realtime 200 in 278ms
 GET /api/realtime 200 in 273ms
 GET /api/realtime 200 in 363ms
 GET /api/realtime 200 in 278ms
 GET /api/realtime 200 in 320ms
 GET /api/realtime 200 in 323ms
 GET /api/realtime 200 in 305ms
 GET /api/realtime 200 in 263ms
 GET /api/realtime 200 in 253ms
 GET /api/realtime 200 in 238ms
 GET /api/realtime 200 in 233ms
 GET /api/realtime 200 in 232ms
 GET /api/realtime 200 in 294ms
 GET /api/realtime 200 in 341ms
 GET /api/realtime 200 in 326ms
 GET /api/realtime 200 in 357ms
 GET /api/realtime 200 in 243ms
 GET /api/realtime 200 in 302ms
 GET /api/realtime 200 in 246ms
 GET /api/realtime 200 in 286ms
 GET /api/realtime 200 in 242ms
 GET /api/realtime 200 in 269ms
 GET /api/realtime 200 in 256ms
 GET /api/realtime 200 in 302ms
 GET /api/realtime 200 in 338ms
prisma:error Error in PostgreSQL connection: Error { kind: Db, cause: Some(DbError { severity: "FATAL", parsed_severity: Some(Fatal), code: SqlState(E57P05), message: "terminating connection due to idle-session timeout", detail: None, hint: None, position: None, where_: None, schema: None, table: None, column: None, datatype: None, constraint: None, file: Some("postgres.c"), line: Some(3472), routine: Some("ProcessInterrupts") }) }
 GET /api/realtime 200 in 362ms
 GET /api/realtime 200 in 250ms
 GET /api/realtime 200 in 238ms
 GET /api/realtime 200 in 270ms
 GET / 200 in 81ms
 GET /api/realtime 200 in 257ms
 GET /api/realtime 200 in 272ms
 GET /api/realtime 200 in 388ms
 GET /api/realtime 200 in 333ms
 GET /api/realtime 200 in 236ms
 GET /api/realtime 200 in 241ms
 GET /api/realtime 200 in 239ms
 GET /api/realtime 200 in 305ms
 GET /api/realtime 200 in 319ms
 GET /api/realtime 200 in 242ms
 GET /api/realtime 200 in 230ms
 GET /api/realtime 200 in 239ms
 GET /api/realtime 200 in 229ms
 GET /api/realtime 200 in 279ms
 GET /api/realtime 200 in 217ms
 GET /api/realtime 200 in 238ms
 GET /api/realtime 200 in 290ms
 GET /api/realtime 200 in 258ms
 GET /api/realtime 200 in 337ms
 GET /api/realtime 200 in 304ms
 GET /api/realtime 200 in 297ms
 GET /api/realtime 200 in 245ms
 GET /api/realtime 200 in 237ms
prisma:error Error in PostgreSQL connection: Error { kind: Db, cause: Some(DbError { severity: "FATAL", parsed_severity: Some(Fatal), code: SqlState(E57P05), message: "terminating connection due to idle-session timeout", detail: None, hint: None, position: None, where_: None, schema: None, table: None, column: None, datatype: None, constraint: None, file: Some("postgres.c"), line: Some(3472), routine: Some("ProcessInterrupts") }) }
prisma:error Error in PostgreSQL connection: Error { kind: Db, cause: Some(DbError { severity: "FATAL", parsed_severity: Some(Fatal), code: SqlState(E57P05), message: "terminating connection due to idle-session timeout", detail: None, hint: None, position: None, where_: None, schema: None, table: None, column: None, datatype: None, constraint: None, file: Some("postgres.c"), line: Some(3472), routine: Some("ProcessInterrupts") }) }
prisma:error Error in PostgreSQL connection: Error { kind: Db, cause: Some(DbError { severity: "FATAL", parsed_severity: Some(Fatal), code: SqlState(E57P05), message: "terminating connection due to idle-session timeout", detail: None, hint: None, position: None, where_: None, schema: None, table: None, column: None, datatype: None, constraint: None, file: Some("postgres.c"), line: Some(3472), routine: Some("ProcessInterrupts") }) }
 GET /api/realtime 200 in 282ms
 GET /api/realtime 200 in 234ms
 GET /api/realtime 200 in 242ms
 GET /api/realtime 200 in 233ms
 GET /api/realtime 200 in 234ms
 GET /api/realtime 200 in 313ms
 GET /api/realtime 200 in 330ms
 GET /api/realtime 200 in 259ms
 GET /api/realtime 200 in 219ms
 GET /api/realtime 200 in 302ms
 GET /api/realtime 200 in 283ms
 GET /api/realtime 200 in 310ms
 GET /api/realtime 200 in 285ms
 GET /api/realtime 200 in 293ms
 GET /api/realtime 200 in 336ms
 GET /api/realtime 200 in 266ms
 GET / 200 in 70ms
 GET /api/realtime 200 in 227ms
 GET /api/realtime 200 in 245ms
 GET /api/realtime 200 in 273ms
 GET /api/realtime 200 in 231ms
 GET /api/realtime 200 in 261ms
 GET /api/realtime 200 in 243ms
 GET /api/realtime 200 in 237ms
 GET /api/realtime 200 in 313ms
 GET /api/realtime 200 in 313ms
 GET /api/realtime 200 in 240ms
 GET /api/realtime 200 in 315ms
 GET /api/realtime 200 in 230ms
 GET /api/realtime 200 in 255ms
 GET /api/realtime 200 in 267ms
 GET /api/realtime 200 in 287ms
 GET /api/realtime 200 in 259ms
 GET /api/realtime 200 in 233ms
 GET /api/realtime 200 in 317ms
 GET /api/realtime 200 in 274ms
 GET /api/realtime 200 in 307ms
 GET /api/realtime 200 in 315ms
 GET /api/realtime 200 in 292ms
 GET /api/realtime 200 in 293ms
 GET /api/realtime 200 in 330ms
 GET /api/realtime 200 in 280ms
 GET /api/realtime 200 in 326ms
 GET /api/realtime 200 in 333ms
 GET /api/realtime 200 in 314ms
 GET /api/realtime 200 in 322ms
 GET /api/realtime 200 in 222ms
 GET /api/realtime 200 in 303ms
 GET /api/realtime 200 in 331ms
 GET /api/realtime 200 in 223ms
 GET /api/realtime 200 in 273ms
 GET /api/realtime 200 in 319ms
 GET /api/realtime 200 in 238ms
 GET /api/realtime 200 in 234ms
 GET /api/realtime 200 in 286ms
 GET /api/realtime 200 in 231ms
 GET / 200 in 69ms
 GET /api/realtime 200 in 275ms
 GET /api/realtime 200 in 280ms
 GET /api/realtime 200 in 350ms
 GET /api/realtime 200 in 323ms
 GET /api/realtime 200 in 251ms
 GET /api/realtime 200 in 252ms
 GET /api/realtime 200 in 257ms
 GET /api/realtime 200 in 360ms
 GET /api/realtime 200 in 237ms
 GET /api/realtime 200 in 307ms
 GET /api/realtime 200 in 291ms
 GET /api/realtime 200 in 311ms
 GET /api/realtime 200 in 317ms
 GET /api/realtime 200 in 262ms
 GET /api/realtime 200 in 336ms
 GET /api/realtime 200 in 330ms
 GET /api/realtime 200 in 240ms
 GET /api/realtime 200 in 326ms
 GET /api/realtime 200 in 243ms
 GET /api/realtime 200 in 264ms
 GET /api/realtime 200 in 248ms
 GET /api/realtime 200 in 307ms
 GET /api/realtime 200 in 304ms
 GET /api/realtime 200 in 326ms
 GET /api/realtime 200 in 239ms
 GET /api/realtime 200 in 275ms
 GET /api/realtime 200 in 281ms
 GET /api/realtime 200 in 276ms
 GET /api/realtime 200 in 242ms
 GET /api/realtime 200 in 263ms
 GET /api/realtime 200 in 243ms
 GET /api/realtime 200 in 241ms
 GET /api/realtime 200 in 279ms
 GET /api/realtime 200 in 302ms
 GET /api/realtime 200 in 358ms
 GET /api/realtime 200 in 317ms
 GET /api/realtime 200 in 369ms
 GET /api/realtime 200 in 326ms
 GET /api/realtime 200 in 243ms
 GET /api/realtime 200 in 300ms
 GET /api/realtime 200 in 233ms
 GET /api/realtime 200 in 287ms
 GET /api/realtime 200 in 300ms
 GET /api/realtime 200 in 343ms
 GET /api/realtime 200 in 251ms
 GET /api/realtime 200 in 231ms
 GET /api/realtime 200 in 229ms
 GET /api/realtime 200 in 266ms
 GET /api/realtime 200 in 340ms
 GET /api/realtime 200 in 279ms
 GET /api/realtime 200 in 262ms
 GET /api/realtime 200 in 326ms
 GET /api/realtime 200 in 321ms
 GET /api/realtime 200 in 315ms
 GET /api/realtime 200 in 254ms
 GET /api/realtime 200 in 255ms
 GET /api/realtime 200 in 321ms
 GET /api/realtime 200 in 265ms
 GET /api/realtime 200 in 337ms
 GET /api/realtime 200 in 250ms
 GET /api/realtime 200 in 293ms
 GET /api/realtime 200 in 339ms
 GET /api/realtime 200 in 280ms
 GET /api/realtime 200 in 277ms
 GET /api/realtime 200 in 327ms
 GET /api/realtime 200 in 348ms
 GET /api/realtime 200 in 240ms
 GET /api/realtime 200 in 290ms
 GET /api/realtime 200 in 336ms
 GET /api/realtime 200 in 358ms
 GET /api/realtime 200 in 275ms
 GET /api/realtime 200 in 319ms
 GET /api/realtime 200 in 319ms
 GET /api/realtime 200 in 318ms
 GET /api/realtime 200 in 283ms
 GET /api/realtime 200 in 255ms
 GET /api/realtime 200 in 250ms
 GET /api/realtime 200 in 278ms
 GET /api/realtime 200 in 352ms
 GET /api/realtime 200 in 333ms
 GET /api/realtime 200 in 341ms
 GET /api/realtime 200 in 300ms
 GET /api/realtime 200 in 421ms
 GET /api/realtime 200 in 316ms
 GET /api/realtime 200 in 286ms
 GET /api/realtime 200 in 314ms
 GET /api/realtime 200 in 231ms
 GET / 200 in 64ms
 GET /api/realtime 200 in 305ms
 GET /api/realtime 200 in 260ms
 GET /api/realtime 200 in 330ms
 GET /api/realtime 200 in 355ms
 GET /api/realtime 200 in 336ms
 GET /api/realtime 200 in 343ms
 GET /api/realtime 200 in 244ms
 GET /api/realtime 200 in 243ms
 GET /api/realtime 200 in 368ms
 GET /api/realtime 200 in 228ms
 GET /api/realtime 200 in 318ms
 GET /api/realtime 200 in 256ms
 GET /api/realtime 200 in 334ms
 GET /api/realtime 200 in 248ms
 GET /api/realtime 200 in 297ms
 GET /api/realtime 200 in 274ms
 GET /api/realtime 200 in 330ms
 GET /api/realtime 200 in 279ms
 GET /api/realtime 200 in 300ms
 GET /api/realtime 200 in 278ms
 GET /api/realtime 200 in 237ms
 GET /api/realtime 200 in 309ms
 GET /api/realtime 200 in 239ms
 GET /api/realtime 200 in 322ms
 GET /api/realtime 200 in 332ms
 GET /api/realtime 200 in 312ms
 GET /api/realtime 200 in 293ms
 GET /api/realtime 200 in 243ms
 GET /api/realtime 200 in 258ms
 GET /api/realtime 200 in 324ms
 GET /api/realtime 200 in 245ms
 GET /api/realtime 200 in 303ms
 GET /api/realtime 200 in 286ms
 GET /api/realtime 200 in 331ms
 GET /api/realtime 200 in 332ms
 GET /api/realtime 200 in 318ms
 GET /api/realtime 200 in 236ms
 GET /api/realtime 200 in 325ms
 GET /api/realtime 200 in 310ms
 GET /api/realtime 200 in 319ms
 GET /api/realtime 200 in 261ms
 GET /api/realtime 200 in 315ms
 GET /api/realtime 200 in 223ms
 GET /api/realtime 200 in 243ms
 GET /api/realtime 200 in 295ms
 GET /api/realtime 200 in 333ms
 GET /api/realtime 200 in 241ms
 GET /api/realtime 200 in 283ms
 GET /api/realtime 200 in 318ms
 GET /api/realtime 200 in 288ms
 GET /api/realtime 200 in 239ms
 GET /api/realtime 200 in 250ms
 GET /api/realtime 200 in 265ms
 GET /api/realtime 200 in 264ms
 GET /api/realtime 200 in 286ms
 GET /api/realtime 200 in 315ms
 GET /api/realtime 200 in 269ms
 GET /api/realtime 200 in 251ms
 GET /api/realtime 200 in 240ms
 GET /api/realtime 200 in 227ms
 GET /api/realtime 200 in 319ms
 GET /api/realtime 200 in 224ms
 GET /api/realtime 200 in 235ms
 GET /api/realtime 200 in 239ms
 GET /api/realtime 200 in 232ms
 GET /api/realtime 200 in 230ms
 GET /api/realtime 200 in 231ms
 GET /api/realtime 200 in 237ms
 GET /api/realtime 200 in 932ms
 GET /api/realtime 200 in 243ms
 GET /api/realtime 200 in 284ms
 GET /api/realtime 200 in 235ms
 GET /api/realtime 200 in 371ms
 GET /api/realtime 200 in 219ms
 GET /api/realtime 200 in 216ms
 GET /api/realtime 200 in 239ms
 GET /api/realtime 200 in 237ms
 GET /api/realtime 200 in 244ms
 GET / 200 in 69ms
 GET /api/realtime 200 in 308ms
 GET /api/realtime 200 in 217ms
 GET /api/realtime 200 in 247ms
 GET /api/realtime 200 in 221ms
 GET /api/realtime 200 in 16770ms
 GET /api/realtime 200 in 257ms
 GET /api/realtime 200 in 239ms
 GET /api/realtime 200 in 305ms
 GET /api/realtime 200 in 238ms
 GET /api/realtime 200 in 510ms
 GET /api/realtime 200 in 425ms
 GET /api/realtime 200 in 213ms
 GET /api/auth/session 200 in 103ms
 GET /api/realtime 200 in 394ms
 GET /api/realtime 200 in 277ms
 GET /api/realtime 200 in 273ms
 GET /api/realtime 200 in 249ms
 GET /api/realtime 200 in 378ms
 GET /api/realtime 200 in 335ms
 GET /api/realtime 200 in 244ms
 GET /api/realtime 200 in 443ms
 GET /api/realtime 200 in 263ms
 GET /api/realtime 200 in 275ms
 GET /api/realtime 200 in 296ms
 GET /api/realtime 200 in 235ms
 GET /api/realtime 200 in 333ms
 GET / 200 in 63ms
 GET /api/realtime 200 in 240ms
 GET /api/realtime 200 in 319ms
 GET /api/realtime 200 in 312ms
 GET /api/realtime 200 in 269ms
 GET /api/realtime 200 in 231ms
 GET /api/realtime 200 in 296ms
 GET /api/realtime 200 in 325ms
 GET /api/realtime 200 in 346ms
 GET /api/realtime 200 in 259ms
 GET /api/realtime 200 in 455ms
 GET /api/realtime 200 in 370ms
 GET /api/realtime 200 in 236ms
 GET /api/realtime 200 in 265ms
 GET /api/realtime 200 in 220ms
 GET /api/realtime 200 in 280ms
 GET /api/realtime 200 in 340ms
 GET /api/realtime 200 in 251ms
 GET /api/realtime 200 in 263ms
 GET /api/realtime 200 in 235ms
 GET /api/realtime 200 in 263ms
 GET /api/realtime 200 in 347ms
 GET /api/realtime 200 in 376ms
 GET /api/realtime 200 in 327ms
 GET /api/realtime 200 in 307ms
 GET /api/realtime 200 in 238ms
 GET /api/realtime 200 in 286ms
 GET /api/realtime 200 in 247ms
 GET /api/realtime 200 in 303ms
 GET /api/realtime 200 in 257ms
 GET /api/realtime 200 in 294ms
 GET /api/realtime 200 in 361ms
 GET /api/realtime 200 in 323ms
 GET /api/realtime 200 in 265ms
 GET /api/realtime 200 in 239ms
 GET /api/realtime 200 in 331ms
 GET /api/realtime 200 in 247ms
 GET /api/realtime 200 in 237ms
 GET /api/realtime 200 in 329ms
 GET / 200 in 57ms
 GET /api/realtime 200 in 256ms
 GET /api/realtime 200 in 290ms
 GET /api/realtime 200 in 300ms
 GET /api/realtime 200 in 269ms
 GET /api/realtime 200 in 253ms
 GET /api/realtime 200 in 319ms
 GET /api/realtime 200 in 268ms
 GET /api/realtime 200 in 311ms
 GET /api/realtime 200 in 235ms
 GET /api/realtime 200 in 294ms
 GET /api/realtime 200 in 223ms
 GET /api/realtime 200 in 288ms
 GET /api/realtime 200 in 231ms
 GET /api/realtime 200 in 306ms
 GET /api/realtime 200 in 321ms
 GET /api/realtime 200 in 237ms
 GET /api/realtime 200 in 311ms
 GET /api/realtime 200 in 332ms
 GET /api/realtime 200 in 299ms
 GET /api/realtime 200 in 347ms
 GET /api/realtime 200 in 308ms
 GET /api/realtime 200 in 341ms
 GET /api/realtime 200 in 294ms
 GET /api/realtime 200 in 285ms
 GET /api/realtime 200 in 332ms
 GET /api/realtime 200 in 327ms
 GET /api/realtime 200 in 337ms
 GET /api/realtime 200 in 310ms
 GET /api/realtime 200 in 325ms
 GET /api/realtime 200 in 308ms
 GET /api/realtime 200 in 295ms
 GET /api/realtime 200 in 280ms
 GET /api/realtime 200 in 319ms
 GET /api/realtime 200 in 312ms
 GET /api/realtime 200 in 259ms
 GET /api/realtime 200 in 330ms
 GET /api/realtime 200 in 341ms
 GET /api/realtime 200 in 229ms
 GET /api/realtime 200 in 324ms
 GET /api/realtime 200 in 228ms
 GET / 200 in 61ms
 GET /api/realtime 200 in 230ms
 GET /projects/project-mall-renovation?_rsc=1o8h7 200 in 94ms
 GET /api/realtime 200 in 226ms
 GET /api/realtime 200 in 242ms
 GET /api/realtime 200 in 241ms
 GET /api/realtime 200 in 261ms
 GET /api/realtime 200 in 237ms
 GET /api/realtime 200 in 259ms
 GET /api/realtime 200 in 349ms
 GET /api/realtime 200 in 234ms
 ○ Compiling /tasks ...
 ✓ Compiled /tasks in 1273ms (2570 modules)
 GET /api/realtime 200 in 1535ms
 GET /api/realtime 200 in 296ms
 ○ Compiling /submittals ...
 ✓ Compiled /submittals in 719ms (2585 modules)
 GET /api/realtime 200 in 337ms
 GET /api/realtime 200 in 353ms
 ✓ Compiled /daily-reports in 483ms (2606 modules)
 GET /api/realtime 200 in 303ms
 GET /daily-reports?_rsc=9e3xv 200 in 68ms
 GET /api/realtime 200 in 266ms
 GET /api/realtime 200 in 215ms
 GET /api/realtime 200 in 278ms
 GET /api/realtime 200 in 349ms
 GET /api/realtime 200 in 252ms
 GET /api/realtime 200 in 277ms
 GET /api/realtime 200 in 233ms
 GET /api/realtime 200 in 240ms
 GET /api/realtime 200 in 276ms
 GET /api/realtime 200 in 286ms
 GET /api/realtime 200 in 333ms
 GET /api/realtime 200 in 244ms
 GET /api/realtime 200 in 322ms
 GET /api/realtime 200 in 295ms
 GET /api/realtime 200 in 262ms
 GET /api/realtime 200 in 252ms
 GET /api/realtime 200 in 300ms
 GET /api/realtime 200 in 1875ms
 GET /api/realtime 200 in 341ms
 GET /api/realtime 200 in 357ms
 GET /api/realtime 200 in 247ms
 GET /api/realtime 200 in 308ms
 GET /api/realtime 200 in 221ms
 GET / 200 in 95ms
 GET /api/realtime 200 in 328ms
 GET /api/realtime 200 in 323ms
 GET /api/realtime 200 in 327ms
 GET /api/realtime 200 in 331ms
 GET /api/realtime 200 in 345ms
 GET /api/realtime 200 in 256ms
 GET /api/realtime 200 in 299ms
 GET /api/realtime 200 in 313ms
 GET /api/realtime 200 in 237ms
 GET /api/realtime 200 in 444972ms
prisma:error Error in PostgreSQL connection: Error { kind: Db, cause: Some(DbError { severity: "FATAL", parsed_severity: Some(Fatal), code: SqlState(E57P05), message: "terminating connection due to idle-session timeout", detail: None, hint: None, position: None, where_: None, schema: None, table: None, column: None, datatype: None, constraint: None, file: Some("postgres.c"), line: Some(3472), routine: Some("ProcessInterrupts") }) }
prisma:error Error in PostgreSQL connection: Error { kind: Db, cause: Some(DbError { severity: "FATAL", parsed_severity: Some(Fatal), code: SqlState(E57P05), message: "terminating connection due to idle-session timeout", detail: None, hint: None, position: None, where_: None, schema: None, table: None, column: None, datatype: None, constraint: None, file: Some("postgres.c"), line: Some(3472), routine: Some("ProcessInterrupts") }) }
 ✓ Compiled in 797ms (1466 modules)
 ✓ Compiled in 510ms (1466 modules)
 ✓ Compiled in 429ms (1466 modules)
 ✓ Compiled in 451ms (1466 modules)
 ✓ Compiled in 425ms (1466 modules)
 ✓ Compiled in 461ms (1466 modules)
[?25h
