  ▲ Next.js 14.2.28
  - Local:        http://localhost:3000
  - Environments: .env
  - Experiments (use with caution):
    · outputFileTracingRoot

 ✓ Starting...
 ✓ Ready in 2.1s
 ○ Compiling / ...
 ✓ Compiled / in 2.2s (596 modules)
 ✓ Compiled in 540ms (296 modules)
 GET / 200 in 2780ms
 GET / 200 in 63ms
 GET / 200 in 56ms
 GET / 200 in 112ms
 ✓ Compiled /api/auth/[...nextauth] in 467ms (541 modules)
 GET /api/auth/session 200 in 950ms
 GET /api/auth/session 200 in 67ms
 GET / 200 in 105ms
 GET / 200 in 68ms
 GET / 200 in 62ms
 GET / 200 in 48ms
 GET / 200 in 62ms
 GET / 200 in 194ms
[?25h
