  ▲ Next.js 14.2.28
  - Local:        http://localhost:3000
  - Environments: .env
  - Experiments (use with caution):
    · outputFileTracingRoot

 ✓ Starting...
 ✓ Ready in 2.2s
 ○ Compiling / ...
 ✓ Compiled / in 1833ms (596 modules)
 ✓ Compiled in 546ms (296 modules)
 GET / 200 in 2429ms
 GET / 200 in 74ms
 GET / 200 in 63ms
 GET / 200 in 187ms
 ○ Compiling /api/auth/[...nextauth] ...
 ✓ Compiled /api/auth/[...nextauth] in 514ms (541 modules)
 GET /api/auth/session 200 in 1036ms
 GET /api/auth/session 200 in 65ms
 GET / 200 in 105ms
 GET / 200 in 64ms
 GET / 200 in 66ms
 GET / 200 in 66ms
 GET /api/auth/session 200 in 66ms
 GET /api/auth/session 200 in 55ms
[?25h
