  ▲ Next.js 14.2.28
  - Local:        http://localhost:3000
  - Environments: .env
  - Experiments (use with caution):
    · outputFileTracingRoot

 ✓ Starting...
 ✓ Ready in 1938ms
 ○ Compiling / ...
 ✓ Compiled / in 2.4s (596 modules)
 GET / 200 in 2980ms
 ✓ Compiled in 576ms (296 modules)
 ○ Compiling /api/auth/[...nextauth] ...
 ✓ Compiled /api/auth/[...nextauth] in 540ms (541 modules)
 GET /api/auth/providers 200 in 1077ms
 GET / 200 in 112ms
 GET /api/auth/session 200 in 78ms
 GET /api/auth/session 200 in 74ms
 ○ Compiling /signup ...
 ✓ Compiled /signup in 1032ms (881 modules)
 GET /login 200 in 1242ms
 GET /signup 200 in 1238ms
 GET /api/auth/session 200 in 94ms
 GET /api/auth/session 200 in 53ms
 GET /api/auth/session 200 in 54ms
 GET /api/auth/session 200 in 52ms
 GET /api/auth/session 200 in 60ms
 GET /api/auth/session 200 in 266ms
 GET /api/auth/csrf 200 in 62ms
 ✓ Compiled /api/signup in 462ms (597 modules)
 POST /api/signup 200 in 947ms
 GET / 200 in 111ms
 GET /api/auth/signin 302 in 93ms
 GET /login?callbackUrl=https://4b8f6bc33.preview.abacusai.app 200 in 67ms
 GET /api/auth/csrf 200 in 50ms
 POST /api/auth/callback/credentials 302 in 344ms
 ✓ Compiled /middleware in 234ms (174 modules)
 ○ Compiling /dashboard ...
 ✓ Compiled /dashboard in 1525ms (2857 modules)
 GET /dashboard 200 in 1885ms
 GET / 200 in 110ms
 GET /dashboard 200 in 164ms
 GET /api/auth/session 200 in 83ms
 ○ Compiling /api/realtime ...
 ✓ Compiled /api/realtime in 648ms (1581 modules)
 ✓ Compiled (1584 modules)
 GET /api/auth/session 200 in 1183ms
 GET /api/notifications?limit=10 200 in 1451ms
 GET /api/realtime 200 in 1126ms
 GET /api/notifications?limit=10 200 in 121ms
 GET /api/auth/session 200 in 118ms
 GET /api/realtime 200 in 120ms
 GET /api/notifications?limit=10 200 in 154ms
 GET /api/auth/session 200 in 129ms
 GET /api/realtime 200 in 171ms
 GET /api/auth/session 200 in 116ms
 GET /api/notifications?limit=10 200 in 130ms
 GET /api/realtime 200 in 131ms
 GET /api/auth/session 200 in 81ms
 GET /api/realtime 200 in 114ms
 GET /api/realtime 200 in 71ms
 GET /api/realtime 200 in 80ms
 GET /api/realtime 200 in 137ms
 GET /api/realtime 200 in 75ms
 GET /api/realtime 200 in 76ms
 GET /api/realtime 200 in 98ms
 GET /api/realtime 200 in 73ms
 GET /api/realtime 200 in 71ms
 GET /api/realtime 200 in 71ms
 GET /api/realtime 200 in 66ms
 GET /api/realtime 200 in 72ms
 GET /api/realtime 200 in 66ms
 GET /api/realtime 200 in 72ms
 GET /api/realtime 200 in 68ms
 GET /api/realtime 200 in 66ms
 GET /api/realtime 200 in 76ms
 GET /api/realtime 200 in 80ms
 GET /api/realtime 200 in 70ms
 GET /api/realtime 200 in 70ms
 GET /api/realtime 200 in 72ms
 GET /api/realtime 200 in 78ms
 GET /api/realtime 200 in 79ms
 GET /api/realtime 200 in 69ms
 GET /api/realtime 200 in 71ms
 GET /api/realtime 200 in 64ms
 GET /api/realtime 200 in 76ms
 GET /api/realtime 200 in 78ms
 GET /api/realtime 200 in 80ms
 GET /api/realtime 200 in 81ms
 GET /api/realtime 200 in 68ms
 GET /api/realtime 200 in 70ms
 GET /api/realtime 200 in 91ms
 GET /api/realtime 200 in 79ms
 GET /api/realtime 200 in 78ms
 GET /api/realtime 200 in 67ms
 GET /api/realtime 200 in 76ms
 GET /api/realtime 200 in 71ms
 GET /api/realtime 200 in 74ms
 GET /api/realtime 200 in 66ms
 GET /api/realtime 200 in 126ms
 GET /api/realtime 200 in 139ms
 GET /api/realtime 200 in 71ms
 GET /api/realtime 200 in 68ms
 GET /api/realtime 200 in 66ms
 GET /api/realtime 200 in 67ms
 GET /api/realtime 200 in 6766ms
 GET /api/realtime 200 in 31ms
 ○ Compiling /tasks ...
 ✓ Compiled /tasks in 4.5s (3457 modules)
 GET /meetings 200 in 5677ms
 GET /projects/new 200 in 5575ms
 GET /milestones 200 in 5700ms
 GET /inspections 200 in 5625ms
 GET /daily-reports 200 in 5634ms
 GET /materials 200 in 5677ms
 GET /settings 200 in 5629ms
 GET /punch-lists 200 in 5582ms
 GET /equipment 200 in 5583ms
 GET /time-tracking 200 in 5708ms
 GET /rfis 200 in 5633ms
 GET /subcontractors 200 in 5693ms
 GET /safety 200 in 5633ms
 GET /projects 200 in 5643ms
 GET /change-orders 200 in 5584ms
 GET /budget 200 in 5720ms
 GET /team 200 in 5636ms
 GET /documents 200 in 5588ms
 GET /reports 200 in 5587ms
 GET /submittals 200 in 5589ms
 GET /company 200 in 5639ms
 GET /tasks 200 in 5603ms
 GET /api/notifications?limit=10 200 in 431ms
 GET /api/auth/session 200 in 706ms
 GET /api/realtime 200 in 681ms
 GET /api/realtime 200 in 704ms
 GET /api/notifications?limit=10 200 in 845ms
 GET /api/realtime 200 in 790ms
 GET /api/realtime 200 in 785ms
 GET /api/realtime 200 in 676ms
 GET /api/realtime 200 in 696ms
 GET /api/realtime 200 in 677ms
 GET /api/realtime 200 in 983ms
 GET /api/realtime 200 in 679ms
 GET /api/realtime 200 in 680ms
 GET /api/realtime 200 in 684ms
 GET /api/auth/session 200 in 660ms
 ○ Compiling /api/company/stats ...
 ✓ Compiled /api/company/stats in 1787ms (1918 modules)
 GET /api/realtime 200 in 2982ms
 GET /api/realtime 200 in 2957ms
 GET /api/realtime 200 in 2961ms
 GET /api/realtime 200 in 3399ms
 GET /api/auth/session 200 in 2860ms
 GET /api/company/stats 200 in 3413ms
 GET /api/realtime 200 in 3242ms
 GET /api/realtime 200 in 3014ms
 GET /api/realtime 200 in 3009ms
 GET /api/realtime 200 in 2943ms
 GET /api/realtime 200 in 2940ms
 GET /api/realtime 200 in 3014ms
 GET /api/notifications?limit=10 200 in 3244ms
 GET /api/realtime 200 in 2999ms
 GET /api/realtime 200 in 3272ms
 GET /api/realtime 200 in 2883ms
 GET /api/realtime 200 in 2833ms
 GET /api/realtime 200 in 3046ms
 GET /api/realtime 200 in 2983ms
 GET /api/realtime 200 in 2735ms
 GET /api/realtime 200 in 2504ms
 GET /api/realtime 200 in 2439ms
 GET /api/realtime 200 in 2626ms
 GET /api/realtime 200 in 3468ms
 GET /api/realtime 200 in 609ms
 GET /api/realtime 200 in 673ms
 GET /api/realtime 200 in 215ms
 GET /api/realtime 200 in 250ms
 GET /api/realtime 200 in 205ms
 GET /api/realtime 200 in 209ms
 GET /api/realtime 200 in 207ms
 GET /api/realtime 200 in 683ms
 GET /api/realtime 200 in 260ms
 GET /api/auth/session 200 in 337ms
 GET /api/realtime 200 in 326ms
 GET /api/realtime 200 in 330ms
 GET /api/realtime 200 in 3233ms
 GET /api/realtime 200 in 340ms
 GET /api/realtime 200 in 342ms
 GET /api/realtime 200 in 342ms
 GET /api/realtime 200 in 343ms
 GET /api/company/stats 200 in 370ms
 GET /api/notifications?limit=10 200 in 385ms
 GET /api/realtime 200 in 3672ms
 GET /api/realtime 200 in 3422ms
 GET /api/realtime 200 in 404ms
 GET /api/realtime 200 in 404ms
 GET /api/realtime 200 in 407ms
 GET /api/realtime 200 in 3256ms
 GET /api/realtime 200 in 3580ms
 GET /api/realtime 200 in 408ms
 GET /api/realtime 200 in 409ms
 GET /api/realtime 200 in 426ms
 GET /api/realtime 200 in 3877ms
 GET /api/realtime 200 in 3296ms
 GET /api/realtime 200 in 376ms
 GET /api/realtime 200 in 415ms
 GET /api/realtime 200 in 381ms
 GET /api/realtime 200 in 383ms
 GET /api/realtime 200 in 384ms
 GET /api/realtime 200 in 384ms
 GET /api/realtime 200 in 385ms
 GET /api/realtime 200 in 385ms
 GET /api/realtime 200 in 4206ms
 GET /api/realtime 200 in 394ms
 GET /api/auth/session 200 in 349ms
 GET /api/company/stats 200 in 432ms
 GET /api/realtime 200 in 458ms
 GET /api/realtime 200 in 470ms
 GET /api/realtime 200 in 496ms
 GET /api/notifications?limit=10 200 in 466ms
 GET /api/realtime 200 in 576ms
 GET /api/realtime 200 in 438ms
 GET /api/realtime 200 in 441ms
 GET /api/realtime 200 in 439ms
 GET /api/realtime 200 in 438ms
 GET /api/realtime 200 in 443ms
 GET /api/realtime 200 in 444ms
 GET /api/realtime 200 in 472ms
 GET /api/realtime 200 in 474ms
 GET /api/realtime 200 in 554ms
 GET /api/auth/session 200 in 749ms
 GET /api/company/stats 200 in 738ms
 GET /api/realtime 200 in 844ms
 GET /api/realtime 200 in 755ms
 GET /api/realtime 200 in 800ms
 GET /api/realtime 200 in 757ms
 GET /api/notifications?limit=10 200 in 784ms
 GET /api/realtime 200 in 776ms
 GET /api/realtime 200 in 784ms
 GET /api/realtime 200 in 786ms
 GET /api/realtime 200 in 784ms
 GET /api/realtime 200 in 744ms
 GET /api/realtime 200 in 1023ms
 GET /api/realtime 200 in 385ms
 GET /api/realtime 200 in 1001ms
 GET /api/realtime 200 in 1392ms
 GET /api/auth/session 200 in 365ms
 GET /api/realtime 200 in 6488ms
 GET /api/realtime 200 in 407ms
 GET /api/realtime 200 in 6491ms
 GET /api/realtime 200 in 362ms
 GET /api/realtime 200 in 370ms
 GET /api/notifications?limit=10 200 in 361ms
 GET /api/realtime 200 in 384ms
 GET /api/realtime 200 in 388ms
 GET /api/realtime 200 in 385ms
 GET /api/realtime 200 in 375ms
 GET /api/realtime 200 in 389ms
 GET /api/realtime 200 in 6596ms
 GET /api/realtime 200 in 400ms
 GET /api/realtime 200 in 6648ms
 GET /api/realtime 200 in 321ms
 GET /api/realtime 200 in 6655ms
 GET /api/realtime 200 in 6587ms
 GET /api/realtime 200 in 325ms
 GET /api/realtime 200 in 318ms
 GET /api/auth/session 200 in 229ms
 GET /api/realtime 200 in 202ms
 GET /api/realtime 200 in 6749ms
 GET /api/realtime 200 in 191ms
 GET /api/realtime 200 in 6711ms
 GET /api/realtime 200 in 6793ms
 GET /api/realtime 200 in 311ms
 GET /api/realtime 200 in 6919ms
 GET /api/notifications?limit=10 200 in 235ms
 GET /api/realtime 200 in 253ms
 GET /api/realtime 200 in 305ms
 GET /api/realtime 200 in 6444ms
 GET /api/realtime 200 in 6448ms
 GET /api/auth/session 200 in 240ms
 GET /api/notifications?limit=10 200 in 230ms
 GET /api/realtime 200 in 245ms
 GET /api/auth/session 200 in 98ms
 GET /api/notifications?limit=10 200 in 153ms
 GET /api/auth/session 200 in 61ms
 GET /api/realtime 200 in 176ms
 GET /api/notifications?limit=10 200 in 120ms
 GET /api/realtime 200 in 113ms
 GET /api/auth/session 200 in 106ms
 GET /api/notifications?limit=10 200 in 113ms
 GET /api/realtime 200 in 107ms
 GET /api/auth/session 200 in 129ms
 GET /api/realtime 200 in 89ms
 GET /api/auth/session 200 in 104ms
 GET /api/realtime 200 in 124ms
 GET /api/auth/session 200 in 67ms
 GET /api/realtime 200 in 79ms
 GET /api/realtime 200 in 69ms
 GET /api/realtime 200 in 84ms
 GET /api/realtime 200 in 229ms
 GET /api/realtime 200 in 72ms
 GET /api/realtime 200 in 81ms
 GET /api/realtime 200 in 68ms
 GET /api/realtime 200 in 74ms
 GET /api/realtime 200 in 79ms
 GET /api/realtime 200 in 9049ms
 GET /api/realtime 200 in 52ms
 ○ Compiling /projects/[id] ...
 ✓ Compiled /projects/[id] in 3.3s (3585 modules)
 GET /company/invitations 200 in 3614ms
 GET /company/usage 200 in 3635ms
 GET /company/team 200 in 3636ms
 GET /company/settings 307 in 3616ms
 GET /dashboard 200 in 166ms
 GET /projects/project-riverside-homes 200 in 3917ms
 GET /projects/project-mall-renovation 200 in 3917ms
 GET /projects/project-downtown-office 200 in 3917ms
 GET /api/auth/session 200 in 260ms
 ○ Compiling /api/company/invitations ...
 ✓ Compiled /api/company/invitations in 1090ms (1995 modules)
 GET /api/auth/session 200 in 1823ms
 GET /api/notifications?limit=10 200 in 1844ms
 GET /api/realtime 200 in 1447ms
 GET /api/company/invitations? 200 in 2137ms
 GET /api/realtime 200 in 1140ms
 GET /api/realtime 200 in 1424ms
 GET /api/realtime 200 in 1481ms
 GET /api/realtime 200 in 108ms
 GET /api/realtime 200 in 184ms
 GET /api/realtime 200 in 215ms
 GET /api/notifications?limit=10 200 in 205ms
 GET /api/company/invitations? 200 in 206ms
 GET /api/auth/session 200 in 205ms
 GET /api/realtime 200 in 240ms
 GET /api/realtime 200 in 163ms
 GET /api/realtime 200 in 230ms
 GET /api/realtime 200 in 232ms
 GET /api/realtime 200 in 197ms
 GET /api/auth/session 200 in 192ms
 GET /api/company/invitations? 200 in 197ms
 GET /api/notifications?limit=10 200 in 201ms
 GET /api/realtime 200 in 193ms
 GET /api/realtime 200 in 160ms
 GET /api/auth/session 200 in 173ms
 GET /api/realtime 200 in 209ms
 GET /api/company/invitations? 200 in 179ms
 GET /api/realtime 200 in 213ms
 GET /api/notifications?limit=10 200 in 174ms
 GET /api/realtime 200 in 176ms
 GET /api/realtime 200 in 192ms
 GET /api/realtime 200 in 192ms
 GET /api/realtime 200 in 187ms
 GET /api/auth/session 200 in 181ms
 GET /api/notifications?limit=10 200 in 182ms
 GET /api/realtime 200 in 173ms
 GET /api/realtime 200 in 125ms
 GET /api/realtime 200 in 213ms
 GET /api/auth/session 200 in 205ms
 GET /api/notifications?limit=10 200 in 206ms
 GET /api/realtime 200 in 213ms
 GET /api/realtime 200 in 207ms
 GET /api/realtime 200 in 173ms
 GET /api/realtime 200 in 140ms
 GET /api/auth/session 200 in 162ms
 GET /api/notifications?limit=10 200 in 155ms
 GET /api/realtime 200 in 186ms
 GET /api/realtime 200 in 164ms
 GET /api/realtime 200 in 167ms
 GET /api/realtime 200 in 162ms
 GET /api/auth/session 200 in 132ms
 GET /api/realtime 200 in 186ms
 GET /api/realtime 200 in 160ms
 GET /api/notifications?limit=10 200 in 188ms
 GET /api/realtime 200 in 169ms
 GET /api/realtime 200 in 208ms
 GET /api/auth/session 200 in 146ms
 GET /api/realtime 200 in 172ms
 GET /api/realtime 200 in 183ms
 GET /api/realtime 200 in 179ms
 GET /api/notifications?limit=10 200 in 155ms
 GET /api/realtime 200 in 118ms
 GET /api/auth/session 200 in 85ms
 GET /api/realtime 200 in 117ms
 GET /api/realtime 200 in 128ms
 GET /api/realtime 200 in 126ms
 GET /api/realtime 200 in 158ms
 GET /api/notifications?limit=10 200 in 149ms
 GET /api/auth/session 200 in 163ms
 GET /api/realtime 200 in 149ms
 GET /api/realtime 200 in 151ms
 GET /api/realtime 200 in 202ms
 GET /api/notifications?limit=10 200 in 161ms
 GET /api/realtime 200 in 230ms
 GET /api/realtime 200 in 147ms
 GET /api/auth/session 200 in 160ms
 GET /api/realtime 200 in 173ms
 GET /api/realtime 200 in 124ms
 GET /api/realtime 200 in 144ms
 GET /api/notifications?limit=10 200 in 150ms
 GET /api/realtime 200 in 172ms
 GET /api/auth/session 200 in 194ms
 GET /api/realtime 200 in 210ms
 GET /api/notifications?limit=10 200 in 167ms
 GET /api/realtime 200 in 160ms
 GET /api/realtime 200 in 252ms
 GET /api/auth/session 200 in 147ms
 GET /api/realtime 200 in 262ms
 GET /api/realtime 200 in 159ms
 GET /api/notifications?limit=10 200 in 187ms
 GET /api/realtime 200 in 200ms
 GET /api/realtime 200 in 186ms
 GET /api/realtime 200 in 220ms
 GET /api/auth/session 200 in 220ms
 GET /api/realtime 200 in 232ms
 GET /api/notifications?limit=10 200 in 198ms
 GET /api/realtime 200 in 211ms
 GET /api/realtime 200 in 168ms
 GET /api/realtime 200 in 4988ms
 GET /api/realtime 200 in 187ms
 GET /api/realtime 200 in 4996ms
 GET /api/auth/session 200 in 172ms
 GET /api/realtime 200 in 142ms
 GET /api/notifications?limit=10 200 in 189ms
 GET /api/realtime 200 in 145ms
 GET /api/auth/session 200 in 127ms
 GET /api/realtime 200 in 105ms
 GET /api/realtime 200 in 151ms
 GET /api/auth/session 200 in 79ms
 GET /api/auth/session 200 in 84ms
 GET /api/realtime 200 in 107ms
 GET /api/realtime 200 in 116ms
 GET /api/realtime 200 in 80ms
 GET /api/realtime 200 in 106ms
 GET /api/auth/session 200 in 134ms
 GET /api/realtime 200 in 125ms
 GET /api/realtime 200 in 117ms
 GET /api/auth/session 200 in 82ms
 GET /api/realtime 200 in 87ms
 GET /api/auth/session 200 in 79ms
 GET /api/realtime 200 in 106ms
 GET /api/realtime 200 in 162ms
 GET /api/realtime 200 in 125ms
 GET /api/auth/session 200 in 95ms
 GET /api/auth/session 200 in 106ms
 GET /api/realtime 200 in 139ms
 GET /api/realtime 200 in 152ms
 GET /api/auth/session 200 in 157ms
 GET /api/realtime 200 in 194ms
 GET /api/realtime 200 in 161ms
 GET /api/realtime 200 in 87ms
 GET /api/auth/session 200 in 88ms
 GET /api/realtime 200 in 113ms
 GET /api/realtime 200 in 109ms
 GET /api/auth/session 200 in 83ms
 GET /api/realtime 200 in 89ms
 GET /api/realtime 200 in 6726ms
 GET /api/realtime 200 in 121ms
 GET /api/auth/session 200 in 94ms
 GET /api/realtime 200 in 50ms
 GET /api/realtime 200 in 6595ms
[?25h
