  ▲ Next.js 14.2.28
  - Local:        http://localhost:3000
  - Environments: .env
  - Experiments (use with caution):
    · outputFileTracingRoot

 ✓ Starting...
Attention: Next.js now collects completely anonymous telemetry regarding usage.
This information is used to shape Next.js' roadmap and prioritize features.
You can learn more, including how to opt-out if you'd not like to participate in this anonymous program, by visiting the following URL:
https://nextjs.org/telemetry

 ✓ Ready in 1304ms
 ○ Compiling / ...
 ✓ Compiled / in 2.4s (596 modules)
 GET / 200 in 2743ms
 ✓ Compiled in 412ms (296 modules)
 ✓ Compiled in 282ms (584 modules)
 ○ Compiling /api/auth/[...nextauth] ...
 ✓ Compiled /api/auth/[...nextauth] in 653ms (541 modules)
 GET /api/auth/providers 200 in 1145ms
 GET / 200 in 95ms
 GET /api/auth/session 200 in 42ms
 GET /api/auth/session 200 in 27ms
 ○ Compiling /signup ...
 ✓ Compiled /signup in 662ms (881 modules)
 GET /login 200 in 825ms
 GET /signup 200 in 798ms
 GET /api/auth/session 200 in 57ms
 GET /api/auth/session 200 in 30ms
 GET /api/auth/session 200 in 31ms
 GET /api/auth/session 200 in 28ms
 GET /api/auth/session 200 in 27ms
 GET /api/auth/csrf 200 in 39ms
 ✓ Compiled /api/signup in 235ms (597 modules)
 POST /api/signup 200 in 719ms
 GET / 200 in 74ms
 GET /api/auth/signin 302 in 49ms
 GET /login?callbackUrl=https://267ef8e6d.preview.abacusai.app 200 in 48ms
 GET /api/auth/csrf 200 in 58ms
 POST /api/auth/callback/credentials 302 in 342ms
 ✓ Compiled /middleware in 377ms (174 modules)
 ○ Compiling /dashboard ...
 ✓ Compiled /dashboard in 3s (2762 modules)
 GET /dashboard 200 in 3290ms
 GET / 200 in 68ms
 GET /dashboard 200 in 122ms
 GET /api/auth/session 200 in 83ms
 GET /api/auth/session 200 in 41ms
 GET /api/auth/session 200 in 35ms
 GET /api/auth/session 200 in 60ms
 ○ Compiling /documents ...
 ✓ Compiled /documents in 1861ms (2987 modules)
 GET /projects/new 200 in 2146ms
 GET /settings 200 in 2147ms
 GET /projects 200 in 2148ms
 GET /team 200 in 2147ms
 GET /documents 200 in 2148ms
 GET /tasks 200 in 2186ms
 GET /api/auth/session 200 in 72ms
 GET /api/auth/session 200 in 33ms
 GET /api/auth/session 200 in 39ms
 GET /api/auth/session 200 in 65ms
 GET /api/auth/session 200 in 45ms
 GET /api/auth/session 200 in 26ms
 GET /api/auth/session 200 in 47ms
 GET /api/auth/session 200 in 28ms
 GET /api/auth/session 200 in 29ms
 GET /api/auth/session 200 in 39ms
 GET /api/auth/session 200 in 26ms
 GET /api/auth/session 200 in 27ms
 GET /api/auth/session 200 in 29ms
 GET /api/auth/session 200 in 27ms
 GET /api/auth/session 200 in 40ms
 GET /api/auth/session 200 in 25ms
 GET /api/auth/session 200 in 28ms
 GET /api/auth/session 200 in 27ms
 GET /api/auth/session 200 in 31ms
 GET /api/auth/session 200 in 27ms
 GET /api/auth/session 200 in 42ms
 GET /api/auth/session 200 in 41ms
 ○ Compiling /projects/[id] ...
 ✓ Compiled /projects/[id] in 989ms (3000 modules)
 GET /projects/project-mall-renovation 200 in 1533ms
 GET /projects/project-riverside-homes 200 in 1533ms
 GET /projects/project-downtown-office 200 in 1535ms
 GET /api/auth/session 200 in 55ms
 GET /api/auth/session 200 in 49ms
 GET /api/auth/session 200 in 39ms
 GET /api/auth/session 200 in 53ms
 GET /api/auth/session 200 in 54ms
 GET /api/auth/session 200 in 37ms
 GET /api/auth/session 200 in 40ms
 GET /api/auth/session 200 in 36ms
 GET /login 200 in 69ms
 GET /signup 200 in 47ms
[?25h
