  ▲ Next.js 14.2.28
  - Local:        http://localhost:3000
  - Environments: .env
  - Experiments (use with caution):
    · outputFileTracingRoot

 ✓ Starting...
 ✓ Ready in 2s
 ○ Compiling / ...
 ✓ Compiled / in 2.1s (596 modules)
 GET / 200 in 2680ms
 ✓ Compiled in 563ms (296 modules)
 GET / 200 in 80ms
 GET / 200 in 76ms
 GET / 200 in 71ms
 ✓ Compiled /api/auth/[...nextauth] in 424ms (541 modules)
 GET /api/auth/session 200 in 895ms
 GET /api/auth/session 200 in 66ms
 GET / 200 in 112ms
 GET / 200 in 75ms
 GET / 200 in 75ms
 GET / 200 in 73ms
 GET / 200 in 68ms
 GET / 200 in 76ms
 GET / 200 in 71ms
 GET / 200 in 63ms
 GET / 200 in 70ms
 ○ Compiling /signup ...
 ✓ Compiled /signup in 602ms (632 modules)
 GET / 200 in 102ms
 GET / 200 in 70ms
 ✓ Compiled in 671ms (319 modules)
 ✓ Compiled in 823ms (319 modules)
 ✓ Compiled in 443ms (319 modules)
[?25h
