Error fetching notifications: n [Error]: Dynamic server usage: Route /api/notifications couldn't be rendered statically because it used `headers`. See more info here: https://nextjs.org/docs/messages/dynamic-server-error
    at l (/home/ubuntu/cortexbuild_pro/nextjs_space/.build/server/chunks/372.js:1:37214)
    at d (/home/ubuntu/cortexbuild_pro/nextjs_space/.build/server/chunks/472.js:25:30024)
    at s (/home/ubuntu/cortexbuild_pro/nextjs_space/.build/server/chunks/472.js:25:20519)
    at l (/home/ubuntu/cortexbuild_pro/nextjs_space/.build/server/app/api/notifications/route.js:1:1304)
    at /opt/hostedapp/node/root/app/node_modules/next/dist/compiled/next-server/app-route.runtime.prod.js:6:38417
    at /opt/hostedapp/node/root/app/node_modules/next/dist/server/lib/trace/tracer.js:140:36
    at NoopContextManager.with (/opt/hostedapp/node/root/app/node_modules/next/dist/compiled/@opentelemetry/api/index.js:1:7062)
    at ContextAPI.with (/opt/hostedapp/node/root/app/node_modules/next/dist/compiled/@opentelemetry/api/index.js:1:518)
    at NoopTracer.startActiveSpan (/opt/hostedapp/node/root/app/node_modules/next/dist/compiled/@opentelemetry/api/index.js:1:18093)
    at ProxyTracer.startActiveSpan (/opt/hostedapp/node/root/app/node_modules/next/dist/compiled/@opentelemetry/api/index.js:1:18854) {
  description: "Route /api/notifications couldn't be rendered statically because it used `headers`. See more info here: https://nextjs.org/docs/messages/dynamic-server-error",
  digest: 'DYNAMIC_SERVER_USAGE'
}
Error searching: n [Error]: Dynamic server usage: Route /api/search couldn't be rendered statically because it used `headers`. See more info here: https://nextjs.org/docs/messages/dynamic-server-error
    at l (/home/ubuntu/cortexbuild_pro/nextjs_space/.build/server/chunks/372.js:1:37214)
    at d (/home/ubuntu/cortexbuild_pro/nextjs_space/.build/server/chunks/472.js:25:30024)
    at s (/home/ubuntu/cortexbuild_pro/nextjs_space/.build/server/chunks/472.js:25:20519)
    at p (/home/ubuntu/cortexbuild_pro/nextjs_space/.build/server/app/api/search/route.js:1:1304)
    at /opt/hostedapp/node/root/app/node_modules/next/dist/compiled/next-server/app-route.runtime.prod.js:6:38417
    at /opt/hostedapp/node/root/app/node_modules/next/dist/server/lib/trace/tracer.js:140:36
    at NoopContextManager.with (/opt/hostedapp/node/root/app/node_modules/next/dist/compiled/@opentelemetry/api/index.js:1:7062)
    at ContextAPI.with (/opt/hostedapp/node/root/app/node_modules/next/dist/compiled/@opentelemetry/api/index.js:1:518)
    at NoopTracer.startActiveSpan (/opt/hostedapp/node/root/app/node_modules/next/dist/compiled/@opentelemetry/api/index.js:1:18093)
    at ProxyTracer.startActiveSpan (/opt/hostedapp/node/root/app/node_modules/next/dist/compiled/@opentelemetry/api/index.js:1:18854) {
  description: "Route /api/search couldn't be rendered statically because it used `headers`. See more info here: https://nextjs.org/docs/messages/dynamic-server-error",
  digest: 'DYNAMIC_SERVER_USAGE'
}
