  ▲ Next.js 14.2.28
  - Local:        http://localhost:3000
  - Environments: .env
  - Experiments (use with caution):
    · outputFileTracingRoot

 ✓ Starting...
 ✓ Ready in 1967ms
 ○ Compiling / ...
 ✓ Compiled / in 2.1s (596 modules)
 GET / 200 in 2576ms
 ✓ Compiled in 423ms (296 modules)
 GET / 200 in 53ms
 ✓ Compiled /api/auth/[...nextauth] in 417ms (541 modules)
 GET /api/auth/session 200 in 878ms
 GET /api/auth/session 200 in 42ms
 GET /api/auth/session 200 in 49ms
 ✓ Compiled in 770ms (296 modules)
 ✓ Compiled in 386ms (296 modules)
 ✓ Compiled in 527ms (284 modules)
 ✓ Compiled in 479ms (284 modules)
 ✓ Compiled in 495ms (284 modules)
 ✓ Compiled in 504ms (284 modules)
 ✓ Compiled in 256ms (296 modules)
 ✓ Compiled in 391ms (296 modules)
 ✓ Compiled in 257ms (296 modules)
 ✓ Compiled in 249ms (296 modules)
[?25h
