  ▲ Next.js 14.2.28
  - Local:        http://localhost:3000
  - Environments: .env
  - Experiments (use with caution):
    · outputFileTracingRoot

 ✓ Starting...
 ✓ Ready in 2.6s
 ○ Compiling / ...
 ✓ Compiled / in 2.8s (596 modules)
 GET / 200 in 3276ms
 ✓ Compiled in 483ms (296 modules)
 GET / 200 in 109ms
 GET / 200 in 109ms
 GET / 200 in 69ms
 ○ Compiling /api/auth/[...nextauth] ...
 ✓ Compiled /api/auth/[...nextauth] in 704ms (541 modules)
 GET /api/auth/session 200 in 1200ms
 GET /api/auth/session 200 in 67ms
 GET / 200 in 106ms
 GET / 200 in 63ms
 GET / 200 in 62ms
 GET /api/auth/session 200 in 64ms
 GET /api/auth/session 200 in 47ms
[?25h
