  ▲ Next.js 14.2.28
  - Local:        http://localhost:3000
  - Environments: .env
  - Experiments (use with caution):
    · outputFileTracingRoot

 ✓ Starting...
 ✓ Ready in 1737ms
 ○ Compiling / ...
 ✓ Compiled / in 1968ms (596 modules)
 GET / 200 in 2490ms
 ✓ Compiled in 543ms (296 modules)
 ○ Compiling /api/auth/[...nextauth] ...
 ✓ Compiled /api/auth/[...nextauth] in 504ms (541 modules)
 GET /api/auth/providers 200 in 996ms
 GET / 200 in 117ms
 GET /api/auth/session 200 in 77ms
 GET /api/auth/session 200 in 55ms
 ○ Compiling /signup ...
 ✓ Compiled /signup in 679ms (881 modules)
 GET /login 200 in 888ms
 GET /signup 200 in 888ms
 GET /api/auth/session 200 in 117ms
 GET /api/auth/session 200 in 59ms
 GET /api/auth/session 200 in 60ms
 GET /api/auth/session 200 in 58ms
 GET /api/auth/session 200 in 68ms
 GET /api/auth/csrf 200 in 63ms
 ✓ Compiled /api/signup in 284ms (597 modules)
 POST /api/signup 200 in 768ms
 GET / 200 in 99ms
 GET /api/auth/signin 302 in 95ms
 GET /login?callbackUrl=https://614a7c077.preview.abacusai.app 200 in 75ms
 GET /api/auth/csrf 200 in 48ms
 POST /api/auth/callback/credentials 302 in 355ms
 ✓ Compiled /middleware in 188ms (174 modules)
 ○ Compiling /dashboard ...
 ✓ Compiled /dashboard in 1419ms (2857 modules)
 GET /dashboard 200 in 1752ms
 GET / 200 in 89ms
 GET /dashboard 200 in 93ms
 GET /api/auth/session 200 in 78ms
 ✓ Compiled /api/realtime in 395ms (1581 modules)
 ✓ Compiled (1584 modules)
 GET /api/auth/session 200 in 747ms
 GET /api/notifications?limit=10 200 in 779ms
 GET /api/realtime 200 in 423ms
 GET /api/auth/session 200 in 99ms
 GET /api/notifications?limit=10 200 in 105ms
 GET /api/realtime 200 in 130ms
 GET /api/auth/session 200 in 124ms
 GET /api/realtime 200 in 135ms
 GET /api/notifications?limit=10 200 in 111ms
 GET /api/auth/session 200 in 109ms
 GET /api/notifications?limit=10 200 in 132ms
 GET /api/realtime 200 in 129ms
 GET /api/auth/session 200 in 76ms
 GET /api/realtime 200 in 78ms
 GET /api/realtime 200 in 71ms
 GET /api/realtime 200 in 68ms
 GET /api/realtime 200 in 73ms
 GET /api/realtime 200 in 67ms
 GET /api/realtime 200 in 67ms
 GET /api/realtime 200 in 70ms
 GET /api/realtime 200 in 72ms
 GET /api/realtime 200 in 76ms
 GET /api/realtime 200 in 69ms
 GET /api/realtime 200 in 69ms
 GET /api/realtime 200 in 77ms
 GET /api/realtime 200 in 66ms
 GET /api/realtime 200 in 70ms
 GET /api/realtime 200 in 67ms
 GET /api/realtime 200 in 68ms
 GET /api/realtime 200 in 70ms
 GET /api/realtime 200 in 66ms
 GET /api/realtime 200 in 86ms
 GET /api/realtime 200 in 65ms
 GET /api/realtime 200 in 66ms
 GET /api/realtime 200 in 64ms
 GET /api/realtime 200 in 65ms
 GET /api/realtime 200 in 67ms
 GET /api/realtime 200 in 69ms
 GET /api/realtime 200 in 65ms
 GET /api/realtime 200 in 67ms
 GET /api/realtime 200 in 72ms
 GET /api/realtime 200 in 67ms
 GET /api/realtime 200 in 70ms
 GET /api/realtime 200 in 67ms
 GET /api/realtime 200 in 65ms
 GET /api/realtime 200 in 71ms
 GET /api/realtime 200 in 66ms
 GET /api/realtime 200 in 68ms
 GET /api/realtime 200 in 66ms
 GET /api/realtime 200 in 73ms
 GET /api/realtime 200 in 69ms
 GET /api/realtime 200 in 70ms
 GET /api/realtime 200 in 71ms
 GET /api/realtime 200 in 68ms
 GET /api/realtime 200 in 68ms
 GET /api/realtime 200 in 66ms
 GET /api/realtime 200 in 67ms
 GET /api/realtime 200 in 67ms
 GET /api/realtime 200 in 66ms
 GET /api/realtime 200 in 73ms
 GET /api/realtime 200 in 71ms
 GET /api/realtime 200 in 100ms
 GET /api/realtime 200 in 71ms
 GET /api/realtime 200 in 71ms
 GET /api/realtime 200 in 75ms
 GET /api/realtime 200 in 204ms
 GET /api/realtime 200 in 71ms
 GET /api/realtime 200 in 65ms
 GET /api/realtime 200 in 68ms
 GET /api/realtime 200 in 67ms
 GET /api/realtime 200 in 36ms
 GET /api/realtime 200 in 6972ms
 ○ Compiling /rfis ...
 ✓ Compiled /rfis in 3.9s (3457 modules)
 GET /projects/new 200 in 4803ms
 GET /meetings 200 in 4889ms
 GET /budget 200 in 4890ms
 GET /milestones 200 in 4877ms
 GET /documents 200 in 4890ms
 GET /materials 200 in 4878ms
 GET /inspections 200 in 4806ms
 GET /settings 200 in 4863ms
 GET /change-orders 200 in 4805ms
 GET /daily-reports 200 in 4807ms
 GET /equipment 200 in 4893ms
 GET /reports 200 in 4874ms
 GET /subcontractors 200 in 4892ms
 GET /time-tracking 200 in 4880ms
 GET /safety 200 in 4808ms
 GET /punch-lists 200 in 4808ms
 GET /submittals 200 in 4809ms
 GET /projects 200 in 4809ms
 GET /team 200 in 4809ms
 GET /company 200 in 4809ms
 GET /rfis 200 in 4809ms
 GET /tasks 200 in 4810ms
 GET /api/notifications?limit=10 200 in 376ms
 GET /api/realtime 200 in 208ms
 GET /api/realtime 200 in 246ms
 GET /api/auth/session 200 in 473ms
 GET /api/notifications?limit=10 200 in 583ms
 GET /api/realtime 200 in 569ms
 GET /api/realtime 200 in 593ms
 GET /api/realtime 200 in 479ms
 GET /api/realtime 200 in 654ms
 GET /api/realtime 200 in 477ms
 GET /api/realtime 200 in 478ms
 GET /api/realtime 200 in 279ms
 GET /api/auth/session 200 in 474ms
 GET /api/realtime 200 in 542ms
 GET /api/realtime 200 in 580ms
 GET /api/realtime 200 in 426ms
 ○ Compiling /api/company/stats ...
 ✓ Compiled /api/company/stats in 2.1s (1918 modules)
 GET /api/notifications?limit=10 200 in 3444ms
 GET /api/realtime 200 in 3252ms
 GET /api/realtime 200 in 3199ms
 GET /api/realtime 200 in 3223ms
 GET /api/realtime 200 in 3381ms
 GET /api/realtime 200 in 3225ms
 GET /api/realtime 200 in 3448ms
 GET /api/realtime 200 in 3234ms
 GET /api/realtime 200 in 3095ms
 GET /api/realtime 200 in 3370ms
 GET /api/auth/session 200 in 3185ms
 GET /api/company/stats 200 in 3534ms
 GET /api/realtime 200 in 3674ms
 GET /api/realtime 200 in 2831ms
 GET /api/realtime 200 in 2554ms
 GET /api/realtime 200 in 2566ms
 GET /api/realtime 200 in 3295ms
 GET /api/realtime 200 in 2335ms
 GET /api/realtime 200 in 3012ms
 GET /api/realtime 200 in 3351ms
 GET /api/realtime 200 in 3277ms
 GET /api/realtime 200 in 3215ms
 GET /api/realtime 200 in 3280ms
 GET /api/realtime 200 in 3298ms
 GET /api/realtime 200 in 2908ms
 GET /api/realtime 200 in 2334ms
 GET /api/realtime 200 in 2830ms
 GET /api/realtime 200 in 2402ms
 GET /api/realtime 200 in 2649ms
 GET /api/realtime 200 in 2715ms
 GET /api/realtime 200 in 314ms
 GET /api/realtime 200 in 430ms
 GET /api/realtime 200 in 250ms
 GET /api/realtime 200 in 3156ms
 GET /api/realtime 200 in 2848ms
 GET /api/realtime 200 in 296ms
 GET /api/realtime 200 in 296ms
 GET /api/auth/session 200 in 345ms
 GET /api/notifications?limit=10 200 in 366ms
 GET /api/realtime 200 in 365ms
 GET /api/realtime 200 in 335ms
 GET /api/realtime 200 in 356ms
 GET /api/realtime 200 in 357ms
 GET /api/realtime 200 in 381ms
 GET /api/realtime 200 in 390ms
 GET /api/realtime 200 in 394ms
 GET /api/realtime 200 in 398ms
 GET /api/realtime 200 in 399ms
 GET /api/realtime 200 in 360ms
 GET /api/company/stats 200 in 360ms
 GET /api/realtime 200 in 352ms
 GET /api/realtime 200 in 199ms
 GET /api/realtime 200 in 202ms
 GET /api/realtime 200 in 310ms
 GET /api/realtime 200 in 290ms
 GET /api/realtime 200 in 291ms
 GET /api/realtime 200 in 294ms
 GET /api/realtime 200 in 336ms
 GET /api/realtime 200 in 360ms
 GET /api/realtime 200 in 391ms
 GET /api/auth/session 200 in 392ms
 GET /api/notifications?limit=10 200 in 452ms
 GET /api/realtime 200 in 456ms
 GET /api/company/stats 200 in 447ms
 GET /api/realtime 200 in 498ms
 GET /api/realtime 200 in 463ms
 GET /api/realtime 200 in 396ms
 GET /api/realtime 200 in 396ms
 GET /api/realtime 200 in 404ms
 GET /api/realtime 200 in 222ms
 GET /api/realtime 200 in 268ms
 GET /api/realtime 200 in 269ms
 GET /api/realtime 200 in 227ms
 GET /api/auth/session 200 in 382ms
 GET /api/realtime 200 in 381ms
 GET /api/notifications?limit=10 200 in 448ms
 GET /api/realtime 200 in 645ms
 GET /api/realtime 200 in 621ms
 GET /api/company/stats 200 in 489ms
 GET /api/realtime 200 in 680ms
 GET /api/realtime 200 in 5925ms
 GET /api/realtime 200 in 409ms
 GET /api/realtime 200 in 767ms
 GET /api/realtime 200 in 436ms
 GET /api/realtime 200 in 528ms
 GET /api/realtime 200 in 436ms
 GET /api/realtime 200 in 531ms
 GET /api/realtime 200 in 531ms
 GET /api/realtime 200 in 438ms
 GET /api/realtime 200 in 6076ms
 GET /api/realtime 200 in 212ms
 GET /api/notifications?limit=10 200 in 225ms
 GET /api/realtime 200 in 6019ms
 GET /api/realtime 200 in 804ms
 GET /api/realtime 200 in 6147ms
 GET /api/realtime 200 in 358ms
 GET /api/auth/session 200 in 427ms
 GET /api/realtime 200 in 284ms
 GET /api/realtime 200 in 256ms
 GET /api/realtime 200 in 278ms
 GET /api/realtime 200 in 305ms
 GET /api/realtime 200 in 317ms
 GET /api/realtime 200 in 309ms
 GET /api/realtime 200 in 315ms
 GET /api/realtime 200 in 362ms
 GET /api/realtime 200 in 369ms
 GET /api/notifications?limit=10 200 in 351ms
 GET /api/realtime 200 in 5743ms
 GET /api/notifications?limit=10 200 in 353ms
 GET /api/notifications?limit=10 200 in 370ms
 GET /api/notifications?limit=10 200 in 352ms
 GET /api/notifications?limit=10 200 in 353ms
 GET /api/realtime 200 in 6425ms
 GET /api/notifications?limit=10 200 in 412ms
 GET /api/notifications?limit=10 200 in 386ms
 GET /api/notifications?limit=10 200 in 378ms
 GET /api/notifications?limit=10 200 in 380ms
 GET /api/notifications?limit=10 200 in 380ms
 GET /api/notifications?limit=10 200 in 381ms
 GET /api/notifications?limit=10 200 in 381ms
 GET /api/notifications?limit=10 200 in 382ms
 GET /api/notifications?limit=10 200 in 383ms
 GET /api/notifications?limit=10 200 in 383ms
 GET /api/notifications?limit=10 200 in 384ms
 GET /api/notifications?limit=10 200 in 385ms
 GET /api/notifications?limit=10 200 in 386ms
 GET /api/notifications?limit=10 200 in 379ms
 GET /api/notifications?limit=10 200 in 369ms
 GET /api/notifications?limit=10 200 in 370ms
 GET /api/notifications?limit=10 200 in 371ms
 GET /api/notifications?limit=10 200 in 371ms
 GET /api/notifications?limit=10 200 in 372ms
 GET /api/notifications?limit=10 200 in 373ms
 GET /api/notifications?limit=10 200 in 373ms
 GET /api/notifications?limit=10 200 in 374ms
 GET /api/notifications?limit=10 200 in 375ms
 GET /api/notifications?limit=10 200 in 376ms
 GET /api/notifications?limit=10 200 in 376ms
 GET /api/notifications?limit=10 200 in 377ms
 GET /api/notifications?limit=10 200 in 377ms
 GET /api/notifications?limit=10 200 in 377ms
 GET /api/notifications?limit=10 200 in 378ms
 GET /api/notifications?limit=10 200 in 381ms
 GET /api/notifications?limit=10 200 in 382ms
 GET /api/realtime 200 in 363ms
 GET /api/realtime 200 in 6563ms
 GET /api/realtime 200 in 6155ms
 GET /api/auth/session 200 in 365ms
 GET /api/realtime 200 in 367ms
 GET /api/realtime 200 in 6519ms
 GET /api/realtime 200 in 367ms
 GET /api/realtime 200 in 5369ms
 GET /api/realtime 200 in 6583ms
 GET /api/realtime 200 in 5440ms
 GET /api/auth/session 200 in 177ms
 GET /api/realtime 200 in 146ms
 GET /api/auth/session 200 in 77ms
 GET /api/realtime 200 in 106ms
 GET /api/realtime 200 in 138ms
 GET /api/auth/session 200 in 115ms
 GET /api/realtime 200 in 94ms
 GET /api/auth/session 200 in 85ms
 GET /api/realtime 200 in 79ms
 GET /api/auth/session 200 in 62ms
 GET /api/realtime 200 in 90ms
 GET /api/realtime 200 in 72ms
 GET /api/realtime 200 in 73ms
 GET /api/realtime 200 in 74ms
 GET /api/realtime 200 in 70ms
 GET /api/realtime 200 in 77ms
 GET /api/realtime 200 in 76ms
 GET /api/realtime 200 in 76ms
 GET /api/realtime 200 in 75ms
 GET /api/realtime 200 in 79ms
 GET /api/realtime 200 in 68ms
 GET /api/realtime 200 in 82ms
 GET /api/realtime 200 in 72ms
 GET /api/realtime 200 in 70ms
 GET /api/realtime 200 in 66ms
 GET /api/realtime 200 in 70ms
 GET /api/realtime 200 in 141ms
 GET /api/realtime 200 in 73ms
 GET /api/realtime 200 in 69ms
 GET /api/realtime 200 in 74ms
 GET /api/realtime 200 in 70ms
 GET /api/realtime 200 in 68ms
 GET /api/realtime 200 in 77ms
 GET /api/realtime 200 in 70ms
 GET /api/realtime 200 in 83ms
 GET /api/realtime 200 in 101ms
 GET /api/realtime 200 in 96ms
 GET /api/realtime 200 in 72ms
 GET /api/realtime 200 in 77ms
 GET /api/realtime 200 in 70ms
 GET /api/realtime 200 in 66ms
 GET /api/realtime 200 in 31ms
 GET /api/realtime 200 in 10071ms
 ○ Compiling /company/usage ...
 ✓ Compiled /company/usage in 2.6s (3585 modules)
 GET /company/invitations 200 in 3034ms
 GET /company/usage 200 in 2988ms
 GET /company/settings 307 in 3034ms
 GET /company/team 200 in 3065ms
 GET /dashboard 200 in 164ms
 GET /projects/project-riverside-homes 200 in 3342ms
 GET /projects/project-mall-renovation 200 in 3360ms
 GET /projects/project-downtown-office 200 in 3324ms
 ○ Compiling /api/company/invitations ...
 ✓ Compiled /api/company/invitations in 1156ms (1995 modules)
 GET /api/auth/session 200 in 2146ms
 GET /api/realtime 200 in 1077ms
 GET /api/realtime 200 in 1155ms
 GET /api/realtime 200 in 1504ms
 GET /api/realtime 200 in 994ms
 GET /api/company/invitations? 200 in 2218ms
 GET /api/notifications?limit=10 200 in 1834ms
 GET /api/auth/session 200 in 169ms
 GET /api/company/invitations? 200 in 173ms
 GET /api/realtime 200 in 202ms
 GET /api/realtime 200 in 185ms
 GET /api/realtime 200 in 188ms
 GET /api/realtime 200 in 200ms
 GET /api/notifications?limit=10 200 in 188ms
 GET /api/realtime 200 in 126ms
 GET /api/realtime 200 in 127ms
 GET /api/realtime 200 in 222ms
 GET /api/realtime 200 in 211ms
 GET /api/auth/session 200 in 274ms
 GET /api/company/invitations? 200 in 276ms
 GET /api/notifications?limit=10 200 in 294ms
 GET /api/realtime 200 in 83ms
 GET /api/realtime 200 in 260ms
 GET /api/realtime 200 in 251ms
 GET /api/realtime 200 in 338ms
 GET /api/auth/session 200 in 287ms
 GET /api/company/invitations? 200 in 317ms
 GET /api/notifications?limit=10 200 in 287ms
 GET /api/realtime 200 in 282ms
 GET /api/realtime 200 in 243ms
 GET /api/realtime 200 in 280ms
 GET /api/realtime 200 in 174ms
 GET /api/auth/session 200 in 180ms
 GET /api/realtime 200 in 303ms
 GET /api/notifications?limit=10 200 in 279ms
 GET /api/realtime 200 in 285ms
 GET /api/realtime 200 in 209ms
 GET /api/realtime 200 in 298ms
 GET /api/auth/session 200 in 223ms
 GET /api/notifications?limit=10 200 in 167ms
 GET /api/realtime 200 in 224ms
 GET /api/realtime 200 in 210ms
 GET /api/realtime 200 in 213ms
 GET /api/realtime 200 in 217ms
 GET /api/auth/session 200 in 166ms
 GET /api/notifications?limit=10 200 in 163ms
 GET /api/realtime 200 in 195ms
 GET /api/realtime 200 in 179ms
 GET /api/realtime 200 in 184ms
 GET /api/realtime 200 in 185ms
 GET /api/auth/session 200 in 142ms
 GET /api/notifications?limit=10 200 in 176ms
 GET /api/realtime 200 in 192ms
 GET /api/realtime 200 in 218ms
 GET /api/auth/session 200 in 125ms
 GET /api/realtime 200 in 145ms
 GET /api/realtime 200 in 149ms
 GET /api/realtime 200 in 146ms
 GET /api/notifications?limit=10 200 in 179ms
 GET /api/realtime 200 in 190ms
 GET /api/realtime 200 in 228ms
 GET /api/realtime 200 in 213ms
 GET /api/auth/session 200 in 212ms
 GET /api/realtime 200 in 215ms
 GET /api/realtime 200 in 213ms
 GET /api/notifications?limit=10 200 in 204ms
 GET /api/realtime 200 in 150ms
 GET /api/realtime 200 in 182ms
 GET /api/auth/session 200 in 149ms
 GET /api/realtime 200 in 149ms
 GET /api/realtime 200 in 178ms
 GET /api/notifications?limit=10 200 in 181ms
 GET /api/realtime 200 in 147ms
 GET /api/realtime 200 in 156ms
 GET /api/auth/session 200 in 196ms
 GET /api/realtime 200 in 232ms
 GET /api/notifications?limit=10 200 in 251ms
 GET /api/realtime 200 in 286ms
 GET /api/realtime 200 in 257ms
 GET /api/realtime 200 in 243ms
 GET /api/auth/session 200 in 170ms
 GET /api/realtime 200 in 150ms
 GET /api/realtime 200 in 152ms
 GET /api/realtime 200 in 178ms
 GET /api/realtime 200 in 159ms
 GET /api/notifications?limit=10 200 in 166ms
 GET /api/realtime 200 in 242ms
 GET /api/auth/session 200 in 236ms
 GET /api/realtime 200 in 203ms
 GET /api/realtime 200 in 203ms
 GET /api/realtime 200 in 208ms
 GET /api/notifications?limit=10 200 in 192ms
 GET /api/realtime 200 in 145ms
 GET /api/auth/session 200 in 106ms
 GET /api/realtime 200 in 4997ms
 GET /api/realtime 200 in 109ms
 GET /api/realtime 200 in 4640ms
 GET /api/realtime 200 in 112ms
 GET /api/notifications?limit=10 200 in 106ms
 GET /api/realtime 200 in 136ms
 GET /api/auth/session 200 in 125ms
 GET /api/realtime 200 in 163ms
 GET /api/notifications?limit=10 200 in 151ms
 GET /api/realtime 200 in 156ms
 GET /api/auth/session 200 in 94ms
 GET /api/realtime 200 in 170ms
 GET /api/realtime 200 in 98ms
 GET /api/auth/session 200 in 108ms
 GET /api/realtime 200 in 126ms
 GET /api/realtime 200 in 142ms
 GET /api/auth/session 200 in 89ms
 GET /api/realtime 200 in 107ms
 GET /api/realtime 200 in 92ms
 GET /api/auth/session 200 in 86ms
 GET /api/realtime 200 in 104ms
 GET /api/realtime 200 in 115ms
 GET /api/auth/session 200 in 112ms
 GET /api/realtime 200 in 115ms
 GET /api/auth/session 200 in 84ms
 GET /api/realtime 200 in 273ms
 GET /api/auth/session 200 in 79ms
 GET /api/realtime 200 in 90ms
 GET /api/auth/session 200 in 108ms
 GET /api/realtime 200 in 284ms
 GET /api/realtime 200 in 108ms
 GET /api/auth/session 200 in 97ms
 GET /api/realtime 200 in 119ms
 GET /api/realtime 200 in 83ms
 GET /api/realtime 200 in 73ms
 GET /api/realtime 200 in 6737ms
 GET /api/realtime 200 in 42ms
 GET /api/realtime 200 in 80ms
 GET /api/realtime 200 in 76ms
 GET /api/realtime 200 in 6334ms
[?25h
