➤ YN0000: · Yarn 4.12.0
➤ YN0000: ┌ Resolution step
➤ YN0085: │ - @azure/abort-controller@npm:2.1.2, @azure/core-auth@npm:1.10.1, @azure/core-client@npm:1.10.1, @azure/core-http-compat@npm:2.3.1, and 11 more.
➤ YN0000: └ Completed
➤ YN0000: ┌ Post-resolution validation
➤ YN0060: │ @typescript-eslint/parser is listed by your project with version 7.0.0 (p6cb6c0), which doesn't satisfy what @typescript-eslint/eslint-plugin requests (^6.0.0-alpha).
➤ YN0060: │ eslint is listed by your project with version 9.24.0 (pe6e000), which doesn't satisfy what @typescript-eslint/eslint-plugin and other dependencies request (^8.57.0).
➤ YN0002: │ app@workspace:. doesn't provide prettier (pd88b5f), requested by eslint-plugin-prettier.
➤ YN0086: │ Some peer dependencies are incorrectly met by your project; run yarn explain peer-requirements <hash> for details, where <hash> is the six-letter p-prefixed code.
➤ YN0086: │ Some peer dependencies are incorrectly met by dependencies; run yarn explain peer-requirements for details.
➤ YN0000: └ Completed
➤ YN0000: ┌ Fetch step
➤ YN0000: └ Completed in 0s 900ms
➤ YN0000: ┌ Link step
➤ YN0000: └ Completed in 0s 435ms
➤ YN0000: · Done with warnings in 1s 530ms
Environment variables loaded from .env
Prisma schema loaded from prisma/schema.prisma

✔ Generated Prisma Client (v6.7.0) to ./node_modules/.prisma/client in 415ms

Start by importing your Prisma Client (See: https://pris.ly/d/importing-client)

Tip: Want to turn off tips and other hints? https://pris.ly/tip-4-nohints

Starting server...
  ▲ Next.js 14.2.28
  - Local:        http://localhost:3000
  - Environments: .env
  - Experiments (use with caution):
    · outputFileTracingRoot

 ✓ Starting...
 ✓ Ready in 2.8s
 ○ Compiling / ...
 ✓ Compiled / in 3s (611 modules)
 HEAD / 200 in 3892ms
 ✓ Compiled in 839ms (297 modules)
 HEAD / 200 in 220ms
 GET / 200 in 135ms
 ✓ Compiled /api/auth/[...nextauth] in 467ms (555 modules)
 GET /api/auth/session 200 in 1016ms
 GET /api/auth/session 200 in 93ms
 ○ Compiling /signup ...
 ✓ Compiled /signup in 1466ms (896 modules)
 ✓ Compiled /login in 492ms (912 modules)
 GET /api/auth/providers 200 in 122ms
 GET /api/auth/csrf 200 in 100ms
 POST /api/auth/callback/credentials 200 in 484ms
 GET /api/auth/session 200 in 112ms
 ✓ Compiled /middleware in 284ms (174 modules)
 ○ Compiling /dashboard ...
 ✓ Compiled /dashboard in 1665ms (1871 modules)
 GET /dashboard?_rsc=iqngu 200 in 129ms
 ✓ Compiled /api/realtime in 333ms (1106 modules)
 ✓ Compiled (1109 modules)
 GET /api/notifications?limit=10 200 in 741ms
 GET /api/realtime 200 in 609ms
 GET /api/notifications?limit=10 200 in 83ms
 GET /api/realtime 200 in 270ms
 GET /api/realtime 200 in 293ms
 GET /api/realtime 200 in 284ms
 GET /api/realtime 200 in 284ms
 GET /api/realtime 200 in 254ms
 GET /api/realtime 200 in 261ms
 GET /api/realtime 200 in 297ms
 GET /api/realtime 200 in 253ms
 GET / 200 in 140ms
 GET /api/realtime 200 in 255ms
 GET /api/realtime 200 in 278ms
 GET /api/realtime 200 in 289ms
 GET /api/realtime 200 in 306ms
 GET /api/realtime 200 in 380ms
 GET /api/realtime 200 in 258ms
 GET /api/realtime 200 in 330ms
 GET /api/realtime 200 in 314ms
 GET /api/realtime 200 in 274ms
 GET /api/realtime 200 in 242ms
 GET /api/realtime 200 in 713ms
 GET /api/realtime 200 in 1068ms
 GET /api/realtime 200 in 324ms
 GET /api/realtime 200 in 267ms
 GET /api/realtime 200 in 285ms
 GET /api/realtime 200 in 317ms
 GET /api/realtime 200 in 301ms
 GET /api/realtime 200 in 300ms
 GET /api/realtime 200 in 553ms
 GET /api/realtime 200 in 336ms
 GET /api/realtime 200 in 412ms
 GET /api/realtime 200 in 270ms
 GET /api/realtime 200 in 299ms
 GET /api/realtime 200 in 348ms
 GET /api/realtime 200 in 289ms
 GET /api/realtime 200 in 254ms
 GET /api/realtime 200 in 303ms
 GET /api/realtime 200 in 271ms
 GET /api/realtime 200 in 272ms
 GET /api/realtime 200 in 264ms
 GET /api/realtime 200 in 300ms
 GET /api/realtime 200 in 276ms
 GET /api/realtime 200 in 250ms
 GET /api/realtime 200 in 263ms
 GET /api/realtime 200 in 258ms
 GET /api/realtime 200 in 285ms
 GET / 200 in 110ms
 GET /api/realtime 200 in 242ms
 GET /api/realtime 200 in 263ms
 GET /api/realtime 200 in 259ms
 GET /api/realtime 200 in 251ms
 GET /api/auth/session 200 in 136ms
 GET /api/realtime 200 in 320ms
 GET /api/realtime 200 in 280ms
 GET /api/realtime 200 in 324ms
 GET /api/realtime 200 in 317ms
 GET /api/realtime 200 in 300ms
 GET /api/realtime 200 in 276ms
 GET /api/realtime 200 in 268ms
 GET /api/realtime 200 in 268ms
 GET /api/realtime 200 in 265ms
 GET /api/realtime 200 in 278ms
 GET /api/realtime 200 in 281ms
 GET /api/realtime 200 in 282ms
 GET /api/realtime 200 in 256ms
 GET /api/realtime 200 in 278ms
 GET /api/realtime 200 in 275ms
 GET /api/realtime 200 in 416ms
 GET /api/realtime 200 in 280ms
 GET /api/realtime 200 in 345ms
 GET /api/realtime 200 in 250ms
 GET /api/realtime 200 in 260ms
 GET /api/realtime 200 in 281ms
 GET /api/realtime 200 in 264ms
 GET /api/realtime 200 in 315ms
 GET /api/realtime 200 in 264ms
 GET /api/realtime 200 in 314ms
 GET /api/realtime 200 in 266ms
 GET /api/realtime 200 in 360ms
 GET /api/realtime 200 in 292ms
 GET /api/realtime 200 in 247ms
 GET /api/realtime 200 in 300ms
 GET /api/realtime 200 in 287ms
 GET /api/realtime 200 in 280ms
 GET /api/realtime 200 in 245ms
 GET /api/realtime 200 in 242ms
 GET /api/realtime 200 in 244ms
 GET / 200 in 136ms
 GET /api/realtime 200 in 330ms
 GET /api/realtime 200 in 245ms
 GET /api/realtime 200 in 276ms
 GET /api/realtime 200 in 259ms
 GET /api/realtime 200 in 263ms
 GET /api/realtime 200 in 258ms
 GET /api/realtime 200 in 268ms
 GET /api/realtime 200 in 252ms
 GET /api/realtime 200 in 261ms
 GET /api/realtime 200 in 275ms
 GET /api/realtime 200 in 411ms
 GET /api/realtime 200 in 269ms
 GET /api/realtime 200 in 263ms
 GET /api/realtime 200 in 282ms
 GET /api/realtime 200 in 268ms
 GET /api/realtime 200 in 254ms
 GET /api/realtime 200 in 255ms
 GET /api/realtime 200 in 285ms
 GET /api/realtime 200 in 261ms
 GET /api/realtime 200 in 328ms
 GET /api/realtime 200 in 259ms
 GET /api/realtime 200 in 268ms
 GET /api/realtime 200 in 734ms
 GET /api/realtime 200 in 466ms
 GET /api/realtime 200 in 275ms
 GET /api/realtime 200 in 296ms
 GET /api/realtime 200 in 254ms
 GET /api/realtime 200 in 255ms
 GET /api/realtime 200 in 311ms
 GET /api/realtime 200 in 247ms
 GET /api/realtime 200 in 271ms
 GET /api/realtime 200 in 314ms
 GET /api/realtime 200 in 249ms
 GET /api/realtime 200 in 247ms
 GET /api/realtime 200 in 253ms
 GET /api/realtime 200 in 325ms
 GET /api/realtime 200 in 260ms
 GET /api/realtime 200 in 444ms
 GET / 200 in 104ms
 GET /api/realtime 200 in 250ms
 GET /api/realtime 200 in 252ms
 GET /api/realtime 200 in 268ms
 GET /api/realtime 200 in 246ms
 GET /api/realtime 200 in 259ms
 GET /api/realtime 200 in 272ms
 GET /api/realtime 200 in 245ms
 GET /api/realtime 200 in 276ms
 GET /api/realtime 200 in 293ms
 GET /api/realtime 200 in 485ms
 GET /api/realtime 200 in 259ms
 GET /api/realtime 200 in 286ms
 GET /api/realtime 200 in 275ms
 GET /api/realtime 200 in 347ms
 GET /api/realtime 200 in 255ms
 GET /api/realtime 200 in 247ms
 GET /api/realtime 200 in 249ms
 GET /api/realtime 200 in 284ms
 GET /api/realtime 200 in 286ms
 GET /api/realtime 200 in 259ms
 GET /api/realtime 200 in 272ms
 GET /api/realtime 200 in 264ms
 GET /api/realtime 200 in 326ms
 GET /api/realtime 200 in 244ms
 GET /api/realtime 200 in 315ms
 GET /api/realtime 200 in 309ms
 GET /api/realtime 200 in 271ms
 GET /api/realtime 200 in 243ms
 GET /api/realtime 200 in 243ms
prisma:error Error in PostgreSQL connection: Error { kind: Db, cause: Some(DbError { severity: "FATAL", parsed_severity: Some(Fatal), code: SqlState(E57P05), message: "terminating connection due to idle-session timeout", detail: None, hint: None, position: None, where_: None, schema: None, table: None, column: None, datatype: None, constraint: None, file: Some("postgres.c"), line: Some(3472), routine: Some("ProcessInterrupts") }) }
prisma:error Error in PostgreSQL connection: Error { kind: Db, cause: Some(DbError { severity: "FATAL", parsed_severity: Some(Fatal), code: SqlState(E57P05), message: "terminating connection due to idle-session timeout", detail: None, hint: None, position: None, where_: None, schema: None, table: None, column: None, datatype: None, constraint: None, file: Some("postgres.c"), line: Some(3472), routine: Some("ProcessInterrupts") }) }
prisma:error Error in PostgreSQL connection: Error { kind: Db, cause: Some(DbError { severity: "FATAL", parsed_severity: Some(Fatal), code: SqlState(E57P05), message: "terminating connection due to idle-session timeout", detail: None, hint: None, position: None, where_: None, schema: None, table: None, column: None, datatype: None, constraint: None, file: Some("postgres.c"), line: Some(3472), routine: Some("ProcessInterrupts") }) }
prisma:error Error in PostgreSQL connection: Error { kind: Db, cause: Some(DbError { severity: "FATAL", parsed_severity: Some(Fatal), code: SqlState(E57P05), message: "terminating connection due to idle-session timeout", detail: None, hint: None, position: None, where_: None, schema: None, table: None, column: None, datatype: None, constraint: None, file: Some("postgres.c"), line: Some(3472), routine: Some("ProcessInterrupts") }) }
 GET /api/realtime 200 in 268ms
 GET /api/realtime 200 in 286ms
 GET /api/realtime 200 in 239ms
prisma:error Error in PostgreSQL connection: Error { kind: Db, cause: Some(DbError { severity: "FATAL", parsed_severity: Some(Fatal), code: SqlState(E57P05), message: "terminating connection due to idle-session timeout", detail: None, hint: None, position: None, where_: None, schema: None, table: None, column: None, datatype: None, constraint: None, file: Some("postgres.c"), line: Some(3472), routine: Some("ProcessInterrupts") }) }
 GET /api/realtime 200 in 272ms
 GET /api/realtime 200 in 253ms
 GET /api/realtime 200 in 250ms
 GET /api/realtime 200 in 257ms
 GET /api/realtime 200 in 329ms
 GET /api/realtime 200 in 269ms
 GET /api/realtime 200 in 330ms
 GET /api/realtime 200 in 264ms
 GET / 200 in 101ms
 GET /api/realtime 200 in 281ms
 GET /api/realtime 200 in 276ms
 GET /api/realtime 200 in 246ms
 GET /api/realtime 200 in 277ms
 GET /api/realtime 200 in 248ms
 GET /api/realtime 200 in 273ms
 GET /api/realtime 200 in 308ms
 GET /api/realtime 200 in 274ms
 GET /api/realtime 200 in 270ms
 GET /api/realtime 200 in 469ms
 GET /api/realtime 200 in 269ms
 GET /api/realtime 200 in 289ms
 GET /api/realtime 200 in 273ms
 GET /api/realtime 200 in 273ms
 GET /api/realtime 200 in 284ms
 GET /api/realtime 200 in 291ms
 GET /api/realtime 200 in 274ms
 GET /api/realtime 200 in 267ms
 GET /api/realtime 200 in 263ms
 GET /api/realtime 200 in 332ms
 GET /api/realtime 200 in 303ms
 GET /api/realtime 200 in 263ms
 GET /api/realtime 200 in 248ms
 GET /api/realtime 200 in 261ms
 GET /api/realtime 200 in 256ms
 GET /api/realtime 200 in 266ms
 GET /api/realtime 200 in 246ms
 GET /api/realtime 200 in 300ms
 GET /api/realtime 200 in 346ms
 GET /api/realtime 200 in 280ms
 GET /api/realtime 200 in 321ms
 GET /api/realtime 200 in 291ms
 GET /api/realtime 200 in 535ms
 GET /api/realtime 200 in 406ms
 GET /api/realtime 200 in 254ms
 GET /api/realtime 200 in 332ms
 GET /api/realtime 200 in 241ms
 GET /api/realtime 200 in 275ms
 GET / 200 in 109ms
 GET /api/realtime 200 in 289ms
 GET /api/realtime 200 in 272ms
 GET /api/realtime 200 in 274ms
 GET /api/realtime 200 in 250ms
 GET /api/realtime 200 in 246ms
 GET /api/realtime 200 in 655ms
 GET /api/realtime 200 in 638ms
 GET /api/realtime 200 in 282ms
 GET /api/realtime 200 in 260ms
 GET /api/realtime 200 in 250ms
 GET /api/realtime 200 in 301ms
 GET /api/realtime 200 in 257ms
 GET /api/realtime 200 in 326ms
 GET /api/realtime 200 in 306ms
 GET /api/realtime 200 in 330ms
 GET /api/realtime 200 in 264ms
 GET /api/realtime 200 in 273ms
 GET /api/realtime 200 in 326ms
 GET /api/realtime 200 in 279ms
 GET /api/realtime 200 in 254ms
 GET /api/realtime 200 in 284ms
 GET /api/realtime 200 in 349ms
 GET /api/realtime 200 in 238ms
 GET /api/realtime 200 in 256ms
 GET /api/realtime 200 in 256ms
 GET /api/realtime 200 in 436ms
 GET /api/realtime 200 in 315ms
 GET /api/realtime 200 in 345ms
 GET /api/realtime 200 in 320ms
 GET /api/realtime 200 in 242ms
 GET /api/realtime 200 in 249ms
 GET /api/realtime 200 in 251ms
 GET /api/realtime 200 in 262ms
 GET /api/realtime 200 in 412ms
 GET /api/realtime 200 in 292ms
 GET /api/realtime 200 in 308ms
 GET /api/realtime 200 in 290ms
 GET /api/realtime 200 in 255ms
 GET /api/realtime 200 in 262ms
 GET / 200 in 102ms
 GET /api/realtime 200 in 327ms
 GET /api/realtime 200 in 267ms
 GET /api/realtime 200 in 252ms
 GET /api/realtime 200 in 328ms
 GET /api/realtime 200 in 344ms
 GET /api/realtime 200 in 270ms
 GET /api/realtime 200 in 244ms
 GET /api/realtime 200 in 269ms
 GET /api/realtime 200 in 455ms
 GET /api/realtime 200 in 259ms
 GET /api/realtime 200 in 325ms
 GET /api/realtime 200 in 262ms
 GET /api/realtime 200 in 329ms
 GET /api/realtime 200 in 245ms
 GET /api/realtime 200 in 350ms
 GET /api/realtime 200 in 296ms
 GET /api/realtime 200 in 296ms
 GET /api/realtime 200 in 266ms
 GET /api/realtime 200 in 410ms
 GET /api/realtime 200 in 291ms
 GET /api/realtime 200 in 253ms
 GET /api/realtime 200 in 241ms
 GET /api/realtime 200 in 263ms
 GET /api/realtime 200 in 284ms
 GET /api/realtime 200 in 276ms
 GET /api/realtime 200 in 269ms
 GET /api/realtime 200 in 274ms
 GET /api/realtime 200 in 690ms
 GET /api/realtime 200 in 233ms
 GET /api/realtime 200 in 319ms
 GET /api/realtime 200 in 257ms
 GET /api/realtime 200 in 254ms
 GET /api/realtime 200 in 249ms
 GET /api/realtime 200 in 269ms
 GET /api/realtime 200 in 236ms
 GET /api/realtime 200 in 429ms
 GET /api/realtime 200 in 363ms
 GET /api/realtime 200 in 279ms
 GET / 200 in 154ms
 GET /api/realtime 200 in 314ms
 GET /api/realtime 200 in 267ms
 GET /api/realtime 200 in 265ms
 GET /api/realtime 200 in 277ms
 GET /api/realtime 200 in 310ms
 GET /api/realtime 200 in 256ms
 GET /api/realtime 200 in 247ms
 GET /api/realtime 200 in 366ms
 GET /api/realtime 200 in 303ms
 GET /api/realtime 200 in 267ms
 GET /api/realtime 200 in 266ms
 GET /api/realtime 200 in 264ms
 GET /api/realtime 200 in 341ms
 GET /api/realtime 200 in 246ms
 GET /api/realtime 200 in 537ms
 GET /api/realtime 200 in 287ms
 GET /api/realtime 200 in 262ms
 GET /api/realtime 200 in 357ms
 GET /api/realtime 200 in 270ms
 GET /api/realtime 200 in 269ms
 GET /api/realtime 200 in 318ms
 GET /api/realtime 200 in 308ms
 GET /api/realtime 200 in 244ms
 GET /api/realtime 200 in 266ms
 GET /api/realtime 200 in 262ms
 GET /api/realtime 200 in 253ms
 GET /api/realtime 200 in 230ms
 GET /api/realtime 200 in 260ms
 GET /api/realtime 200 in 260ms
 GET /api/realtime 200 in 252ms
 GET /api/realtime 200 in 270ms
 GET /api/realtime 200 in 322ms
 GET /api/realtime 200 in 335ms
 GET /api/realtime 200 in 269ms
 GET /api/realtime 200 in 273ms
 GET /api/realtime 200 in 251ms
 GET /api/realtime 200 in 276ms
 GET /api/realtime 200 in 309ms
 GET / 200 in 119ms
 GET /api/realtime 200 in 260ms
 GET /api/realtime 200 in 275ms
 GET /api/realtime 200 in 248ms
 GET /api/realtime 200 in 253ms
 GET /api/realtime 200 in 266ms
 GET /api/realtime 200 in 331ms
 GET /api/realtime 200 in 258ms
 GET /api/realtime 200 in 254ms
 GET /api/realtime 200 in 242ms
 GET /api/realtime 200 in 259ms
 GET /api/realtime 200 in 347ms
 GET /api/realtime 200 in 263ms
 GET /api/realtime 200 in 259ms
 GET /api/realtime 200 in 274ms
 GET /api/realtime 200 in 250ms
 GET /api/realtime 200 in 246ms
 GET /api/realtime 200 in 260ms
 GET /api/realtime 200 in 342ms
 GET /api/realtime 200 in 294ms
 GET /api/realtime 200 in 265ms
 GET /api/realtime 200 in 258ms
 GET /api/realtime 200 in 493ms
 GET /api/realtime 200 in 642ms
 GET /api/realtime 200 in 265ms
 GET /api/realtime 200 in 245ms
 GET /api/realtime 200 in 268ms
 GET /api/realtime 200 in 263ms
 GET /api/realtime 200 in 272ms
 GET /api/realtime 200 in 252ms
 GET /api/realtime 200 in 276ms
 GET /api/realtime 200 in 242ms
 GET /api/realtime 200 in 262ms
 GET /api/realtime 200 in 502ms
 GET /api/realtime 200 in 264ms
 GET /api/realtime 200 in 269ms
 GET /api/realtime 200 in 315ms
 GET /api/realtime 200 in 436ms
 GET /api/realtime 200 in 255ms
 GET /api/realtime 200 in 238ms
 GET /api/realtime 200 in 251ms
 GET /api/realtime 200 in 250ms
 GET /api/realtime 200 in 244ms
 GET /api/realtime 200 in 272ms
 GET /api/realtime 200 in 305ms
 GET /api/realtime 200 in 249ms
 GET /api/realtime 200 in 274ms
 GET /api/realtime 200 in 300ms
 GET /api/realtime 200 in 288ms
 GET /api/realtime 200 in 264ms
 GET /api/realtime 200 in 266ms
 GET /api/realtime 200 in 278ms
 GET /api/realtime 200 in 268ms
 GET /api/realtime 200 in 290ms
 GET /api/realtime 200 in 280ms
 GET /api/realtime 200 in 271ms
 GET /api/realtime 200 in 259ms
 GET /api/realtime 200 in 346ms
 GET /api/realtime 200 in 244ms
 GET /api/realtime 200 in 271ms
 GET /api/realtime 200 in 269ms
 GET /api/realtime 200 in 282ms
 GET /api/realtime 200 in 256ms
 GET /api/realtime 200 in 321ms
 GET /api/realtime 200 in 260ms
 GET /api/realtime 200 in 267ms
 GET /api/realtime 200 in 278ms
 GET /api/realtime 200 in 259ms
 GET /api/realtime 200 in 301ms
 GET /api/realtime 200 in 277ms
 GET /api/realtime 200 in 265ms
 GET / 200 in 90ms
 GET /api/realtime 200 in 269ms
 GET /api/realtime 200 in 278ms
 GET /api/realtime 200 in 292ms
 GET /api/realtime 200 in 250ms
 GET /api/realtime 200 in 259ms
 GET /api/realtime 200 in 269ms
 GET /api/realtime 200 in 474ms
 GET /api/realtime 200 in 253ms
 GET /api/realtime 200 in 263ms
 GET /api/realtime 200 in 242ms
 GET /api/realtime 200 in 271ms
 GET /api/realtime 200 in 254ms
 GET /api/realtime 200 in 248ms
 GET /api/realtime 200 in 263ms
 GET /api/realtime 200 in 247ms
 GET /api/realtime 200 in 259ms
 GET /api/realtime 200 in 271ms
 GET /api/realtime 200 in 241ms
 GET /api/realtime 200 in 287ms
 GET /api/realtime 200 in 297ms
 GET /api/realtime 200 in 277ms
 GET /api/realtime 200 in 257ms
 GET /api/realtime 200 in 357ms
 GET /api/realtime 200 in 554ms
 GET /api/realtime 200 in 531ms
 GET /api/realtime 200 in 271ms
 GET /api/realtime 200 in 255ms
 GET /api/realtime 200 in 260ms
 GET /api/realtime 200 in 260ms
 GET /api/realtime 200 in 261ms
 GET /api/realtime 200 in 341ms
 GET /api/realtime 200 in 239ms
 GET /api/realtime 200 in 257ms
 GET /api/realtime 200 in 239ms
 GET /api/realtime 200 in 265ms
 GET /api/realtime 200 in 266ms
 GET /api/realtime 200 in 278ms
 GET /api/realtime 200 in 283ms
 GET /api/realtime 200 in 272ms
 GET /api/realtime 200 in 287ms
 GET /api/realtime 200 in 279ms
 GET /api/realtime 200 in 277ms
 GET /api/realtime 200 in 255ms
 GET /api/realtime 200 in 268ms
 GET /api/realtime 200 in 259ms
 GET /api/realtime 200 in 253ms
 GET /api/realtime 200 in 244ms
 GET /api/realtime 200 in 260ms
 GET /api/realtime 200 in 305ms
 GET /api/realtime 200 in 248ms
 GET /api/realtime 200 in 335ms
[?25h
