  ▲ Next.js 14.2.28
  - Local:        http://localhost:3000
  - Environments: .env
  - Experiments (use with caution):
    · outputFileTracingRoot

 ✓ Starting...
 ✓ Ready in 1726ms
 ○ Compiling / ...
 ✓ Compiled / in 2s (596 modules)
 GET / 200 in 2558ms
 ✓ Compiled in 533ms (296 modules)
 ✓ Compiled /api/auth/[...nextauth] in 481ms (541 modules)
 GET /api/auth/providers 200 in 958ms
 GET / 200 in 98ms
 GET /api/auth/session 200 in 58ms
 GET /api/auth/session 200 in 51ms
 ○ Compiling /signup ...
 ✓ Compiled /signup in 700ms (881 modules)
 GET /signup 200 in 881ms
 GET /login 200 in 884ms
 GET /api/auth/session 200 in 72ms
 GET /api/auth/session 200 in 55ms
 GET /api/auth/session 200 in 60ms
 GET /api/auth/session 200 in 44ms
 GET /api/auth/session 200 in 53ms
 GET /api/auth/csrf 200 in 53ms
 ✓ Compiled /api/signup in 320ms (597 modules)
 POST /api/signup 200 in 806ms
 GET / 200 in 91ms
 GET /api/auth/signin 302 in 74ms
 GET /login?callbackUrl=https://4b8f6bc33.preview.abacusai.app 200 in 71ms
 GET /api/auth/csrf 200 in 48ms
 POST /api/auth/callback/credentials 302 in 344ms
 ✓ Compiled /middleware in 202ms (174 modules)
 ○ Compiling /dashboard ...
 ✓ Compiled /dashboard in 1620ms (2857 modules)
 GET /dashboard 200 in 1950ms
 GET / 200 in 79ms
 GET /dashboard 200 in 80ms
 GET /api/auth/session 200 in 77ms
 ✓ Compiled /api/realtime in 363ms (1581 modules)
 ✓ Compiled (1584 modules)
 GET /api/auth/session 200 in 705ms
 GET /api/notifications?limit=10 200 in 736ms
 GET /api/realtime 200 in 389ms
 GET /api/auth/session 200 in 76ms
 GET /api/notifications?limit=10 200 in 87ms
 GET /api/realtime 200 in 101ms
 GET /api/auth/session 200 in 51ms
 GET /api/notifications?limit=10 200 in 95ms
 GET /api/realtime 200 in 104ms
 GET /api/auth/session 200 in 76ms
 GET /api/notifications?limit=10 200 in 94ms
 GET /api/realtime 200 in 103ms
 GET /api/auth/session 200 in 88ms
 GET /api/realtime 200 in 65ms
 GET /api/realtime 200 in 59ms
 GET /api/realtime 200 in 61ms
 GET /api/realtime 200 in 64ms
 GET /api/realtime 200 in 64ms
 GET /api/realtime 200 in 56ms
 GET /api/realtime 200 in 62ms
 GET /api/realtime 200 in 60ms
 GET /api/realtime 200 in 78ms
 GET /api/realtime 200 in 72ms
 GET /api/realtime 200 in 72ms
 GET /api/realtime 200 in 75ms
 GET /api/realtime 200 in 69ms
 GET /api/realtime 200 in 65ms
 GET /api/realtime 200 in 72ms
 GET /api/realtime 200 in 71ms
 GET /api/realtime 200 in 61ms
 GET /api/realtime 200 in 72ms
 GET /api/realtime 200 in 65ms
 GET /api/realtime 200 in 70ms
 GET /api/realtime 200 in 81ms
 GET /api/realtime 200 in 70ms
 GET /api/realtime 200 in 62ms
 GET /api/realtime 200 in 62ms
 GET /api/realtime 200 in 59ms
 GET /api/realtime 200 in 80ms
 GET /api/realtime 200 in 58ms
 GET /api/realtime 200 in 59ms
 GET /api/realtime 200 in 73ms
 GET /api/realtime 200 in 60ms
 GET /api/realtime 200 in 62ms
 GET /api/realtime 200 in 64ms
 GET /api/realtime 200 in 75ms
 GET /api/realtime 200 in 69ms
 GET /api/realtime 200 in 56ms
 GET /api/realtime 200 in 57ms
 GET /api/realtime 200 in 70ms
 GET /api/realtime 200 in 68ms
 GET /api/realtime 200 in 67ms
 GET /api/realtime 200 in 55ms
 GET /api/realtime 200 in 68ms
 GET /api/realtime 200 in 65ms
 GET /api/realtime 200 in 63ms
 GET /api/realtime 200 in 59ms
 GET /api/realtime 200 in 63ms
 GET /api/realtime 200 in 63ms
 GET /api/realtime 200 in 67ms
 GET /api/realtime 200 in 57ms
 GET /api/realtime 200 in 57ms
 GET /api/realtime 200 in 56ms
 GET /api/realtime 200 in 66ms
 GET /api/realtime 200 in 63ms
 GET /api/realtime 200 in 64ms
 GET /api/realtime 200 in 57ms
 GET /api/realtime 200 in 60ms
 GET /api/realtime 200 in 78ms
 GET /api/realtime 200 in 70ms
 GET /api/realtime 200 in 154ms
 GET /api/realtime 200 in 61ms
 GET /api/realtime 200 in 62ms
 GET /api/realtime 200 in 60ms
 GET /api/realtime 200 in 60ms
 GET /api/realtime 200 in 6988ms
 GET /api/realtime 200 in 73ms
 ○ Compiling /team ...
 ✓ Compiled /team in 5.2s (3457 modules)
 GET /settings 200 in 6102ms
 GET /milestones 200 in 6160ms
 GET /budget 200 in 6160ms
 GET /change-orders 200 in 6111ms
 GET /daily-reports 200 in 6112ms
 GET /equipment 200 in 6109ms
 GET /inspections 200 in 6109ms
 GET /time-tracking 200 in 6178ms
 GET /punch-lists 200 in 6114ms
 GET /subcontractors 200 in 6159ms
 GET /submittals 200 in 6114ms
 GET /safety 200 in 6119ms
 GET /meetings 200 in 6072ms
 GET /projects/new 200 in 6073ms
 GET /documents 200 in 6076ms
 GET /projects 200 in 6127ms
 GET /tasks 200 in 6126ms
 GET /rfis 200 in 6079ms
 GET /reports 200 in 6079ms
 GET /materials 200 in 6178ms
 GET /team 200 in 6083ms
 GET /company 200 in 6085ms
 GET /api/notifications?limit=10 200 in 524ms
 GET /api/auth/session 200 in 697ms
 GET /api/realtime 200 in 718ms
 GET /api/realtime 200 in 761ms
 GET /api/realtime 200 in 640ms
 GET /api/realtime 200 in 654ms
 GET /api/realtime 200 in 685ms
 GET /api/notifications?limit=10 200 in 723ms
 GET /api/realtime 200 in 788ms
 GET /api/realtime 200 in 775ms
 GET /api/realtime 200 in 736ms
 GET /api/realtime 200 in 757ms
 GET /api/realtime 200 in 724ms
 GET /api/realtime 200 in 749ms
 GET /api/auth/session 200 in 800ms
 ○ Compiling /api/company/stats ...
 ✓ Compiled /api/company/stats in 2.1s (1918 modules)
 GET /api/realtime 200 in 3668ms
 GET /api/realtime 200 in 3374ms
 GET /api/realtime 200 in 3377ms
 GET /api/realtime 200 in 3400ms
 GET /api/realtime 200 in 3378ms
 GET /api/realtime 200 in 3401ms
 GET /api/realtime 200 in 3349ms
 GET /api/realtime 200 in 3357ms
 GET /api/realtime 200 in 3411ms
 GET /api/realtime 200 in 3387ms
 GET /api/realtime 200 in 3293ms
 GET /api/realtime 200 in 3777ms
 GET /api/realtime 200 in 3559ms
 GET /api/auth/session 200 in 2964ms
 GET /api/company/stats 200 in 3605ms
 GET /api/realtime 200 in 3344ms
 GET /api/realtime 200 in 3166ms
 GET /api/realtime 200 in 3079ms
 GET /api/realtime 200 in 3357ms
 GET /api/realtime 200 in 3178ms
 GET /api/realtime 200 in 3170ms
 GET /api/realtime 200 in 3362ms
 GET /api/notifications?limit=10 200 in 3446ms
 GET /api/realtime 200 in 2909ms
 GET /api/realtime 200 in 3052ms
 GET /api/realtime 200 in 3073ms
 GET /api/realtime 200 in 2973ms
 GET /api/realtime 200 in 4042ms
 GET /api/realtime 200 in 394ms
 GET /api/realtime 200 in 283ms
 GET /api/realtime 200 in 268ms
 GET /api/auth/session 200 in 396ms
 GET /api/realtime 200 in 398ms
 GET /api/realtime 200 in 399ms
 GET /api/realtime 200 in 401ms
 GET /api/company/stats 200 in 400ms
 GET /api/realtime 200 in 420ms
 GET /api/realtime 200 in 431ms
 GET /api/realtime 200 in 406ms
 GET /api/realtime 200 in 406ms
 GET /api/realtime 200 in 433ms
 GET /api/realtime 200 in 407ms
 GET /api/realtime 200 in 417ms
 GET /api/realtime 200 in 423ms
 GET /api/realtime 200 in 407ms
 GET /api/realtime 200 in 408ms
 GET /api/realtime 200 in 394ms
 GET /api/notifications?limit=10 200 in 401ms
 GET /api/realtime 200 in 279ms
 GET /api/realtime 200 in 294ms
 GET /api/realtime 200 in 371ms
 GET /api/realtime 200 in 301ms
 GET /api/realtime 200 in 308ms
 GET /api/realtime 200 in 306ms
 GET /api/realtime 200 in 311ms
 GET /api/realtime 200 in 311ms
 GET /api/auth/session 200 in 313ms
 GET /api/realtime 200 in 320ms
 GET /api/realtime 200 in 320ms
 GET /api/company/stats 200 in 334ms
 GET /api/realtime 200 in 345ms
 GET /api/realtime 200 in 371ms
 GET /api/realtime 200 in 344ms
 GET /api/realtime 200 in 344ms
 GET /api/notifications?limit=10 200 in 472ms
 GET /api/realtime 200 in 571ms
 GET /api/realtime 200 in 395ms
 GET /api/realtime 200 in 624ms
 GET /api/realtime 200 in 547ms
 GET /api/realtime 200 in 540ms
 GET /api/realtime 200 in 487ms
 GET /api/realtime 200 in 530ms
 GET /api/realtime 200 in 563ms
 GET /api/realtime 200 in 475ms
 GET /api/realtime 200 in 577ms
 GET /api/company/stats 200 in 588ms
 GET /api/realtime 200 in 716ms
 GET /api/realtime 200 in 1128ms
 GET /api/auth/session 200 in 729ms
 GET /api/realtime 200 in 830ms
 GET /api/realtime 200 in 873ms
 GET /api/realtime 200 in 990ms
 GET /api/realtime 200 in 938ms
 GET /api/realtime 200 in 693ms
 GET /api/realtime 200 in 702ms
 GET /api/realtime 200 in 770ms
 GET /api/realtime 200 in 1057ms
 GET /api/notifications?limit=10 200 in 818ms
 GET /api/realtime 200 in 1041ms
 GET /api/realtime 200 in 742ms
 GET /api/realtime 200 in 742ms
 GET /api/realtime 200 in 723ms
 GET /api/realtime 200 in 751ms
 GET /api/realtime 200 in 827ms
 GET /api/realtime 200 in 564ms
 GET /api/realtime 200 in 485ms
 GET /api/realtime 200 in 693ms
 GET /api/realtime 200 in 789ms
 GET /api/auth/session 200 in 561ms
 GET /api/realtime 200 in 499ms
 GET /api/realtime 200 in 602ms
 GET /api/realtime 200 in 549ms
 GET /api/realtime 200 in 504ms
 GET /api/notifications?limit=10 200 in 483ms
 GET /api/realtime 200 in 493ms
 GET /api/realtime 200 in 528ms
 GET /api/realtime 200 in 571ms
 GET /api/realtime 200 in 6193ms
 GET /api/realtime 200 in 6966ms
 GET /api/realtime 200 in 7250ms
 GET /api/realtime 200 in 376ms
 GET /api/realtime 200 in 392ms
 GET /api/realtime 200 in 7071ms
 GET /api/realtime 200 in 7193ms
 GET /api/realtime 200 in 418ms
 GET /api/realtime 200 in 5683ms
 GET /api/realtime 200 in 180ms
 GET /api/realtime 200 in 6593ms
 GET /api/realtime 200 in 446ms
 GET /api/realtime 200 in 5919ms
 GET /api/realtime 200 in 7040ms
 GET /api/realtime 200 in 388ms
 GET /api/realtime 200 in 6961ms
 GET /api/realtime 200 in 7079ms
 GET /api/realtime 200 in 6889ms
 GET /api/realtime 200 in 390ms
 GET /api/realtime 200 in 354ms
 GET /api/realtime 200 in 444ms
 GET /api/realtime 200 in 202ms
 GET /api/realtime 200 in 462ms
 GET /api/realtime 200 in 149ms
 GET /api/auth/session 200 in 183ms
 GET /api/realtime 200 in 301ms
 GET /api/realtime 200 in 6285ms
 GET /api/realtime 200 in 6657ms
 GET /api/realtime 200 in 195ms
 GET /api/notifications?limit=10 200 in 173ms
 GET /api/realtime 200 in 174ms
 GET /api/realtime 200 in 7195ms
 GET /api/realtime 200 in 6123ms
 GET /api/realtime 200 in 190ms
 GET /api/auth/session 200 in 268ms
 GET /api/realtime 200 in 283ms
 GET /api/notifications?limit=10 200 in 109ms
 GET /api/realtime 200 in 88ms
 GET /api/auth/session 200 in 114ms
 GET /api/notifications?limit=10 200 in 149ms
 GET /api/auth/session 200 in 98ms
 GET /api/realtime 200 in 138ms
 GET /api/notifications?limit=10 200 in 81ms
 GET /api/auth/session 200 in 119ms
 GET /api/notifications?limit=10 200 in 153ms
 GET /api/realtime 200 in 165ms
 GET /api/auth/session 200 in 98ms
 GET /api/auth/session 200 in 70ms
 GET /api/auth/session 200 in 55ms
 GET /api/realtime 200 in 325ms
 GET /api/realtime 200 in 73ms
 GET /api/realtime 200 in 108ms
 GET /api/realtime 200 in 65ms
 GET /api/realtime 200 in 61ms
 GET /api/realtime 200 in 8795ms
 GET /api/realtime 200 in 83ms
 ○ Compiling /company/invitations ...
 ✓ Compiled /company/invitations in 2.7s (3585 modules)
 GET /company/usage 200 in 3067ms
 GET /company/invitations 200 in 3067ms
 GET /company/team 200 in 3105ms
 GET /company/settings 307 in 3069ms
 GET /dashboard 200 in 265ms
 GET /projects/project-downtown-office 200 in 3405ms
 GET /projects/project-mall-renovation 200 in 3429ms
 GET /projects/project-riverside-homes 200 in 3429ms
 GET /api/realtime 200 in 223ms
 ○ Compiling /api/company/invitations ...
 ✓ Compiled /api/company/invitations in 1045ms (1995 modules)
 GET /api/auth/session 200 in 2063ms
 GET /api/notifications?limit=10 200 in 2148ms
 GET /api/company/invitations? 200 in 2240ms
 GET /api/realtime 200 in 1913ms
 GET /api/realtime 200 in 1240ms
 GET /api/realtime 200 in 1565ms
 GET /api/realtime 200 in 1248ms
 GET /api/notifications?limit=10 200 in 221ms
 GET /api/auth/session 200 in 222ms
 GET /api/company/invitations? 200 in 211ms
 GET /api/realtime 200 in 237ms
 GET /api/realtime 200 in 251ms
 GET /api/realtime 200 in 256ms
 GET /api/realtime 200 in 256ms
 GET /api/notifications?limit=10 200 in 181ms
 GET /api/auth/session 200 in 181ms
 GET /api/company/invitations? 200 in 202ms
 GET /api/realtime 200 in 175ms
 GET /api/realtime 200 in 203ms
 GET /api/realtime 200 in 203ms
 GET /api/realtime 200 in 204ms
 GET /api/realtime 200 in 362ms
 GET /api/auth/session 200 in 350ms
 GET /api/notifications?limit=10 200 in 368ms
 GET /api/company/invitations? 200 in 355ms
 GET /api/realtime 200 in 385ms
 GET /api/realtime 200 in 397ms
 GET /api/realtime 200 in 389ms
 GET /api/auth/session 200 in 211ms
 GET /api/notifications?limit=10 200 in 239ms
 GET /api/realtime 200 in 212ms
 GET /api/realtime 200 in 162ms
 GET /api/realtime 200 in 121ms
 GET /api/realtime 200 in 116ms
 GET /api/auth/session 200 in 120ms
 GET /api/realtime 200 in 144ms
 GET /api/notifications?limit=10 200 in 119ms
 GET /api/realtime 200 in 130ms
 GET /api/realtime 200 in 132ms
 GET /api/realtime 200 in 135ms
 GET /api/auth/session 200 in 110ms
 GET /api/realtime 200 in 106ms
 GET /api/notifications?limit=10 200 in 114ms
 GET /api/realtime 200 in 97ms
 GET /api/auth/session 200 in 88ms
 GET /api/realtime 200 in 142ms
 GET /api/realtime 200 in 147ms
 GET /api/realtime 200 in 130ms
 GET /api/realtime 200 in 170ms
 GET /api/notifications?limit=10 200 in 184ms
 GET /api/realtime 200 in 162ms
 GET /api/realtime 200 in 178ms
 GET /api/auth/session 200 in 177ms
 GET /api/realtime 200 in 189ms
 GET /api/notifications?limit=10 200 in 156ms
 GET /api/realtime 200 in 146ms
 GET /api/realtime 200 in 147ms
 GET /api/realtime 200 in 153ms
 GET /api/auth/session 200 in 127ms
 GET /api/realtime 200 in 139ms
 GET /api/notifications?limit=10 200 in 121ms
 GET /api/realtime 200 in 140ms
 GET /api/realtime 200 in 145ms
 GET /api/realtime 200 in 155ms
 GET /api/auth/session 200 in 176ms
 GET /api/realtime 200 in 174ms
 GET /api/notifications?limit=10 200 in 177ms
 GET /api/realtime 200 in 82ms
 GET /api/auth/session 200 in 153ms
 GET /api/realtime 200 in 203ms
 GET /api/realtime 200 in 199ms
 GET /api/realtime 200 in 310ms
 GET /api/notifications?limit=10 200 in 160ms
 GET /api/realtime 200 in 170ms
 GET /api/realtime 200 in 125ms
 GET /api/auth/session 200 in 155ms
 GET /api/realtime 200 in 165ms
 GET /api/notifications?limit=10 200 in 168ms
 GET /api/realtime 200 in 180ms
 GET /api/realtime 200 in 187ms
 GET /api/realtime 200 in 132ms
 GET /api/auth/session 200 in 94ms
 GET /api/realtime 200 in 154ms
 GET /api/realtime 200 in 139ms
 GET /api/notifications?limit=10 200 in 151ms
 GET /api/realtime 200 in 187ms
 GET /api/realtime 200 in 4807ms
 GET /api/realtime 200 in 202ms
 GET /api/auth/session 200 in 155ms
 GET /api/realtime 200 in 210ms
 GET /api/notifications?limit=10 200 in 163ms
 GET /api/realtime 200 in 94ms
 GET /api/auth/session 200 in 93ms
 GET /api/realtime 200 in 148ms
 GET /api/notifications?limit=10 200 in 116ms
 GET /api/realtime 200 in 120ms
 GET /api/realtime 200 in 121ms
 GET /api/realtime 200 in 132ms
 GET /api/auth/session 200 in 138ms
 GET /api/realtime 200 in 126ms
 GET /api/realtime 200 in 138ms
 GET /api/realtime 200 in 78ms
 GET /api/auth/session 200 in 97ms
 GET /api/realtime 200 in 102ms
 GET /api/realtime 200 in 83ms
 GET /api/realtime 200 in 84ms
 GET /api/auth/session 200 in 69ms
 GET /api/realtime 200 in 146ms
 GET /api/realtime 200 in 99ms
 GET /api/realtime 200 in 125ms
 GET /api/auth/session 200 in 110ms
 GET /api/realtime 200 in 160ms
 GET /api/realtime 200 in 146ms
 GET /api/realtime 200 in 105ms
 GET /api/auth/session 200 in 126ms
 GET /api/realtime 200 in 217ms
 GET /api/auth/session 200 in 143ms
 GET /api/realtime 200 in 346ms
 GET /api/auth/session 200 in 58ms
 GET /api/realtime 200 in 339ms
 GET /api/auth/session 200 in 113ms
 GET /api/realtime 200 in 147ms
 GET /api/realtime 200 in 292ms
 GET /api/realtime 200 in 153ms
 GET /api/realtime 200 in 94ms
 GET /api/auth/session 200 in 116ms
 GET /api/realtime 200 in 136ms
 GET /api/realtime 200 in 137ms
 GET /api/realtime 200 in 134ms
 GET /api/realtime 200 in 6750ms
 GET /api/auth/session 200 in 83ms
 GET /api/realtime 200 in 114ms
 GET /api/realtime 200 in 127ms
 GET /api/realtime 200 in 6454ms
 GET /api/auth/session 200 in 63ms
 GET /api/realtime 200 in 135ms
 GET /api/realtime 200 in 6499ms
 GET /api/auth/session 200 in 114ms
[?25h
