  ▲ Next.js 14.2.28
  - Local:        http://localhost:3000
  - Environments: .env
  - Experiments (use with caution):
    · outputFileTracingRoot

 ✓ Starting...
 ✓ Ready in 2s
 ○ Compiling / ...
 ✓ Compiled / in 1948ms (596 modules)
 GET / 200 in 2426ms
 ✓ Compiled in 494ms (296 modules)
 ✓ Compiled /api/auth/[...nextauth] in 486ms (541 modules)
 GET /api/auth/providers 200 in 944ms
 GET / 200 in 106ms
 GET /api/auth/session 200 in 55ms
 GET /api/auth/session 200 in 37ms
 ○ Compiling /signup ...
 ✓ Compiled /signup in 672ms (881 modules)
 GET /login 200 in 846ms
 GET /signup 200 in 840ms
 GET /api/auth/session 200 in 59ms
 GET /api/auth/session 200 in 39ms
 GET /api/auth/session 200 in 40ms
 GET /api/auth/session 200 in 39ms
 GET /api/auth/session 200 in 53ms
 GET /api/auth/csrf 200 in 54ms
 ✓ Compiled /api/signup in 298ms (597 modules)
 POST /api/signup 200 in 779ms
 GET / 200 in 84ms
 GET /api/auth/signin 302 in 69ms
 GET /login?callbackUrl=https://4b8f6bc33.preview.abacusai.app 200 in 54ms
 GET /api/auth/csrf 200 in 40ms
 POST /api/auth/callback/credentials 302 in 344ms
 ✓ Compiled /middleware in 190ms (174 modules)
 ○ Compiling /dashboard ...
 ✓ Compiled /dashboard in 1354ms (2857 modules)
 GET /dashboard 200 in 1692ms
 GET / 200 in 84ms
 GET /dashboard 200 in 78ms
 GET /api/auth/session 200 in 73ms
 GET /api/auth/session 200 in 76ms
 ✓ Compiled /api/realtime in 404ms (1581 modules)
 ✓ Compiled (1584 modules)
 GET /api/auth/session 200 in 632ms
 GET /api/notifications?limit=10 200 in 784ms
 GET /api/realtime 200 in 431ms
 GET /api/auth/session 200 in 109ms
 GET /api/notifications?limit=10 200 in 111ms
 GET /api/realtime 200 in 136ms
 GET /api/auth/session 200 in 107ms
 GET /api/realtime 200 in 109ms
 GET /api/notifications?limit=10 200 in 83ms
 GET /api/notifications?limit=10 200 in 99ms
 GET /api/realtime 200 in 99ms
 GET /api/realtime 200 in 71ms
 GET /api/realtime 200 in 78ms
 GET /api/realtime 200 in 68ms
 GET /api/realtime 200 in 70ms
 GET /api/realtime 200 in 72ms
 GET /api/realtime 200 in 68ms
 GET /api/realtime 200 in 64ms
 GET /api/realtime 200 in 66ms
 GET /api/realtime 200 in 64ms
 GET /api/realtime 200 in 55ms
 GET /api/realtime 200 in 61ms
 GET /api/realtime 200 in 55ms
 GET /api/realtime 200 in 61ms
 GET /api/realtime 200 in 75ms
 GET /api/realtime 200 in 81ms
 GET /api/realtime 200 in 75ms
 GET /api/realtime 200 in 86ms
 GET /api/realtime 200 in 84ms
 GET /api/realtime 200 in 76ms
 GET /api/realtime 200 in 92ms
 GET /api/realtime 200 in 65ms
 GET /api/realtime 200 in 62ms
 GET /api/realtime 200 in 55ms
 GET /api/realtime 200 in 65ms
 GET /api/realtime 200 in 68ms
 GET /api/realtime 200 in 63ms
 GET /api/realtime 200 in 61ms
 GET /api/realtime 200 in 64ms
 GET /api/realtime 200 in 63ms
 GET /api/realtime 200 in 58ms
 GET /api/realtime 200 in 58ms
 GET /api/realtime 200 in 64ms
 GET /api/realtime 200 in 54ms
 GET /api/realtime 200 in 56ms
 GET /api/realtime 200 in 66ms
 GET /api/realtime 200 in 67ms
 GET /api/realtime 200 in 65ms
 GET /api/realtime 200 in 79ms
 GET /api/realtime 200 in 58ms
 GET /api/realtime 200 in 56ms
 GET /api/realtime 200 in 56ms
 GET /api/realtime 200 in 66ms
 GET /api/realtime 200 in 60ms
 GET /api/realtime 200 in 61ms
 GET /api/realtime 200 in 60ms
 GET /api/realtime 200 in 57ms
 GET /api/realtime 200 in 57ms
 GET /api/realtime 200 in 57ms
 GET /api/realtime 200 in 55ms
 GET /api/realtime 200 in 58ms
 GET /api/realtime 200 in 64ms
 GET /api/realtime 200 in 64ms
 GET /api/realtime 200 in 65ms
 GET /api/realtime 200 in 97ms
 GET /api/realtime 200 in 130ms
 GET /api/realtime 200 in 60ms
 GET /api/realtime 200 in 71ms
 GET /api/realtime 200 in 72ms
 GET /api/realtime 200 in 66ms
 GET /api/realtime 200 in 6975ms
 GET /api/realtime 200 in 38ms
 ○ Compiling /documents ...
 ✓ Compiled /documents in 3.7s (3457 modules)
 GET /budget 200 in 4703ms
 GET /projects/new 200 in 4651ms
 GET /milestones 200 in 4678ms
 GET /meetings 200 in 4660ms
 GET /equipment 200 in 4660ms
 GET /settings 200 in 4659ms
 GET /change-orders 200 in 4620ms
 GET /daily-reports 200 in 4620ms
 GET /inspections 200 in 4624ms
 GET /subcontractors 200 in 4725ms
 GET /documents 200 in 4624ms
 GET /time-tracking 200 in 4713ms
 GET /materials 200 in 4729ms
 GET /reports 200 in 4668ms
 GET /rfis 200 in 4668ms
 GET /submittals 200 in 4670ms
 GET /projects 200 in 4675ms
 GET /team 200 in 4671ms
 GET /company 200 in 4630ms
 GET /safety 200 in 4632ms
 GET /tasks 200 in 4735ms
 GET /punch-lists 200 in 4634ms
 GET /api/notifications?limit=10 200 in 204ms
 GET /api/realtime 200 in 276ms
 GET /api/auth/session 200 in 307ms
 GET /api/realtime 200 in 253ms
 GET /api/notifications?limit=10 200 in 586ms
 GET /api/realtime 200 in 506ms
 GET /api/realtime 200 in 507ms
 GET /api/realtime 200 in 412ms
 GET /api/realtime 200 in 359ms
 GET /api/realtime 200 in 500ms
 GET /api/auth/session 200 in 538ms
 GET /api/realtime 200 in 415ms
 GET /api/realtime 200 in 322ms
 GET /api/realtime 200 in 343ms
 GET /api/realtime 200 in 428ms
 GET /api/realtime 200 in 404ms
 GET /api/realtime 200 in 237ms
 GET /api/notifications?limit=10 200 in 499ms
 GET /api/realtime 200 in 534ms
 GET /api/realtime 200 in 549ms
 GET /api/auth/session 200 in 640ms
 GET /api/realtime 200 in 617ms
 GET /api/realtime 200 in 683ms
 GET /api/realtime 200 in 600ms
 GET /api/realtime 200 in 683ms
 GET /api/realtime 200 in 652ms
 GET /api/realtime 200 in 677ms
 GET /api/notifications?limit=10 200 in 653ms
 GET /api/realtime 200 in 505ms
 GET /api/realtime 200 in 753ms
 GET /api/realtime 200 in 649ms
 GET /api/realtime 200 in 719ms
 GET /api/realtime 200 in 514ms
 GET /api/realtime 200 in 515ms
 GET /api/realtime 200 in 514ms
 ○ Compiling /api/company/stats ...
 ✓ Compiled /api/company/stats in 1619ms (1918 modules)
 GET /api/realtime 200 in 2976ms
 GET /api/realtime 200 in 2713ms
 GET /api/realtime 200 in 3727ms
 GET /api/realtime 200 in 2442ms
 GET /api/realtime 200 in 2677ms
 GET /api/auth/session 200 in 3055ms
 GET /api/company/stats 200 in 3277ms
 GET /api/realtime 200 in 3090ms
 GET /api/realtime 200 in 3025ms
 GET /api/realtime 200 in 2994ms
 GET /api/realtime 200 in 2859ms
 GET /api/realtime 200 in 2930ms
 GET /api/realtime 200 in 2861ms
 GET /api/realtime 200 in 2756ms
 GET /api/realtime 200 in 2723ms
 GET /api/realtime 200 in 2866ms
 GET /api/realtime 200 in 2724ms
 GET /api/notifications?limit=10 200 in 2711ms
 GET /api/realtime 200 in 2766ms
 GET /api/realtime 200 in 2985ms
 GET /api/realtime 200 in 2730ms
 GET /api/realtime 200 in 2730ms
 GET /api/realtime 200 in 2715ms
 GET /api/realtime 200 in 2639ms
 GET /api/realtime 200 in 2676ms
 GET /api/realtime 200 in 2393ms
 GET /api/realtime 200 in 2837ms
 GET /api/realtime 200 in 3277ms
 GET /api/realtime 200 in 135ms
 GET /api/realtime 200 in 2739ms
 GET /api/realtime 200 in 3664ms
 GET /api/realtime 200 in 4103ms
 GET /api/realtime 200 in 3820ms
 GET /api/realtime 200 in 3704ms
 GET /api/realtime 200 in 3320ms
 GET /api/realtime 200 in 156ms
 GET /api/realtime 200 in 162ms
 GET /api/auth/session 200 in 164ms
 GET /api/realtime 200 in 299ms
 GET /api/realtime 200 in 283ms
 GET /api/realtime 200 in 273ms
 GET /api/realtime 200 in 267ms
 GET /api/realtime 200 in 284ms
 GET /api/realtime 200 in 268ms
 GET /api/realtime 200 in 278ms
 GET /api/realtime 200 in 273ms
 GET /api/realtime 200 in 276ms
 GET /api/company/stats 200 in 292ms
 GET /api/notifications?limit=10 200 in 302ms
 GET /api/realtime 200 in 271ms
 GET /api/realtime 200 in 128ms
 GET /api/realtime 200 in 294ms
 GET /api/auth/session 200 in 194ms
 GET /api/realtime 200 in 337ms
 GET /api/realtime 200 in 338ms
 GET /api/company/stats 200 in 349ms
 GET /api/realtime 200 in 385ms
 GET /api/notifications?limit=10 200 in 396ms
 GET /api/realtime 200 in 5833ms
 GET /api/realtime 200 in 286ms
 GET /api/realtime 200 in 669ms
 GET /api/realtime 200 in 526ms
 GET /api/auth/session 200 in 398ms
 GET /api/realtime 200 in 662ms
 GET /api/realtime 200 in 776ms
 GET /api/realtime 200 in 833ms
 GET /api/realtime 200 in 705ms
 GET /api/realtime 200 in 412ms
 GET /api/realtime 200 in 415ms
 GET /api/realtime 200 in 895ms
 GET /api/company/stats 200 in 438ms
 GET /api/notifications?limit=10 200 in 384ms
 GET /api/realtime 200 in 970ms
 GET /api/realtime 200 in 6204ms
 GET /api/realtime 200 in 274ms
 GET /api/realtime 200 in 280ms
 GET /api/realtime 200 in 323ms
 GET /api/auth/session 200 in 407ms
 GET /api/realtime 200 in 336ms
 GET /api/realtime 200 in 279ms
 GET /api/realtime 200 in 291ms
 GET /api/realtime 200 in 277ms
 GET /api/realtime 200 in 349ms
 GET /api/realtime 200 in 261ms
 GET /api/realtime 200 in 235ms
 GET /api/notifications?limit=10 200 in 318ms
 GET /api/realtime 200 in 217ms
 GET /api/realtime 200 in 191ms
 GET /api/auth/session 200 in 112ms
 GET /api/realtime 200 in 129ms
 GET /api/realtime 200 in 128ms
 GET /api/realtime 200 in 131ms
 GET /api/realtime 200 in 131ms
 GET /api/realtime 200 in 133ms
 GET /api/realtime 200 in 147ms
 GET /api/realtime 200 in 6531ms
 GET /api/realtime 200 in 81ms
 GET /api/realtime 200 in 5261ms
 GET /api/realtime 200 in 6352ms
 GET /api/realtime 200 in 6339ms
 GET /api/realtime 200 in 5183ms
 GET /api/realtime 200 in 6121ms
 GET /api/realtime 200 in 4707ms
 GET /api/realtime 200 in 5664ms
 GET /api/realtime 200 in 176ms
 GET /api/notifications?limit=10 200 in 211ms
 GET /api/realtime 200 in 236ms
 GET /api/auth/session 200 in 201ms
 GET /api/auth/session 200 in 197ms
 GET /api/auth/session 200 in 197ms
 GET /api/auth/session 200 in 198ms
 GET /api/auth/session 200 in 199ms
 GET /api/auth/session 200 in 200ms
 GET /api/auth/session 200 in 197ms
 GET /api/auth/session 200 in 198ms
 GET /api/auth/session 200 in 198ms
 GET /api/auth/session 200 in 198ms
 GET /api/notifications?limit=10 200 in 166ms
 GET /api/realtime 200 in 104ms
 GET /api/notifications?limit=10 200 in 60ms
 GET /api/realtime 200 in 77ms
 GET /api/realtime 200 in 57ms
 GET /api/realtime 200 in 56ms
 GET /api/realtime 200 in 58ms
 GET /api/realtime 200 in 56ms
 GET /api/realtime 200 in 59ms
 GET /api/realtime 200 in 57ms
 GET /api/realtime 200 in 58ms
 GET /api/realtime 200 in 57ms
 GET /api/realtime 200 in 55ms
 GET /api/realtime 200 in 55ms
 GET /api/realtime 200 in 60ms
 GET /api/realtime 200 in 63ms
 GET /api/realtime 200 in 55ms
 GET /api/realtime 200 in 52ms
 GET /api/realtime 200 in 68ms
 GET /api/realtime 200 in 59ms
 GET /api/realtime 200 in 57ms
 GET /api/realtime 200 in 61ms
 GET /api/realtime 200 in 66ms
 GET /api/realtime 200 in 62ms
 GET /api/realtime 200 in 60ms
 GET /api/realtime 200 in 56ms
 GET /api/realtime 200 in 57ms
 GET /api/realtime 200 in 58ms
 GET /api/realtime 200 in 64ms
 GET /api/realtime 200 in 56ms
 GET /api/realtime 200 in 58ms
 GET /api/realtime 200 in 62ms
 GET /api/realtime 200 in 58ms
 GET /api/realtime 200 in 55ms
 GET /api/realtime 200 in 56ms
 GET /api/realtime 200 in 58ms
 GET /api/realtime 200 in 58ms
 GET /api/realtime 200 in 66ms
 GET /api/realtime 200 in 78ms
 GET /api/realtime 200 in 93ms
 GET /api/realtime 200 in 67ms
 GET /api/realtime 200 in 67ms
 GET /api/realtime 200 in 71ms
 GET /api/realtime 200 in 69ms
 GET /api/realtime 200 in 56ms
 GET /api/realtime 200 in 10684ms
 ○ Compiling /company/usage ...
 ✓ Compiled /company/usage in 2.7s (3585 modules)
 GET /company/settings 307 in 3084ms
 GET /company/usage 200 in 3084ms
 GET /company/invitations 200 in 3085ms
 GET /company/team 200 in 3086ms
 GET /dashboard 200 in 161ms
 GET /projects/project-riverside-homes 200 in 3377ms
 GET /projects/project-mall-renovation 200 in 3426ms
 GET /projects/project-downtown-office 200 in 3387ms
 ○ Compiling /api/company/invitations ...
 ✓ Compiled /api/company/invitations in 921ms (1995 modules)
 GET /api/realtime 200 in 988ms
 GET /api/realtime 200 in 990ms
 GET /api/realtime 200 in 963ms
 GET /api/realtime 200 in 990ms
 GET /api/auth/session 200 in 1664ms
 GET /api/company/invitations? 200 in 1792ms
 GET /api/notifications?limit=10 200 in 1437ms
 GET /api/realtime 200 in 106ms
 GET /api/realtime 200 in 106ms
 GET /api/realtime 200 in 111ms
 GET /api/realtime 200 in 107ms
 GET /api/auth/session 200 in 107ms
 GET /api/company/invitations? 200 in 120ms
 GET /api/notifications?limit=10 200 in 121ms
 GET /api/realtime 200 in 110ms
 GET /api/realtime 200 in 134ms
 GET /api/realtime 200 in 136ms
 GET /api/realtime 200 in 133ms
 GET /api/auth/session 200 in 167ms
 GET /api/company/invitations? 200 in 170ms
 GET /api/notifications?limit=10 200 in 167ms
 GET /api/realtime 200 in 182ms
 GET /api/realtime 200 in 124ms
 GET /api/realtime 200 in 136ms
 GET /api/realtime 200 in 136ms
 GET /api/auth/session 200 in 111ms
 GET /api/company/invitations? 200 in 116ms
 GET /api/notifications?limit=10 200 in 116ms
 GET /api/realtime 200 in 99ms
 GET /api/realtime 200 in 114ms
 GET /api/realtime 200 in 114ms
 GET /api/realtime 200 in 118ms
 GET /api/notifications?limit=10 200 in 105ms
 GET /api/auth/session 200 in 129ms
 GET /api/realtime 200 in 142ms
 GET /api/realtime 200 in 117ms
 GET /api/realtime 200 in 166ms
 GET /api/realtime 200 in 167ms
 GET /api/notifications?limit=10 200 in 109ms
 GET /api/auth/session 200 in 94ms
 GET /api/realtime 200 in 106ms
 GET /api/realtime 200 in 104ms
 GET /api/realtime 200 in 162ms
 GET /api/notifications?limit=10 200 in 177ms
 GET /api/realtime 200 in 201ms
 GET /api/auth/session 200 in 166ms
 GET /api/realtime 200 in 171ms
 GET /api/realtime 200 in 160ms
 GET /api/realtime 200 in 129ms
 GET /api/realtime 200 in 174ms
 GET /api/auth/session 200 in 102ms
 GET /api/notifications?limit=10 200 in 113ms
 GET /api/realtime 200 in 106ms
 GET /api/realtime 200 in 89ms
 GET /api/realtime 200 in 116ms
 GET /api/realtime 200 in 157ms
 GET /api/auth/session 200 in 137ms
 GET /api/notifications?limit=10 200 in 146ms
 GET /api/realtime 200 in 99ms
 GET /api/realtime 200 in 194ms
 GET /api/realtime 200 in 131ms
 GET /api/realtime 200 in 172ms
 GET /api/realtime 200 in 172ms
 GET /api/notifications?limit=10 200 in 136ms
 GET /api/auth/session 200 in 152ms
 GET /api/realtime 200 in 130ms
 GET /api/realtime 200 in 107ms
 GET /api/realtime 200 in 117ms
 GET /api/notifications?limit=10 200 in 127ms
 GET /api/realtime 200 in 150ms
 GET /api/auth/session 200 in 159ms
 GET /api/realtime 200 in 191ms
 GET /api/realtime 200 in 198ms
 GET /api/notifications?limit=10 200 in 121ms
 GET /api/realtime 200 in 122ms
 GET /api/realtime 200 in 144ms
 GET /api/auth/session 200 in 118ms
 GET /api/realtime 200 in 124ms
 GET /api/realtime 200 in 130ms
 GET /api/realtime 200 in 110ms
 GET /api/notifications?limit=10 200 in 127ms
 GET /api/realtime 200 in 195ms
 GET /api/auth/session 200 in 137ms
 GET /api/realtime 200 in 149ms
 GET /api/realtime 200 in 114ms
 GET /api/realtime 200 in 118ms
 GET /api/notifications?limit=10 200 in 112ms
 GET /api/realtime 200 in 133ms
 GET /api/auth/session 200 in 130ms
 GET /api/realtime 200 in 118ms
 GET /api/realtime 200 in 115ms
 GET /api/realtime 200 in 118ms
 GET /api/realtime 200 in 145ms
 GET /api/notifications?limit=10 200 in 145ms
 GET /api/realtime 200 in 156ms
 GET /api/auth/session 200 in 168ms
 GET /api/realtime 200 in 165ms
 GET /api/realtime 200 in 160ms
 GET /api/realtime 200 in 120ms
 GET /api/notifications?limit=10 200 in 115ms
 GET /api/realtime 200 in 160ms
 GET /api/auth/session 200 in 124ms
 GET /api/realtime 200 in 140ms
 GET /api/realtime 200 in 150ms
 GET /api/realtime 200 in 135ms
 GET /api/auth/session 200 in 160ms
 GET /api/realtime 200 in 203ms
 GET /api/realtime 200 in 172ms
 GET /api/realtime 200 in 161ms
 GET /api/realtime 200 in 174ms
 GET /api/auth/session 200 in 101ms
 GET /api/realtime 200 in 152ms
 GET /api/realtime 200 in 125ms
 GET /api/realtime 200 in 135ms
 GET /api/realtime 200 in 116ms
 GET /api/realtime 200 in 104ms
 GET /api/realtime 200 in 141ms
 GET /api/auth/session 200 in 142ms
 GET /api/realtime 200 in 141ms
 GET /api/realtime 200 in 149ms
 GET /api/realtime 200 in 146ms
 GET /api/realtime 200 in 124ms
 GET /api/realtime 200 in 4842ms
 GET /api/auth/session 200 in 120ms
 GET /api/realtime 200 in 148ms
 GET /api/realtime 200 in 4895ms
 GET /api/realtime 200 in 111ms
 GET /api/realtime 200 in 135ms
 GET /api/auth/session 200 in 157ms
 GET /api/realtime 200 in 158ms
 GET /api/realtime 200 in 88ms
 GET /api/auth/session 200 in 55ms
 GET /api/realtime 200 in 77ms
 GET /api/auth/session 200 in 65ms
 GET /api/realtime 200 in 94ms
 GET /api/realtime 200 in 82ms
 GET /api/realtime 200 in 78ms
 GET /api/auth/session 200 in 81ms
 GET /api/realtime 200 in 102ms
 GET /api/realtime 200 in 74ms
 GET /api/realtime 200 in 59ms
 GET /api/realtime 200 in 62ms
 GET /api/realtime 200 in 61ms
 GET /api/realtime 200 in 60ms
 GET /api/realtime 200 in 64ms
 GET /api/realtime 200 in 56ms
 GET /api/realtime 200 in 101ms
 GET /api/realtime 200 in 143ms
 GET /api/realtime 200 in 143ms
 GET /api/realtime 200 in 153ms
 GET /api/realtime 200 in 72ms
 GET /api/realtime 200 in 73ms
 GET /api/realtime 200 in 113ms
 GET /api/realtime 200 in 106ms
 GET /api/realtime 200 in 91ms
 GET /api/realtime 200 in 93ms
 GET /api/realtime 200 in 6554ms
 GET /api/realtime 200 in 29ms
 GET /api/realtime 200 in 6577ms
 GET /api/realtime 200 in 44ms
 ✓ Compiled in 1050ms (1608 modules)
 ✓ Compiled in 580ms (1608 modules)
[?25h
