  ▲ Next.js 14.2.28
  - Local:        http://localhost:3000
  - Environments: .env
  - Experiments (use with caution):
    · outputFileTracingRoot

 ✓ Starting...
 ✓ Ready in 2.1s
 ○ Compiling / ...
 ✓ Compiled / in 2s (596 modules)
 GET / 200 in 2583ms
 ✓ Compiled in 556ms (296 modules)
 ✓ Compiled /api/auth/[...nextauth] in 477ms (541 modules)
 GET /api/auth/providers 200 in 972ms
 GET / 200 in 115ms
 GET /api/auth/session 200 in 103ms
 GET /api/auth/session 200 in 58ms
 ○ Compiling /signup ...
 ✓ Compiled /signup in 724ms (881 modules)
 GET /login 200 in 921ms
 GET /signup 200 in 912ms
 GET /api/auth/session 200 in 74ms
 GET /api/auth/session 200 in 48ms
 GET /api/auth/session 200 in 48ms
 GET /api/auth/session 200 in 50ms
 GET /api/auth/session 200 in 60ms
 GET /api/auth/csrf 200 in 71ms
 ✓ Compiled /api/signup in 336ms (597 modules)
 POST /api/signup 200 in 840ms
 GET / 200 in 102ms
 GET /api/auth/signin 302 in 80ms
 GET /login?callbackUrl=https://4b8f6bc33.preview.abacusai.app 200 in 68ms
 GET /api/auth/csrf 200 in 48ms
 POST /api/auth/callback/credentials 302 in 345ms
 ✓ Compiled /middleware in 204ms (174 modules)
 ○ Compiling /dashboard ...
 ✓ Compiled /dashboard in 1347ms (2857 modules)
 GET /dashboard 200 in 1653ms
 GET / 200 in 79ms
 GET /dashboard 200 in 90ms
 GET /api/auth/session 200 in 77ms
 GET /api/auth/session 200 in 68ms
 ✓ Compiled /api/notifications in 290ms (1582 modules)
 ✓ Compiled (1584 modules)
 GET /api/realtime 200 in 314ms
 GET /api/auth/session 200 in 613ms
 GET /api/notifications?limit=10 200 in 691ms
 GET /api/auth/session 200 in 91ms
 GET /api/notifications?limit=10 200 in 100ms
 GET /api/realtime 200 in 119ms
 GET /api/realtime 200 in 110ms
 GET /api/auth/session 200 in 97ms
 GET /api/notifications?limit=10 200 in 94ms
 GET /api/notifications?limit=10 200 in 81ms
 GET /api/realtime 200 in 85ms
 GET /api/realtime 200 in 68ms
 GET /api/realtime 200 in 72ms
 GET /api/realtime 200 in 66ms
 GET /api/realtime 200 in 72ms
 GET /api/realtime 200 in 68ms
 GET /api/realtime 200 in 74ms
 GET /api/realtime 200 in 75ms
 GET /api/realtime 200 in 64ms
 GET /api/realtime 200 in 72ms
 GET /api/realtime 200 in 64ms
 GET /api/realtime 200 in 78ms
 GET /api/realtime 200 in 111ms
 GET /api/realtime 200 in 76ms
 GET /api/realtime 200 in 79ms
 GET /api/realtime 200 in 67ms
 GET /api/realtime 200 in 81ms
 GET /api/realtime 200 in 67ms
 GET /api/realtime 200 in 64ms
 GET /api/realtime 200 in 71ms
 GET /api/realtime 200 in 66ms
 GET /api/realtime 200 in 68ms
 GET /api/realtime 200 in 84ms
 GET /api/realtime 200 in 69ms
 GET /api/realtime 200 in 71ms
 GET /api/realtime 200 in 65ms
 GET /api/realtime 200 in 63ms
 GET /api/realtime 200 in 64ms
 GET /api/realtime 200 in 65ms
 GET /api/realtime 200 in 68ms
 GET /api/realtime 200 in 64ms
 GET /api/realtime 200 in 72ms
 GET /api/realtime 200 in 76ms
 GET /api/realtime 200 in 72ms
 GET /api/realtime 200 in 76ms
 GET /api/realtime 200 in 74ms
 GET /api/realtime 200 in 79ms
 GET /api/realtime 200 in 66ms
 GET /api/realtime 200 in 86ms
 GET /api/realtime 200 in 67ms
 GET /api/realtime 200 in 68ms
 GET /api/realtime 200 in 65ms
 GET /api/realtime 200 in 62ms
 GET /api/realtime 200 in 65ms
 GET /api/realtime 200 in 64ms
 GET /api/realtime 200 in 65ms
 GET /api/realtime 200 in 63ms
 GET /api/realtime 200 in 78ms
 GET /api/realtime 200 in 72ms
 GET /api/realtime 200 in 71ms
 GET /api/realtime 200 in 76ms
 GET /api/realtime 200 in 63ms
 GET /api/realtime 200 in 76ms
 GET /api/realtime 200 in 121ms
 GET /api/realtime 200 in 143ms
 GET /api/realtime 200 in 70ms
 GET /api/realtime 200 in 66ms
 GET /api/realtime 200 in 66ms
 GET /api/realtime 200 in 67ms
 GET /api/realtime 200 in 6952ms
 GET /api/realtime 200 in 38ms
 ○ Compiling /documents ...
 ✓ Compiled /documents in 3.6s (3457 modules)
 GET /projects/new 200 in 4886ms
 GET /milestones 200 in 4964ms
 GET /budget 200 in 4956ms
 GET /inspections 200 in 4890ms
 GET /change-orders 200 in 4891ms
 GET /equipment 200 in 4891ms
 GET /meetings 200 in 4891ms
 GET /materials 200 in 4976ms
 GET /subcontractors 200 in 4972ms
 GET /submittals 200 in 4895ms
 GET /daily-reports 200 in 4899ms
 GET /safety 200 in 4901ms
 GET /rfis 200 in 4901ms
 GET /reports 200 in 4903ms
 GET /company 200 in 4904ms
 GET /punch-lists 200 in 4904ms
 GET /documents 200 in 4905ms
 GET /settings 200 in 4909ms
 GET /team 200 in 4911ms
 GET /projects 200 in 4913ms
 GET /tasks 200 in 4917ms
 GET /time-tracking 200 in 5007ms
 GET /api/notifications?limit=10 200 in 374ms
 GET /api/auth/session 200 in 485ms
 ○ Compiling /api/company/stats ...
 ✓ Compiled /api/company/stats in 1957ms (1918 modules)
 GET /api/realtime 200 in 3086ms
 GET /api/realtime 200 in 3120ms
 GET /api/realtime 200 in 2912ms
 GET /api/realtime 200 in 2805ms
 GET /api/realtime 200 in 2502ms
 GET /api/realtime 200 in 2715ms
 GET /api/realtime 200 in 3139ms
 GET /api/realtime 200 in 3138ms
 GET /api/realtime 200 in 3002ms
 GET /api/realtime 200 in 1843ms
 GET /api/realtime 200 in 2313ms
 GET /api/realtime 200 in 3304ms
 GET /api/realtime 200 in 1843ms
 GET /api/realtime 200 in 2103ms
 GET /api/realtime 200 in 2190ms
 GET /api/realtime 200 in 2171ms
 GET /api/realtime 200 in 2151ms
 GET /api/realtime 200 in 2097ms
 GET /api/realtime 200 in 2078ms
 GET /api/realtime 200 in 3301ms
 GET /api/realtime 200 in 2247ms
 GET /api/auth/session 200 in 3211ms
 GET /api/company/stats 200 in 3553ms
 GET /api/notifications?limit=10 200 in 3335ms
 GET /api/realtime 200 in 420ms
 GET /api/realtime 200 in 496ms
 GET /api/realtime 200 in 649ms
 GET /api/realtime 200 in 423ms
 GET /api/realtime 200 in 497ms
 GET /api/realtime 200 in 434ms
 GET /api/realtime 200 in 495ms
 GET /api/realtime 200 in 477ms
 GET /api/realtime 200 in 496ms
 GET /api/company/stats 200 in 518ms
 GET /api/realtime 200 in 539ms
 GET /api/notifications?limit=10 200 in 570ms
 GET /api/realtime 200 in 793ms
 GET /api/realtime 200 in 797ms
 GET /api/realtime 200 in 4395ms
 GET /api/auth/session 200 in 774ms
 GET /api/realtime 200 in 3376ms
 GET /api/realtime 200 in 890ms
 GET /api/realtime 200 in 897ms
 GET /api/realtime 200 in 902ms
 GET /api/realtime 200 in 926ms
 GET /api/realtime 200 in 935ms
 GET /api/realtime 200 in 957ms
 GET /api/realtime 200 in 1102ms
 GET /api/realtime 200 in 583ms
 GET /api/realtime 200 in 592ms
 GET /api/realtime 200 in 677ms
 GET /api/realtime 200 in 578ms
 GET /api/realtime 200 in 543ms
 GET /api/realtime 200 in 539ms
 GET /api/realtime 200 in 541ms
 GET /api/realtime 200 in 542ms
 GET /api/realtime 200 in 1140ms
 GET /api/company/stats 200 in 432ms
 GET /api/realtime 200 in 1213ms
 GET /api/realtime 200 in 460ms
 GET /api/realtime 200 in 484ms
 GET /api/notifications?limit=10 200 in 517ms
 GET /api/realtime 200 in 414ms
 GET /api/realtime 200 in 414ms
 GET /api/realtime 200 in 488ms
 GET /api/realtime 200 in 471ms
 GET /api/realtime 200 in 482ms
 GET /api/realtime 200 in 486ms
 GET /api/auth/session 200 in 546ms
 GET /api/realtime 200 in 390ms
 GET /api/realtime 200 in 391ms
 GET /api/realtime 200 in 415ms
 GET /api/realtime 200 in 399ms
 GET /api/realtime 200 in 410ms
 GET /api/realtime 200 in 4101ms
 GET /api/realtime 200 in 5147ms
 GET /api/company/stats 200 in 495ms
 GET /api/realtime 200 in 492ms
 GET /api/realtime 200 in 506ms
 GET /api/realtime 200 in 518ms
 GET /api/realtime 200 in 5065ms
 GET /api/realtime 200 in 4229ms
 GET /api/realtime 200 in 312ms
 GET /api/notifications?limit=10 200 in 550ms
 GET /api/realtime 200 in 709ms
 GET /api/realtime 200 in 401ms
 GET /api/realtime 200 in 4982ms
 GET /api/realtime 200 in 402ms
 GET /api/realtime 200 in 5499ms
 GET /api/realtime 200 in 804ms
 GET /api/realtime 200 in 813ms
 GET /api/realtime 200 in 823ms
 GET /api/realtime 200 in 499ms
 GET /api/realtime 200 in 505ms
 GET /api/realtime 200 in 506ms
 GET /api/realtime 200 in 894ms
 GET /api/auth/session 200 in 491ms
 GET /api/realtime 200 in 482ms
 GET /api/realtime 200 in 486ms
 GET /api/realtime 200 in 486ms
 GET /api/realtime 200 in 4460ms
 GET /api/realtime 200 in 485ms
 GET /api/realtime 200 in 5824ms
 GET /api/realtime 200 in 4693ms
 GET /api/realtime 200 in 4645ms
 GET /api/realtime 200 in 421ms
 GET /api/realtime 200 in 4726ms
 GET /api/realtime 200 in 4451ms
 GET /api/notifications?limit=10 200 in 375ms
 GET /api/realtime 200 in 328ms
 GET /api/realtime 200 in 332ms
 GET /api/realtime 200 in 339ms
 GET /api/realtime 200 in 237ms
 GET /api/realtime 200 in 239ms
 GET /api/realtime 200 in 360ms
 GET /api/realtime 200 in 389ms
 GET /api/auth/session 200 in 324ms
 GET /api/realtime 200 in 220ms
 GET /api/notifications?limit=10 200 in 275ms
 GET /api/realtime 200 in 6361ms
 GET /api/realtime 200 in 6461ms
 GET /api/auth/session 200 in 133ms
 GET /api/realtime 200 in 6458ms
 GET /api/realtime 200 in 234ms
 GET /api/realtime 200 in 173ms
 GET /api/realtime 200 in 174ms
 GET /api/realtime 200 in 236ms
 GET /api/realtime 200 in 178ms
 GET /api/realtime 200 in 6313ms
 GET /api/realtime 200 in 5178ms
 GET /api/realtime 200 in 5070ms
 GET /api/realtime 200 in 212ms
 GET /api/notifications?limit=10 200 in 184ms
 GET /api/notifications?limit=10 200 in 185ms
 GET /api/notifications?limit=10 200 in 194ms
 GET /api/notifications?limit=10 200 in 193ms
 GET /api/realtime 200 in 218ms
 GET /api/auth/session 200 in 236ms
 GET /api/auth/session 200 in 237ms
 GET /api/auth/session 200 in 230ms
 GET /api/auth/session 200 in 237ms
 GET /api/auth/session 200 in 230ms
 GET /api/auth/session 200 in 227ms
 GET /api/auth/session 200 in 228ms
 GET /api/auth/session 200 in 228ms
 GET /api/auth/session 200 in 228ms
 GET /api/auth/session 200 in 229ms
 GET /api/auth/session 200 in 230ms
 GET /api/auth/session 200 in 230ms
 GET /api/realtime 200 in 83ms
 GET /api/realtime 200 in 74ms
 GET /api/realtime 200 in 82ms
 GET /api/realtime 200 in 91ms
 GET /api/realtime 200 in 79ms
 GET /api/realtime 200 in 74ms
 GET /api/realtime 200 in 84ms
 GET /api/realtime 200 in 93ms
 GET /api/realtime 200 in 72ms
 GET /api/realtime 200 in 71ms
 GET /api/realtime 200 in 69ms
 GET /api/realtime 200 in 70ms
 GET /api/realtime 200 in 69ms
 GET /api/realtime 200 in 71ms
 GET /api/realtime 200 in 70ms
 GET /api/realtime 200 in 74ms
 GET /api/realtime 200 in 69ms
 GET /api/realtime 200 in 68ms
 GET /api/realtime 200 in 73ms
 GET /api/realtime 200 in 69ms
 GET /api/realtime 200 in 68ms
 GET /api/realtime 200 in 69ms
 GET /api/realtime 200 in 74ms
 GET /api/realtime 200 in 68ms
 GET /api/realtime 200 in 71ms
 GET /api/realtime 200 in 78ms
 GET /api/realtime 200 in 99ms
 GET /api/realtime 200 in 74ms
 GET /api/realtime 200 in 77ms
 GET /api/realtime 200 in 70ms
 GET /api/realtime 200 in 69ms
 GET /api/realtime 200 in 73ms
 GET /api/realtime 200 in 70ms
 GET /api/realtime 200 in 68ms
 GET /api/realtime 200 in 111ms
 GET /api/realtime 200 in 107ms
 GET /api/realtime 200 in 69ms
 GET /api/realtime 200 in 87ms
 GET /api/realtime 200 in 78ms
 GET /api/realtime 200 in 73ms
 GET /api/realtime 200 in 10227ms
 ○ Compiling /company/invitations ...
 ✓ Compiled /company/invitations in 3.6s (3585 modules)
 GET /company/invitations 200 in 3919ms
 GET /company/usage 200 in 3919ms
 GET /company/team 200 in 3967ms
 GET /company/settings 307 in 3932ms
 GET /dashboard 200 in 223ms
 GET /projects/project-riverside-homes 200 in 4254ms
 GET /projects/project-downtown-office 200 in 4243ms
 GET /projects/project-mall-renovation 200 in 4208ms
 ○ Compiling /api/company/invitations ...
 ✓ Compiled /api/company/invitations in 1035ms (1995 modules)
 GET /api/realtime 200 in 1911ms
 GET /api/realtime 200 in 1278ms
 GET /api/realtime 200 in 1298ms
 GET /api/realtime 200 in 1960ms
 GET /api/auth/session 200 in 2594ms
 GET /api/notifications?limit=10 200 in 2133ms
 GET /api/company/invitations? 200 in 2607ms
 GET /api/realtime 200 in 169ms
 GET /api/auth/session 200 in 177ms
 GET /api/realtime 200 in 223ms
 GET /api/realtime 200 in 222ms
 GET /api/realtime 200 in 236ms
 GET /api/company/invitations? 200 in 192ms
 GET /api/notifications?limit=10 200 in 215ms
 GET /api/realtime 200 in 133ms
 GET /api/realtime 200 in 164ms
 GET /api/realtime 200 in 401ms
 GET /api/realtime 200 in 401ms
 GET /api/auth/session 200 in 407ms
 GET /api/company/invitations? 200 in 416ms
 GET /api/notifications?limit=10 200 in 413ms
 GET /api/realtime 200 in 376ms
 GET /api/realtime 200 in 431ms
 GET /api/realtime 200 in 235ms
 GET /api/realtime 200 in 239ms
 GET /api/auth/session 200 in 229ms
 GET /api/company/invitations? 200 in 234ms
 GET /api/notifications?limit=10 200 in 264ms
 GET /api/realtime 200 in 223ms
 GET /api/realtime 200 in 195ms
 GET /api/realtime 200 in 143ms
 GET /api/realtime 200 in 185ms
 GET /api/auth/session 200 in 237ms
 GET /api/realtime 200 in 236ms
 GET /api/notifications?limit=10 200 in 228ms
 GET /api/realtime 200 in 207ms
 GET /api/realtime 200 in 232ms
 GET /api/realtime 200 in 192ms
 GET /api/auth/session 200 in 172ms
 GET /api/notifications?limit=10 200 in 170ms
 GET /api/realtime 200 in 180ms
 GET /api/realtime 200 in 168ms
 GET /api/realtime 200 in 167ms
 GET /api/realtime 200 in 150ms
 GET /api/auth/session 200 in 158ms
 GET /api/notifications?limit=10 200 in 182ms
 GET /api/realtime 200 in 109ms
 GET /api/realtime 200 in 189ms
 GET /api/realtime 200 in 177ms
 GET /api/realtime 200 in 175ms
 GET /api/auth/session 200 in 133ms
 GET /api/notifications?limit=10 200 in 121ms
 GET /api/realtime 200 in 146ms
 GET /api/realtime 200 in 131ms
 GET /api/realtime 200 in 144ms
 GET /api/realtime 200 in 146ms
 GET /api/auth/session 200 in 151ms
 GET /api/notifications?limit=10 200 in 211ms
 GET /api/realtime 200 in 197ms
 GET /api/realtime 200 in 250ms
 GET /api/realtime 200 in 201ms
 GET /api/auth/session 200 in 116ms
 GET /api/notifications?limit=10 200 in 129ms
 GET /api/realtime 200 in 369ms
 GET /api/realtime 200 in 152ms
 GET /api/realtime 200 in 231ms
 GET /api/realtime 200 in 232ms
 GET /api/auth/session 200 in 183ms
 GET /api/realtime 200 in 226ms
 GET /api/notifications?limit=10 200 in 202ms
 GET /api/realtime 200 in 154ms
 GET /api/realtime 200 in 226ms
 GET /api/auth/session 200 in 170ms
 GET /api/realtime 200 in 209ms
 GET /api/realtime 200 in 114ms
 GET /api/notifications?limit=10 200 in 131ms
 GET /api/realtime 200 in 135ms
 GET /api/realtime 200 in 4935ms
 GET /api/realtime 200 in 139ms
 GET /api/realtime 200 in 4948ms
 GET /api/realtime 200 in 245ms
 GET /api/auth/session 200 in 174ms
 GET /api/notifications?limit=10 200 in 222ms
 GET /api/realtime 200 in 220ms
 GET /api/realtime 200 in 141ms
 GET /api/auth/session 200 in 94ms
 GET /api/notifications?limit=10 200 in 109ms
 GET /api/realtime 200 in 116ms
 GET /api/auth/session 200 in 101ms
 GET /api/realtime 200 in 125ms
 GET /api/notifications?limit=10 200 in 107ms
 GET /api/realtime 200 in 110ms
 GET /api/realtime 200 in 109ms
 GET /api/auth/session 200 in 150ms
 GET /api/notifications?limit=10 200 in 127ms
 GET /api/realtime 200 in 133ms
 GET /api/realtime 200 in 143ms
 GET /api/auth/session 200 in 108ms
 GET /api/realtime 200 in 92ms
 GET /api/realtime 200 in 178ms
 GET /api/auth/session 200 in 140ms
 GET /api/realtime 200 in 149ms
 GET /api/realtime 200 in 105ms
 GET /api/auth/session 200 in 68ms
 GET /api/realtime 200 in 83ms
 GET /api/realtime 200 in 108ms
 GET /api/auth/session 200 in 111ms
 GET /api/auth/session 200 in 132ms
 GET /api/realtime 200 in 260ms
 GET /api/realtime 200 in 271ms
 GET /api/auth/session 200 in 86ms
 GET /api/realtime 200 in 101ms
 GET /api/realtime 200 in 103ms
 GET /api/auth/session 200 in 64ms
 GET /api/realtime 200 in 99ms
 GET /api/realtime 200 in 95ms
 GET /api/auth/session 200 in 132ms
 GET /api/realtime 200 in 156ms
 GET /api/realtime 200 in 6424ms
 GET /api/realtime 200 in 117ms
 GET /api/auth/session 200 in 82ms
 GET /api/realtime 200 in 6314ms
[?25h
