Error fetching admin stats: n [Error]: Dynamic server usage: Route /api/admin/stats couldn't be rendered statically because it used `headers`. See more info here: https://nextjs.org/docs/messages/dynamic-server-error
    at l (/home/ubuntu/cortexbuild_pro/nextjs_space/.build/server/chunks/4372.js:1:37216)
    at d (/home/ubuntu/cortexbuild_pro/nextjs_space/.build/server/chunks/1472.js:25:30024)
    at s (/home/ubuntu/cortexbuild_pro/nextjs_space/.build/server/chunks/1472.js:25:20519)
    at p (/home/ubuntu/cortexbuild_pro/nextjs_space/.build/server/app/api/admin/stats/route.js:1:1305)
    at /opt/hostedapp/node/root/app/node_modules/next/dist/compiled/next-server/app-route.runtime.prod.js:6:38417
    at /opt/hostedapp/node/root/app/node_modules/next/dist/server/lib/trace/tracer.js:140:36
    at NoopContextManager.with (/opt/hostedapp/node/root/app/node_modules/next/dist/compiled/@opentelemetry/api/index.js:1:7062)
    at ContextAPI.with (/opt/hostedapp/node/root/app/node_modules/next/dist/compiled/@opentelemetry/api/index.js:1:518)
    at NoopTracer.startActiveSpan (/opt/hostedapp/node/root/app/node_modules/next/dist/compiled/@opentelemetry/api/index.js:1:18093)
    at ProxyTracer.startActiveSpan (/opt/hostedapp/node/root/app/node_modules/next/dist/compiled/@opentelemetry/api/index.js:1:18854) {
  description: "Route /api/admin/stats couldn't be rendered statically because it used `headers`. See more info here: https://nextjs.org/docs/messages/dynamic-server-error",
  digest: 'DYNAMIC_SERVER_USAGE'
}
Error fetching system health: n [Error]: Dynamic server usage: Route /api/admin/system-health couldn't be rendered statically because it used `headers`. See more info here: https://nextjs.org/docs/messages/dynamic-server-error
    at l (/home/ubuntu/cortexbuild_pro/nextjs_space/.build/server/chunks/4372.js:1:37216)
    at d (/home/ubuntu/cortexbuild_pro/nextjs_space/.build/server/chunks/1472.js:25:30024)
    at s (/home/ubuntu/cortexbuild_pro/nextjs_space/.build/server/chunks/1472.js:25:20519)
    at p (/home/ubuntu/cortexbuild_pro/nextjs_space/.build/server/app/api/admin/system-health/route.js:1:1315)
    at /opt/hostedapp/node/root/app/node_modules/next/dist/compiled/next-server/app-route.runtime.prod.js:6:38417
    at /opt/hostedapp/node/root/app/node_modules/next/dist/server/lib/trace/tracer.js:140:36
    at NoopContextManager.with (/opt/hostedapp/node/root/app/node_modules/next/dist/compiled/@opentelemetry/api/index.js:1:7062)
    at ContextAPI.with (/opt/hostedapp/node/root/app/node_modules/next/dist/compiled/@opentelemetry/api/index.js:1:518)
    at NoopTracer.startActiveSpan (/opt/hostedapp/node/root/app/node_modules/next/dist/compiled/@opentelemetry/api/index.js:1:18093)
    at ProxyTracer.startActiveSpan (/opt/hostedapp/node/root/app/node_modules/next/dist/compiled/@opentelemetry/api/index.js:1:18854) {
  description: "Route /api/admin/system-health couldn't be rendered statically because it used `headers`. See more info here: https://nextjs.org/docs/messages/dynamic-server-error",
  digest: 'DYNAMIC_SERVER_USAGE'
}
Error fetching audit logs: n [Error]: Dynamic server usage: Route /api/admin/audit-logs couldn't be rendered statically because it used `headers`. See more info here: https://nextjs.org/docs/messages/dynamic-server-error
    at l (/home/ubuntu/cortexbuild_pro/nextjs_space/.build/server/chunks/4372.js:1:37216)
    at d (/home/ubuntu/cortexbuild_pro/nextjs_space/.build/server/chunks/1472.js:25:30024)
    at s (/home/ubuntu/cortexbuild_pro/nextjs_space/.build/server/chunks/1472.js:25:20519)
    at c (/home/ubuntu/cortexbuild_pro/nextjs_space/.build/server/app/api/admin/audit-logs/route.js:1:1306)
    at /opt/hostedapp/node/root/app/node_modules/next/dist/compiled/next-server/app-route.runtime.prod.js:6:38417
    at /opt/hostedapp/node/root/app/node_modules/next/dist/server/lib/trace/tracer.js:140:36
    at NoopContextManager.with (/opt/hostedapp/node/root/app/node_modules/next/dist/compiled/@opentelemetry/api/index.js:1:7062)
    at ContextAPI.with (/opt/hostedapp/node/root/app/node_modules/next/dist/compiled/@opentelemetry/api/index.js:1:518)
    at NoopTracer.startActiveSpan (/opt/hostedapp/node/root/app/node_modules/next/dist/compiled/@opentelemetry/api/index.js:1:18093)
    at ProxyTracer.startActiveSpan (/opt/hostedapp/node/root/app/node_modules/next/dist/compiled/@opentelemetry/api/index.js:1:18854) {
  description: "Route /api/admin/audit-logs couldn't be rendered statically because it used `headers`. See more info here: https://nextjs.org/docs/messages/dynamic-server-error",
  digest: 'DYNAMIC_SERVER_USAGE'
}
Error fetching live feed: n [Error]: Dynamic server usage: Route /api/admin/live-feed couldn't be rendered statically because it used `headers`. See more info here: https://nextjs.org/docs/messages/dynamic-server-error
    at l (/home/ubuntu/cortexbuild_pro/nextjs_space/.build/server/chunks/4372.js:1:37216)
    at d (/home/ubuntu/cortexbuild_pro/nextjs_space/.build/server/chunks/1472.js:25:30024)
    at s (/home/ubuntu/cortexbuild_pro/nextjs_space/.build/server/chunks/1472.js:25:20519)
    at p (/home/ubuntu/cortexbuild_pro/nextjs_space/.build/server/app/api/admin/live-feed/route.js:1:1304)
    at /opt/hostedapp/node/root/app/node_modules/next/dist/compiled/next-server/app-route.runtime.prod.js:6:38417
    at /opt/hostedapp/node/root/app/node_modules/next/dist/server/lib/trace/tracer.js:140:36
    at NoopContextManager.with (/opt/hostedapp/node/root/app/node_modules/next/dist/compiled/@opentelemetry/api/index.js:1:7062)
    at ContextAPI.with (/opt/hostedapp/node/root/app/node_modules/next/dist/compiled/@opentelemetry/api/index.js:1:518)
    at NoopTracer.startActiveSpan (/opt/hostedapp/node/root/app/node_modules/next/dist/compiled/@opentelemetry/api/index.js:1:18093)
    at ProxyTracer.startActiveSpan (/opt/hostedapp/node/root/app/node_modules/next/dist/compiled/@opentelemetry/api/index.js:1:18854) {
  description: "Route /api/admin/live-feed couldn't be rendered statically because it used `headers`. See more info here: https://nextjs.org/docs/messages/dynamic-server-error",
  digest: 'DYNAMIC_SERVER_USAGE'
}
Error fetching company activity: n [Error]: Dynamic server usage: Route /api/company/activity couldn't be rendered statically because it used `headers`. See more info here: https://nextjs.org/docs/messages/dynamic-server-error
    at l (/home/ubuntu/cortexbuild_pro/nextjs_space/.build/server/chunks/4372.js:1:37216)
    at d (/home/ubuntu/cortexbuild_pro/nextjs_space/.build/server/chunks/1472.js:25:30024)
    at s (/home/ubuntu/cortexbuild_pro/nextjs_space/.build/server/chunks/1472.js:25:20519)
    at c (/home/ubuntu/cortexbuild_pro/nextjs_space/.build/server/app/api/company/activity/route.js:1:1306)
    at /opt/hostedapp/node/root/app/node_modules/next/dist/compiled/next-server/app-route.runtime.prod.js:6:38417
    at /opt/hostedapp/node/root/app/node_modules/next/dist/server/lib/trace/tracer.js:140:36
    at NoopContextManager.with (/opt/hostedapp/node/root/app/node_modules/next/dist/compiled/@opentelemetry/api/index.js:1:7062)
    at ContextAPI.with (/opt/hostedapp/node/root/app/node_modules/next/dist/compiled/@opentelemetry/api/index.js:1:518)
    at NoopTracer.startActiveSpan (/opt/hostedapp/node/root/app/node_modules/next/dist/compiled/@opentelemetry/api/index.js:1:18093)
    at ProxyTracer.startActiveSpan (/opt/hostedapp/node/root/app/node_modules/next/dist/compiled/@opentelemetry/api/index.js:1:18854) {
  description: "Route /api/company/activity couldn't be rendered statically because it used `headers`. See more info here: https://nextjs.org/docs/messages/dynamic-server-error",
  digest: 'DYNAMIC_SERVER_USAGE'
}
Error fetching activities: n [Error]: Dynamic server usage: Route /api/admin/activity couldn't be rendered statically because it used `headers`. See more info here: https://nextjs.org/docs/messages/dynamic-server-error
    at l (/home/ubuntu/cortexbuild_pro/nextjs_space/.build/server/chunks/4372.js:1:37216)
    at d (/home/ubuntu/cortexbuild_pro/nextjs_space/.build/server/chunks/1472.js:25:30024)
    at s (/home/ubuntu/cortexbuild_pro/nextjs_space/.build/server/chunks/1472.js:25:20519)
    at d (/home/ubuntu/cortexbuild_pro/nextjs_space/.build/server/app/api/admin/activity/route.js:1:1306)
    at /opt/hostedapp/node/root/app/node_modules/next/dist/compiled/next-server/app-route.runtime.prod.js:6:38417
    at /opt/hostedapp/node/root/app/node_modules/next/dist/server/lib/trace/tracer.js:140:36
    at NoopContextManager.with (/opt/hostedapp/node/root/app/node_modules/next/dist/compiled/@opentelemetry/api/index.js:1:7062)
    at ContextAPI.with (/opt/hostedapp/node/root/app/node_modules/next/dist/compiled/@opentelemetry/api/index.js:1:518)
    at NoopTracer.startActiveSpan (/opt/hostedapp/node/root/app/node_modules/next/dist/compiled/@opentelemetry/api/index.js:1:18093)
    at ProxyTracer.startActiveSpan (/opt/hostedapp/node/root/app/node_modules/next/dist/compiled/@opentelemetry/api/index.js:1:18854) {
  description: "Route /api/admin/activity couldn't be rendered statically because it used `headers`. See more info here: https://nextjs.org/docs/messages/dynamic-server-error",
  digest: 'DYNAMIC_SERVER_USAGE'
}
Error validating invitation: B [Error]: Dynamic server usage: Route /api/company/invitations/validate couldn't be rendered statically because it used `request.url`. See more info here: https://nextjs.org/docs/messages/dynamic-server-error
    at V (/opt/hostedapp/node/root/app/node_modules/next/dist/compiled/next-server/app-route.runtime.prod.js:6:21778)
    at Object.get (/opt/hostedapp/node/root/app/node_modules/next/dist/compiled/next-server/app-route.runtime.prod.js:6:29465)
    at u (/home/ubuntu/cortexbuild_pro/nextjs_space/.build/server/app/api/company/invitations/validate/route.js:1:604)
    at /opt/hostedapp/node/root/app/node_modules/next/dist/compiled/next-server/app-route.runtime.prod.js:6:38417
    at /opt/hostedapp/node/root/app/node_modules/next/dist/server/lib/trace/tracer.js:140:36
    at NoopContextManager.with (/opt/hostedapp/node/root/app/node_modules/next/dist/compiled/@opentelemetry/api/index.js:1:7062)
    at ContextAPI.with (/opt/hostedapp/node/root/app/node_modules/next/dist/compiled/@opentelemetry/api/index.js:1:518)
    at NoopTracer.startActiveSpan (/opt/hostedapp/node/root/app/node_modules/next/dist/compiled/@opentelemetry/api/index.js:1:18093)
    at ProxyTracer.startActiveSpan (/opt/hostedapp/node/root/app/node_modules/next/dist/compiled/@opentelemetry/api/index.js:1:18854)
    at /opt/hostedapp/node/root/app/node_modules/next/dist/server/lib/trace/tracer.js:122:103 {
  description: "Route /api/company/invitations/validate couldn't be rendered statically because it used `request.url`. See more info here: https://nextjs.org/docs/messages/dynamic-server-error",
  digest: 'DYNAMIC_SERVER_USAGE'
}
Error fetching company stats: n [Error]: Dynamic server usage: Route /api/company/stats couldn't be rendered statically because it used `headers`. See more info here: https://nextjs.org/docs/messages/dynamic-server-error
    at l (/home/ubuntu/cortexbuild_pro/nextjs_space/.build/server/chunks/4372.js:1:37216)
    at d (/home/ubuntu/cortexbuild_pro/nextjs_space/.build/server/chunks/1472.js:25:30024)
    at s (/home/ubuntu/cortexbuild_pro/nextjs_space/.build/server/chunks/1472.js:25:20519)
    at p (/home/ubuntu/cortexbuild_pro/nextjs_space/.build/server/app/api/company/stats/route.js:1:1306)
    at /opt/hostedapp/node/root/app/node_modules/next/dist/compiled/next-server/app-route.runtime.prod.js:6:38417
    at /opt/hostedapp/node/root/app/node_modules/next/dist/server/lib/trace/tracer.js:140:36
    at NoopContextManager.with (/opt/hostedapp/node/root/app/node_modules/next/dist/compiled/@opentelemetry/api/index.js:1:7062)
    at ContextAPI.with (/opt/hostedapp/node/root/app/node_modules/next/dist/compiled/@opentelemetry/api/index.js:1:518)
    at NoopTracer.startActiveSpan (/opt/hostedapp/node/root/app/node_modules/next/dist/compiled/@opentelemetry/api/index.js:1:18093)
    at ProxyTracer.startActiveSpan (/opt/hostedapp/node/root/app/node_modules/next/dist/compiled/@opentelemetry/api/index.js:1:18854) {
  description: "Route /api/company/stats couldn't be rendered statically because it used `headers`. See more info here: https://nextjs.org/docs/messages/dynamic-server-error",
  digest: 'DYNAMIC_SERVER_USAGE'
}
Dashboard stats error: n [Error]: Dynamic server usage: Route /api/dashboard/stats couldn't be rendered statically because it used `headers`. See more info here: https://nextjs.org/docs/messages/dynamic-server-error
    at l (/home/ubuntu/cortexbuild_pro/nextjs_space/.build/server/chunks/4372.js:1:37216)
    at d (/home/ubuntu/cortexbuild_pro/nextjs_space/.build/server/chunks/1472.js:25:30024)
    at s (/home/ubuntu/cortexbuild_pro/nextjs_space/.build/server/chunks/1472.js:25:20519)
    at p (/home/ubuntu/cortexbuild_pro/nextjs_space/.build/server/app/api/dashboard/stats/route.js:1:1306)
    at /opt/hostedapp/node/root/app/node_modules/next/dist/compiled/next-server/app-route.runtime.prod.js:6:38417
    at /opt/hostedapp/node/root/app/node_modules/next/dist/server/lib/trace/tracer.js:140:36
    at NoopContextManager.with (/opt/hostedapp/node/root/app/node_modules/next/dist/compiled/@opentelemetry/api/index.js:1:7062)
    at ContextAPI.with (/opt/hostedapp/node/root/app/node_modules/next/dist/compiled/@opentelemetry/api/index.js:1:518)
    at NoopTracer.startActiveSpan (/opt/hostedapp/node/root/app/node_modules/next/dist/compiled/@opentelemetry/api/index.js:1:18093)
    at ProxyTracer.startActiveSpan (/opt/hostedapp/node/root/app/node_modules/next/dist/compiled/@opentelemetry/api/index.js:1:18854) {
  description: "Route /api/dashboard/stats couldn't be rendered statically because it used `headers`. See more info here: https://nextjs.org/docs/messages/dynamic-server-error",
  digest: 'DYNAMIC_SERVER_USAGE'
}
Error fetching notifications: n [Error]: Dynamic server usage: Route /api/notifications couldn't be rendered statically because it used `headers`. See more info here: https://nextjs.org/docs/messages/dynamic-server-error
    at l (/home/ubuntu/cortexbuild_pro/nextjs_space/.build/server/chunks/4372.js:1:37216)
    at d (/home/ubuntu/cortexbuild_pro/nextjs_space/.build/server/chunks/1472.js:25:30024)
    at s (/home/ubuntu/cortexbuild_pro/nextjs_space/.build/server/chunks/1472.js:25:20519)
    at p (/home/ubuntu/cortexbuild_pro/nextjs_space/.build/server/app/api/notifications/route.js:1:1306)
    at /opt/hostedapp/node/root/app/node_modules/next/dist/compiled/next-server/app-route.runtime.prod.js:6:38417
    at /opt/hostedapp/node/root/app/node_modules/next/dist/server/lib/trace/tracer.js:140:36
    at NoopContextManager.with (/opt/hostedapp/node/root/app/node_modules/next/dist/compiled/@opentelemetry/api/index.js:1:7062)
    at ContextAPI.with (/opt/hostedapp/node/root/app/node_modules/next/dist/compiled/@opentelemetry/api/index.js:1:518)
    at NoopTracer.startActiveSpan (/opt/hostedapp/node/root/app/node_modules/next/dist/compiled/@opentelemetry/api/index.js:1:18093)
    at ProxyTracer.startActiveSpan (/opt/hostedapp/node/root/app/node_modules/next/dist/compiled/@opentelemetry/api/index.js:1:18854) {
  description: "Route /api/notifications couldn't be rendered statically because it used `headers`. See more info here: https://nextjs.org/docs/messages/dynamic-server-error",
  digest: 'DYNAMIC_SERVER_USAGE'
}
Error searching: n [Error]: Dynamic server usage: Route /api/search couldn't be rendered statically because it used `headers`. See more info here: https://nextjs.org/docs/messages/dynamic-server-error
    at l (/home/ubuntu/cortexbuild_pro/nextjs_space/.build/server/chunks/4372.js:1:37216)
    at d (/home/ubuntu/cortexbuild_pro/nextjs_space/.build/server/chunks/1472.js:25:30024)
    at s (/home/ubuntu/cortexbuild_pro/nextjs_space/.build/server/chunks/1472.js:25:20519)
    at p (/home/ubuntu/cortexbuild_pro/nextjs_space/.build/server/app/api/search/route.js:1:1304)
    at /opt/hostedapp/node/root/app/node_modules/next/dist/compiled/next-server/app-route.runtime.prod.js:6:38417
    at /opt/hostedapp/node/root/app/node_modules/next/dist/server/lib/trace/tracer.js:140:36
    at NoopContextManager.with (/opt/hostedapp/node/root/app/node_modules/next/dist/compiled/@opentelemetry/api/index.js:1:7062)
    at ContextAPI.with (/opt/hostedapp/node/root/app/node_modules/next/dist/compiled/@opentelemetry/api/index.js:1:518)
    at NoopTracer.startActiveSpan (/opt/hostedapp/node/root/app/node_modules/next/dist/compiled/@opentelemetry/api/index.js:1:18093)
    at ProxyTracer.startActiveSpan (/opt/hostedapp/node/root/app/node_modules/next/dist/compiled/@opentelemetry/api/index.js:1:18854) {
  description: "Route /api/search couldn't be rendered statically because it used `headers`. See more info here: https://nextjs.org/docs/messages/dynamic-server-error",
  digest: 'DYNAMIC_SERVER_USAGE'
}
Error validating invitation: B [Error]: Dynamic server usage: Route /api/invitations/validate couldn't be rendered statically because it used `request.url`. See more info here: https://nextjs.org/docs/messages/dynamic-server-error
    at V (/opt/hostedapp/node/root/app/node_modules/next/dist/compiled/next-server/app-route.runtime.prod.js:6:21778)
    at Object.get (/opt/hostedapp/node/root/app/node_modules/next/dist/compiled/next-server/app-route.runtime.prod.js:6:29465)
    at u (/home/ubuntu/cortexbuild_pro/nextjs_space/.build/server/app/api/invitations/validate/route.js:1:604)
    at /opt/hostedapp/node/root/app/node_modules/next/dist/compiled/next-server/app-route.runtime.prod.js:6:38417
    at /opt/hostedapp/node/root/app/node_modules/next/dist/server/lib/trace/tracer.js:140:36
    at NoopContextManager.with (/opt/hostedapp/node/root/app/node_modules/next/dist/compiled/@opentelemetry/api/index.js:1:7062)
    at ContextAPI.with (/opt/hostedapp/node/root/app/node_modules/next/dist/compiled/@opentelemetry/api/index.js:1:518)
    at NoopTracer.startActiveSpan (/opt/hostedapp/node/root/app/node_modules/next/dist/compiled/@opentelemetry/api/index.js:1:18093)
    at ProxyTracer.startActiveSpan (/opt/hostedapp/node/root/app/node_modules/next/dist/compiled/@opentelemetry/api/index.js:1:18854)
    at /opt/hostedapp/node/root/app/node_modules/next/dist/server/lib/trace/tracer.js:122:103 {
  description: "Route /api/invitations/validate couldn't be rendered statically because it used `request.url`. See more info here: https://nextjs.org/docs/messages/dynamic-server-error",
  digest: 'DYNAMIC_SERVER_USAGE'
}
