  ▲ Next.js 14.2.28
  - Local:        http://localhost:3000
  - Environments: .env
  - Experiments (use with caution):
    · outputFileTracingRoot

 ✓ Starting...
 ✓ Ready in 1711ms
 ○ Compiling / ...
 ✓ Compiled / in 1876ms (596 modules)
 GET / 200 in 2187ms
 ✓ Compiled in 517ms (296 modules)
 ○ Compiling /api/auth/[...nextauth] ...
 ✓ Compiled /api/auth/[...nextauth] in 508ms (541 modules)
 GET /api/auth/providers 200 in 1033ms
 GET / 200 in 109ms
 GET /api/auth/session 200 in 63ms
 GET /api/auth/session 200 in 49ms
 ○ Compiling /signup ...
 ✓ Compiled /signup in 965ms (881 modules)
 GET /login 200 in 1182ms
 GET /signup 200 in 1171ms
 GET /api/auth/session 200 in 82ms
 GET /api/auth/session 200 in 58ms
 GET /api/auth/session 200 in 61ms
 GET /api/auth/session 200 in 56ms
 GET /api/auth/session 200 in 65ms
 GET /api/auth/csrf 200 in 66ms
 ✓ Compiled /api/signup in 175ms (597 modules)
 POST /api/signup 200 in 672ms
 GET / 200 in 98ms
 GET /api/auth/signin 302 in 76ms
 GET /login?callbackUrl=https://7d9c4eb47.preview.abacusai.app 200 in 67ms
 GET /api/auth/csrf 200 in 50ms
 POST /api/auth/callback/credentials 302 in 349ms
 ✓ Compiled /middleware in 220ms (174 modules)
 ○ Compiling /dashboard ...
 ✓ Compiled /dashboard in 1728ms (2849 modules)
 GET /dashboard 200 in 2301ms
 GET / 200 in 104ms
 GET /dashboard 200 in 90ms
 GET /api/auth/session 200 in 149ms
 ○ Compiling /api/realtime ...
 ✓ Compiled /api/realtime in 613ms (1577 modules)
 ✓ Compiled (1580 modules)
 GET /api/auth/session 200 in 1029ms
 GET /api/notifications?limit=10 200 in 1062ms
 GET /api/realtime 200 in 1045ms
 GET /api/realtime 200 in 1049ms
 GET /api/realtime 200 in 993ms
 GET /api/realtime 200 in 1020ms
 GET /api/auth/session 200 in 98ms
 GET /api/notifications?limit=10 200 in 139ms
 GET /api/auth/session 200 in 80ms
 GET /api/notifications?limit=10 200 in 106ms
 GET /api/realtime 200 in 97ms
 GET /api/auth/session 200 in 99ms
 GET /api/notifications?limit=10 200 in 86ms
 GET /api/auth/session 200 in 86ms
 GET /api/realtime 200 in 76ms
 GET /api/realtime 200 in 59ms
 ○ Compiling /documents ...
 ✓ Compiled /documents in 4.3s (3318 modules)
 GET /projects/new 200 in 5224ms
 GET /meetings 200 in 5294ms
 GET /inspections 200 in 5289ms
 GET /daily-reports 200 in 5277ms
 GET /equipment 200 in 5297ms
 GET /change-orders 200 in 5228ms
 GET /projects 200 in 5279ms
 GET /team 200 in 5274ms
 GET /safety 200 in 5234ms
 GET /submittals 200 in 5234ms
 GET /settings 200 in 5236ms
 GET /documents 200 in 5236ms
 GET /rfis 200 in 5237ms
 GET /reports 200 in 5237ms
 GET /company 200 in 5238ms
 GET /punch-lists 200 in 5322ms
 GET /tasks 200 in 5253ms
 GET /api/notifications?limit=10 200 in 301ms
 GET /api/auth/session 200 in 476ms
 GET /api/realtime 200 in 464ms
 GET /api/realtime 200 in 580ms
 GET /api/realtime 200 in 464ms
 GET /api/realtime 200 in 583ms
 GET /api/realtime 200 in 446ms
 GET /api/realtime 200 in 398ms
 GET /api/realtime 200 in 400ms
 GET /api/realtime 200 in 462ms
 GET /api/realtime 200 in 488ms
 GET /api/realtime 200 in 525ms
 GET /api/realtime 200 in 469ms
 GET /api/realtime 200 in 544ms
 GET /api/notifications?limit=10 200 in 594ms
 GET /api/realtime 200 in 435ms
 GET /api/realtime 200 in 444ms
 GET /api/realtime 200 in 444ms
 GET /api/auth/session 200 in 450ms
 GET /api/notifications?limit=10 200 in 322ms
 GET /api/realtime 200 in 233ms
 GET /api/realtime 200 in 257ms
 GET /api/realtime 200 in 247ms
 GET /api/auth/session 200 in 299ms
 GET /api/realtime 200 in 287ms
 GET /api/notifications?limit=10 200 in 349ms
 GET /api/auth/session 200 in 267ms
 GET /api/notifications?limit=10 200 in 264ms
 GET /api/realtime 200 in 188ms
 GET /api/auth/session 200 in 177ms
 GET /api/notifications?limit=10 200 in 204ms
 GET /api/auth/session 200 in 256ms
 GET /api/realtime 200 in 277ms
 GET /api/notifications?limit=10 200 in 299ms
 GET /api/auth/session 200 in 213ms
 GET /api/notifications?limit=10 200 in 229ms
 GET /api/auth/session 200 in 281ms
 GET /api/notifications?limit=10 200 in 349ms
 GET /api/auth/session 200 in 167ms
 GET /api/notifications?limit=10 200 in 207ms
 GET /api/realtime 200 in 220ms
 GET /api/auth/session 200 in 209ms
 GET /api/notifications?limit=10 200 in 338ms
 GET /api/realtime 200 in 281ms
 GET /api/auth/session 200 in 365ms
 GET /api/notifications?limit=10 200 in 296ms
 GET /api/realtime 200 in 233ms
 GET /api/auth/session 200 in 248ms
 GET /api/realtime 200 in 213ms
 GET /api/notifications?limit=10 200 in 222ms
 GET /api/auth/session 200 in 156ms
 GET /api/realtime 200 in 213ms
 GET /api/realtime 200 in 210ms
 GET /api/notifications?limit=10 200 in 212ms
 GET /api/auth/session 200 in 194ms
 GET /api/notifications?limit=10 200 in 165ms
 GET /api/auth/session 200 in 261ms
 GET /api/notifications?limit=10 200 in 302ms
 GET /api/auth/session 200 in 264ms
 GET /api/notifications?limit=10 200 in 461ms
 GET /api/realtime 200 in 376ms
 GET /api/auth/session 200 in 327ms
 GET /api/notifications?limit=10 200 in 270ms
 GET /api/auth/session 200 in 202ms
 GET /api/realtime 200 in 228ms
 GET /api/realtime 200 in 228ms
 GET /api/notifications?limit=10 200 in 172ms
 GET /api/notifications?limit=10 200 in 176ms
 GET /api/notifications?limit=10 200 in 282ms
 GET /api/realtime 200 in 256ms
 GET /api/realtime 200 in 245ms
 GET /api/realtime 200 in 245ms
 GET /api/realtime 200 in 254ms
 GET /api/realtime 200 in 245ms
 GET /api/auth/session 200 in 269ms
 GET /api/realtime 200 in 280ms
 GET /api/realtime 200 in 239ms
 GET /api/realtime 200 in 253ms
 GET /api/auth/session 200 in 333ms
 GET /api/auth/session 200 in 281ms
 GET /api/auth/session 200 in 281ms
 GET /api/auth/session 200 in 282ms
 GET /api/auth/session 200 in 282ms
 GET /api/auth/session 200 in 283ms
 GET /api/auth/session 200 in 284ms
 GET /api/auth/session 200 in 284ms
 GET /api/auth/session 200 in 285ms
 GET /api/auth/session 200 in 286ms
 GET /api/auth/session 200 in 286ms
 GET /api/auth/session 200 in 287ms
 GET /api/auth/session 200 in 288ms
 GET /api/auth/session 200 in 287ms
 GET /api/auth/session 200 in 288ms
 GET /api/auth/session 200 in 289ms
 GET /api/auth/session 200 in 289ms
 GET /api/auth/session 200 in 288ms
 GET /api/auth/session 200 in 289ms
 GET /api/auth/session 200 in 289ms
 GET /api/auth/session 200 in 290ms
 GET /api/auth/session 200 in 291ms
 GET /api/notifications?limit=10 200 in 395ms
 GET /api/notifications?limit=10 200 in 355ms
 GET /api/realtime 200 in 397ms
 GET /api/notifications?limit=10 200 in 68ms
 GET /api/notifications?limit=10 200 in 65ms
 GET /api/realtime 200 in 72ms
 GET /api/notifications?limit=10 200 in 86ms
 GET /api/realtime 200 in 85ms
 GET /api/realtime 200 in 63ms
 ○ Compiling /company/usage ...
 ✓ Compiled /company/usage in 2.3s (3395 modules)
 GET /company/team 200 in 2719ms
 GET /company/usage 200 in 2703ms
 GET /company/invitations 200 in 2720ms
 GET /company/settings 307 in 2721ms
 GET /dashboard 200 in 226ms
 GET /projects/project-mall-renovation 200 in 3308ms
 GET /projects/project-downtown-office 200 in 3309ms
 GET /projects/project-riverside-homes 200 in 3289ms
 ○ Compiling /api/company/invitations ...
 ✓ Compiled /api/company/invitations in 1832ms (1887 modules)
 GET /api/realtime 200 in 30989ms
 GET /api/realtime 200 in 30664ms
 GET /api/realtime 200 in 30133ms
 GET /api/auth/session 200 in 2684ms
 GET /api/realtime 200 in 30196ms
 GET /api/realtime 200 in 2345ms
 GET /api/realtime 200 in 2331ms
 GET /api/realtime 200 in 2375ms
 GET /api/realtime 200 in 2309ms
 GET /api/realtime 200 in 2319ms
 GET /api/realtime 200 in 2333ms
 GET /api/realtime 200 in 2360ms
 GET /api/realtime 200 in 2322ms
 GET /api/realtime 200 in 2379ms
 GET /api/company/invitations? 200 in 2907ms
 GET /api/notifications?limit=10 200 in 2410ms
 GET /api/realtime 200 in 2257ms
 GET /api/realtime 200 in 2296ms
 GET /api/realtime 200 in 2337ms
 GET /api/realtime 200 in 2297ms
 GET /api/realtime 200 in 2277ms
 GET /api/realtime 200 in 2262ms
 GET /api/realtime 200 in 2304ms
 GET /api/realtime 200 in 30095ms
 GET /api/realtime 200 in 30108ms
 GET /api/auth/session 200 in 183ms
 GET /api/realtime 200 in 30066ms
 GET /api/company/invitations? 200 in 214ms
 GET /api/notifications?limit=10 200 in 238ms
 GET /api/realtime 200 in 30065ms
 GET /api/realtime 200 in 30071ms
 GET /api/auth/session 200 in 196ms
 GET /api/notifications?limit=10 200 in 150ms
 GET /api/company/invitations? 200 in 152ms
 GET /api/realtime 200 in 30065ms
 GET /api/realtime 200 in 30102ms
 GET /api/auth/session 200 in 188ms
 GET /api/realtime 200 in 30066ms
 GET /api/company/invitations? 200 in 183ms
 GET /api/notifications?limit=10 200 in 187ms
 GET /api/realtime 200 in 30065ms
 GET /api/auth/session 200 in 122ms
 GET /api/notifications?limit=10 200 in 142ms
 GET /api/realtime 200 in 30057ms
 GET /api/realtime 200 in 30058ms
 GET /api/auth/session 200 in 168ms
 GET /api/realtime 200 in 30100ms
 GET /api/notifications?limit=10 200 in 189ms
 GET /api/realtime 200 in 30062ms
 GET /api/auth/session 200 in 107ms
 GET /api/realtime 200 in 30066ms
 GET /api/notifications?limit=10 200 in 144ms
 GET /api/realtime 200 in 186ms
 GET /api/auth/session 200 in 147ms
 GET /api/realtime 200 in 30066ms
 GET /api/notifications?limit=10 200 in 115ms
 GET /api/auth/session 200 in 115ms
 GET /api/realtime 200 in 30062ms
 GET /api/notifications?limit=10 200 in 85ms
 GET /api/realtime 200 in 30057ms
 GET /api/auth/session 200 in 141ms
 GET /api/notifications?limit=10 200 in 150ms
 GET /api/realtime 200 in 30057ms
 GET /api/realtime 200 in 163ms
 GET /api/realtime 200 in 30067ms
 GET /api/auth/session 200 in 157ms
 GET /api/notifications?limit=10 200 in 164ms
 GET /api/realtime 200 in 30060ms
 GET /api/realtime 200 in 120ms
 GET /api/realtime 200 in 30059ms
 GET /api/auth/session 200 in 153ms
 GET /api/realtime 200 in 30063ms
 GET /api/notifications?limit=10 200 in 183ms
 GET /api/realtime 200 in 186ms
 GET /api/realtime 200 in 30056ms
 GET /api/auth/session 200 in 153ms
 GET /api/notifications?limit=10 200 in 145ms
 GET /api/realtime 200 in 30064ms
 GET /api/realtime 200 in 133ms
 GET /api/realtime 200 in 30057ms
 GET /api/notifications?limit=10 200 in 166ms
 GET /api/realtime 200 in 30064ms
 GET /api/auth/session 200 in 227ms
 GET /api/realtime 200 in 30057ms
 GET /api/realtime 200 in 138ms
 GET /api/realtime 200 in 30064ms
 GET /api/realtime 200 in 125ms
 GET /api/auth/session 200 in 103ms
 GET /api/notifications?limit=10 200 in 146ms
 GET /api/realtime 200 in 30062ms
 GET /api/realtime 200 in 117ms
 GET /api/realtime 200 in 30062ms
 GET /api/auth/session 200 in 162ms
 GET /api/notifications?limit=10 200 in 183ms
 GET /api/realtime 200 in 30064ms
 GET /api/realtime 200 in 30061ms
 GET /api/realtime 200 in 133ms
 GET /api/auth/session 200 in 144ms
 GET /api/realtime 200 in 30058ms
 GET /api/auth/session 200 in 64ms
 GET /api/realtime 200 in 30061ms
 GET /api/auth/session 200 in 79ms
 GET /api/realtime 200 in 30061ms
 GET /api/auth/session 200 in 104ms
 GET /api/realtime 200 in 30059ms
 GET /api/realtime 200 in 30066ms
 GET /api/auth/session 200 in 148ms
 GET /api/realtime 200 in 30087ms
 GET /api/realtime 200 in 30062ms
 GET /api/auth/session 200 in 80ms
 GET /api/realtime 200 in 30057ms
 GET /api/auth/session 200 in 85ms
 GET /api/realtime 200 in 30058ms
 GET /api/realtime 200 in 30055ms
 GET /api/auth/session 200 in 146ms
 GET /api/realtime 200 in 30060ms
 GET /api/realtime 200 in 30058ms
 GET /api/realtime 200 in 30061ms
 GET /api/realtime 200 in 94ms
 GET /api/realtime 200 in 121ms
 GET /api/realtime 200 in 95ms
 GET /api/realtime 200 in 30056ms
 GET /api/realtime 200 in 30061ms
 GET /api/realtime 200 in 30059ms
 GET /api/realtime 200 in 30058ms
 GET /api/realtime 200 in 30061ms
 GET /api/realtime 200 in 30059ms
 GET /api/realtime 200 in 30058ms
 GET /api/realtime 200 in 30058ms
 GET /api/realtime 200 in 30564ms
 GET /api/realtime 200 in 30450ms
 GET /api/realtime 200 in 30574ms
 GET /api/realtime 200 in 30452ms
 GET /api/realtime 200 in 30429ms
 GET /api/realtime 200 in 30384ms
 GET /api/realtime 200 in 30385ms
 GET /api/realtime 200 in 30523ms
 GET /api/realtime 200 in 30520ms
 GET /api/realtime 200 in 30459ms
 GET /api/realtime 200 in 30459ms
 GET /api/realtime 200 in 30547ms
 GET /api/realtime 200 in 30554ms
 GET /api/realtime 200 in 30453ms
 GET /api/realtime 200 in 30463ms
 GET /api/realtime 200 in 30431ms
 GET /api/realtime 200 in 30431ms
 GET /api/realtime 200 in 30433ms
 GET /api/realtime 200 in 30435ms
 GET /api/realtime 200 in 30411ms
 GET /api/realtime 200 in 30411ms
 GET /api/realtime 200 in 30368ms
 GET /api/realtime 200 in 30380ms
 GET /api/realtime 200 in 30320ms
 GET /api/realtime 200 in 30320ms
 GET /api/realtime 200 in 30348ms
 GET /api/realtime 200 in 30257ms
 GET /api/realtime 200 in 30311ms
 GET /api/realtime 200 in 30278ms
 GET /api/realtime 200 in 30364ms
 GET /api/realtime 200 in 30232ms
 GET /api/realtime 200 in 30232ms
 GET /api/realtime 200 in 30233ms
 GET /api/realtime 200 in 30233ms
 GET /api/realtime 200 in 30211ms
 GET /api/realtime 200 in 30213ms
 GET /api/realtime 200 in 30351ms
 GET /api/realtime 200 in 30238ms
 GET /api/realtime 200 in 30284ms
 GET /api/realtime 200 in 30246ms
 GET /api/realtime 200 in 30241ms
 GET /api/realtime 200 in 30242ms
 GET /api/realtime 200 in 30244ms
 GET /api/realtime 200 in 30296ms
 GET /api/realtime 200 in 30295ms
 GET /api/realtime 200 in 30325ms
 GET /api/realtime 200 in 30280ms
 GET /api/realtime 200 in 30298ms
 GET /api/realtime 200 in 30281ms
 GET /api/realtime 200 in 30281ms
 GET /api/realtime 200 in 30280ms
 GET /api/realtime 200 in 30281ms
 GET /api/realtime 200 in 30283ms
 GET /api/realtime 200 in 30284ms
 GET /api/realtime 200 in 30287ms
 GET /api/realtime 200 in 30234ms
 GET /api/realtime 200 in 30240ms
 GET /api/realtime 200 in 30308ms
 GET /api/realtime 200 in 30236ms
 GET /api/realtime 200 in 30217ms
 GET /api/realtime 200 in 30209ms
 GET /api/realtime 200 in 30214ms
 GET /api/realtime 200 in 30204ms
 GET /api/realtime 200 in 30206ms
 GET /api/realtime 200 in 30248ms
 GET /api/realtime 200 in 30249ms
 GET /api/realtime 200 in 30250ms
 GET /api/realtime 200 in 30250ms
 GET /api/realtime 200 in 30253ms
 GET /api/realtime 200 in 30253ms
 GET /api/realtime 200 in 30221ms
 GET /api/realtime 200 in 30229ms
 GET /api/realtime 200 in 30229ms
 GET /api/realtime 200 in 30230ms
 GET /api/realtime 200 in 30180ms
 GET /api/realtime 200 in 30181ms
 GET /api/realtime 200 in 30237ms
 GET /api/realtime 200 in 30177ms
 GET /api/realtime 200 in 30179ms
 GET /api/realtime 200 in 30188ms
 GET /api/realtime 200 in 30188ms
 GET /api/realtime 200 in 30181ms
 GET /api/realtime 200 in 30167ms
 GET /api/realtime 200 in 30168ms
 GET /api/realtime 200 in 30167ms
 GET /api/realtime 200 in 30169ms
 GET /api/realtime 200 in 30177ms
 GET /api/realtime 200 in 30235ms
 GET /api/realtime 200 in 30214ms
 GET /api/realtime 200 in 30236ms
 GET /api/realtime 200 in 30237ms
 GET /api/realtime 200 in 30216ms
 GET /api/realtime 200 in 30239ms
 GET /api/realtime 200 in 30273ms
 GET /api/realtime 200 in 30273ms
 GET /api/realtime 200 in 30274ms
 GET /api/realtime 200 in 30276ms
 GET /api/realtime 200 in 30277ms
 GET /api/realtime 200 in 30286ms
 GET /api/realtime 200 in 30219ms
 GET /api/realtime 200 in 30274ms
 GET /api/realtime 200 in 30281ms
 GET /api/realtime 200 in 30284ms
 GET /api/realtime 200 in 30259ms
 GET /api/realtime 200 in 30259ms
 GET /api/realtime 200 in 30259ms
 GET /api/realtime 200 in 30258ms
 GET /api/realtime 200 in 30260ms
 GET /api/realtime 200 in 30268ms
 GET /api/realtime 200 in 30265ms
 GET /api/realtime 200 in 30271ms
 GET /api/realtime 200 in 30216ms
 GET /api/realtime 200 in 30227ms
 GET /api/realtime 200 in 30215ms
 GET /api/realtime 200 in 30215ms
 GET /api/realtime 200 in 30215ms
 GET /api/realtime 200 in 30216ms
 GET /api/realtime 200 in 30259ms
 GET /api/realtime 200 in 30218ms
 GET /api/realtime 200 in 30230ms
 GET /api/realtime 200 in 30230ms
 GET /api/realtime 200 in 30231ms
 GET /api/realtime 200 in 30231ms
 GET /api/realtime 200 in 30231ms
 GET /api/realtime 200 in 30245ms
 GET /api/realtime 200 in 30238ms
 GET /api/realtime 200 in 30243ms
 GET /api/realtime 200 in 30314ms
 GET /api/realtime 200 in 30311ms
 GET /api/realtime 200 in 30312ms
 GET /api/realtime 200 in 30304ms
 GET /api/realtime 200 in 30313ms
 GET /api/realtime 200 in 30305ms
 GET /api/realtime 200 in 30313ms
 GET /api/realtime 200 in 30308ms
 GET /api/realtime 200 in 30320ms
 GET /api/realtime 200 in 30308ms
 GET /api/realtime 200 in 30293ms
 GET /api/realtime 200 in 30301ms
 GET /api/realtime 200 in 30294ms
 GET /api/realtime 200 in 30328ms
 GET /api/realtime 200 in 30208ms
 GET /api/realtime 200 in 30211ms
 GET /api/realtime 200 in 30188ms
 GET /api/realtime 200 in 30186ms
 GET /api/realtime 200 in 30188ms
 GET /api/realtime 200 in 30174ms
 GET /api/realtime 200 in 30174ms
 GET /api/realtime 200 in 30174ms
 GET /api/realtime 200 in 30157ms
 GET /api/realtime 200 in 30177ms
 GET /api/realtime 200 in 30182ms
 GET /api/realtime 200 in 30209ms
 GET /api/realtime 200 in 30210ms
 GET /api/realtime 200 in 30204ms
 GET /api/realtime 200 in 30205ms
 GET /api/realtime 200 in 30211ms
 GET /api/realtime 200 in 30238ms
 GET /api/realtime 200 in 30245ms
 GET /api/realtime 200 in 30243ms
 GET /api/realtime 200 in 30244ms
 GET /api/realtime 200 in 30244ms
 GET /api/realtime 200 in 30246ms
 GET /api/realtime 200 in 30226ms
 GET /api/realtime 200 in 30229ms
 GET /api/realtime 200 in 30230ms
 GET /api/realtime 200 in 30232ms
 GET /api/realtime 200 in 30256ms
 GET /api/realtime 200 in 30311ms
 GET /api/realtime 200 in 30327ms
 GET /api/realtime 200 in 30313ms
 GET /api/realtime 200 in 30319ms
 GET /api/realtime 200 in 30280ms
 GET /api/realtime 200 in 30280ms
 GET /api/realtime 200 in 30342ms
 GET /api/realtime 200 in 30264ms
 GET /api/realtime 200 in 30262ms
 GET /api/realtime 200 in 30264ms
 GET /api/realtime 200 in 30269ms
 GET /api/realtime 200 in 30268ms
 GET /api/realtime 200 in 30290ms
 GET /api/realtime 200 in 30291ms
 GET /api/realtime 200 in 30274ms
 GET /api/realtime 200 in 30296ms
 GET /api/realtime 200 in 30268ms
 GET /api/realtime 200 in 30294ms
 GET /api/realtime 200 in 30301ms
 GET /api/realtime 200 in 30237ms
 GET /api/realtime 200 in 30252ms
 GET /api/realtime 200 in 30225ms
 GET /api/realtime 200 in 30243ms
 GET /api/realtime 200 in 30219ms
 GET /api/realtime 200 in 30207ms
 GET /api/realtime 200 in 30247ms
 GET /api/realtime 200 in 30231ms
 GET /api/realtime 200 in 30247ms
 GET /api/realtime 200 in 30207ms
 GET /api/realtime 200 in 30194ms
 GET /api/realtime 200 in 30198ms
 GET /api/realtime 200 in 30214ms
 GET /api/realtime 200 in 30206ms
 GET /api/realtime 200 in 30217ms
 GET /api/realtime 200 in 30203ms
 GET /api/realtime 200 in 30202ms
 GET /api/realtime 200 in 30203ms
 GET /api/realtime 200 in 30205ms
 GET /api/realtime 200 in 30205ms
 GET /api/realtime 200 in 30210ms
 GET /api/realtime 200 in 30203ms
 GET /api/realtime 200 in 30202ms
 GET /api/realtime 200 in 30203ms
 GET /api/realtime 200 in 30204ms
 GET /api/realtime 200 in 30218ms
 GET /api/realtime 200 in 30195ms
 GET /api/realtime 200 in 30190ms
 GET /api/realtime 200 in 30190ms
 GET /api/realtime 200 in 30190ms
 GET /api/realtime 200 in 30176ms
 GET /api/realtime 200 in 30135ms
 GET /api/realtime 200 in 30187ms
 GET /api/realtime 200 in 30188ms
 GET /api/realtime 200 in 30177ms
 GET /api/realtime 200 in 30179ms
 GET /api/realtime 200 in 30180ms
 GET /api/realtime 200 in 30204ms
 GET /api/realtime 200 in 30212ms
 GET /api/realtime 200 in 30193ms
 GET /api/realtime 200 in 30194ms
 GET /api/realtime 200 in 30206ms
 GET /api/realtime 200 in 30302ms
 GET /api/realtime 200 in 30249ms
 GET /api/realtime 200 in 30249ms
 GET /api/realtime 200 in 30251ms
 GET /api/realtime 200 in 30252ms
 GET /api/realtime 200 in 30279ms
 GET /api/realtime 200 in 30256ms
 GET /api/realtime 200 in 30262ms
 GET /api/realtime 200 in 30262ms
 GET /api/realtime 200 in 30263ms
 GET /api/realtime 200 in 30235ms
 GET /api/realtime 200 in 30413ms
 GET /api/realtime 200 in 30412ms
 GET /api/realtime 200 in 30393ms
 GET /api/realtime 200 in 30397ms
 GET /api/realtime 200 in 30289ms
 GET /api/realtime 200 in 30294ms
 GET /api/realtime 200 in 30328ms
 GET /api/realtime 200 in 30329ms
 GET /api/realtime 200 in 30343ms
 GET /api/realtime 200 in 30350ms
 GET /api/realtime 200 in 30360ms
 GET /api/realtime 200 in 30248ms
 GET /api/realtime 200 in 30239ms
 GET /api/realtime 200 in 30287ms
 GET /api/realtime 200 in 30213ms
 GET /api/realtime 200 in 30222ms
 GET /api/realtime 200 in 30244ms
 GET /api/realtime 200 in 30211ms
 GET /api/realtime 200 in 30210ms
 GET /api/realtime 200 in 30211ms
 GET /api/realtime 200 in 30214ms
 GET /api/realtime 200 in 30217ms
 GET /api/realtime 200 in 30246ms
 GET /api/realtime 200 in 30181ms
 GET /api/realtime 200 in 30225ms
 GET /api/realtime 200 in 30226ms
 GET /api/realtime 200 in 30276ms
 GET /api/realtime 200 in 30268ms
 GET /api/realtime 200 in 30074ms
 GET /api/realtime 200 in 30106ms
 GET /api/realtime 200 in 30090ms
 GET /api/realtime 200 in 30059ms
 GET /api/realtime 200 in 30055ms
 GET /api/realtime 200 in 30056ms
 GET /api/realtime 200 in 30058ms
 GET /api/realtime 200 in 30057ms
 GET /api/realtime 200 in 30057ms
 GET /api/realtime 200 in 30058ms
 GET /api/realtime 200 in 30066ms
 GET /api/realtime 200 in 30059ms
 GET /api/realtime 200 in 30059ms
 GET /api/realtime 200 in 30059ms
 GET /api/realtime 200 in 30056ms
 GET /api/realtime 200 in 30057ms
 GET /api/realtime 200 in 30060ms
 GET /api/realtime 200 in 30058ms
 GET /api/realtime 200 in 30059ms
 GET /api/realtime 200 in 30056ms
 GET /api/realtime 200 in 30059ms
 GET /api/realtime 200 in 30057ms
 GET /api/realtime 200 in 30064ms
 GET /api/realtime 200 in 30059ms
 GET /api/realtime 200 in 30060ms
 GET /api/realtime 200 in 30060ms
 GET /api/realtime 200 in 30061ms
 GET /api/realtime 200 in 30059ms
 GET /api/realtime 200 in 30057ms
 GET /api/realtime 200 in 30059ms
 GET /api/realtime 200 in 30058ms
 GET /api/realtime 200 in 30058ms
 GET /api/realtime 200 in 30061ms
 GET /api/realtime 200 in 30059ms
 GET /api/realtime 200 in 30057ms
 GET /api/realtime 200 in 30060ms
 GET /api/realtime 200 in 30061ms
 GET /api/realtime 200 in 30063ms
 GET /api/realtime 200 in 30059ms
 GET /api/realtime 200 in 30070ms
 GET /api/realtime 200 in 30060ms
 GET /api/realtime 200 in 32311ms
 GET /api/realtime 200 in 31994ms
 GET /api/realtime 200 in 31962ms
 GET /api/realtime 200 in 32274ms
 GET /api/realtime 200 in 31999ms
 GET /api/realtime 200 in 32323ms
 GET /api/realtime 200 in 32313ms
 GET /api/realtime 200 in 32037ms
 GET /api/realtime 200 in 30187ms
 GET /api/realtime 200 in 30187ms
 GET /api/realtime 200 in 30166ms
 GET /api/realtime 200 in 30213ms
 GET /api/realtime 200 in 30156ms
 GET /api/realtime 200 in 30163ms
 GET /api/realtime 200 in 30141ms
 GET /api/realtime 200 in 30177ms
 GET /api/realtime 200 in 30152ms
 GET /api/realtime 200 in 30119ms
 GET /api/realtime 200 in 30147ms
 GET /api/realtime 200 in 30218ms
 GET /api/realtime 200 in 30145ms
 GET /api/realtime 200 in 30153ms
 GET /api/realtime 200 in 30159ms
 GET /api/realtime 200 in 30157ms
 GET /api/realtime 200 in 30140ms
 GET /api/realtime 200 in 30128ms
 GET /api/realtime 200 in 30154ms
 GET /api/realtime 200 in 30180ms
 GET /api/realtime 200 in 30114ms
 GET /api/realtime 200 in 30114ms
 GET /api/realtime 200 in 30116ms
 GET /api/realtime 200 in 30143ms
 GET /api/realtime 200 in 30153ms
 GET /api/realtime 200 in 30163ms
 GET /api/realtime 200 in 30108ms
 GET /api/realtime 200 in 30155ms
 GET /api/realtime 200 in 30108ms
 GET /api/realtime 200 in 30113ms
 GET /api/realtime 200 in 30095ms
 GET /api/realtime 200 in 30105ms
 GET /api/realtime 200 in 30096ms
 GET /api/realtime 200 in 30099ms
 GET /api/realtime 200 in 30168ms
 GET /api/realtime 200 in 30159ms
 GET /api/realtime 200 in 30169ms
 GET /api/realtime 200 in 30146ms
 GET /api/realtime 200 in 30117ms
 GET /api/realtime 200 in 30121ms
 GET /api/realtime 200 in 30130ms
 GET /api/realtime 200 in 30133ms
 GET /api/realtime 200 in 30154ms
 GET /api/realtime 200 in 30124ms
 GET /api/realtime 200 in 30137ms
 GET /api/realtime 200 in 30167ms
 GET /api/realtime 200 in 30146ms
 GET /api/realtime 200 in 30139ms
 GET /api/realtime 200 in 30131ms
 GET /api/realtime 200 in 30195ms
 GET /api/realtime 200 in 30125ms
 GET /api/realtime 200 in 30131ms
 GET /api/realtime 200 in 30077ms
 GET /api/realtime 200 in 30102ms
 GET /api/realtime 200 in 30185ms
 GET /api/realtime 200 in 30147ms
 GET /api/realtime 200 in 30117ms
 GET /api/realtime 200 in 30141ms
 GET /api/realtime 200 in 30088ms
 GET /api/realtime 200 in 30091ms
 GET /api/realtime 200 in 30078ms
 GET /api/realtime 200 in 30077ms
 GET /api/realtime 200 in 30084ms
 GET /api/realtime 200 in 30072ms
 GET /api/realtime 200 in 30112ms
 GET /api/realtime 200 in 30115ms
 GET /api/realtime 200 in 30085ms
 GET /api/realtime 200 in 30104ms
 GET /api/realtime 200 in 30145ms
 GET /api/realtime 200 in 30145ms
 GET /api/realtime 200 in 30085ms
 GET /api/realtime 200 in 30094ms
 GET /api/realtime 200 in 30100ms
 GET /api/realtime 200 in 30140ms
 GET /api/realtime 200 in 30124ms
 GET /api/realtime 200 in 30152ms
 GET /api/realtime 200 in 30083ms
 GET /api/realtime 200 in 30067ms
[?25h
