  ▲ Next.js 14.2.28
  - Local:        http://localhost:3000
  - Environments: .env
  - Experiments (use with caution):
    · outputFileTracingRoot

 ✓ Starting...
 ✓ Ready in 2.2s
 ○ Compiling / ...
 ✓ Compiled / in 2.5s (596 modules)
 ✓ Compiled in 597ms (296 modules)
 GET / 200 in 3186ms
 GET / 200 in 81ms
 ✓ Compiled /api/auth/[...nextauth] in 493ms (541 modules)
 GET /api/auth/session 200 in 1017ms
 GET /api/auth/session 200 in 78ms
 GET / 200 in 108ms
 GET / 200 in 68ms
 GET /api/auth/session 200 in 75ms
 GET / 200 in 68ms
 GET / 200 in 75ms
[?25h
