  ▲ Next.js 14.2.28
  - Local:        http://localhost:3000
  - Environments: .env
  - Experiments (use with caution):
    · outputFileTracingRoot

 ✓ Starting...
 ✓ Ready in 1756ms
 ○ Compiling / ...
 ✓ Compiled / in 2s (596 modules)
 GET / 200 in 2347ms
 ✓ Compiled in 544ms (296 modules)
 ○ Compiling /api/auth/[...nextauth] ...
 ✓ Compiled /api/auth/[...nextauth] in 523ms (541 modules)
 GET /api/auth/providers 200 in 1059ms
 GET / 200 in 115ms
 GET /api/auth/session 200 in 70ms
 GET /api/auth/session 200 in 57ms
 ○ Compiling /signup ...
 ✓ Compiled /signup in 1608ms (881 modules)
 GET /login 200 in 1830ms
 GET /signup 200 in 1819ms
 GET /api/auth/session 200 in 91ms
 GET /api/auth/session 200 in 59ms
 GET /api/auth/session 200 in 58ms
 GET /api/auth/session 200 in 50ms
 GET /api/auth/session 200 in 73ms
 GET /api/auth/session 200 in 334ms
 GET /api/auth/csrf 200 in 65ms
 ✓ Compiled /api/signup in 182ms (597 modules)
 POST /api/signup 200 in 668ms
 GET / 200 in 95ms
 GET /api/auth/signin 302 in 80ms
 GET /login?callbackUrl=https://7d9c4eb47.preview.abacusai.app 200 in 68ms
 GET /api/auth/csrf 200 in 48ms
 POST /api/auth/callback/credentials 302 in 348ms
 ✓ Compiled /middleware in 265ms (174 modules)
 ○ Compiling /dashboard ...
 ✓ Compiled /dashboard in 1720ms (2849 modules)
 GET /dashboard 200 in 2506ms
 GET / 200 in 122ms
 GET /dashboard 200 in 121ms
 GET /api/auth/session 200 in 94ms
 ○ Compiling /api/realtime ...
 ✓ Compiled /api/realtime in 567ms (1577 modules)
 ✓ Compiled (1580 modules)
 GET /api/auth/session 200 in 993ms
 GET /api/notifications?limit=10 200 in 1058ms
 GET /api/realtime 200 in 1047ms
 GET /api/realtime 200 in 1048ms
 GET /api/realtime 200 in 962ms
 GET /api/realtime 200 in 1017ms
 GET /api/auth/session 200 in 127ms
 GET /api/notifications?limit=10 200 in 167ms
 GET /api/auth/session 200 in 101ms
 GET /api/notifications?limit=10 200 in 133ms
 GET /api/auth/session 200 in 78ms
 GET /api/realtime 200 in 102ms
 GET /api/notifications?limit=10 200 in 144ms
 GET /api/auth/session 200 in 140ms
 GET /api/realtime 200 in 109ms
 GET /api/realtime 200 in 95ms
 ○ Compiling /settings ...
 ✓ Compiled /settings in 5.4s (3318 modules)
 GET /inspections 200 in 6323ms
 GET /equipment 200 in 6323ms
 GET /change-orders 200 in 6223ms
 GET /meetings 200 in 6304ms
 GET /daily-reports 200 in 6225ms
 GET /submittals 200 in 6308ms
 GET /rfis 200 in 6309ms
 GET /projects 200 in 6310ms
 GET /safety 200 in 6231ms
 GET /company 200 in 6232ms
 GET /tasks 200 in 6315ms
 GET /projects/new 200 in 6235ms
 GET /settings 200 in 6236ms
 GET /documents 200 in 6237ms
 GET /team 200 in 6245ms
 GET /reports 200 in 6246ms
 GET /punch-lists 200 in 6354ms
 GET /api/notifications?limit=10 200 in 387ms
 GET /api/auth/session 200 in 451ms
 GET /api/realtime 200 in 407ms
 GET /api/realtime 200 in 452ms
 GET /api/realtime 200 in 459ms
 GET /api/realtime 200 in 397ms
 GET /api/realtime 200 in 406ms
 GET /api/realtime 200 in 428ms
 GET /api/realtime 200 in 429ms
 GET /api/realtime 200 in 540ms
 GET /api/realtime 200 in 557ms
 GET /api/realtime 200 in 573ms
 GET /api/notifications?limit=10 200 in 634ms
 GET /api/realtime 200 in 470ms
 GET /api/auth/session 200 in 578ms
 GET /api/realtime 200 in 489ms
 GET /api/realtime 200 in 356ms
 GET /api/realtime 200 in 360ms
 GET /api/realtime 200 in 298ms
 GET /api/realtime 200 in 442ms
 GET /api/realtime 200 in 310ms
 GET /api/notifications?limit=10 200 in 448ms
 GET /api/realtime 200 in 284ms
 GET /api/realtime 200 in 293ms
 GET /api/auth/session 200 in 379ms
 GET /api/notifications?limit=10 200 in 405ms
 GET /api/auth/session 200 in 272ms
 GET /api/notifications?limit=10 200 in 248ms
 GET /api/auth/session 200 in 210ms
 GET /api/realtime 200 in 223ms
 GET /api/notifications?limit=10 200 in 299ms
 GET /api/auth/session 200 in 359ms
 GET /api/notifications?limit=10 200 in 425ms
 GET /api/realtime 200 in 268ms
 GET /api/auth/session 200 in 373ms
 GET /api/notifications?limit=10 200 in 365ms
 GET /api/auth/session 200 in 382ms
 GET /api/realtime 200 in 362ms
 GET /api/notifications?limit=10 200 in 360ms
 GET /api/realtime 200 in 295ms
 GET /api/auth/session 200 in 460ms
 GET /api/realtime 200 in 448ms
 GET /api/notifications?limit=10 200 in 505ms
 GET /api/auth/session 200 in 354ms
 GET /api/notifications?limit=10 200 in 421ms
 GET /api/realtime 200 in 303ms
 GET /api/realtime 200 in 273ms
 GET /api/auth/session 200 in 276ms
 GET /api/realtime 200 in 325ms
 GET /api/notifications?limit=10 200 in 307ms
 GET /api/auth/session 200 in 492ms
 GET /api/notifications?limit=10 200 in 734ms
 GET /api/auth/session 200 in 435ms
 GET /api/notifications?limit=10 200 in 271ms
 GET /api/realtime 200 in 266ms
 GET /api/auth/session 200 in 309ms
 GET /api/notifications?limit=10 200 in 285ms
 GET /api/realtime 200 in 206ms
 GET /api/realtime 200 in 303ms
 GET /api/realtime 200 in 229ms
 GET /api/realtime 200 in 222ms
 GET /api/realtime 200 in 317ms
 GET /api/realtime 200 in 215ms
 GET /api/auth/session 200 in 256ms
 GET /api/realtime 200 in 303ms
 GET /api/realtime 200 in 302ms
 GET /api/realtime 200 in 314ms
 GET /api/realtime 200 in 314ms
 GET /api/realtime 200 in 304ms
 GET /api/notifications?limit=10 200 in 305ms
 GET /api/notifications?limit=10 200 in 246ms
 GET /api/notifications?limit=10 200 in 247ms
 GET /api/notifications?limit=10 200 in 247ms
 GET /api/notifications?limit=10 200 in 248ms
 GET /api/notifications?limit=10 200 in 243ms
 GET /api/notifications?limit=10 200 in 244ms
 GET /api/notifications?limit=10 200 in 245ms
 GET /api/notifications?limit=10 200 in 245ms
 GET /api/notifications?limit=10 200 in 244ms
 GET /api/notifications?limit=10 200 in 244ms
 GET /api/notifications?limit=10 200 in 245ms
 GET /api/notifications?limit=10 200 in 246ms
 GET /api/notifications?limit=10 500 in 258ms
 GET /api/notifications?limit=10 200 in 259ms
 GET /api/notifications?limit=10 500 in 263ms
 GET /api/notifications?limit=10 500 in 267ms
 GET /api/notifications?limit=10 500 in 270ms
 GET /api/notifications?limit=10 500 in 274ms
 GET /api/notifications?limit=10 500 in 277ms
 GET /api/notifications?limit=10 500 in 279ms
 GET /api/auth/session 200 in 326ms
 GET /api/auth/session 200 in 185ms
 GET /api/auth/session 200 in 201ms
 GET /api/auth/session 200 in 201ms
 GET /api/auth/session 200 in 195ms
 GET /api/auth/session 200 in 193ms
 GET /api/auth/session 200 in 196ms
 GET /api/auth/session 200 in 195ms
 GET /api/realtime 200 in 209ms
 GET /api/auth/session 200 in 178ms
 GET /api/realtime 200 in 76ms
 ○ Compiling /company/settings ...
 ✓ Compiled /company/settings in 2.5s (3395 modules)
 GET /company/usage 200 in 2752ms
 GET /company/invitations 200 in 2753ms
 GET /company/team 200 in 2754ms
 GET /company/settings 307 in 2754ms
 GET /dashboard 200 in 160ms
 GET /projects/project-riverside-homes 200 in 3253ms
 GET /projects/project-mall-renovation 200 in 3240ms
 GET /projects/project-downtown-office 200 in 3283ms
 ○ Compiling /api/company/invitations ...
 ✓ Compiled /api/company/invitations in 1248ms (1887 modules)
 GET /api/realtime 200 in 31040ms
 GET /api/realtime 200 in 30743ms
 GET /api/realtime 200 in 30186ms
 GET /api/realtime 200 in 30253ms
 GET /api/realtime 200 in 30146ms
 GET /api/realtime 200 in 30207ms
 GET /api/auth/session 200 in 2168ms
 GET /api/realtime 200 in 30089ms
 GET /api/realtime 200 in 1844ms
 GET /api/realtime 200 in 1844ms
 GET /api/realtime 200 in 30146ms
 GET /api/realtime 200 in 1750ms
 GET /api/realtime 200 in 1751ms
 GET /api/realtime 200 in 1260ms
 GET /api/realtime 200 in 1268ms
 GET /api/realtime 200 in 1441ms
 GET /api/realtime 200 in 1441ms
 GET /api/realtime 200 in 1397ms
 GET /api/notifications?limit=10 200 in 1858ms
 GET /api/realtime 200 in 973ms
 GET /api/realtime 200 in 1285ms
 GET /api/company/invitations? 200 in 2365ms
 GET /api/realtime 200 in 964ms
 GET /api/realtime 200 in 965ms
 GET /api/realtime 200 in 1245ms
 GET /api/realtime 200 in 979ms
 GET /api/realtime 200 in 1451ms
 GET /api/realtime 200 in 30066ms
 GET /api/auth/session 200 in 152ms
 GET /api/realtime 200 in 30106ms
 GET /api/company/invitations? 200 in 194ms
 GET /api/notifications?limit=10 200 in 196ms
 GET /api/realtime 200 in 30069ms
 GET /api/auth/session 200 in 75ms
 GET /api/realtime 200 in 30066ms
 GET /api/company/invitations? 200 in 148ms
 GET /api/notifications?limit=10 200 in 157ms
 GET /api/realtime 200 in 30067ms
 GET /api/auth/session 200 in 146ms
 GET /api/realtime 200 in 30073ms
 GET /api/realtime 200 in 201ms
 GET /api/realtime 200 in 30079ms
 GET /api/company/invitations? 200 in 197ms
 GET /api/auth/session 200 in 145ms
 GET /api/notifications?limit=10 200 in 205ms
 GET /api/realtime 200 in 30069ms
 GET /api/realtime 200 in 161ms
 GET /api/auth/session 200 in 152ms
 GET /api/notifications?limit=10 200 in 177ms
 GET /api/realtime 200 in 30087ms
 GET /api/realtime 200 in 30085ms
 GET /api/auth/session 200 in 139ms
 GET /api/notifications?limit=10 200 in 177ms
 GET /api/realtime 200 in 30087ms
 GET /api/realtime 200 in 30068ms
 GET /api/auth/session 200 in 189ms
 GET /api/notifications?limit=10 200 in 195ms
 GET /api/realtime 200 in 144ms
 GET /api/notifications?limit=10 200 in 132ms
 GET /api/realtime 200 in 30189ms
 GET /api/auth/session 200 in 150ms
 GET /api/realtime 200 in 155ms
 GET /api/realtime 200 in 30083ms
 GET /api/notifications?limit=10 200 in 131ms
 GET /api/auth/session 200 in 193ms
 GET /api/realtime 200 in 30124ms
 GET /api/notifications?limit=10 200 in 163ms
 GET /api/realtime 200 in 30072ms
 GET /api/auth/session 200 in 135ms
 GET /api/realtime 200 in 30072ms
 GET /api/notifications?limit=10 200 in 146ms
 GET /api/realtime 200 in 30070ms
 GET /api/auth/session 200 in 186ms
 GET /api/realtime 200 in 30059ms
 GET /api/realtime 200 in 188ms
 GET /api/notifications?limit=10 200 in 207ms
 GET /api/realtime 200 in 195ms
 GET /api/realtime 200 in 30087ms
 GET /api/auth/session 200 in 126ms
 GET /api/realtime 200 in 30071ms
 GET /api/notifications?limit=10 200 in 169ms
 GET /api/realtime 200 in 30117ms
 GET /api/auth/session 200 in 171ms
 GET /api/realtime 200 in 30088ms
 GET /api/notifications?limit=10 200 in 267ms
 GET /api/realtime 200 in 30101ms
 GET /api/auth/session 200 in 202ms
 GET /api/realtime 200 in 30095ms
 GET /api/notifications?limit=10 200 in 190ms
 GET /api/realtime 200 in 30079ms
 GET /api/auth/session 200 in 176ms
 GET /api/realtime 200 in 30075ms
 GET /api/realtime 200 in 143ms
 GET /api/notifications?limit=10 200 in 165ms
 GET /api/realtime 200 in 30066ms
 GET /api/auth/session 200 in 125ms
 GET /api/realtime 200 in 30069ms
 GET /api/realtime 200 in 124ms
 GET /api/realtime 200 in 30074ms
 GET /api/realtime 200 in 189ms
 GET /api/realtime 200 in 201ms
 GET /api/auth/session 200 in 183ms
 GET /api/realtime 200 in 30065ms
 GET /api/realtime 200 in 158ms
 GET /api/auth/session 200 in 85ms
 GET /api/realtime 200 in 30067ms
 GET /api/auth/session 200 in 70ms
 GET /api/realtime 200 in 30071ms
 GET /api/auth/session 200 in 100ms
 GET /api/realtime 200 in 30069ms
 GET /api/auth/session 200 in 54ms
 GET /api/realtime 200 in 30069ms
 GET /api/auth/session 200 in 56ms
 GET /api/realtime 200 in 30061ms
 GET /api/auth/session 200 in 68ms
 GET /api/realtime 200 in 30073ms
 GET /api/auth/session 200 in 91ms
 GET /api/realtime 200 in 30067ms
 GET /api/realtime 200 in 30063ms
 GET /api/realtime 200 in 30065ms
 GET /api/realtime 200 in 30073ms
 GET /api/realtime 200 in 30066ms
 GET /api/realtime 200 in 67ms
 GET /api/realtime 200 in 30059ms
 GET /api/realtime 200 in 30449ms
 GET /api/realtime 200 in 30445ms
 GET /api/realtime 200 in 30400ms
 GET /api/realtime 200 in 30401ms
 GET /api/realtime 200 in 30389ms
 GET /api/realtime 200 in 30423ms
 GET /api/realtime 200 in 30422ms
 GET /api/realtime 200 in 30423ms
 GET /api/realtime 200 in 30423ms
 GET /api/realtime 200 in 30561ms
 GET /api/realtime 200 in 30544ms
 GET /api/realtime 200 in 30526ms
 GET /api/realtime 200 in 30527ms
 GET /api/realtime 200 in 30528ms
 GET /api/realtime 200 in 30594ms
 GET /api/realtime 200 in 30490ms
 GET /api/realtime 200 in 30490ms
 GET /api/realtime 200 in 30479ms
 GET /api/realtime 200 in 30468ms
 GET /api/realtime 200 in 30495ms
 GET /api/realtime 200 in 30475ms
 GET /api/realtime 200 in 30405ms
 GET /api/realtime 200 in 30504ms
 GET /api/realtime 200 in 30404ms
 GET /api/realtime 200 in 30383ms
 GET /api/realtime 200 in 30444ms
 GET /api/realtime 200 in 30445ms
 GET /api/realtime 200 in 30429ms
 GET /api/realtime 200 in 30429ms
 GET /api/realtime 200 in 30296ms
 GET /api/realtime 200 in 30286ms
 GET /api/realtime 200 in 30284ms
 GET /api/realtime 200 in 30287ms
 GET /api/realtime 200 in 30284ms
 GET /api/realtime 200 in 30286ms
 GET /api/realtime 200 in 30293ms
 GET /api/realtime 200 in 30278ms
 GET /api/realtime 200 in 30275ms
 GET /api/realtime 200 in 30290ms
 GET /api/realtime 200 in 30284ms
 GET /api/realtime 200 in 30336ms
 GET /api/realtime 200 in 30379ms
 GET /api/realtime 200 in 30353ms
 GET /api/realtime 200 in 30338ms
 GET /api/realtime 200 in 30254ms
 GET /api/realtime 200 in 30318ms
 GET /api/realtime 200 in 30253ms
 GET /api/realtime 200 in 30254ms
 GET /api/realtime 200 in 30254ms
 GET /api/realtime 200 in 30258ms
 GET /api/realtime 200 in 30319ms
 GET /api/realtime 200 in 30306ms
 GET /api/realtime 200 in 30293ms
 GET /api/realtime 200 in 30368ms
 GET /api/realtime 200 in 30368ms
 GET /api/realtime 200 in 30271ms
 GET /api/realtime 200 in 30370ms
 GET /api/realtime 200 in 30210ms
 GET /api/realtime 200 in 30214ms
 GET /api/realtime 200 in 30216ms
 GET /api/realtime 200 in 30220ms
 GET /api/realtime 200 in 30285ms
 GET /api/realtime 200 in 30271ms
 GET /api/realtime 200 in 30266ms
 GET /api/realtime 200 in 30242ms
 GET /api/realtime 200 in 30243ms
 GET /api/realtime 200 in 30269ms
 GET /api/realtime 200 in 30271ms
 GET /api/realtime 200 in 30248ms
 GET /api/realtime 200 in 30219ms
 GET /api/realtime 200 in 30265ms
 GET /api/realtime 200 in 30209ms
 GET /api/realtime 200 in 30196ms
 GET /api/realtime 200 in 30196ms
 GET /api/realtime 200 in 30209ms
 GET /api/realtime 200 in 30198ms
 GET /api/realtime 200 in 30198ms
 GET /api/realtime 200 in 30186ms
 GET /api/realtime 200 in 30234ms
 GET /api/realtime 200 in 30235ms
 GET /api/realtime 200 in 30231ms
 GET /api/realtime 200 in 30238ms
 GET /api/realtime 200 in 30238ms
 GET /api/realtime 200 in 30238ms
 GET /api/realtime 200 in 30247ms
 GET /api/realtime 200 in 30219ms
 GET /api/realtime 200 in 30320ms
 GET /api/realtime 200 in 30221ms
 GET /api/realtime 200 in 30221ms
 GET /api/realtime 200 in 30222ms
 GET /api/realtime 200 in 30223ms
 GET /api/realtime 200 in 30240ms
 GET /api/realtime 200 in 30216ms
 GET /api/realtime 200 in 30242ms
 GET /api/realtime 200 in 30309ms
 GET /api/realtime 200 in 30310ms
 GET /api/realtime 200 in 30311ms
 GET /api/realtime 200 in 30325ms
 GET /api/realtime 200 in 30333ms
 GET /api/realtime 200 in 30315ms
 GET /api/realtime 200 in 30321ms
 GET /api/realtime 200 in 30330ms
 GET /api/realtime 200 in 30332ms
 GET /api/realtime 200 in 30332ms
 GET /api/realtime 200 in 30333ms
 GET /api/realtime 200 in 30333ms
 GET /api/realtime 200 in 30333ms
 GET /api/realtime 200 in 30426ms
 GET /api/realtime 200 in 30363ms
 GET /api/realtime 200 in 30366ms
 GET /api/realtime 200 in 30263ms
 GET /api/realtime 200 in 30264ms
 GET /api/realtime 200 in 30265ms
 GET /api/realtime 200 in 30267ms
 GET /api/realtime 200 in 30268ms
 GET /api/realtime 200 in 30267ms
 GET /api/realtime 200 in 30272ms
 GET /api/realtime 200 in 30257ms
 GET /api/realtime 200 in 30260ms
 GET /api/realtime 200 in 30257ms
 GET /api/realtime 200 in 30257ms
 GET /api/realtime 200 in 30268ms
 GET /api/realtime 200 in 30322ms
 GET /api/realtime 200 in 30319ms
 GET /api/realtime 200 in 30330ms
 GET /api/realtime 200 in 30322ms
 GET /api/realtime 200 in 30323ms
 GET /api/realtime 200 in 30324ms
 GET /api/realtime 200 in 30324ms
 GET /api/realtime 200 in 30325ms
 GET /api/realtime 200 in 30326ms
 GET /api/realtime 200 in 30328ms
 GET /api/realtime 200 in 30371ms
 GET /api/realtime 200 in 30263ms
 GET /api/realtime 200 in 30259ms
 GET /api/realtime 200 in 30263ms
 GET /api/realtime 200 in 30262ms
 GET /api/realtime 200 in 30259ms
 GET /api/realtime 200 in 30298ms
 GET /api/realtime 200 in 30298ms
 GET /api/realtime 200 in 30289ms
 GET /api/realtime 200 in 30283ms
 GET /api/realtime 200 in 30354ms
 GET /api/realtime 200 in 30286ms
 GET /api/realtime 200 in 30355ms
 GET /api/realtime 200 in 30355ms
 GET /api/realtime 200 in 30357ms
 GET /api/realtime 200 in 30307ms
 GET /api/realtime 200 in 30406ms
 GET /api/realtime 200 in 30407ms
 GET /api/realtime 200 in 30407ms
 GET /api/realtime 200 in 30409ms
 GET /api/realtime 200 in 30292ms
 GET /api/realtime 200 in 30293ms
 GET /api/realtime 200 in 30412ms
 GET /api/realtime 200 in 30322ms
 GET /api/realtime 200 in 30341ms
 GET /api/realtime 200 in 30416ms
 GET /api/realtime 200 in 30417ms
 GET /api/realtime 200 in 30411ms
 GET /api/realtime 200 in 30403ms
 GET /api/realtime 200 in 30399ms
 GET /api/realtime 200 in 30480ms
 GET /api/realtime 200 in 30411ms
 GET /api/realtime 200 in 30412ms
 GET /api/realtime 200 in 30412ms
 GET /api/realtime 200 in 30397ms
 GET /api/realtime 200 in 30354ms
 GET /api/realtime 200 in 30496ms
 GET /api/realtime 200 in 30358ms
 GET /api/realtime 200 in 30384ms
 GET /api/realtime 200 in 30247ms
 GET /api/realtime 200 in 30248ms
 GET /api/realtime 200 in 30248ms
 GET /api/realtime 200 in 30283ms
 GET /api/realtime 200 in 30353ms
 GET /api/realtime 200 in 30352ms
 GET /api/realtime 200 in 30304ms
 GET /api/realtime 200 in 30305ms
 GET /api/realtime 200 in 30308ms
 GET /api/realtime 200 in 30308ms
 GET /api/realtime 200 in 30329ms
 GET /api/realtime 200 in 30270ms
 GET /api/realtime 200 in 30296ms
 GET /api/realtime 200 in 30295ms
 GET /api/realtime 200 in 30358ms
 GET /api/realtime 200 in 30358ms
 GET /api/realtime 200 in 30352ms
 GET /api/realtime 200 in 30331ms
 GET /api/realtime 200 in 30328ms
 GET /api/realtime 200 in 30198ms
 GET /api/realtime 200 in 30333ms
 GET /api/realtime 200 in 30333ms
 GET /api/realtime 200 in 30330ms
 GET /api/realtime 200 in 30261ms
 GET /api/realtime 200 in 30262ms
 GET /api/realtime 200 in 30262ms
 GET /api/realtime 200 in 30231ms
 GET /api/realtime 200 in 30252ms
 GET /api/realtime 200 in 30312ms
 GET /api/realtime 200 in 30253ms
 GET /api/realtime 200 in 30254ms
 GET /api/realtime 200 in 30256ms
 GET /api/realtime 200 in 30256ms
 GET /api/realtime 200 in 30323ms
 GET /api/realtime 200 in 30459ms
 GET /api/realtime 200 in 30560ms
 GET /api/realtime 200 in 30460ms
 GET /api/realtime 200 in 30460ms
 GET /api/realtime 200 in 30473ms
 GET /api/realtime 200 in 30519ms
 GET /api/realtime 200 in 30392ms
 GET /api/realtime 200 in 30389ms
 GET /api/realtime 200 in 30397ms
 GET /api/realtime 200 in 30392ms
 GET /api/realtime 200 in 30391ms
 GET /api/realtime 200 in 30349ms
 GET /api/realtime 200 in 30185ms
 GET /api/realtime 200 in 30185ms
 GET /api/realtime 200 in 30294ms
 GET /api/realtime 200 in 30297ms
 GET /api/realtime 200 in 30220ms
 GET /api/realtime 200 in 30264ms
 GET /api/realtime 200 in 30248ms
 GET /api/realtime 200 in 30231ms
 GET /api/realtime 200 in 30195ms
 GET /api/realtime 200 in 30279ms
 GET /api/realtime 200 in 30272ms
 GET /api/realtime 200 in 30226ms
 GET /api/realtime 200 in 30286ms
 GET /api/realtime 200 in 30275ms
 GET /api/realtime 200 in 30254ms
 GET /api/realtime 200 in 30250ms
 GET /api/realtime 200 in 30255ms
 GET /api/realtime 200 in 30253ms
 GET /api/realtime 200 in 30252ms
 GET /api/realtime 200 in 30220ms
 GET /api/realtime 200 in 30182ms
 GET /api/realtime 200 in 30058ms
 GET /api/realtime 200 in 30056ms
 GET /api/realtime 200 in 30059ms
 GET /api/realtime 200 in 30071ms
 GET /api/realtime 200 in 30061ms
 GET /api/realtime 200 in 30065ms
 GET /api/realtime 200 in 30080ms
 GET /api/realtime 200 in 30063ms
 GET /api/realtime 200 in 30055ms
 GET /api/realtime 200 in 30061ms
 GET /api/realtime 200 in 30056ms
 GET /api/realtime 200 in 30058ms
 GET /api/realtime 200 in 30058ms
 GET /api/realtime 200 in 30056ms
 GET /api/realtime 200 in 30060ms
 GET /api/realtime 200 in 30075ms
 GET /api/realtime 200 in 30068ms
 GET /api/realtime 200 in 30066ms
 GET /api/realtime 200 in 30060ms
 GET /api/realtime 200 in 30060ms
 GET /api/realtime 200 in 30074ms
 GET /api/realtime 200 in 30066ms
 GET /api/realtime 200 in 30082ms
 GET /api/realtime 200 in 30074ms
 GET /api/realtime 200 in 30068ms
 GET /api/realtime 200 in 30066ms
 GET /api/realtime 200 in 30068ms
 GET /api/realtime 200 in 30065ms
 GET /api/realtime 200 in 30065ms
 GET /api/realtime 200 in 30074ms
 GET /api/realtime 200 in 30069ms
 GET /api/realtime 200 in 30066ms
 GET /api/realtime 200 in 30063ms
 GET /api/realtime 200 in 30094ms
 GET /api/realtime 200 in 30059ms
 GET /api/realtime 200 in 30056ms
 GET /api/realtime 200 in 30065ms
 GET /api/realtime 200 in 30060ms
 GET /api/realtime 200 in 31746ms
 GET /api/realtime 200 in 31435ms
 GET /api/realtime 200 in 31436ms
 GET /api/realtime 200 in 31157ms
 GET /api/realtime 200 in 31236ms
 GET /api/realtime 200 in 30965ms
 GET /api/realtime 200 in 30960ms
 GET /api/realtime 200 in 30518ms
 GET /api/realtime 200 in 30174ms
 GET /api/realtime 200 in 30204ms
 GET /api/realtime 200 in 30176ms
 GET /api/realtime 200 in 30199ms
 GET /api/realtime 200 in 30155ms
 GET /api/realtime 200 in 30156ms
 GET /api/realtime 200 in 30157ms
 GET /api/realtime 200 in 30154ms
 GET /api/realtime 200 in 30139ms
 GET /api/realtime 200 in 30200ms
 GET /api/realtime 200 in 30163ms
 GET /api/realtime 200 in 30165ms
 GET /api/realtime 200 in 30149ms
 GET /api/realtime 200 in 30156ms
 GET /api/realtime 200 in 30158ms
 GET /api/realtime 200 in 30126ms
 GET /api/realtime 200 in 30183ms
 GET /api/realtime 200 in 30171ms
 GET /api/realtime 200 in 30173ms
 GET /api/realtime 200 in 30174ms
 GET /api/realtime 200 in 30095ms
 GET /api/realtime 200 in 30168ms
 GET /api/realtime 200 in 30169ms
 GET /api/realtime 200 in 30161ms
 GET /api/realtime 200 in 30166ms
 GET /api/realtime 200 in 30146ms
 GET /api/realtime 200 in 30146ms
 GET /api/realtime 200 in 30135ms
 GET /api/realtime 200 in 30134ms
 GET /api/realtime 200 in 30113ms
 GET /api/realtime 200 in 30136ms
 GET /api/realtime 200 in 30162ms
 GET /api/realtime 200 in 30176ms
 GET /api/realtime 200 in 30169ms
 GET /api/realtime 200 in 30190ms
 GET /api/realtime 200 in 30149ms
 GET /api/realtime 200 in 30133ms
 GET /api/realtime 200 in 30134ms
 GET /api/realtime 200 in 30185ms
 GET /api/realtime 200 in 30166ms
 GET /api/realtime 200 in 30167ms
 GET /api/realtime 200 in 30167ms
 GET /api/realtime 200 in 30107ms
 GET /api/realtime 200 in 29834ms
 GET /api/realtime 200 in 28460ms
 GET /api/realtime 200 in 29146ms
 GET /api/realtime 200 in 29400ms
 GET /api/realtime 200 in 29549ms
 GET /api/realtime 200 in 28698ms
 GET /api/realtime 200 in 30067ms
 GET /api/realtime 200 in 30111ms
 GET /api/realtime 200 in 27869ms
 GET /api/realtime 200 in 28598ms
 GET /api/realtime 200 in 29609ms
 GET /api/realtime 200 in 29380ms
 GET /api/realtime 200 in 27663ms
 GET /api/realtime 200 in 29895ms
 GET /api/realtime 200 in 27764ms
 GET /api/realtime 200 in 27970ms
 GET /api/realtime 200 in 29913ms
 GET /api/realtime 200 in 30117ms
 GET /api/realtime 200 in 29017ms
 GET /api/realtime 200 in 28355ms
 GET /api/realtime 200 in 29334ms
 GET /api/realtime 200 in 29528ms
 GET /api/realtime 200 in 28832ms
 GET /api/realtime 200 in 29335ms
 GET /api/realtime 200 in 29908ms
 GET /api/realtime 200 in 29201ms
 GET /api/realtime 200 in 28250ms
 ✓ Compiled in 1121ms (1522 modules)
 ✓ Compiled in 985ms (1522 modules)
[?25h
