  ▲ Next.js 14.2.28
  - Local:        http://localhost:3000
  - Environments: .env
  - Experiments (use with caution):
    · outputFileTracingRoot

 ✓ Starting...
 ✓ Ready in 2.1s
 ○ Compiling / ...
 ✓ Compiled / in 2.5s (596 modules)
 GET / 200 in 2983ms
 ✓ Compiled in 490ms (296 modules)
 GET / 200 in 64ms
 GET / 200 in 56ms
 GET / 200 in 61ms
 ✓ Compiled /api/auth/[...nextauth] in 426ms (541 modules)
 GET /api/auth/session 200 in 904ms
 GET /api/auth/session 200 in 57ms
 GET / 200 in 100ms
 GET / 200 in 57ms
 GET / 200 in 74ms
 GET / 200 in 72ms
 GET / 200 in 65ms
 GET /api/auth/session 200 in 66ms
 GET /api/auth/session 200 in 48ms
[?25h
