  ▲ Next.js 14.2.28
  - Local:        http://localhost:3000
  - Environments: .env
  - Experiments (use with caution):
    · outputFileTracingRoot

 ✓ Starting...
 ✓ Ready in 2.3s
 ○ Compiling / ...
 ✓ Compiled / in 2.8s (596 modules)
 GET / 200 in 3114ms
 ✓ Compiled in 538ms (296 modules)
 ○ Compiling /api/auth/[...nextauth] ...
 ✓ Compiled /api/auth/[...nextauth] in 545ms (541 modules)
 GET /api/auth/providers 200 in 1078ms
 GET / 200 in 112ms
 GET /api/auth/session 200 in 78ms
 GET /api/auth/session 200 in 59ms
 ○ Compiling /signup ...
 ✓ Compiled /signup in 991ms (881 modules)
 GET /login 200 in 1195ms
 GET /signup 200 in 1185ms
 GET /api/auth/session 200 in 79ms
 GET /api/auth/session 200 in 49ms
 GET /api/auth/session 200 in 50ms
 GET /api/auth/session 200 in 51ms
 GET /api/auth/session 200 in 65ms
 GET /api/auth/csrf 200 in 68ms
 ✓ Compiled /api/signup in 186ms (597 modules)
 POST /api/signup 200 in 713ms
 GET / 200 in 139ms
 GET /api/auth/signin 302 in 117ms
 GET /login?callbackUrl=https://7d9c4eb47.preview.abacusai.app 200 in 108ms
 GET /api/auth/csrf 200 in 132ms
 POST /api/auth/callback/credentials 302 in 431ms
 ✓ Compiled /middleware in 232ms (174 modules)
 ○ Compiling /dashboard ...
 ✓ Compiled /dashboard in 3s (2849 modules)
 GET /dashboard 200 in 3362ms
 GET / 200 in 113ms
 GET /dashboard 200 in 110ms
 GET /api/auth/session 200 in 87ms
 ✓ Compiled /api/realtime in 304ms (1577 modules)
 ✓ Compiled (1580 modules)
 GET /api/auth/session 200 in 761ms
 GET /api/realtime 200 in 774ms
 GET /api/notifications?limit=10 200 in 786ms
 GET /api/realtime 200 in 707ms
 GET /api/realtime 200 in 779ms
 GET /api/realtime 200 in 711ms
 GET /api/auth/session 200 in 121ms
 GET /api/notifications?limit=10 200 in 105ms
 GET /api/auth/session 200 in 130ms
 GET /api/notifications?limit=10 200 in 133ms
 GET /api/realtime 200 in 146ms
 GET /api/auth/session 200 in 147ms
 GET /api/notifications?limit=10 200 in 128ms
 GET /api/auth/session 200 in 121ms
 GET /api/realtime 200 in 131ms
 GET /api/realtime 200 in 86ms
 ○ Compiling /settings ...
 ✓ Compiled /settings in 2.9s (3318 modules)
 GET /projects/new 200 in 4472ms
 GET /daily-reports 200 in 4474ms
 GET /change-orders 200 in 4523ms
 GET /inspections 200 in 4538ms
 GET /meetings 200 in 4552ms
 GET /punch-lists 200 in 4559ms
 GET /team 200 in 4530ms
 GET /submittals 200 in 4483ms
 GET /reports 200 in 4482ms
 GET /safety 200 in 4484ms
 GET /documents 200 in 4485ms
 GET /tasks 200 in 4534ms
 GET /settings 200 in 4487ms
 GET /projects 500 in 4489ms
 GET /rfis 200 in 4488ms
 GET /equipment 200 in 4570ms
 GET /company 200 in 4493ms
 GET /api/notifications?limit=10 200 in 302ms
 GET /api/auth/session 200 in 379ms
 GET /api/realtime 200 in 383ms
 GET /api/realtime 200 in 463ms
 GET /api/realtime 200 in 549ms
 GET /api/realtime 200 in 426ms
 GET /api/realtime 200 in 438ms
 GET /api/realtime 200 in 494ms
 GET /api/realtime 200 in 637ms
 GET /api/realtime 200 in 495ms
 GET /api/realtime 200 in 495ms
 GET /api/realtime 200 in 496ms
 GET /api/realtime 200 in 496ms
 GET /api/realtime 200 in 497ms
 GET /api/notifications?limit=10 200 in 692ms
 GET /api/auth/session 200 in 597ms
 GET /api/realtime 200 in 604ms
 GET /api/realtime 200 in 552ms
 GET /api/realtime 200 in 340ms
 GET /api/notifications?limit=10 200 in 294ms
 GET /api/realtime 200 in 294ms
 GET /api/realtime 200 in 290ms
 GET /api/auth/session 200 in 413ms
 GET /api/realtime 200 in 367ms
 GET /api/notifications?limit=10 200 in 348ms
 GET /api/auth/session 200 in 233ms
 GET /api/notifications?limit=10 200 in 235ms
 GET /api/auth/session 200 in 369ms
 GET /api/notifications?limit=10 200 in 336ms
 GET /api/auth/session 200 in 282ms
 GET /api/notifications?limit=10 200 in 277ms
 GET /api/auth/session 200 in 169ms
 GET /api/notifications?limit=10 200 in 244ms
 GET /api/auth/session 200 in 273ms
 GET /api/notifications?limit=10 200 in 359ms
 GET /api/auth/session 200 in 372ms
 GET /api/notifications?limit=10 200 in 276ms
 GET /api/auth/session 200 in 239ms
 GET /api/realtime 200 in 242ms
 GET /api/notifications?limit=10 200 in 294ms
 GET /api/auth/session 200 in 296ms
 GET /api/notifications?limit=10 200 in 300ms
 GET /api/realtime 200 in 214ms
 GET /api/auth/session 200 in 232ms
 GET /api/realtime 200 in 205ms
 GET /api/notifications?limit=10 200 in 256ms
 GET /api/auth/session 200 in 275ms
 GET /api/realtime 200 in 269ms
 GET /api/notifications?limit=10 200 in 316ms
 GET /api/realtime 200 in 281ms
 GET /api/realtime 200 in 285ms
 GET /api/auth/session 200 in 406ms
 GET /api/realtime 200 in 355ms
 GET /api/notifications?limit=10 200 in 452ms
 GET /api/auth/session 200 in 479ms
 GET /api/notifications?limit=10 200 in 450ms
 GET /api/realtime 200 in 426ms
 GET /api/auth/session 200 in 189ms
 GET /api/realtime 200 in 183ms
 GET /api/notifications?limit=10 200 in 197ms
 GET /api/realtime 200 in 178ms
 GET /api/auth/session 200 in 235ms
 GET /api/notifications?limit=10 200 in 251ms
 GET /api/realtime 200 in 167ms
 GET /api/realtime 200 in 260ms
 GET /api/auth/session 200 in 273ms
 GET /api/notifications?limit=10 200 in 267ms
 GET /api/realtime 200 in 268ms
 GET /api/realtime 200 in 261ms
 GET /api/realtime 200 in 266ms
 GET /api/auth/session 200 in 273ms
 GET /api/realtime 200 in 264ms
 GET /api/realtime 200 in 215ms
 GET /api/auth/session 200 in 144ms
 GET /api/notifications?limit=10 200 in 188ms
 GET /api/notifications?limit=10 200 in 189ms
 GET /api/notifications?limit=10 200 in 190ms
 GET /api/notifications?limit=10 200 in 191ms
 GET /api/realtime 200 in 146ms
 GET /api/auth/session 200 in 171ms
 GET /api/realtime 200 in 192ms
 GET /api/auth/session 200 in 100ms
 GET /api/auth/session 200 in 94ms
 GET /api/auth/session 200 in 104ms
 GET /api/auth/session 200 in 123ms
 GET /api/auth/session 200 in 140ms
 GET /api/auth/session 200 in 115ms
 GET /api/realtime 200 in 92ms
 ○ Compiling /projects/[id] ...
 ✓ Compiled /projects/[id] in 2.9s (3395 modules)
 GET /company/usage 200 in 3222ms
 GET /company/invitations 200 in 3205ms
 GET /company/team 200 in 3224ms
 GET /company/settings 307 in 3210ms
 GET /dashboard 200 in 217ms
 GET /projects/project-riverside-homes 200 in 3572ms
 GET /projects/project-mall-renovation 200 in 3574ms
 GET /projects/project-downtown-office 200 in 3579ms
 ○ Compiling /api/company/invitations ...
 ✓ Compiled /api/company/invitations in 1251ms (1887 modules)
 GET /api/auth/session 200 in 2057ms
 GET /api/realtime 200 in 1301ms
 GET /api/realtime 200 in 1631ms
 GET /api/realtime 200 in 1637ms
 GET /api/realtime 200 in 1302ms
 GET /api/realtime 200 in 1644ms
 GET /api/realtime 200 in 1641ms
 GET /api/realtime 200 in 1641ms
 GET /api/realtime 200 in 1773ms
 GET /api/realtime 200 in 30744ms
 GET /api/company/invitations? 200 in 2308ms
 GET /api/notifications?limit=10 200 in 1785ms
 GET /api/realtime 200 in 1307ms
 GET /api/realtime 200 in 1257ms
 GET /api/realtime 200 in 1257ms
 GET /api/realtime 200 in 1258ms
 GET /api/realtime 200 in 1646ms
 GET /api/realtime 200 in 1285ms
 GET /api/realtime 200 in 1259ms
 GET /api/realtime 200 in 30436ms
 GET /api/realtime 200 in 1785ms
 GET /api/auth/session 200 in 215ms
 GET /api/realtime 200 in 30117ms
 GET /api/realtime 200 in 30116ms
 GET /api/company/invitations? 200 in 243ms
 GET /api/notifications?limit=10 200 in 245ms
 GET /api/auth/session 200 in 257ms
 GET /api/company/invitations? 200 in 141ms
 GET /api/realtime 200 in 30163ms
 GET /api/notifications?limit=10 200 in 205ms
 GET /api/auth/session 200 in 165ms
 GET /api/realtime 200 in 162ms
 GET /api/realtime 200 in 30123ms
 GET /api/company/invitations? 200 in 206ms
 GET /api/realtime 200 in 30065ms
 GET /api/auth/session 200 in 247ms
 GET /api/notifications?limit=10 200 in 291ms
 GET /api/realtime 200 in 30078ms
 GET /api/realtime 200 in 30080ms
 GET /api/realtime 200 in 135ms
 GET /api/realtime 200 in 30062ms
 GET /api/auth/session 200 in 252ms
 GET /api/notifications?limit=10 200 in 271ms
 GET /api/realtime 200 in 30072ms
 GET /api/auth/session 200 in 179ms
 GET /api/notifications?limit=10 200 in 200ms
 GET /api/auth/session 200 in 128ms
 GET /api/notifications?limit=10 200 in 248ms
 GET /api/realtime 200 in 30204ms
 GET /api/auth/session 200 in 216ms
 GET /api/realtime 200 in 30069ms
 GET /api/realtime 200 in 169ms
 GET /api/realtime 200 in 30068ms
 GET /api/notifications?limit=10 200 in 213ms
 GET /api/realtime 200 in 30068ms
 GET /api/auth/session 200 in 154ms
 GET /api/realtime 200 in 130ms
 GET /api/notifications?limit=10 200 in 178ms
 GET /api/realtime 200 in 30090ms
 GET /api/auth/session 200 in 158ms
 GET /api/realtime 200 in 30087ms
 GET /api/realtime 200 in 30065ms
 GET /api/notifications?limit=10 200 in 232ms
 GET /api/realtime 200 in 30057ms
 GET /api/auth/session 200 in 200ms
 GET /api/realtime 200 in 30057ms
 GET /api/notifications?limit=10 200 in 163ms
 GET /api/realtime 200 in 30071ms
 GET /api/auth/session 200 in 218ms
 GET /api/realtime 200 in 30083ms
 GET /api/notifications?limit=10 200 in 212ms
 GET /api/realtime 200 in 30061ms
 GET /api/realtime 200 in 30056ms
 GET /api/auth/session 200 in 190ms
 GET /api/realtime 200 in 30058ms
 GET /api/notifications?limit=10 200 in 223ms
 GET /api/realtime 200 in 30065ms
 GET /api/realtime 200 in 30055ms
 GET /api/auth/session 200 in 211ms
 GET /api/realtime 200 in 30056ms
 GET /api/realtime 200 in 272ms
 GET /api/notifications?limit=10 200 in 242ms
 GET /api/realtime 200 in 30086ms
 GET /api/realtime 200 in 237ms
 GET /api/realtime 200 in 274ms
 GET /api/realtime 200 in 30059ms
 GET /api/auth/session 200 in 231ms
 GET /api/notifications?limit=10 200 in 202ms
 GET /api/realtime 200 in 30067ms
 GET /api/auth/session 200 in 83ms
 GET /api/realtime 200 in 30066ms
 GET /api/realtime 200 in 30057ms
 GET /api/realtime 200 in 186ms
 GET /api/notifications?limit=10 200 in 164ms
 GET /api/auth/session 200 in 118ms
 GET /api/realtime 200 in 30059ms
 GET /api/realtime 200 in 94ms
 GET /api/realtime 200 in 30066ms
 GET /api/auth/session 200 in 172ms
 GET /api/realtime 200 in 30060ms
 GET /api/realtime 200 in 30070ms
 GET /api/auth/session 200 in 160ms
 GET /api/realtime 200 in 30061ms
 GET /api/realtime 200 in 30060ms
 GET /api/auth/session 200 in 144ms
 GET /api/realtime 200 in 30059ms
 GET /api/realtime 200 in 30059ms
 GET /api/auth/session 200 in 154ms
 GET /api/realtime 200 in 30066ms
 GET /api/auth/session 200 in 96ms
 GET /api/realtime 200 in 30063ms
 GET /api/realtime 200 in 30073ms
 GET /api/auth/session 200 in 125ms
 GET /api/realtime 200 in 30058ms
 GET /api/realtime 200 in 30065ms
 GET /api/auth/session 200 in 117ms
 GET /api/realtime 200 in 30063ms
 GET /api/realtime 200 in 124ms
 GET /api/auth/session 200 in 135ms
 GET /api/realtime 200 in 30080ms
 GET /api/realtime 200 in 95ms
 GET /api/realtime 200 in 30063ms
 GET /api/auth/session 200 in 98ms
 GET /api/realtime 200 in 149ms
 GET /api/realtime 200 in 30056ms
 GET /api/auth/session 200 in 54ms
 GET /api/realtime 200 in 30063ms
 GET /api/realtime 200 in 30064ms
 GET /api/realtime 200 in 30060ms
 GET /api/realtime 200 in 30058ms
 GET /api/realtime 200 in 30064ms
 GET /api/realtime 200 in 30381ms
 GET /api/realtime 200 in 30534ms
 GET /api/realtime 200 in 30452ms
 GET /api/realtime 200 in 30425ms
 GET /api/realtime 200 in 30414ms
 GET /api/realtime 200 in 30598ms
 GET /api/realtime 200 in 30458ms
 GET /api/realtime 200 in 30458ms
 GET /api/realtime 200 in 30460ms
 GET /api/realtime 200 in 30461ms
 GET /api/realtime 200 in 30461ms
 GET /api/realtime 200 in 30451ms
 GET /api/realtime 200 in 30445ms
 GET /api/realtime 200 in 30444ms
 GET /api/realtime 200 in 30583ms
 GET /api/realtime 200 in 30594ms
 GET /api/realtime 200 in 30469ms
 GET /api/realtime 200 in 30467ms
 GET /api/realtime 200 in 30558ms
 GET /api/realtime 200 in 30488ms
 GET /api/realtime 200 in 30549ms
 GET /api/realtime 200 in 30341ms
 GET /api/realtime 200 in 30342ms
 GET /api/realtime 200 in 30342ms
 GET /api/realtime 200 in 30339ms
 GET /api/realtime 200 in 30344ms
 GET /api/realtime 200 in 30253ms
 GET /api/realtime 200 in 30253ms
 GET /api/realtime 200 in 30292ms
 GET /api/realtime 200 in 30292ms
 GET /api/realtime 200 in 30284ms
 GET /api/realtime 200 in 30282ms
 GET /api/realtime 200 in 30286ms
 GET /api/realtime 200 in 30352ms
 GET /api/realtime 200 in 30399ms
 GET /api/realtime 200 in 30321ms
 GET /api/realtime 200 in 30322ms
 GET /api/realtime 200 in 30401ms
 GET /api/realtime 200 in 30401ms
 GET /api/realtime 200 in 30370ms
 GET /api/realtime 200 in 30379ms
 GET /api/realtime 200 in 30381ms
 GET /api/realtime 200 in 30304ms
 GET /api/realtime 200 in 30303ms
 GET /api/realtime 200 in 30301ms
 GET /api/realtime 200 in 30249ms
 GET /api/realtime 200 in 30345ms
 GET /api/realtime 200 in 30250ms
 GET /api/realtime 200 in 30253ms
 GET /api/realtime 200 in 30212ms
 GET /api/realtime 200 in 30235ms
 GET /api/realtime 200 in 30219ms
 GET /api/realtime 200 in 30235ms
 GET /api/realtime 200 in 30219ms
 GET /api/realtime 200 in 30220ms
 GET /api/realtime 200 in 30236ms
 GET /api/realtime 200 in 30234ms
 GET /api/realtime 200 in 30240ms
 GET /api/realtime 200 in 30255ms
 GET /api/realtime 200 in 30263ms
 GET /api/realtime 200 in 30232ms
 GET /api/realtime 200 in 30247ms
 GET /api/realtime 200 in 30239ms
 GET /api/realtime 200 in 30235ms
 GET /api/realtime 200 in 30241ms
 GET /api/realtime 200 in 30261ms
 GET /api/realtime 200 in 30276ms
 GET /api/realtime 200 in 30262ms
 GET /api/realtime 200 in 30262ms
 GET /api/realtime 200 in 30264ms
 GET /api/realtime 200 in 30264ms
 GET /api/realtime 200 in 30269ms
 GET /api/realtime 200 in 30270ms
 GET /api/realtime 200 in 30268ms
 GET /api/realtime 200 in 30231ms
 GET /api/realtime 200 in 30232ms
 GET /api/realtime 200 in 30281ms
 GET /api/realtime 200 in 30273ms
 GET /api/realtime 200 in 30285ms
 GET /api/realtime 200 in 30185ms
 GET /api/realtime 200 in 30207ms
 GET /api/realtime 200 in 30185ms
 GET /api/realtime 200 in 30244ms
 GET /api/realtime 200 in 30251ms
 GET /api/realtime 200 in 30244ms
 GET /api/realtime 200 in 30247ms
 GET /api/realtime 200 in 30247ms
 GET /api/realtime 200 in 30248ms
 GET /api/realtime 200 in 30224ms
 GET /api/realtime 200 in 30233ms
 GET /api/realtime 200 in 30258ms
 GET /api/realtime 200 in 30268ms
 GET /api/realtime 200 in 30264ms
 GET /api/realtime 200 in 30276ms
 GET /api/realtime 200 in 30241ms
 GET /api/realtime 200 in 30243ms
 GET /api/realtime 200 in 30243ms
 GET /api/realtime 200 in 30219ms
 GET /api/realtime 200 in 30220ms
 GET /api/realtime 200 in 30220ms
 GET /api/realtime 200 in 30218ms
 GET /api/realtime 200 in 30220ms
 GET /api/realtime 200 in 30221ms
 GET /api/realtime 200 in 30225ms
 GET /api/realtime 200 in 30222ms
 GET /api/realtime 200 in 30223ms
 GET /api/realtime 200 in 30167ms
 GET /api/realtime 200 in 30168ms
 GET /api/realtime 200 in 30173ms
 GET /api/realtime 200 in 30183ms
 GET /api/realtime 200 in 30172ms
 GET /api/realtime 200 in 30191ms
 GET /api/realtime 200 in 30202ms
 GET /api/realtime 200 in 30203ms
 GET /api/realtime 200 in 30184ms
 GET /api/realtime 200 in 30179ms
 GET /api/realtime 200 in 30158ms
 GET /api/realtime 200 in 30189ms
 GET /api/realtime 200 in 30168ms
 GET /api/realtime 200 in 30155ms
 GET /api/realtime 200 in 30185ms
 GET /api/realtime 200 in 30200ms
 GET /api/realtime 200 in 30212ms
 GET /api/realtime 200 in 30212ms
 GET /api/realtime 200 in 30265ms
 GET /api/realtime 200 in 30236ms
 GET /api/realtime 200 in 30265ms
 GET /api/realtime 200 in 30230ms
 GET /api/realtime 200 in 30231ms
 GET /api/realtime 200 in 30231ms
 GET /api/realtime 200 in 30268ms
 GET /api/realtime 200 in 30231ms
 GET /api/realtime 200 in 30233ms
 GET /api/realtime 200 in 30247ms
 GET /api/realtime 200 in 30301ms
 GET /api/realtime 200 in 30307ms
 GET /api/realtime 200 in 30334ms
 GET /api/realtime 200 in 30336ms
 GET /api/realtime 200 in 30347ms
 GET /api/realtime 200 in 30286ms
 GET /api/realtime 200 in 30287ms
 GET /api/realtime 200 in 30288ms
 GET /api/realtime 200 in 30286ms
 GET /api/realtime 200 in 30287ms
 GET /api/realtime 200 in 30287ms
 GET /api/realtime 200 in 30290ms
 GET /api/realtime 200 in 30266ms
 GET /api/realtime 200 in 30267ms
 GET /api/realtime 200 in 30292ms
 GET /api/realtime 200 in 30283ms
 GET /api/realtime 200 in 30280ms
 GET /api/realtime 200 in 30211ms
 GET /api/realtime 200 in 30210ms
 GET /api/realtime 200 in 30212ms
 GET /api/realtime 200 in 30235ms
 GET /api/realtime 200 in 30236ms
 GET /api/realtime 200 in 30246ms
 GET /api/realtime 200 in 30246ms
 GET /api/realtime 200 in 30238ms
 GET /api/realtime 200 in 30238ms
 GET /api/realtime 200 in 30240ms
 GET /api/realtime 200 in 30240ms
 GET /api/realtime 200 in 30252ms
 GET /api/realtime 200 in 30283ms
 GET /api/realtime 200 in 30271ms
 GET /api/realtime 200 in 30250ms
 GET /api/realtime 200 in 30251ms
 GET /api/realtime 200 in 30283ms
 GET /api/realtime 200 in 30262ms
 GET /api/realtime 200 in 30190ms
 GET /api/realtime 200 in 30209ms
 GET /api/realtime 200 in 30198ms
 GET /api/realtime 200 in 30197ms
 GET /api/realtime 200 in 30319ms
 GET /api/realtime 200 in 30317ms
 GET /api/realtime 200 in 30246ms
 GET /api/realtime 200 in 30248ms
 GET /api/realtime 200 in 30251ms
 GET /api/realtime 200 in 30259ms
 GET /api/realtime 200 in 30218ms
 GET /api/realtime 200 in 30300ms
 GET /api/realtime 200 in 30204ms
 GET /api/realtime 200 in 30199ms
 GET /api/realtime 200 in 30199ms
 GET /api/realtime 200 in 30199ms
 GET /api/realtime 200 in 30235ms
 GET /api/realtime 200 in 30223ms
 GET /api/realtime 200 in 30218ms
 GET /api/realtime 200 in 30205ms
 GET /api/realtime 200 in 30193ms
 GET /api/realtime 200 in 30228ms
 GET /api/realtime 200 in 30211ms
 GET /api/realtime 200 in 30212ms
 GET /api/realtime 200 in 30212ms
 GET /api/realtime 200 in 30203ms
 GET /api/realtime 200 in 30203ms
 GET /api/realtime 200 in 30262ms
 GET /api/realtime 200 in 30227ms
 GET /api/realtime 200 in 30276ms
 GET /api/realtime 200 in 30259ms
 GET /api/realtime 200 in 30260ms
 GET /api/realtime 200 in 30260ms
 GET /api/realtime 200 in 30261ms
 GET /api/realtime 200 in 30226ms
 GET /api/realtime 200 in 30233ms
 GET /api/realtime 200 in 30234ms
 GET /api/realtime 200 in 30235ms
 GET /api/realtime 200 in 30235ms
 GET /api/realtime 200 in 30244ms
 GET /api/realtime 200 in 30292ms
 GET /api/realtime 200 in 30283ms
 GET /api/realtime 200 in 30286ms
 GET /api/realtime 200 in 30286ms
 GET /api/realtime 200 in 30356ms
 GET /api/realtime 200 in 30408ms
 GET /api/realtime 200 in 30377ms
 GET /api/realtime 200 in 30381ms
 GET /api/realtime 200 in 30369ms
 GET /api/realtime 200 in 30270ms
 GET /api/realtime 200 in 30395ms
 GET /api/realtime 200 in 30405ms
 GET /api/realtime 200 in 30295ms
 GET /api/realtime 200 in 30335ms
 GET /api/realtime 200 in 30348ms
 GET /api/realtime 200 in 30477ms
 GET /api/realtime 200 in 30452ms
 GET /api/realtime 200 in 30479ms
 GET /api/realtime 200 in 30411ms
 GET /api/realtime 200 in 30412ms
 GET /api/realtime 200 in 30411ms
 GET /api/realtime 200 in 30344ms
 GET /api/realtime 200 in 30346ms
 GET /api/realtime 200 in 30393ms
 GET /api/realtime 200 in 30237ms
 GET /api/realtime 200 in 30197ms
 GET /api/realtime 200 in 30186ms
 GET /api/realtime 200 in 30174ms
 GET /api/realtime 200 in 30186ms
 GET /api/realtime 200 in 30172ms
 GET /api/realtime 200 in 30176ms
 GET /api/realtime 200 in 30177ms
 GET /api/realtime 200 in 30183ms
 GET /api/realtime 200 in 30243ms
 GET /api/realtime 200 in 30172ms
 GET /api/realtime 200 in 30228ms
 GET /api/realtime 200 in 30229ms
 GET /api/realtime 200 in 30220ms
 GET /api/realtime 200 in 30225ms
 GET /api/realtime 200 in 30239ms
 GET /api/realtime 200 in 30232ms
 GET /api/realtime 200 in 30223ms
 GET /api/realtime 200 in 30239ms
 GET /api/realtime 200 in 30170ms
 GET /api/realtime 200 in 30101ms
 GET /api/realtime 200 in 30109ms
 GET /api/realtime 200 in 30129ms
 GET /api/realtime 200 in 30173ms
 GET /api/realtime 200 in 30097ms
 GET /api/realtime 200 in 30080ms
 GET /api/realtime 200 in 30064ms
 GET /api/realtime 200 in 30074ms
 GET /api/realtime 200 in 30080ms
 GET /api/realtime 200 in 30062ms
 GET /api/realtime 200 in 30058ms
 GET /api/realtime 200 in 30060ms
 GET /api/realtime 200 in 30056ms
 GET /api/realtime 200 in 30057ms
 GET /api/realtime 200 in 30059ms
 GET /api/realtime 200 in 30060ms
 GET /api/realtime 200 in 30065ms
 GET /api/realtime 200 in 30065ms
 GET /api/realtime 200 in 30062ms
 GET /api/realtime 200 in 30059ms
 GET /api/realtime 200 in 30063ms
 GET /api/realtime 200 in 30058ms
 GET /api/realtime 200 in 30060ms
 GET /api/realtime 200 in 30058ms
 GET /api/realtime 200 in 30061ms
 GET /api/realtime 200 in 30061ms
 GET /api/realtime 200 in 30063ms
 GET /api/realtime 200 in 30062ms
 GET /api/realtime 200 in 30057ms
 GET /api/realtime 200 in 30056ms
 GET /api/realtime 200 in 30069ms
 GET /api/realtime 200 in 30070ms
 GET /api/realtime 200 in 31633ms
 GET /api/realtime 200 in 31296ms
 GET /api/realtime 200 in 31248ms
 GET /api/realtime 200 in 30999ms
 GET /api/realtime 200 in 31251ms
 GET /api/realtime 200 in 31039ms
 GET /api/realtime 200 in 31379ms
 GET /api/realtime 200 in 31650ms
 GET /api/realtime 200 in 30130ms
 GET /api/realtime 200 in 30140ms
 GET /api/realtime 200 in 30154ms
 GET /api/realtime 200 in 30241ms
 GET /api/realtime 200 in 30218ms
 GET /api/realtime 200 in 30201ms
 GET /api/realtime 200 in 30219ms
 GET /api/realtime 200 in 30176ms
 GET /api/realtime 200 in 30158ms
 GET /api/realtime 200 in 30161ms
 GET /api/realtime 200 in 30178ms
 GET /api/realtime 200 in 30240ms
 GET /api/realtime 200 in 30206ms
 GET /api/realtime 200 in 30224ms
 GET /api/realtime 200 in 30215ms
 GET /api/realtime 200 in 30238ms
 GET /api/realtime 200 in 28499ms
 GET /api/realtime 200 in 29018ms
 GET /api/realtime 200 in 28653ms
 GET /api/realtime 200 in 29930ms
 GET /api/realtime 200 in 28913ms
 GET /api/realtime 200 in 29526ms
 GET /api/realtime 200 in 30126ms
 GET /api/realtime 200 in 30197ms
 GET /api/realtime 200 in 29831ms
 GET /api/realtime 200 in 29387ms
 GET /api/realtime 200 in 29712ms
 GET /api/realtime 200 in 29934ms
 GET /api/realtime 200 in 29934ms
 GET /api/realtime 200 in 30198ms
 GET /api/realtime 200 in 28774ms
 GET /api/realtime 200 in 25999ms
 GET /api/realtime 200 in 27214ms
 GET /api/realtime 200 in 26374ms
 GET /api/realtime 200 in 26333ms
 GET /api/realtime 200 in 28665ms
 GET /api/realtime 200 in 27411ms
 GET /api/realtime 200 in 28777ms
 GET /api/realtime 200 in 27011ms
 GET /api/realtime 200 in 26594ms
 GET /api/realtime 200 in 26638ms
 GET /api/realtime 200 in 29033ms
 GET /api/realtime 200 in 29127ms
 GET /api/realtime 200 in 27237ms
 GET /api/realtime 200 in 27832ms
 GET /api/realtime 200 in 26211ms
 GET /api/realtime 200 in 27682ms
 GET /api/realtime 200 in 29712ms
 GET /api/realtime 200 in 26396ms
 GET /api/realtime 200 in 27013ms
 GET /api/realtime 200 in 26809ms
 GET /api/realtime 200 in 29255ms
 GET /api/realtime 200 in 28300ms
 GET /api/realtime 200 in 26162ms
 GET /api/realtime 200 in 27477ms
 GET /api/realtime 200 in 26007ms
 GET /api/realtime 200 in 27230ms
 GET /api/realtime 200 in 29140ms
 GET /api/realtime 200 in 28190ms
 GET /api/realtime 200 in 28269ms
 GET /api/realtime 200 in 29257ms
 GET /api/realtime 200 in 26164ms
 GET /api/realtime 200 in 28933ms
 GET /api/realtime 200 in 28048ms
 GET /api/realtime 200 in 28275ms
 GET /api/realtime 200 in 28526ms
 GET /api/realtime 200 in 29706ms
 GET /api/realtime 200 in 27959ms
 GET /api/realtime 200 in 26842ms
 GET /api/realtime 200 in 29663ms
 GET /api/realtime 200 in 29347ms
 GET /api/realtime 200 in 28460ms
 GET /api/realtime 200 in 27617ms
 GET /api/realtime 200 in 29530ms
 GET /api/realtime 200 in 27618ms
 GET /api/realtime 200 in 26616ms
 GET /api/realtime 200 in 27023ms
 GET /api/realtime 200 in 28130ms
 GET /api/realtime 200 in 27467ms
[?25h
