  ▲ Next.js 14.2.28
  - Local:        http://localhost:3000
  - Environments: .env
  - Experiments (use with caution):
    · outputFileTracingRoot

 ✓ Starting...
 ✓ Ready in 1983ms
 ○ Compiling / ...
 ✓ Compiled / in 2.3s (596 modules)
 GET / 200 in 2727ms
 ✓ Compiled in 430ms (296 modules)
 GET / 200 in 58ms
 GET / 200 in 59ms
 GET / 200 in 56ms
 ✓ Compiled /api/auth/[...nextauth] in 437ms (541 modules)
 GET /api/auth/session 200 in 907ms
 GET /api/auth/session 200 in 51ms
 GET / 200 in 91ms
 ✓ Compiled in 439ms (296 modules)
 ✓ Compiled in 600ms (284 modules)
 ✓ Compiled in 300ms (296 modules)
 ✓ Compiled in 265ms (296 modules)
 ✓ Compiled in 762ms (296 modules)
 ✓ Compiled in 413ms (284 modules)
 ✓ Compiled in 299ms (296 modules)
 ✓ Compiled in 790ms (296 modules)
 ✓ Compiled in 330ms (296 modules)
 ✓ Compiled in 383ms (296 modules)
 ✓ Compiled in 571ms (296 modules)
 ✓ Compiled in 610ms (284 modules)
 ✓ Compiled in 299ms (296 modules)
 ✓ Compiled in 397ms (284 modules)
 ✓ Compiled in 325ms (296 modules)
 ✓ Compiled in 299ms (296 modules)
 ✓ Compiled in 432ms (296 modules)
[?25h
