  ▲ Next.js 14.2.28
  - Local:        http://localhost:3000
  - Environments: .env
  - Experiments (use with caution):
    · outputFileTracingRoot

 ✓ Starting...
 ✓ Ready in 2s
 ✓ Compiled /api/realtime in 419ms (272 modules)
 GET /api/realtime 200 in 30804ms
 GET /api/realtime 200 in 30207ms
 GET /api/realtime 200 in 30245ms
 GET /api/realtime 200 in 30195ms
 GET /api/realtime 200 in 30193ms
 GET /api/realtime 200 in 30210ms
 GET /api/realtime 200 in 30221ms
 GET /api/realtime 200 in 30218ms
 GET /api/realtime 200 in 30203ms
 GET /api/realtime 200 in 30243ms
 GET /api/realtime 200 in 30205ms
 GET /api/realtime 200 in 30229ms
 GET /api/realtime 200 in 30210ms
 GET /api/realtime 200 in 30209ms
 GET /api/realtime 200 in 30201ms
 GET /api/realtime 200 in 30226ms
 GET /api/realtime 200 in 30216ms
 GET /api/realtime 200 in 30204ms
 GET /api/realtime 200 in 30188ms
 GET /api/realtime 200 in 30187ms
 GET /api/realtime 200 in 30200ms
 GET /api/realtime 200 in 30208ms
 GET /api/realtime 200 in 30203ms
 GET /api/realtime 200 in 30206ms
 GET /api/realtime 200 in 30219ms
 GET /api/realtime 200 in 30189ms
 GET /api/realtime 200 in 30202ms
 GET /api/realtime 200 in 30277ms
 ✓ Compiled in 206ms (272 modules)
 GET /api/realtime 200 in 30209ms
 GET /api/realtime 200 in 30279ms
 GET /api/realtime 200 in 30217ms
 GET /api/realtime 200 in 30202ms
 GET /api/realtime 200 in 30216ms
 GET /api/realtime 200 in 30219ms
 GET /api/realtime 200 in 30191ms
 GET /api/realtime 200 in 30187ms
 GET /api/realtime 200 in 30205ms
 GET /api/realtime 200 in 30199ms
 GET /api/realtime 200 in 30192ms
 GET /api/realtime 200 in 30203ms
 GET /api/realtime 200 in 30217ms
 GET /api/realtime 200 in 30209ms
 GET /api/realtime 200 in 30213ms
 GET /api/realtime 200 in 30201ms
 GET /api/realtime 200 in 30200ms
 GET /api/realtime 200 in 30211ms
 GET /api/realtime 200 in 30229ms
 GET /api/realtime 200 in 30193ms
 GET /api/realtime 200 in 30230ms
 GET /api/realtime 200 in 30248ms
 GET /api/realtime 200 in 30199ms
 GET /api/realtime 200 in 30196ms
 GET /api/realtime 200 in 30193ms
 GET /api/realtime 200 in 30211ms
 GET /api/realtime 200 in 30212ms
 GET /api/realtime 200 in 30205ms
 GET /api/realtime 200 in 30206ms
 GET /api/realtime 200 in 30226ms
 GET /api/realtime 200 in 30220ms
 GET /api/realtime 200 in 30222ms
 GET /api/realtime 200 in 30214ms
 GET /api/realtime 200 in 30203ms
 GET /api/realtime 200 in 30202ms
 GET /api/realtime 200 in 30206ms
 GET /api/realtime 200 in 30192ms
 GET /api/realtime 200 in 30239ms
 GET /api/realtime 200 in 30201ms
 GET /api/realtime 200 in 30197ms
 GET /api/realtime 200 in 30210ms
 GET /api/realtime 200 in 30210ms
 GET /api/realtime 200 in 30191ms
 GET /api/realtime 200 in 30220ms
 GET /api/realtime 200 in 30222ms
 GET /api/realtime 200 in 30228ms
 GET /api/realtime 200 in 30243ms
 GET /api/realtime 200 in 30221ms
 GET /api/realtime 200 in 30202ms
 GET /api/realtime 200 in 30208ms
 GET /api/realtime 200 in 30220ms
 GET /api/realtime 200 in 30204ms
 GET /api/realtime 200 in 30194ms
 GET /api/realtime 200 in 30215ms
 GET /api/realtime 200 in 30199ms
 GET /api/realtime 200 in 30228ms
 GET /api/realtime 200 in 30199ms
 GET /api/realtime 200 in 30204ms
 GET /api/realtime 200 in 30196ms
 GET /api/realtime 200 in 30191ms
 GET /api/realtime 200 in 30221ms
 GET /api/realtime 200 in 30213ms
 GET /api/realtime 200 in 30232ms
 GET /api/realtime 200 in 30217ms
 GET /api/realtime 200 in 30210ms
 GET /api/realtime 200 in 30200ms
 GET /api/realtime 200 in 30206ms
 GET /api/realtime 200 in 30216ms
 ○ Compiling / ...
 GET /api/realtime 200 in 30690ms
 ✓ Compiled / in 1525ms (838 modules)
 GET /api/realtime 200 in 30307ms
 ✓ Compiled in 297ms (296 modules)
 GET / 200 in 2308ms
 ○ Compiling /_error ...
 GET /api/realtime 200 in 30259ms
 ✓ Compiled /_error in 980ms (1053 modules)
 GET /api/realtime 500 in 2871ms
 GET /api/realtime 200 in 30229ms
 GET /api/realtime 200 in 30224ms
 GET /api/realtime 200 in 30204ms
 GET /api/realtime 200 in 30210ms
 GET /api/realtime 200 in 30213ms
 GET /api/realtime 200 in 30206ms
 GET /api/realtime 200 in 30200ms
 GET /api/realtime 200 in 30196ms
 GET / 200 in 85ms
 GET /api/realtime 200 in 30205ms
 GET /api/realtime 200 in 30210ms
 GET / 200 in 54ms
 GET /api/realtime 200 in 30230ms
 GET / 200 in 77ms
 GET / 200 in 77ms
 GET / 200 in 59ms
 GET /api/realtime 200 in 30207ms
 GET /api/realtime 200 in 30203ms
 ✓ Compiled /api/auth/[...nextauth] in 198ms (585 modules)
 GET /api/auth/session 200 in 585ms
 GET /api/realtime 200 in 30219ms
 GET /api/auth/session 200 in 51ms
 GET /api/realtime 200 in 30195ms
 GET /api/realtime 200 in 30201ms
 GET /api/realtime 200 in 30200ms
 GET /api/realtime 200 in 30226ms
 GET /api/realtime 200 in 30210ms
 GET /api/realtime 200 in 30218ms
 GET /api/realtime 200 in 30216ms
 GET /api/realtime 200 in 30203ms
 GET /api/realtime 200 in 30186ms
 GET /api/realtime 200 in 30214ms
 GET /api/realtime 200 in 30215ms
 GET /api/realtime 200 in 30220ms
 GET /api/realtime 200 in 30237ms
 GET /api/realtime 200 in 30230ms
 GET /api/realtime 200 in 30211ms
 GET /api/realtime 200 in 30202ms
 GET /api/realtime 200 in 30208ms
 GET /api/realtime 200 in 30219ms
 GET /api/realtime 200 in 30222ms
 GET /api/realtime 200 in 30213ms
 GET /api/realtime 200 in 30236ms
 GET /api/realtime 200 in 30210ms
 GET /api/realtime 200 in 30210ms
 GET /api/realtime 200 in 30208ms
 GET /api/realtime 200 in 30188ms
 GET /api/realtime 200 in 30209ms
 GET /api/realtime 200 in 30208ms
 GET /api/realtime 200 in 30220ms
 GET /api/realtime 200 in 30211ms
 GET /api/realtime 200 in 30200ms
 GET / 200 in 89ms
 GET /api/realtime 200 in 30208ms
 GET /api/realtime 200 in 30212ms
 GET /api/realtime 200 in 30216ms
 GET /api/realtime 200 in 30203ms
 GET /api/realtime 200 in 30206ms
 GET /api/realtime 200 in 30302ms
 GET /api/realtime 200 in 30205ms
 GET /api/realtime 200 in 30234ms
 GET /api/realtime 200 in 30210ms
 GET /api/realtime 200 in 30205ms
 GET /api/realtime 200 in 30216ms
 GET /api/realtime 200 in 30207ms
 GET /api/realtime 200 in 30200ms
 GET /api/realtime 200 in 30212ms
 GET /api/realtime 200 in 30214ms
 GET /api/realtime 200 in 30205ms
 GET /api/realtime 200 in 30200ms
 GET /api/realtime 200 in 30210ms
 GET /api/realtime 200 in 30248ms
 GET /api/realtime 200 in 30223ms
 GET /api/realtime 200 in 30205ms
 GET /api/realtime 200 in 30227ms
 GET /api/realtime 200 in 30251ms
 GET /api/realtime 200 in 30189ms
 GET /api/realtime 200 in 30200ms
 GET /api/realtime 200 in 30203ms
 GET /api/realtime 200 in 30200ms
 GET /api/realtime 200 in 30224ms
 GET /api/realtime 200 in 30187ms
 GET /api/realtime 200 in 30193ms
 GET /api/realtime 200 in 30217ms
 GET /api/realtime 200 in 30184ms
 GET /api/realtime 200 in 30191ms
 GET /api/realtime 200 in 30197ms
 GET /api/realtime 200 in 30202ms
 GET /api/realtime 200 in 30198ms
 GET /api/realtime 200 in 30217ms
 GET /api/realtime 200 in 30207ms
 GET /api/realtime 200 in 30190ms
 GET / 200 in 80ms
 GET /api/realtime 200 in 30202ms
 GET /api/realtime 200 in 30193ms
 GET /api/realtime 200 in 30229ms
 GET /api/realtime 200 in 30199ms
 GET /api/realtime 200 in 30189ms
 GET /api/realtime 200 in 30242ms
 GET /api/realtime 200 in 30195ms
 GET /api/realtime 200 in 30218ms
 GET /api/realtime 200 in 30200ms
 GET /api/realtime 200 in 30211ms
 GET /api/realtime 200 in 30223ms
 GET /api/realtime 200 in 30205ms
 GET /api/realtime 200 in 30200ms
 GET /api/realtime 200 in 30202ms
 GET /api/realtime 200 in 30196ms
 GET /api/realtime 200 in 30196ms
 GET /api/realtime 200 in 30205ms
 GET /api/realtime 200 in 30207ms
 GET /api/realtime 200 in 30201ms
 GET /api/realtime 200 in 30221ms
 GET /api/realtime 200 in 30193ms
 GET /api/realtime 200 in 30202ms
 GET /api/realtime 200 in 30218ms
 GET /api/realtime 200 in 30204ms
 GET /api/realtime 200 in 30224ms
 GET /api/realtime 200 in 30207ms
 GET /api/realtime 200 in 30210ms
 GET /api/realtime 200 in 30199ms
 GET /api/realtime 200 in 30200ms
 GET /api/realtime 200 in 30203ms
 GET /api/realtime 200 in 30218ms
 GET /api/realtime 200 in 30231ms
 GET /api/realtime 200 in 30229ms
 GET /api/realtime 200 in 30193ms
 GET /api/realtime 200 in 30206ms
 GET /api/realtime 200 in 30205ms
 GET /api/realtime 200 in 30210ms
 GET /api/realtime 200 in 30190ms
 GET /api/realtime 200 in 30209ms
 GET /api/realtime 200 in 30237ms
 GET /api/realtime 200 in 30216ms
 GET /api/realtime 200 in 30197ms
 GET /api/realtime 200 in 30199ms
 GET /api/realtime 200 in 30204ms
 GET /api/realtime 200 in 30210ms
 GET /api/realtime 200 in 30204ms
 GET /api/realtime 200 in 30213ms
 GET /api/realtime 200 in 30193ms
 GET /api/realtime 200 in 30217ms
 GET /api/realtime 200 in 30204ms
 GET /api/realtime 200 in 30204ms
 GET /api/realtime 200 in 30207ms
 GET /api/realtime 200 in 30227ms
 GET /api/realtime 200 in 30208ms
 GET /api/realtime 200 in 30198ms
 GET /api/realtime 200 in 30184ms
 GET /api/realtime 200 in 30215ms
 GET /api/realtime 200 in 30189ms
 GET /api/realtime 200 in 30196ms
 GET /api/realtime 200 in 30209ms
 GET /api/realtime 200 in 30200ms
 GET /api/realtime 200 in 30198ms
 GET /api/realtime 200 in 30199ms
 GET /api/realtime 200 in 30203ms
 GET /api/realtime 200 in 30214ms
 GET /api/realtime 200 in 30205ms
 GET /api/realtime 200 in 30214ms
 GET /api/realtime 200 in 30217ms
 GET /api/realtime 200 in 30224ms
 GET /api/realtime 200 in 30212ms
 GET /api/realtime 200 in 30202ms
 GET /api/realtime 200 in 30188ms
 GET /api/realtime 200 in 30206ms
 GET /api/realtime 200 in 30194ms
 GET /api/realtime 200 in 30205ms
 GET /api/realtime 200 in 30199ms
 GET /api/realtime 200 in 30191ms
 GET /api/realtime 200 in 30217ms
 GET /api/realtime 200 in 30207ms
 GET /api/realtime 200 in 30206ms
 GET /api/realtime 200 in 30216ms
 GET /api/realtime 200 in 30221ms
 GET /api/realtime 200 in 30207ms
 GET /api/realtime 200 in 30209ms
 GET /api/realtime 200 in 30207ms
 GET /api/realtime 200 in 30188ms
 GET /api/realtime 200 in 30217ms
 GET /api/realtime 200 in 30217ms
 GET /api/realtime 200 in 30214ms
 GET /api/realtime 200 in 30190ms
 GET /api/realtime 200 in 30206ms
 GET /api/realtime 200 in 30200ms
 GET /api/realtime 200 in 30186ms
 GET /api/realtime 200 in 30196ms
 GET /api/realtime 200 in 30190ms
 GET /api/realtime 200 in 30220ms
 GET /api/realtime 200 in 30201ms
 GET /api/realtime 200 in 30199ms
 GET /api/realtime 200 in 30210ms
 GET /api/realtime 200 in 30226ms
 GET /api/realtime 200 in 30200ms
 GET /api/realtime 200 in 30185ms
 GET /api/realtime 200 in 30202ms
 GET /api/realtime 200 in 30206ms
 GET /api/realtime 200 in 30199ms
 GET /api/realtime 200 in 30201ms
 GET /api/realtime 200 in 30248ms
 GET /api/realtime 200 in 30208ms
 GET /api/realtime 200 in 30203ms
 GET /api/realtime 200 in 30207ms
 GET /api/realtime 200 in 30193ms
 GET /api/realtime 200 in 30197ms
 GET /api/realtime 200 in 30199ms
 GET /api/realtime 200 in 30208ms
 GET /api/realtime 200 in 30187ms
 GET /api/realtime 200 in 30215ms
 GET /api/realtime 200 in 30207ms
 GET /api/realtime 200 in 30216ms
 GET /api/realtime 200 in 30197ms
 GET /api/realtime 200 in 30230ms
 GET /api/realtime 200 in 30220ms
 GET /api/realtime 200 in 30195ms
[?25h
