  ▲ Next.js 14.2.28
  - Local:        http://localhost:3000
  - Environments: .env
  - Experiments (use with caution):
    · outputFileTracingRoot

 ✓ Starting...
 ✓ Ready in 1326ms
 ○ Compiling / ...
 ✓ Compiled / in 2.5s (596 modules)
 GET / 200 in 2918ms
 ✓ Compiled in 456ms (296 modules)
 ○ Compiling /api/auth/[...nextauth] ...
 ✓ Compiled /api/auth/[...nextauth] in 619ms (541 modules)
 GET /api/auth/providers 200 in 1064ms
 GET / 200 in 88ms
 GET /api/auth/session 200 in 51ms
 GET /api/auth/session 200 in 36ms
 ○ Compiling /signup ...
 ✓ Compiled /signup in 629ms (881 modules)
 GET /signup 200 in 782ms
 GET /login 200 in 784ms
 GET /api/auth/session 200 in 55ms
 GET /api/auth/session 200 in 38ms
 GET /api/auth/session 200 in 38ms
 GET /api/auth/session 200 in 37ms
 GET /api/auth/session 200 in 34ms
 GET /api/auth/csrf 200 in 44ms
 ✓ Compiled /api/signup in 182ms (597 modules)
 POST /api/signup 200 in 658ms
 GET / 200 in 71ms
 GET /api/auth/signin 302 in 54ms
 GET /login?callbackUrl=https://4b8f6bc33.preview.abacusai.app 200 in 52ms
 GET /api/auth/csrf 200 in 32ms
 POST /api/auth/callback/credentials 302 in 335ms
 ✓ Compiled /middleware in 171ms (174 modules)
 ○ Compiling /dashboard ...
 ✓ Compiled /dashboard in 2.9s (2849 modules)
 GET /dashboard 200 in 3196ms
 GET / 200 in 76ms
 GET /dashboard 200 in 69ms
 GET /api/auth/session 200 in 94ms
 ✓ Compiled /api/realtime in 256ms (1577 modules)
 ✓ Compiled (1580 modules)
 GET /api/auth/session 200 in 595ms
 GET /api/notifications?limit=10 200 in 642ms
 GET /api/realtime 200 in 299ms
 GET /api/auth/session 200 in 80ms
 GET /api/notifications?limit=10 200 in 87ms
 GET /api/realtime 200 in 100ms
 GET /api/auth/session 200 in 48ms
 GET /api/notifications?limit=10 200 in 66ms
 GET /api/realtime 200 in 58ms
 GET /api/auth/session 200 in 79ms
 GET /api/notifications?limit=10 200 in 89ms
 GET /api/realtime 200 in 80ms
 GET /api/auth/session 200 in 42ms
 GET /api/realtime 200 in 65ms
 GET /api/realtime 200 in 59ms
 GET /api/realtime 200 in 61ms
 GET /api/realtime 200 in 58ms
 GET /api/realtime 200 in 71ms
 GET /api/realtime 200 in 49ms
 GET /api/realtime 200 in 93ms
 GET /api/realtime 200 in 67ms
 GET /api/realtime 200 in 61ms
 GET /api/realtime 200 in 66ms
 GET /api/realtime 200 in 67ms
 GET /api/realtime 200 in 80ms
 GET /api/realtime 200 in 64ms
 GET /api/realtime 200 in 69ms
 GET /api/realtime 200 in 78ms
 GET /api/realtime 200 in 63ms
 GET /api/realtime 200 in 70ms
 GET /api/realtime 200 in 62ms
 GET /api/realtime 200 in 64ms
 GET /api/realtime 200 in 58ms
 GET /api/realtime 200 in 70ms
 GET /api/realtime 200 in 57ms
 GET /api/realtime 200 in 57ms
 GET /api/realtime 200 in 50ms
 GET /api/realtime 200 in 50ms
 GET /api/realtime 200 in 57ms
 GET /api/realtime 200 in 74ms
 GET /api/realtime 200 in 61ms
 GET /api/realtime 200 in 64ms
 GET /api/realtime 200 in 61ms
 GET /api/realtime 200 in 65ms
 GET /api/realtime 200 in 63ms
 GET /api/realtime 200 in 59ms
 GET /api/realtime 200 in 58ms
 GET /api/realtime 200 in 56ms
 GET /api/realtime 200 in 56ms
 GET /api/realtime 200 in 55ms
 GET /api/realtime 200 in 58ms
 GET /api/realtime 200 in 49ms
 GET /api/realtime 200 in 52ms
 GET /api/realtime 200 in 104ms
 GET /api/realtime 200 in 66ms
 GET /api/realtime 200 in 180ms
 GET /api/realtime 200 in 64ms
 GET /api/realtime 200 in 49ms
 GET /api/realtime 200 in 55ms
 GET /api/realtime 200 in 49ms
 GET /api/realtime 200 in 52ms
 GET /api/realtime 200 in 60ms
 GET /api/realtime 200 in 67ms
 GET /api/realtime 200 in 52ms
 GET /api/realtime 200 in 54ms
 GET /api/realtime 200 in 51ms
 GET /api/realtime 200 in 50ms
 GET /api/realtime 200 in 52ms
 GET /api/realtime 200 in 48ms
 GET /api/realtime 200 in 51ms
 GET /api/realtime 200 in 56ms
 GET /api/realtime 200 in 58ms
 GET /api/realtime 200 in 188ms
 GET /api/realtime 200 in 52ms
 GET /api/realtime 200 in 55ms
 GET /api/realtime 200 in 59ms
 GET /api/realtime 200 in 53ms
 GET /api/realtime 200 in 48ms
 GET /api/realtime 200 in 60ms
 GET /api/realtime 200 in 7033ms
 GET /api/realtime 200 in 21ms
 ○ Compiling /settings ...
 ✓ Compiled /settings in 3.1s (3352 modules)
 GET /documents 200 in 3720ms
 GET /change-orders 200 in 3772ms
 GET /punch-lists 200 in 3773ms
 GET /meetings 200 in 3731ms
 GET /daily-reports 200 in 3783ms
 GET /inspections 200 in 3731ms
 GET /projects/new 200 in 3731ms
 GET /safety 200 in 3736ms
 GET /reports 200 in 3736ms
 GET /equipment 200 in 3737ms
 GET /rfis 200 in 3780ms
 GET /company 200 in 3739ms
 GET /submittals 200 in 3742ms
 GET /settings 200 in 3741ms
 GET /team 200 in 3741ms
 GET /projects 200 in 3751ms
 GET /tasks 200 in 3811ms
 GET /api/notifications?limit=10 200 in 518ms
 GET /api/realtime 200 in 261ms
 GET /api/auth/session 200 in 623ms
 GET /api/realtime 200 in 535ms
 GET /api/realtime 200 in 474ms
 GET /api/realtime 200 in 471ms
 GET /api/notifications?limit=10 200 in 420ms
 GET /api/realtime 200 in 249ms
 GET /api/realtime 200 in 522ms
 GET /api/realtime 200 in 560ms
 GET /api/realtime 200 in 252ms
 ○ Compiling /api/company/stats ...
 GET /api/realtime 200 in 3320ms
 GET /api/realtime 200 in 3337ms
 GET /api/realtime 200 in 3569ms
 GET /api/realtime 200 in 3305ms
 GET /api/realtime 200 in 3609ms
 GET /api/realtime 200 in 3723ms
 GET /api/realtime 200 in 3484ms
 ✓ Compiled /api/company/stats in 3.5s (1858 modules)
 GET /api/realtime 200 in 4306ms
 GET /api/auth/session 200 in 4601ms
 GET /api/company/stats 200 in 4673ms
 GET /api/realtime 200 in 4165ms
 GET /api/notifications?limit=10 200 in 4396ms
 GET /api/realtime 200 in 4741ms
 GET /api/auth/session 200 in 304ms
 GET /api/realtime 200 in 328ms
 GET /api/realtime 200 in 4772ms
 GET /api/realtime 200 in 4861ms
prisma:error 
Invalid `_lib_db__WEBPACK_IMPORTED_MODULE_3__.prisma.submittal.count()` invocation in
/home/ubuntu/cortexbuild_pro/nextjs_space/.next/server/app/api/company/stats/route.js:353:67

  350         }
  351     }
  352 }),
→ 353 _lib_db__WEBPACK_IMPORTED_MODULE_3__.prisma.submittal.count(
Too many database connections opened: FATAL: too many connections for role "role_ddaacb0a0"
Prisma Accelerate has built-in connection pooling to prevent such errors: https://pris.ly/client/error-accelerate
 GET /api/company/stats 500 in 401ms
prisma:error 
Invalid `_lib_db__WEBPACK_IMPORTED_MODULE_3__.prisma.changeOrder.count()` invocation in
/home/ubuntu/cortexbuild_pro/nextjs_space/.next/server/app/api/company/stats/route.js:366:69

  363         }
  364     }
  365 }),
→ 366 _lib_db__WEBPACK_IMPORTED_MODULE_3__.prisma.changeOrder.count(
Too many database connections opened: FATAL: too many connections for role "role_ddaacb0a0"
Prisma Accelerate has built-in connection pooling to prevent such errors: https://pris.ly/client/error-accelerate
prisma:error 
Invalid `_lib_db__WEBPACK_IMPORTED_MODULE_3__.prisma.safetyIncident.count()` invocation in
/home/ubuntu/cortexbuild_pro/nextjs_space/.next/server/app/api/company/stats/route.js:373:72

  370         }
  371     }
  372 }),
→ 373 _lib_db__WEBPACK_IMPORTED_MODULE_3__.prisma.safetyIncident.count(
Too many database connections opened: FATAL: too many connections for role "role_ddaacb0a0"
Prisma Accelerate has built-in connection pooling to prevent such errors: https://pris.ly/client/error-accelerate
prisma:error 
Invalid `_lib_db__WEBPACK_IMPORTED_MODULE_3__.prisma.safetyIncident.count()` invocation in
/home/ubuntu/cortexbuild_pro/nextjs_space/.next/server/app/api/company/stats/route.js:380:72

  377         }
  378     }
  379 }),
→ 380 _lib_db__WEBPACK_IMPORTED_MODULE_3__.prisma.safetyIncident.count(
Too many database connections opened: FATAL: too many connections for role "role_ddaacb0a0"
Prisma Accelerate has built-in connection pooling to prevent such errors: https://pris.ly/client/error-accelerate
prisma:error 
Invalid `_lib_db__WEBPACK_IMPORTED_MODULE_3__.prisma.document.count()` invocation in
/home/ubuntu/cortexbuild_pro/nextjs_space/.next/server/app/api/company/stats/route.js:390:66

  387         }
  388     }
  389 }),
→ 390 _lib_db__WEBPACK_IMPORTED_MODULE_3__.prisma.document.count(
Too many database connections opened: FATAL: too many connections for role "role_ddaacb0a0"
Prisma Accelerate has built-in connection pooling to prevent such errors: https://pris.ly/client/error-accelerate
prisma:error 
Invalid `_lib_db__WEBPACK_IMPORTED_MODULE_3__.prisma.activityLog.count()` invocation in
/home/ubuntu/cortexbuild_pro/nextjs_space/.next/server/app/api/company/stats/route.js:397:69

  394         }
  395     }
  396 }),
→ 397 _lib_db__WEBPACK_IMPORTED_MODULE_3__.prisma.activityLog.count(
Too many database connections opened: FATAL: too many connections for role "role_ddaacb0a0"
Prisma Accelerate has built-in connection pooling to prevent such errors: https://pris.ly/client/error-accelerate
prisma:error 
Invalid `_lib_db__WEBPACK_IMPORTED_MODULE_3__.prisma.project.groupBy()` invocation in
/home/ubuntu/cortexbuild_pro/nextjs_space/.next/server/app/api/company/stats/route.js:418:65

  415     },
  416     _count: true
  417 }),
→ 418 _lib_db__WEBPACK_IMPORTED_MODULE_3__.prisma.project.groupBy(
Too many database connections opened: FATAL: too many connections for role "role_ddaacb0a0"
Prisma Accelerate has built-in connection pooling to prevent such errors: https://pris.ly/client/error-accelerate
 GET /api/notifications?limit=10 200 in 412ms
 GET /api/realtime 200 in 4421ms
 GET /api/realtime 200 in 4802ms
 GET /api/realtime 200 in 853ms
 GET /api/realtime 200 in 210ms
 GET /api/realtime 200 in 5102ms
 GET /api/realtime 200 in 4994ms
 GET /api/realtime 200 in 4663ms
 GET /api/realtime 200 in 4976ms
 GET /api/realtime 200 in 344ms
 GET /api/realtime 200 in 231ms
 GET /api/realtime 200 in 315ms
 GET /api/realtime 200 in 285ms
 GET /api/realtime 200 in 238ms
 GET /api/realtime 200 in 4873ms
 GET /api/auth/session 200 in 291ms
 GET /api/realtime 200 in 284ms
 GET /api/realtime 200 in 332ms
 GET /api/realtime 200 in 226ms
 GET /api/realtime 200 in 232ms
prisma:error 
Invalid `_lib_db__WEBPACK_IMPORTED_MODULE_3__.prisma.submittal.count()` invocation in
/home/ubuntu/cortexbuild_pro/nextjs_space/.next/server/app/api/company/stats/route.js:353:67

  350         }
  351     }
  352 }),
→ 353 _lib_db__WEBPACK_IMPORTED_MODULE_3__.prisma.submittal.count(
Too many database connections opened: FATAL: too many connections for role "role_ddaacb0a0"
Prisma Accelerate has built-in connection pooling to prevent such errors: https://pris.ly/client/error-accelerate
 GET /api/company/stats 500 in 344ms
prisma:error 
Invalid `_lib_db__WEBPACK_IMPORTED_MODULE_3__.prisma.project.groupBy()` invocation in
/home/ubuntu/cortexbuild_pro/nextjs_space/.next/server/app/api/company/stats/route.js:418:65

  415     },
  416     _count: true
  417 }),
→ 418 _lib_db__WEBPACK_IMPORTED_MODULE_3__.prisma.project.groupBy(
Too many database connections opened: FATAL: too many connections for role "role_ddaacb0a0"
Prisma Accelerate has built-in connection pooling to prevent such errors: https://pris.ly/client/error-accelerate
prisma:error 
Invalid `_lib_db__WEBPACK_IMPORTED_MODULE_3__.prisma.user.groupBy()` invocation in
/home/ubuntu/cortexbuild_pro/nextjs_space/.next/server/app/api/company/stats/route.js:427:62

  424     },
  425     _count: true
  426 }),
→ 427 _lib_db__WEBPACK_IMPORTED_MODULE_3__.prisma.user.groupBy(
Too many database connections opened: FATAL: too many connections for role "role_ddaacb0a0"
Prisma Accelerate has built-in connection pooling to prevent such errors: https://pris.ly/client/error-accelerate
prisma:error 
Invalid `prisma.$queryRaw()` invocation:


Too many database connections opened: FATAL: too many connections for role "role_ddaacb0a0"
Prisma Accelerate has built-in connection pooling to prevent such errors: https://pris.ly/client/error-accelerate
prisma:error 
Invalid `_lib_db__WEBPACK_IMPORTED_MODULE_3__.prisma.project.count()` invocation in
/home/ubuntu/cortexbuild_pro/nextjs_space/.next/server/app/api/company/stats/route.js:284:65

  281         organizationId: orgId
  282     }
  283 }),
→ 284 _lib_db__WEBPACK_IMPORTED_MODULE_3__.prisma.project.count(
Too many database connections opened: FATAL: too many connections for role "role_ddaacb0a0"
Prisma Accelerate has built-in connection pooling to prevent such errors: https://pris.ly/client/error-accelerate
prisma:error 
Invalid `_lib_db__WEBPACK_IMPORTED_MODULE_3__.prisma.task.count()` invocation in
/home/ubuntu/cortexbuild_pro/nextjs_space/.next/server/app/api/company/stats/route.js:316:62

  313         status: "COMPLETE"
  314     }
  315 }),
→ 316 _lib_db__WEBPACK_IMPORTED_MODULE_3__.prisma.task.count(
Too many database connections opened: FATAL: too many connections for role "role_ddaacb0a0"
Prisma Accelerate has built-in connection pooling to prevent such errors: https://pris.ly/client/error-accelerate
prisma:error 
Invalid `_lib_db__WEBPACK_IMPORTED_MODULE_3__.prisma.rFI.count()` invocation in
/home/ubuntu/cortexbuild_pro/nextjs_space/.next/server/app/api/company/stats/route.js:331:61

  328         }
  329     }
  330 }),
→ 331 _lib_db__WEBPACK_IMPORTED_MODULE_3__.prisma.rFI.count(
Too many database connections opened: FATAL: too many connections for role "role_ddaacb0a0"
Prisma Accelerate has built-in connection pooling to prevent such errors: https://pris.ly/client/error-accelerate
 GET /api/realtime 200 in 248ms
 GET /api/notifications?limit=10 200 in 338ms
 GET /api/realtime 200 in 267ms
 GET /api/realtime 200 in 224ms
 GET /api/realtime 200 in 179ms
 GET /api/realtime 200 in 173ms
 GET /api/realtime 200 in 162ms
 GET /api/realtime 200 in 168ms
 GET /api/realtime 200 in 163ms
 GET /api/auth/session 200 in 184ms
 GET /api/realtime 200 in 203ms
 GET /api/realtime 200 in 204ms
 GET /api/realtime 200 in 221ms
 GET /api/realtime 200 in 217ms
prisma:error 
Invalid `_lib_db__WEBPACK_IMPORTED_MODULE_3__.prisma.user.groupBy()` invocation in
/home/ubuntu/cortexbuild_pro/nextjs_space/.next/server/app/api/company/stats/route.js:427:62

  424     },
  425     _count: true
  426 }),
→ 427 _lib_db__WEBPACK_IMPORTED_MODULE_3__.prisma.user.groupBy(
Too many database connections opened: FATAL: too many connections for role "role_ddaacb0a0"
Prisma Accelerate has built-in connection pooling to prevent such errors: https://pris.ly/client/error-accelerate
 GET /api/company/stats 500 in 213ms
prisma:error 
Invalid `_lib_db__WEBPACK_IMPORTED_MODULE_3__.prisma.activityLog.count()` invocation in
/home/ubuntu/cortexbuild_pro/nextjs_space/.next/server/app/api/company/stats/route.js:397:69

  394         }
  395     }
  396 }),
→ 397 _lib_db__WEBPACK_IMPORTED_MODULE_3__.prisma.activityLog.count(
Too many database connections opened: FATAL: too many connections for role "role_ddaacb0a0"
Prisma Accelerate has built-in connection pooling to prevent such errors: https://pris.ly/client/error-accelerate
prisma:error 
Invalid `_lib_db__WEBPACK_IMPORTED_MODULE_3__.prisma.task.groupBy()` invocation in
/home/ubuntu/cortexbuild_pro/nextjs_space/.next/server/app/api/company/stats/route.js:407:62

  404         }
  405     }
  406 }),
→ 407 _lib_db__WEBPACK_IMPORTED_MODULE_3__.prisma.task.groupBy(
Too many database connections opened: FATAL: too many connections for role "role_ddaacb0a0"
Prisma Accelerate has built-in connection pooling to prevent such errors: https://pris.ly/client/error-accelerate
prisma:error 
Invalid `_lib_db__WEBPACK_IMPORTED_MODULE_3__.prisma.project.groupBy()` invocation in
/home/ubuntu/cortexbuild_pro/nextjs_space/.next/server/app/api/company/stats/route.js:418:65

  415     },
  416     _count: true
  417 }),
→ 418 _lib_db__WEBPACK_IMPORTED_MODULE_3__.prisma.project.groupBy(
Too many database connections opened: FATAL: too many connections for role "role_ddaacb0a0"
Prisma Accelerate has built-in connection pooling to prevent such errors: https://pris.ly/client/error-accelerate
prisma:error 
Invalid `prisma.$queryRaw()` invocation:


Too many database connections opened: FATAL: too many connections for role "role_ddaacb0a0"
Prisma Accelerate has built-in connection pooling to prevent such errors: https://pris.ly/client/error-accelerate
prisma:error 
Invalid `_lib_db__WEBPACK_IMPORTED_MODULE_3__.prisma.project.findMany()` invocation in
/home/ubuntu/cortexbuild_pro/nextjs_space/.next/server/app/api/company/stats/route.js:444:65

  441   GROUP BY DATE("createdAt")
  442   ORDER BY date ASC
  443 `,
→ 444       _lib_db__WEBPACK_IMPORTED_MODULE_3__.prisma.project.findMany(
Too many database connections opened: FATAL: too many connections for role "role_ddaacb0a0"
Prisma Accelerate has built-in connection pooling to prevent such errors: https://pris.ly/client/error-accelerate
 GET /api/realtime 200 in 191ms
 GET /api/notifications?limit=10 200 in 223ms
prisma:error 
Invalid `_lib_db__WEBPACK_IMPORTED_MODULE_3__.prisma.submittal.count()` invocation in
/home/ubuntu/cortexbuild_pro/nextjs_space/.next/server/app/api/company/stats/route.js:353:67

  350         }
  351     }
  352 }),
→ 353 _lib_db__WEBPACK_IMPORTED_MODULE_3__.prisma.submittal.count(
Too many database connections opened: FATAL: too many connections for role "role_ddaacb0a0"
Prisma Accelerate has built-in connection pooling to prevent such errors: https://pris.ly/client/error-accelerate
 GET /api/realtime 200 in 186ms
 GET /api/realtime 200 in 107ms
 GET /api/realtime 200 in 6141ms
 GET /api/realtime 200 in 6340ms
 GET /api/realtime 200 in 151ms
 GET /api/realtime 200 in 5405ms
 GET /api/realtime 200 in 6516ms
 GET /api/realtime 200 in 6173ms
 GET /api/realtime 200 in 6036ms
 GET /api/realtime 200 in 6244ms
 GET /api/realtime 200 in 6466ms
 GET /api/realtime 200 in 5897ms
 GET /api/realtime 200 in 167ms
 GET /api/realtime 200 in 174ms
 GET /api/realtime 200 in 5511ms
 GET /api/realtime 200 in 191ms
 GET /api/realtime 200 in 194ms
 GET /api/realtime 200 in 5610ms
 GET /api/auth/session 200 in 190ms
 GET /api/notifications?limit=10 200 in 200ms
 GET /api/notifications?limit=10 200 in 199ms
 GET /api/notifications?limit=10 200 in 199ms
 GET /api/notifications?limit=10 200 in 200ms
 GET /api/realtime 200 in 178ms
 GET /api/auth/session 200 in 57ms
 GET /api/auth/session 200 in 73ms
 GET /api/auth/session 200 in 71ms
 GET /api/realtime 200 in 86ms
 GET /api/realtime 200 in 59ms
 GET /api/realtime 200 in 49ms
 GET /api/realtime 200 in 54ms
 GET /api/realtime 200 in 60ms
 GET /api/realtime 200 in 64ms
 GET /api/realtime 200 in 65ms
 GET /api/realtime 200 in 61ms
 GET /api/realtime 200 in 66ms
 GET /api/realtime 200 in 60ms
 GET /api/realtime 200 in 51ms
 GET /api/realtime 200 in 52ms
 GET /api/realtime 200 in 55ms
 GET /api/realtime 200 in 55ms
 GET /api/realtime 200 in 60ms
 GET /api/realtime 200 in 169ms
 GET /api/realtime 200 in 55ms
 GET /api/realtime 200 in 56ms
 GET /api/realtime 200 in 87ms
 GET /api/realtime 200 in 62ms
 GET /api/realtime 200 in 53ms
 GET /api/realtime 200 in 7841ms
 ○ Compiling /company/settings ...
 ✓ Compiled /company/settings in 3.3s (3490 modules)
 GET /company/settings 307 in 3622ms
 GET /company/invitations 200 in 3625ms
 GET /company/team 200 in 3678ms
 GET /company/usage 200 in 3626ms
 GET /dashboard 200 in 305ms
 GET /projects/project-riverside-homes 200 in 4035ms
 GET /projects/project-mall-renovation 200 in 4029ms
 GET /projects/project-downtown-office 200 in 3994ms
 ○ Compiling /api/company/invitations ...
 ✓ Compiled /api/company/invitations in 911ms (1940 modules)
 GET /api/notifications?limit=10 200 in 1408ms
 GET /api/auth/session 200 in 1693ms
 GET /api/company/invitations? 200 in 1713ms
 GET /api/realtime 200 in 876ms
 GET /api/realtime 200 in 878ms
 GET /api/realtime 200 in 784ms
 GET /api/realtime 200 in 900ms
 GET /api/realtime 200 in 80ms
 GET /api/company/invitations? 200 in 99ms
 GET /api/realtime 200 in 116ms
 GET /api/auth/session 200 in 107ms
 GET /api/notifications?limit=10 200 in 128ms
 GET /api/realtime 200 in 136ms
 GET /api/realtime 200 in 144ms
 GET /api/realtime 200 in 128ms
 GET /api/company/invitations? 200 in 134ms
 GET /api/realtime 200 in 129ms
 GET /api/realtime 200 in 184ms
 GET /api/realtime 200 in 170ms
 GET /api/auth/session 200 in 182ms
 GET /api/notifications?limit=10 200 in 172ms
 GET /api/realtime 200 in 150ms
 GET /api/realtime 200 in 194ms
 GET /api/company/invitations? 200 in 145ms
 GET /api/realtime 200 in 133ms
 GET /api/realtime 200 in 180ms
 GET /api/auth/session 200 in 137ms
 GET /api/notifications?limit=10 200 in 147ms
 GET /api/realtime 200 in 128ms
 GET /api/realtime 200 in 132ms
 GET /api/realtime 200 in 154ms
 GET /api/auth/session 200 in 122ms
 GET /api/notifications?limit=10 200 in 148ms
 GET /api/realtime 200 in 140ms
 GET /api/realtime 200 in 153ms
 GET /api/realtime 200 in 144ms
 GET /api/auth/session 200 in 66ms
 GET /api/realtime 200 in 113ms
 GET /api/notifications?limit=10 200 in 96ms
 GET /api/realtime 200 in 82ms
 GET /api/realtime 200 in 106ms
 GET /api/realtime 200 in 130ms
 GET /api/realtime 200 in 132ms
 GET /api/auth/session 200 in 88ms
 GET /api/realtime 200 in 114ms
 GET /api/notifications?limit=10 200 in 102ms
 GET /api/realtime 200 in 67ms
 GET /api/realtime 200 in 114ms
 GET /api/realtime 200 in 120ms
 GET /api/auth/session 200 in 137ms
 GET /api/realtime 200 in 124ms
 GET /api/notifications?limit=10 200 in 131ms
 GET /api/realtime 200 in 147ms
 GET /api/realtime 200 in 126ms
 GET /api/auth/session 200 in 75ms
 GET /api/realtime 200 in 155ms
 GET /api/realtime 200 in 105ms
 GET /api/notifications?limit=10 200 in 99ms
 GET /api/realtime 200 in 116ms
 GET /api/realtime 200 in 126ms
 GET /api/realtime 200 in 146ms
 GET /api/auth/session 200 in 101ms
 GET /api/realtime 200 in 123ms
 GET /api/notifications?limit=10 200 in 121ms
 GET /api/realtime 200 in 105ms
 GET /api/realtime 200 in 112ms
 GET /api/realtime 200 in 114ms
 GET /api/auth/session 200 in 134ms
 GET /api/realtime 200 in 150ms
 GET /api/realtime 200 in 134ms
 GET /api/notifications?limit=10 200 in 165ms
 GET /api/realtime 200 in 111ms
 GET /api/realtime 200 in 179ms
 GET /api/auth/session 200 in 145ms
 GET /api/realtime 200 in 165ms
 GET /api/realtime 200 in 160ms
 GET /api/realtime 200 in 151ms
 GET /api/notifications?limit=10 200 in 165ms
 GET /api/auth/session 200 in 114ms
 GET /api/realtime 200 in 157ms
 GET /api/realtime 200 in 106ms
 GET /api/realtime 200 in 146ms
 GET /api/notifications?limit=10 200 in 114ms
 GET /api/realtime 200 in 122ms
 GET /api/auth/session 200 in 112ms
 GET /api/realtime 200 in 106ms
 GET /api/realtime 200 in 116ms
 GET /api/realtime 200 in 122ms
 GET /api/notifications?limit=10 200 in 116ms
 GET /api/realtime 200 in 108ms
 GET /api/auth/session 200 in 123ms
 GET /api/realtime 200 in 147ms
 GET /api/realtime 200 in 121ms
 GET /api/realtime 200 in 122ms
 GET /api/realtime 200 in 126ms
 GET /api/notifications?limit=10 200 in 88ms
 GET /api/auth/session 200 in 70ms
 GET /api/realtime 200 in 54ms
 GET /api/realtime 200 in 67ms
 GET /api/notifications?limit=10 200 in 94ms
 GET /api/realtime 200 in 116ms
 GET /api/realtime 200 in 113ms
 GET /api/realtime 200 in 123ms
 GET /api/auth/session 200 in 93ms
 GET /api/realtime 200 in 81ms
 GET /api/realtime 200 in 106ms
 GET /api/realtime 200 in 105ms
 GET /api/realtime 200 in 115ms
 GET /api/auth/session 200 in 84ms
 GET /api/realtime 200 in 102ms
 GET /api/realtime 200 in 129ms
 GET /api/realtime 200 in 125ms
 GET /api/auth/session 200 in 102ms
 GET /api/realtime 200 in 172ms
 GET /api/realtime 200 in 74ms
 GET /api/realtime 200 in 122ms
 GET /api/realtime 200 in 123ms
 GET /api/auth/session 200 in 112ms
 GET /api/realtime 200 in 145ms
 GET /api/realtime 200 in 146ms
 GET /api/auth/session 200 in 61ms
 GET /api/realtime 200 in 98ms
 GET /api/realtime 200 in 101ms
 GET /api/realtime 200 in 103ms
 GET /api/realtime 200 in 129ms
 GET /api/realtime 200 in 133ms
 GET /api/auth/session 200 in 100ms
 GET /api/realtime 200 in 96ms
 GET /api/realtime 200 in 177ms
 GET /api/realtime 200 in 93ms
 GET /api/realtime 200 in 107ms
 GET /api/auth/session 200 in 84ms
 GET /api/realtime 200 in 126ms
 GET /api/realtime 200 in 171ms
 GET /api/realtime 200 in 167ms
 GET /api/realtime 200 in 170ms
 GET /api/auth/session 200 in 178ms
 GET /api/realtime 200 in 200ms
 GET /api/realtime 200 in 156ms
 GET /api/realtime 200 in 201ms
 GET /api/realtime 200 in 201ms
 GET /api/auth/session 200 in 136ms
 GET /api/realtime 200 in 176ms
 GET /api/realtime 200 in 177ms
 GET /api/realtime 200 in 126ms
 GET /api/auth/session 200 in 142ms
 GET /api/realtime 200 in 191ms
 GET /api/realtime 200 in 4918ms
 GET /api/realtime 200 in 54ms
 GET /api/realtime 200 in 87ms
 GET /api/realtime 200 in 105ms
 GET /api/realtime 200 in 145ms
 GET /api/auth/session 200 in 113ms
 GET /api/realtime 200 in 137ms
 GET /api/realtime 200 in 138ms
 GET /api/realtime 200 in 67ms
 GET /api/realtime 200 in 85ms
 GET /api/realtime 200 in 91ms
 GET /api/realtime 200 in 91ms
 GET /api/realtime 200 in 78ms
 GET /api/realtime 200 in 85ms
 GET /api/realtime 200 in 76ms
 GET /api/realtime 200 in 67ms
 GET /api/realtime 200 in 59ms
 GET /api/realtime 200 in 86ms
 GET /api/realtime 200 in 78ms
 GET /api/realtime 200 in 132ms
 GET /api/realtime 200 in 218ms
 GET /api/realtime 200 in 323ms
 GET /api/realtime 200 in 312ms
 GET /api/realtime 200 in 76ms
 GET /api/realtime 200 in 225ms
 GET /api/realtime 200 in 91ms
 GET /api/realtime 200 in 78ms
 GET /api/realtime 200 in 93ms
 GET /api/realtime 200 in 92ms
 GET /api/realtime 200 in 94ms
 GET /api/realtime 200 in 84ms
 GET /api/realtime 200 in 81ms
 GET /api/realtime 200 in 99ms
 GET /api/realtime 200 in 117ms
 GET /api/realtime 200 in 71ms
 GET /api/realtime 200 in 90ms
 GET /api/realtime 200 in 6966ms
 GET /api/realtime 200 in 101ms
 GET /api/realtime 200 in 6842ms
 GET /api/realtime 200 in 74ms
 GET /api/realtime 200 in 6947ms
prisma:error Error in PostgreSQL connection: Error { kind: Db, cause: Some(DbError { severity: "FATAL", parsed_severity: Some(Fatal), code: SqlState(E57P05), message: "terminating connection due to idle-session timeout", detail: None, hint: None, position: None, where_: None, schema: None, table: None, column: None, datatype: None, constraint: None, file: Some("postgres.c"), line: Some(3472), routine: Some("ProcessInterrupts") }) }
prisma:error Error in PostgreSQL connection: Error { kind: Db, cause: Some(DbError { severity: "FATAL", parsed_severity: Some(Fatal), code: SqlState(E57P05), message: "terminating connection due to idle-session timeout", detail: None, hint: None, position: None, where_: None, schema: None, table: None, column: None, datatype: None, constraint: None, file: Some("postgres.c"), line: Some(3472), routine: Some("ProcessInterrupts") }) }
prisma:error Error in PostgreSQL connection: Error { kind: Db, cause: Some(DbError { severity: "FATAL", parsed_severity: Some(Fatal), code: SqlState(E57P05), message: "terminating connection due to idle-session timeout", detail: None, hint: None, position: None, where_: None, schema: None, table: None, column: None, datatype: None, constraint: None, file: Some("postgres.c"), line: Some(3472), routine: Some("ProcessInterrupts") }) }
prisma:error Error in PostgreSQL connection: Error { kind: Db, cause: Some(DbError { severity: "FATAL", parsed_severity: Some(Fatal), code: SqlState(E57P05), message: "terminating connection due to idle-session timeout", detail: None, hint: None, position: None, where_: None, schema: None, table: None, column: None, datatype: None, constraint: None, file: Some("postgres.c"), line: Some(3472), routine: Some("ProcessInterrupts") }) }
prisma:error Error in PostgreSQL connection: Error { kind: Db, cause: Some(DbError { severity: "FATAL", parsed_severity: Some(Fatal), code: SqlState(E57P05), message: "terminating connection due to idle-session timeout", detail: None, hint: None, position: None, where_: None, schema: None, table: None, column: None, datatype: None, constraint: None, file: Some("postgres.c"), line: Some(3472), routine: Some("ProcessInterrupts") }) }
prisma:error Error in PostgreSQL connection: Error { kind: Db, cause: Some(DbError { severity: "FATAL", parsed_severity: Some(Fatal), code: SqlState(E57P05), message: "terminating connection due to idle-session timeout", detail: None, hint: None, position: None, where_: None, schema: None, table: None, column: None, datatype: None, constraint: None, file: Some("postgres.c"), line: Some(3472), routine: Some("ProcessInterrupts") }) }
prisma:error Error in PostgreSQL connection: Error { kind: Db, cause: Some(DbError { severity: "FATAL", parsed_severity: Some(Fatal), code: SqlState(E57P05), message: "terminating connection due to idle-session timeout", detail: None, hint: None, position: None, where_: None, schema: None, table: None, column: None, datatype: None, constraint: None, file: Some("postgres.c"), line: Some(3472), routine: Some("ProcessInterrupts") }) }
prisma:error Error in PostgreSQL connection: Error { kind: Db, cause: Some(DbError { severity: "FATAL", parsed_severity: Some(Fatal), code: SqlState(E57P05), message: "terminating connection due to idle-session timeout", detail: None, hint: None, position: None, where_: None, schema: None, table: None, column: None, datatype: None, constraint: None, file: Some("postgres.c"), line: Some(3472), routine: Some("ProcessInterrupts") }) }
prisma:error Error in PostgreSQL connection: Error { kind: Db, cause: Some(DbError { severity: "FATAL", parsed_severity: Some(Fatal), code: SqlState(E57P05), message: "terminating connection due to idle-session timeout", detail: None, hint: None, position: None, where_: None, schema: None, table: None, column: None, datatype: None, constraint: None, file: Some("postgres.c"), line: Some(3472), routine: Some("ProcessInterrupts") }) }
prisma:error Error in PostgreSQL connection: Error { kind: Db, cause: Some(DbError { severity: "FATAL", parsed_severity: Some(Fatal), code: SqlState(E57P05), message: "terminating connection due to idle-session timeout", detail: None, hint: None, position: None, where_: None, schema: None, table: None, column: None, datatype: None, constraint: None, file: Some("postgres.c"), line: Some(3472), routine: Some("ProcessInterrupts") }) }
 ✓ Compiled in 875ms (1568 modules)
 ✓ Compiled in 1056ms (1730 modules)
 ✓ Compiled in 1061ms (1730 modules)
 ✓ Compiled in 907ms (1730 modules)
 ✓ Compiled in 1032ms (1730 modules)
 ✓ Compiled in 858ms (1730 modules)
 ✓ Compiled in 1067ms (1730 modules)
 ✓ Compiled in 843ms (1730 modules)
 ✓ Compiled in 1137ms (1568 modules)
 ✓ Compiled in 552ms (1569 modules)
 ✓ Compiled in 290ms (1557 modules)
 ✓ Compiled in 676ms (1569 modules)
 ✓ Compiled in 530ms (1569 modules)
 ✓ Compiled in 536ms (1569 modules)
 ✓ Compiled in 566ms (1569 modules)
 ✓ Compiled in 498ms (1569 modules)
 ✓ Compiled in 542ms (1569 modules)
 ✓ Compiled in 544ms (1569 modules)
[?25h
