  ▲ Next.js 14.2.28
  - Local:        http://localhost:3000
  - Environments: .env
  - Experiments (use with caution):
    · outputFileTracingRoot

 ✓ Starting...
 ✓ Ready in 1783ms
 ○ Compiling / ...
 ✓ Compiled / in 1982ms (611 modules)
 GET / 200 in 2587ms
 ✓ Compiled in 614ms (297 modules)
 ✓ Compiled /api/auth/[...nextauth] in 462ms (555 modules)
 GET /api/auth/providers 200 in 949ms
 GET / 200 in 124ms
 GET /api/auth/session 200 in 68ms
 GET /api/auth/session 200 in 60ms
 ○ Compiling /login ...
 ✓ Compiled /login in 1015ms (912 modules)
 GET /signup 200 in 1277ms
 GET /login 200 in 1276ms
 GET / 200 in 1279ms
 GET / 200 in 117ms
 GET / 200 in 103ms
 GET /api/auth/session 200 in 140ms
 GET /api/auth/session 200 in 65ms
 GET /api/auth/session 200 in 60ms
 GET /api/auth/session 200 in 207ms
 GET /api/auth/session 200 in 64ms
 GET /api/auth/session 200 in 62ms
 GET /api/auth/session 200 in 81ms
 GET /api/auth/session 200 in 62ms
 GET /api/auth/session 200 in 71ms
 GET /api/auth/session 200 in 74ms
 GET /api/auth/session 200 in 58ms
 GET /api/auth/session 200 in 60ms
 GET /api/auth/session 200 in 72ms
 GET /api/auth/session 200 in 61ms
 GET /api/auth/session 200 in 58ms
 GET /api/auth/session 200 in 77ms
 GET /api/auth/session 200 in 58ms
 GET /api/auth/csrf 200 in 68ms
 ✓ Compiled /api/signup in 134ms (619 modules)
 POST /api/signup 200 in 643ms
 GET / 200 in 111ms
 GET /api/auth/signin 302 in 94ms
 GET /login?callbackUrl=https://2aa0dff87.preview.abacusai.app 200 in 78ms
 GET /api/auth/csrf 200 in 63ms
 POST /api/auth/callback/credentials 302 in 373ms
 ✓ Compiled /middleware in 200ms (174 modules)
 ○ Compiling /dashboard ...
 ✓ Compiled /dashboard in 1656ms (1921 modules)
 GET /dashboard 200 in 1946ms
 GET / 200 in 105ms
 GET /dashboard 200 in 119ms
 GET /api/auth/session 200 in 99ms
 ○ Compiling /api/realtime ...
 ✓ Compiled /api/realtime in 579ms (1120 modules)
 ✓ Compiled (1132 modules)
 GET /api/dashboard/agenda 200 in 1014ms
 GET /api/auth/session 200 in 990ms
 GET /api/notifications?limit=10 200 in 1032ms
 GET /api/realtime 200 in 690ms
 GET /api/dashboard/agenda 200 in 158ms
 GET /api/auth/session 200 in 144ms
 GET /api/notifications?limit=10 200 in 166ms
 GET /api/realtime 200 in 171ms
 GET /api/auth/session 200 in 189ms
 GET /api/dashboard/agenda 200 in 221ms
 GET /api/notifications?limit=10 200 in 209ms
 GET /api/realtime 200 in 159ms
 GET /api/auth/session 200 in 147ms
 GET /api/dashboard/agenda 200 in 165ms
 GET /api/notifications?limit=10 200 in 152ms
 GET /api/realtime 200 in 152ms
 GET /api/auth/session 200 in 121ms
 GET /api/realtime 200 in 124ms
 GET /api/auth/session 200 in 356ms
 GET /api/realtime 200 in 381ms
 GET /api/realtime 200 in 98ms
 GET /api/realtime 200 in 73ms
 GET /api/realtime 200 in 81ms
 GET /api/realtime 200 in 75ms
 GET /api/realtime 200 in 76ms
 GET /api/realtime 200 in 75ms
 GET /api/realtime 200 in 71ms
 GET /api/realtime 200 in 78ms
 GET /api/realtime 200 in 77ms
 GET /api/realtime 200 in 79ms
 GET /api/realtime 200 in 79ms
 GET /api/realtime 200 in 458ms
 GET /api/realtime 200 in 92ms
 GET /api/realtime 200 in 99ms
 GET /api/realtime 200 in 80ms
 GET /api/realtime 200 in 74ms
 GET /api/realtime 200 in 4294ms
 GET /api/realtime 200 in 28ms
 ○ Compiling /projects/[id] ...
 ✓ Compiled /projects/[id] in 4.4s (3605 modules)
 GET /projects/new 200 in 5347ms
 GET /daily-reports 200 in 5432ms
 GET /equipment 200 in 5348ms
 GET /budget 200 in 5419ms
 GET /meetings 200 in 5353ms
 GET /documents 200 in 5355ms
 GET /settings 200 in 5354ms
 GET /rfis 200 in 5356ms
 GET /safety 200 in 5358ms
 GET /site-diary 200 in 5437ms
 GET /reports 200 in 5358ms
 GET /projects 200 in 5358ms
 GET /team 200 in 5359ms
 GET /company 200 in 5359ms
 GET /tasks 200 in 5445ms
 GET /projects/project-mall-renovation 200 in 5710ms
 GET /projects/project-riverside-homes 200 in 5733ms
 GET /projects/project-downtown-office?tab=tasks 200 in 5764ms
 GET /projects/project-downtown-office?tab=daily-reports 200 in 5770ms
 GET /projects/project-downtown-office 200 in 5771ms
 GET /api/notifications?limit=10 200 in 304ms
 GET /api/auth/session 200 in 688ms
 GET /api/realtime 200 in 609ms
 GET /api/realtime 200 in 552ms
 GET /api/notifications?limit=10 200 in 708ms
 ○ Compiling /api/company/stats ...
 ✓ Compiled /api/company/stats in 1792ms (1995 modules)
 GET /api/realtime 200 in 3787ms
 GET /api/realtime 200 in 3520ms
 GET /api/realtime 200 in 3974ms
 GET /api/realtime 200 in 4029ms
 GET /api/realtime 200 in 3715ms
 GET /api/realtime 200 in 4171ms
 GET /api/realtime 200 in 3911ms
 GET /api/realtime 200 in 3787ms
 GET /api/realtime 200 in 3619ms
 GET /api/realtime 200 in 3897ms
 GET /api/realtime 200 in 3909ms
 GET /api/realtime 200 in 3806ms
 GET /api/realtime 200 in 3992ms
 GET /api/realtime 200 in 3997ms
 GET /api/notifications?limit=10 200 in 473ms
 GET /api/company/stats 200 in 4132ms
 GET /api/notifications?limit=10 200 in 495ms
 GET /api/notifications?limit=10 200 in 486ms
 GET /api/notifications?limit=10 200 in 486ms
 GET /api/notifications?limit=10 200 in 493ms
 GET /api/realtime 200 in 3169ms
 GET /api/notifications?limit=10 200 in 487ms
 GET /api/realtime 200 in 3393ms
 GET /api/notifications?limit=10 200 in 487ms
 GET /api/notifications?limit=10 200 in 486ms
 GET /api/realtime 200 in 3320ms
 GET /api/realtime 200 in 2929ms
 GET /api/notifications?limit=10 200 in 497ms
 GET /api/notifications?limit=10 200 in 486ms
 GET /api/notifications?limit=10 200 in 495ms
 GET /api/notifications?limit=10 200 in 489ms
 GET /api/realtime 200 in 3336ms
 GET /api/notifications?limit=10 200 in 466ms
 GET /api/realtime 200 in 3103ms
 GET /api/notifications?limit=10 200 in 503ms
 GET /api/notifications?limit=10 200 in 495ms
 GET /api/notifications?limit=10 200 in 496ms
 GET /api/realtime 200 in 3404ms
 GET /api/realtime 200 in 3283ms
 GET /api/notifications?limit=10 200 in 497ms
 GET /api/notifications?limit=10 200 in 495ms
 GET /api/notifications?limit=10 200 in 498ms
 GET /api/notifications?limit=10 200 in 503ms
 GET /api/realtime 200 in 4037ms
 GET /api/realtime 200 in 4134ms
 GET /api/notifications?limit=10 200 in 512ms
 GET /api/notifications?limit=10 200 in 513ms
 GET /api/notifications?limit=10 200 in 497ms
 GET /api/notifications?limit=10 200 in 497ms
 GET /api/realtime 200 in 4411ms
 GET /api/notifications?limit=10 200 in 497ms
 GET /api/realtime 200 in 3408ms
 GET /api/notifications?limit=10 200 in 500ms
 GET /api/realtime 200 in 3279ms
 GET /api/notifications?limit=10 200 in 497ms
 GET /api/realtime 200 in 4528ms
 GET /api/notifications?limit=10 200 in 498ms
 GET /api/notifications?limit=10 200 in 513ms
 GET /api/notifications?limit=10 200 in 510ms
 GET /api/notifications?limit=10 200 in 506ms
 GET /api/notifications?limit=10 200 in 510ms
 GET /api/realtime 200 in 4068ms
 GET /api/realtime 200 in 2961ms
 GET /api/realtime 200 in 2965ms
 GET /api/auth/session 200 in 628ms
 GET /api/auth/session 200 in 628ms
 GET /api/notifications?limit=10 200 in 735ms
 GET /api/realtime 200 in 3521ms
 GET /api/notifications?limit=10 200 in 725ms
 GET /api/auth/session 200 in 629ms
 GET /api/notifications?limit=10 200 in 727ms
 GET /api/notifications?limit=10 200 in 706ms
 GET /api/notifications?limit=10 200 in 739ms
 GET /api/notifications?limit=10 200 in 726ms
 GET /api/auth/session 200 in 630ms
 GET /api/notifications?limit=10 200 in 734ms
 GET /api/auth/session 200 in 632ms
 GET /api/notifications?limit=10 200 in 743ms
 GET /api/realtime 200 in 4516ms
 GET /api/notifications?limit=10 200 in 727ms
 GET /api/auth/session 200 in 630ms
 GET /api/notifications?limit=10 200 in 681ms
 GET /api/notifications?limit=10 200 in 713ms
 GET /api/notifications?limit=10 200 in 708ms
 GET /api/auth/session 200 in 630ms
 GET /api/realtime 200 in 3533ms
 ○ Compiling /company/invitations ...
 ✓ Compiled /company/invitations in 2.6s (3691 modules)
 GET /company/invitations 200 in 2960ms
 GET /change-orders 200 in 2961ms
 GET /submittals 200 in 2963ms
 GET /company/team 200 in 2964ms
 GET /company/usage 200 in 2964ms
 GET /company/settings 307 in 2965ms
 GET /dashboard 200 in 207ms
 ○ Compiling /api/company/invitations ...
 ✓ Compiled /api/company/invitations in 755ms (2052 modules)
 GET /api/realtime 200 in 1214ms
 GET /api/realtime 200 in 1215ms
 GET /api/realtime 200 in 926ms
 GET /api/auth/session 200 in 1587ms
 GET /api/dashboard/agenda 200 in 1432ms
 GET /api/company/invitations? 200 in 1623ms
 GET /api/notifications?limit=10 200 in 1601ms
 GET /api/realtime 200 in 155ms
 GET /api/auth/session 200 in 210ms
 GET /api/company/invitations? 200 in 216ms
 GET /api/realtime 200 in 258ms
 GET /api/realtime 200 in 260ms
 GET /api/notifications?limit=10 200 in 223ms
 GET /api/dashboard/agenda 200 in 224ms
 GET /api/realtime 200 in 146ms
 GET /api/company/invitations? 200 in 177ms
 GET /api/notifications?limit=10 200 in 177ms
 GET /api/realtime 200 in 222ms
 GET /api/realtime 200 in 184ms
 GET /api/auth/session 200 in 220ms
 GET /api/dashboard/agenda 200 in 228ms
 GET /api/realtime 200 in 209ms
 GET /api/realtime 200 in 148ms
 GET /api/company/invitations? 200 in 263ms
 GET /api/notifications?limit=10 200 in 270ms
 GET /api/auth/session 200 in 227ms
 GET /api/realtime 200 in 280ms
 GET /api/dashboard/agenda 200 in 239ms
 GET /api/realtime 200 in 206ms
 GET /api/realtime 200 in 196ms
 GET /api/notifications?limit=10 200 in 185ms
 GET /api/realtime 200 in 202ms
 GET /api/auth/session 200 in 176ms
 GET /api/realtime 200 in 188ms
 GET /api/realtime 200 in 175ms
 GET /api/notifications?limit=10 200 in 198ms
 GET /api/realtime 200 in 204ms
 GET /api/auth/session 200 in 171ms
 GET /api/realtime 200 in 156ms
 GET /api/realtime 200 in 162ms
 GET /api/notifications?limit=10 200 in 131ms
 GET /api/realtime 200 in 149ms
 GET /api/realtime 200 in 100ms
 GET /api/auth/session 200 in 178ms
 GET /api/realtime 200 in 203ms
 GET /api/notifications?limit=10 200 in 182ms
 GET /api/auth/session 200 in 211ms
 GET /api/notifications?limit=10 200 in 145ms
 GET /api/realtime 200 in 304ms
 GET /api/realtime 200 in 245ms
 GET /api/realtime 200 in 393ms
 GET /api/auth/session 200 in 210ms
 GET /api/realtime 200 in 254ms
 GET /api/notifications?limit=10 200 in 227ms
 GET /api/realtime 200 in 192ms
 GET /api/auth/session 200 in 162ms
 GET /api/notifications?limit=10 200 in 190ms
 GET /api/realtime 200 in 213ms
 GET /api/realtime 200 in 191ms
 GET /api/realtime 200 in 3879ms
 GET /api/realtime 200 in 532ms
 GET /api/realtime 200 in 3918ms
 GET /api/realtime 200 in 4339ms
 GET /api/auth/session 200 in 683ms
 GET /api/auth/session 200 in 1414ms
 GET /api/auth/session 200 in 61ms
 GET /api/auth/session 200 in 64ms
[?25h
