[master 33fd9f0] Phase 2: Company Owner dashboard and team invitations
 24 files changed, 3412 insertions(+), 5 deletions(-)
 create mode 100644 nextjs_space/app/(company)/_components/header.tsx
 create mode 100644 nextjs_space/app/(company)/_components/sidebar.tsx
 create mode 100644 nextjs_space/app/(company)/company/_components/dashboard-client.tsx
 create mode 100644 nextjs_space/app/(company)/company/invitations/_components/invitations-client.tsx
 create mode 100644 nextjs_space/app/(company)/company/invitations/page.tsx
 create mode 100644 nextjs_space/app/(company)/company/page.tsx
 create mode 100644 nextjs_space/app/(company)/company/settings/_components/settings-client.tsx
 create mode 100644 nextjs_space/app/(company)/company/settings/page.tsx
 create mode 100644 nextjs_space/app/(company)/company/team/_components/team-client.tsx
 create mode 100644 nextjs_space/app/(company)/company/team/page.tsx
 create mode 100644 nextjs_space/app/(company)/company/usage/_components/usage-client.tsx
 create mode 100644 nextjs_space/app/(company)/company/usage/page.tsx
 create mode 100644 nextjs_space/app/(company)/layout.tsx
 create mode 100644 nextjs_space/app/api/company/invitations/[id]/route.ts
 create mode 100644 nextjs_space/app/api/company/invitations/accept/route.ts
 create mode 100644 nextjs_space/app/api/company/invitations/route.ts
 create mode 100644 nextjs_space/app/api/company/invitations/validate/route.ts
 create mode 100644 nextjs_space/app/api/company/settings/route.ts
 create mode 100644 nextjs_space/app/team-invite/accept/[token]/_components/accept-client.tsx
 create mode 100644 nextjs_space/app/team-invite/accept/[token]/page.tsx
###33fd9f09018cf553043ad6954be8a4834637c33f###
