  ▲ Next.js 14.2.28
  - Environments: .env
  - Experiments (use with caution):
    · outputFileTracingRoot

   Creating an optimized production build ...
 ✓ Compiled successfully
   Skipping linting
   Checking validity of types ...
   Collecting page data ...
   Generating static pages (0/18) ...
   Generating static pages (4/18) 
   Generating static pages (8/18) 
   Generating static pages (13/18) 
 ✓ Generating static pages (18/18)
   Finalizing page optimization ...
   Collecting build traces ...

Route (app)                              Size     First Load JS
┌ ƒ /                                    177 B          96.4 kB
├ ƒ /_not-found                          877 B          88.3 kB
├ ƒ /api/activity                        0 B                0 B
├ ƒ /api/auth/[...nextauth]              0 B                0 B
├ ƒ /api/documents                       0 B                0 B
├ ƒ /api/documents/[id]                  0 B                0 B
├ ƒ /api/documents/[id]/download         0 B                0 B
├ ƒ /api/notifications                   0 B                0 B
├ ƒ /api/projects                        0 B                0 B
├ ƒ /api/projects/[id]                   0 B                0 B
├ ƒ /api/realtime                        0 B                0 B
├ ƒ /api/search                          0 B                0 B
├ ƒ /api/signup                          0 B                0 B
├ ƒ /api/tasks                           0 B                0 B
├ ƒ /api/tasks/[id]                      0 B                0 B
├ ƒ /api/tasks/[id]/comments             0 B                0 B
├ ƒ /api/team                            0 B                0 B
├ ƒ /api/team/[id]                       0 B                0 B
├ ƒ /api/team/[id]/projects              0 B                0 B
├ ƒ /api/upload/presigned                0 B                0 B
├ ƒ /dashboard                           3.48 kB         243 kB
├ ƒ /documents                           5.55 kB         168 kB
├ ƒ /login                               2.37 kB         125 kB
├ ƒ /projects                            4.27 kB         165 kB
├ ƒ /projects/[id]                       6.82 kB         186 kB
├ ƒ /projects/new                        3.76 kB         172 kB
├ ƒ /reports                             13.3 kB         208 kB
├ ƒ /settings                            10.2 kB         146 kB
├ ƒ /signup                              2.72 kB         125 kB
├ ƒ /tasks                               7.66 kB         177 kB
└ ƒ /team                                4.77 kB         167 kB
+ First Load JS shared by all            87.5 kB
  ├ chunks/156-4f76040174220d11.js       31.8 kB
  ├ chunks/ceb5afef-8966806fab663eb9.js  53.6 kB
  └ other shared chunks (total)          2.01 kB


ƒ Middleware                             49.5 kB

ƒ  (Dynamic)  server-rendered on demand

exit_code=0
