  ▲ Next.js 14.2.28
  - Local:        http://localhost:3000
  - Environments: .env
  - Experiments (use with caution):
    · outputFileTracingRoot

 ✓ Starting...
 ✓ Ready in 1916ms
 ○ Compiling / ...
 ✓ Compiled / in 2.8s (596 modules)
 GET / 200 in 3337ms
 ✓ Compiled in 551ms (296 modules)
 ✓ Compiled /api/auth/[...nextauth] in 500ms (541 modules)
 GET /api/auth/providers 200 in 990ms
 GET / 200 in 98ms
 GET /api/auth/session 200 in 63ms
 GET /api/auth/session 200 in 47ms
 ○ Compiling /signup ...
 ✓ Compiled /signup in 1020ms (881 modules)
 GET /login 200 in 1213ms
 GET /signup 200 in 1198ms
 GET /api/auth/session 200 in 76ms
 GET /api/auth/session 200 in 49ms
 GET /api/auth/session 200 in 49ms
 GET /api/auth/session 200 in 47ms
 GET /api/auth/session 200 in 64ms
 GET /api/auth/session 200 in 48ms
 GET /api/auth/csrf 200 in 67ms
 ✓ Compiled /api/signup in 151ms (597 modules)
 POST /api/signup 200 in 669ms
 GET / 200 in 94ms
 GET /api/auth/signin 302 in 73ms
 GET /login?callbackUrl=https://4b8f6bc33.preview.abacusai.app 200 in 66ms
 GET /api/auth/csrf 200 in 50ms
 POST /api/auth/callback/credentials 302 in 344ms
 ✓ Compiled /middleware in 250ms (174 modules)
 ○ Compiling /dashboard ...
 ✓ Compiled /dashboard in 2.5s (2857 modules)
 GET /dashboard 200 in 2852ms
 GET / 200 in 111ms
 GET /dashboard 200 in 121ms
 GET /api/auth/session 200 in 107ms
 ✓ Compiled /api/realtime in 324ms (1581 modules)
 ✓ Compiled (1584 modules)
 GET /api/auth/session 200 in 729ms
 GET /api/notifications?limit=10 200 in 783ms
 GET /api/realtime 200 in 503ms
 GET /api/auth/session 200 in 104ms
 GET /api/notifications?limit=10 200 in 163ms
 GET /api/realtime 200 in 163ms
 GET /api/auth/session 200 in 98ms
 GET /api/notifications?limit=10 200 in 130ms
 GET /api/realtime 200 in 114ms
 GET /api/auth/session 200 in 118ms
 GET /api/realtime 200 in 148ms
 GET /api/notifications?limit=10 200 in 116ms
 GET /api/auth/session 200 in 93ms
 GET /api/realtime 200 in 83ms
 GET /api/realtime 200 in 81ms
 GET /api/realtime 200 in 74ms
 GET /api/realtime 200 in 80ms
 GET /api/realtime 200 in 86ms
 GET /api/realtime 200 in 80ms
 GET /api/realtime 200 in 243ms
 GET /api/realtime 200 in 94ms
 GET /api/realtime 200 in 73ms
 GET /api/realtime 200 in 79ms
 GET /api/realtime 200 in 63ms
 GET /api/realtime 200 in 83ms
 GET /api/realtime 200 in 80ms
 GET /api/realtime 200 in 80ms
 GET /api/realtime 200 in 93ms
 GET /api/realtime 200 in 74ms
 GET /api/realtime 200 in 64ms
 GET /api/realtime 200 in 63ms
 GET /api/realtime 200 in 67ms
 GET /api/realtime 200 in 70ms
 GET /api/realtime 200 in 66ms
 GET /api/realtime 200 in 70ms
 GET /api/realtime 200 in 70ms
 GET /api/realtime 200 in 63ms
 GET /api/realtime 200 in 75ms
 GET /api/realtime 200 in 67ms
 GET /api/realtime 200 in 67ms
 GET /api/realtime 200 in 69ms
 GET /api/realtime 200 in 69ms
 GET /api/realtime 200 in 70ms
 GET /api/realtime 200 in 73ms
 GET /api/realtime 200 in 69ms
 GET /api/realtime 200 in 78ms
 GET /api/realtime 200 in 72ms
 GET /api/realtime 200 in 66ms
 GET /api/realtime 200 in 71ms
 GET /api/realtime 200 in 69ms
 GET /api/realtime 200 in 67ms
 GET /api/realtime 200 in 74ms
 GET /api/realtime 200 in 65ms
 GET /api/realtime 200 in 76ms
 GET /api/realtime 200 in 65ms
 GET /api/realtime 200 in 71ms
 GET /api/realtime 200 in 124ms
 GET /api/realtime 200 in 161ms
 GET /api/realtime 200 in 67ms
 GET /api/realtime 200 in 65ms
 GET /api/realtime 200 in 71ms
 GET /api/realtime 200 in 68ms
 GET /api/realtime 200 in 49ms
 GET /api/realtime 200 in 6998ms
 ○ Compiling /documents ...
 ✓ Compiled /documents in 3.7s (3457 modules)
prisma:error 
Invalid `_lib_db__WEBPACK_IMPORTED_MODULE_4__.prisma.project.findMany()` invocation in
/home/ubuntu/cortexbuild_pro/nextjs_space/.next/server/app/(dashboard)/submittals/page.js:5025:61

  5022 const organizationId = session.user.organizationId;
  5023 if (!organizationId) (0,next_navigation__WEBPACK_IMPORTED_MODULE_2__.redirect)("/login");
  5024 const [projects, submittals, teamMembers] = await Promise.all([
→ 5025     _lib_db__WEBPACK_IMPORTED_MODULE_4__.prisma.project.findMany(
Too many database connections opened: FATAL: too many connections for role "role_ddaacb0a0"
Prisma Accelerate has built-in connection pooling to prevent such errors: https://pris.ly/client/error-accelerate
prisma:error 
Invalid `_lib_db__WEBPACK_IMPORTED_MODULE_4__.prisma.rFI.findMany()` invocation in
/home/ubuntu/cortexbuild_pro/nextjs_space/.next/server/app/(dashboard)/rfis/page.js:5524:57

  5521         name: "asc"
  5522     }
  5523 }),
→ 5524 _lib_db__WEBPACK_IMPORTED_MODULE_4__.prisma.rFI.findMany(
Too many database connections opened: FATAL: too many connections for role "role_ddaacb0a0"
Prisma Accelerate has built-in connection pooling to prevent such errors: https://pris.ly/client/error-accelerate
prisma:error 
Invalid `_lib_db__WEBPACK_IMPORTED_MODULE_4__.prisma.inspection.findMany()` invocation in
/home/ubuntu/cortexbuild_pro/nextjs_space/.next/server/app/(dashboard)/inspections/page.js:4491:64

  4488         name: true
  4489     }
  4490 }),
→ 4491 _lib_db__WEBPACK_IMPORTED_MODULE_4__.prisma.inspection.findMany(
Too many database connections opened: FATAL: too many connections for role "role_ddaacb0a0"
Prisma Accelerate has built-in connection pooling to prevent such errors: https://pris.ly/client/error-accelerate
prisma:error 
Invalid `_lib_db__WEBPACK_IMPORTED_MODULE_4__.prisma.teamMember.findMany()` invocation in
/home/ubuntu/cortexbuild_pro/nextjs_space/.next/server/app/(dashboard)/reports/page.js:4137:64

  4134         }
  4135     }
  4136 }),
→ 4137 _lib_db__WEBPACK_IMPORTED_MODULE_4__.prisma.teamMember.findMany(
Too many database connections opened: FATAL: too many connections for role "role_ddaacb0a0"
Prisma Accelerate has built-in connection pooling to prevent such errors: https://pris.ly/client/error-accelerate
 GET /projects/new 200 in 4821ms
 GET /budget 200 in 4898ms
 GET /daily-reports 200 in 4824ms
 GET /materials 200 in 4899ms
 GET /punch-lists 200 in 4837ms
 GET /change-orders 200 in 4839ms
 GET /settings 200 in 4839ms
 GET /equipment 200 in 4800ms
 GET /time-tracking 200 in 4907ms
 GET /subcontractors 200 in 4914ms
 GET /documents 200 in 4801ms
 GET /meetings 200 in 4803ms
 GET /safety 200 in 4847ms
 GET /team 200 in 4848ms
 GET /projects 200 in 4853ms
 GET /company 200 in 4856ms
 GET /submittals 500 in 4869ms
 GET /tasks 200 in 4868ms
 GET /rfis 500 in 4869ms
 GET /milestones 200 in 4949ms
 GET /inspections 500 in 4876ms
 GET /reports 500 in 4878ms
 GET /api/notifications?limit=10 200 in 440ms
 GET /api/auth/session 200 in 613ms
 GET /api/realtime 200 in 654ms
 GET /api/realtime 200 in 682ms
 GET /api/realtime 200 in 539ms
 GET /api/realtime 200 in 522ms
 GET /api/realtime 200 in 537ms
 GET /api/realtime 200 in 540ms
 GET /api/realtime 200 in 584ms
 GET /api/notifications?limit=10 200 in 666ms
 GET /api/realtime 200 in 496ms
 GET /api/realtime 200 in 550ms
 GET /api/realtime 200 in 586ms
 GET /api/auth/session 200 in 653ms
 GET /api/realtime 200 in 217ms
 GET /api/realtime 200 in 484ms
 GET /api/realtime 200 in 465ms
 GET /api/realtime 200 in 469ms
 GET /api/realtime 200 in 360ms
 GET /api/realtime 200 in 389ms
 GET /api/realtime 200 in 388ms
 GET /api/realtime 200 in 362ms
 GET /api/realtime 200 in 368ms
 GET /api/realtime 200 in 247ms
 GET /api/realtime 200 in 400ms
 GET /api/realtime 200 in 398ms
 GET /api/realtime 200 in 381ms
 GET /api/realtime 200 in 383ms
 GET /api/realtime 200 in 385ms
 GET /api/realtime 200 in 320ms
 GET /api/realtime 200 in 398ms
 ○ Compiling /api/company/stats ...
 ✓ Compiled /api/company/stats in 1429ms (1918 modules)
 GET /api/auth/session 200 in 2430ms
 GET /api/notifications?limit=10 200 in 2512ms
 GET /api/realtime 200 in 2436ms
 GET /api/realtime 200 in 2369ms
 GET /api/realtime 200 in 2497ms
 GET /api/realtime 200 in 2419ms
 GET /api/realtime 200 in 2377ms
 GET /api/realtime 200 in 2440ms
 GET /api/realtime 200 in 2440ms
 GET /api/realtime 200 in 2241ms
 GET /api/realtime 200 in 2259ms
 GET /api/realtime 200 in 2384ms
 GET /api/realtime 200 in 2333ms
 GET /api/realtime 200 in 2260ms
 GET /api/realtime 200 in 2262ms
 GET /api/realtime 200 in 2445ms
 GET /api/realtime 200 in 2245ms
 GET /api/realtime 200 in 2386ms
prisma:error 
Invalid `_lib_db__WEBPACK_IMPORTED_MODULE_3__.prisma.activityLog.count()` invocation in
/home/ubuntu/cortexbuild_pro/nextjs_space/.next/server/app/api/company/stats/route.js:397:69

  394         }
  395     }
  396 }),
→ 397 _lib_db__WEBPACK_IMPORTED_MODULE_3__.prisma.activityLog.count(
Too many database connections opened: FATAL: too many connections for role "role_ddaacb0a0"
Prisma Accelerate has built-in connection pooling to prevent such errors: https://pris.ly/client/error-accelerate
 GET /api/company/stats 500 in 2626ms
prisma:error 
Invalid `_lib_db__WEBPACK_IMPORTED_MODULE_3__.prisma.task.groupBy()` invocation in
/home/ubuntu/cortexbuild_pro/nextjs_space/.next/server/app/api/company/stats/route.js:407:62

  404         }
  405     }
  406 }),
→ 407 _lib_db__WEBPACK_IMPORTED_MODULE_3__.prisma.task.groupBy(
Too many database connections opened: FATAL: too many connections for role "role_ddaacb0a0"
Prisma Accelerate has built-in connection pooling to prevent such errors: https://pris.ly/client/error-accelerate
prisma:error 
Invalid `_lib_db__WEBPACK_IMPORTED_MODULE_3__.prisma.project.groupBy()` invocation in
/home/ubuntu/cortexbuild_pro/nextjs_space/.next/server/app/api/company/stats/route.js:418:65

  415     },
  416     _count: true
  417 }),
→ 418 _lib_db__WEBPACK_IMPORTED_MODULE_3__.prisma.project.groupBy(
Too many database connections opened: FATAL: too many connections for role "role_ddaacb0a0"
Prisma Accelerate has built-in connection pooling to prevent such errors: https://pris.ly/client/error-accelerate
prisma:error 
Invalid `_lib_db__WEBPACK_IMPORTED_MODULE_3__.prisma.user.groupBy()` invocation in
/home/ubuntu/cortexbuild_pro/nextjs_space/.next/server/app/api/company/stats/route.js:427:62

  424     },
  425     _count: true
  426 }),
→ 427 _lib_db__WEBPACK_IMPORTED_MODULE_3__.prisma.user.groupBy(
Too many database connections opened: FATAL: too many connections for role "role_ddaacb0a0"
Prisma Accelerate has built-in connection pooling to prevent such errors: https://pris.ly/client/error-accelerate
prisma:error 
Invalid `_lib_db__WEBPACK_IMPORTED_MODULE_3__.prisma.project.findMany()` invocation in
/home/ubuntu/cortexbuild_pro/nextjs_space/.next/server/app/api/company/stats/route.js:444:65

  441   GROUP BY DATE("createdAt")
  442   ORDER BY date ASC
  443 `,
→ 444       _lib_db__WEBPACK_IMPORTED_MODULE_3__.prisma.project.findMany(
Too many database connections opened: FATAL: too many connections for role "role_ddaacb0a0"
Prisma Accelerate has built-in connection pooling to prevent such errors: https://pris.ly/client/error-accelerate
prisma:error 
Invalid `_lib_db__WEBPACK_IMPORTED_MODULE_3__.prisma.submittal.count()` invocation in
/home/ubuntu/cortexbuild_pro/nextjs_space/.next/server/app/api/company/stats/route.js:346:67

  343         status: "OPEN"
  344     }
  345 }),
→ 346 _lib_db__WEBPACK_IMPORTED_MODULE_3__.prisma.submittal.count(
Too many database connections opened: FATAL: too many connections for role "role_ddaacb0a0"
Prisma Accelerate has built-in connection pooling to prevent such errors: https://pris.ly/client/error-accelerate
prisma:error 
Invalid `_lib_db__WEBPACK_IMPORTED_MODULE_3__.prisma.safetyIncident.count()` invocation in
/home/ubuntu/cortexbuild_pro/nextjs_space/.next/server/app/api/company/stats/route.js:373:72

  370         }
  371     }
  372 }),
→ 373 _lib_db__WEBPACK_IMPORTED_MODULE_3__.prisma.safetyIncident.count(
Too many database connections opened: FATAL: too many connections for role "role_ddaacb0a0"
Prisma Accelerate has built-in connection pooling to prevent such errors: https://pris.ly/client/error-accelerate
 GET /api/realtime 200 in 2338ms
 GET /api/notifications?limit=10 200 in 320ms
 GET /api/realtime 200 in 323ms
 GET /api/auth/session 200 in 326ms
 GET /api/realtime 200 in 277ms
 GET /api/realtime 200 in 278ms
 GET /api/realtime 200 in 280ms
 GET /api/realtime 200 in 281ms
 GET /api/realtime 200 in 283ms
 GET /api/realtime 200 in 283ms
 GET /api/realtime 200 in 282ms
 GET /api/realtime 200 in 283ms
 GET /api/realtime 200 in 284ms
 GET /api/realtime 200 in 284ms
 GET /api/realtime 200 in 284ms
 GET /api/realtime 200 in 284ms
 GET /api/realtime 200 in 286ms
 GET /api/realtime 200 in 286ms
 GET /api/realtime 200 in 286ms
prisma:error 
Invalid `_lib_db__WEBPACK_IMPORTED_MODULE_3__.prisma.task.count()` invocation in
/home/ubuntu/cortexbuild_pro/nextjs_space/.next/server/app/api/company/stats/route.js:308:62

  305         }
  306     }
  307 }),
→ 308 _lib_db__WEBPACK_IMPORTED_MODULE_3__.prisma.task.count(
Too many database connections opened: FATAL: too many connections for role "role_ddaacb0a0"
Prisma Accelerate has built-in connection pooling to prevent such errors: https://pris.ly/client/error-accelerate
 GET /api/company/stats 500 in 313ms
prisma:error 
Invalid `_lib_db__WEBPACK_IMPORTED_MODULE_3__.prisma.user.groupBy()` invocation in
/home/ubuntu/cortexbuild_pro/nextjs_space/.next/server/app/api/company/stats/route.js:427:62

  424     },
  425     _count: true
  426 }),
→ 427 _lib_db__WEBPACK_IMPORTED_MODULE_3__.prisma.user.groupBy(
Too many database connections opened: FATAL: too many connections for role "role_ddaacb0a0"
Prisma Accelerate has built-in connection pooling to prevent such errors: https://pris.ly/client/error-accelerate
prisma:error 
Invalid `prisma.$queryRaw()` invocation:


Too many database connections opened: FATAL: too many connections for role "role_ddaacb0a0"
Prisma Accelerate has built-in connection pooling to prevent such errors: https://pris.ly/client/error-accelerate
prisma:error 
Invalid `_lib_db__WEBPACK_IMPORTED_MODULE_3__.prisma.project.findMany()` invocation in
/home/ubuntu/cortexbuild_pro/nextjs_space/.next/server/app/api/company/stats/route.js:444:65

  441   GROUP BY DATE("createdAt")
  442   ORDER BY date ASC
  443 `,
→ 444       _lib_db__WEBPACK_IMPORTED_MODULE_3__.prisma.project.findMany(
Too many database connections opened: FATAL: too many connections for role "role_ddaacb0a0"
Prisma Accelerate has built-in connection pooling to prevent such errors: https://pris.ly/client/error-accelerate
prisma:error 
Invalid `_lib_db__WEBPACK_IMPORTED_MODULE_3__.prisma.task.count()` invocation in
/home/ubuntu/cortexbuild_pro/nextjs_space/.next/server/app/api/company/stats/route.js:316:62

  313         status: "COMPLETE"
  314     }
  315 }),
→ 316 _lib_db__WEBPACK_IMPORTED_MODULE_3__.prisma.task.count(
Too many database connections opened: FATAL: too many connections for role "role_ddaacb0a0"
Prisma Accelerate has built-in connection pooling to prevent such errors: https://pris.ly/client/error-accelerate
prisma:error 
Invalid `_lib_db__WEBPACK_IMPORTED_MODULE_3__.prisma.submittal.count()` invocation in
/home/ubuntu/cortexbuild_pro/nextjs_space/.next/server/app/api/company/stats/route.js:353:67

  350         }
  351     }
  352 }),
→ 353 _lib_db__WEBPACK_IMPORTED_MODULE_3__.prisma.submittal.count(
Too many database connections opened: FATAL: too many connections for role "role_ddaacb0a0"
Prisma Accelerate has built-in connection pooling to prevent such errors: https://pris.ly/client/error-accelerate
prisma:error 
Invalid `_lib_db__WEBPACK_IMPORTED_MODULE_3__.prisma.activityLog.count()` invocation in
/home/ubuntu/cortexbuild_pro/nextjs_space/.next/server/app/api/company/stats/route.js:397:69

  394         }
  395     }
  396 }),
→ 397 _lib_db__WEBPACK_IMPORTED_MODULE_3__.prisma.activityLog.count(
Too many database connections opened: FATAL: too many connections for role "role_ddaacb0a0"
Prisma Accelerate has built-in connection pooling to prevent such errors: https://pris.ly/client/error-accelerate
 GET /api/realtime 200 in 3229ms
 GET /api/realtime 200 in 264ms
 GET /api/realtime 200 in 353ms
 GET /api/realtime 200 in 3394ms
 GET /api/auth/session 200 in 311ms
 GET /api/notifications?limit=10 200 in 351ms
 GET /api/realtime 200 in 245ms
 GET /api/realtime 200 in 333ms
 GET /api/realtime 200 in 348ms
 GET /api/realtime 200 in 316ms
 GET /api/realtime 200 in 340ms
 GET /api/realtime 200 in 305ms
 GET /api/realtime 200 in 299ms
 GET /api/realtime 200 in 292ms
 GET /api/realtime 200 in 316ms
 GET /api/realtime 200 in 346ms
 GET /api/realtime 200 in 302ms
 GET /api/realtime 200 in 294ms
 GET /api/realtime 200 in 303ms
 GET /api/realtime 200 in 304ms
prisma:error 
Invalid `prisma.$queryRaw()` invocation:


Too many database connections opened: FATAL: too many connections for role "role_ddaacb0a0"
Prisma Accelerate has built-in connection pooling to prevent such errors: https://pris.ly/client/error-accelerate
 GET /api/company/stats 500 in 364ms
prisma:error 
Invalid `_lib_db__WEBPACK_IMPORTED_MODULE_3__.prisma.task.count()` invocation in
/home/ubuntu/cortexbuild_pro/nextjs_space/.next/server/app/api/company/stats/route.js:316:62

  313         status: "COMPLETE"
  314     }
  315 }),
→ 316 _lib_db__WEBPACK_IMPORTED_MODULE_3__.prisma.task.count(
Too many database connections opened: FATAL: too many connections for role "role_ddaacb0a0"
Prisma Accelerate has built-in connection pooling to prevent such errors: https://pris.ly/client/error-accelerate
prisma:error 
Invalid `_lib_db__WEBPACK_IMPORTED_MODULE_3__.prisma.project.groupBy()` invocation in
/home/ubuntu/cortexbuild_pro/nextjs_space/.next/server/app/api/company/stats/route.js:418:65

  415     },
  416     _count: true
  417 }),
→ 418 _lib_db__WEBPACK_IMPORTED_MODULE_3__.prisma.project.groupBy(
Too many database connections opened: FATAL: too many connections for role "role_ddaacb0a0"
Prisma Accelerate has built-in connection pooling to prevent such errors: https://pris.ly/client/error-accelerate
prisma:error 
Invalid `_lib_db__WEBPACK_IMPORTED_MODULE_3__.prisma.document.count()` invocation in
/home/ubuntu/cortexbuild_pro/nextjs_space/.next/server/app/api/company/stats/route.js:390:66

  387         }
  388     }
  389 }),
→ 390 _lib_db__WEBPACK_IMPORTED_MODULE_3__.prisma.document.count(
Too many database connections opened: FATAL: too many connections for role "role_ddaacb0a0"
Prisma Accelerate has built-in connection pooling to prevent such errors: https://pris.ly/client/error-accelerate
prisma:error 
Invalid `_lib_db__WEBPACK_IMPORTED_MODULE_3__.prisma.user.groupBy()` invocation in
/home/ubuntu/cortexbuild_pro/nextjs_space/.next/server/app/api/company/stats/route.js:427:62

  424     },
  425     _count: true
  426 }),
→ 427 _lib_db__WEBPACK_IMPORTED_MODULE_3__.prisma.user.groupBy(
Too many database connections opened: FATAL: too many connections for role "role_ddaacb0a0"
Prisma Accelerate has built-in connection pooling to prevent such errors: https://pris.ly/client/error-accelerate
prisma:error 
Invalid `_lib_db__WEBPACK_IMPORTED_MODULE_3__.prisma.submittal.count()` invocation in
/home/ubuntu/cortexbuild_pro/nextjs_space/.next/server/app/api/company/stats/route.js:353:67

  350         }
  351     }
  352 }),
→ 353 _lib_db__WEBPACK_IMPORTED_MODULE_3__.prisma.submittal.count(
Too many database connections opened: FATAL: too many connections for role "role_ddaacb0a0"
Prisma Accelerate has built-in connection pooling to prevent such errors: https://pris.ly/client/error-accelerate
prisma:error 
Invalid `_lib_db__WEBPACK_IMPORTED_MODULE_3__.prisma.changeOrder.count()` invocation in
/home/ubuntu/cortexbuild_pro/nextjs_space/.next/server/app/api/company/stats/route.js:366:69

  363         }
  364     }
  365 }),
→ 366 _lib_db__WEBPACK_IMPORTED_MODULE_3__.prisma.changeOrder.count(
Too many database connections opened: FATAL: too many connections for role "role_ddaacb0a0"
Prisma Accelerate has built-in connection pooling to prevent such errors: https://pris.ly/client/error-accelerate
 GET /api/realtime 200 in 287ms
 GET /api/notifications?limit=10 200 in 282ms
 GET /api/auth/session 200 in 290ms
 GET /api/realtime 200 in 235ms
 GET /api/realtime 200 in 306ms
 GET /api/realtime 200 in 308ms
 GET /api/realtime 200 in 287ms
 GET /api/realtime 200 in 304ms
 GET /api/realtime 200 in 295ms
 GET /api/realtime 200 in 290ms
 GET /api/realtime 200 in 311ms
 GET /api/realtime 200 in 297ms
 GET /api/realtime 200 in 286ms
 GET /api/realtime 200 in 313ms
 GET /api/realtime 200 in 288ms
 GET /api/realtime 200 in 293ms
prisma:error 
Invalid `_lib_db__WEBPACK_IMPORTED_MODULE_3__.prisma.submittal.count()` invocation in
/home/ubuntu/cortexbuild_pro/nextjs_space/.next/server/app/api/company/stats/route.js:353:67

  350         }
  351     }
  352 }),
→ 353 _lib_db__WEBPACK_IMPORTED_MODULE_3__.prisma.submittal.count(
Too many database connections opened: FATAL: too many connections for role "role_ddaacb0a0"
Prisma Accelerate has built-in connection pooling to prevent such errors: https://pris.ly/client/error-accelerate
 GET /api/company/stats 500 in 318ms
prisma:error 
Invalid `_lib_db__WEBPACK_IMPORTED_MODULE_3__.prisma.changeOrder.count()` invocation in
/home/ubuntu/cortexbuild_pro/nextjs_space/.next/server/app/api/company/stats/route.js:366:69

  363         }
  364     }
  365 }),
→ 366 _lib_db__WEBPACK_IMPORTED_MODULE_3__.prisma.changeOrder.count(
Too many database connections opened: FATAL: too many connections for role "role_ddaacb0a0"
Prisma Accelerate has built-in connection pooling to prevent such errors: https://pris.ly/client/error-accelerate
prisma:error 
Invalid `_lib_db__WEBPACK_IMPORTED_MODULE_3__.prisma.activityLog.count()` invocation in
/home/ubuntu/cortexbuild_pro/nextjs_space/.next/server/app/api/company/stats/route.js:397:69

  394         }
  395     }
  396 }),
→ 397 _lib_db__WEBPACK_IMPORTED_MODULE_3__.prisma.activityLog.count(
Too many database connections opened: FATAL: too many connections for role "role_ddaacb0a0"
Prisma Accelerate has built-in connection pooling to prevent such errors: https://pris.ly/client/error-accelerate
prisma:error 
Invalid `_lib_db__WEBPACK_IMPORTED_MODULE_3__.prisma.user.groupBy()` invocation in
/home/ubuntu/cortexbuild_pro/nextjs_space/.next/server/app/api/company/stats/route.js:427:62

  424     },
  425     _count: true
  426 }),
→ 427 _lib_db__WEBPACK_IMPORTED_MODULE_3__.prisma.user.groupBy(
Too many database connections opened: FATAL: too many connections for role "role_ddaacb0a0"
Prisma Accelerate has built-in connection pooling to prevent such errors: https://pris.ly/client/error-accelerate
prisma:error 
Invalid `prisma.$queryRaw()` invocation:


Too many database connections opened: FATAL: too many connections for role "role_ddaacb0a0"
Prisma Accelerate has built-in connection pooling to prevent such errors: https://pris.ly/client/error-accelerate
prisma:error 
Invalid `_lib_db__WEBPACK_IMPORTED_MODULE_3__.prisma.project.findMany()` invocation in
/home/ubuntu/cortexbuild_pro/nextjs_space/.next/server/app/api/company/stats/route.js:444:65

  441   GROUP BY DATE("createdAt")
  442   ORDER BY date ASC
  443 `,
→ 444       _lib_db__WEBPACK_IMPORTED_MODULE_3__.prisma.project.findMany(
Too many database connections opened: FATAL: too many connections for role "role_ddaacb0a0"
Prisma Accelerate has built-in connection pooling to prevent such errors: https://pris.ly/client/error-accelerate
prisma:error 
Invalid `_lib_db__WEBPACK_IMPORTED_MODULE_3__.prisma.task.count()` invocation in
/home/ubuntu/cortexbuild_pro/nextjs_space/.next/server/app/api/company/stats/route.js:316:62

  313         status: "COMPLETE"
  314     }
  315 }),
→ 316 _lib_db__WEBPACK_IMPORTED_MODULE_3__.prisma.task.count(
Too many database connections opened: FATAL: too many connections for role "role_ddaacb0a0"
Prisma Accelerate has built-in connection pooling to prevent such errors: https://pris.ly/client/error-accelerate
 GET /api/realtime 200 in 479ms
 GET /api/notifications?limit=10 200 in 302ms
 GET /api/realtime 200 in 353ms
 GET /api/realtime 200 in 369ms
 GET /api/auth/session 200 in 429ms
 GET /api/realtime 200 in 522ms
 GET /api/realtime 200 in 521ms
 GET /api/realtime 200 in 527ms
 GET /api/realtime 200 in 529ms
 GET /api/realtime 200 in 556ms
 GET /api/realtime 200 in 533ms
 GET /api/realtime 200 in 534ms
 GET /api/realtime 200 in 535ms
 GET /api/realtime 200 in 593ms
 GET /api/realtime 200 in 711ms
 GET /api/realtime 200 in 662ms
 GET /api/notifications?limit=10 200 in 785ms
 GET /api/realtime 200 in 825ms
 GET /api/realtime 200 in 1013ms
 GET /api/realtime 200 in 417ms
 GET /api/realtime 200 in 1239ms
 GET /api/auth/session 200 in 756ms
 GET /api/realtime 200 in 708ms
 GET /api/realtime 200 in 704ms
 GET /api/realtime 200 in 768ms
 GET /api/realtime 200 in 706ms
 GET /api/realtime 200 in 722ms
 GET /api/realtime 200 in 707ms
 GET /api/realtime 200 in 708ms
 GET /api/realtime 200 in 706ms
 GET /api/realtime 200 in 1321ms
 GET /api/realtime 200 in 749ms
 GET /api/realtime 200 in 578ms
 GET /api/notifications?limit=10 200 in 432ms
 GET /api/realtime 200 in 6436ms
 GET /api/realtime 200 in 6448ms
 GET /api/realtime 200 in 846ms
 GET /api/realtime 200 in 669ms
 GET /api/realtime 200 in 460ms
 GET /api/realtime 200 in 455ms
 GET /api/realtime 200 in 300ms
 GET /api/realtime 200 in 323ms
 GET /api/realtime 200 in 301ms
 GET /api/realtime 200 in 279ms
 GET /api/realtime 200 in 303ms
 GET /api/realtime 200 in 304ms
 GET /api/realtime 200 in 305ms
 GET /api/realtime 200 in 308ms
 GET /api/realtime 200 in 317ms
 GET /api/auth/session 200 in 272ms
 GET /api/realtime 200 in 264ms
 GET /api/notifications?limit=10 200 in 295ms
 GET /api/realtime 200 in 288ms
 GET /api/realtime 200 in 224ms
 GET /api/realtime 200 in 227ms
 GET /api/realtime 200 in 6870ms
 GET /api/realtime 200 in 6856ms
 GET /api/realtime 200 in 5867ms
 GET /api/realtime 200 in 130ms
 GET /api/realtime 200 in 117ms
 GET /api/realtime 200 in 231ms
 GET /api/realtime 200 in 251ms
 GET /api/realtime 200 in 258ms
 GET /api/realtime 200 in 232ms
 GET /api/realtime 200 in 235ms
 GET /api/realtime 200 in 235ms
 GET /api/realtime 200 in 259ms
 GET /api/realtime 200 in 253ms
 GET /api/realtime 200 in 6838ms
 GET /api/realtime 200 in 6459ms
 GET /api/auth/session 200 in 175ms
 GET /api/notifications?limit=10 200 in 295ms
 GET /api/realtime 200 in 254ms
 GET /api/realtime 200 in 7313ms
 GET /api/realtime 200 in 6842ms
 GET /api/realtime 200 in 344ms
 GET /api/realtime 200 in 7173ms
 GET /api/realtime 200 in 6854ms
 GET /api/realtime 200 in 6175ms
 GET /api/realtime 200 in 7460ms
 GET /api/realtime 200 in 6683ms
 GET /api/realtime 200 in 148ms
 GET /api/realtime 200 in 278ms
 GET /api/auth/session 200 in 180ms
 GET /api/notifications?limit=10 200 in 211ms
 GET /api/notifications?limit=10 200 in 206ms
 GET /api/notifications?limit=10 200 in 198ms
 GET /api/notifications?limit=10 200 in 200ms
 GET /api/realtime 200 in 77ms
 GET /api/auth/session 200 in 110ms
 GET /api/realtime 200 in 147ms
 GET /api/auth/session 200 in 80ms
 GET /api/realtime 200 in 91ms
 GET /api/auth/session 200 in 70ms
 GET /api/realtime 200 in 88ms
 GET /api/auth/session 200 in 114ms
 GET /api/realtime 200 in 128ms
 GET /api/auth/session 200 in 59ms
 GET /api/realtime 200 in 88ms
 GET /api/auth/session 200 in 47ms
 GET /api/auth/session 200 in 51ms
 GET /api/realtime 200 in 124ms
 GET /api/auth/session 200 in 88ms
 GET /api/realtime 200 in 130ms
 GET /api/realtime 200 in 66ms
 GET /api/realtime 200 in 71ms
 GET /api/realtime 200 in 69ms
 GET /api/realtime 200 in 62ms
 GET /api/realtime 200 in 8524ms
 GET /api/realtime 200 in 73ms
 ○ Compiling /company/usage ...
 ✓ Compiled /company/usage in 3.9s (3585 modules)
 GET /company/invitations 200 in 4250ms
 GET /company/settings 307 in 4232ms
 GET /company/usage 200 in 4234ms
 GET /company/team 200 in 4252ms
 GET /dashboard 200 in 263ms
 GET /projects/project-riverside-homes 200 in 4555ms
 GET /projects/project-mall-renovation 200 in 4574ms
 GET /projects/project-downtown-office 200 in 4574ms
 ○ Compiling /api/company/invitations ...
 ✓ Compiled /api/company/invitations in 1164ms (1995 modules)
 GET /api/auth/session 200 in 2177ms
 GET /api/realtime 200 in 1657ms
 GET /api/realtime 200 in 1634ms
 GET /api/realtime 200 in 1641ms
 GET /api/notifications?limit=10 200 in 2040ms
 GET /api/company/invitations? 200 in 2296ms
 GET /api/realtime 200 in 1637ms
 GET /api/realtime 200 in 100ms
 GET /api/auth/session 200 in 105ms
 GET /api/realtime 200 in 162ms
 GET /api/realtime 200 in 166ms
 GET /api/realtime 200 in 167ms
 GET /api/company/invitations? 200 in 173ms
 GET /api/notifications?limit=10 200 in 165ms
 GET /api/realtime 200 in 189ms
 GET /api/realtime 200 in 143ms
 GET /api/auth/session 200 in 222ms
 GET /api/realtime 200 in 259ms
 GET /api/realtime 200 in 269ms
 GET /api/company/invitations? 200 in 242ms
 GET /api/notifications?limit=10 200 in 243ms
 GET /api/realtime 200 in 219ms
 GET /api/realtime 200 in 220ms
 GET /api/auth/session 200 in 166ms
 GET /api/company/invitations? 200 in 164ms
 GET /api/realtime 200 in 200ms
 GET /api/notifications?limit=10 200 in 179ms
 GET /api/realtime 200 in 194ms
 GET /api/realtime 200 in 160ms
 GET /api/realtime 200 in 196ms
 GET /api/auth/session 200 in 188ms
 GET /api/realtime 200 in 188ms
 GET /api/realtime 200 in 196ms
 GET /api/notifications?limit=10 200 in 171ms
 GET /api/auth/session 200 in 99ms
 GET /api/realtime 200 in 161ms
 GET /api/realtime 200 in 162ms
 GET /api/notifications?limit=10 200 in 109ms
 GET /api/realtime 200 in 136ms
 GET /api/realtime 200 in 146ms
 GET /api/auth/session 200 in 110ms
 GET /api/realtime 200 in 148ms
 GET /api/realtime 200 in 148ms
 GET /api/realtime 200 in 141ms
 GET /api/realtime 200 in 162ms
 GET /api/notifications?limit=10 200 in 151ms
 GET /api/auth/session 200 in 142ms
 GET /api/realtime 200 in 154ms
 GET /api/realtime 200 in 154ms
 GET /api/realtime 200 in 189ms
 GET /api/notifications?limit=10 200 in 154ms
 GET /api/realtime 200 in 170ms
 GET /api/auth/session 200 in 163ms
 GET /api/realtime 200 in 158ms
 GET /api/realtime 200 in 166ms
 GET /api/realtime 200 in 121ms
 GET /api/realtime 200 in 149ms
 GET /api/notifications?limit=10 200 in 148ms
 GET /api/realtime 200 in 99ms
 GET /api/auth/session 200 in 153ms
 GET /api/realtime 200 in 152ms
 GET /api/realtime 200 in 148ms
 GET /api/notifications?limit=10 200 in 126ms
 GET /api/realtime 200 in 149ms
 GET /api/realtime 200 in 157ms
 GET /api/auth/session 200 in 128ms
 GET /api/realtime 200 in 114ms
 GET /api/realtime 200 in 174ms
 GET /api/notifications?limit=10 200 in 142ms
 GET /api/realtime 200 in 139ms
 GET /api/realtime 200 in 191ms
 GET /api/auth/session 200 in 174ms
 GET /api/realtime 200 in 176ms
 GET /api/realtime 200 in 157ms
 GET /api/notifications?limit=10 200 in 123ms
 GET /api/realtime 200 in 159ms
 GET /api/auth/session 200 in 127ms
 GET /api/realtime 200 in 149ms
 GET /api/realtime 200 in 283ms
 GET /api/realtime 200 in 177ms
 GET /api/notifications?limit=10 200 in 206ms
 GET /api/auth/session 200 in 201ms
 GET /api/realtime 200 in 326ms
 GET /api/realtime 200 in 203ms
 GET /api/realtime 200 in 215ms
 GET /api/notifications?limit=10 200 in 169ms
 GET /api/realtime 200 in 187ms
 GET /api/auth/session 200 in 142ms
 GET /api/realtime 200 in 126ms
 GET /api/realtime 200 in 127ms
 GET /api/realtime 200 in 137ms
 GET /api/realtime 200 in 4908ms
 GET /api/realtime 200 in 143ms
 GET /api/notifications?limit=10 200 in 140ms
 GET /api/auth/session 200 in 193ms
 GET /api/realtime 200 in 191ms
 GET /api/realtime 200 in 5059ms
 GET /api/notifications?limit=10 200 in 141ms
 GET /api/realtime 200 in 153ms
 GET /api/realtime 200 in 214ms
 GET /api/auth/session 200 in 138ms
 GET /api/realtime 200 in 105ms
 GET /api/auth/session 200 in 127ms
 GET /api/realtime 200 in 168ms
 GET /api/realtime 200 in 84ms
 GET /api/auth/session 200 in 85ms
 GET /api/realtime 200 in 116ms
 GET /api/realtime 200 in 90ms
 GET /api/auth/session 200 in 66ms
 GET /api/realtime 200 in 103ms
 GET /api/realtime 200 in 152ms
 GET /api/auth/session 200 in 113ms
 GET /api/realtime 200 in 117ms
 GET /api/auth/session 200 in 91ms
 GET /api/realtime 200 in 134ms
 GET /api/realtime 200 in 86ms
 GET /api/auth/session 200 in 78ms
 GET /api/auth/session 200 in 104ms
 GET /api/realtime 200 in 214ms
 GET /api/realtime 200 in 331ms
 GET /api/auth/session 200 in 102ms
 GET /api/realtime 200 in 76ms
 GET /api/realtime 200 in 247ms
 GET /api/realtime 200 in 75ms
 GET /api/realtime 200 in 86ms
 GET /api/realtime 200 in 80ms
 GET /api/realtime 200 in 89ms
 GET /api/realtime 200 in 81ms
 GET /api/realtime 200 in 90ms
 GET /api/realtime 200 in 77ms
 GET /api/realtime 200 in 6795ms
 GET /api/realtime 200 in 6766ms
 GET /api/realtime 200 in 73ms
 GET /api/realtime 200 in 103ms
