  ▲ Next.js 14.2.28
  - Local:        http://localhost:3000
  - Environments: .env
  - Experiments (use with caution):
    · outputFileTracingRoot

 ✓ Starting...
 ✓ Ready in 1734ms
 ○ Compiling / ...
 ✓ Compiled / in 2.2s (596 modules)
 ✓ Compiled in 533ms (296 modules)
 GET / 200 in 2822ms
 GET / 200 in 67ms
 GET / 200 in 65ms
 GET / 200 in 65ms
 ○ Compiling /api/auth/[...nextauth] ...
 ✓ Compiled /api/auth/[...nextauth] in 526ms (541 modules)
 GET /api/auth/session 200 in 1031ms
 GET /api/auth/session 200 in 74ms
 GET / 200 in 99ms
 GET / 200 in 57ms
 GET / 200 in 72ms
 ✓ Compiled in 261ms (300 modules)
[?25h
