  ▲ Next.js 14.2.28
  - Local:        http://localhost:3000
  - Environments: .env
  - Experiments (use with caution):
    · outputFileTracingRoot

 ✓ Starting...
 ✓ Ready in 2.2s
 ○ Compiling / ...
 ✓ Compiled / in 1738ms (596 modules)
 GET / 200 in 2285ms
 ✓ Compiled in 505ms (296 modules)
 GET / 200 in 76ms
 ✓ Compiled /api/auth/[...nextauth] in 453ms (541 modules)
 GET /api/auth/session 200 in 931ms
 GET /api/auth/session 200 in 67ms
 GET / 200 in 105ms
 GET / 200 in 73ms
 ○ Compiling /login ...
 ✓ Compiled /login in 720ms (630 modules)
 ✓ Compiled /api/auth/[...nextauth] in 145ms (565 modules)
 GET /api/auth/providers 200 in 294ms
 GET /api/auth/csrf 200 in 57ms
 POST /api/auth/callback/credentials 200 in 446ms
 GET / 200 in 108ms
 GET /api/auth/session 200 in 63ms
 ✓ Compiled /middleware in 204ms (174 modules)
 ○ Compiling /dashboard ...
 ✓ Compiled /dashboard in 1354ms (2815 modules)
 GET /dashboard?_rsc=iqngu 200 in 86ms
 ✓ Compiled /api/realtime in 238ms (1570 modules)
 ✓ Compiled (1573 modules)
 GET /api/notifications?limit=10 200 in 628ms
 GET /api/realtime 200 in 759ms
 GET /api/realtime 200 in 358ms
 GET /api/notifications?limit=10 200 in 50ms
 GET /api/realtime 200 in 224ms
 GET /api/realtime 200 in 211ms
 GET /api/auth/session 200 in 79ms
 GET / 200 in 106ms
 GET /api/realtime 200 in 30199ms
 GET /api/realtime 200 in 30213ms
 GET /api/realtime 200 in 30210ms
 GET /api/realtime 200 in 30213ms
 GET /api/realtime 200 in 30217ms
 GET /api/realtime 200 in 30206ms
 GET /api/realtime 200 in 30213ms
 GET /api/realtime 200 in 30209ms
 GET /api/realtime 200 in 30214ms
 GET /api/realtime 200 in 30209ms
 GET /api/realtime 200 in 30206ms
 GET /api/realtime 200 in 30215ms
 GET /api/realtime 200 in 30194ms
 GET /api/realtime 200 in 30219ms
 GET /api/realtime 200 in 30213ms
 GET /api/realtime 200 in 30215ms
 GET /api/realtime 200 in 30215ms
 GET /api/realtime 200 in 30207ms
 GET /api/realtime 200 in 30201ms
 GET /api/realtime 200 in 30209ms
 GET /api/realtime 200 in 30230ms
 GET /api/realtime 200 in 30202ms
 GET /api/realtime 200 in 30212ms
 GET /api/realtime 200 in 30203ms
 GET /api/realtime 200 in 30204ms
 GET /api/realtime 200 in 30212ms
 GET /api/realtime 200 in 30198ms
 GET /api/realtime 200 in 30206ms
 GET /api/realtime 200 in 30211ms
 GET /api/realtime 200 in 30211ms
 GET /api/realtime 200 in 30213ms
 GET /api/realtime 200 in 30202ms
 GET /api/realtime 200 in 30212ms
 GET /api/realtime 200 in 30205ms
 GET / 200 in 67ms
 GET /api/realtime 200 in 30209ms
 GET /api/realtime 200 in 30202ms
 GET /api/realtime 200 in 30209ms
 GET /api/realtime 200 in 30205ms
 GET /api/realtime 200 in 30205ms
 GET /api/realtime 200 in 30218ms
 GET /api/realtime 200 in 30200ms
 GET /api/realtime 200 in 30217ms
 GET /api/realtime 200 in 30207ms
 GET /api/realtime 200 in 30212ms
 GET /api/realtime 200 in 30202ms
 GET /api/realtime 200 in 30204ms
 GET /api/realtime 200 in 30210ms
 GET /api/realtime 200 in 30232ms
 GET /api/realtime 200 in 30205ms
 GET /api/realtime 200 in 30194ms
 GET /api/realtime 200 in 30223ms
 GET /api/realtime 200 in 30228ms
 GET /api/realtime 200 in 30218ms
 GET /api/realtime 200 in 30221ms
 GET /api/realtime 200 in 30211ms
 GET /api/realtime 200 in 30219ms
 GET /api/realtime 200 in 30220ms
 GET /api/realtime 200 in 30213ms
 GET /api/realtime 200 in 30213ms
 GET /api/realtime 200 in 30211ms
 GET /api/realtime 200 in 30200ms
 GET /api/realtime 200 in 30196ms
 GET /api/realtime 200 in 30225ms
 GET /api/realtime 200 in 30211ms
 GET /api/realtime 200 in 30218ms
 GET /api/realtime 200 in 30208ms
 GET /api/realtime 200 in 30209ms
 GET /api/realtime 200 in 30214ms
 GET /api/realtime 200 in 30203ms
 GET /api/realtime 200 in 30207ms
 GET /api/realtime 200 in 30219ms
 GET /api/realtime 200 in 30210ms
 GET /api/realtime 200 in 30226ms
 GET / 200 in 98ms
 GET /api/realtime 200 in 30216ms
 GET /api/realtime 200 in 30208ms
 GET /api/realtime 200 in 30212ms
 GET /api/realtime 200 in 30215ms
 GET /api/realtime 200 in 30211ms
 GET /api/realtime 200 in 30207ms
 GET /api/realtime 200 in 30296ms
 GET /api/realtime 200 in 30216ms
 GET /api/realtime 200 in 30209ms
 GET /api/realtime 200 in 30211ms
 GET /api/realtime 200 in 30207ms
 GET /api/realtime 200 in 30211ms
 GET /api/realtime 200 in 30211ms
 GET /api/realtime 200 in 30208ms
 GET /api/realtime 200 in 30218ms
 GET /api/realtime 200 in 30198ms
 GET /api/realtime 200 in 30213ms
 GET /api/realtime 200 in 30204ms
 GET /api/realtime 200 in 30207ms
 GET /api/realtime 200 in 30197ms
 GET /api/realtime 200 in 30208ms
 GET /api/realtime 200 in 30211ms
 GET /api/realtime 200 in 30216ms
 GET /api/realtime 200 in 30206ms
 GET /api/realtime 200 in 30196ms
 GET /api/realtime 200 in 30205ms
 GET /api/realtime 200 in 30204ms
 GET /api/realtime 200 in 30212ms
 GET /api/realtime 200 in 30265ms
 GET /api/realtime 200 in 30231ms
 GET /api/realtime 200 in 30205ms
 GET /api/realtime 200 in 30213ms
 GET /api/realtime 200 in 30223ms
 GET /api/realtime 200 in 30215ms
 GET /api/realtime 200 in 30203ms
 GET /api/realtime 200 in 30205ms
 GET /api/realtime 200 in 30213ms
 GET /api/realtime 200 in 30207ms
 GET /api/realtime 200 in 30212ms
 GET /api/realtime 200 in 30199ms
 GET /api/realtime 200 in 30258ms
 GET / 200 in 72ms
 GET /api/realtime 200 in 30214ms
 GET /api/realtime 200 in 30214ms
 GET /api/realtime 200 in 30208ms
prisma:error Error in PostgreSQL connection: Error { kind: Db, cause: Some(DbError { severity: "FATAL", parsed_severity: Some(Fatal), code: SqlState(E57P05), message: "terminating connection due to idle-session timeout", detail: None, hint: None, position: None, where_: None, schema: None, table: None, column: None, datatype: None, constraint: None, file: Some("postgres.c"), line: Some(3472), routine: Some("ProcessInterrupts") }) }
prisma:error Error in PostgreSQL connection: Error { kind: Db, cause: Some(DbError { severity: "FATAL", parsed_severity: Some(Fatal), code: SqlState(E57P05), message: "terminating connection due to idle-session timeout", detail: None, hint: None, position: None, where_: None, schema: None, table: None, column: None, datatype: None, constraint: None, file: Some("postgres.c"), line: Some(3472), routine: Some("ProcessInterrupts") }) }
prisma:error Error in PostgreSQL connection: Error { kind: Db, cause: Some(DbError { severity: "FATAL", parsed_severity: Some(Fatal), code: SqlState(E57P05), message: "terminating connection due to idle-session timeout", detail: None, hint: None, position: None, where_: None, schema: None, table: None, column: None, datatype: None, constraint: None, file: Some("postgres.c"), line: Some(3472), routine: Some("ProcessInterrupts") }) }
 GET /api/realtime 200 in 30224ms
 GET /api/realtime 200 in 30203ms
 GET /api/realtime 200 in 213ms
 GET /api/realtime 200 in 30195ms
 GET /api/realtime 200 in 120324ms
prisma:error Error in PostgreSQL connection: Error { kind: Db, cause: Some(DbError { severity: "FATAL", parsed_severity: Some(Fatal), code: SqlState(E57P05), message: "terminating connection due to idle-session timeout", detail: None, hint: None, position: None, where_: None, schema: None, table: None, column: None, datatype: None, constraint: None, file: Some("postgres.c"), line: Some(3472), routine: Some("ProcessInterrupts") }) }
 GET /api/realtime 200 in 30218ms
 GET /api/realtime 200 in 30204ms
 GET /api/realtime 200 in 30210ms
 GET /api/realtime 200 in 30214ms
 GET /api/realtime 200 in 30229ms
 GET /api/realtime 200 in 30197ms
 GET /api/realtime 200 in 30221ms
 GET /api/realtime 200 in 30211ms
 GET /api/realtime 200 in 30207ms
 GET /api/realtime 200 in 30208ms
 GET /api/realtime 200 in 30217ms
 GET /api/realtime 200 in 30218ms
 GET /api/realtime 200 in 30231ms
 GET /api/realtime 200 in 30219ms
 GET /api/realtime 200 in 30205ms
 GET /api/realtime 200 in 30235ms
 GET /api/realtime 200 in 30216ms
 GET /api/realtime 200 in 30205ms
 GET /api/realtime 200 in 30195ms
 GET /api/realtime 200 in 30210ms
 GET /api/realtime 200 in 30209ms
 GET /api/realtime 200 in 30223ms
 GET /api/realtime 200 in 30213ms
 GET /api/realtime 200 in 30203ms
 GET /api/realtime 200 in 30202ms
 GET /api/realtime 200 in 30201ms
 GET /api/realtime 200 in 30222ms
 GET /api/realtime 200 in 30203ms
 GET /api/realtime 200 in 30214ms
 GET /api/realtime 200 in 30224ms
 GET /api/realtime 200 in 30219ms
 GET /api/realtime 200 in 30223ms
 GET /api/realtime 200 in 30228ms
 GET /api/realtime 200 in 30229ms
 GET /api/realtime 200 in 30209ms
 GET /api/realtime 200 in 30209ms
 GET /api/realtime 200 in 30212ms
 GET /api/realtime 200 in 30213ms
[?25h
