  ▲ Next.js 14.2.28
  - Local:        http://localhost:3000
  - Environments: .env
  - Experiments (use with caution):
    · outputFileTracingRoot

 ✓ Starting...
 ✓ Ready in 1727ms
 ○ Compiling / ...
 ✓ Compiled / in 1682ms (596 modules)
 GET / 200 in 2097ms
 GET / 200 in 673ms
 GET / 200 in 2214ms
 ✓ Compiled in 495ms (296 modules)
 GET / 200 in 61ms
 GET / 200 in 54ms
 GET / 200 in 48ms
 ✓ Compiled /api/auth/[...nextauth] in 453ms (541 modules)
 GET /api/auth/session 200 in 942ms
 GET /api/auth/session 200 in 51ms
 GET / 200 in 92ms
 GET / 200 in 53ms
 GET / 200 in 51ms
 GET / 200 in 48ms
 GET /api/auth/session 200 in 52ms
 GET /api/auth/session 200 in 41ms
 GET / 200 in 53ms
 GET / 200 in 57ms
 ✓ Compiled in 461ms (296 modules)
 ✓ Compiled in 366ms (296 modules)
 ✓ Compiled in 427ms (296 modules)
 ✓ Compiled in 433ms (296 modules)
 ✓ Compiled in 354ms (296 modules)
 ✓ Compiled in 355ms (296 modules)
 ✓ Compiled in 473ms (296 modules)
 ✓ Compiled in 357ms (296 modules)
 ✓ Compiled in 354ms (296 modules)
 ✓ Compiled in 356ms (296 modules)
 ✓ Compiled in 373ms (296 modules)
 ✓ Compiled in 349ms (296 modules)
 ✓ Compiled in 349ms (296 modules)
 ✓ Compiled in 345ms (296 modules)
 ✓ Compiled in 344ms (296 modules)
 ✓ Compiled in 344ms (296 modules)
 ✓ Compiled in 346ms (296 modules)
 ✓ Compiled in 443ms (296 modules)
 ✓ Compiled in 346ms (296 modules)
 ✓ Compiled in 411ms (296 modules)
 ✓ Compiled in 373ms (296 modules)
 ✓ Compiled in 471ms (296 modules)
 ✓ Compiled in 378ms (296 modules)
 ✓ Compiled in 369ms (296 modules)
 ✓ Compiled in 406ms (296 modules)
 ✓ Compiled in 366ms (296 modules)
 ✓ Compiled in 541ms (296 modules)
 ✓ Compiled in 673ms (296 modules)
 ✓ Compiled in 422ms (296 modules)
 ✓ Compiled in 408ms (296 modules)
 ✓ Compiled in 382ms (296 modules)
 GET / 200 in 144ms
 GET / 200 in 126ms
 GET / 200 in 101ms
 GET / 200 in 99ms
 GET /api/auth/session 200 in 116ms
 GET /api/auth/session 200 in 76ms
 GET / 200 in 84ms
 GET / 200 in 53ms
 GET / 200 in 50ms
 GET /api/auth/session 200 in 47ms
 GET /api/auth/session 200 in 41ms
 GET / 200 in 54ms
 GET / 200 in 53ms
 GET / 200 in 51ms
 GET / 200 in 62ms
 GET / 200 in 54ms
 GET / 200 in 50ms
 GET / 200 in 53ms
 GET / 200 in 48ms
[?25h
