  ▲ Next.js 14.2.28
  - Local:        http://localhost:3000
  - Environments: .env
  - Experiments (use with caution):
    · outputFileTracingRoot

 ✓ Starting...
 ✓ Ready in 1659ms
 ○ Compiling / ...
 ✓ Compiled / in 1793ms (596 modules)
 GET / 200 in 2324ms
 ✓ Compiled in 518ms (296 modules)
 ○ Compiling /api/auth/[...nextauth] ...
 ✓ Compiled /api/auth/[...nextauth] in 532ms (541 modules)
 GET /api/auth/providers 200 in 1071ms
 GET / 200 in 122ms
 GET /api/auth/session 200 in 74ms
 GET /api/auth/session 200 in 58ms
 ○ Compiling /login ...
 ✓ Compiled /login in 1145ms (881 modules)
 GET /login 200 in 1370ms
 GET /signup 200 in 1372ms
 GET /api/auth/session 200 in 92ms
 GET /api/auth/session 200 in 91ms
 GET /api/auth/session 200 in 87ms
 GET /api/auth/session 200 in 60ms
 GET /api/auth/session 200 in 73ms
 GET /api/auth/csrf 200 in 72ms
 ✓ Compiled /api/signup in 161ms (597 modules)
 POST /api/signup 200 in 660ms
 GET / 200 in 98ms
 GET /api/auth/signin 302 in 76ms
 GET /login?callbackUrl=https://7d18e9f2f.preview.abacusai.app 200 in 71ms
 GET /api/auth/csrf 200 in 54ms
 POST /api/auth/callback/credentials 302 in 365ms
 ✓ Compiled /middleware in 225ms (174 modules)
 ○ Compiling /dashboard ...
 ✓ Compiled /dashboard in 2.7s (2849 modules)
 GET /dashboard 200 in 3098ms
 GET / 200 in 84ms
 GET /dashboard 200 in 89ms
 GET /api/auth/session 200 in 96ms
 ○ Compiling /api/realtime ...
 ✓ Compiled /api/realtime in 852ms (1577 modules)
 ✓ Compiled (1580 modules)
 GET /api/auth/session 200 in 1337ms
 GET /api/notifications?limit=10 200 in 1364ms
 GET /api/realtime 200 in 1355ms
 GET /api/realtime 200 in 1278ms
 GET /api/realtime 200 in 1361ms
 GET /api/realtime 200 in 1330ms
 GET /api/auth/session 200 in 96ms
 GET /api/notifications?limit=10 200 in 119ms
 GET /api/auth/session 200 in 94ms
 GET /api/notifications?limit=10 200 in 91ms
 GET /api/auth/session 200 in 109ms
 GET /api/realtime 200 in 180ms
 GET /api/notifications?limit=10 200 in 185ms
 GET /api/auth/session 200 in 121ms
 GET /api/realtime 200 in 180ms
 GET /api/realtime 200 in 70ms
 ○ Compiling /settings ...
 ✓ Compiled /settings in 3.2s (3352 modules)
prisma:error 
Invalid `_lib_db__WEBPACK_IMPORTED_MODULE_4__.prisma.punchList.findMany()` invocation in
/home/ubuntu/cortexbuild_pro/nextjs_space/.next/server/app/(dashboard)/punch-lists/page.js:4702:63

  4699         name: true
  4700     }
  4701 }),
→ 4702 _lib_db__WEBPACK_IMPORTED_MODULE_4__.prisma.punchList.findMany(
Too many database connections opened: FATAL: too many connections for role "role_ddaacb0a0"
Prisma Accelerate has built-in connection pooling to prevent such errors: https://pris.ly/client/error-accelerate
prisma:error 
Invalid `_lib_db__WEBPACK_IMPORTED_MODULE_4__.prisma.safetyIncident.findMany()` invocation in
/home/ubuntu/cortexbuild_pro/nextjs_space/.next/server/app/(dashboard)/safety/page.js:5689:68

  5686         name: "asc"
  5687     }
  5688 }),
→ 5689 _lib_db__WEBPACK_IMPORTED_MODULE_4__.prisma.safetyIncident.findMany(
Too many database connections opened: FATAL: too many connections for role "role_ddaacb0a0"
Prisma Accelerate has built-in connection pooling to prevent such errors: https://pris.ly/client/error-accelerate
prisma:error 
Invalid `_lib_db__WEBPACK_IMPORTED_MODULE_4__.prisma.teamMember.findMany()` invocation in
/home/ubuntu/cortexbuild_pro/nextjs_space/.next/server/app/(dashboard)/safety/page.js:5719:64

  5716         incidentDate: "desc"
  5717     }
  5718 }),
→ 5719 _lib_db__WEBPACK_IMPORTED_MODULE_4__.prisma.teamMember.findMany(
Too many database connections opened: FATAL: too many connections for role "role_ddaacb0a0"
Prisma Accelerate has built-in connection pooling to prevent such errors: https://pris.ly/client/error-accelerate
prisma:error 
Invalid `_lib_db__WEBPACK_IMPORTED_MODULE_4__.prisma.task.findMany()` invocation in
/home/ubuntu/cortexbuild_pro/nextjs_space/.next/server/app/(dashboard)/reports/page.js:4094:58

  4091         }
  4092     }
  4093 }),
→ 4094 _lib_db__WEBPACK_IMPORTED_MODULE_4__.prisma.task.findMany(
Too many database connections opened: FATAL: too many connections for role "role_ddaacb0a0"
Prisma Accelerate has built-in connection pooling to prevent such errors: https://pris.ly/client/error-accelerate
prisma:error 
Invalid `_lib_db__WEBPACK_IMPORTED_MODULE_4__.prisma.organization.findUnique()` invocation in
/home/ubuntu/cortexbuild_pro/nextjs_space/.next/server/app/(company)/company/page.js:3220:66

  3217 }
  3218 // Fetch organization with all related data
  3219 const [organizationData, teamMembers, projects, recentActivity, pendingInvitations] = await Promise.all([
→ 3220     _lib_db__WEBPACK_IMPORTED_MODULE_4__.prisma.organization.findUnique(
Too many database connections opened: FATAL: too many connections for role "role_ddaacb0a0"
Prisma Accelerate has built-in connection pooling to prevent such errors: https://pris.ly/client/error-accelerate
 GET /daily-reports 200 in 4146ms
 GET /equipment 200 in 4148ms
 GET /team 200 in 4117ms
 GET /change-orders 200 in 4119ms
 GET /submittals 200 in 4076ms
 GET /rfis 200 in 4120ms
 GET /inspections 200 in 4079ms
 GET /projects 200 in 4154ms
 GET /projects/new 200 in 4087ms
 GET /punch-lists 500 in 4132ms
 GET /safety 500 in 4134ms
 GET /meetings 200 in 4090ms
 GET /settings 200 in 4090ms
 GET /reports 500 in 4092ms
 GET /documents 200 in 4092ms
 GET /company 500 in 4096ms
 GET /tasks 200 in 4172ms
 GET /api/notifications?limit=10 200 in 274ms
 GET /api/realtime 200 in 282ms
 GET /api/auth/session 200 in 365ms
 GET /api/realtime 200 in 355ms
 GET /api/realtime 200 in 282ms
 GET /api/realtime 200 in 336ms
 GET /api/realtime 200 in 331ms
 GET /api/notifications?limit=10 200 in 393ms
 GET /api/realtime 200 in 456ms
 GET /api/realtime 200 in 455ms
 GET /api/realtime 200 in 441ms
 GET /api/auth/session 200 in 498ms
 GET /api/realtime 200 in 451ms
 GET /api/realtime 200 in 430ms
 GET /api/notifications?limit=10 200 in 524ms
 GET /api/realtime 200 in 426ms
 GET /api/realtime 200 in 317ms
 GET /api/realtime 200 in 318ms
 GET /api/auth/session 200 in 391ms
 GET /api/realtime 200 in 395ms
 GET /api/notifications?limit=10 200 in 385ms
 GET /api/auth/session 200 in 308ms
 GET /api/realtime 200 in 303ms
 GET /api/notifications?limit=10 200 in 257ms
 GET /api/auth/session 200 in 170ms
 GET /api/notifications?limit=10 200 in 122ms
 GET /api/auth/session 200 in 217ms
 GET /api/notifications?limit=10 200 in 176ms
 GET /api/realtime 200 in 189ms
 GET /api/auth/session 200 in 243ms
 GET /api/notifications?limit=10 200 in 180ms
 GET /api/auth/session 200 in 294ms
 GET /api/notifications?limit=10 200 in 335ms
 GET /api/auth/session 200 in 246ms
 GET /api/notifications?limit=10 200 in 253ms
 GET /api/auth/session 200 in 311ms
 GET /api/notifications?limit=10 200 in 307ms
 GET /api/auth/session 200 in 217ms
 GET /api/realtime 200 in 187ms
 GET /api/notifications?limit=10 200 in 289ms
 GET /api/realtime 200 in 363ms
 GET /api/auth/session 200 in 430ms
 GET /api/notifications?limit=10 200 in 400ms
 GET /api/auth/session 200 in 349ms
 GET /api/notifications?limit=10 200 in 356ms
 GET /api/realtime 200 in 294ms
 GET /api/auth/session 200 in 231ms
 GET /api/realtime 200 in 315ms
 GET /api/realtime 200 in 310ms
 GET /api/realtime 200 in 311ms
 GET /api/notifications?limit=10 200 in 398ms
 GET /api/realtime 200 in 366ms
 GET /api/realtime 200 in 368ms
 GET /api/realtime 200 in 371ms
 GET /api/realtime 200 in 369ms
 GET /api/auth/session 200 in 468ms
 GET /api/auth/session 200 in 469ms
 GET /api/auth/session 200 in 439ms
 GET /api/auth/session 200 in 438ms
 GET /api/auth/session 200 in 439ms
 GET /api/auth/session 200 in 439ms
 GET /api/auth/session 200 in 440ms
 GET /api/auth/session 200 in 441ms
 GET /api/auth/session 200 in 442ms
 GET /api/auth/session 200 in 441ms
 GET /api/auth/session 200 in 442ms
 GET /api/auth/session 200 in 443ms
 GET /api/auth/session 200 in 443ms
 GET /api/auth/session 200 in 444ms
 GET /api/auth/session 200 in 445ms
 GET /api/auth/session 200 in 445ms
 GET /api/auth/session 200 in 446ms
 GET /api/auth/session 200 in 447ms
 GET /api/auth/session 200 in 447ms
 GET /api/auth/session 200 in 447ms
 GET /api/auth/session 200 in 448ms
 GET /api/auth/session 200 in 449ms
 GET /api/auth/session 200 in 449ms
 GET /api/auth/session 200 in 450ms
 GET /api/auth/session 200 in 451ms
 GET /api/auth/session 200 in 450ms
 GET /api/auth/session 200 in 451ms
 GET /api/auth/session 200 in 452ms
 GET /api/auth/session 200 in 453ms
 GET /api/auth/session 200 in 454ms
 GET /api/auth/session 200 in 455ms
 GET /api/auth/session 200 in 449ms
 GET /api/auth/session 200 in 450ms
 GET /api/auth/session 200 in 450ms
 GET /api/auth/session 200 in 451ms
 GET /api/auth/session 200 in 445ms
 GET /api/auth/session 200 in 446ms
 GET /api/auth/session 200 in 439ms
 GET /api/auth/session 200 in 605ms
 GET /api/auth/session 200 in 590ms
 GET /api/auth/session 200 in 587ms
 GET /api/auth/session 200 in 573ms
 GET /api/auth/session 200 in 574ms
 GET /api/auth/session 200 in 576ms
 GET /api/auth/session 200 in 576ms
 GET /api/auth/session 200 in 576ms
 GET /api/auth/session 200 in 577ms
 GET /api/auth/session 200 in 577ms
 GET /api/auth/session 200 in 577ms
 GET /api/auth/session 200 in 407ms
 GET /api/notifications?limit=10 200 in 453ms
 GET /api/notifications?limit=10 200 in 173ms
 GET /api/auth/session 200 in 259ms
 GET /api/realtime 200 in 218ms
 GET /api/realtime 200 in 219ms
 GET /api/notifications?limit=10 200 in 224ms
 GET /api/realtime 200 in 209ms
 GET /api/auth/session 200 in 296ms
 GET /api/realtime 200 in 241ms
 GET /api/realtime 200 in 247ms
 GET /api/notifications?limit=10 200 in 216ms
 GET /api/realtime 200 in 257ms
 GET /api/notifications?limit=10 200 in 306ms
 GET /api/notifications?limit=10 200 in 307ms
 GET /api/notifications?limit=10 200 in 311ms
 GET /api/notifications?limit=10 200 in 312ms
 GET /api/notifications?limit=10 200 in 315ms
prisma:error 
Invalid `_lib_db__WEBPACK_IMPORTED_MODULE_3__.prisma.activityLog.findMany()` invocation in
/home/ubuntu/cortexbuild_pro/nextjs_space/.next/server/app/api/notifications/route.js:280:90

  277         id: true
  278     }
  279 });
→ 280 const activities = await _lib_db__WEBPACK_IMPORTED_MODULE_3__.prisma.activityLog.findMany(
Too many database connections opened: FATAL: too many connections for role "role_ddaacb0a0"
Prisma Accelerate has built-in connection pooling to prevent such errors: https://pris.ly/client/error-accelerate
 GET /api/notifications?limit=10 500 in 321ms
prisma:error 
Invalid `_lib_db__WEBPACK_IMPORTED_MODULE_3__.prisma.activityLog.findMany()` invocation in
/home/ubuntu/cortexbuild_pro/nextjs_space/.next/server/app/api/notifications/route.js:280:90

  277         id: true
  278     }
  279 });
→ 280 const activities = await _lib_db__WEBPACK_IMPORTED_MODULE_3__.prisma.activityLog.findMany(
Too many database connections opened: FATAL: too many connections for role "role_ddaacb0a0"
Prisma Accelerate has built-in connection pooling to prevent such errors: https://pris.ly/client/error-accelerate
 GET /api/notifications?limit=10 500 in 324ms
prisma:error 
Invalid `_lib_db__WEBPACK_IMPORTED_MODULE_3__.prisma.activityLog.findMany()` invocation in
/home/ubuntu/cortexbuild_pro/nextjs_space/.next/server/app/api/notifications/route.js:280:90

  277         id: true
  278     }
  279 });
→ 280 const activities = await _lib_db__WEBPACK_IMPORTED_MODULE_3__.prisma.activityLog.findMany(
Too many database connections opened: FATAL: too many connections for role "role_ddaacb0a0"
Prisma Accelerate has built-in connection pooling to prevent such errors: https://pris.ly/client/error-accelerate
 GET /api/notifications?limit=10 500 in 328ms
prisma:error 
Invalid `_lib_db__WEBPACK_IMPORTED_MODULE_3__.prisma.activityLog.findMany()` invocation in
/home/ubuntu/cortexbuild_pro/nextjs_space/.next/server/app/api/notifications/route.js:280:90

  277         id: true
  278     }
  279 });
→ 280 const activities = await _lib_db__WEBPACK_IMPORTED_MODULE_3__.prisma.activityLog.findMany(
Too many database connections opened: FATAL: too many connections for role "role_ddaacb0a0"
Prisma Accelerate has built-in connection pooling to prevent such errors: https://pris.ly/client/error-accelerate
 GET /api/notifications?limit=10 500 in 325ms
prisma:error 
Invalid `_lib_db__WEBPACK_IMPORTED_MODULE_3__.prisma.activityLog.findMany()` invocation in
/home/ubuntu/cortexbuild_pro/nextjs_space/.next/server/app/api/notifications/route.js:280:90

  277         id: true
  278     }
  279 });
→ 280 const activities = await _lib_db__WEBPACK_IMPORTED_MODULE_3__.prisma.activityLog.findMany(
Too many database connections opened: FATAL: too many connections for role "role_ddaacb0a0"
Prisma Accelerate has built-in connection pooling to prevent such errors: https://pris.ly/client/error-accelerate
 GET /api/notifications?limit=10 500 in 321ms
prisma:error 
Invalid `_lib_db__WEBPACK_IMPORTED_MODULE_3__.prisma.activityLog.findMany()` invocation in
/home/ubuntu/cortexbuild_pro/nextjs_space/.next/server/app/api/notifications/route.js:280:90

  277         id: true
  278     }
  279 });
→ 280 const activities = await _lib_db__WEBPACK_IMPORTED_MODULE_3__.prisma.activityLog.findMany(
Too many database connections opened: FATAL: too many connections for role "role_ddaacb0a0"
Prisma Accelerate has built-in connection pooling to prevent such errors: https://pris.ly/client/error-accelerate
 GET /api/notifications?limit=10 500 in 325ms
prisma:error 
Invalid `_lib_db__WEBPACK_IMPORTED_MODULE_3__.prisma.activityLog.findMany()` invocation in
/home/ubuntu/cortexbuild_pro/nextjs_space/.next/server/app/api/notifications/route.js:280:90

  277         id: true
  278     }
  279 });
→ 280 const activities = await _lib_db__WEBPACK_IMPORTED_MODULE_3__.prisma.activityLog.findMany(
Too many database connections opened: FATAL: too many connections for role "role_ddaacb0a0"
Prisma Accelerate has built-in connection pooling to prevent such errors: https://pris.ly/client/error-accelerate
 GET /api/notifications?limit=10 500 in 321ms
 GET /api/realtime 200 in 209ms
 GET /api/auth/session 200 in 255ms
 GET /api/realtime 200 in 81ms
 ○ Compiling /projects/[id] ...
 ✓ Compiled /projects/[id] in 1699ms (3420 modules)
prisma:error 
Invalid `_lib_db__WEBPACK_IMPORTED_MODULE_4__.prisma.activityLog.findMany()` invocation in
/home/ubuntu/cortexbuild_pro/nextjs_space/.next/server/app/(dashboard)/projects/[id]/page.js:9071:65

  9068         }
  9069     }
  9070 }),
→ 9071 _lib_db__WEBPACK_IMPORTED_MODULE_4__.prisma.activityLog.findMany(
Too many database connections opened: FATAL: too many connections for role "role_ddaacb0a0"
Prisma Accelerate has built-in connection pooling to prevent such errors: https://pris.ly/client/error-accelerate
 GET /projects/project-riverside-homes 200 in 2496ms
 GET /projects/project-downtown-office 200 in 2444ms
 GET /projects/project-mall-renovation 500 in 2516ms
 GET /api/notifications?limit=10 200 in 189ms
 GET /api/realtime 200 in 180ms
 GET /api/realtime 200 in 180ms
 GET /api/realtime 200 in 181ms
 GET /api/realtime 200 in 168ms
 GET /api/realtime 200 in 219ms
 GET /api/realtime 200 in 211ms
 GET /api/auth/session 200 in 277ms
 GET /api/notifications?limit=10 200 in 245ms
 GET /api/realtime 200 in 197ms
 GET /api/realtime 200 in 199ms
 GET /api/auth/session 200 in 173ms
 GET /api/notifications?limit=10 200 in 179ms
 GET /api/auth/session 200 in 175ms
 GET /api/notifications?limit=10 200 in 217ms
 GET /api/auth/session 200 in 157ms
 GET /api/notifications?limit=10 200 in 195ms
 GET /api/auth/session 200 in 189ms
 GET /api/realtime 200 in 129ms
 GET /api/notifications?limit=10 200 in 206ms
 GET /api/auth/session 200 in 189ms
 GET /api/realtime 200 in 127ms
 GET /api/notifications?limit=10 200 in 162ms
 GET /api/realtime 200 in 164ms
 GET /api/notifications?limit=10 200 in 116ms
 GET /api/realtime 200 in 30823ms
 GET /api/realtime 200 in 31300ms
 GET /api/realtime 200 in 30125ms
 GET /api/realtime 200 in 30105ms
 GET /api/realtime 200 in 30078ms
 GET /api/realtime 200 in 30065ms
 GET /api/realtime 200 in 30066ms
 GET /api/realtime 200 in 30062ms
 GET /api/realtime 200 in 30089ms
 GET /api/realtime 200 in 30063ms
 GET /api/realtime 200 in 30060ms
 GET /api/realtime 200 in 30061ms
 GET /api/realtime 200 in 30063ms
 GET /api/realtime 200 in 30063ms
 GET /api/realtime 200 in 30063ms
 GET /api/realtime 200 in 30066ms
 GET /api/realtime 200 in 30065ms
 GET /api/realtime 200 in 30066ms
 GET /api/realtime 200 in 30066ms
 GET /api/realtime 200 in 30061ms
 GET /api/realtime 200 in 30074ms
 GET /api/realtime 200 in 30061ms
 GET /api/realtime 200 in 30062ms
 GET /api/realtime 200 in 30081ms
 GET /api/realtime 200 in 19719ms
 GET /api/realtime 200 in 21050ms
 GET /api/realtime 200 in 20749ms
 GET /api/realtime 200 in 21254ms
 GET /api/realtime 200 in 27734ms
 GET /api/realtime 200 in 27884ms
 GET /api/realtime 200 in 21229ms
 GET /api/realtime 200 in 29219ms
 GET /api/realtime 200 in 21257ms
 GET /api/realtime 200 in 29958ms
 GET /api/realtime 200 in 20751ms
 GET /api/realtime 200 in 20632ms
 GET /api/realtime 200 in 28188ms
 GET /api/realtime 200 in 29345ms
 GET /api/realtime 200 in 21425ms
 GET /api/realtime 200 in 29750ms
 GET /api/realtime 200 in 27276ms
 GET /api/realtime 200 in 28913ms
 GET /api/realtime 200 in 20920ms
 GET /api/realtime 200 in 28700ms
 GET /api/realtime 200 in 21057ms
 GET /api/realtime 200 in 28395ms
 GET /api/realtime 200 in 29118ms
 GET /api/realtime 200 in 27479ms
 GET /api/realtime 200 in 28297ms
 GET /api/realtime 200 in 27990ms
 GET /api/realtime 200 in 30067ms
 GET /api/realtime 200 in 29018ms
 GET /api/realtime 200 in 29551ms
 GET /api/realtime 200 in 29653ms
 GET /api/realtime 200 in 29867ms
 GET /api/realtime 200 in 142ms
 GET /api/realtime 200 in 15801ms
 GET /api/realtime 200 in 18068ms
 GET /api/realtime 200 in 14911ms
 GET /api/realtime 200 in 17339ms
 GET /api/realtime 200 in 19748ms
 GET /api/realtime 200 in 3648ms
 GET /api/realtime 200 in 18367ms
 GET /api/realtime 200 in 17836ms
 GET /api/realtime 200 in 15264ms
 GET /api/realtime 200 in 13182ms
 GET /api/realtime 200 in 17494ms
 GET /api/realtime 200 in 18705ms
 GET /api/realtime 200 in 19480ms
 GET /api/realtime 200 in 15328ms
 GET /api/realtime 200 in 20180ms
 GET /api/realtime 200 in 18292ms
 GET /api/realtime 200 in 18560ms
 GET /api/realtime 200 in 19858ms
 GET /api/realtime 200 in 18371ms
 GET /api/realtime 200 in 12198ms
 GET /api/realtime 200 in 20444ms
 GET /api/realtime 200 in 16291ms
 GET /api/realtime 200 in 13645ms
 GET /api/realtime 200 in 17494ms
 GET /api/realtime 200 in 5554ms
 GET /api/realtime 200 in 21022ms
 GET /api/realtime 200 in 17964ms
 GET /api/realtime 200 in 17221ms
 GET /api/realtime 200 in 20560ms
 GET /api/realtime 200 in 17651ms
 GET /api/realtime 200 in 19496ms
 GET /api/realtime 200 in 18378ms
 GET /api/realtime 200 in 19147ms
 GET /api/realtime 200 in 20090ms
 GET /api/realtime 200 in 19236ms
 GET /api/realtime 200 in 16916ms
 GET /api/realtime 200 in 19847ms
 GET /api/realtime 200 in 19009ms
 GET /api/realtime 200 in 17757ms
 GET /api/realtime 200 in 19010ms
 GET /api/realtime 200 in 16811ms
 GET /api/realtime 200 in 17719ms
 GET /api/realtime 200 in 10925ms
 GET /api/realtime 200 in 15134ms
 GET /api/realtime 200 in 19489ms
 GET /api/realtime 200 in 14260ms
 GET /api/realtime 200 in 19160ms
 GET /api/realtime 200 in 17663ms
 GET /api/realtime 200 in 18924ms
 GET /api/realtime 200 in 17502ms
 GET /api/realtime 200 in 20290ms
 GET /api/realtime 200 in 18571ms
 GET /api/realtime 200 in 19013ms
 GET /api/realtime 200 in 18847ms
 GET /api/realtime 200 in 19492ms
 GET /api/realtime 200 in 20764ms
 GET /api/realtime 200 in 21376ms
 GET /api/realtime 200 in 19245ms
 GET /api/realtime 200 in 11683ms
 GET /api/realtime 200 in 19016ms
 GET /api/realtime 200 in 19683ms
 GET /api/realtime 200 in 19021ms
 GET /api/realtime 200 in 16305ms
 GET /api/realtime 200 in 17031ms
 GET /api/realtime 200 in 27415ms
 GET /api/realtime 200 in 16821ms
 GET /api/realtime 200 in 20761ms
 GET /api/realtime 200 in 19023ms
 GET /api/realtime 200 in 18233ms
 GET /api/realtime 200 in 19498ms
 GET /api/realtime 200 in 19024ms
 GET /api/realtime 200 in 19509ms
 GET /api/realtime 200 in 19020ms
 GET /api/realtime 200 in 16991ms
 GET /api/realtime 200 in 20005ms
 GET /api/realtime 200 in 18740ms
 GET /api/realtime 200 in 18308ms
 GET /api/realtime 200 in 19252ms
 GET /api/realtime 200 in 17889ms
 GET /api/realtime 200 in 19252ms
 GET /api/realtime 200 in 17248ms
 GET /api/realtime 200 in 18033ms
 GET /api/realtime 200 in 18449ms
 GET /api/realtime 200 in 20082ms
 GET /api/realtime 200 in 19774ms
 GET /api/realtime 200 in 21040ms
 GET /api/realtime 200 in 18314ms
 GET /api/realtime 200 in 20233ms
 GET /api/realtime 200 in 19412ms
 GET /api/realtime 200 in 19504ms
 GET /api/realtime 200 in 19774ms
 GET /api/realtime 200 in 18394ms
 GET /api/realtime 200 in 21079ms
 GET /api/realtime 200 in 20451ms
 GET /api/realtime 200 in 18738ms
 GET /api/realtime 200 in 19257ms
 GET /api/realtime 200 in 18763ms
 GET /api/realtime 200 in 19515ms
 GET /api/realtime 200 in 20203ms
 GET /api/realtime 200 in 19258ms
 GET /api/realtime 200 in 19028ms
 GET /api/realtime 200 in 20585ms
 GET /api/realtime 200 in 19799ms
 GET /api/realtime 200 in 20264ms
 GET /api/realtime 200 in 20319ms
 GET /api/realtime 200 in 21559ms
 GET /api/realtime 200 in 20584ms
 GET /api/realtime 200 in 19261ms
 GET /api/realtime 200 in 20455ms
 GET /api/realtime 200 in 20588ms
 GET /api/realtime 200 in 20331ms
 GET /api/realtime 200 in 19862ms
 GET /api/realtime 200 in 20211ms
 GET /api/realtime 200 in 19863ms
 GET /api/realtime 200 in 28143ms
 GET /api/realtime 200 in 20812ms
 GET /api/realtime 200 in 19512ms
 GET /api/realtime 200 in 20213ms
 GET /api/realtime 200 in 20275ms
 GET /api/realtime 200 in 28553ms
 GET /api/realtime 200 in 19524ms
 GET /api/realtime 200 in 27638ms
 GET /api/realtime 200 in 19638ms
 GET /api/realtime 200 in 28871ms
 GET /api/realtime 200 in 21188ms
 GET /api/realtime 200 in 28656ms
 GET /api/realtime 200 in 29509ms
 GET /api/realtime 200 in 10818ms
 GET /api/realtime 200 in 466ms
 GET /api/realtime 200 in 970ms
 GET /api/realtime 200 in 1852ms
 GET /api/realtime 200 in 4356ms
 GET /api/realtime 200 in 21284ms
 GET /api/realtime 200 in 20141ms
 GET /api/realtime 200 in 3963ms
 GET /api/realtime 200 in 16781ms
 GET /api/realtime 200 in 19541ms
 GET /api/realtime 200 in 13603ms
 GET /api/realtime 200 in 18423ms
 GET /api/realtime 200 in 18473ms
 GET /api/realtime 200 in 538ms
 GET /api/realtime 200 in 13417ms
 GET /api/realtime 200 in 2403ms
 GET /api/realtime 200 in 13784ms
 GET /api/realtime 200 in 7172ms
 GET /api/realtime 200 in 2116ms
 GET /api/realtime 200 in 6675ms
 GET /api/realtime 200 in 5188ms
 GET /api/realtime 200 in 14222ms
 GET /api/realtime 200 in 758ms
 GET /api/realtime 200 in 18712ms
 GET /api/realtime 200 in 3017ms
 GET /api/realtime 200 in 20803ms
 GET /api/realtime 200 in 18763ms
 GET /api/realtime 200 in 5348ms
 GET /api/realtime 200 in 253ms
 GET /api/realtime 200 in 1116ms
 GET /api/realtime 200 in 19891ms
 GET /api/realtime 200 in 12961ms
 GET /api/realtime 200 in 10582ms
 GET /api/realtime 200 in 1452ms
 GET /api/realtime 200 in 13871ms
 GET /api/realtime 200 in 3757ms
 GET /api/realtime 200 in 11193ms
 GET /api/realtime 200 in 15224ms
 GET /api/realtime 200 in 2281ms
 GET /api/realtime 200 in 3172ms
 GET /api/realtime 200 in 2644ms
 GET /api/realtime 200 in 17354ms
 GET /api/realtime 200 in 18126ms
 GET /api/realtime 200 in 6891ms
 GET /api/realtime 200 in 2496ms
 GET /api/realtime 200 in 16523ms
 GET /api/realtime 200 in 2885ms
 GET /api/realtime 200 in 3504ms
 GET /api/realtime 200 in 2241ms
 GET /api/realtime 200 in 13963ms
 GET /api/realtime 200 in 19296ms
 GET /api/realtime 200 in 12435ms
 GET /api/realtime 200 in 5108ms
 GET /api/realtime 200 in 16921ms
 GET /api/realtime 200 in 12347ms
 GET /api/realtime 200 in 2765ms
 GET /api/realtime 200 in 807ms
 GET /api/realtime 200 in 14142ms
 GET /api/realtime 200 in 14525ms
 GET /api/realtime 200 in 4453ms
 GET /api/realtime 200 in 6326ms
 GET /api/realtime 200 in 2541ms
 GET /api/realtime 200 in 3608ms
 GET /api/realtime 200 in 20530ms
 GET /api/realtime 200 in 7231ms
 GET /api/realtime 200 in 19458ms
 GET /api/realtime 200 in 18133ms
 GET /api/realtime 200 in 18103ms
 GET /api/realtime 200 in 10705ms
 GET /api/realtime 200 in 6740ms
 GET /api/realtime 200 in 608ms
 GET /api/realtime 200 in 2814ms
 GET /api/realtime 200 in 11830ms
 GET /api/realtime 200 in 19303ms
 GET /api/realtime 200 in 3896ms
 GET /api/realtime 200 in 17546ms
 GET /api/realtime 200 in 2383ms
 GET /api/realtime 200 in 11319ms
 GET /api/realtime 200 in 14416ms
 GET /api/realtime 200 in 5241ms
 GET /api/realtime 200 in 1563ms
 GET /api/realtime 200 in 365ms
 GET /api/realtime 200 in 11531ms
 GET /api/realtime 200 in 6546ms
 GET /api/realtime 200 in 12185ms
 GET /api/realtime 200 in 1603ms
 GET /api/realtime 200 in 18140ms
 GET /api/realtime 200 in 12014ms
 GET /api/realtime 200 in 11931ms
 GET /api/realtime 200 in 1427ms
 GET /api/realtime 200 in 16637ms
 GET /api/realtime 200 in 1734ms
 GET /api/realtime 200 in 4512ms
 GET /api/realtime 200 in 1830ms
 GET /api/realtime 200 in 2048ms
 GET /api/realtime 200 in 20519ms
 GET /api/realtime 200 in 3176ms
 GET /api/realtime 200 in 18178ms
 GET /api/realtime 200 in 4265ms
 GET /api/realtime 200 in 2184ms
 GET /api/realtime 200 in 13355ms
 GET /api/realtime 200 in 5819ms
 GET /api/realtime 200 in 5469ms
 GET /api/realtime 200 in 4108ms
 GET /api/realtime 200 in 13177ms
 GET /api/realtime 200 in 12538ms
 GET /api/realtime 200 in 17339ms
 GET /api/realtime 200 in 5614ms
 GET /api/realtime 200 in 16137ms
 GET /api/realtime 200 in 12811ms
 GET /api/realtime 200 in 4648ms
 GET /api/realtime 200 in 1284ms
 GET /api/realtime 200 in 17801ms
 GET /api/realtime 200 in 17794ms
 GET /api/realtime 200 in 10406ms
 GET /api/realtime 200 in 4843ms
 GET /api/realtime 200 in 6046ms
 GET /api/realtime 200 in 7202ms
 GET /api/realtime 200 in 1060ms
 GET /api/realtime 200 in 3013ms
 GET /api/realtime 200 in 11102ms
 GET /api/realtime 200 in 15210ms
 GET /api/realtime 200 in 11653ms
 GET /api/realtime 200 in 4774ms
 GET /api/realtime 200 in 2703ms
 GET /api/realtime 200 in 18153ms
 GET /api/realtime 200 in 12732ms
 GET /api/realtime 200 in 1707ms
 GET /api/realtime 200 in 17468ms
 GET /api/realtime 200 in 19322ms
 GET /api/realtime 200 in 17445ms
 GET /api/realtime 200 in 16999ms
 GET /api/realtime 200 in 18818ms
 GET /api/realtime 200 in 5100ms
 GET /api/realtime 200 in 5012ms
 GET /api/realtime 200 in 16882ms
 GET /api/realtime 200 in 4898ms
 GET /api/realtime 200 in 16289ms
 GET /api/realtime 200 in 4357ms
 GET /api/realtime 200 in 18830ms
 GET /api/realtime 200 in 15829ms
 GET /api/realtime 200 in 17805ms
 GET /api/realtime 200 in 18284ms
 GET /api/realtime 200 in 4617ms
 GET /api/realtime 200 in 4737ms
 GET /api/realtime 200 in 3884ms
 GET /api/realtime 200 in 18480ms
 GET /api/realtime 200 in 12641ms
 GET /api/realtime 200 in 3675ms
 GET /api/realtime 200 in 18160ms
 GET /api/realtime 200 in 18116ms
 GET /api/realtime 200 in 3368ms
 GET /api/realtime 200 in 15711ms
 GET /api/realtime 200 in 2019ms
 GET /api/realtime 200 in 15213ms
 GET /api/realtime 200 in 14088ms
 GET /api/realtime 200 in 4242ms
 GET /api/realtime 200 in 17747ms
 GET /api/realtime 200 in 6958ms
 GET /api/realtime 200 in 17617ms
 GET /api/realtime 200 in 12125ms
 GET /api/realtime 200 in 17843ms
 GET /api/realtime 200 in 6042ms
 GET /api/realtime 200 in 5356ms
 GET /api/realtime 200 in 13554ms
 GET /api/realtime 200 in 18807ms
 GET /api/realtime 200 in 16798ms
 GET /api/realtime 200 in 4048ms
 GET /api/realtime 200 in 3370ms
 GET /api/realtime 200 in 17806ms
 GET /api/realtime 200 in 19158ms
 GET /api/realtime 200 in 19935ms
 GET /api/realtime 200 in 11453ms
 GET /api/realtime 200 in 17385ms
 GET /api/realtime 200 in 6286ms
 GET /api/realtime 200 in 17564ms
 GET /api/realtime 200 in 10528ms
 GET /api/realtime 200 in 12922ms
 GET /api/realtime 200 in 19937ms
 GET /api/realtime 200 in 18179ms
 GET /api/realtime 200 in 448ms
 GET /api/realtime 200 in 17323ms
 GET /api/realtime 200 in 15488ms
 GET /api/realtime 200 in 3517ms
 GET /api/realtime 200 in 16555ms
 GET /api/realtime 200 in 17614ms
 GET /api/realtime 200 in 6531ms
 GET /api/realtime 200 in 16882ms
 GET /api/realtime 200 in 16890ms
 GET /api/realtime 200 in 15840ms
 GET /api/realtime 200 in 1358ms
 GET /api/realtime 200 in 19109ms
 GET /api/realtime 200 in 13111ms
 GET /api/realtime 200 in 19011ms
 GET /api/realtime 200 in 5520ms
 GET /api/realtime 200 in 17757ms
 GET /api/realtime 200 in 18480ms
 GET /api/realtime 200 in 4995ms
 GET /api/realtime 200 in 4174ms
 GET /api/realtime 200 in 7263ms
 GET /api/realtime 200 in 18832ms
 GET /api/realtime 200 in 18480ms
 GET /api/realtime 200 in 18818ms
[?25h
