  ▲ Next.js 14.2.28
  - Local:        http://localhost:3000
  - Environments: .env
  - Experiments (use with caution):
    · outputFileTracingRoot

 ✓ Starting...
 ✓ Ready in 1560ms
 ○ Compiling / ...
 ✓ Compiled / in 2.2s (596 modules)
 GET / 200 in 2384ms
 ✓ Compiled in 404ms (296 modules)
 ✓ Compiled /api/auth/[...nextauth] in 404ms (541 modules)
 GET /api/auth/providers 200 in 869ms
 GET / 200 in 78ms
 GET /api/auth/session 200 in 45ms
 GET /api/auth/session 200 in 33ms
 ○ Compiling /signup ...
 ✓ Compiled /signup in 836ms (881 modules)
 GET /signup 200 in 995ms
 GET /login 200 in 1005ms
 GET /api/auth/session 200 in 61ms
 GET /api/auth/session 200 in 34ms
 GET /api/auth/session 200 in 32ms
 GET /api/auth/session 200 in 35ms
 GET /api/auth/session 200 in 35ms
 GET /api/auth/csrf 200 in 44ms
 ✓ Compiled /api/signup in 188ms (597 modules)
 POST /api/signup 200 in 643ms
 GET / 200 in 79ms
 GET /api/auth/signin 302 in 55ms
 GET /login?callbackUrl=https://267ef8e6d.preview.abacusai.app 200 in 50ms
 GET /api/auth/csrf 200 in 34ms
 POST /api/auth/callback/credentials 302 in 331ms
 ✓ Compiled /middleware in 199ms (174 modules)
 ○ Compiling /dashboard ...
 ✓ Compiled /dashboard in 2.3s (2827 modules)
 GET /dashboard 200 in 2604ms
 GET / 200 in 63ms
 GET /dashboard 200 in 61ms
 GET /api/auth/session 200 in 74ms
 ✓ Compiled /api/realtime in 351ms (1565 modules)
 ✓ Compiled (1568 modules)
 GET /api/auth/session 200 in 708ms
 GET /api/realtime 200 in 740ms
 GET /api/realtime 200 in 675ms
 GET /api/realtime 200 in 717ms
 GET /api/notifications?limit=10 200 in 753ms
 GET /api/auth/session 200 in 75ms
 GET /api/notifications?limit=10 200 in 75ms
 GET /api/auth/session 200 in 77ms
 GET /api/notifications?limit=10 200 in 74ms
 GET /api/realtime 200 in 66ms
 GET /api/auth/session 200 in 86ms
 GET /api/notifications?limit=10 200 in 87ms
 GET /api/realtime 200 in 95ms
 GET /api/auth/session 200 in 51ms
 ○ Compiling /team ...
 ✓ Compiled /team in 2.2s (3237 modules)
 GET /submittals 200 in 3068ms
 GET /change-orders 200 in 3069ms
 GET /daily-reports 200 in 3071ms
 GET /rfis 200 in 3076ms
 GET /tasks 200 in 3077ms
 GET /settings 200 in 3076ms
 GET /team 200 in 3062ms
 GET /projects/new 200 in 3062ms
 GET /safety 200 in 3062ms
 GET /documents 200 in 3064ms
 GET /reports 200 in 3063ms
 GET /projects 200 in 3096ms
 GET /api/notifications?limit=10 200 in 104ms
 GET /api/auth/session 200 in 237ms
 GET /api/realtime 200 in 250ms
 GET /api/notifications?limit=10 200 in 269ms
 GET /api/realtime 200 in 299ms
 GET /api/realtime 200 in 254ms
 GET /api/realtime 200 in 255ms
 GET /api/auth/session 200 in 231ms
 GET /api/realtime 200 in 251ms
 GET /api/realtime 200 in 162ms
 GET /api/notifications?limit=10 200 in 176ms
 GET /api/auth/session 200 in 200ms
 GET /api/realtime 200 in 222ms
 GET /api/realtime 200 in 184ms
 GET /api/realtime 200 in 181ms
 GET /api/notifications?limit=10 200 in 223ms
 GET /api/realtime 200 in 199ms
 GET /api/realtime 200 in 164ms
 GET /api/realtime 200 in 230ms
 GET /api/auth/session 200 in 142ms
 GET /api/realtime 200 in 141ms
 GET /api/realtime 200 in 123ms
 GET /api/notifications?limit=10 200 in 128ms
 GET /api/realtime 200 in 141ms
 GET /api/realtime 200 in 144ms
 GET /api/auth/session 200 in 204ms
 GET /api/notifications?limit=10 200 in 184ms
 GET /api/auth/session 200 in 149ms
 GET /api/notifications?limit=10 200 in 122ms
 GET /api/realtime 200 in 137ms
 GET /api/auth/session 200 in 171ms
 GET /api/notifications?limit=10 200 in 155ms
 GET /api/notifications?limit=10 200 in 138ms
 GET /api/realtime 200 in 142ms
 GET /api/auth/session 200 in 146ms
 GET /api/auth/session 200 in 143ms
 GET /api/notifications?limit=10 200 in 154ms
 GET /api/auth/session 200 in 106ms
 GET /api/notifications?limit=10 200 in 116ms
 GET /api/realtime 200 in 113ms
 GET /api/auth/session 200 in 159ms
 GET /api/notifications?limit=10 200 in 199ms
 GET /api/auth/session 200 in 148ms
 GET /api/realtime 200 in 136ms
 GET /api/notifications?limit=10 200 in 129ms
 GET /api/auth/session 200 in 142ms
 GET /api/notifications?limit=10 200 in 148ms
 GET /api/auth/session 200 in 165ms
 GET /api/notifications?limit=10 200 in 146ms
 GET /api/auth/session 200 in 153ms
 GET /api/notifications?limit=10 200 in 139ms
 GET /api/auth/session 200 in 117ms
 GET /api/notifications?limit=10 200 in 150ms
 GET /api/auth/session 200 in 172ms
 GET /api/realtime 200 in 189ms
 GET /api/notifications?limit=10 200 in 154ms
 GET /api/auth/session 200 in 103ms
 GET /api/notifications?limit=10 200 in 105ms
 GET /api/realtime 200 in 127ms
 GET /api/auth/session 200 in 127ms
 GET /api/realtime 200 in 139ms
 GET /api/notifications?limit=10 200 in 160ms
 GET /api/auth/session 200 in 132ms
 GET /api/notifications?limit=10 200 in 132ms
 GET /api/auth/session 200 in 165ms
 GET /api/realtime 200 in 118ms
 GET /api/notifications?limit=10 200 in 155ms
 GET /api/auth/session 200 in 163ms
 GET /api/notifications?limit=10 200 in 127ms
 GET /api/realtime 200 in 137ms
 GET /api/auth/session 200 in 149ms
 GET /api/realtime 200 in 123ms
 GET /api/realtime 200 in 123ms
 GET /api/notifications?limit=10 200 in 167ms
 GET /api/realtime 200 in 140ms
 GET /api/auth/session 200 in 138ms
 GET /api/realtime 200 in 109ms
 GET /api/notifications?limit=10 200 in 120ms
 GET /api/auth/session 200 in 141ms
 GET /api/auth/session 200 in 84ms
 GET /api/notifications?limit=10 200 in 89ms
 GET /api/auth/session 200 in 121ms
 GET /api/notifications?limit=10 200 in 126ms
 GET /api/realtime 200 in 179ms
 GET /api/notifications?limit=10 200 in 168ms
 GET /api/auth/session 200 in 174ms
 GET /api/notifications?limit=10 200 in 144ms
 GET /api/auth/session 200 in 147ms
 GET /api/notifications?limit=10 200 in 312ms
 GET /api/auth/session 200 in 305ms
 GET /api/notifications?limit=10 200 in 224ms
 GET /api/realtime 200 in 184ms
 GET /api/auth/session 200 in 241ms
 GET /api/notifications?limit=10 200 in 198ms
 GET /api/realtime 200 in 173ms
 GET /api/auth/session 200 in 117ms
 GET /api/notifications?limit=10 200 in 115ms
 GET /api/auth/session 200 in 123ms
 GET /api/realtime 200 in 146ms
 GET /api/notifications?limit=10 200 in 153ms
 GET /api/realtime 200 in 151ms
 GET /api/realtime 200 in 154ms
 GET /api/realtime 200 in 152ms
 GET /api/realtime 200 in 132ms
 GET /api/realtime 200 in 150ms
 GET /api/auth/session 200 in 145ms
 GET /api/realtime 200 in 149ms
 GET /api/realtime 200 in 151ms
 GET /api/realtime 200 in 149ms
 GET /api/realtime 200 in 118ms
 GET /api/realtime 200 in 124ms
 GET /api/notifications?limit=10 200 in 128ms
 GET /api/auth/session 200 in 128ms
 GET /api/auth/session 200 in 128ms
 GET /api/auth/session 200 in 128ms
 GET /api/auth/session 200 in 129ms
 GET /api/auth/session 200 in 130ms
 GET /api/auth/session 200 in 129ms
 GET /api/auth/session 200 in 131ms
 GET /api/auth/session 200 in 131ms
 GET /api/auth/session 200 in 131ms
 GET /api/auth/session 200 in 132ms
 GET /api/auth/session 200 in 133ms
 ○ Compiling /projects/[id] ...
 ✓ Compiled /projects/[id] in 947ms (3246 modules)
 GET /projects/project-mall-renovation 200 in 1480ms
 GET /projects/project-riverside-homes 200 in 1481ms
 GET /projects/project-downtown-office 200 in 1465ms
 GET /api/notifications?limit=10 200 in 85ms
 GET /api/realtime 200 in 90ms
 GET /api/realtime 200 in 118ms
 GET /api/auth/session 200 in 161ms
 GET /api/realtime 200 in 157ms
 GET /api/realtime 200 in 146ms
 GET /api/realtime 200 in 170ms
 GET /api/notifications?limit=10 200 in 150ms
 GET /api/auth/session 200 in 75ms
 GET /api/notifications?limit=10 200 in 67ms
 GET /api/realtime 200 in 71ms
 GET /api/realtime 200 in 87ms
 GET /api/auth/session 200 in 97ms
 GET /api/realtime 200 in 97ms
 GET /api/notifications?limit=10 200 in 82ms
 GET /api/auth/session 200 in 86ms
 GET /api/notifications?limit=10 200 in 93ms
 GET /api/realtime 200 in 92ms
 GET /api/auth/session 200 in 64ms
 GET /api/notifications?limit=10 200 in 74ms
 GET /api/auth/session 200 in 67ms
 GET /api/notifications?limit=10 200 in 76ms
 GET /api/auth/session 200 in 98ms
 GET /api/realtime 200 in 91ms
 GET /api/notifications?limit=10 200 in 103ms
 GET /api/auth/session 200 in 99ms
 GET /api/realtime 200 in 110ms
 GET /api/notifications?limit=10 200 in 69ms
 GET /api/notifications?limit=10 200 in 62ms
 GET /api/notifications?limit=10 200 in 61ms
 GET /api/realtime 200 in 62ms
 GET /api/notifications?limit=10 200 in 63ms
 GET /api/realtime 200 in 30399ms
 GET /api/realtime 200 in 30080ms
 GET /api/realtime 200 in 30068ms
 GET /api/realtime 200 in 30055ms
 GET /api/realtime 200 in 30049ms
 GET /api/realtime 200 in 30042ms
 GET /api/realtime 200 in 30042ms
 GET /api/realtime 200 in 29395ms
 GET /api/realtime 200 in 27637ms
 GET /api/realtime 200 in 28447ms
 GET /api/realtime 200 in 28067ms
 GET /api/realtime 200 in 28929ms
 GET /api/realtime 200 in 29079ms
 GET /api/realtime 200 in 29240ms
 GET /api/realtime 200 in 29480ms
 GET /api/realtime 200 in 25312ms
 GET /api/realtime 200 in 28151ms
 GET /api/realtime 200 in 19603ms
 GET /api/realtime 200 in 26087ms
 GET /api/realtime 200 in 19924ms
 GET /api/realtime 200 in 26308ms
 GET /api/realtime 200 in 26718ms
 GET /api/realtime 200 in 28546ms
 GET /api/realtime 200 in 19494ms
 GET /api/realtime 200 in 27339ms
 GET /api/realtime 200 in 26796ms
 GET /api/realtime 200 in 25551ms
 GET /api/realtime 200 in 19973ms
 GET /api/realtime 200 in 19630ms
 GET /api/realtime 200 in 25785ms
 GET /api/realtime 200 in 24674ms
 GET /api/realtime 200 in 25629ms
 GET /api/realtime 200 in 26460ms
 GET /api/realtime 200 in 28699ms
 GET /api/realtime 200 in 28313ms
 GET /api/realtime 200 in 29968ms
 GET /api/realtime 200 in 26627ms
 GET /api/realtime 200 in 29162ms
 GET /api/realtime 200 in 29325ms
 GET /api/realtime 200 in 28003ms
 GET /api/realtime 200 in 28234ms
 GET /api/realtime 200 in 27491ms
 GET /api/realtime 200 in 28849ms
 GET /api/realtime 200 in 27724ms
 GET /api/realtime 200 in 17570ms
 GET /api/realtime 200 in 17822ms
 GET /api/realtime 200 in 17151ms
 GET /api/realtime 200 in 16921ms
 GET /api/realtime 200 in 16768ms
 GET /api/realtime 200 in 18931ms
 GET /api/realtime 200 in 17722ms
 GET /api/realtime 200 in 18282ms
 GET /api/realtime 200 in 16927ms
 GET /api/realtime 200 in 18484ms
 GET /api/realtime 200 in 16972ms
 GET /api/realtime 200 in 18014ms
 GET /api/realtime 200 in 16599ms
 GET /api/realtime 200 in 16808ms
 GET /api/realtime 200 in 19311ms
 GET /api/realtime 200 in 17605ms
 GET /api/realtime 200 in 17930ms
 GET /api/realtime 200 in 20056ms
 GET /api/realtime 200 in 18125ms
 GET /api/realtime 200 in 19313ms
 GET /api/realtime 200 in 17460ms
 GET /api/realtime 200 in 18083ms
 GET /api/realtime 200 in 17852ms
 GET /api/realtime 200 in 18781ms
 GET /api/realtime 200 in 18213ms
 GET /api/realtime 200 in 20264ms
 GET /api/realtime 200 in 24620ms
 GET /api/realtime 200 in 17642ms
 GET /api/realtime 200 in 19353ms
 GET /api/realtime 200 in 19520ms
 GET /api/realtime 200 in 24543ms
 GET /api/realtime 200 in 17973ms
 GET /api/realtime 200 in 19821ms
 GET /api/realtime 200 in 18857ms
 GET /api/realtime 200 in 20234ms
 GET /api/realtime 200 in 17283ms
 GET /api/realtime 200 in 17284ms
 GET /api/realtime 200 in 19240ms
 GET /api/realtime 200 in 27441ms
 GET /api/realtime 200 in 18369ms
 GET /api/realtime 200 in 18416ms
 GET /api/realtime 200 in 19638ms
 GET /api/realtime 200 in 18023ms
 GET /api/realtime 200 in 18695ms
 GET /api/realtime 200 in 18948ms
 GET /api/realtime 200 in 18221ms
 GET /api/realtime 200 in 17610ms
 GET /api/realtime 200 in 26574ms
 GET /api/realtime 200 in 17287ms
 GET /api/realtime 200 in 18582ms
 GET /api/realtime 200 in 17941ms
 GET /api/realtime 200 in 17984ms
 GET /api/realtime 200 in 17982ms
 GET /api/realtime 200 in 17781ms
 GET /api/realtime 200 in 18784ms
 GET /api/realtime 200 in 18444ms
 GET /api/realtime 200 in 25271ms
 GET /api/realtime 200 in 17656ms
 GET /api/realtime 200 in 19242ms
 GET /api/realtime 200 in 18137ms
 GET /api/realtime 200 in 18138ms
 GET /api/realtime 200 in 25509ms
 GET /api/realtime 200 in 17795ms
 GET /api/realtime 200 in 19364ms
 GET /api/realtime 200 in 18448ms
 GET /api/realtime 200 in 19531ms
 GET /api/realtime 200 in 18832ms
 GET /api/realtime 200 in 17475ms
 GET /api/realtime 200 in 19471ms
 GET /api/realtime 200 in 18789ms
 GET /api/realtime 200 in 19329ms
 GET /api/realtime 200 in 18789ms
 GET /api/realtime 200 in 19446ms
 GET /api/realtime 200 in 19358ms
 GET /api/realtime 200 in 18749ms
 GET /api/realtime 200 in 18555ms
 GET /api/realtime 200 in 17662ms
 GET /api/realtime 200 in 24783ms
 GET /api/realtime 200 in 19535ms
 GET /api/realtime 200 in 18921ms
 GET /api/realtime 200 in 19201ms
 GET /api/realtime 200 in 19146ms
 GET /api/realtime 200 in 19146ms
 GET /api/realtime 200 in 18232ms
 GET /api/realtime 200 in 18232ms
 GET /api/realtime 200 in 19371ms
 GET /api/realtime 200 in 18347ms
 GET /api/realtime 200 in 26056ms
 GET /api/realtime 200 in 17996ms
 GET /api/realtime 200 in 18352ms
 GET /api/realtime 200 in 27231ms
 GET /api/realtime 200 in 18972ms
 GET /api/realtime 200 in 26209ms
 GET /api/realtime 200 in 18608ms
 GET /api/realtime 200 in 19285ms
 GET /api/realtime 200 in 18559ms
 GET /api/realtime 200 in 18919ms
 GET /api/realtime 200 in 18845ms
 GET /api/realtime 200 in 19069ms
 GET /api/realtime 200 in 19306ms
 GET /api/realtime 200 in 18026ms
 GET /api/realtime 200 in 18351ms
 GET /api/realtime 200 in 18598ms
 GET /api/realtime 200 in 19008ms
 GET /api/realtime 200 in 24870ms
 GET /api/realtime 200 in 18923ms
 GET /api/realtime 200 in 27913ms
 GET /api/realtime 200 in 18796ms
 GET /api/realtime 200 in 29060ms
 GET /api/realtime 200 in 25208ms
 GET /api/realtime 200 in 19458ms
 GET /api/realtime 200 in 18716ms
 GET /api/realtime 200 in 27067ms
 GET /api/realtime 200 in 19009ms
 GET /api/realtime 200 in 26921ms
 GET /api/realtime 200 in 19063ms
 GET /api/realtime 200 in 18844ms
 GET /api/realtime 200 in 19090ms
 GET /api/realtime 200 in 18927ms
 GET /api/realtime 200 in 19840ms
 GET /api/realtime 200 in 19011ms
 GET /api/realtime 200 in 19163ms
 GET /api/realtime 200 in 25754ms
 GET /api/realtime 200 in 26436ms
 GET /api/realtime 200 in 26290ms
 GET /api/realtime 200 in 19890ms
 GET /api/realtime 200 in 19724ms
 GET /api/realtime 200 in 19794ms
 GET /api/realtime 200 in 25912ms
 GET /api/realtime 200 in 18888ms
 GET /api/realtime 200 in 19591ms
 GET /api/realtime 200 in 19551ms
 GET /api/realtime 200 in 27318ms
 GET /api/realtime 200 in 25093ms
 GET /api/realtime 200 in 25451ms
 GET /api/realtime 200 in 24950ms
 GET /api/realtime 200 in 19553ms
 GET /api/realtime 200 in 27849ms
 GET /api/realtime 200 in 19849ms
 GET /api/realtime 200 in 25993ms
 GET /api/realtime 200 in 28829ms
 GET /api/realtime 200 in 19983ms
 GET /api/realtime 200 in 28440ms
 GET /api/realtime 200 in 19205ms
 GET /api/realtime 200 in 27003ms
 GET /api/realtime 200 in 13577ms
 GET /api/realtime 200 in 10088ms
 GET /api/realtime 200 in 3604ms
 GET /api/realtime 200 in 4589ms
 GET /api/realtime 200 in 6002ms
 GET /api/realtime 200 in 3000ms
 GET /api/realtime 200 in 1057ms
 GET /api/realtime 200 in 2504ms
 GET /api/realtime 200 in 3548ms
 GET /api/realtime 200 in 628ms
 GET /api/realtime 200 in 6582ms
 GET /api/realtime 200 in 1125ms
 GET /api/realtime 200 in 1565ms
 GET /api/realtime 200 in 13471ms
 GET /api/realtime 200 in 3896ms
 GET /api/realtime 200 in 3063ms
 GET /api/realtime 200 in 837ms
 GET /api/realtime 200 in 1623ms
 GET /api/realtime 200 in 14507ms
 GET /api/realtime 200 in 5745ms
 GET /api/realtime 200 in 2147ms
 GET /api/realtime 200 in 15434ms
 GET /api/realtime 200 in 954ms
 GET /api/realtime 200 in 1681ms
 GET /api/realtime 200 in 3732ms
 GET /api/realtime 200 in 3339ms
 GET /api/realtime 200 in 14109ms
 GET /api/realtime 200 in 2333ms
 GET /api/realtime 200 in 3493ms
 GET /api/realtime 200 in 2376ms
 GET /api/realtime 200 in 5150ms
 GET /api/realtime 200 in 2254ms
 GET /api/realtime 200 in 1175ms
 GET /api/realtime 200 in 1746ms
 GET /api/realtime 200 in 1238ms
 GET /api/realtime 200 in 14716ms
 GET /api/realtime 200 in 3848ms
 GET /api/realtime 200 in 9218ms
 GET /api/realtime 200 in 17531ms
 GET /api/realtime 200 in 2087ms
 GET /api/realtime 200 in 3698ms
 GET /api/realtime 200 in 18691ms
 GET /api/realtime 200 in 2739ms
 GET /api/realtime 200 in 561ms
 GET /api/realtime 200 in 10549ms
 GET /api/realtime 200 in 13483ms
 GET /api/realtime 200 in 5845ms
 GET /api/realtime 200 in 1295ms
 GET /api/realtime 200 in 2821ms
 GET /api/realtime 200 in 2041ms
 GET /api/realtime 200 in 783ms
 GET /api/realtime 200 in 4332ms
 GET /api/realtime 200 in 196ms
 GET /api/realtime 200 in 11781ms
 GET /api/realtime 200 in 1986ms
 GET /api/realtime 200 in 17370ms
 GET /api/realtime 200 in 6792ms
 GET /api/realtime 200 in 680ms
 GET /api/realtime 200 in 13335ms
 GET /api/realtime 200 in 270ms
 GET /api/realtime 200 in 18057ms
 GET /api/realtime 200 in 14044ms
 GET /api/realtime 200 in 2688ms
 GET /api/realtime 200 in 4669ms
 GET /api/realtime 200 in 4525ms
 GET /api/realtime 200 in 15108ms
 GET /api/realtime 200 in 5484ms
 GET /api/realtime 200 in 4588ms
 GET /api/realtime 200 in 10875ms
 GET /api/realtime 200 in 5570ms
 GET /api/realtime 200 in 5545ms
 GET /api/realtime 200 in 15297ms
 GET /api/realtime 200 in 281ms
 GET /api/realtime 200 in 4897ms
 GET /api/realtime 200 in 13500ms
 GET /api/realtime 200 in 605ms
 GET /api/realtime 200 in 5056ms
 GET /api/realtime 200 in 15303ms
 GET /api/realtime 200 in 2468ms
 GET /api/realtime 200 in 5088ms
 GET /api/realtime 200 in 469ms
 GET /api/realtime 200 in 15632ms
 GET /api/realtime 200 in 16288ms
 GET /api/realtime 200 in 3472ms
 GET /api/realtime 200 in 379ms
 GET /api/realtime 200 in 1036ms
 GET /api/realtime 200 in 17153ms
 GET /api/realtime 200 in 4453ms
 GET /api/realtime 200 in 4730ms
 GET /api/realtime 200 in 7006ms
 GET /api/realtime 200 in 15855ms
 GET /api/realtime 200 in 1426ms
 GET /api/realtime 200 in 453ms
 GET /api/realtime 200 in 5936ms
 GET /api/realtime 200 in 15162ms
 GET /api/realtime 200 in 10805ms
 GET /api/realtime 200 in 1538ms
 GET /api/realtime 200 in 14046ms
 GET /api/realtime 200 in 14948ms
 GET /api/realtime 200 in 1979ms
 GET /api/realtime 200 in 14952ms
 GET /api/realtime 200 in 3550ms
 GET /api/realtime 200 in 3692ms
 GET /api/realtime 200 in 2453ms
 GET /api/realtime 200 in 3406ms
 GET /api/realtime 200 in 15955ms
 GET /api/realtime 200 in 15506ms
 GET /api/realtime 200 in 15165ms
 GET /api/realtime 200 in 5118ms
 GET /api/realtime 200 in 3894ms
 GET /api/realtime 200 in 4516ms
 GET /api/realtime 200 in 1123ms
 GET /api/realtime 200 in 841ms
 GET /api/realtime 200 in 1069ms
 GET /api/realtime 200 in 12406ms
 GET /api/realtime 200 in 966ms
 GET /api/realtime 200 in 3965ms
 GET /api/realtime 200 in 16487ms
 GET /api/realtime 200 in 16115ms
 GET /api/realtime 200 in 17598ms
 GET /api/realtime 200 in 5285ms
 GET /api/realtime 200 in 15353ms
 GET /api/realtime 200 in 1180ms
 GET /api/realtime 200 in 17168ms
 GET /api/realtime 200 in 17362ms
 GET /api/realtime 200 in 7195ms
 GET /api/realtime 200 in 1405ms
 GET /api/realtime 200 in 1745ms
 GET /api/realtime 200 in 13614ms
 GET /api/realtime 200 in 11251ms
 GET /api/realtime 200 in 2564ms
 GET /api/realtime 200 in 2091ms
 GET /api/realtime 200 in 12641ms
 GET /api/realtime 200 in 11111ms
 GET /api/realtime 200 in 6907ms
 GET /api/realtime 200 in 15373ms
 GET /api/realtime 200 in 2162ms
 GET /api/realtime 200 in 5337ms
 GET /api/realtime 200 in 5645ms
 GET /api/realtime 200 in 5037ms
 GET /api/realtime 200 in 15129ms
 GET /api/realtime 200 in 13648ms
 GET /api/realtime 200 in 3233ms
 GET /api/realtime 200 in 6256ms
 GET /api/realtime 200 in 581ms
 GET /api/realtime 200 in 380ms
 GET /api/realtime 200 in 13724ms
 GET /api/realtime 200 in 16712ms
 GET /api/realtime 200 in 5704ms
 GET /api/realtime 200 in 1517ms
 GET /api/realtime 200 in 6413ms
 GET /api/realtime 200 in 1870ms
 GET /api/realtime 200 in 7231ms
 GET /api/realtime 200 in 1247ms
 GET /api/realtime 200 in 428ms
 GET /api/realtime 200 in 5545ms
 GET /api/realtime 200 in 14815ms
 GET /api/realtime 200 in 6643ms
 GET /api/realtime 200 in 4807ms
 GET /api/realtime 200 in 2211ms
 GET /api/realtime 200 in 12898ms
 GET /api/realtime 200 in 2818ms
 GET /api/realtime 200 in 1016ms
 GET /api/realtime 200 in 5739ms
 GET /api/realtime 200 in 13517ms
 GET /api/realtime 200 in 3073ms
 GET /api/realtime 200 in 6953ms
 GET /api/realtime 200 in 15474ms
 GET /api/realtime 200 in 9400ms
 GET /api/realtime 200 in 4110ms
 GET /api/realtime 200 in 11337ms
 GET /api/realtime 200 in 1932ms
 GET /api/realtime 200 in 4423ms
 GET /api/realtime 200 in 5238ms
 GET /api/realtime 200 in 1696ms
 GET /api/realtime 200 in 203ms
 GET /api/realtime 200 in 1512ms
 GET /api/realtime 200 in 15883ms
 GET /api/realtime 200 in 1815ms
 GET /api/realtime 200 in 4966ms
 GET /api/realtime 200 in 5386ms
 GET /api/realtime 200 in 15913ms
 GET /api/realtime 200 in 6080ms
 GET /api/realtime 200 in 2916ms
 GET /api/realtime 200 in 346ms
 GET /api/realtime 200 in 2942ms
 GET /api/realtime 200 in 15186ms
 GET /api/realtime 200 in 10514ms
 GET /api/realtime 200 in 9627ms
 GET /api/realtime 200 in 5974ms
 GET /api/realtime 200 in 14673ms
 GET /api/realtime 200 in 2621ms
 GET /api/realtime 200 in 6552ms
 GET /api/realtime 200 in 3230ms
 GET /api/realtime 200 in 1302ms
 GET /api/realtime 200 in 18853ms
 GET /api/realtime 200 in 15663ms
 GET /api/realtime 200 in 3422ms
 GET /api/realtime 200 in 13659ms
 GET /api/realtime 200 in 10070ms
 GET /api/realtime 200 in 12723ms
 GET /api/realtime 200 in 3337ms
 GET /api/realtime 200 in 16055ms
 GET /api/realtime 200 in 4337ms
 GET /api/realtime 200 in 5636ms
 GET /api/realtime 200 in 18248ms
 GET /api/realtime 200 in 17619ms
 GET /api/realtime 200 in 6220ms
 GET /api/realtime 200 in 17097ms
 GET /api/realtime 200 in 770ms
 GET /api/realtime 200 in 2402ms
 GET /api/realtime 200 in 12786ms
 GET /api/realtime 200 in 3153ms
 GET /api/realtime 200 in 13525ms
 GET /api/realtime 200 in 4789ms
 GET /api/realtime 200 in 13569ms
 GET /api/realtime 200 in 2053ms
 GET /api/realtime 200 in 16028ms
 GET /api/realtime 200 in 2980ms
 GET /api/realtime 200 in 6536ms
 GET /api/realtime 200 in 15159ms
 GET /api/realtime 200 in 13670ms
 GET /api/realtime 200 in 2272ms
 GET /api/realtime 200 in 13719ms
 GET /api/realtime 200 in 12500ms
 GET /api/realtime 200 in 5016ms
 GET /api/realtime 200 in 2899ms
 GET /api/realtime 200 in 16906ms
 GET /api/realtime 200 in 17252ms
 GET /api/realtime 200 in 4257ms
 GET /api/realtime 200 in 15810ms
 GET /api/realtime 200 in 5928ms
 GET /api/realtime 200 in 4326ms
 GET /api/realtime 200 in 6186ms
 GET /api/realtime 200 in 2676ms
 GET /api/realtime 200 in 6254ms
 GET /api/realtime 200 in 19070ms
 GET /api/realtime 200 in 16277ms
 GET /api/realtime 200 in 1975ms
 GET /api/realtime 200 in 17779ms
 GET /api/realtime 200 in 15390ms
 GET /api/realtime 200 in 1918ms
 GET /api/realtime 200 in 5846ms
 GET /api/realtime 200 in 13796ms
 GET /api/realtime 200 in 16483ms
 GET /api/realtime 200 in 4040ms
 GET /api/realtime 200 in 3016ms
 GET /api/realtime 200 in 15729ms
 GET /api/realtime 200 in 16406ms
 GET /api/realtime 200 in 4091ms
 GET /api/realtime 200 in 5796ms
 GET /api/realtime 200 in 15995ms
 GET /api/realtime 200 in 15166ms
 GET /api/realtime 200 in 16477ms
 GET /api/realtime 200 in 3367ms
 GET /api/realtime 200 in 10999ms
 GET /api/realtime 200 in 16337ms
 GET /api/realtime 200 in 15594ms
 GET /api/realtime 200 in 15207ms
 GET /api/realtime 200 in 3289ms
 GET /api/realtime 200 in 15709ms
 GET /api/realtime 200 in 1870ms
 GET /api/realtime 200 in 19595ms
 GET /api/realtime 200 in 16279ms
 GET /api/realtime 200 in 12623ms
 GET /api/realtime 200 in 4882ms
 GET /api/realtime 200 in 3845ms
 GET /api/realtime 200 in 4026ms
 GET /api/realtime 200 in 3187ms
 GET /api/realtime 200 in 2510ms
 GET /api/realtime 200 in 211ms
 GET /api/realtime 200 in 12217ms
 GET /api/realtime 200 in 11221ms
 GET /api/realtime 200 in 1419ms
 GET /api/realtime 200 in 15870ms
 GET /api/realtime 200 in 5437ms
 GET /api/realtime 200 in 15047ms
 GET /api/realtime 200 in 584ms
 GET /api/realtime 200 in 11763ms
 GET /api/realtime 200 in 12369ms
 GET /api/realtime 200 in 9880ms
 GET /api/realtime 200 in 1392ms
 GET /api/realtime 200 in 13998ms
 GET /api/realtime 200 in 14652ms
 GET /api/realtime 200 in 4192ms
 GET /api/realtime 200 in 3707ms
 GET /api/realtime 200 in 13730ms
 GET /api/realtime 200 in 16162ms
 GET /api/realtime 200 in 3059ms
 GET /api/realtime 200 in 12075ms
 GET /api/realtime 200 in 10469ms
 GET /api/realtime 200 in 9364ms
 GET /api/realtime 200 in 14074ms
 GET /api/realtime 200 in 5304ms
 GET /api/realtime 200 in 15604ms
 GET /api/realtime 200 in 6816ms
 GET /api/realtime 200 in 6141ms
 GET /api/realtime 200 in 13224ms
 GET /api/realtime 200 in 13965ms
 GET /api/realtime 200 in 4125ms
 GET /api/realtime 200 in 721ms
 GET /api/realtime 200 in 4626ms
 GET /api/realtime 200 in 18277ms
 GET /api/realtime 200 in 2373ms
 GET /api/realtime 200 in 2836ms
 GET /api/realtime 200 in 13812ms
 GET /api/realtime 200 in 16708ms
 GET /api/realtime 200 in 18055ms
 GET /api/realtime 200 in 4485ms
 GET /api/realtime 200 in 17755ms
 GET /api/realtime 200 in 5070ms
 GET /api/realtime 200 in 13001ms
 GET /api/realtime 200 in 16422ms
 GET /api/realtime 200 in 16550ms
 GET /api/realtime 200 in 16928ms
 GET /api/realtime 200 in 5721ms
 GET /api/realtime 200 in 17032ms
 GET /api/realtime 200 in 16930ms
 GET /api/realtime 200 in 2740ms
 GET /api/realtime 200 in 15178ms
 GET /api/realtime 200 in 17540ms
 GET /api/realtime 200 in 6339ms
 GET /api/realtime 200 in 17881ms
 GET /api/realtime 200 in 4242ms
 GET /api/realtime 200 in 7144ms
 GET /api/realtime 200 in 1524ms
 GET /api/realtime 200 in 13063ms
 GET /api/realtime 200 in 5533ms
 GET /api/realtime 200 in 15893ms
 GET /api/realtime 200 in 3349ms
 GET /api/realtime 200 in 14825ms
 GET /api/realtime 200 in 16714ms
 GET /api/realtime 200 in 14826ms
 GET /api/realtime 200 in 19388ms
 GET /api/realtime 200 in 12885ms
 GET /api/realtime 200 in 4763ms
 GET /api/realtime 200 in 13743ms
 GET /api/realtime 200 in 15778ms
 GET /api/realtime 200 in 10779ms
 GET /api/realtime 200 in 11534ms
 GET /api/realtime 200 in 15698ms
 GET /api/realtime 200 in 3901ms
 GET /api/realtime 200 in 16852ms
 GET /api/realtime 200 in 19441ms
 GET /api/realtime 200 in 15958ms
 GET /api/realtime 200 in 14873ms
 GET /api/realtime 200 in 6431ms
 GET /api/realtime 200 in 15780ms
 GET /api/realtime 200 in 6655ms
 GET /api/realtime 200 in 2328ms
 GET /api/realtime 200 in 18776ms
 GET /api/realtime 200 in 17936ms
 GET /api/realtime 200 in 3562ms
 GET /api/realtime 200 in 18184ms
 GET /api/realtime 200 in 14832ms
 GET /api/realtime 200 in 10332ms
 GET /api/realtime 200 in 5523ms
 GET /api/realtime 200 in 16302ms
 GET /api/realtime 200 in 11707ms
 GET /api/realtime 200 in 14720ms
 GET /api/realtime 200 in 12016ms
 GET /api/realtime 200 in 15375ms
 GET /api/realtime 200 in 10045ms
 GET /api/realtime 200 in 13911ms
 GET /api/realtime 200 in 2686ms
 GET /api/realtime 200 in 13611ms
 GET /api/realtime 200 in 14873ms
 GET /api/realtime 200 in 13776ms
 GET /api/realtime 200 in 1687ms
 GET /api/realtime 200 in 17096ms
 GET /api/realtime 200 in 9525ms
 GET /api/realtime 200 in 15118ms
 GET /api/realtime 200 in 15675ms
 GET /api/realtime 200 in 14837ms
 GET /api/realtime 200 in 4989ms
 GET /api/realtime 200 in 17291ms
 GET /api/realtime 200 in 10714ms
 GET /api/realtime 200 in 17452ms
 GET /api/realtime 200 in 15239ms
 GET /api/realtime 200 in 19398ms
 GET /api/realtime 200 in 1649ms
 GET /api/realtime 200 in 14017ms
 GET /api/realtime 200 in 19932ms
 GET /api/realtime 200 in 17629ms
 GET /api/realtime 200 in 3856ms
 GET /api/realtime 200 in 9983ms
 GET /api/realtime 200 in 15384ms
 GET /api/realtime 200 in 15972ms
 GET /api/realtime 200 in 10270ms
 GET /api/realtime 200 in 17863ms
 GET /api/realtime 200 in 18465ms
 GET /api/realtime 200 in 18667ms
 GET /api/realtime 200 in 12179ms
 GET /api/realtime 200 in 16616ms
 GET /api/realtime 200 in 15741ms
 GET /api/realtime 200 in 12604ms
 GET /api/realtime 200 in 18467ms
 GET /api/realtime 200 in 11476ms
 GET /api/realtime 200 in 15118ms
 GET /api/realtime 200 in 16662ms
 GET /api/realtime 200 in 4463ms
 GET /api/realtime 200 in 16622ms
 GET /api/realtime 200 in 9796ms
 GET /api/realtime 200 in 5495ms
 GET /api/realtime 200 in 17909ms
 GET /api/realtime 200 in 11955ms
 GET /api/realtime 200 in 17113ms
 GET /api/realtime 200 in 3702ms
 GET /api/realtime 200 in 4353ms
 GET /api/realtime 200 in 18764ms
 GET /api/realtime 200 in 13923ms
 GET /api/realtime 200 in 4960ms
 GET /api/realtime 200 in 4901ms
 GET /api/realtime 200 in 15981ms
 GET /api/realtime 200 in 4742ms
 GET /api/realtime 200 in 11638ms
 GET /api/realtime 200 in 16874ms
 GET /api/realtime 200 in 7345ms
 GET /api/realtime 200 in 16114ms
 GET /api/realtime 200 in 16258ms
 GET /api/realtime 200 in 17351ms
 GET /api/realtime 200 in 14729ms
 GET /api/realtime 200 in 18267ms
 GET /api/realtime 200 in 15867ms
 GET /api/realtime 200 in 17646ms
 GET /api/realtime 200 in 14896ms
 GET /api/realtime 200 in 16958ms
 GET /api/realtime 200 in 17251ms
 GET /api/realtime 200 in 19615ms
 GET /api/realtime 200 in 13697ms
 GET /api/realtime 200 in 17465ms
 GET /api/realtime 200 in 13592ms
 GET /api/realtime 200 in 15549ms
 GET /api/realtime 200 in 7004ms
 GET /api/realtime 200 in 16202ms
 GET /api/realtime 200 in 16122ms
 GET /api/realtime 200 in 5398ms
 GET /api/realtime 200 in 15447ms
 GET /api/realtime 200 in 3257ms
 GET /api/realtime 200 in 7151ms
 GET /api/realtime 200 in 19357ms
 GET /api/realtime 200 in 588ms
 GET /api/realtime 200 in 13152ms
 GET /api/realtime 200 in 2814ms
 GET /api/realtime 200 in 5290ms
 GET /api/realtime 200 in 3529ms
 GET /api/realtime 200 in 17507ms
 GET /api/realtime 200 in 4586ms
 GET /api/realtime 200 in 15646ms
 GET /api/realtime 200 in 15364ms
 GET /api/realtime 200 in 18167ms
 GET /api/realtime 200 in 15554ms
 GET /api/realtime 200 in 17312ms
 GET /api/realtime 200 in 14737ms
 GET /api/realtime 200 in 6226ms
 GET /api/realtime 200 in 5240ms
 GET /api/realtime 200 in 15989ms
 GET /api/realtime 200 in 17003ms
 GET /api/realtime 200 in 16118ms
 GET /api/realtime 200 in 14905ms
 GET /api/realtime 200 in 17654ms
 GET /api/realtime 200 in 12342ms
 GET /api/realtime 200 in 14634ms
 GET /api/realtime 200 in 16968ms
 GET /api/realtime 200 in 5942ms
 GET /api/realtime 200 in 13856ms
 GET /api/realtime 200 in 16216ms
 GET /api/realtime 200 in 9624ms
 GET /api/realtime 200 in 16593ms
 GET /api/realtime 200 in 6566ms
 GET /api/realtime 200 in 14698ms
 GET /api/realtime 200 in 19334ms
 GET /api/realtime 200 in 15050ms
 GET /api/realtime 200 in 15058ms
 GET /api/realtime 200 in 16335ms
 GET /api/realtime 200 in 15146ms
 GET /api/realtime 200 in 14635ms
 GET /api/realtime 200 in 16054ms
 GET /api/realtime 200 in 17319ms
 GET /api/realtime 200 in 15147ms
 GET /api/realtime 200 in 17651ms
 GET /api/realtime 200 in 17172ms
 GET /api/realtime 200 in 6874ms
 GET /api/realtime 200 in 16688ms
 GET /api/realtime 200 in 16397ms
 GET /api/realtime 200 in 17109ms
 GET /api/realtime 200 in 16586ms
 GET /api/realtime 200 in 15057ms
 GET /api/realtime 200 in 17655ms
 GET /api/realtime 200 in 15819ms
 GET /api/realtime 200 in 14867ms
 GET /api/realtime 200 in 18027ms
 GET /api/realtime 200 in 17323ms
 GET /api/realtime 200 in 10449ms
 GET /api/realtime 200 in 16583ms
 GET /api/realtime 200 in 15455ms
 GET /api/realtime 200 in 14748ms
 GET /api/realtime 200 in 11137ms
 GET /api/realtime 200 in 17657ms
 GET /api/realtime 200 in 17141ms
 GET /api/realtime 200 in 15471ms
 GET /api/realtime 200 in 15566ms
 GET /api/realtime 200 in 16138ms
 GET /api/realtime 200 in 15154ms
 GET /api/realtime 200 in 16978ms
 GET /api/realtime 200 in 17085ms
 GET /api/realtime 200 in 15001ms
 GET /api/realtime 200 in 16276ms
 GET /api/realtime 200 in 15235ms
 GET /api/realtime 200 in 15531ms
 GET /api/realtime 200 in 15415ms
 GET /api/realtime 200 in 15936ms
 GET /api/realtime 200 in 16476ms
 GET /api/realtime 200 in 16808ms
 GET /api/realtime 200 in 14751ms
 GET /api/realtime 200 in 16763ms
 GET /api/realtime 200 in 13793ms
 GET /api/realtime 200 in 16004ms
 GET /api/realtime 200 in 19521ms
 GET /api/realtime 200 in 17022ms
 GET /api/realtime 200 in 18230ms
 GET /api/realtime 200 in 17142ms
 GET /api/realtime 200 in 15277ms
 GET /api/realtime 200 in 17138ms
 GET /api/realtime 200 in 17381ms
 GET /api/realtime 200 in 16901ms
 GET /api/realtime 200 in 16642ms
 GET /api/realtime 200 in 17488ms
 GET /api/realtime 200 in 16986ms
 GET /api/realtime 200 in 17944ms
 GET /api/realtime 200 in 16548ms
 GET /api/realtime 200 in 16349ms
 GET /api/realtime 200 in 15890ms
 GET /api/realtime 200 in 16813ms
 GET /api/realtime 200 in 18755ms
 GET /api/realtime 200 in 14919ms
 GET /api/realtime 200 in 17334ms
 GET /api/realtime 200 in 14131ms
 GET /api/realtime 200 in 17512ms
 GET /api/realtime 200 in 16288ms
 GET /api/realtime 200 in 17856ms
 GET /api/realtime 200 in 19260ms
 GET /api/realtime 200 in 18545ms
 GET /api/realtime 200 in 18625ms
 GET /api/realtime 200 in 16819ms
 GET /api/realtime 200 in 17656ms
 GET /api/realtime 200 in 18707ms
 GET /api/realtime 200 in 17672ms
 GET /api/realtime 200 in 18830ms
 GET /api/realtime 200 in 14462ms
 GET /api/realtime 200 in 16240ms
 GET /api/realtime 200 in 28866ms
 GET /api/realtime 200 in 18236ms
 GET /api/realtime 200 in 18049ms
 GET /api/realtime 200 in 14731ms
 GET /api/realtime 200 in 16391ms
 GET /api/realtime 200 in 18957ms
 GET /api/realtime 200 in 17470ms
 GET /api/realtime 200 in 16236ms
 GET /api/realtime 200 in 17342ms
 GET /api/realtime 200 in 19899ms
 GET /api/realtime 200 in 15840ms
 GET /api/realtime 200 in 18585ms
 GET /api/realtime 200 in 19405ms
 GET /api/realtime 200 in 18712ms
 GET /api/realtime 200 in 18436ms
 GET /api/realtime 200 in 16562ms
 GET /api/realtime 200 in 18549ms
 GET /api/realtime 200 in 17159ms
 GET /api/realtime 200 in 17000ms
 GET /api/realtime 200 in 15756ms
 GET /api/realtime 200 in 18555ms
 GET /api/realtime 200 in 18352ms
 GET /api/realtime 200 in 17836ms
 GET /api/realtime 200 in 19080ms
 GET /api/realtime 200 in 16708ms
 GET /api/realtime 200 in 18060ms
 GET /api/realtime 200 in 16830ms
 GET /api/realtime 200 in 19882ms
 GET /api/realtime 200 in 20386ms
 GET /api/realtime 200 in 18960ms
 GET /api/realtime 200 in 17506ms
 GET /api/realtime 200 in 18310ms
 GET /api/realtime 200 in 18915ms
 GET /api/realtime 200 in 16610ms
 GET /api/realtime 200 in 30291ms
 GET /api/realtime 200 in 18801ms
 GET /api/realtime 200 in 17166ms
 GET /api/realtime 200 in 16610ms
 GET /api/realtime 200 in 18560ms
 GET /api/realtime 200 in 17352ms
 GET /api/realtime 200 in 16831ms
 GET /api/realtime 200 in 16831ms
 GET /api/realtime 200 in 20041ms
 GET /api/realtime 200 in 17547ms
 GET /api/realtime 200 in 16835ms
 GET /api/realtime 200 in 18595ms
 GET /api/realtime 200 in 17352ms
 GET /api/realtime 200 in 15686ms
 GET /api/realtime 200 in 27823ms
 GET /api/realtime 200 in 16644ms
 GET /api/realtime 200 in 17451ms
 GET /api/realtime 200 in 17728ms
 GET /api/realtime 200 in 17557ms
 GET /api/realtime 200 in 17920ms
 GET /api/realtime 200 in 384ms
 GET /api/realtime 200 in 4309ms
 GET /api/realtime 200 in 18668ms
[?25h
