  ▲ Next.js 14.2.28
  - Local:        http://localhost:3000
  - Environments: .env
  - Experiments (use with caution):
    · outputFileTracingRoot

 ✓ Starting...
 ✓ Ready in 1343ms
 ○ Compiling / ...
 ✓ Compiled / in 2.5s (596 modules)
 GET / 200 in 3078ms
 ✓ Compiled in 510ms (296 modules)
 ○ Compiling /api/auth/[...nextauth] ...
 ✓ Compiled /api/auth/[...nextauth] in 631ms (541 modules)
 GET /api/auth/providers 200 in 1129ms
 GET / 200 in 110ms
 GET /api/auth/session 200 in 61ms
 GET /api/auth/session 200 in 47ms
 ○ Compiling /signup ...
 ✓ Compiled /signup in 670ms (881 modules)
 GET /signup 200 in 860ms
 GET /login 200 in 874ms
 GET /api/auth/session 200 in 71ms
 GET /api/auth/session 200 in 47ms
 GET /api/auth/session 200 in 46ms
 GET /api/auth/session 200 in 47ms
 GET /api/auth/session 200 in 60ms
 GET /api/auth/csrf 200 in 67ms
 ✓ Compiled /api/signup in 186ms (597 modules)
 POST /api/signup 200 in 667ms
 GET / 200 in 85ms
 GET /api/auth/signin 302 in 65ms
 GET /login?callbackUrl=https://7d18e9f2f.preview.abacusai.app 200 in 62ms
 GET /api/auth/csrf 200 in 50ms
 POST /api/auth/callback/credentials 302 in 346ms
 ✓ Compiled /middleware in 332ms (174 modules)
 ○ Compiling /dashboard ...
 ✓ Compiled /dashboard in 2.8s (2849 modules)
 GET /dashboard 200 in 3178ms
 GET / 200 in 93ms
 GET /dashboard 200 in 106ms
 GET /api/auth/session 200 in 94ms
 ✓ Compiled /api/realtime in 293ms (1577 modules)
 ✓ Compiled (1580 modules)
 GET /api/auth/session 200 in 784ms
 GET /api/notifications?limit=10 200 in 838ms
 GET /api/realtime 200 in 527ms
 GET /api/auth/session 200 in 98ms
 GET /api/realtime 200 in 99ms
 GET /api/notifications?limit=10 200 in 113ms
 GET /api/auth/session 200 in 65ms
 GET /api/notifications?limit=10 200 in 89ms
 GET /api/realtime 200 in 126ms
 GET /api/auth/session 200 in 79ms
 GET /api/notifications?limit=10 200 in 98ms
 GET /api/auth/session 200 in 85ms
 GET /api/realtime 200 in 114ms
 GET /api/realtime 200 in 69ms
 GET /api/realtime 200 in 63ms
 GET /api/realtime 200 in 65ms
 GET /api/realtime 200 in 72ms
 GET /api/realtime 200 in 69ms
 GET /api/realtime 200 in 85ms
 GET /api/realtime 200 in 70ms
 GET /api/realtime 200 in 71ms
 GET /api/realtime 200 in 93ms
 GET /api/realtime 200 in 87ms
 GET /api/realtime 200 in 70ms
 GET /api/realtime 200 in 76ms
 GET /api/realtime 200 in 72ms
 GET /api/realtime 200 in 75ms
 GET /api/realtime 200 in 91ms
 GET /api/realtime 200 in 70ms
 GET /api/realtime 200 in 80ms
 GET /api/realtime 200 in 72ms
 GET /api/realtime 200 in 67ms
 GET /api/realtime 200 in 69ms
 GET /api/realtime 200 in 71ms
 GET /api/realtime 200 in 74ms
 GET /api/realtime 200 in 74ms
 GET /api/realtime 200 in 67ms
 GET /api/realtime 200 in 67ms
 GET /api/realtime 200 in 66ms
 GET /api/realtime 200 in 75ms
 GET /api/realtime 200 in 75ms
 GET /api/realtime 200 in 74ms
 GET /api/realtime 200 in 68ms
 GET /api/realtime 200 in 66ms
 GET /api/realtime 200 in 74ms
 GET /api/realtime 200 in 73ms
 GET /api/realtime 200 in 93ms
 GET /api/realtime 200 in 98ms
 GET /api/realtime 200 in 80ms
 GET /api/realtime 200 in 102ms
 GET /api/realtime 200 in 88ms
 GET /api/realtime 200 in 83ms
 GET /api/realtime 200 in 86ms
 GET /api/realtime 200 in 89ms
 GET /api/realtime 200 in 79ms
 GET /api/realtime 200 in 81ms
 GET /api/realtime 200 in 98ms
 GET /api/realtime 200 in 80ms
 GET /api/realtime 200 in 83ms
 GET /api/realtime 200 in 73ms
 GET /api/realtime 200 in 73ms
 GET /api/realtime 200 in 69ms
 GET /api/realtime 200 in 124ms
 GET /api/realtime 200 in 91ms
 GET /api/realtime 200 in 91ms
 GET /api/realtime 200 in 94ms
 GET /api/realtime 200 in 128ms
 GET /api/realtime 200 in 7032ms
 ○ Compiling /settings ...
 ✓ Compiled /settings in 5.6s (3352 modules)
prisma:error 
Invalid `_lib_db__WEBPACK_IMPORTED_MODULE_4__.prisma.task.findMany()` invocation in
/home/ubuntu/cortexbuild_pro/nextjs_space/.next/server/app/(dashboard)/reports/page.js:4094:58

  4091         }
  4092     }
  4093 }),
→ 4094 _lib_db__WEBPACK_IMPORTED_MODULE_4__.prisma.task.findMany(
Too many database connections opened: FATAL: too many connections for role "role_ddaacb0a0"
Prisma Accelerate has built-in connection pooling to prevent such errors: https://pris.ly/client/error-accelerate
prisma:error 
Invalid `_lib_db__WEBPACK_IMPORTED_MODULE_4__.prisma.teamMember.findMany()` invocation in
/home/ubuntu/cortexbuild_pro/nextjs_space/.next/server/app/(dashboard)/reports/page.js:4108:64

  4105         }
  4106     }
  4107 }),
→ 4108 _lib_db__WEBPACK_IMPORTED_MODULE_4__.prisma.teamMember.findMany(
Too many database connections opened: FATAL: too many connections for role "role_ddaacb0a0"
Prisma Accelerate has built-in connection pooling to prevent such errors: https://pris.ly/client/error-accelerate
prisma:error 
Invalid `_lib_db__WEBPACK_IMPORTED_MODULE_4__.prisma.activityLog.findMany()` invocation in
/home/ubuntu/cortexbuild_pro/nextjs_space/.next/server/app/(dashboard)/reports/page.js:4121:65

  4118         }
  4119     }
  4120 }),
→ 4121 _lib_db__WEBPACK_IMPORTED_MODULE_4__.prisma.activityLog.findMany(
Too many database connections opened: FATAL: too many connections for role "role_ddaacb0a0"
Prisma Accelerate has built-in connection pooling to prevent such errors: https://pris.ly/client/error-accelerate
 GET /team 200 in 6535ms
 GET /equipment 200 in 6496ms
 GET /change-orders 200 in 6509ms
 GET /meetings 200 in 6538ms
 GET /submittals 200 in 6499ms
 GET /punch-lists 200 in 6451ms
 GET /daily-reports 200 in 6500ms
 GET /projects 200 in 6514ms
 GET /rfis 200 in 6503ms
 GET /inspections 200 in 6457ms
 GET /settings 200 in 6457ms
 GET /tasks 200 in 6545ms
 GET /projects/new 200 in 6458ms
 GET /safety 200 in 6458ms
 GET /reports 500 in 6555ms
 GET /company 200 in 6519ms
 GET /documents 200 in 6563ms
 GET /api/notifications?limit=10 200 in 319ms
 GET /api/realtime 200 in 161ms
 GET /api/auth/session 200 in 433ms
 GET /api/realtime 200 in 212ms
 GET /api/notifications?limit=10 200 in 868ms
 GET /api/realtime 200 in 674ms
 GET /api/realtime 200 in 673ms
 GET /api/realtime 200 in 679ms
 GET /api/realtime 200 in 837ms
 GET /api/realtime 200 in 671ms
 GET /api/realtime 200 in 653ms
 GET /api/auth/session 200 in 728ms
 GET /api/realtime 200 in 690ms
 GET /api/realtime 200 in 629ms
 GET /api/realtime 200 in 643ms
 ○ Compiling /api/company/stats ...
 ✓ Compiled /api/company/stats in 1132ms (1858 modules)
 GET /api/realtime 200 in 2016ms
 GET /api/realtime 200 in 2030ms
 GET /api/auth/session 200 in 1837ms
 GET /api/realtime 200 in 2033ms
 GET /api/realtime 200 in 1873ms
 GET /api/realtime 200 in 2030ms
 GET /api/realtime 200 in 1934ms
 GET /api/realtime 200 in 2035ms
 GET /api/realtime 200 in 2046ms
 GET /api/realtime 200 in 1912ms
 GET /api/realtime 200 in 1889ms
 GET /api/realtime 200 in 2031ms
 GET /api/realtime 200 in 1510ms
 GET /api/realtime 200 in 1812ms
 GET /api/realtime 200 in 1660ms
 GET /api/realtime 200 in 1790ms
prisma:error 
Invalid `_lib_db__WEBPACK_IMPORTED_MODULE_3__.prisma.safetyIncident.count()` invocation in
/home/ubuntu/cortexbuild_pro/nextjs_space/.next/server/app/api/company/stats/route.js:380:72

  377         }
  378     }
  379 }),
→ 380 _lib_db__WEBPACK_IMPORTED_MODULE_3__.prisma.safetyIncident.count(
Too many database connections opened: FATAL: too many connections for role "role_ddaacb0a0"
Prisma Accelerate has built-in connection pooling to prevent such errors: https://pris.ly/client/error-accelerate
 GET /api/company/stats 500 in 2291ms
prisma:error 
Invalid `_lib_db__WEBPACK_IMPORTED_MODULE_3__.prisma.project.groupBy()` invocation in
/home/ubuntu/cortexbuild_pro/nextjs_space/.next/server/app/api/company/stats/route.js:418:65

  415     },
  416     _count: true
  417 }),
→ 418 _lib_db__WEBPACK_IMPORTED_MODULE_3__.prisma.project.groupBy(
Too many database connections opened: FATAL: too many connections for role "role_ddaacb0a0"
Prisma Accelerate has built-in connection pooling to prevent such errors: https://pris.ly/client/error-accelerate
prisma:error 
Invalid `_lib_db__WEBPACK_IMPORTED_MODULE_3__.prisma.user.groupBy()` invocation in
/home/ubuntu/cortexbuild_pro/nextjs_space/.next/server/app/api/company/stats/route.js:427:62

  424     },
  425     _count: true
  426 }),
→ 427 _lib_db__WEBPACK_IMPORTED_MODULE_3__.prisma.user.groupBy(
Too many database connections opened: FATAL: too many connections for role "role_ddaacb0a0"
Prisma Accelerate has built-in connection pooling to prevent such errors: https://pris.ly/client/error-accelerate
prisma:error 
Invalid `prisma.$queryRaw()` invocation:


Too many database connections opened: FATAL: too many connections for role "role_ddaacb0a0"
Prisma Accelerate has built-in connection pooling to prevent such errors: https://pris.ly/client/error-accelerate
prisma:error 
Invalid `_lib_db__WEBPACK_IMPORTED_MODULE_3__.prisma.project.findMany()` invocation in
/home/ubuntu/cortexbuild_pro/nextjs_space/.next/server/app/api/company/stats/route.js:444:65

  441   GROUP BY DATE("createdAt")
  442   ORDER BY date ASC
  443 `,
→ 444       _lib_db__WEBPACK_IMPORTED_MODULE_3__.prisma.project.findMany(
Too many database connections opened: FATAL: too many connections for role "role_ddaacb0a0"
Prisma Accelerate has built-in connection pooling to prevent such errors: https://pris.ly/client/error-accelerate
 GET /api/notifications?limit=10 200 in 1982ms
prisma:error 
Invalid `_lib_db__WEBPACK_IMPORTED_MODULE_3__.prisma.changeOrder.count()` invocation in
/home/ubuntu/cortexbuild_pro/nextjs_space/.next/server/app/api/company/stats/route.js:366:69

  363         }
  364     }
  365 }),
→ 366 _lib_db__WEBPACK_IMPORTED_MODULE_3__.prisma.changeOrder.count(
Too many database connections opened: FATAL: too many connections for role "role_ddaacb0a0"
Prisma Accelerate has built-in connection pooling to prevent such errors: https://pris.ly/client/error-accelerate
prisma:error 
Invalid `_lib_db__WEBPACK_IMPORTED_MODULE_3__.prisma.safetyIncident.count()` invocation in
/home/ubuntu/cortexbuild_pro/nextjs_space/.next/server/app/api/company/stats/route.js:373:72

  370         }
  371     }
  372 }),
→ 373 _lib_db__WEBPACK_IMPORTED_MODULE_3__.prisma.safetyIncident.count(
Too many database connections opened: FATAL: too many connections for role "role_ddaacb0a0"
Prisma Accelerate has built-in connection pooling to prevent such errors: https://pris.ly/client/error-accelerate
 GET /api/realtime 200 in 170ms
 GET /api/realtime 200 in 229ms
 GET /api/realtime 200 in 190ms
 GET /api/realtime 200 in 197ms
 GET /api/realtime 200 in 198ms
 GET /api/realtime 200 in 192ms
 GET /api/realtime 200 in 200ms
 GET /api/realtime 200 in 201ms
 GET /api/realtime 200 in 202ms
 GET /api/realtime 200 in 311ms
 GET /api/realtime 200 in 312ms
 GET /api/realtime 200 in 356ms
 GET /api/realtime 200 in 355ms
 GET /api/realtime 200 in 359ms
 GET /api/auth/session 200 in 349ms
 GET /api/company/stats 200 in 359ms
 GET /api/notifications?limit=10 200 in 394ms
 GET /api/realtime 200 in 483ms
 GET /api/realtime 200 in 393ms
 GET /api/realtime 200 in 396ms
 GET /api/realtime 200 in 397ms
 GET /api/realtime 200 in 397ms
 GET /api/realtime 200 in 400ms
 GET /api/realtime 200 in 408ms
 GET /api/realtime 200 in 408ms
 GET /api/realtime 200 in 450ms
 GET /api/realtime 200 in 540ms
 GET /api/realtime 200 in 468ms
 GET /api/realtime 200 in 472ms
 GET /api/realtime 200 in 488ms
prisma:error 
Invalid `_lib_db__WEBPACK_IMPORTED_MODULE_3__.prisma.submittal.count()` invocation in
/home/ubuntu/cortexbuild_pro/nextjs_space/.next/server/app/api/company/stats/route.js:353:67

  350         }
  351     }
  352 }),
→ 353 _lib_db__WEBPACK_IMPORTED_MODULE_3__.prisma.submittal.count(
Too many database connections opened: FATAL: too many connections for role "role_ddaacb0a0"
Prisma Accelerate has built-in connection pooling to prevent such errors: https://pris.ly/client/error-accelerate
 GET /api/company/stats 500 in 496ms
 GET /api/realtime 200 in 565ms
 GET /api/realtime 200 in 535ms
 GET /api/auth/session 200 in 471ms
 GET /api/notifications?limit=10 200 in 478ms
 GET /api/realtime 200 in 368ms
 GET /api/realtime 200 in 362ms
 GET /api/realtime 200 in 365ms
 GET /api/realtime 200 in 341ms
 GET /api/realtime 200 in 344ms
 GET /api/realtime 200 in 345ms
 GET /api/realtime 200 in 290ms
 GET /api/realtime 200 in 374ms
 GET /api/realtime 200 in 411ms
 GET /api/realtime 200 in 375ms
 GET /api/realtime 200 in 284ms
 GET /api/realtime 200 in 280ms
 GET /api/realtime 200 in 269ms
 GET /api/realtime 200 in 291ms
 GET /api/realtime 200 in 288ms
prisma:error 
Invalid `_lib_db__WEBPACK_IMPORTED_MODULE_3__.prisma.rFI.count()` invocation in
/home/ubuntu/cortexbuild_pro/nextjs_space/.next/server/app/api/company/stats/route.js:331:61

  328         }
  329     }
  330 }),
→ 331 _lib_db__WEBPACK_IMPORTED_MODULE_3__.prisma.rFI.count(
Too many database connections opened: FATAL: too many connections for role "role_ddaacb0a0"
Prisma Accelerate has built-in connection pooling to prevent such errors: https://pris.ly/client/error-accelerate
 GET /api/company/stats 500 in 357ms
prisma:error 
Invalid `_lib_db__WEBPACK_IMPORTED_MODULE_3__.prisma.activityLog.count()` invocation in
/home/ubuntu/cortexbuild_pro/nextjs_space/.next/server/app/api/company/stats/route.js:397:69

  394         }
  395     }
  396 }),
→ 397 _lib_db__WEBPACK_IMPORTED_MODULE_3__.prisma.activityLog.count(
Too many database connections opened: FATAL: too many connections for role "role_ddaacb0a0"
Prisma Accelerate has built-in connection pooling to prevent such errors: https://pris.ly/client/error-accelerate
prisma:error 
Invalid `_lib_db__WEBPACK_IMPORTED_MODULE_3__.prisma.task.groupBy()` invocation in
/home/ubuntu/cortexbuild_pro/nextjs_space/.next/server/app/api/company/stats/route.js:407:62

  404         }
  405     }
  406 }),
→ 407 _lib_db__WEBPACK_IMPORTED_MODULE_3__.prisma.task.groupBy(
Too many database connections opened: FATAL: too many connections for role "role_ddaacb0a0"
Prisma Accelerate has built-in connection pooling to prevent such errors: https://pris.ly/client/error-accelerate
prisma:error 
Invalid `_lib_db__WEBPACK_IMPORTED_MODULE_3__.prisma.project.groupBy()` invocation in
/home/ubuntu/cortexbuild_pro/nextjs_space/.next/server/app/api/company/stats/route.js:418:65

  415     },
  416     _count: true
  417 }),
→ 418 _lib_db__WEBPACK_IMPORTED_MODULE_3__.prisma.project.groupBy(
Too many database connections opened: FATAL: too many connections for role "role_ddaacb0a0"
Prisma Accelerate has built-in connection pooling to prevent such errors: https://pris.ly/client/error-accelerate
prisma:error 
Invalid `_lib_db__WEBPACK_IMPORTED_MODULE_3__.prisma.user.groupBy()` invocation in
/home/ubuntu/cortexbuild_pro/nextjs_space/.next/server/app/api/company/stats/route.js:427:62

  424     },
  425     _count: true
  426 }),
→ 427 _lib_db__WEBPACK_IMPORTED_MODULE_3__.prisma.user.groupBy(
Too many database connections opened: FATAL: too many connections for role "role_ddaacb0a0"
Prisma Accelerate has built-in connection pooling to prevent such errors: https://pris.ly/client/error-accelerate
prisma:error 
Invalid `prisma.$queryRaw()` invocation:


Too many database connections opened: FATAL: too many connections for role "role_ddaacb0a0"
Prisma Accelerate has built-in connection pooling to prevent such errors: https://pris.ly/client/error-accelerate
prisma:error 
Invalid `_lib_db__WEBPACK_IMPORTED_MODULE_3__.prisma.project.findMany()` invocation in
/home/ubuntu/cortexbuild_pro/nextjs_space/.next/server/app/api/company/stats/route.js:444:65

  441   GROUP BY DATE("createdAt")
  442   ORDER BY date ASC
  443 `,
→ 444       _lib_db__WEBPACK_IMPORTED_MODULE_3__.prisma.project.findMany(
Too many database connections opened: FATAL: too many connections for role "role_ddaacb0a0"
Prisma Accelerate has built-in connection pooling to prevent such errors: https://pris.ly/client/error-accelerate
 GET /api/auth/session 200 in 350ms
 GET /api/notifications?limit=10 200 in 364ms
 GET /api/realtime 200 in 368ms
 GET /api/realtime 200 in 301ms
 GET /api/realtime 200 in 303ms
 GET /api/realtime 200 in 303ms
 GET /api/realtime 200 in 330ms
 GET /api/realtime 200 in 329ms
 GET /api/realtime 200 in 298ms
 GET /api/realtime 200 in 299ms
 GET /api/realtime 200 in 309ms
 GET /api/realtime 200 in 316ms
 GET /api/realtime 200 in 4685ms
 GET /api/realtime 200 in 3450ms
 GET /api/realtime 200 in 216ms
 GET /api/realtime 200 in 227ms
 GET /api/realtime 200 in 3632ms
 GET /api/realtime 200 in 3298ms
 GET /api/realtime 200 in 3729ms
 GET /api/realtime 200 in 223ms
 GET /api/realtime 200 in 277ms
 GET /api/realtime 200 in 296ms
 GET /api/notifications?limit=10 200 in 221ms
 GET /api/auth/session 200 in 304ms
 GET /api/realtime 200 in 226ms
 GET /api/realtime 200 in 223ms
 GET /api/realtime 200 in 255ms
 GET /api/realtime 200 in 266ms
 GET /api/realtime 200 in 267ms
 GET /api/realtime 200 in 268ms
 GET /api/realtime 200 in 270ms
 GET /api/realtime 200 in 271ms
 GET /api/realtime 200 in 273ms
 GET /api/realtime 200 in 272ms
 GET /api/notifications?limit=10 200 in 249ms
 GET /api/realtime 200 in 213ms
 GET /api/auth/session 200 in 201ms
 GET /api/realtime 200 in 246ms
 GET /api/realtime 200 in 253ms
 GET /api/realtime 200 in 218ms
 GET /api/realtime 200 in 220ms
 GET /api/realtime 200 in 216ms
 GET /api/realtime 200 in 227ms
 GET /api/realtime 200 in 199ms
 GET /api/realtime 200 in 290ms
 GET /api/realtime 200 in 209ms
 GET /api/notifications?limit=10 200 in 201ms
 GET /api/realtime 200 in 164ms
 GET /api/auth/session 200 in 177ms
 GET /api/realtime 200 in 209ms
 GET /api/realtime 200 in 239ms
 GET /api/realtime 200 in 217ms
 GET /api/realtime 200 in 219ms
 GET /api/realtime 200 in 313ms
 GET /api/notifications?limit=10 200 in 231ms
 GET /api/realtime 200 in 284ms
 GET /api/realtime 200 in 262ms
 GET /api/realtime 200 in 444ms
 GET /api/realtime 200 in 604ms
 GET /api/auth/session 200 in 419ms
 GET /api/realtime 200 in 597ms
 GET /api/notifications?limit=10 200 in 393ms
 GET /api/realtime 200 in 398ms
 GET /api/realtime 200 in 396ms
 GET /api/realtime 200 in 517ms
 GET /api/realtime 200 in 811ms
 GET /api/realtime 200 in 545ms
 GET /api/realtime 200 in 367ms
 GET /api/realtime 200 in 6006ms
 GET /api/realtime 200 in 254ms
 GET /api/realtime 200 in 949ms
 GET /api/realtime 200 in 302ms
 GET /api/auth/session 200 in 259ms
 GET /api/realtime 200 in 267ms
 GET /api/realtime 200 in 292ms
 GET /api/realtime 200 in 255ms
 GET /api/realtime 200 in 249ms
 GET /api/realtime 200 in 252ms
 GET /api/realtime 200 in 254ms
 GET /api/notifications?limit=10 200 in 257ms
 GET /api/realtime 200 in 105ms
 GET /api/realtime 200 in 5769ms
 GET /api/realtime 200 in 208ms
 GET /api/realtime 200 in 6336ms
 GET /api/realtime 200 in 6245ms
 GET /api/realtime 200 in 120ms
 GET /api/realtime 200 in 6425ms
 GET /api/realtime 200 in 181ms
 GET /api/realtime 200 in 209ms
 GET /api/auth/session 200 in 205ms
 GET /api/realtime 200 in 234ms
 GET /api/realtime 200 in 242ms
 GET /api/realtime 200 in 241ms
 GET /api/realtime 200 in 236ms
 GET /api/notifications?limit=10 200 in 181ms
 GET /api/realtime 200 in 6314ms
 GET /api/auth/session 200 in 61ms
 GET /api/realtime 200 in 6545ms
 GET /api/realtime 200 in 6511ms
 GET /api/realtime 200 in 209ms
 GET /api/realtime 200 in 6499ms
 GET /api/auth/session 200 in 133ms
 GET /api/auth/session 200 in 132ms
 GET /api/auth/session 200 in 134ms
 GET /api/auth/session 200 in 135ms
 GET /api/auth/session 200 in 135ms
 GET /api/auth/session 200 in 136ms
 GET /api/auth/session 200 in 135ms
 GET /api/realtime 200 in 310ms
 GET /api/auth/session 200 in 349ms
 GET /api/auth/session 200 in 350ms
 GET /api/auth/session 200 in 351ms
 GET /api/auth/session 200 in 352ms
 GET /api/auth/session 200 in 353ms
 GET /api/auth/session 200 in 353ms
 GET /api/auth/session 200 in 355ms
 GET /api/notifications?limit=10 200 in 397ms
 GET /api/notifications?limit=10 200 in 396ms
 GET /api/notifications?limit=10 200 in 397ms
 GET /api/notifications?limit=10 200 in 396ms
 GET /api/realtime 200 in 102ms
 GET /api/realtime 200 in 77ms
 GET /api/realtime 200 in 72ms
 GET /api/realtime 200 in 68ms
 GET /api/realtime 200 in 67ms
 GET /api/realtime 200 in 72ms
 GET /api/realtime 200 in 86ms
 GET /api/realtime 200 in 77ms
 GET /api/realtime 200 in 76ms
 GET /api/realtime 200 in 79ms
 GET /api/realtime 200 in 72ms
 GET /api/realtime 200 in 93ms
 GET /api/realtime 200 in 75ms
 GET /api/realtime 200 in 74ms
 GET /api/realtime 200 in 74ms
 GET /api/realtime 200 in 70ms
 GET /api/realtime 200 in 69ms
 GET /api/realtime 200 in 72ms
 GET /api/realtime 200 in 70ms
 GET /api/realtime 200 in 76ms
 GET /api/realtime 200 in 78ms
 GET /api/realtime 200 in 81ms
 GET /api/realtime 200 in 75ms
 GET /api/realtime 200 in 77ms
 GET /api/realtime 200 in 77ms
 GET /api/realtime 200 in 75ms
 GET /api/realtime 200 in 85ms
 GET /api/realtime 200 in 71ms
 GET /api/realtime 200 in 75ms
 GET /api/realtime 200 in 77ms
 GET /api/realtime 200 in 136ms
 GET /api/realtime 200 in 92ms
 GET /api/realtime 200 in 75ms
 GET /api/realtime 200 in 72ms
 GET /api/realtime 200 in 63ms
 GET /api/realtime 200 in 70ms
 GET /api/realtime 200 in 10270ms
 GET /api/realtime 200 in 38ms
 ○ Compiling /company/settings ...
 ✓ Compiled /company/settings in 3s (3490 modules)
 GET /company/team 200 in 3392ms
 GET /company/invitations 200 in 3345ms
 GET /company/settings 307 in 3344ms
 GET /company/usage 200 in 3384ms
 GET /dashboard 200 in 272ms
 GET /projects/project-mall-renovation 200 in 3712ms
 GET /projects/project-downtown-office 200 in 3734ms
 GET /projects/project-riverside-homes 200 in 3664ms
 ○ Compiling /api/company/invitations ...
 ✓ Compiled /api/company/invitations in 896ms (1940 modules)
 GET /api/auth/session 200 in 1665ms
 GET /api/notifications?limit=10 200 in 1319ms
 GET /api/company/invitations? 200 in 1810ms
 GET /api/realtime 200 in 944ms
 GET /api/realtime 200 in 973ms
 GET /api/realtime 200 in 1022ms
 GET /api/realtime 200 in 1026ms
 GET /api/auth/session 200 in 152ms
 GET /api/realtime 200 in 159ms
 GET /api/company/invitations? 200 in 164ms
 GET /api/notifications?limit=10 200 in 167ms
 GET /api/realtime 200 in 191ms
 GET /api/realtime 200 in 186ms
 GET /api/realtime 200 in 193ms
 GET /api/auth/session 200 in 155ms
 GET /api/company/invitations? 200 in 153ms
 GET /api/realtime 200 in 192ms
 GET /api/notifications?limit=10 200 in 181ms
 GET /api/realtime 200 in 182ms
 GET /api/realtime 200 in 183ms
 GET /api/realtime 200 in 185ms
 GET /api/auth/session 200 in 124ms
 GET /api/realtime 200 in 150ms
 GET /api/company/invitations? 200 in 148ms
 GET /api/notifications?limit=10 200 in 137ms
 GET /api/realtime 200 in 129ms
 GET /api/realtime 200 in 131ms
 GET /api/realtime 200 in 133ms
 GET /api/realtime 200 in 153ms
 GET /api/auth/session 200 in 172ms
 GET /api/notifications?limit=10 200 in 151ms
 GET /api/realtime 200 in 210ms
 GET /api/realtime 200 in 166ms
 GET /api/realtime 200 in 166ms
 GET /api/realtime 200 in 135ms
 GET /api/auth/session 200 in 126ms
 GET /api/notifications?limit=10 200 in 134ms
 GET /api/realtime 200 in 133ms
 GET /api/realtime 200 in 131ms
 GET /api/realtime 200 in 155ms
 GET /api/realtime 200 in 149ms
 GET /api/auth/session 200 in 143ms
 GET /api/notifications?limit=10 200 in 161ms
 GET /api/realtime 200 in 158ms
 GET /api/realtime 200 in 142ms
 GET /api/realtime 200 in 152ms
 GET /api/realtime 200 in 158ms
 GET /api/auth/session 200 in 120ms
 GET /api/notifications?limit=10 200 in 123ms
 GET /api/realtime 200 in 123ms
 GET /api/realtime 200 in 123ms
 GET /api/realtime 200 in 129ms
 GET /api/auth/session 200 in 127ms
 GET /api/realtime 200 in 170ms
 GET /api/notifications?limit=10 200 in 141ms
 GET /api/realtime 200 in 140ms
 GET /api/realtime 200 in 140ms
 GET /api/realtime 200 in 147ms
 GET /api/auth/session 200 in 135ms
 GET /api/notifications?limit=10 200 in 187ms
 GET /api/realtime 200 in 186ms
 GET /api/realtime 200 in 172ms
 GET /api/realtime 200 in 183ms
 GET /api/realtime 200 in 177ms
 GET /api/auth/session 200 in 132ms
 GET /api/notifications?limit=10 200 in 136ms
 GET /api/realtime 200 in 108ms
 GET /api/realtime 200 in 148ms
 GET /api/auth/session 200 in 111ms
 GET /api/realtime 200 in 154ms
 GET /api/realtime 200 in 155ms
 GET /api/notifications?limit=10 200 in 125ms
 GET /api/realtime 200 in 155ms
 GET /api/realtime 200 in 148ms
 GET /api/realtime 200 in 174ms
 GET /api/realtime 200 in 199ms
 GET /api/auth/session 200 in 159ms
 GET /api/notifications?limit=10 200 in 167ms
 GET /api/realtime 200 in 167ms
 GET /api/realtime 200 in 121ms
 GET /api/realtime 200 in 179ms
 GET /api/auth/session 200 in 118ms
 GET /api/realtime 200 in 161ms
 GET /api/realtime 200 in 124ms
 GET /api/notifications?limit=10 200 in 150ms
 GET /api/realtime 200 in 164ms
 GET /api/realtime 200 in 172ms
 GET /api/realtime 200 in 164ms
 GET /api/auth/session 200 in 176ms
 GET /api/realtime 200 in 152ms
 GET /api/realtime 200 in 119ms
 GET /api/notifications?limit=10 200 in 151ms
 GET /api/realtime 200 in 154ms
 GET /api/realtime 200 in 162ms
 GET /api/auth/session 200 in 122ms
 GET /api/realtime 200 in 130ms
 GET /api/realtime 200 in 160ms
 GET /api/notifications?limit=10 200 in 194ms
 GET /api/realtime 200 in 214ms
 GET /api/realtime 200 in 257ms
 GET /api/auth/session 200 in 240ms
 GET /api/realtime 200 in 242ms
 GET /api/realtime 200 in 195ms
 GET /api/auth/session 200 in 156ms
 GET /api/realtime 200 in 235ms
 GET /api/realtime 200 in 193ms
 GET /api/realtime 200 in 136ms
 GET /api/realtime 200 in 333ms
 GET /api/auth/session 200 in 137ms
 GET /api/realtime 200 in 161ms
 GET /api/realtime 200 in 205ms
 GET /api/realtime 200 in 211ms
 GET /api/realtime 200 in 166ms
 GET /api/auth/session 200 in 135ms
 GET /api/realtime 200 in 139ms
 GET /api/realtime 200 in 4970ms
 GET /api/realtime 200 in 153ms
 GET /api/realtime 200 in 153ms
 GET /api/realtime 200 in 154ms
 GET /api/auth/session 200 in 116ms
 GET /api/realtime 200 in 142ms
 GET /api/auth/session 200 in 98ms
 GET /api/realtime 200 in 147ms
 GET /api/realtime 200 in 150ms
 GET /api/realtime 200 in 5131ms
 GET /api/realtime 200 in 108ms
 GET /api/realtime 200 in 135ms
 GET /api/auth/session 200 in 138ms
 GET /api/realtime 200 in 124ms
 GET /api/realtime 200 in 146ms
 GET /api/auth/session 200 in 78ms
 GET /api/realtime 200 in 80ms
 GET /api/realtime 200 in 98ms
 GET /api/auth/session 200 in 80ms
 GET /api/realtime 200 in 93ms
 GET /api/realtime 200 in 83ms
 GET /api/realtime 200 in 80ms
 GET /api/realtime 200 in 66ms
 GET /api/realtime 200 in 71ms
 GET /api/realtime 200 in 72ms
 GET /api/realtime 200 in 82ms
 GET /api/realtime 200 in 136ms
 GET /api/realtime 200 in 107ms
 GET /api/realtime 200 in 249ms
 GET /api/realtime 200 in 74ms
 GET /api/realtime 200 in 78ms
 GET /api/realtime 200 in 79ms
 GET /api/realtime 200 in 82ms
 GET /api/realtime 200 in 84ms
 GET /api/realtime 200 in 86ms
 GET /api/realtime 200 in 85ms
 GET /api/realtime 200 in 6627ms
 GET /api/realtime 200 in 6718ms
 GET /api/realtime 200 in 76ms
[?25h
