  ▲ Next.js 14.2.28
  - Local:        http://localhost:3000
  - Environments: .env
  - Experiments (use with caution):
    · outputFileTracingRoot

 ✓ Starting...
 ✓ Ready in 2s
 ○ Compiling / ...
 ✓ Compiled / in 2.1s (596 modules)
 ✓ Compiled in 534ms (296 modules)
 GET / 200 in 2644ms
 GET / 200 in 88ms
 GET / 200 in 66ms
 GET / 200 in 69ms
 ✓ Compiled /api/auth/[...nextauth] in 444ms (541 modules)
 GET /api/auth/session 200 in 925ms
 GET /api/auth/session 200 in 69ms
 GET /api/auth/session 200 in 72ms
 GET / 200 in 109ms
 ✓ Compiled in 1100ms (296 modules)
 ✓ Compiled in 959ms (296 modules)
 ✓ Compiled in 470ms (296 modules)
 ✓ Compiled in 483ms (296 modules)
 ✓ Compiled in 518ms (296 modules)
 ✓ Compiled in 485ms (296 modules)
 ✓ Compiled in 499ms (296 modules)
 ✓ Compiled in 529ms (296 modules)
 ✓ Compiled in 633ms (296 modules)
 ✓ Compiled in 470ms (296 modules)
 ✓ Compiled in 425ms (296 modules)
 ✓ Compiled in 440ms (296 modules)
 ✓ Compiled in 443ms (296 modules)
 ✓ Compiled in 516ms (296 modules)
 ✓ Compiled in 441ms (296 modules)
[?25h
