  ▲ Next.js 14.2.28
  - Local:        http://localhost:3000
  - Environments: .env
  - Experiments (use with caution):
    · outputFileTracingRoot

 ✓ Starting...
 ✓ Ready in 1592ms
 ○ Compiling / ...
 ✓ Compiled / in 2.2s (596 modules)
 GET / 200 in 2381ms
 ✓ Compiled in 405ms (296 modules)
 ✓ Compiled /api/auth/[...nextauth] in 444ms (541 modules)
 GET /api/auth/providers 200 in 935ms
 GET / 200 in 85ms
 GET /api/auth/session 200 in 43ms
 GET /api/auth/session 200 in 29ms
 ○ Compiling /signup ...
 ✓ Compiled /signup in 992ms (881 modules)
 GET /signup 200 in 1165ms
 GET /login 200 in 1168ms
 GET /api/auth/session 200 in 62ms
 GET /api/auth/session 200 in 33ms
 GET /api/auth/session 200 in 31ms
 GET /api/auth/session 200 in 32ms
 GET /api/auth/session 200 in 31ms
 GET /api/auth/session 200 in 47ms
 GET /api/auth/csrf 200 in 39ms
 ✓ Compiled /api/signup in 204ms (597 modules)
 POST /api/signup 200 in 684ms
 GET / 200 in 80ms
 GET /api/auth/signin 302 in 58ms
 GET /login?callbackUrl=https://267ef8e6d.preview.abacusai.app 200 in 51ms
 GET /api/auth/csrf 200 in 34ms
 POST /api/auth/callback/credentials 302 in 329ms
 ✓ Compiled /middleware in 210ms (174 modules)
 ○ Compiling /dashboard ...
 ✓ Compiled /dashboard in 2.2s (2788 modules)
 GET /dashboard 200 in 2472ms
 GET / 200 in 51ms
 GET /dashboard 200 in 57ms
 GET /api/auth/session 200 in 67ms
 GET /api/auth/session 200 in 39ms
 ✓ Compiled /api/realtime in 326ms (1545 modules)
 ✓ Compiled (1548 modules)
 GET /api/auth/session 200 in 688ms
 GET /api/notifications?limit=10 200 in 745ms
 GET /api/realtime 200 in 741ms
 GET /api/realtime 200 in 683ms
 GET /api/realtime 200 in 718ms
 GET /api/auth/session 200 in 56ms
 GET /api/notifications?limit=10 200 in 90ms
 GET /api/notifications?limit=10 200 in 53ms
 GET /api/realtime 200 in 64ms
 GET /api/notifications?limit=10 200 in 59ms
 GET /api/realtime 200 in 55ms
 ○ Compiling /tasks ...
 ✓ Compiled /tasks in 2.4s (3210 modules)
 GET /documents 200 in 3312ms
 GET /daily-reports 200 in 3339ms
 GET /rfis 200 in 3346ms
 GET /projects/new 200 in 3292ms
 GET /submittals 200 in 3346ms
 GET /safety 200 in 3378ms
 GET /team 200 in 3360ms
 GET /change-orders 200 in 3371ms
 GET /settings 200 in 3352ms
 GET /projects 200 in 3373ms
 GET /reports 200 in 3439ms
 GET /tasks 200 in 3396ms
 GET /api/notifications?limit=10 200 in 246ms
 GET /api/auth/session 200 in 316ms
 GET /api/realtime 200 in 379ms
 GET /api/realtime 200 in 305ms
 GET /api/realtime 200 in 279ms
 GET /api/realtime 200 in 256ms
 GET /api/realtime 200 in 257ms
 GET /api/realtime 200 in 271ms
 GET /api/realtime 200 in 273ms
 GET /api/realtime 200 in 294ms
 GET /api/notifications?limit=10 200 in 379ms
 GET /api/realtime 200 in 350ms
 GET /api/realtime 200 in 358ms
 GET /api/auth/session 200 in 329ms
 GET /api/realtime 200 in 316ms
 GET /api/realtime 200 in 310ms
 GET /api/realtime 200 in 249ms
 GET /api/realtime 200 in 220ms
 GET /api/notifications?limit=10 200 in 249ms
 GET /api/auth/session 200 in 274ms
 GET /api/realtime 200 in 261ms
 GET /api/notifications?limit=10 200 in 258ms
 GET /api/auth/session 200 in 254ms
 GET /api/realtime 200 in 131ms
 GET /api/auth/session 200 in 124ms
 GET /api/notifications?limit=10 200 in 139ms
 GET /api/auth/session 200 in 161ms
 GET /api/notifications?limit=10 200 in 106ms
 GET /api/auth/session 200 in 155ms
 GET /api/notifications?limit=10 200 in 182ms
 GET /api/auth/session 200 in 133ms
 GET /api/notifications?limit=10 200 in 153ms
 GET /api/auth/session 200 in 198ms
 GET /api/notifications?limit=10 200 in 142ms
 GET /api/realtime 200 in 195ms
 GET /api/auth/session 200 in 152ms
 GET /api/notifications?limit=10 200 in 117ms
 GET /api/realtime 200 in 140ms
 GET /api/auth/session 200 in 170ms
 GET /api/notifications?limit=10 200 in 140ms
 GET /api/realtime 200 in 164ms
 GET /api/auth/session 200 in 171ms
 GET /api/notifications?limit=10 200 in 171ms
 GET /api/auth/session 200 in 190ms
 GET /api/realtime 200 in 194ms
 GET /api/notifications?limit=10 200 in 225ms
 GET /api/auth/session 200 in 175ms
 GET /api/notifications?limit=10 200 in 125ms
 GET /api/auth/session 200 in 157ms
 GET /api/notifications?limit=10 200 in 161ms
 GET /api/realtime 200 in 152ms
 GET /api/auth/session 200 in 112ms
 GET /api/notifications?limit=10 200 in 141ms
 GET /api/auth/session 200 in 210ms
 GET /api/realtime 200 in 189ms
 GET /api/notifications?limit=10 200 in 184ms
 GET /api/auth/session 200 in 191ms
 GET /api/notifications?limit=10 200 in 188ms
 GET /api/auth/session 200 in 211ms
 GET /api/notifications?limit=10 200 in 210ms
 GET /api/auth/session 200 in 108ms
 GET /api/notifications?limit=10 200 in 141ms
 GET /api/realtime 200 in 176ms
 GET /api/auth/session 200 in 172ms
 GET /api/notifications?limit=10 200 in 131ms
 GET /api/auth/session 200 in 153ms
 GET /api/notifications?limit=10 200 in 107ms
 GET /api/auth/session 200 in 137ms
 GET /api/realtime 200 in 142ms
 GET /api/notifications?limit=10 200 in 168ms
 GET /api/auth/session 200 in 108ms
 GET /api/notifications?limit=10 200 in 122ms
 GET /api/auth/session 200 in 154ms
 GET /api/notifications?limit=10 200 in 167ms
 GET /api/auth/session 200 in 121ms
 GET /api/notifications?limit=10 200 in 239ms
 GET /api/auth/session 200 in 183ms
 GET /api/notifications?limit=10 200 in 138ms
 GET /api/auth/session 200 in 190ms
 GET /api/notifications?limit=10 200 in 187ms
 GET /api/realtime 200 in 142ms
 GET /api/auth/session 200 in 206ms
 GET /api/notifications?limit=10 200 in 167ms
 GET /api/auth/session 200 in 128ms
 GET /api/realtime 200 in 169ms
 GET /api/notifications?limit=10 200 in 135ms
 GET /api/auth/session 200 in 127ms
 GET /api/realtime 200 in 112ms
 GET /api/notifications?limit=10 200 in 119ms
 GET /api/realtime 200 in 155ms
 GET /api/realtime 200 in 144ms
 GET /api/realtime 200 in 175ms
 GET /api/auth/session 200 in 220ms
 GET /api/realtime 200 in 174ms
 GET /api/realtime 200 in 174ms
 GET /api/realtime 200 in 174ms
 GET /api/notifications?limit=10 200 in 166ms
 GET /api/realtime 200 in 221ms
 GET /api/realtime 200 in 180ms
 GET /api/notifications?limit=10 200 in 114ms
 GET /api/realtime 200 in 125ms
 GET /api/auth/session 200 in 124ms
 GET /api/auth/session 200 in 112ms
 GET /api/notifications?limit=10 200 in 58ms
 GET /api/auth/session 200 in 52ms
 GET /api/notifications?limit=10 200 in 56ms
 GET /api/auth/session 200 in 45ms
 GET /api/realtime 200 in 47ms
 GET /api/notifications?limit=10 200 in 60ms
 GET /api/auth/session 200 in 77ms
 GET /api/realtime 200 in 67ms
 GET /api/auth/session 200 in 48ms
 ○ Compiling /projects/[id] ...
 ✓ Compiled /projects/[id] in 1060ms (3219 modules)
 GET /projects/project-riverside-homes 200 in 1599ms
 GET /projects/project-downtown-office 200 in 1587ms
 GET /projects/project-mall-renovation 200 in 1576ms
 GET /api/notifications?limit=10 200 in 66ms
 GET /api/realtime 200 in 82ms
 GET /api/realtime 200 in 89ms
 GET /api/realtime 200 in 92ms
 GET /api/realtime 200 in 86ms
 GET /api/auth/session 200 in 117ms
 GET /api/realtime 200 in 127ms
 GET /api/realtime 200 in 127ms
 GET /api/notifications?limit=10 200 in 108ms
 GET /api/auth/session 200 in 82ms
 GET /api/realtime 200 in 86ms
 GET /api/notifications?limit=10 200 in 93ms
 GET /api/auth/session 200 in 70ms
 GET /api/realtime 200 in 65ms
 GET /api/realtime 200 in 75ms
 GET /api/notifications?limit=10 200 in 86ms
 GET /api/auth/session 200 in 105ms
 GET /api/notifications?limit=10 200 in 75ms
 GET /api/auth/session 200 in 73ms
 GET /api/realtime 200 in 75ms
 GET /api/notifications?limit=10 200 in 92ms
 GET /api/auth/session 200 in 77ms
 GET /api/realtime 200 in 87ms
 GET /api/notifications?limit=10 200 in 91ms
 GET /api/realtime 200 in 93ms
 GET /api/auth/session 200 in 95ms
 GET /api/notifications?limit=10 200 in 96ms
 GET /api/auth/session 200 in 66ms
 GET /api/realtime 200 in 77ms
 GET /api/notifications?limit=10 200 in 71ms
 GET /api/notifications?limit=10 200 in 40ms
 GET /api/notifications?limit=10 200 in 54ms
 GET /api/realtime 200 in 47ms
 GET /api/notifications?limit=10 200 in 53ms
 GET /api/realtime 200 in 30410ms
 GET /api/realtime 200 in 30100ms
 GET /api/realtime 200 in 30057ms
 GET /api/realtime 200 in 30067ms
 GET /api/realtime 200 in 30058ms
 GET /api/realtime 200 in 30044ms
 GET /api/realtime 200 in 30052ms
 GET /api/realtime 200 in 30052ms
 GET /api/realtime 200 in 30047ms
 GET /api/realtime 200 in 30049ms
 GET /api/realtime 200 in 30058ms
 GET /api/realtime 200 in 45ms
 GET /api/realtime 200 in 27968ms
 GET /api/realtime 200 in 29229ms
 GET /api/realtime 200 in 29308ms
 GET /api/realtime 200 in 27652ms
 GET /api/realtime 200 in 29003ms
 GET /api/realtime 200 in 28689ms
 GET /api/realtime 200 in 29557ms
 GET /api/realtime 200 in 29634ms
 GET /api/realtime 200 in 29717ms
 GET /api/realtime 200 in 19171ms
 GET /api/realtime 200 in 29412ms
 GET /api/realtime 200 in 28206ms
 GET /api/realtime 200 in 19120ms
 GET /api/realtime 200 in 18935ms
 GET /api/realtime 200 in 26249ms
 GET /api/realtime 200 in 27588ms
 GET /api/realtime 200 in 19674ms
 GET /api/realtime 200 in 20057ms
 GET /api/realtime 200 in 25574ms
 GET /api/realtime 200 in 18980ms
 GET /api/realtime 200 in 19498ms
 GET /api/realtime 200 in 19266ms
 GET /api/realtime 200 in 26964ms
 GET /api/realtime 200 in 26334ms
 GET /api/realtime 200 in 28389ms
 GET /api/realtime 200 in 27819ms
 GET /api/realtime 200 in 26568ms
 GET /api/realtime 200 in 29088ms
 GET /api/realtime 200 in 27438ms
 GET /api/realtime 200 in 19801ms
 GET /api/realtime 200 in 19801ms
 GET /api/realtime 200 in 26740ms
 GET /api/realtime 200 in 19706ms
 GET /api/realtime 200 in 29164ms
 GET /api/realtime 200 in 19804ms
 GET /api/realtime 200 in 28864ms
 GET /api/realtime 200 in 19559ms
 GET /api/realtime 200 in 25280ms
 GET /api/realtime 200 in 28295ms
 GET /api/realtime 200 in 19684ms
 GET /api/realtime 200 in 26895ms
 GET /api/realtime 200 in 19993ms
 GET /api/realtime 200 in 27748ms
 GET /api/realtime 200 in 29816ms
 GET /api/realtime 200 in 28636ms
 GET /api/realtime 200 in 27049ms
 GET /api/realtime 200 in 29502ms
 GET /api/realtime 200 in 28947ms
 GET /api/realtime 200 in 25129ms
 GET /api/realtime 200 in 27127ms
 GET /api/realtime 200 in 27288ms
 GET /api/realtime 200 in 28064ms
 GET /api/realtime 200 in 25918ms
 GET /api/realtime 200 in 29947ms
 GET /api/realtime 200 in 28793ms
 GET /api/realtime 200 in 28487ms
 GET /api/realtime 200 in 16816ms
 GET /api/realtime 200 in 12974ms
 GET /api/realtime 200 in 5302ms
 GET /api/realtime 200 in 15966ms
 GET /api/realtime 200 in 16533ms
 GET /api/realtime 200 in 16412ms
 GET /api/realtime 200 in 14940ms
 GET /api/realtime 200 in 16607ms
 GET /api/realtime 200 in 16025ms
 GET /api/realtime 200 in 6302ms
 GET /api/realtime 200 in 5990ms
 GET /api/realtime 200 in 18139ms
 GET /api/realtime 200 in 15846ms
 GET /api/realtime 200 in 18572ms
 GET /api/realtime 200 in 17528ms
 GET /api/realtime 200 in 15806ms
 GET /api/realtime 200 in 4505ms
 GET /api/realtime 200 in 16811ms
 GET /api/realtime 200 in 17014ms
 GET /api/realtime 200 in 18026ms
 GET /api/realtime 200 in 17959ms
 GET /api/realtime 200 in 17533ms
 GET /api/realtime 200 in 16968ms
 GET /api/realtime 200 in 15720ms
 GET /api/realtime 200 in 17447ms
 GET /api/realtime 200 in 15338ms
 GET /api/realtime 200 in 15973ms
 GET /api/realtime 200 in 4967ms
 GET /api/realtime 200 in 19524ms
 GET /api/realtime 200 in 16468ms
 GET /api/realtime 200 in 6502ms
 GET /api/realtime 200 in 16167ms
 GET /api/realtime 200 in 6650ms
 GET /api/realtime 200 in 14989ms
 GET /api/realtime 200 in 18783ms
 GET /api/realtime 200 in 14274ms
 GET /api/realtime 200 in 16617ms
 GET /api/realtime 200 in 18914ms
 GET /api/realtime 200 in 18167ms
 GET /api/realtime 200 in 18375ms
 GET /api/realtime 200 in 16974ms
 GET /api/realtime 200 in 9967ms
 GET /api/realtime 200 in 12089ms
 GET /api/realtime 200 in 17682ms
 GET /api/realtime 200 in 18385ms
 GET /api/realtime 200 in 16862ms
 GET /api/realtime 200 in 14798ms
 GET /api/realtime 200 in 14991ms
 GET /api/realtime 200 in 13613ms
 GET /api/realtime 200 in 15196ms
 GET /api/realtime 200 in 17278ms
 GET /api/realtime 200 in 15099ms
 GET /api/realtime 200 in 15556ms
 GET /api/realtime 200 in 14031ms
 GET /api/realtime 200 in 15983ms
 GET /api/realtime 200 in 9894ms
 GET /api/realtime 200 in 5673ms
 GET /api/realtime 200 in 18364ms
 GET /api/realtime 200 in 14802ms
 GET /api/realtime 200 in 16959ms
 GET /api/realtime 200 in 13935ms
 GET /api/realtime 200 in 16425ms
 GET /api/realtime 200 in 15022ms
 GET /api/realtime 200 in 15589ms
 GET /api/realtime 200 in 14432ms
 GET /api/realtime 200 in 5988ms
 GET /api/realtime 200 in 18072ms
 GET /api/realtime 200 in 12794ms
 GET /api/realtime 200 in 16758ms
 GET /api/realtime 200 in 6785ms
 GET /api/realtime 200 in 13805ms
 GET /api/realtime 200 in 19407ms
 GET /api/realtime 200 in 16626ms
 GET /api/realtime 200 in 15147ms
 GET /api/realtime 200 in 17366ms
 GET /api/realtime 200 in 17938ms
 GET /api/realtime 200 in 16828ms
 GET /api/realtime 200 in 16114ms
 GET /api/realtime 200 in 15704ms
 GET /api/realtime 200 in 12388ms
 GET /api/realtime 200 in 15989ms
 GET /api/realtime 200 in 17032ms
 GET /api/realtime 200 in 16009ms
 GET /api/realtime 200 in 16181ms
 GET /api/realtime 200 in 18806ms
 GET /api/realtime 200 in 16684ms
 GET /api/realtime 200 in 17131ms
 GET /api/realtime 200 in 17289ms
 GET /api/realtime 200 in 10865ms
 GET /api/realtime 200 in 16306ms
 GET /api/realtime 200 in 16433ms
 GET /api/realtime 200 in 16435ms
 GET /api/realtime 200 in 15742ms
 GET /api/realtime 200 in 17938ms
 GET /api/realtime 200 in 16167ms
 GET /api/realtime 200 in 15212ms
 GET /api/realtime 200 in 18166ms
 GET /api/realtime 200 in 19225ms
 GET /api/realtime 200 in 17557ms
 GET /api/realtime 200 in 16439ms
 GET /api/realtime 200 in 16636ms
 GET /api/realtime 200 in 18395ms
 GET /api/realtime 200 in 16780ms
 GET /api/realtime 200 in 17771ms
 GET /api/realtime 200 in 14849ms
 GET /api/realtime 200 in 18778ms
 GET /api/realtime 200 in 16588ms
 GET /api/realtime 200 in 15663ms
 GET /api/realtime 200 in 16839ms
 GET /api/realtime 200 in 16964ms
 GET /api/realtime 200 in 17912ms
 GET /api/realtime 200 in 19860ms
 GET /api/realtime 200 in 17560ms
 GET /api/realtime 200 in 16924ms
 GET /api/realtime 200 in 18555ms
 GET /api/realtime 200 in 18603ms
 GET /api/realtime 200 in 17947ms
 GET /api/realtime 200 in 15879ms
 GET /api/realtime 200 in 17045ms
 GET /api/realtime 200 in 14883ms
 GET /api/realtime 200 in 18604ms
 GET /api/realtime 200 in 16363ms
 GET /api/realtime 200 in 20172ms
 GET /api/realtime 200 in 18402ms
 GET /api/realtime 200 in 17479ms
 GET /api/realtime 200 in 19235ms
 GET /api/realtime 200 in 18471ms
 GET /api/realtime 200 in 16355ms
 GET /api/realtime 200 in 17386ms
 GET /api/realtime 200 in 18412ms
 GET /api/realtime 200 in 15721ms
 GET /api/realtime 200 in 14024ms
 GET /api/realtime 200 in 17778ms
 GET /api/realtime 200 in 16193ms
 GET /api/realtime 200 in 15223ms
 GET /api/realtime 200 in 15485ms
 GET /api/realtime 200 in 17838ms
 GET /api/realtime 200 in 15224ms
 GET /api/realtime 200 in 18609ms
 GET /api/realtime 200 in 17958ms
 GET /api/realtime 200 in 17913ms
 GET /api/realtime 200 in 17335ms
 GET /api/realtime 200 in 20115ms
 GET /api/realtime 200 in 16553ms
 GET /api/realtime 200 in 18185ms
 GET /api/realtime 200 in 16135ms
 GET /api/realtime 200 in 15127ms
 GET /api/realtime 200 in 16851ms
 GET /api/realtime 200 in 15536ms
 GET /api/realtime 200 in 16897ms
 GET /api/realtime 200 in 17793ms
 GET /api/realtime 200 in 17393ms
 GET /api/realtime 200 in 15535ms
 GET /api/realtime 200 in 18791ms
 GET /api/realtime 200 in 16116ms
 GET /api/realtime 200 in 15780ms
 GET /api/realtime 200 in 15760ms
 GET /api/realtime 200 in 18926ms
 GET /api/realtime 200 in 17753ms
 GET /api/realtime 200 in 18734ms
 GET /api/realtime 200 in 17346ms
 GET /api/realtime 200 in 17063ms
 GET /api/realtime 200 in 15762ms
 GET /api/realtime 200 in 19024ms
 GET /api/realtime 200 in 18835ms
 GET /api/realtime 200 in 16605ms
 GET /api/realtime 200 in 17255ms
 GET /api/realtime 200 in 17789ms
 GET /api/realtime 200 in 17968ms
 GET /api/realtime 200 in 16561ms
 GET /api/realtime 200 in 18618ms
 GET /api/realtime 200 in 17617ms
 GET /api/realtime 200 in 17107ms
 GET /api/realtime 200 in 16719ms
 GET /api/realtime 200 in 17158ms
 GET /api/realtime 200 in 25125ms
 GET /api/realtime 200 in 16955ms
 GET /api/realtime 200 in 18620ms
 GET /api/realtime 200 in 17260ms
 GET /api/realtime 200 in 16713ms
 GET /api/realtime 200 in 17256ms
 GET /api/realtime 200 in 19062ms
 GET /api/realtime 200 in 18169ms
 GET /api/realtime 200 in 17582ms
 GET /api/realtime 200 in 19022ms
 GET /api/realtime 200 in 17974ms
 GET /api/realtime 200 in 19571ms
 GET /api/realtime 200 in 19253ms
 GET /api/realtime 200 in 18192ms
 GET /api/realtime 200 in 18798ms
 GET /api/realtime 200 in 17484ms
 GET /api/realtime 200 in 18876ms
 GET /api/realtime 200 in 17935ms
 GET /api/realtime 200 in 18422ms
 GET /api/realtime 200 in 18422ms
 GET /api/realtime 200 in 19583ms
 GET /api/realtime 200 in 16614ms
 GET /api/realtime 200 in 19024ms
 GET /api/realtime 200 in 19585ms
 GET /api/realtime 200 in 18627ms
 GET /api/realtime 200 in 19031ms
 GET /api/realtime 200 in 18215ms
 GET /api/realtime 200 in 17764ms
 GET /api/realtime 200 in 17585ms
 GET /api/realtime 200 in 18637ms
 GET /api/realtime 200 in 17729ms
 GET /api/realtime 200 in 16722ms
 GET /api/realtime 200 in 19031ms
 GET /api/realtime 200 in 18328ms
 GET /api/realtime 200 in 18425ms
 GET /api/realtime 200 in 18807ms
 GET /api/realtime 200 in 18384ms
 GET /api/realtime 200 in 18810ms
 GET /api/realtime 200 in 17325ms
 GET /api/realtime 200 in 19446ms
 GET /api/realtime 200 in 17641ms
 GET /api/realtime 200 in 20200ms
 GET /api/realtime 200 in 18220ms
 GET /api/realtime 200 in 18809ms
 GET /api/realtime 200 in 19331ms
 GET /api/realtime 200 in 18775ms
 GET /api/realtime 200 in 26160ms
 GET /api/realtime 200 in 18811ms
 GET /api/realtime 200 in 18202ms
 GET /api/realtime 200 in 19035ms
 GET /api/realtime 200 in 27299ms
 GET /api/realtime 200 in 20131ms
 GET /api/realtime 200 in 18634ms
 GET /api/realtime 200 in 18130ms
 GET /api/realtime 200 in 17576ms
 GET /api/realtime 200 in 19894ms
 GET /api/realtime 200 in 19179ms
 GET /api/realtime 200 in 17985ms
 GET /api/realtime 200 in 17810ms
 GET /api/realtime 200 in 20205ms
 GET /api/realtime 200 in 19801ms
 GET /api/realtime 200 in 18338ms
 GET /api/realtime 200 in 18434ms
 GET /api/realtime 200 in 19599ms
 GET /api/realtime 200 in 18692ms
 GET /api/realtime 200 in 19300ms
 GET /api/realtime 200 in 19110ms
 GET /api/realtime 200 in 19268ms
 GET /api/realtime 200 in 26510ms
 GET /api/realtime 200 in 18444ms
 GET /api/realtime 200 in 19274ms
 GET /api/realtime 200 in 17988ms
 GET /api/realtime 200 in 19268ms
 GET /api/realtime 200 in 26259ms
 GET /api/realtime 200 in 18641ms
 GET /api/realtime 200 in 18438ms
 GET /api/realtime 200 in 25856ms
 GET /api/realtime 200 in 18201ms
 GET /api/realtime 200 in 26916ms
 GET /api/realtime 200 in 19046ms
 GET /api/realtime 200 in 19538ms
 GET /api/realtime 200 in 18511ms
 GET /api/realtime 200 in 18696ms
 GET /api/realtime 200 in 19047ms
 GET /api/realtime 200 in 19227ms
 GET /api/realtime 200 in 19942ms
 GET /api/realtime 200 in 18832ms
 GET /api/realtime 200 in 25295ms
 GET /api/realtime 200 in 26770ms
 GET /api/realtime 200 in 19563ms
 GET /api/realtime 200 in 25463ms
 GET /api/realtime 200 in 19748ms
 GET /api/realtime 200 in 27624ms
 GET /api/realtime 200 in 19920ms
 GET /api/realtime 200 in 19120ms
 GET /api/realtime 200 in 18649ms
 GET /api/realtime 200 in 25541ms
 GET /api/realtime 200 in 27463ms
 GET /api/realtime 200 in 26592ms
 GET /api/realtime 200 in 25790ms
 GET /api/realtime 200 in 19474ms
 GET /api/realtime 200 in 28239ms
 GET /api/realtime 200 in 19050ms
 GET /api/realtime 200 in 19947ms
 GET /api/realtime 200 in 28661ms
 GET /api/realtime 200 in 19497ms
 GET /api/realtime 200 in 26098ms
 GET /api/realtime 200 in 11331ms
 GET /api/realtime 200 in 490ms
 GET /api/realtime 200 in 1399ms
 GET /api/realtime 200 in 1754ms
 GET /api/realtime 200 in 3386ms
 GET /api/realtime 200 in 3772ms
 GET /api/realtime 200 in 13967ms
 GET /api/realtime 200 in 5147ms
 GET /api/realtime 200 in 5182ms
 GET /api/realtime 200 in 1704ms
 GET /api/realtime 200 in 1594ms
 GET /api/realtime 200 in 3896ms
 GET /api/realtime 200 in 17037ms
 GET /api/realtime 200 in 1136ms
 GET /api/realtime 200 in 1208ms
 GET /api/realtime 200 in 1271ms
 GET /api/realtime 200 in 1311ms
 GET /api/realtime 200 in 4412ms
 GET /api/realtime 200 in 4761ms
 GET /api/realtime 200 in 3626ms
 GET /api/realtime 200 in 872ms
 GET /api/realtime 200 in 3582ms
 GET /api/realtime 200 in 6208ms
 GET /api/realtime 200 in 3456ms
 GET /api/realtime 200 in 4923ms
 GET /api/realtime 200 in 7217ms
 GET /api/realtime 200 in 3208ms
 GET /api/realtime 200 in 3301ms
 GET /api/realtime 200 in 2767ms
 GET /api/realtime 200 in 2731ms
 GET /api/realtime 200 in 1623ms
 GET /api/realtime 200 in 16269ms
 GET /api/realtime 200 in 2960ms
 GET /api/realtime 200 in 368ms
 GET /api/realtime 200 in 3736ms
 GET /api/realtime 200 in 14682ms
 GET /api/realtime 200 in 605ms
 GET /api/realtime 200 in 17850ms
 GET /api/realtime 200 in 1045ms
 GET /api/realtime 200 in 13901ms
 GET /api/realtime 200 in 2683ms
 GET /api/realtime 200 in 269ms
 GET /api/realtime 200 in 4851ms
 GET /api/realtime 200 in 1807ms
 GET /api/realtime 200 in 12334ms
 GET /api/realtime 200 in 2295ms
 GET /api/realtime 200 in 1297ms
 GET /api/realtime 200 in 13658ms
 GET /api/realtime 200 in 1899ms
 GET /api/realtime 200 in 14639ms
 GET /api/realtime 200 in 3762ms
 GET /api/realtime 200 in 12805ms
 GET /api/realtime 200 in 15347ms
 GET /api/realtime 200 in 1491ms
 GET /api/realtime 200 in 252ms
 GET /api/realtime 200 in 4136ms
 GET /api/realtime 200 in 5317ms
 GET /api/realtime 200 in 14749ms
 GET /api/realtime 200 in 15302ms
 GET /api/realtime 200 in 2026ms
 GET /api/realtime 200 in 2479ms
 GET /api/realtime 200 in 489ms
 GET /api/realtime 200 in 200ms
 GET /api/realtime 200 in 5493ms
 GET /api/realtime 200 in 414ms
 GET /api/realtime 200 in 15556ms
 GET /api/realtime 200 in 1201ms
 GET /api/realtime 200 in 17393ms
 GET /api/realtime 200 in 16275ms
 GET /api/realtime 200 in 3977ms
 GET /api/realtime 200 in 742ms
 GET /api/realtime 200 in 6563ms
 GET /api/realtime 200 in 15253ms
 GET /api/realtime 200 in 2250ms
 GET /api/realtime 200 in 1809ms
 GET /api/realtime 200 in 10602ms
 GET /api/realtime 200 in 586ms
 GET /api/realtime 200 in 10894ms
 GET /api/realtime 200 in 3576ms
 GET /api/realtime 200 in 1660ms
 GET /api/realtime 200 in 1530ms
 GET /api/realtime 200 in 3054ms
 GET /api/realtime 200 in 2231ms
 GET /api/realtime 200 in 614ms
 GET /api/realtime 200 in 5394ms
 GET /api/realtime 200 in 2189ms
 GET /api/realtime 200 in 1989ms
 GET /api/realtime 200 in 5708ms
 GET /api/realtime 200 in 341ms
 GET /api/realtime 200 in 2332ms
 GET /api/realtime 200 in 14543ms
 GET /api/realtime 200 in 836ms
 GET /api/realtime 200 in 9809ms
 GET /api/realtime 200 in 2583ms
 GET /api/realtime 200 in 15655ms
 GET /api/realtime 200 in 16542ms
 GET /api/realtime 200 in 4994ms
 GET /api/realtime 200 in 4752ms
 GET /api/realtime 200 in 19619ms
 GET /api/realtime 200 in 16151ms
 GET /api/realtime 200 in 4347ms
 GET /api/realtime 200 in 4808ms
 GET /api/realtime 200 in 15586ms
 GET /api/realtime 200 in 368ms
 GET /api/realtime 200 in 3517ms
 GET /api/realtime 200 in 6026ms
 GET /api/realtime 200 in 1001ms
 GET /api/realtime 200 in 4562ms
 GET /api/realtime 200 in 4721ms
 GET /api/realtime 200 in 2786ms
 GET /api/realtime 200 in 1373ms
 GET /api/realtime 200 in 2515ms
 GET /api/realtime 200 in 2119ms
 GET /api/realtime 200 in 14853ms
 GET /api/realtime 200 in 1557ms
 GET /api/realtime 200 in 11914ms
 GET /api/realtime 200 in 1184ms
 GET /api/realtime 200 in 10320ms
 GET /api/realtime 200 in 13569ms
 GET /api/realtime 200 in 13736ms
 GET /api/realtime 200 in 449ms
 GET /api/realtime 200 in 16876ms
 GET /api/realtime 200 in 2963ms
 GET /api/realtime 200 in 554ms
 GET /api/realtime 200 in 11759ms
 GET /api/realtime 200 in 10168ms
 GET /api/realtime 200 in 1595ms
 GET /api/realtime 200 in 4052ms
 GET /api/realtime 200 in 2623ms
 GET /api/realtime 200 in 15143ms
 GET /api/realtime 200 in 3023ms
 GET /api/realtime 200 in 4982ms
 GET /api/realtime 200 in 5101ms
 GET /api/realtime 200 in 3279ms
 GET /api/realtime 200 in 1894ms
 GET /api/realtime 200 in 11615ms
 GET /api/realtime 200 in 3678ms
 GET /api/realtime 200 in 1463ms
 GET /api/realtime 200 in 3233ms
 GET /api/realtime 200 in 1150ms
 GET /api/realtime 200 in 7217ms
 GET /api/realtime 200 in 19700ms
 GET /api/realtime 200 in 15457ms
 GET /api/realtime 200 in 15475ms
 GET /api/realtime 200 in 14558ms
 GET /api/realtime 200 in 4464ms
 GET /api/realtime 200 in 18061ms
 GET /api/realtime 200 in 5972ms
 GET /api/realtime 200 in 2687ms
 GET /api/realtime 200 in 26000ms
 GET /api/realtime 200 in 2839ms
 GET /api/realtime 200 in 2876ms
 GET /api/realtime 200 in 12584ms
 GET /api/realtime 200 in 5596ms
 GET /api/realtime 200 in 3917ms
 GET /api/realtime 200 in 2917ms
 GET /api/realtime 200 in 996ms
 GET /api/realtime 200 in 4328ms
 GET /api/realtime 200 in 13747ms
 GET /api/realtime 200 in 15479ms
 GET /api/realtime 200 in 13856ms
 GET /api/realtime 200 in 3140ms
 GET /api/realtime 200 in 5759ms
 GET /api/realtime 200 in 4847ms
 GET /api/realtime 200 in 10697ms
 GET /api/realtime 200 in 15089ms
 GET /api/realtime 200 in 2597ms
 GET /api/realtime 200 in 5150ms
 GET /api/realtime 200 in 15953ms
 GET /api/realtime 200 in 3710ms
 GET /api/realtime 200 in 6001ms
 GET /api/realtime 200 in 6505ms
 GET /api/realtime 200 in 4671ms
 GET /api/realtime 200 in 6155ms
 GET /api/realtime 200 in 11847ms
 GET /api/realtime 200 in 4203ms
 GET /api/realtime 200 in 14072ms
 GET /api/realtime 200 in 3862ms
 GET /api/realtime 200 in 15000ms
 GET /api/realtime 200 in 7134ms
 GET /api/realtime 200 in 9629ms
 GET /api/realtime 200 in 4312ms
 GET /api/realtime 200 in 12768ms
 GET /api/realtime 200 in 5627ms
 GET /api/realtime 200 in 17117ms
 GET /api/realtime 200 in 11312ms
 GET /api/realtime 200 in 13754ms
 GET /api/realtime 200 in 10416ms
 GET /api/realtime 200 in 17005ms
 GET /api/realtime 200 in 7202ms
 GET /api/realtime 200 in 16313ms
 GET /api/realtime 200 in 17214ms
 GET /api/realtime 200 in 14171ms
 GET /api/realtime 200 in 15783ms
 GET /api/realtime 200 in 14787ms
 GET /api/realtime 200 in 15093ms
 GET /api/realtime 200 in 15241ms
 GET /api/realtime 200 in 2720ms
 GET /api/realtime 200 in 6372ms
 GET /api/realtime 200 in 14179ms
 GET /api/realtime 200 in 3589ms
 GET /api/realtime 200 in 13584ms
 GET /api/realtime 200 in 16670ms
 GET /api/realtime 200 in 337ms
 GET /api/realtime 200 in 4152ms
 GET /api/realtime 200 in 14726ms
 GET /api/realtime 200 in 10565ms
 GET /api/realtime 200 in 14945ms
 GET /api/realtime 200 in 13761ms
 GET /api/realtime 200 in 5691ms
 GET /api/realtime 200 in 14876ms
 GET /api/realtime 200 in 13761ms
 GET /api/realtime 200 in 16006ms
 GET /api/realtime 200 in 18683ms
 GET /api/realtime 200 in 15553ms
 GET /api/realtime 200 in 3755ms
 GET /api/realtime 200 in 4122ms
 GET /api/realtime 200 in 13219ms
 GET /api/realtime 200 in 9564ms
 GET /api/realtime 200 in 14730ms
 GET /api/realtime 200 in 4039ms
 GET /api/realtime 200 in 15452ms
 GET /api/realtime 200 in 18912ms
 GET /api/realtime 200 in 6692ms
 GET /api/realtime 200 in 17177ms
 GET /api/realtime 200 in 7050ms
 GET /api/realtime 200 in 1140ms
 GET /api/realtime 200 in 12169ms
 GET /api/realtime 200 in 14991ms
 GET /api/realtime 200 in 3532ms
 GET /api/realtime 200 in 14799ms
 GET /api/realtime 200 in 10501ms
 GET /api/realtime 200 in 11716ms
 GET /api/realtime 200 in 4560ms
 GET /api/realtime 200 in 13652ms
 GET /api/realtime 200 in 4714ms
 GET /api/realtime 200 in 13771ms
 GET /api/realtime 200 in 11251ms
 GET /api/realtime 200 in 15503ms
 GET /api/realtime 200 in 13062ms
 GET /api/realtime 200 in 13363ms
 GET /api/realtime 200 in 15061ms
 GET /api/realtime 200 in 15694ms
 GET /api/realtime 200 in 16264ms
 GET /api/realtime 200 in 13601ms
 GET /api/realtime 200 in 829ms
 GET /api/realtime 200 in 15465ms
 GET /api/realtime 200 in 17959ms
 GET /api/realtime 200 in 5937ms
 GET /api/realtime 200 in 12029ms
 GET /api/realtime 200 in 1435ms
 GET /api/realtime 200 in 5683ms
 GET /api/realtime 200 in 9730ms
 GET /api/realtime 200 in 3397ms
 GET /api/realtime 200 in 11102ms
 GET /api/realtime 200 in 4437ms
 GET /api/realtime 200 in 15407ms
 GET /api/realtime 200 in 6716ms
 GET /api/realtime 200 in 5361ms
 GET /api/realtime 200 in 14145ms
 GET /api/realtime 200 in 15857ms
 GET /api/realtime 200 in 4959ms
 GET /api/realtime 200 in 5567ms
 GET /api/realtime 200 in 13837ms
 GET /api/realtime 200 in 6098ms
 GET /api/realtime 200 in 5983ms
 GET /api/realtime 200 in 13957ms
 GET /api/realtime 200 in 1984ms
 GET /api/realtime 200 in 1901ms
 GET /api/realtime 200 in 6871ms
 GET /api/realtime 200 in 10877ms
 GET /api/realtime 200 in 10284ms
 GET /api/realtime 200 in 2990ms
 GET /api/realtime 200 in 16918ms
 GET /api/realtime 200 in 7110ms
 GET /api/realtime 200 in 6934ms
 GET /api/realtime 200 in 14187ms
 GET /api/realtime 200 in 17447ms
 GET /api/realtime 200 in 16589ms
 GET /api/realtime 200 in 16589ms
 GET /api/realtime 200 in 3364ms
 GET /api/realtime 200 in 4529ms
 GET /api/realtime 200 in 13622ms
 GET /api/realtime 200 in 5904ms
 GET /api/realtime 200 in 5412ms
 GET /api/realtime 200 in 2523ms
 GET /api/realtime 200 in 12110ms
 GET /api/realtime 200 in 13892ms
 GET /api/realtime 200 in 15168ms
 GET /api/realtime 200 in 16089ms
 GET /api/realtime 200 in 13665ms
 GET /api/realtime 200 in 6261ms
 GET /api/realtime 200 in 1755ms
 GET /api/realtime 200 in 1076ms
 GET /api/realtime 200 in 1310ms
 GET /api/realtime 200 in 16090ms
 GET /api/realtime 200 in 15417ms
 GET /api/realtime 200 in 11491ms
 GET /api/realtime 200 in 10808ms
 GET /api/realtime 200 in 9435ms
 GET /api/realtime 200 in 2462ms
 GET /api/realtime 200 in 17696ms
 GET /api/realtime 200 in 16345ms
 GET /api/realtime 200 in 17040ms
 GET /api/realtime 200 in 4657ms
 GET /api/realtime 200 in 727ms
 GET /api/realtime 200 in 3094ms
 GET /api/realtime 200 in 13974ms
 GET /api/realtime 200 in 13849ms
 GET /api/realtime 200 in 5343ms
 GET /api/realtime 200 in 819ms
 GET /api/realtime 200 in 2132ms
 GET /api/realtime 200 in 2074ms
 GET /api/realtime 200 in 977ms
 GET /api/realtime 200 in 1802ms
 GET /api/realtime 200 in 2231ms
 GET /api/realtime 200 in 28119ms
 GET /api/realtime 200 in 14906ms
 GET /api/realtime 200 in 13672ms
 GET /api/realtime 200 in 6598ms
 GET /api/realtime 200 in 4129ms
 GET /api/realtime 200 in 16604ms
 GET /api/realtime 200 in 13610ms
 GET /api/realtime 200 in 2935ms
 GET /api/realtime 200 in 17155ms
 GET /api/realtime 200 in 13793ms
 GET /api/realtime 200 in 6982ms
 GET /api/realtime 200 in 13982ms
 GET /api/realtime 200 in 14761ms
 GET /api/realtime 200 in 5080ms
 GET /api/realtime 200 in 15022ms
 GET /api/realtime 200 in 2024ms
 GET /api/realtime 200 in 17458ms
 GET /api/realtime 200 in 1535ms
 GET /api/realtime 200 in 15086ms
 GET /api/realtime 200 in 1004ms
 GET /api/realtime 200 in 16170ms
 GET /api/realtime 200 in 14826ms
 GET /api/realtime 200 in 5931ms
 GET /api/realtime 200 in 3462ms
 GET /api/realtime 200 in 14721ms
 GET /api/realtime 200 in 6313ms
 GET /api/realtime 200 in 17624ms
 GET /api/realtime 200 in 4438ms
 GET /api/realtime 200 in 15381ms
 GET /api/realtime 200 in 534ms
 GET /api/realtime 200 in 13987ms
 GET /api/realtime 200 in 18343ms
 GET /api/realtime 200 in 17309ms
 GET /api/realtime 200 in 18078ms
 GET /api/realtime 200 in 6369ms
 GET /api/realtime 200 in 17765ms
 GET /api/realtime 200 in 2425ms
 GET /api/realtime 200 in 17209ms
 GET /api/realtime 200 in 14831ms
 GET /api/realtime 200 in 5631ms
 GET /api/realtime 200 in 3255ms
 GET /api/realtime 200 in 15715ms
 GET /api/realtime 200 in 4962ms
 GET /api/realtime 200 in 17942ms
 GET /api/realtime 200 in 15927ms
 GET /api/realtime 200 in 1150ms
 GET /api/realtime 200 in 2220ms
 GET /api/realtime 200 in 5755ms
 GET /api/realtime 200 in 14220ms
 GET /api/realtime 200 in 4345ms
 GET /api/realtime 200 in 3508ms
 GET /api/realtime 200 in 2342ms
 GET /api/realtime 200 in 4033ms
 GET /api/realtime 200 in 2169ms
 GET /api/realtime 200 in 2616ms
 GET /api/realtime 200 in 3955ms
 GET /api/realtime 200 in 3179ms
 GET /api/realtime 200 in 5490ms
 GET /api/realtime 200 in 6438ms
 GET /api/realtime 200 in 4306ms
 GET /api/realtime 200 in 12499ms
 GET /api/realtime 200 in 15211ms
 GET /api/realtime 200 in 15838ms
 GET /api/realtime 200 in 11212ms
 GET /api/realtime 200 in 15637ms
 GET /api/realtime 200 in 5898ms
 GET /api/realtime 200 in 13999ms
 GET /api/realtime 200 in 15102ms
 GET /api/realtime 200 in 15055ms
 GET /api/realtime 200 in 18335ms
 GET /api/realtime 200 in 5331ms
 GET /api/realtime 200 in 14736ms
 GET /api/realtime 200 in 16818ms
 GET /api/realtime 200 in 2476ms
 GET /api/realtime 200 in 4291ms
 GET /api/realtime 200 in 12743ms
 GET /api/realtime 200 in 5564ms
 GET /api/realtime 200 in 16770ms
 GET /api/realtime 200 in 5140ms
 GET /api/realtime 200 in 17954ms
 GET /api/realtime 200 in 15785ms
 GET /api/realtime 200 in 9386ms
 GET /api/realtime 200 in 16119ms
 GET /api/realtime 200 in 2519ms
 GET /api/realtime 200 in 17422ms
 GET /api/realtime 200 in 6880ms
 GET /api/realtime 200 in 3228ms
 GET /api/realtime 200 in 4623ms
 GET /api/realtime 200 in 5852ms
 GET /api/realtime 200 in 14010ms
 GET /api/realtime 200 in 16062ms
 GET /api/realtime 200 in 15346ms
 GET /api/realtime 200 in 11614ms
 GET /api/realtime 200 in 13636ms
 GET /api/realtime 200 in 16957ms
 GET /api/realtime 200 in 16774ms
 GET /api/realtime 200 in 16373ms
 GET /api/realtime 200 in 18965ms
 GET /api/realtime 200 in 9545ms
 GET /api/realtime 200 in 12368ms
 GET /api/realtime 200 in 16880ms
 GET /api/realtime 200 in 16628ms
 GET /api/realtime 200 in 5275ms
 GET /api/realtime 200 in 15552ms
 GET /api/realtime 200 in 10022ms
[?25h
