  ▲ Next.js 14.2.28
  - Local:        http://localhost:3000
  - Environments: .env
  - Experiments (use with caution):
    · outputFileTracingRoot

 ✓ Starting...
 ✓ Ready in 2.1s
 ○ Compiling / ...
 ✓ Compiled / in 2.3s (611 modules)
 ✓ Compiled in 676ms (297 modules)
 GET / 200 in 3009ms
 GET / 200 in 114ms
 GET / 200 in 96ms
 GET / 200 in 95ms
 ✓ Compiled /api/auth/[...nextauth] in 456ms (555 modules)
 GET /api/auth/session 200 in 979ms
 GET /api/auth/session 200 in 91ms
 GET / 200 in 138ms
 GET / 200 in 100ms
 GET / 200 in 101ms
 GET / 200 in 99ms
 GET / 200 in 114ms
 GET / 200 in 109ms
 GET / 200 in 100ms
 GET / 200 in 100ms
 GET / 200 in 92ms
 GET / 200 in 95ms
 GET / 200 in 110ms
 GET / 200 in 93ms
 GET / 200 in 116ms
 GET / 200 in 90ms
 GET / 200 in 97ms
 GET / 200 in 118ms
 GET / 200 in 90ms
 GET / 200 in 96ms
 GET / 200 in 92ms
 GET / 200 in 97ms
 GET / 200 in 109ms
 GET / 200 in 138ms
 GET / 200 in 93ms
 GET / 200 in 92ms
 GET / 200 in 98ms
 GET / 200 in 97ms
 GET / 200 in 111ms
 GET / 200 in 100ms
 GET / 200 in 103ms
 GET / 200 in 105ms
 GET / 200 in 88ms
 GET / 200 in 92ms
 GET / 200 in 105ms
 GET / 200 in 96ms
 GET / 200 in 91ms
 GET / 200 in 90ms
 GET / 200 in 107ms
 GET / 200 in 96ms
 GET / 200 in 92ms
 GET / 200 in 103ms
 GET / 200 in 97ms
 GET / 200 in 106ms
 GET / 200 in 101ms
 GET / 200 in 91ms
 GET / 200 in 96ms
 GET / 200 in 93ms
 GET / 200 in 109ms
 GET / 200 in 97ms
 GET / 200 in 89ms
 GET / 200 in 104ms
 GET / 200 in 99ms
 GET / 200 in 105ms
