  ▲ Next.js 14.2.28
  - Local:        http://localhost:3000
  - Environments: .env
  - Experiments (use with caution):
    · outputFileTracingRoot

 ✓ Starting...
 ✓ Ready in 1371ms
 ○ Compiling / ...
 ✓ Compiled / in 2.3s (596 modules)
 GET / 200 in 2697ms
 ✓ Compiled in 447ms (296 modules)
 ○ Compiling /api/auth/[...nextauth] ...
 ✓ Compiled /api/auth/[...nextauth] in 533ms (541 modules)
 GET /api/auth/providers 200 in 1034ms
 GET / 200 in 116ms
 GET /api/auth/session 200 in 68ms
 GET /api/auth/session 200 in 47ms
 ○ Compiling /signup ...
 ✓ Compiled /signup in 1005ms (881 modules)
 GET /signup 200 in 1175ms
 GET /login 200 in 1195ms
 GET /api/auth/session 200 in 67ms
 GET /api/auth/session 200 in 58ms
 GET /api/auth/session 200 in 55ms
 GET /api/auth/session 200 in 40ms
 GET /api/auth/session 200 in 67ms
 GET /api/auth/csrf 200 in 61ms
 ✓ Compiled /api/signup in 323ms (597 modules)
 POST /api/signup 200 in 809ms
 GET / 200 in 89ms
 GET /api/auth/signin 302 in 63ms
 GET /login?callbackUrl=https://267ef8e6d.preview.abacusai.app 200 in 67ms
 GET /api/auth/csrf 200 in 40ms
 POST /api/auth/callback/credentials 302 in 354ms
 ✓ Compiled /middleware in 260ms (174 modules)
 ○ Compiling /dashboard ...
 ✓ Compiled /dashboard in 2.4s (2829 modules)
 GET /dashboard 200 in 2777ms
 GET / 200 in 73ms
 GET /dashboard 200 in 91ms
 GET /api/auth/session 200 in 93ms
 GET /api/auth/session 200 in 71ms
 ✓ Compiled /api/realtime in 406ms (1566 modules)
 ✓ Compiled (1569 modules)
 GET /api/auth/session 200 in 770ms
 GET /api/notifications?limit=10 200 in 869ms
 GET /api/realtime 200 in 503ms
 GET /api/realtime 200 in 101ms
 GET /api/notifications?limit=10 200 in 113ms
 GET /api/auth/session 200 in 80ms
 GET /api/notifications?limit=10 200 in 103ms
 GET /api/realtime 200 in 120ms
 GET /api/auth/session 200 in 91ms
 GET /api/notifications?limit=10 200 in 96ms
 GET /api/realtime 200 in 99ms
 GET /api/realtime 200 in 68ms
 GET /api/realtime 200 in 74ms
 GET /api/realtime 200 in 84ms
 GET /api/realtime 200 in 82ms
 GET /api/realtime 200 in 383ms
 GET /api/realtime 200 in 249ms
 GET /api/realtime 200 in 68ms
 GET /api/realtime 200 in 64ms
 GET /api/realtime 200 in 64ms
 GET /api/realtime 200 in 59ms
 GET /api/realtime 200 in 65ms
 GET /api/realtime 200 in 101ms
 GET /api/realtime 200 in 58ms
 GET /api/realtime 200 in 57ms
 GET /api/realtime 200 in 55ms
 GET /api/realtime 200 in 60ms
 GET /api/realtime 200 in 58ms
 GET /api/realtime 200 in 60ms
 GET /api/realtime 200 in 63ms
 GET /api/realtime 200 in 61ms
 GET /api/realtime 200 in 67ms
 GET /api/realtime 200 in 62ms
 GET /api/realtime 200 in 57ms
 GET /api/realtime 200 in 56ms
 GET /api/realtime 200 in 56ms
 GET /api/realtime 200 in 56ms
 GET /api/realtime 200 in 55ms
 GET /api/realtime 200 in 55ms
 GET /api/realtime 200 in 57ms
 GET /api/realtime 200 in 60ms
 GET /api/realtime 200 in 61ms
 GET /api/realtime 200 in 56ms
 GET /api/realtime 200 in 66ms
 GET /api/realtime 200 in 63ms
 GET /api/realtime 200 in 58ms
 GET /api/realtime 200 in 65ms
 GET /api/realtime 200 in 65ms
 GET /api/realtime 200 in 77ms
 GET /api/realtime 200 in 61ms
 GET /api/realtime 200 in 63ms
 GET /api/realtime 200 in 62ms
 GET /api/realtime 200 in 59ms
 GET /api/realtime 200 in 57ms
 GET /api/realtime 200 in 61ms
 GET /api/realtime 200 in 62ms
 GET /api/realtime 200 in 56ms
 GET /api/realtime 200 in 70ms
 GET /api/realtime 200 in 58ms
 GET /api/realtime 200 in 64ms
 GET /api/realtime 200 in 120ms
 GET /api/realtime 200 in 62ms
 GET /api/realtime 200 in 64ms
 GET /api/realtime 200 in 55ms
 GET /api/realtime 200 in 58ms
 GET /api/realtime 200 in 58ms
 GET /api/realtime 200 in 51ms
 ○ Compiling /settings ...
 ✓ Compiled /settings in 2.6s (3237 modules)
 GET /projects/new 200 in 3460ms
 GET /safety 200 in 3441ms
 GET /change-orders 200 in 3443ms
 GET /reports 200 in 3443ms
 GET /documents 200 in 3466ms
 GET /submittals 200 in 3447ms
 GET /settings 200 in 3435ms
 GET /daily-reports 200 in 3449ms
 GET /projects 200 in 3479ms
 GET /team 200 in 3460ms
 GET /rfis 200 in 3461ms
 GET /tasks 200 in 3485ms
 GET /api/notifications?limit=10 200 in 257ms
 GET /api/realtime 200 in 223ms
 GET /api/realtime 200 in 228ms
 GET /api/auth/session 200 in 293ms
 GET /api/realtime 200 in 196ms
 GET /api/realtime 200 in 188ms
 GET /api/realtime 200 in 310ms
 GET /api/realtime 200 in 200ms
 GET /api/notifications?limit=10 200 in 317ms
 GET /api/realtime 200 in 304ms
 GET /api/realtime 200 in 346ms
 GET /api/realtime 200 in 224ms
 GET /api/realtime 200 in 248ms
 GET /api/realtime 200 in 252ms
 GET /api/realtime 200 in 224ms
 GET /api/realtime 200 in 220ms
 GET /api/realtime 200 in 223ms
 GET /api/realtime 200 in 225ms
 GET /api/auth/session 200 in 230ms
 GET /api/realtime 200 in 148ms
 GET /api/realtime 200 in 192ms
 GET /api/realtime 200 in 180ms
 GET /api/realtime 200 in 194ms
 GET /api/realtime 200 in 190ms
 GET /api/realtime 200 in 169ms
 GET /api/notifications?limit=10 200 in 189ms
 GET /api/realtime 200 in 177ms
 GET /api/realtime 200 in 201ms
 GET /api/realtime 200 in 178ms
 GET /api/realtime 200 in 174ms
 GET /api/realtime 200 in 165ms
 GET /api/realtime 200 in 167ms
 GET /api/realtime 200 in 171ms
 GET /api/realtime 200 in 212ms
 GET /api/realtime 200 in 224ms
 GET /api/auth/session 200 in 194ms
 GET /api/realtime 200 in 259ms
 GET /api/realtime 200 in 210ms
 GET /api/realtime 200 in 190ms
 GET /api/realtime 200 in 216ms
 GET /api/realtime 200 in 186ms
 GET /api/realtime 200 in 215ms
 GET /api/realtime 200 in 185ms
 GET /api/realtime 200 in 199ms
 GET /api/notifications?limit=10 200 in 205ms
 GET /api/realtime 200 in 258ms
 GET /api/realtime 200 in 195ms
 GET /api/realtime 200 in 197ms
 GET /api/realtime 200 in 197ms
 GET /api/realtime 200 in 247ms
 GET /api/realtime 200 in 249ms
 GET /api/realtime 200 in 252ms
 GET /api/realtime 200 in 257ms
 GET /api/auth/session 200 in 169ms
 GET /api/realtime 200 in 201ms
 GET /api/realtime 200 in 197ms
 GET /api/realtime 200 in 219ms
 GET /api/realtime 200 in 192ms
 GET /api/realtime 200 in 194ms
 GET /api/realtime 200 in 247ms
 GET /api/realtime 200 in 190ms
 GET /api/notifications?limit=10 200 in 215ms
 GET /api/realtime 200 in 238ms
 GET /api/realtime 200 in 218ms
 GET /api/realtime 200 in 191ms
 GET /api/realtime 200 in 220ms
 GET /api/realtime 200 in 219ms
 GET /api/realtime 200 in 230ms
 GET /api/realtime 200 in 195ms
 GET /api/realtime 200 in 233ms
 GET /api/realtime 200 in 153ms
 GET /api/realtime 200 in 155ms
 GET /api/auth/session 200 in 224ms
 GET /api/realtime 200 in 207ms
 GET /api/realtime 200 in 183ms
 GET /api/realtime 200 in 193ms
 GET /api/notifications?limit=10 200 in 185ms
 GET /api/realtime 200 in 186ms
 GET /api/realtime 200 in 192ms
 GET /api/realtime 200 in 215ms
 GET /api/realtime 200 in 214ms
 GET /api/realtime 200 in 216ms
 GET /api/realtime 200 in 165ms
 GET /api/realtime 200 in 218ms
 GET /api/realtime 200 in 175ms
 GET /api/realtime 200 in 166ms
 GET /api/realtime 200 in 222ms
 GET /api/realtime 200 in 176ms
 GET /api/realtime 200 in 172ms
 GET /api/auth/session 200 in 162ms
 GET /api/realtime 200 in 172ms
 GET /api/realtime 200 in 149ms
 GET /api/realtime 200 in 146ms
 GET /api/realtime 200 in 143ms
 GET /api/notifications?limit=10 200 in 148ms
 GET /api/realtime 200 in 151ms
 GET /api/realtime 200 in 182ms
 GET /api/realtime 200 in 182ms
 GET /api/realtime 200 in 179ms
 GET /api/realtime 200 in 185ms
 GET /api/realtime 200 in 179ms
 GET /api/realtime 200 in 182ms
 GET /api/realtime 200 in 180ms
 GET /api/realtime 200 in 212ms
 GET /api/realtime 200 in 220ms
 GET /api/realtime 200 in 226ms
 GET /api/auth/session 200 in 164ms
 GET /api/realtime 200 in 170ms
 GET /api/realtime 200 in 171ms
 GET /api/realtime 200 in 166ms
 GET /api/realtime 200 in 169ms
 GET /api/realtime 200 in 168ms
 GET /api/notifications?limit=10 200 in 173ms
 GET /api/realtime 200 in 182ms
 GET /api/realtime 200 in 183ms
 GET /api/realtime 200 in 184ms
 GET /api/realtime 200 in 184ms
 GET /api/realtime 200 in 185ms
 GET /api/realtime 200 in 187ms
 GET /api/realtime 200 in 188ms
 GET /api/realtime 200 in 190ms
 GET /api/realtime 200 in 178ms
 GET /api/realtime 200 in 189ms
 GET /api/auth/session 200 in 188ms
 GET /api/realtime 200 in 162ms
 GET /api/realtime 200 in 167ms
 GET /api/realtime 200 in 141ms
 GET /api/realtime 200 in 138ms
 GET /api/notifications?limit=10 200 in 153ms
 GET /api/realtime 200 in 137ms
 GET /api/realtime 200 in 161ms
 GET /api/realtime 200 in 159ms
 GET /api/realtime 200 in 169ms
 GET /api/realtime 200 in 162ms
 GET /api/realtime 200 in 168ms
 GET /api/realtime 200 in 169ms
 GET /api/realtime 200 in 170ms
 GET /api/realtime 200 in 161ms
 GET /api/realtime 200 in 162ms
 GET /api/realtime 200 in 166ms
 GET /api/realtime 200 in 176ms
 GET /api/realtime 200 in 177ms
 GET /api/auth/session 200 in 193ms
 GET /api/realtime 200 in 181ms
 GET /api/realtime 200 in 189ms
 GET /api/realtime 200 in 187ms
 GET /api/realtime 200 in 199ms
 GET /api/realtime 200 in 200ms
 GET /api/realtime 200 in 202ms
 GET /api/notifications?limit=10 200 in 235ms
 GET /api/realtime 200 in 265ms
 GET /api/realtime 200 in 261ms
 GET /api/realtime 200 in 266ms
 GET /api/realtime 200 in 217ms
 GET /api/realtime 200 in 219ms
 GET /api/realtime 200 in 268ms
 GET /api/realtime 200 in 222ms
 GET /api/realtime 200 in 209ms
 GET /api/realtime 200 in 210ms
 GET /api/auth/session 200 in 162ms
 GET /api/realtime 200 in 163ms
 GET /api/realtime 200 in 167ms
 GET /api/realtime 200 in 186ms
 GET /api/notifications?limit=10 200 in 114ms
 GET /api/realtime 200 in 124ms
 GET /api/realtime 200 in 129ms
 GET /api/realtime 200 in 133ms
 GET /api/realtime 200 in 183ms
 GET /api/realtime 200 in 184ms
 GET /api/realtime 200 in 185ms
 GET /api/realtime 200 in 186ms
 GET /api/realtime 200 in 186ms
 GET /api/realtime 200 in 185ms
 GET /api/realtime 200 in 187ms
 GET /api/realtime 200 in 195ms
 GET /api/realtime 200 in 190ms
 GET /api/auth/session 200 in 172ms
 GET /api/realtime 200 in 164ms
 GET /api/realtime 200 in 193ms
 GET /api/realtime 200 in 191ms
 GET /api/realtime 200 in 209ms
 GET /api/realtime 200 in 169ms
 GET /api/notifications?limit=10 200 in 173ms
 GET /api/realtime 200 in 183ms
 GET /api/realtime 200 in 177ms
 GET /api/realtime 200 in 178ms
 GET /api/realtime 200 in 179ms
 GET /api/realtime 200 in 179ms
 GET /api/realtime 200 in 179ms
 GET /api/realtime 200 in 180ms
 GET /api/realtime 200 in 183ms
 GET /api/realtime 200 in 184ms
 GET /api/realtime 200 in 183ms
 GET /api/auth/session 200 in 154ms
 GET /api/realtime 200 in 170ms
 GET /api/realtime 200 in 172ms
 GET /api/realtime 200 in 166ms
 GET /api/realtime 200 in 167ms
 GET /api/realtime 200 in 133ms
 GET /api/realtime 200 in 191ms
 GET /api/notifications?limit=10 200 in 131ms
 GET /api/realtime 200 in 159ms
 GET /api/realtime 200 in 155ms
 GET /api/realtime 200 in 156ms
 GET /api/realtime 200 in 157ms
 GET /api/realtime 200 in 158ms
 GET /api/realtime 200 in 158ms
 GET /api/realtime 200 in 161ms
 GET /api/realtime 200 in 161ms
 GET /api/realtime 200 in 208ms
 GET /api/auth/session 200 in 197ms
 GET /api/realtime 200 in 201ms
 GET /api/realtime 200 in 206ms
 GET /api/realtime 200 in 202ms
 GET /api/realtime 200 in 212ms
 GET /api/realtime 200 in 194ms
 GET /api/realtime 200 in 188ms
 GET /api/notifications?limit=10 200 in 207ms
 GET /api/realtime 200 in 221ms
 GET /api/auth/session 200 in 164ms
 GET /api/realtime 200 in 220ms
 GET /api/realtime 200 in 220ms
 GET /api/realtime 200 in 222ms
 GET /api/realtime 200 in 223ms
 GET /api/realtime 200 in 225ms
 GET /api/realtime 200 in 226ms
 GET /api/realtime 200 in 250ms
 GET /api/realtime 200 in 250ms
 GET /api/realtime 200 in 150ms
 GET /api/realtime 200 in 181ms
 GET /api/realtime 200 in 178ms
 GET /api/realtime 200 in 181ms
 GET /api/realtime 200 in 180ms
 GET /api/realtime 200 in 147ms
 GET /api/notifications?limit=10 200 in 178ms
 GET /api/realtime 200 in 138ms
 GET /api/realtime 200 in 133ms
 GET /api/realtime 200 in 140ms
 GET /api/realtime 200 in 134ms
 GET /api/realtime 200 in 136ms
 GET /api/realtime 200 in 138ms
 GET /api/realtime 200 in 204ms
 GET /api/realtime 200 in 171ms
 GET /api/realtime 200 in 179ms
 GET /api/realtime 200 in 180ms
 GET /api/realtime 200 in 180ms
 GET /api/realtime 200 in 180ms
 GET /api/realtime 200 in 180ms
 GET /api/realtime 200 in 200ms
 GET /api/auth/session 200 in 183ms
 GET /api/realtime 200 in 153ms
 GET /api/realtime 200 in 154ms
 GET /api/realtime 200 in 154ms
 GET /api/realtime 200 in 155ms
 GET /api/realtime 200 in 212ms
 GET /api/realtime 200 in 157ms
 GET /api/realtime 200 in 157ms
 GET /api/realtime 200 in 166ms
 GET /api/realtime 200 in 168ms
 GET /api/notifications?limit=10 200 in 194ms
 GET /api/realtime 200 in 158ms
 GET /api/realtime 200 in 158ms
 GET /api/realtime 200 in 159ms
 GET /api/realtime 200 in 163ms
 GET /api/realtime 200 in 163ms
 GET /api/realtime 200 in 164ms
 GET /api/auth/session 200 in 147ms
 GET /api/realtime 200 in 171ms
 GET /api/realtime 200 in 171ms
 GET /api/realtime 200 in 172ms
 GET /api/realtime 200 in 179ms
 GET /api/realtime 200 in 179ms
 GET /api/realtime 200 in 180ms
 GET /api/realtime 200 in 180ms
 GET /api/realtime 200 in 215ms
 GET /api/notifications?limit=10 200 in 198ms
 GET /api/realtime 200 in 185ms
 GET /api/realtime 200 in 191ms
 GET /api/realtime 200 in 198ms
 GET /api/realtime 200 in 196ms
 GET /api/realtime 200 in 195ms
 GET /api/auth/session 200 in 210ms
 GET /api/realtime 200 in 296ms
 GET /api/realtime 200 in 187ms
 GET /api/realtime 200 in 186ms
 GET /api/realtime 200 in 188ms
 GET /api/realtime 200 in 196ms
 GET /api/realtime 200 in 197ms
 GET /api/realtime 200 in 198ms
 GET /api/realtime 200 in 199ms
 GET /api/realtime 200 in 248ms
 GET /api/realtime 200 in 241ms
 GET /api/realtime 200 in 179ms
 GET /api/realtime 200 in 181ms
 GET /api/realtime 200 in 190ms
 GET /api/realtime 200 in 189ms
 GET /api/realtime 200 in 503ms
 GET /api/notifications?limit=10 200 in 194ms
 GET /api/auth/session 200 in 187ms
 GET /api/realtime 200 in 134ms
 GET /api/realtime 200 in 125ms
 GET /api/realtime 200 in 126ms
 GET /api/realtime 200 in 126ms
 GET /api/realtime 200 in 128ms
 GET /api/realtime 200 in 131ms
 GET /api/realtime 200 in 131ms
 GET /api/realtime 200 in 136ms
 GET /api/realtime 200 in 141ms
 GET /api/realtime 200 in 140ms
 GET /api/realtime 200 in 151ms
 GET /api/realtime 200 in 151ms
 GET /api/realtime 200 in 137ms
 GET /api/realtime 200 in 142ms
 GET /api/realtime 200 in 148ms
 GET /api/realtime 200 in 163ms
 GET /api/auth/session 200 in 154ms
 GET /api/notifications?limit=10 200 in 167ms
 GET /api/realtime 200 in 185ms
 GET /api/realtime 200 in 191ms
 GET /api/realtime 200 in 187ms
 GET /api/realtime 200 in 188ms
 GET /api/realtime 200 in 192ms
 GET /api/realtime 200 in 192ms
 GET /api/realtime 200 in 194ms
 GET /api/realtime 200 in 180ms
 GET /api/realtime 200 in 134ms
 GET /api/realtime 200 in 165ms
 GET /api/realtime 200 in 204ms
 GET /api/realtime 200 in 159ms
 GET /api/realtime 200 in 170ms
 GET /api/realtime 200 in 166ms
 GET /api/notifications?limit=10 200 in 159ms
 GET /api/realtime 200 in 181ms
 GET /api/realtime 200 in 174ms
 GET /api/realtime 200 in 175ms
 GET /api/realtime 200 in 176ms
 GET /api/realtime 200 in 176ms
 GET /api/realtime 200 in 178ms
 GET /api/realtime 200 in 181ms
 GET /api/realtime 200 in 181ms
 GET /api/auth/session 200 in 202ms
 GET /api/realtime 200 in 240ms
 GET /api/realtime 200 in 243ms
 GET /api/realtime 200 in 245ms
 GET /api/realtime 200 in 232ms
 GET /api/realtime 200 in 219ms
 GET /api/notifications?limit=10 200 in 252ms
 GET /api/realtime 200 in 122ms
 GET /api/realtime 200 in 136ms
 GET /api/realtime 200 in 202ms
 GET /api/realtime 200 in 197ms
 GET /api/realtime 200 in 198ms
 GET /api/realtime 200 in 209ms
 GET /api/realtime 200 in 179ms
 GET /api/auth/session 200 in 155ms
 GET /api/realtime 200 in 145ms
 GET /api/realtime 200 in 164ms
 GET /api/realtime 200 in 164ms
 GET /api/realtime 200 in 165ms
 GET /api/realtime 200 in 172ms
 GET /api/realtime 200 in 144ms
 GET /api/notifications?limit=10 200 in 149ms
 GET /api/realtime 200 in 71ms
 GET /api/realtime 200 in 140ms
 GET /api/realtime 200 in 166ms
 GET /api/realtime 200 in 181ms
 GET /api/realtime 200 in 177ms
 GET /api/realtime 200 in 171ms
 GET /api/auth/session 200 in 163ms
 GET /api/realtime 200 in 168ms
 GET /api/realtime 200 in 171ms
 GET /api/realtime 200 in 185ms
 GET /api/realtime 200 in 173ms
 GET /api/realtime 200 in 163ms
 GET /api/realtime 200 in 164ms
 GET /api/realtime 200 in 229ms
 GET /api/notifications?limit=10 200 in 180ms
 GET /api/realtime 200 in 282ms
 GET /api/realtime 200 in 187ms
 GET /api/realtime 200 in 205ms
 GET /api/realtime 200 in 206ms
 GET /api/auth/session 200 in 161ms
 GET /api/realtime 200 in 200ms
 GET /api/realtime 200 in 217ms
 GET /api/realtime 200 in 258ms
 GET /api/realtime 200 in 259ms
 GET /api/realtime 200 in 354ms
 GET /api/realtime 200 in 226ms
 GET /api/notifications?limit=10 200 in 285ms
 GET /api/realtime 200 in 288ms
 GET /api/realtime 200 in 345ms
 GET /api/realtime 200 in 344ms
 GET /api/realtime 200 in 346ms
 GET /api/auth/session 200 in 388ms
 GET /api/realtime 200 in 612ms
 GET /api/realtime 200 in 376ms
 GET /api/realtime 200 in 527ms
 GET /api/realtime 200 in 375ms
 GET /api/realtime 200 in 382ms
 GET /api/realtime 200 in 385ms
 GET /api/realtime 200 in 451ms
 GET /api/realtime 200 in 302ms
 GET /api/notifications?limit=10 200 in 330ms
 GET /api/realtime 200 in 345ms
 GET /api/realtime 200 in 343ms
 GET /api/realtime 200 in 230ms
 GET /api/realtime 200 in 227ms
 GET /api/auth/session 200 in 185ms
 GET /api/realtime 200 in 157ms
 GET /api/realtime 200 in 211ms
 GET /api/realtime 200 in 161ms
 GET /api/realtime 200 in 159ms
 GET /api/realtime 200 in 162ms
 GET /api/realtime 200 in 163ms
 GET /api/realtime 200 in 184ms
 GET /api/realtime 200 in 167ms
 GET /api/realtime 200 in 117ms
 GET /api/realtime 200 in 121ms
 GET /api/realtime 200 in 122ms
 GET /api/notifications?limit=10 200 in 125ms
 GET /api/realtime 200 in 149ms
 GET /api/auth/session 200 in 149ms
 GET /api/realtime 200 in 184ms
 GET /api/realtime 200 in 184ms
 GET /api/realtime 200 in 185ms
 GET /api/realtime 200 in 189ms
 GET /api/realtime 200 in 190ms
 GET /api/realtime 200 in 191ms
 GET /api/realtime 200 in 162ms
 GET /api/realtime 200 in 196ms
 GET /api/realtime 200 in 46ms
 GET /api/realtime 200 in 50ms
 GET /api/notifications?limit=10 200 in 147ms
 GET /api/realtime 200 in 54ms
 GET /api/realtime 200 in 56ms
 GET /api/auth/session 200 in 115ms
 GET /api/realtime 200 in 197ms
 GET /api/auth/session 200 in 125ms
 GET /api/realtime 200 in 121ms
 GET /api/auth/session 200 in 72ms
 GET /api/realtime 200 in 72ms
 GET /api/auth/session 200 in 48ms
 GET /api/realtime 200 in 68ms
 GET /api/auth/session 200 in 40ms
 GET /api/realtime 200 in 86ms
 GET /api/realtime 200 in 57ms
 GET /api/realtime 200 in 58ms
 GET /api/realtime 200 in 58ms
 GET /api/realtime 200 in 60ms
 GET /api/realtime 200 in 64ms
 GET /api/realtime 200 in 61ms
 GET /api/realtime 200 in 55ms
 GET /api/realtime 200 in 57ms
 GET /api/realtime 200 in 62ms
 GET /api/realtime 200 in 56ms
 GET /api/realtime 200 in 55ms
 GET /api/realtime 200 in 55ms
 GET /api/realtime 200 in 54ms
 GET /api/realtime 200 in 57ms
 GET /api/realtime 200 in 56ms
 GET /api/realtime 200 in 54ms
 GET /api/realtime 200 in 63ms
 GET /api/realtime 200 in 63ms
 GET /api/realtime 200 in 56ms
 GET /api/realtime 200 in 53ms
 GET /api/realtime 200 in 58ms
 GET /api/realtime 200 in 62ms
 GET /api/realtime 200 in 64ms
 GET /api/realtime 200 in 58ms
 GET /api/realtime 200 in 55ms
 GET /api/realtime 200 in 69ms
 GET /api/realtime 200 in 60ms
 GET /api/realtime 200 in 55ms
 GET /api/realtime 200 in 57ms
 GET /api/realtime 200 in 56ms
 GET /api/realtime 200 in 56ms
 GET /api/realtime 200 in 54ms
 GET /api/realtime 200 in 62ms
 GET /api/realtime 200 in 65ms
 GET /api/realtime 200 in 118ms
 GET /api/realtime 200 in 78ms
 GET /api/realtime 200 in 52ms
 GET /api/realtime 200 in 54ms
 GET /api/realtime 200 in 56ms
 GET /api/realtime 200 in 130ms
 ○ Compiling /projects/[id] ...
 ✓ Compiled /projects/[id] in 1012ms (3246 modules)
 GET /projects/project-mall-renovation 200 in 1543ms
 GET /projects/project-riverside-homes 200 in 1543ms
 GET /projects/project-downtown-office 200 in 1535ms
 GET /api/notifications?limit=10 200 in 60ms
 GET /api/auth/session 200 in 88ms
 GET /api/realtime 200 in 119ms
 GET /api/notifications?limit=10 200 in 90ms
 GET /api/auth/session 200 in 87ms
 GET /api/realtime 200 in 131ms
 GET /api/realtime 200 in 131ms
 GET /api/realtime 200 in 94ms
 GET /api/notifications?limit=10 200 in 63ms
 GET /api/realtime 200 in 90ms
 GET /api/realtime 200 in 94ms
 GET /api/auth/session 200 in 130ms
 GET /api/notifications?limit=10 200 in 127ms
 GET /api/realtime 200 in 143ms
 GET /api/realtime 200 in 115ms
 GET /api/auth/session 200 in 111ms
 GET /api/realtime 200 in 161ms
 GET /api/notifications?limit=10 200 in 122ms
 GET /api/realtime 200 in 135ms
 GET /api/realtime 200 in 108ms
 GET /api/auth/session 200 in 101ms
 GET /api/realtime 200 in 137ms
 GET /api/notifications?limit=10 200 in 103ms
 GET /api/realtime 200 in 104ms
 GET /api/realtime 200 in 86ms
 GET /api/realtime 200 in 108ms
 GET /api/auth/session 200 in 76ms
 GET /api/notifications?limit=10 200 in 84ms
 GET /api/realtime 200 in 99ms
 GET /api/realtime 200 in 110ms
 GET /api/realtime 200 in 111ms
 GET /api/auth/session 200 in 88ms
 GET /api/notifications?limit=10 200 in 87ms
 GET /api/realtime 200 in 69ms
 GET /api/realtime 200 in 117ms
 GET /api/realtime 200 in 114ms
 GET /api/auth/session 200 in 96ms
 GET /api/notifications?limit=10 200 in 123ms
 GET /api/realtime 200 in 138ms
 GET /api/realtime 200 in 79ms
 GET /api/realtime 200 in 89ms
 GET /api/notifications?limit=10 200 in 67ms
 GET /api/realtime 200 in 70ms
 GET /api/realtime 200 in 88ms
 GET /api/realtime 200 in 96ms
 GET /api/realtime 200 in 83ms
 GET /api/notifications?limit=10 200 in 63ms
 GET /api/realtime 200 in 80ms
 GET /api/realtime 200 in 88ms
 GET /api/notifications?limit=10 200 in 61ms
 GET /api/realtime 200 in 74ms
 GET /api/realtime 200 in 77ms
 GET /api/realtime 200 in 89ms
 GET /api/realtime 200 in 72ms
 GET /api/realtime 200 in 78ms
 GET /api/realtime 200 in 84ms
 GET /api/realtime 200 in 88ms
 GET /api/realtime 200 in 78ms
 GET /api/realtime 200 in 86ms
 GET /api/realtime 200 in 90ms
 GET /api/realtime 200 in 68ms
 GET /api/realtime 200 in 64ms
 GET /api/realtime 200 in 65ms
 GET /api/realtime 200 in 65ms
 GET /api/realtime 200 in 70ms
 GET /api/realtime 200 in 71ms
 GET /api/realtime 200 in 67ms
 GET /api/realtime 200 in 63ms
 GET /api/realtime 200 in 64ms
 GET /api/realtime 200 in 68ms
 GET /api/realtime 200 in 74ms
 GET /api/realtime 200 in 75ms
 GET /api/realtime 200 in 66ms
 GET /api/realtime 200 in 88ms
 GET /api/realtime 200 in 83ms
 GET /api/realtime 200 in 56ms
 GET /api/realtime 200 in 87ms
 GET /api/realtime 200 in 82ms
 GET /api/realtime 200 in 74ms
 GET /api/realtime 200 in 89ms
 GET /api/realtime 200 in 94ms
 GET /api/realtime 200 in 82ms
 GET /api/realtime 200 in 82ms
 GET /api/realtime 200 in 88ms
 GET /api/realtime 200 in 71ms
 GET /api/realtime 200 in 76ms
 GET /api/realtime 200 in 67ms
 GET /api/realtime 200 in 72ms
 GET /api/realtime 200 in 71ms
 GET /api/realtime 200 in 77ms
 GET /api/realtime 200 in 76ms
 GET /api/realtime 200 in 77ms
 GET /api/realtime 200 in 70ms
 GET /api/realtime 200 in 71ms
 GET /api/realtime 200 in 73ms
 GET /api/realtime 200 in 77ms
 GET /api/realtime 200 in 87ms
 GET /api/realtime 200 in 81ms
 GET /api/realtime 200 in 92ms
 GET /api/realtime 200 in 95ms
 GET /api/realtime 200 in 68ms
 GET /api/realtime 200 in 93ms
 GET /api/realtime 200 in 74ms
 GET /api/realtime 200 in 54ms
 GET /api/realtime 200 in 76ms
 GET /api/realtime 200 in 86ms
 GET /api/realtime 200 in 65ms
 GET /api/realtime 200 in 91ms
 GET /api/realtime 200 in 87ms
 GET /api/realtime 200 in 76ms
 GET /api/realtime 200 in 81ms
 GET /api/realtime 200 in 97ms
 GET /api/realtime 200 in 81ms
 GET /api/realtime 200 in 74ms
 GET /api/realtime 200 in 66ms
 GET /api/realtime 200 in 71ms
 GET /api/realtime 200 in 67ms
 GET /api/realtime 200 in 72ms
 GET /api/realtime 200 in 73ms
 GET /api/realtime 200 in 70ms
 GET /api/realtime 200 in 61ms
 GET /api/realtime 200 in 63ms
 GET /api/realtime 200 in 64ms
 GET /api/realtime 200 in 76ms
 GET /api/realtime 200 in 84ms
 GET /api/realtime 200 in 56ms
 GET /api/realtime 200 in 75ms
 GET /api/realtime 200 in 80ms
 GET /api/realtime 200 in 84ms
 GET /api/realtime 200 in 71ms
 GET /api/realtime 200 in 80ms
 GET /api/realtime 200 in 67ms
 GET /api/realtime 200 in 64ms
 GET /api/realtime 200 in 71ms
 GET /api/realtime 200 in 91ms
 GET /api/realtime 200 in 53ms
 GET /api/realtime 200 in 73ms
 GET /api/realtime 200 in 76ms
 GET /api/realtime 200 in 86ms
 GET /api/realtime 200 in 79ms
 GET /api/realtime 200 in 85ms
 GET /api/realtime 200 in 87ms
 GET /api/realtime 200 in 74ms
 GET /api/realtime 200 in 75ms
 GET /api/realtime 200 in 73ms
 GET /api/realtime 200 in 77ms
 GET /api/realtime 200 in 71ms
 GET /api/realtime 200 in 72ms
 GET /api/realtime 200 in 76ms
 GET /api/realtime 200 in 72ms
 GET /api/realtime 200 in 72ms
 GET /api/realtime 200 in 80ms
 GET /api/realtime 200 in 76ms
 GET /api/realtime 200 in 86ms
 GET /api/realtime 200 in 72ms
 GET /api/realtime 200 in 76ms
 GET /api/realtime 200 in 75ms
 GET /api/realtime 200 in 67ms
 GET /api/realtime 200 in 74ms
 GET /api/realtime 200 in 79ms
 GET /api/realtime 200 in 67ms
 GET /api/realtime 200 in 71ms
 GET /api/realtime 200 in 66ms
 GET /api/realtime 200 in 69ms
 GET /api/realtime 200 in 73ms
 GET /api/realtime 200 in 76ms
 GET /api/realtime 200 in 73ms
 GET /api/realtime 200 in 76ms
 GET /api/realtime 200 in 88ms
 GET /api/realtime 200 in 62ms
 GET /api/realtime 200 in 75ms
 GET /api/realtime 200 in 67ms
 GET /api/realtime 200 in 52ms
 GET /api/realtime 200 in 71ms
 GET /api/realtime 200 in 52ms
 GET /api/realtime 200 in 54ms
 GET /api/realtime 200 in 156ms
 GET /api/realtime 200 in 65ms
 GET /api/realtime 200 in 72ms
 GET /api/realtime 200 in 84ms
 GET /api/realtime 200 in 63ms
 GET /api/realtime 200 in 85ms
 GET /api/realtime 200 in 155ms
 GET /api/realtime 200 in 140ms
 GET /api/realtime 200 in 108ms
 GET /api/realtime 200 in 100ms
 GET /api/realtime 200 in 120ms
 GET /api/realtime 200 in 58ms
 GET /api/realtime 200 in 121ms
 GET /api/realtime 200 in 58ms
 GET /api/realtime 200 in 75ms
 GET /api/realtime 200 in 90ms
 GET /api/realtime 200 in 75ms
 GET /api/realtime 200 in 73ms
 GET /api/realtime 200 in 67ms
 GET /api/realtime 200 in 57ms
 GET /api/realtime 200 in 79ms
 GET /api/realtime 200 in 92ms
 GET /api/realtime 200 in 80ms
 GET /api/realtime 200 in 79ms
 GET /api/realtime 200 in 79ms
 GET /api/realtime 200 in 110ms
 GET /api/realtime 200 in 41ms
[?25h
