  ▲ Next.js 14.2.28
  - Local:        http://localhost:3000
  - Environments: .env
  - Experiments (use with caution):
    · outputFileTracingRoot

 ✓ Starting...
 ✓ Ready in 1992ms
 ○ Compiling / ...
 ✓ Compiled / in 1704ms (596 modules)
 GET / 200 in 2222ms
 ✓ Compiled in 499ms (296 modules)
 ✓ Compiled /api/auth/[...nextauth] in 466ms (541 modules)
 GET /api/auth/providers 200 in 969ms
 GET / 200 in 114ms
 GET /api/auth/session 200 in 72ms
 GET /api/auth/session 200 in 58ms
 ○ Compiling /signup ...
 ✓ Compiled /signup in 899ms (881 modules)
 GET /login 200 in 1123ms
 GET /signup 200 in 1112ms
 GET /api/auth/session 200 in 99ms
 GET /api/auth/session 200 in 51ms
 GET /api/auth/session 200 in 51ms
 GET /api/auth/session 200 in 50ms
 GET /api/auth/session 200 in 61ms
 GET /api/auth/csrf 200 in 67ms
 ✓ Compiled /api/signup in 161ms (597 modules)
 POST /api/signup 200 in 652ms
 GET / 200 in 91ms
 GET /api/auth/signin 302 in 79ms
 GET /login?callbackUrl=https://7d9c4eb47.preview.abacusai.app 200 in 64ms
 GET /api/auth/csrf 200 in 49ms
 POST /api/auth/callback/credentials 302 in 347ms
 ✓ Compiled /middleware in 191ms (174 modules)
 ○ Compiling /dashboard ...
 ✓ Compiled /dashboard in 1493ms (2849 modules)
 GET /dashboard 200 in 1842ms
 GET / 200 in 89ms
 GET /dashboard 200 in 94ms
 GET /api/auth/session 200 in 84ms
 ○ Compiling /api/realtime ...
 ✓ Compiled /api/realtime in 512ms (1577 modules)
 ✓ Compiled (1580 modules)
 GET /api/auth/session 200 in 878ms
 GET /api/notifications?limit=10 200 in 930ms
 GET /api/realtime 200 in 927ms
 GET /api/realtime 200 in 842ms
 GET /api/realtime 200 in 890ms
 GET /api/realtime 200 in 934ms
 GET /api/notifications?limit=10 200 in 91ms
 GET /api/auth/session 200 in 114ms
 GET /api/notifications?limit=10 200 in 75ms
 GET /api/auth/session 200 in 107ms
 GET /api/realtime 200 in 122ms
 GET /api/notifications?limit=10 200 in 146ms
 GET /api/auth/session 200 in 93ms
 GET /api/auth/session 200 in 52ms
 GET /api/realtime 200 in 69ms
 ○ Compiling /settings ...
 ✓ Compiled /settings in 3.4s (3348 modules)
 GET /projects/new 200 in 4881ms
 GET /meetings 200 in 4959ms
 GET /equipment 200 in 4975ms
 GET /inspections 200 in 4966ms
 GET /settings 200 in 4901ms
 GET /reports 200 in 4903ms
 GET /punch-lists 200 in 4975ms
 GET /team 200 in 4957ms
 GET /rfis 200 in 4904ms
 GET /safety 200 in 4905ms
 GET /documents 200 in 4907ms
 GET /submittals 500 in 4908ms
 GET /daily-reports 500 in 4908ms
 GET /change-orders 500 in 4908ms
 GET /projects 200 in 4986ms
 GET /tasks 500 in 4910ms
 GET /company 500 in 4910ms
 GET /api/notifications?limit=10 200 in 375ms
 GET /api/auth/session 200 in 599ms
 GET /api/realtime 200 in 449ms
 GET /api/realtime 200 in 466ms
 GET /api/realtime 200 in 573ms
 GET /api/realtime 200 in 543ms
 GET /api/realtime 200 in 490ms
 GET /api/notifications?limit=10 200 in 595ms
 GET /api/realtime 200 in 495ms
 GET /api/realtime 200 in 496ms
 GET /api/realtime 200 in 498ms
 GET /api/auth/session 200 in 566ms
 GET /api/realtime 200 in 480ms
 GET /api/realtime 200 in 457ms
 GET /api/realtime 200 in 481ms
 GET /api/realtime 200 in 317ms
 GET /api/realtime 200 in 469ms
 GET /api/notifications?limit=10 200 in 417ms
 GET /api/realtime 200 in 419ms
 GET /api/realtime 200 in 259ms
 GET /api/realtime 200 in 234ms
 GET /api/auth/session 200 in 294ms
 GET /api/notifications?limit=10 200 in 341ms
 GET /api/auth/session 200 in 188ms
 GET /api/realtime 200 in 186ms
 GET /api/notifications?limit=10 200 in 231ms
 GET /api/auth/session 200 in 259ms
 GET /api/notifications?limit=10 200 in 241ms
 GET /api/auth/session 200 in 177ms
 GET /api/notifications?limit=10 200 in 218ms
 GET /api/auth/session 200 in 197ms
 GET /api/notifications?limit=10 200 in 233ms
 GET /api/auth/session 200 in 232ms
 GET /api/realtime 200 in 193ms
 GET /api/notifications?limit=10 200 in 292ms
 GET /api/auth/session 200 in 257ms
 GET /api/auth/session 200 in 140ms
 GET /api/notifications?limit=10 200 in 157ms
 GET /api/notifications?limit=10 200 in 206ms
 GET /api/auth/session 200 in 283ms
 GET /api/notifications?limit=10 200 in 368ms
 GET /api/auth/session 200 in 523ms
 GET /api/realtime 200 in 453ms
 GET /api/notifications?limit=10 200 in 260ms
 GET /api/auth/session 200 in 187ms
 GET /api/realtime 200 in 158ms
 GET /api/realtime 200 in 271ms
 GET /api/auth/session 200 in 250ms
 GET /api/notifications?limit=10 200 in 284ms
 GET /api/realtime 200 in 257ms
 GET /api/realtime 200 in 292ms
 GET /api/realtime 200 in 292ms
 GET /api/notifications?limit=10 200 in 398ms
 GET /api/notifications?limit=10 200 in 399ms
 GET /api/notifications?limit=10 200 in 400ms
 GET /api/notifications?limit=10 200 in 399ms
 GET /api/notifications?limit=10 200 in 400ms
 GET /api/notifications?limit=10 200 in 367ms
 GET /api/notifications?limit=10 200 in 367ms
 GET /api/notifications?limit=10 200 in 368ms
 GET /api/notifications?limit=10 200 in 356ms
 GET /api/notifications?limit=10 200 in 310ms
 GET /api/notifications?limit=10 200 in 311ms
 GET /api/notifications?limit=10 200 in 311ms
 GET /api/notifications?limit=10 200 in 312ms
 GET /api/notifications?limit=10 200 in 310ms
 GET /api/notifications?limit=10 500 in 311ms
 GET /api/notifications?limit=10 500 in 302ms
 GET /api/notifications?limit=10 500 in 302ms
 GET /api/notifications?limit=10 500 in 423ms
 GET /api/notifications?limit=10 500 in 426ms
 GET /api/notifications?limit=10 500 in 429ms
 GET /api/notifications?limit=10 500 in 432ms
 GET /api/notifications?limit=10 500 in 435ms
 GET /api/notifications?limit=10 500 in 438ms
 GET /api/notifications?limit=10 500 in 441ms
 GET /api/notifications?limit=10 500 in 442ms
 GET /api/notifications?limit=10 500 in 444ms
 GET /api/notifications?limit=10 200 in 414ms
 GET /api/notifications?limit=10 500 in 357ms
 GET /api/notifications?limit=10 500 in 360ms
 GET /api/realtime 200 in 374ms
 GET /api/realtime 200 in 375ms
 GET /api/realtime 200 in 376ms
 GET /api/realtime 200 in 377ms
 GET /api/auth/session 200 in 386ms
 GET /api/realtime 200 in 253ms
 GET /api/auth/session 200 in 114ms
 GET /api/auth/session 200 in 175ms
 GET /api/auth/session 200 in 113ms
 GET /api/auth/session 200 in 162ms
 GET /api/realtime 200 in 117ms
 GET /api/realtime 200 in 157ms
 GET /api/auth/session 200 in 164ms
 GET /api/auth/session 200 in 110ms
 GET /api/auth/session 200 in 58ms
 GET /api/auth/session 200 in 108ms
 GET /api/auth/session 200 in 57ms
 GET /api/auth/session 200 in 57ms
 GET /api/auth/session 200 in 135ms
 GET /api/realtime 200 in 64ms
 ○ Compiling /projects/[id] ...
 ✓ Compiled /projects/[id] in 1678ms (3418 modules)
 GET /projects/project-riverside-homes 200 in 2362ms
 GET /projects/project-downtown-office 500 in 2373ms
 GET /projects/project-mall-renovation 200 in 2385ms
 GET /api/notifications?limit=10 200 in 116ms
 GET /api/realtime 200 in 142ms
 GET /api/realtime 200 in 150ms
 GET /api/realtime 200 in 186ms
 GET /api/realtime 200 in 174ms
 GET /api/auth/session 200 in 235ms
 GET /api/realtime 200 in 240ms
 GET /api/realtime 200 in 211ms
 GET /api/notifications?limit=10 200 in 205ms
 GET /api/realtime 200 in 131ms
 GET /api/auth/session 200 in 116ms
 GET /api/realtime 200 in 109ms
 GET /api/notifications?limit=10 200 in 130ms
 GET /api/auth/session 200 in 146ms
 GET /api/realtime 200 in 149ms
 GET /api/notifications?limit=10 200 in 132ms
 GET /api/auth/session 200 in 74ms
 GET /api/realtime 200 in 134ms
 GET /api/auth/session 200 in 174ms
 GET /api/notifications?limit=10 200 in 151ms
 GET /api/notifications?limit=10 200 in 92ms
 GET /api/notifications?limit=10 200 in 92ms
 GET /api/realtime 200 in 108ms
 GET /api/notifications?limit=10 200 in 95ms
 GET /api/realtime 200 in 108ms
 GET /api/realtime 200 in 30888ms
 GET /api/realtime 200 in 30601ms
 GET /api/realtime 200 in 30113ms
 GET /api/realtime 200 in 30113ms
 GET /api/realtime 200 in 30070ms
 GET /api/realtime 200 in 30059ms
 GET /api/realtime 200 in 30060ms
 GET /api/realtime 200 in 30059ms
 GET /api/realtime 200 in 30209ms
 GET /api/realtime 200 in 30061ms
 GET /api/realtime 200 in 30061ms
 GET /api/realtime 200 in 30069ms
 GET /api/realtime 200 in 30059ms
 GET /api/realtime 200 in 30058ms
 GET /api/realtime 200 in 30059ms
 GET /api/realtime 200 in 30061ms
 GET /api/realtime 200 in 30057ms
 GET /api/realtime 200 in 30059ms
 GET /api/realtime 200 in 30057ms
 GET /api/realtime 200 in 30059ms
 GET /api/realtime 200 in 30057ms
 GET /api/realtime 200 in 30057ms
 GET /api/realtime 200 in 30056ms
 GET /api/realtime 200 in 30058ms
 GET /api/realtime 200 in 30059ms
 GET /api/realtime 200 in 30056ms
 GET /api/realtime 200 in 30060ms
 GET /api/realtime 200 in 30056ms
 GET /api/realtime 200 in 30057ms
 GET /api/realtime 200 in 30056ms
 GET /api/realtime 200 in 30060ms
 GET /api/realtime 200 in 30055ms
 GET /api/realtime 200 in 30058ms
 GET /api/realtime 200 in 30062ms
 GET /api/realtime 200 in 29904ms
 GET /api/realtime 200 in 29803ms
 GET /api/realtime 200 in 28693ms
 GET /api/realtime 200 in 28595ms
 GET /api/realtime 200 in 29400ms
 GET /api/realtime 200 in 29601ms
 GET /api/realtime 200 in 20962ms
 GET /api/realtime 200 in 20465ms
 GET /api/realtime 200 in 29208ms
 GET /api/realtime 200 in 27668ms
 GET /api/realtime 200 in 20858ms
 GET /api/realtime 200 in 29502ms
 GET /api/realtime 200 in 28999ms
 GET /api/realtime 200 in 29100ms
 GET /api/realtime 200 in 28801ms
 GET /api/realtime 200 in 29709ms
 GET /api/realtime 200 in 20844ms
 GET /api/realtime 200 in 20471ms
 GET /api/realtime 200 in 18623ms
 GET /api/realtime 200 in 28301ms
 GET /api/realtime 200 in 19011ms
 GET /api/realtime 200 in 19574ms
 GET /api/realtime 200 in 19781ms
 GET /api/realtime 200 in 19671ms
 GET /api/realtime 200 in 19127ms
 GET /api/realtime 200 in 28404ms
 GET /api/realtime 200 in 20476ms
 GET /api/realtime 200 in 20389ms
 GET /api/realtime 200 in 19128ms
 GET /api/realtime 200 in 19467ms
 GET /api/realtime 200 in 20299ms
 GET /api/realtime 200 in 19921ms
 GET /api/realtime 200 in 19929ms
 GET /api/realtime 200 in 19246ms
 GET /api/realtime 200 in 19929ms
 GET /api/realtime 200 in 19871ms
 GET /api/realtime 200 in 19469ms
 GET /api/realtime 200 in 19930ms
 GET /api/realtime 200 in 20167ms
 GET /api/realtime 200 in 20478ms
 GET /api/realtime 200 in 28510ms
 GET /api/realtime 200 in 18555ms
 GET /api/realtime 200 in 19935ms
 GET /api/realtime 200 in 19529ms
 GET /api/realtime 200 in 18390ms
 GET /api/realtime 200 in 18844ms
 GET /api/realtime 200 in 18557ms
 GET /api/realtime 200 in 14302ms
 GET /api/realtime 200 in 18062ms
 GET /api/realtime 200 in 19794ms
 GET /api/realtime 200 in 18138ms
 GET /api/realtime 200 in 18638ms
 GET /api/realtime 200 in 18739ms
 GET /api/realtime 200 in 18845ms
 GET /api/realtime 200 in 18293ms
 GET /api/realtime 200 in 18224ms
 GET /api/realtime 200 in 18122ms
 GET /api/realtime 200 in 17804ms
 GET /api/realtime 200 in 18734ms
 GET /api/realtime 200 in 29328ms
 GET /api/realtime 200 in 19263ms
 GET /api/realtime 200 in 18562ms
 GET /api/realtime 200 in 19457ms
 GET /api/realtime 200 in 19785ms
 GET /api/realtime 200 in 19380ms
 GET /api/realtime 200 in 19390ms
 GET /api/realtime 200 in 27889ms
 GET /api/realtime 200 in 19028ms
 GET /api/realtime 200 in 27794ms
 GET /api/realtime 200 in 19487ms
 GET /api/realtime 200 in 18640ms
 GET /api/realtime 200 in 19030ms
 GET /api/realtime 200 in 19030ms
 GET /api/realtime 200 in 30040ms
 GET /api/realtime 200 in 19262ms
 GET /api/realtime 200 in 19086ms
 GET /api/realtime 200 in 19146ms
 GET /api/realtime 200 in 20493ms
 GET /api/realtime 200 in 18935ms
 GET /api/realtime 200 in 20494ms
 GET /api/realtime 200 in 27997ms
 GET /api/realtime 200 in 19582ms
 GET /api/realtime 200 in 20803ms
 GET /api/realtime 200 in 18939ms
 GET /api/realtime 200 in 18857ms
 GET /api/realtime 200 in 20368ms
 GET /api/realtime 200 in 18746ms
 GET /api/realtime 200 in 18941ms
 GET /api/realtime 200 in 19680ms
 GET /api/realtime 200 in 19159ms
 GET /api/realtime 200 in 20187ms
 GET /api/realtime 200 in 19505ms
 GET /api/realtime 200 in 20263ms
 GET /api/realtime 200 in 20500ms
 GET /api/realtime 200 in 16027ms
 GET /api/realtime 200 in 11178ms
 GET /api/realtime 200 in 1813ms
 GET /api/realtime 200 in 12299ms
 GET /api/realtime 200 in 11082ms
 GET /api/realtime 200 in 15552ms
 GET /api/realtime 200 in 6013ms
 GET /api/realtime 200 in 331ms
 GET /api/realtime 200 in 4544ms
 GET /api/realtime 200 in 5940ms
 GET /api/realtime 200 in 360ms
 GET /api/realtime 200 in 4515ms
 GET /api/realtime 200 in 3817ms
 GET /api/realtime 200 in 2531ms
 GET /api/realtime 200 in 13500ms
 GET /api/realtime 200 in 3573ms
 GET /api/realtime 200 in 16337ms
 GET /api/realtime 200 in 2502ms
 GET /api/realtime 200 in 1580ms
 GET /api/realtime 200 in 1494ms
 GET /api/realtime 200 in 13579ms
 GET /api/realtime 200 in 17523ms
 GET /api/realtime 200 in 5537ms
 GET /api/realtime 200 in 7041ms
 GET /api/realtime 200 in 12818ms
 GET /api/realtime 200 in 4060ms
 GET /api/realtime 200 in 2041ms
 GET /api/realtime 200 in 17860ms
 GET /api/realtime 200 in 16301ms
 GET /api/realtime 200 in 10009ms
 GET /api/realtime 200 in 14940ms
 GET /api/realtime 200 in 5307ms
 GET /api/realtime 200 in 6985ms
 GET /api/realtime 200 in 10109ms
 GET /api/realtime 200 in 1117ms
 GET /api/realtime 200 in 1935ms
 GET /api/realtime 200 in 17743ms
 GET /api/realtime 200 in 3943ms
 GET /api/realtime 200 in 4296ms
 GET /api/realtime 200 in 16304ms
 GET /api/realtime 200 in 628ms
 GET /api/realtime 200 in 11584ms
 GET /api/realtime 200 in 14954ms
 GET /api/realtime 200 in 12717ms
 GET /api/realtime 200 in 2964ms
 GET /api/realtime 200 in 18008ms
 GET /api/realtime 200 in 17220ms
 GET /api/realtime 200 in 4183ms
 GET /api/realtime 200 in 17286ms
 GET /api/realtime 200 in 16043ms
 GET /api/realtime 200 in 13153ms
 GET /api/realtime 200 in 3699ms
 GET /api/realtime 200 in 11912ms
 GET /api/realtime 200 in 3319ms
 GET /api/realtime 200 in 17000ms
 GET /api/realtime 200 in 12010ms
 GET /api/realtime 200 in 11800ms
 GET /api/realtime 200 in 17534ms
 GET /api/realtime 200 in 18433ms
 GET /api/realtime 200 in 13777ms
 GET /api/realtime 200 in 2316ms
 GET /api/realtime 200 in 12413ms
 GET /api/realtime 200 in 16996ms
 GET /api/realtime 200 in 4673ms
 GET /api/realtime 200 in 14619ms
 GET /api/realtime 200 in 894ms
 GET /api/realtime 200 in 2858ms
 GET /api/realtime 200 in 13437ms
 GET /api/realtime 200 in 2092ms
 GET /api/realtime 200 in 15215ms
 GET /api/realtime 200 in 3235ms
 GET /api/realtime 200 in 18182ms
 GET /api/realtime 200 in 4173ms
 GET /api/realtime 200 in 15362ms
 GET /api/realtime 200 in 6342ms
 GET /api/realtime 200 in 17756ms
 GET /api/realtime 200 in 1366ms
 GET /api/realtime 200 in 499ms
 GET /api/realtime 200 in 17229ms
 GET /api/realtime 200 in 13028ms
 GET /api/realtime 200 in 11709ms
 GET /api/realtime 200 in 3088ms
 GET /api/realtime 200 in 4797ms
 GET /api/realtime 200 in 18607ms
 GET /api/realtime 200 in 5015ms
 GET /api/realtime 200 in 17340ms
 GET /api/realtime 200 in 17345ms
 GET /api/realtime 200 in 17345ms
 GET /api/realtime 200 in 15673ms
 GET /api/realtime 200 in 16228ms
 GET /api/realtime 200 in 17105ms
 GET /api/realtime 200 in 15387ms
 GET /api/realtime 200 in 14251ms
 GET /api/realtime 200 in 15030ms
 GET /api/realtime 200 in 15397ms
 GET /api/realtime 200 in 18344ms
 GET /api/realtime 200 in 12634ms
 GET /api/realtime 200 in 17545ms
 GET /api/realtime 200 in 18275ms
 GET /api/realtime 200 in 17006ms
 GET /api/realtime 200 in 13978ms
 GET /api/realtime 200 in 19624ms
 GET /api/realtime 200 in 18542ms
 GET /api/realtime 200 in 20903ms
 GET /api/realtime 200 in 17008ms
 GET /api/realtime 200 in 17997ms
 GET /api/realtime 200 in 6744ms
 GET /api/realtime 200 in 18276ms
 GET /api/realtime 200 in 16446ms
 GET /api/realtime 200 in 17494ms
 GET /api/realtime 200 in 16329ms
 GET /api/realtime 200 in 4918ms
 GET /api/realtime 200 in 17887ms
 GET /api/realtime 200 in 17498ms
 GET /api/realtime 200 in 11317ms
 GET /api/realtime 200 in 12133ms
 GET /api/realtime 200 in 17356ms
 GET /api/realtime 200 in 18003ms
 GET /api/realtime 200 in 18453ms
 GET /api/realtime 200 in 17863ms
 GET /api/realtime 200 in 16824ms
 GET /api/realtime 200 in 18125ms
 GET /api/realtime 200 in 17837ms
 GET /api/realtime 200 in 17197ms
 GET /api/realtime 200 in 16523ms
 GET /api/realtime 200 in 19319ms
 GET /api/realtime 200 in 17555ms
 GET /api/realtime 200 in 18909ms
 GET /api/realtime 200 in 17498ms
 GET /api/realtime 200 in 18006ms
 GET /api/realtime 200 in 16242ms
 GET /api/realtime 200 in 16938ms
 GET /api/realtime 200 in 18513ms
 GET /api/realtime 200 in 17775ms
 GET /api/realtime 200 in 19187ms
 GET /api/realtime 200 in 12543ms
 GET /api/realtime 200 in 19143ms
 GET /api/realtime 200 in 17020ms
 GET /api/realtime 200 in 19145ms
 GET /api/realtime 200 in 18508ms
 GET /api/realtime 200 in 18289ms
 GET /api/realtime 200 in 16118ms
 GET /api/realtime 200 in 17250ms
 GET /api/realtime 200 in 18800ms
 GET /api/realtime 200 in 18460ms
 GET /api/realtime 200 in 16262ms
 GET /api/realtime 200 in 18131ms
 GET /api/realtime 200 in 20859ms
 GET /api/realtime 200 in 17780ms
 GET /api/realtime 200 in 18707ms
 GET /api/realtime 200 in 17907ms
 GET /api/realtime 200 in 13708ms
 GET /api/realtime 200 in 17361ms
 GET /api/realtime 200 in 18363ms
 GET /api/realtime 200 in 28987ms
 GET /api/realtime 200 in 17874ms
 GET /api/realtime 200 in 18364ms
 GET /api/realtime 200 in 17918ms
 GET /api/realtime 200 in 15695ms
 GET /api/realtime 200 in 2924ms
 GET /api/realtime 200 in 2010ms
 GET /api/realtime 200 in 4485ms
 GET /api/realtime 200 in 4680ms
 GET /api/realtime 200 in 11036ms
 GET /api/realtime 200 in 15627ms
 GET /api/realtime 200 in 3594ms
 GET /api/realtime 200 in 4357ms
 GET /api/realtime 200 in 10834ms
 GET /api/realtime 200 in 5248ms
 GET /api/realtime 200 in 690ms
 GET /api/realtime 200 in 12255ms
 GET /api/realtime 200 in 16945ms
 GET /api/realtime 200 in 248ms
 GET /api/realtime 200 in 15267ms
 GET /api/realtime 200 in 15084ms
 GET /api/realtime 200 in 17432ms
 GET /api/realtime 200 in 12967ms
 GET /api/realtime 200 in 4459ms
 GET /api/realtime 200 in 3705ms
 GET /api/realtime 200 in 4907ms
 GET /api/realtime 200 in 6737ms
 GET /api/realtime 200 in 2214ms
 GET /api/realtime 200 in 5282ms
 GET /api/realtime 200 in 847ms
 GET /api/realtime 200 in 11438ms
 GET /api/realtime 200 in 17578ms
 GET /api/realtime 200 in 10358ms
 GET /api/realtime 200 in 2445ms
 GET /api/realtime 200 in 2246ms
 GET /api/realtime 200 in 16299ms
 GET /api/realtime 200 in 7097ms
 GET /api/realtime 200 in 10477ms
 GET /api/realtime 200 in 5760ms
 GET /api/realtime 200 in 5482ms
 GET /api/realtime 200 in 3480ms
 GET /api/realtime 200 in 5025ms
 GET /api/realtime 200 in 15174ms
 GET /api/realtime 200 in 6572ms
 GET /api/realtime 200 in 16859ms
 GET /api/realtime 200 in 14808ms
 GET /api/realtime 200 in 2787ms
 GET /api/realtime 200 in 5143ms
 GET /api/realtime 200 in 11541ms
 GET /api/realtime 200 in 19017ms
 GET /api/realtime 200 in 14545ms
 GET /api/realtime 200 in 553ms
 GET /api/realtime 200 in 3521ms
 GET /api/realtime 200 in 301ms
 GET /api/realtime 200 in 171ms
 GET /api/realtime 200 in 2327ms
 GET /api/realtime 200 in 16271ms
 GET /api/realtime 200 in 831ms
 GET /api/realtime 200 in 5709ms
 GET /api/realtime 200 in 3051ms
 GET /api/realtime 200 in 17390ms
 GET /api/realtime 200 in 1906ms
 GET /api/realtime 200 in 6581ms
 GET /api/realtime 200 in 2711ms
 GET /api/realtime 200 in 10649ms
 GET /api/realtime 200 in 1326ms
 GET /api/realtime 200 in 16578ms
 GET /api/realtime 200 in 13937ms
 GET /api/realtime 200 in 28244ms
 GET /api/realtime 200 in 16578ms
 GET /api/realtime 200 in 6136ms
 GET /api/realtime 200 in 13412ms
 GET /api/realtime 200 in 16839ms
 GET /api/realtime 200 in 3168ms
 GET /api/realtime 200 in 1212ms
 GET /api/realtime 200 in 5897ms
 GET /api/realtime 200 in 10752ms
 GET /api/realtime 200 in 2678ms
 GET /api/realtime 200 in 18237ms
 GET /api/realtime 200 in 3409ms
 GET /api/realtime 200 in 4812ms
 GET /api/realtime 200 in 14942ms
 GET /api/realtime 200 in 5523ms
 GET /api/realtime 200 in 7038ms
 GET /api/realtime 200 in 6303ms
 GET /api/realtime 200 in 6272ms
 GET /api/realtime 200 in 5413ms
 GET /api/realtime 200 in 19989ms
 GET /api/realtime 200 in 4105ms
 GET /api/realtime 200 in 3271ms
 GET /api/realtime 200 in 18583ms
 GET /api/realtime 200 in 18164ms
 GET /api/realtime 200 in 1100ms
 GET /api/realtime 200 in 14205ms
 GET /api/realtime 200 in 16281ms
 GET /api/realtime 200 in 1448ms
 GET /api/realtime 200 in 19677ms
 GET /api/realtime 200 in 5189ms
 GET /api/realtime 200 in 3995ms
 GET /api/realtime 200 in 17600ms
 GET /api/realtime 200 in 1067ms
 GET /api/realtime 200 in 13321ms
 GET /api/realtime 200 in 17600ms
 GET /api/realtime 200 in 1309ms
 GET /api/realtime 200 in 10284ms
 GET /api/realtime 200 in 1689ms
 GET /api/realtime 200 in 2498ms
 GET /api/realtime 200 in 1782ms
 GET /api/realtime 200 in 16501ms
 GET /api/realtime 200 in 3875ms
 GET /api/realtime 200 in 5649ms
 GET /api/realtime 200 in 17549ms
 GET /api/realtime 200 in 2840ms
 GET /api/realtime 200 in 1544ms
 GET /api/realtime 200 in 16812ms
 GET /api/realtime 200 in 993ms
 GET /api/realtime 200 in 1804ms
 GET /api/realtime 200 in 15448ms
 GET /api/realtime 200 in 10967ms
[?25h
