  ▲ Next.js 14.2.28
  - Local:        http://localhost:3000
  - Environments: .env
  - Experiments (use with caution):
    · outputFileTracingRoot

 ✓ Starting...
 ✓ Ready in 2.2s
 ○ Compiling / ...
 ✓ Compiled / in 1745ms (596 modules)
 GET / 200 in 2287ms
 ✓ Compiled in 499ms (296 modules)
 GET / 200 in 75ms
 GET / 200 in 60ms
 GET / 200 in 69ms
 ✓ Compiled /api/auth/[...nextauth] in 468ms (541 modules)
 GET /api/auth/session 200 in 972ms
 GET /api/auth/session 200 in 74ms
 ○ Compiling /login ...
 ✓ Compiled /login in 593ms (871 modules)
 GET /api/auth/providers 200 in 79ms
 GET /api/auth/csrf 200 in 59ms
 POST /api/auth/callback/credentials 200 in 448ms
 GET /api/auth/session 200 in 76ms
 ✓ Compiled /middleware in 206ms (174 modules)
 ○ Compiling /dashboard ...
 ✓ Compiled /dashboard in 1517ms (2815 modules)
 GET /dashboard?_rsc=iqngu 200 in 107ms
 ✓ Compiled /api/notifications in 366ms (1547 modules)
 ✓ Compiled (1573 modules)
 GET /api/notifications?limit=10 200 in 758ms
 GET /api/realtime 200 in 893ms
 GET /api/realtime 200 in 920ms
 GET /api/notifications?limit=10 200 in 52ms
 GET /api/realtime 200 in 214ms
 ○ Compiling /projects ...
 ✓ Compiled /projects in 1708ms (3009 modules)
 GET /projects?_rsc=x7vz2 200 in 72ms
 GET / 200 in 98ms
 ○ Compiling /projects/[id] ...
 ✓ Compiled /projects/[id] in 2.1s (3108 modules)
 GET /projects/project-mall-renovation?_rsc=1o8h7 200 in 103ms
 GET /projects/project-riverside-homes?_rsc=eklsh 200 in 61ms
 GET /api/realtime 200 in 30600ms
 GET /api/realtime 200 in 30202ms
 GET /api/realtime 200 in 30205ms
 GET /api/realtime 200 in 30200ms
 GET /api/realtime 200 in 30204ms
 GET /api/realtime 200 in 30210ms
 GET /api/realtime 200 in 30198ms
 GET /api/realtime 200 in 30199ms
 GET /api/realtime 200 in 30206ms
 GET /api/realtime 200 in 30190ms
 GET /api/realtime 200 in 30213ms
 GET /api/realtime 200 in 30205ms
 GET /api/realtime 200 in 30226ms
 GET /api/realtime 200 in 31358ms
 GET /api/realtime 200 in 30245ms
 GET /api/realtime 200 in 30201ms
 GET /api/realtime 200 in 30220ms
 GET /api/realtime 200 in 30221ms
 GET / 200 in 104ms
 GET /api/realtime 200 in 30206ms
 GET /api/realtime 200 in 30208ms
 GET /api/realtime 200 in 30199ms
 GET /api/realtime 200 in 30220ms
 GET /api/realtime 200 in 30221ms
 GET /api/realtime 200 in 30203ms
 GET /api/realtime 200 in 31812ms
 GET /api/realtime 200 in 30205ms
 GET /api/realtime 200 in 30194ms
 GET /api/realtime 200 in 30196ms
 GET /api/realtime 200 in 30200ms
 GET /api/realtime 200 in 30201ms
 GET /api/realtime 200 in 30202ms
 GET /api/realtime 200 in 30194ms
 GET /api/realtime 200 in 30205ms
 GET /api/realtime 200 in 30199ms
 GET /api/realtime 200 in 30208ms
 GET /api/realtime 200 in 30199ms
 GET /api/realtime 200 in 30204ms
 GET /api/realtime 200 in 30198ms
 GET /api/realtime 200 in 30214ms
 GET /api/realtime 200 in 30209ms
 GET /api/realtime 200 in 30216ms
 GET /api/realtime 200 in 30198ms
 GET /api/realtime 200 in 30215ms
 GET /api/realtime 200 in 30223ms
 GET /api/realtime 200 in 30218ms
 GET /api/realtime 200 in 30225ms
 GET /api/realtime 200 in 30194ms
 GET /api/realtime 200 in 30212ms
 GET /api/realtime 200 in 30213ms
 GET /api/realtime 200 in 30226ms
 GET /api/realtime 200 in 30227ms
 GET /api/realtime 200 in 30202ms
 GET /api/realtime 200 in 30211ms
 GET /api/realtime 200 in 30214ms
 GET /api/realtime 200 in 30198ms
 GET /api/realtime 200 in 30196ms
 GET /api/realtime 200 in 30198ms
 GET /api/realtime 200 in 30193ms
 GET / 200 in 64ms
 GET /api/realtime 200 in 30219ms
 GET /api/realtime 200 in 30211ms
 GET /api/realtime 200 in 30207ms
 GET /api/realtime 200 in 30201ms
 GET /api/realtime 200 in 30217ms
 GET /api/realtime 200 in 30210ms
 GET /api/realtime 200 in 30220ms
 GET /api/realtime 200 in 30202ms
 GET /api/realtime 200 in 30230ms
 GET /api/realtime 200 in 30211ms
 GET /api/realtime 200 in 30204ms
 GET /api/realtime 200 in 30207ms
 GET /api/realtime 200 in 30201ms
 GET /api/realtime 200 in 30206ms
 GET /api/realtime 200 in 30194ms
 GET /api/realtime 200 in 30214ms
 GET /api/realtime 200 in 30224ms
 GET /api/realtime 200 in 30195ms
 GET /api/realtime 200 in 30220ms
 GET /api/realtime 200 in 30236ms
 GET /api/realtime 200 in 30207ms
 GET /api/realtime 200 in 30215ms
 GET /api/realtime 200 in 30200ms
 GET /api/realtime 200 in 30200ms
 GET /api/realtime 200 in 30221ms
 GET /api/realtime 200 in 30211ms
 GET /api/realtime 200 in 30239ms
 GET /api/realtime 200 in 30201ms
 GET /api/realtime 200 in 30199ms
 GET /api/realtime 200 in 30199ms
 GET /api/realtime 200 in 30216ms
 GET /api/realtime 200 in 30209ms
 GET /api/realtime 200 in 30226ms
 GET /api/realtime 200 in 30210ms
 GET /api/realtime 200 in 30244ms
 GET /api/realtime 200 in 30205ms
 GET /api/realtime 200 in 30207ms
 GET /api/realtime 200 in 30211ms
 GET /api/realtime 200 in 30216ms
 GET /api/realtime 200 in 30207ms
 GET / 200 in 61ms
 GET /api/realtime 200 in 30221ms
 GET /api/realtime 200 in 30207ms
 GET /api/realtime 200 in 30212ms
 GET /api/realtime 200 in 30218ms
 GET /api/realtime 200 in 30202ms
 GET /api/realtime 200 in 30203ms
 GET /api/realtime 200 in 30207ms
 GET /api/realtime 200 in 30205ms
 GET /api/realtime 200 in 30201ms
 GET /api/realtime 200 in 30361ms
 GET /api/realtime 200 in 30255ms
 GET /api/realtime 200 in 30206ms
 GET /api/realtime 200 in 30222ms
 GET /api/realtime 200 in 30209ms
 GET /api/realtime 200 in 30208ms
 GET /api/realtime 200 in 30199ms
 GET /api/realtime 200 in 30202ms
 GET /api/realtime 200 in 30206ms
 GET /api/realtime 200 in 30206ms
 GET /api/realtime 200 in 30239ms
 GET /api/realtime 200 in 30196ms
 GET /api/realtime 200 in 30208ms
 GET /api/realtime 200 in 30213ms
 GET /api/realtime 200 in 30207ms
 GET /api/realtime 200 in 30203ms
 GET /api/realtime 200 in 30201ms
 GET /api/realtime 200 in 30193ms
 GET /api/realtime 200 in 30214ms
 GET /api/realtime 200 in 30216ms
 GET /api/realtime 200 in 30209ms
 GET /api/realtime 200 in 30201ms
 GET /api/realtime 200 in 30193ms
 GET /api/realtime 200 in 30195ms
 GET /api/realtime 200 in 30210ms
 GET /api/realtime 200 in 30212ms
 GET /api/realtime 200 in 30212ms
 GET /api/realtime 200 in 30215ms
 GET /api/realtime 200 in 30212ms
 GET /api/realtime 200 in 30206ms
 GET /api/realtime 200 in 30201ms
 GET /api/realtime 200 in 30206ms
 GET /api/realtime 200 in 30194ms
 GET / 200 in 60ms
 GET /api/realtime 200 in 30198ms
 GET /api/realtime 200 in 30221ms
 GET /api/realtime 200 in 30208ms
 GET /api/realtime 200 in 30200ms
 GET /api/realtime 200 in 30210ms
 GET /api/realtime 200 in 30205ms
 GET /api/realtime 200 in 30213ms
 GET /api/realtime 200 in 30221ms
 GET /api/realtime 200 in 30190ms
 GET /api/realtime 200 in 30201ms
 GET /api/realtime 200 in 30207ms
 GET /api/realtime 200 in 30199ms
 GET /api/realtime 200 in 30214ms
 GET /api/realtime 200 in 30206ms
 GET /api/realtime 200 in 30206ms
 GET /api/realtime 200 in 30195ms
 GET /api/realtime 200 in 30219ms
 GET /api/realtime 200 in 30204ms
 GET /api/realtime 200 in 30210ms
 GET /api/realtime 200 in 30203ms
 GET /api/realtime 200 in 30200ms
 GET /api/realtime 200 in 30206ms
 GET /api/realtime 200 in 30199ms
 GET /api/realtime 200 in 30194ms
 GET /api/realtime 200 in 30213ms
 GET /api/realtime 200 in 30206ms
 GET /api/realtime 200 in 30195ms
 GET /api/realtime 200 in 30203ms
 GET /api/realtime 200 in 30225ms
 GET /api/realtime 200 in 30194ms
 GET /api/realtime 200 in 30216ms
 GET /api/realtime 200 in 30210ms
 GET /api/realtime 200 in 30217ms
 GET /api/realtime 200 in 30192ms
 GET /api/realtime 200 in 30221ms
 GET /api/realtime 200 in 30198ms
 GET /api/realtime 200 in 30214ms
 GET /api/realtime 200 in 30200ms
 GET /api/realtime 200 in 30200ms
 GET /api/realtime 200 in 30205ms
 GET /api/realtime 200 in 30221ms
 GET /api/realtime 200 in 30205ms
 GET / 200 in 61ms
 GET /api/realtime 200 in 30217ms
 GET /api/realtime 200 in 30211ms
 GET /api/realtime 200 in 30208ms
 GET /api/realtime 200 in 30197ms
 GET /api/realtime 200 in 30197ms
 GET /api/realtime 200 in 30203ms
 GET /api/realtime 200 in 30225ms
 GET /api/realtime 200 in 30200ms
 GET /api/realtime 200 in 30200ms
 GET /api/realtime 200 in 30204ms
 GET /api/realtime 200 in 30209ms
 GET /api/realtime 200 in 30225ms
 GET /api/realtime 200 in 30212ms
 GET /api/realtime 200 in 30219ms
 GET /api/realtime 200 in 30213ms
 GET /api/realtime 200 in 30216ms
 GET /api/realtime 200 in 30210ms
 GET /api/realtime 200 in 30213ms
 GET /api/realtime 200 in 30204ms
 GET /api/realtime 200 in 30209ms
 GET /api/realtime 200 in 30192ms
 GET /api/realtime 200 in 30209ms
 GET /api/realtime 200 in 30199ms
 GET /api/realtime 200 in 30199ms
 GET /api/realtime 200 in 30209ms
 GET /api/realtime 200 in 30206ms
 GET /api/realtime 200 in 30204ms
 GET /api/realtime 200 in 30212ms
 GET /api/realtime 200 in 30215ms
 GET /api/realtime 200 in 30210ms
 GET /api/realtime 200 in 30217ms
 GET /api/realtime 200 in 30202ms
 GET /api/realtime 200 in 30207ms
 GET /api/realtime 200 in 30213ms
 GET /api/realtime 200 in 30212ms
 GET /api/realtime 200 in 30199ms
 GET /api/realtime 200 in 30223ms
 GET /api/realtime 200 in 30205ms
 GET /api/realtime 200 in 30213ms
 GET /api/realtime 200 in 30210ms
 GET / 200 in 74ms
 GET /api/realtime 200 in 30212ms
 GET /api/realtime 200 in 30211ms
 GET /api/realtime 200 in 30193ms
 GET /api/realtime 200 in 30193ms
 GET /api/realtime 200 in 30191ms
 GET /api/realtime 200 in 30206ms
 GET /api/realtime 200 in 30213ms
 GET /api/realtime 200 in 30208ms
 GET /api/realtime 200 in 30206ms
 GET /api/realtime 200 in 30208ms
 GET /api/realtime 200 in 30201ms
 GET /api/realtime 200 in 30203ms
 GET /api/realtime 200 in 30214ms
 GET /api/realtime 200 in 30211ms
 GET /api/realtime 200 in 30201ms
 GET /api/realtime 200 in 30220ms
 GET /api/realtime 200 in 30304ms
 GET /api/realtime 200 in 30208ms
 GET /api/realtime 200 in 30196ms
 GET /api/realtime 200 in 30206ms
 GET /api/realtime 200 in 30220ms
 GET /api/realtime 200 in 30206ms
 GET /api/realtime 200 in 30193ms
 GET /api/realtime 200 in 30205ms
 GET /api/realtime 200 in 30216ms
 GET /api/realtime 200 in 30200ms
 GET /api/realtime 200 in 30214ms
 GET /api/realtime 200 in 30210ms
 GET /api/realtime 200 in 30216ms
 GET /api/realtime 200 in 30213ms
 GET /api/realtime 200 in 30199ms
 GET /api/realtime 200 in 30210ms
 GET /api/realtime 200 in 30193ms
 GET /api/realtime 200 in 30196ms
 GET /api/realtime 200 in 30207ms
 GET /api/realtime 200 in 30194ms
 GET /api/realtime 200 in 30212ms
 GET /api/realtime 200 in 30212ms
 GET /api/realtime 200 in 30214ms
 GET /api/realtime 200 in 30194ms
 GET /api/realtime 200 in 10650ms
 GET /api/realtime 200 in 30205ms
 GET /api/realtime 200 in 30216ms
 GET / 200 in 67ms
 GET /api/realtime 200 in 30224ms
 GET /api/realtime 200 in 30214ms
 GET /api/realtime 200 in 30206ms
 GET /api/realtime 200 in 30198ms
 GET /api/realtime 200 in 30199ms
 GET /api/realtime 200 in 30208ms
 GET /api/realtime 200 in 30209ms
 GET /api/realtime 200 in 30193ms
 GET /api/realtime 200 in 30213ms
 GET /api/realtime 200 in 30199ms
 GET /api/realtime 200 in 30220ms
 GET /api/realtime 200 in 30197ms
 GET /api/realtime 200 in 30210ms
 GET /api/realtime 200 in 30201ms
 GET /api/realtime 200 in 30219ms
 GET /api/realtime 200 in 30204ms
 GET /api/realtime 200 in 30195ms
 GET /api/realtime 200 in 30214ms
 GET /api/realtime 200 in 30212ms
 GET /api/realtime 200 in 30207ms
 GET /api/realtime 200 in 30209ms
 GET /api/realtime 200 in 30214ms
 GET /api/realtime 200 in 30216ms
 GET /api/realtime 200 in 30206ms
 GET /api/realtime 200 in 30202ms
 GET /api/realtime 200 in 30212ms
 GET /api/realtime 200 in 30222ms
 GET /api/realtime 200 in 30208ms
 GET /api/realtime 200 in 30208ms
 GET /api/realtime 200 in 30206ms
 GET /api/realtime 200 in 30206ms
 GET /api/realtime 200 in 30201ms
 GET /api/realtime 200 in 30213ms
 GET /api/realtime 200 in 30222ms
 GET /api/realtime 200 in 30211ms
 GET /api/realtime 200 in 30209ms
 GET /api/realtime 200 in 30219ms
 GET /api/realtime 200 in 30212ms
 GET /api/realtime 200 in 30209ms
 GET /api/realtime 200 in 30235ms
 GET / 200 in 73ms
 GET /api/realtime 200 in 30226ms
 GET /api/realtime 200 in 30206ms
 GET /api/realtime 200 in 30218ms
 GET /api/realtime 200 in 30211ms
 GET /api/realtime 200 in 30207ms
 GET /api/realtime 200 in 30218ms
 GET /api/realtime 200 in 30220ms
 GET /api/realtime 200 in 30220ms
 GET /api/realtime 200 in 30199ms
 GET /api/realtime 200 in 30207ms
 GET /api/realtime 200 in 30206ms
 GET /api/realtime 200 in 30203ms
 GET /api/realtime 200 in 30218ms
 GET /api/realtime 200 in 30195ms
 GET /api/realtime 200 in 30223ms
 GET /api/realtime 200 in 30215ms
 GET /api/realtime 200 in 30198ms
 GET /api/realtime 200 in 30204ms
 GET /api/realtime 200 in 30245ms
 GET /api/realtime 200 in 30199ms
 GET /api/realtime 200 in 30220ms
 GET /api/realtime 200 in 30208ms
 GET /api/realtime 200 in 30211ms
 GET /api/realtime 200 in 30206ms
 GET /api/realtime 200 in 30200ms
 GET /api/realtime 200 in 30216ms
 GET /api/realtime 200 in 30204ms
 GET /api/realtime 200 in 30194ms
 GET /api/realtime 200 in 30218ms
 GET /api/realtime 200 in 30207ms
 GET /api/realtime 200 in 30214ms
 GET /api/realtime 200 in 30216ms
 GET /api/realtime 200 in 30200ms
 GET /api/realtime 200 in 30212ms
 GET /api/realtime 200 in 30190ms
 GET /api/realtime 200 in 30210ms
 GET /api/realtime 200 in 30220ms
 GET /api/realtime 200 in 30214ms
 GET /api/realtime 200 in 30214ms
 GET /api/realtime 200 in 30218ms
 GET / 200 in 59ms
 GET /api/realtime 200 in 30212ms
 GET /api/realtime 200 in 30197ms
 GET /api/realtime 200 in 30195ms
 GET /api/realtime 200 in 30211ms
 GET /api/realtime 200 in 30199ms
 GET /api/realtime 200 in 30218ms
 GET /api/realtime 200 in 30214ms
 GET /api/realtime 200 in 30202ms
 GET /api/realtime 200 in 30213ms
 GET /api/realtime 200 in 30212ms
 GET /api/realtime 200 in 30201ms
 GET /api/realtime 200 in 30206ms
 GET /api/realtime 200 in 30215ms
 GET /api/realtime 200 in 30209ms
 GET /api/realtime 200 in 30216ms
 GET /api/realtime 200 in 30201ms
 GET /api/realtime 200 in 30212ms
 GET /api/realtime 200 in 30206ms
 GET /api/realtime 200 in 30207ms
 GET /api/realtime 200 in 30209ms
 GET /api/realtime 200 in 30214ms
 GET /api/realtime 200 in 30201ms
 GET /api/realtime 200 in 30209ms
 GET /api/realtime 200 in 30191ms
 GET /api/realtime 200 in 30215ms
 GET /api/realtime 200 in 30213ms
 GET /api/realtime 200 in 30210ms
 GET /api/realtime 200 in 30212ms
 GET /api/realtime 200 in 30226ms
 GET /api/realtime 200 in 30198ms
 GET /api/realtime 200 in 30202ms
 GET /api/realtime 200 in 30216ms
 GET /api/realtime 200 in 30210ms
 GET /api/realtime 200 in 30212ms
 GET /api/realtime 200 in 30210ms
 GET /api/realtime 200 in 30205ms
 GET /api/realtime 200 in 30198ms
 GET /api/realtime 200 in 215ms
 GET /api/realtime 200 in 30208ms
 GET /api/realtime 200 in 30213ms
 GET /api/realtime 200 in 30208ms
 GET /api/realtime 200 in 30213ms
 GET /api/realtime 200 in 30196ms
 GET /api/realtime 200 in 30213ms
 GET /api/realtime 200 in 30220ms
 GET /api/realtime 200 in 30218ms
 GET /api/realtime 200 in 30199ms
 GET /api/realtime 200 in 30216ms
 GET /api/realtime 200 in 30200ms
 GET /api/realtime 200 in 30207ms
 GET /api/realtime 200 in 30207ms
 GET /api/realtime 200 in 30194ms
 GET /api/realtime 200 in 30201ms
 GET /api/realtime 200 in 30206ms
 GET /api/realtime 200 in 30203ms
 GET /api/realtime 200 in 30216ms
 GET /api/realtime 200 in 30228ms
 GET /api/realtime 200 in 30201ms
 GET /api/realtime 200 in 30215ms
 GET /api/realtime 200 in 30202ms
 GET /api/realtime 200 in 30208ms
 GET /api/realtime 200 in 30199ms
 GET /api/realtime 200 in 30207ms
 GET /api/realtime 200 in 30202ms
 GET /api/realtime 200 in 30222ms
 GET /api/realtime 200 in 30206ms
 GET /api/realtime 200 in 330925ms
 GET /api/realtime 200 in 30192ms
 GET /api/realtime 200 in 30214ms
 GET /api/realtime 200 in 30203ms
 GET /api/realtime 200 in 30208ms
 GET /api/realtime 200 in 30215ms
 GET /api/realtime 200 in 30209ms
 GET /api/realtime 200 in 30221ms
 GET /api/realtime 200 in 30206ms
 GET /api/realtime 200 in 30208ms
 GET /api/realtime 200 in 30215ms
 GET /api/realtime 200 in 30216ms
 GET /api/realtime 200 in 30215ms
 GET /api/realtime 200 in 30206ms
 ✓ Compiled in 653ms (1672 modules)
 ✓ Compiled in 753ms (1412 modules)
 ✓ Compiled in 408ms (1412 modules)
 ✓ Compiled in 695ms (1412 modules)
 ✓ Compiled in 429ms (1412 modules)
 ✓ Compiled in 411ms (1412 modules)
 ✓ Compiled in 510ms (1412 modules)
 ✓ Compiled in 501ms (1412 modules)
 ✓ Compiled in 417ms (1412 modules)
 ✓ Compiled in 600ms (1412 modules)
 ✓ Compiled in 466ms (1412 modules)
 ✓ Compiled in 466ms (1412 modules)
 ✓ Compiled in 813ms (1413 modules)
 ✓ Compiled in 651ms (1436 modules)
 ✓ Compiled in 513ms (1436 modules)
 ✓ Compiled in 419ms (1436 modules)
 ✓ Compiled in 422ms (1436 modules)
[?25h
