  ▲ Next.js 14.2.28
  - Local:        http://localhost:3000
  - Environments: .env
  - Experiments (use with caution):
    · outputFileTracingRoot

 ✓ Starting...
 ✓ Ready in 1995ms
 ○ Compiling / ...
 ✓ Compiled / in 1996ms (596 modules)
 GET / 200 in 2528ms
 ✓ Compiled in 489ms (296 modules)
 GET / 200 in 65ms
 ✓ Compiled /api/auth/[...nextauth] in 426ms (541 modules)
 GET /api/auth/session 200 in 881ms
 GET /api/auth/session 200 in 58ms
 GET / 200 in 110ms
 GET / 200 in 53ms
 GET / 200 in 57ms
 GET / 200 in 55ms
 GET /api/auth/session 200 in 51ms
 GET /api/auth/session 200 in 46ms
 GET / 200 in 69ms
 GET / 200 in 48ms
 GET / 200 in 52ms
 GET / 200 in 49ms
 GET / 200 in 48ms
 GET / 200 in 47ms
 GET /api/auth/session 200 in 49ms
 GET /api/auth/session 200 in 51ms
 GET / 200 in 48ms
 ✓ Compiled /api/admin/organizations in 447ms (295 modules)
 GET /api/admin/organizations 401 in 545ms
[?25h
