Failed to compile.

./app/api/mewp-checks/route.ts
Error: 
  [31mx[0m Expected ',', got '}'
     ,-[[36;1;4m/home/ubuntu/cortexbuild_pro/nextjs_space/app/api/mewp-checks/route.ts[0m:179:1]
 [2m179[0m |           safeToUse: check.isSafeToUse })
 [2m180[0m |         }
 [2m181[0m |       }
 [2m182[0m |     });
     : [31;1m    ^[0m
 [2m183[0m | 
 [2m184[0m |     broadcastToOrganization(orgId, {
 [2m185[0m |       type: "mewp_check_completed",
     `----

Caused by:
    Syntax Error

Import trace for requested module:
./app/api/mewp-checks/route.ts

./app/api/tool-checks/route.ts
Error: 
  [31mx[0m Expected ',', got '}'
     ,-[[36;1;4m/home/ubuntu/cortexbuild_pro/nextjs_space/app/api/tool-checks/route.ts[0m:177:1]
 [2m177[0m |           safeToUse: check.isSafeToUse })
 [2m178[0m |         }
 [2m179[0m |       }
 [2m180[0m |     });
     : [31;1m    ^[0m
 [2m181[0m | 
 [2m182[0m |     broadcastToOrganization(orgId, {
 [2m183[0m |       type: "tool_check_completed",
     `----

Caused by:
    Syntax Error

Import trace for requested module:
./app/api/tool-checks/route.ts


> Build failed because of webpack errors
