  ▲ Next.js 14.2.28
  - Local:        http://localhost:3000
  - Environments: .env
  - Experiments (use with caution):
    · outputFileTracingRoot

 ✓ Starting...
 ✓ Ready in 1593ms
 ○ Compiling / ...
 ✓ Compiled / in 2.1s (598 modules)
 GET / 200 in 2823ms
 ✓ Compiled in 677ms (297 modules)
 ✓ Compiled /api/auth/[...nextauth] in 501ms (542 modules)
 GET /api/auth/providers 200 in 1027ms
 GET / 200 in 207ms
 GET /api/auth/session 200 in 97ms
 GET /api/auth/session 200 in 113ms
 ○ Compiling /signup ...
 ✓ Compiled /signup in 1194ms (883 modules)
 GET /signup 200 in 1467ms
 GET /login 200 in 1468ms
 GET /api/auth/session 200 in 115ms
 GET /api/auth/session 200 in 112ms
 GET /api/auth/session 200 in 89ms
 GET /api/auth/session 200 in 89ms
 GET /api/auth/session 200 in 98ms
 GET /api/auth/csrf 200 in 92ms
 ✓ Compiled /api/signup in 152ms (598 modules)
 POST /api/signup 200 in 668ms
 GET / 200 in 118ms
 GET /api/auth/signin 302 in 94ms
 GET /login?callbackUrl=https://1905ad134.preview.abacusai.app 200 in 92ms
 GET /api/auth/csrf 200 in 78ms
 POST /api/auth/callback/credentials 302 in 389ms
 ✓ Compiled /middleware in 371ms (174 modules)
 ○ Compiling /dashboard ...
 ✓ Compiled /dashboard in 3.2s (3030 modules)
 GET /dashboard 200 in 3629ms
 GET / 200 in 164ms
 GET /dashboard 200 in 155ms
 GET /api/auth/session 200 in 191ms
 ○ Compiling /api/realtime ...
 ✓ Compiled /api/realtime in 1989ms (1668 modules)
 ✓ Compiled (1679 modules)
 GET /api/auth/session 200 in 2493ms
 GET /api/notifications?limit=10 200 in 2569ms
 GET /api/dashboard/agenda 200 in 2575ms
 GET /api/realtime 200 in 2278ms
 GET /api/auth/session 200 in 183ms
 GET /api/realtime 200 in 196ms
 GET /api/notifications?limit=10 200 in 186ms
 GET /api/dashboard/agenda 200 in 212ms
 GET /api/auth/session 200 in 211ms
 GET /api/notifications?limit=10 200 in 216ms
 GET /api/realtime 200 in 230ms
 GET /api/dashboard/agenda 200 in 213ms
 GET /api/auth/session 200 in 217ms
 GET /api/notifications?limit=10 200 in 229ms
 GET /api/dashboard/agenda 200 in 242ms
 GET /api/auth/session 200 in 117ms
 GET /api/auth/session 200 in 105ms
 GET /api/realtime 200 in 515ms
 GET /api/realtime 200 in 128ms
 GET /api/realtime 200 in 104ms
 GET /api/realtime 200 in 105ms
 GET /api/realtime 200 in 116ms
 GET /api/realtime 200 in 4053ms
 ○ Compiling /projects/[id] ...
 ✓ Compiled /projects/[id] in 3.9s (3523 modules)
 GET /projects/new 200 in 5009ms
 GET /inspections 200 in 5019ms
 GET /budget 200 in 5060ms
 GET /meetings 200 in 4961ms
 GET /daily-reports 200 in 4968ms
 GET /documents 200 in 4968ms
 GET /safety 200 in 5047ms
 GET /equipment 200 in 4992ms
 GET /submittals 200 in 5055ms
 GET /reports 200 in 4993ms
 GET /company 200 in 5074ms
 GET /projects 200 in 5001ms
 GET /settings 200 in 5003ms
 GET /punch-lists 200 in 5009ms
 GET /tasks 200 in 5014ms
 GET /team 200 in 5017ms
 GET /rfis 200 in 5123ms
 GET /projects/project-riverside-homes 200 in 5135ms
 GET /projects/project-downtown-office 200 in 5164ms
 GET /projects/project-mall-renovation 200 in 5173ms
 GET /api/notifications?limit=10 200 in 198ms
 ○ Compiling /api/company/stats ...
 ✓ Compiled /api/company/stats in 1682ms (1950 modules)
 GET /api/auth/session 200 in 2852ms
 GET /api/notifications?limit=10 200 in 2849ms
 GET /api/company/stats 200 in 3598ms
 GET /api/realtime 200 in 2653ms
 GET /api/realtime 200 in 3191ms
 GET /api/realtime 200 in 3306ms
 GET /api/realtime 200 in 3099ms
 GET /api/realtime 200 in 3329ms
 GET /api/realtime 200 in 3354ms
 GET /api/realtime 200 in 2383ms
 GET /api/realtime 200 in 2940ms
 GET /api/realtime 200 in 1932ms
 GET /api/realtime 200 in 1968ms
 GET /api/realtime 200 in 2028ms
 GET /api/realtime 200 in 3585ms
 GET /api/realtime 200 in 3142ms
 GET /api/realtime 200 in 3138ms
 GET /api/realtime 200 in 3699ms
 GET /api/realtime 200 in 3501ms
 GET /api/realtime 200 in 2994ms
 GET /api/realtime 200 in 3157ms
 GET /api/realtime 200 in 3220ms
 GET /api/realtime 200 in 2205ms
 GET /api/realtime 200 in 3370ms
 GET /api/realtime 200 in 2532ms
 GET /api/realtime 200 in 3710ms
 GET /api/realtime 200 in 771ms
 GET /api/realtime 200 in 3039ms
 GET /api/realtime 200 in 4021ms
 GET /api/realtime 200 in 3391ms
 GET /api/realtime 200 in 426ms
 GET /api/notifications?limit=10 200 in 573ms
 GET /api/notifications?limit=10 200 in 612ms
 GET /api/notifications?limit=10 200 in 574ms
 GET /api/notifications?limit=10 200 in 574ms
 GET /api/realtime 200 in 4079ms
 GET /api/realtime 200 in 1065ms
 GET /api/notifications?limit=10 200 in 743ms
 GET /api/notifications?limit=10 200 in 742ms
 GET /api/notifications?limit=10 200 in 765ms
 GET /api/realtime 200 in 943ms
 GET /api/notifications?limit=10 200 in 753ms
 GET /api/notifications?limit=10 200 in 618ms
 GET /api/notifications?limit=10 200 in 757ms
 GET /api/realtime 200 in 1059ms
 GET /api/realtime 200 in 1075ms
 GET /api/notifications?limit=10 200 in 751ms
 GET /api/notifications?limit=10 200 in 753ms
 GET /api/notifications?limit=10 200 in 752ms
 GET /api/notifications?limit=10 200 in 742ms
 GET /api/realtime 200 in 1063ms
 GET /api/realtime 200 in 3860ms
 GET /api/notifications?limit=10 200 in 774ms
 GET /api/notifications?limit=10 200 in 905ms
 GET /api/notifications?limit=10 200 in 861ms
 GET /api/notifications?limit=10 200 in 928ms
 GET /api/notifications?limit=10 200 in 869ms
 GET /api/notifications?limit=10 200 in 840ms
 GET /api/notifications?limit=10 200 in 840ms
 GET /api/notifications?limit=10 200 in 841ms
 GET /api/notifications?limit=10 200 in 838ms
 GET /api/notifications?limit=10 200 in 839ms
 GET /api/notifications?limit=10 200 in 837ms
 GET /api/notifications?limit=10 200 in 835ms
 GET /api/notifications?limit=10 200 in 835ms
 GET /api/notifications?limit=10 200 in 837ms
 GET /api/notifications?limit=10 200 in 837ms
 GET /api/notifications?limit=10 200 in 838ms
 GET /api/notifications?limit=10 200 in 845ms
 GET /api/notifications?limit=10 200 in 839ms
 GET /api/notifications?limit=10 200 in 849ms
 GET /api/notifications?limit=10 200 in 841ms
 GET /api/notifications?limit=10 200 in 841ms
 GET /api/notifications?limit=10 200 in 842ms
 GET /api/notifications?limit=10 200 in 844ms
 GET /api/notifications?limit=10 200 in 874ms
 GET /api/notifications?limit=10 200 in 876ms
 GET /api/notifications?limit=10 200 in 862ms
 GET /api/notifications?limit=10 200 in 917ms
 GET /api/notifications?limit=10 200 in 917ms
 GET /api/notifications?limit=10 200 in 911ms
 GET /api/notifications?limit=10 200 in 912ms
 GET /api/notifications?limit=10 200 in 914ms
 GET /api/realtime 200 in 4030ms
 GET /api/realtime 200 in 780ms
 GET /api/realtime 200 in 913ms
 GET /api/realtime 200 in 4505ms
 GET /api/realtime 200 in 783ms
 GET /api/realtime 200 in 4373ms
 GET /api/realtime 200 in 4362ms
 GET /api/realtime 200 in 784ms
 GET /api/realtime 200 in 4294ms
 GET /api/realtime 200 in 789ms
 GET /api/realtime 200 in 3755ms
 GET /api/notifications?limit=10 200 in 883ms
 GET /api/realtime 200 in 4337ms
 GET /api/notifications?limit=10 200 in 930ms
 GET /api/notifications?limit=10 200 in 843ms
 GET /api/realtime 200 in 842ms
 GET /api/notifications?limit=10 200 in 848ms
 GET /api/notifications?limit=10 200 in 844ms
 GET /api/notifications?limit=10 200 in 908ms
 GET /api/realtime 200 in 3364ms
 GET /api/auth/session 200 in 1026ms
 GET /api/realtime 200 in 4438ms
 GET /api/notifications?limit=10 200 in 1113ms
 GET /api/notifications?limit=10 200 in 1065ms
 GET /api/realtime 200 in 512ms
 GET /api/auth/session 200 in 469ms
 GET /api/auth/session 200 in 113ms
 GET /api/realtime 200 in 155ms
 GET /api/realtime 200 in 177ms
 GET /api/auth/session 200 in 145ms
 GET /api/realtime 200 in 99ms
 GET /api/realtime 200 in 128ms
 GET /api/realtime 200 in 114ms
 GET /api/realtime 200 in 113ms
 GET /api/realtime 200 in 112ms
 GET /api/realtime 200 in 113ms
 GET /api/realtime 200 in 109ms
 GET /api/realtime 200 in 128ms
 GET /api/realtime 200 in 399ms
 GET /api/realtime 200 in 105ms
 GET /api/realtime 200 in 124ms
 GET /api/realtime 200 in 107ms
 GET /api/realtime 200 in 6459ms
 ○ Compiling /change-orders ...
 ✓ Compiled /change-orders in 2.4s (3602 modules)
 GET /change-orders 200 in 2745ms
 GET /company/invitations 200 in 2781ms
 GET /company/usage 200 in 2781ms
 GET /company/settings 307 in 2746ms
 GET /company/team 200 in 2782ms
 GET /dashboard 200 in 246ms
 ○ Compiling /api/company/invitations ...
 ✓ Compiled /api/company/invitations in 853ms (2002 modules)
 GET /api/auth/session 200 in 1688ms
 GET /api/notifications?limit=10 200 in 1690ms
 GET /api/dashboard/agenda 200 in 1549ms
 GET /api/company/invitations? 200 in 1746ms
 GET /api/realtime 200 in 1027ms
 GET /api/realtime 200 in 1494ms
 GET /api/auth/session 200 in 171ms
 GET /api/notifications?limit=10 200 in 175ms
 GET /api/dashboard/agenda 200 in 183ms
 GET /api/company/invitations? 200 in 184ms
 GET /api/realtime 200 in 202ms
 GET /api/realtime 200 in 200ms
 GET /api/notifications?limit=10 200 in 171ms
 GET /api/auth/session 200 in 158ms
 GET /api/realtime 200 in 71ms
 GET /api/company/invitations? 200 in 194ms
 GET /api/dashboard/agenda 200 in 196ms
 GET /api/realtime 200 in 211ms
 GET /api/notifications?limit=10 200 in 199ms
 GET /api/auth/session 200 in 178ms
 GET /api/realtime 200 in 200ms
 GET /api/dashboard/agenda 200 in 241ms
 GET /api/realtime 200 in 260ms
 GET /api/company/invitations? 200 in 256ms
 GET /api/notifications?limit=10 200 in 234ms
 GET /api/auth/session 200 in 189ms
 GET /api/realtime 200 in 264ms
 GET /api/realtime 200 in 298ms
 GET /api/notifications?limit=10 200 in 287ms
 GET /api/realtime 200 in 261ms
 GET /api/auth/session 200 in 295ms
 GET /api/realtime 200 in 204ms
 GET /api/notifications?limit=10 200 in 287ms
 GET /api/realtime 200 in 389ms
 GET /api/auth/session 200 in 383ms
 GET /api/notifications?limit=10 200 in 371ms
 GET /api/realtime 200 in 273ms
 GET /api/auth/session 200 in 165ms
 GET /api/realtime 200 in 596ms
 GET /api/realtime 200 in 163ms
 GET /api/auth/session 200 in 159ms
 GET /api/realtime 200 in 3968ms
 GET /api/realtime 200 in 163ms
 GET /api/auth/session 200 in 176ms
 GET /api/realtime 200 in 129ms
 GET /api/auth/session 200 in 105ms
 GET /api/realtime 200 in 4115ms
 GET /api/auth/session 200 in 141ms
[?25h
