  ▲ Next.js 14.2.28
  - Local:        http://localhost:3000
  - Environments: .env
  - Experiments (use with caution):
    · outputFileTracingRoot

 ✓ Starting...
 ✓ Ready in 2.3s
 ○ Compiling / ...
 ✓ Compiled / in 2.2s (596 modules)
 GET / 200 in 2768ms
 ✓ Compiled in 520ms (296 modules)
 GET / 200 in 153ms
 GET / 200 in 147ms
 GET / 200 in 118ms
 ○ Compiling /api/auth/[...nextauth] ...
 ✓ Compiled /api/auth/[...nextauth] in 521ms (541 modules)
 GET /api/auth/session 200 in 1108ms
 GET /api/auth/session 200 in 95ms
 ○ Compiling /signup ...
 ✓ Compiled /signup in 997ms (873 modules)
 ✓ Compiled /login in 234ms (881 modules)
 GET / 200 in 95ms
 GET /api/auth/providers 200 in 88ms
 GET /api/auth/csrf 200 in 42ms
 POST /api/auth/callback/credentials 200 in 445ms
 GET /api/auth/session 200 in 63ms
 ✓ Compiled /middleware in 208ms (174 modules)
 ○ Compiling /dashboard ...
 ✓ Compiled /dashboard in 1366ms (2805 modules)
 GET /dashboard?_rsc=iqngu 200 in 72ms
 ✓ Compiled /api/notifications in 270ms (1542 modules)
 ✓ Compiled (1568 modules)
 GET /api/notifications?limit=10 200 in 584ms
 GET /api/realtime 200 in 768ms
 GET /api/realtime 200 in 758ms
 GET /api/notifications?limit=10 200 in 55ms
 GET /api/realtime 200 in 270ms
 GET /api/realtime 200 in 241ms
 ○ Compiling /admin ...
 ✓ Compiled /admin in 1001ms (2870 modules)
 GET /admin?_rsc=16s51 200 in 50ms
 ○ Compiling /projects ...
 ✓ Compiled /projects in 1023ms (3005 modules)
 GET /projects?_rsc=x7vz2 200 in 54ms
 ○ Compiling /projects/[id] ...
 ✓ Compiled /projects/[id] in 854ms (3068 modules)
 GET /projects/project-riverside-homes?_rsc=eklsh 200 in 109ms
 ○ Compiling /tasks ...
 ✓ Compiled /tasks in 1021ms (3099 modules)
 GET /tasks?_rsc=ynow8 200 in 52ms
 GET / 200 in 93ms
 GET /api/realtime 200 in 30494ms
 GET /api/realtime 200 in 30213ms
 GET /api/realtime 200 in 30246ms
 GET /api/realtime 200 in 30216ms
 GET /api/realtime 200 in 30202ms
 GET /api/realtime 200 in 30188ms
 GET /api/realtime 200 in 30585ms
 GET /api/realtime 200 in 30203ms
 GET /api/realtime 200 in 30235ms
 GET /api/realtime 200 in 30199ms
 GET /api/realtime 200 in 30202ms
 GET /api/realtime 200 in 30200ms
 GET /api/realtime 200 in 30203ms
 GET /api/realtime 200 in 30624ms
 GET /api/realtime 200 in 30252ms
 GET /api/realtime 200 in 30217ms
 GET /api/realtime 200 in 30225ms
 GET /api/realtime 200 in 30233ms
 GET /api/realtime 200 in 30226ms
 GET /api/realtime 200 in 30202ms
 GET /api/realtime 200 in 30204ms
 GET /api/realtime 200 in 30201ms
 GET /api/realtime 200 in 31046ms
 GET /api/realtime 200 in 30227ms
 GET /api/realtime 200 in 30200ms
 GET /api/realtime 200 in 30234ms
 GET /api/realtime 200 in 30214ms
 GET /api/realtime 200 in 30238ms
 GET /api/realtime 200 in 30531ms
 GET /api/realtime 200 in 30197ms
 GET /api/realtime 200 in 30230ms
 GET /api/realtime 200 in 30207ms
 GET / 200 in 52ms
 GET /api/realtime 200 in 30200ms
 GET /api/realtime 200 in 30233ms
 GET /api/realtime 200 in 30216ms
 GET /api/realtime 200 in 30211ms
 GET /api/realtime 200 in 30200ms
 GET /api/realtime 200 in 30222ms
 GET /api/realtime 200 in 30222ms
 GET /api/realtime 200 in 30195ms
 GET /api/realtime 200 in 30224ms
 GET /api/realtime 200 in 30202ms
 GET /api/realtime 200 in 30244ms
 GET /api/realtime 200 in 30232ms
 GET /api/realtime 200 in 30231ms
 GET /api/realtime 200 in 30250ms
 GET /api/realtime 200 in 30232ms
 GET /api/realtime 200 in 30194ms
 GET /api/realtime 200 in 30196ms
 GET /api/realtime 200 in 30211ms
 GET /api/realtime 200 in 30230ms
 GET /api/realtime 200 in 30205ms
 GET /api/realtime 200 in 30209ms
 GET /api/realtime 200 in 30195ms
 GET /api/realtime 200 in 30207ms
 GET /api/realtime 200 in 30198ms
 GET /api/realtime 200 in 30209ms
 GET /api/realtime 200 in 30201ms
 GET /api/realtime 200 in 30205ms
 GET /api/realtime 200 in 30199ms
 GET /api/realtime 200 in 30205ms
 GET /api/realtime 200 in 30191ms
 GET /api/realtime 200 in 30190ms
 GET /api/realtime 200 in 30196ms
 GET /api/realtime 200 in 30191ms
 GET /api/realtime 200 in 30200ms
 GET /api/realtime 200 in 30210ms
 GET /api/realtime 200 in 30208ms
 GET /api/realtime 200 in 30470ms
 GET /api/realtime 200 in 30220ms
 GET /api/realtime 200 in 30232ms
 GET /api/realtime 200 in 30205ms
 GET / 200 in 62ms
 GET /api/realtime 200 in 30205ms
 GET /api/realtime 200 in 30192ms
 GET /api/realtime 200 in 30198ms
 GET /api/realtime 200 in 30218ms
 GET /api/realtime 200 in 30239ms
 GET /api/realtime 200 in 30232ms
 GET /api/realtime 200 in 30220ms
 GET /api/realtime 200 in 30219ms
 GET /api/realtime 200 in 30212ms
 GET /api/realtime 200 in 30201ms
 GET /api/realtime 200 in 30202ms
 GET /api/realtime 200 in 30206ms
 GET /api/realtime 200 in 30214ms
 GET /api/realtime 200 in 30214ms
 GET /api/realtime 200 in 30201ms
 GET /api/realtime 200 in 30209ms
 GET /api/realtime 200 in 30207ms
 GET /api/realtime 200 in 30214ms
 GET /api/realtime 200 in 30209ms
 GET /api/realtime 200 in 30214ms
 GET /api/realtime 200 in 30192ms
 GET /api/realtime 200 in 30206ms
 GET /api/realtime 200 in 30235ms
 GET /api/realtime 200 in 30209ms
 GET /api/realtime 200 in 30203ms
 GET /api/realtime 200 in 30205ms
 GET /api/realtime 200 in 30211ms
 GET /api/realtime 200 in 30206ms
 GET /api/realtime 200 in 30195ms
 GET /api/realtime 200 in 30219ms
 GET /api/realtime 200 in 30219ms
 GET /api/realtime 200 in 30200ms
 GET /api/realtime 200 in 30212ms
 GET /api/realtime 200 in 30204ms
 GET /api/realtime 200 in 30194ms
 GET /api/realtime 200 in 30717ms
 GET /api/realtime 200 in 30209ms
 GET /api/realtime 200 in 30197ms
 GET /api/realtime 200 in 30200ms
 GET / 200 in 65ms
 GET /api/realtime 200 in 30196ms
 GET /api/realtime 200 in 30215ms
 GET /api/realtime 200 in 30216ms
 GET /api/realtime 200 in 30197ms
 GET /api/realtime 200 in 30204ms
 GET /api/realtime 200 in 30229ms
 GET /api/realtime 200 in 30190ms
 GET /api/realtime 200 in 30220ms
 GET /api/realtime 200 in 30205ms
 GET /api/realtime 200 in 30213ms
 GET /api/realtime 200 in 30207ms
 GET /api/realtime 200 in 30205ms
 GET /api/realtime 200 in 30199ms
 GET /api/realtime 200 in 30197ms
 GET /api/realtime 200 in 30212ms
 GET /api/realtime 200 in 30203ms
 GET /api/realtime 200 in 30214ms
 GET /api/realtime 200 in 30213ms
 GET /api/realtime 200 in 30217ms
 GET /api/realtime 200 in 30206ms
 GET /api/realtime 200 in 30227ms
 GET /api/realtime 200 in 30214ms
 GET /api/realtime 200 in 30205ms
 GET /api/realtime 200 in 30216ms
 GET /api/realtime 200 in 30204ms
 GET /api/realtime 200 in 30193ms
 GET /api/realtime 200 in 30217ms
 GET /api/realtime 200 in 30210ms
 GET /api/realtime 200 in 30183ms
 GET /api/realtime 200 in 30213ms
 GET /api/realtime 200 in 30208ms
 GET /api/realtime 200 in 30211ms
 GET /api/realtime 200 in 30196ms
 GET /api/realtime 200 in 30193ms
 GET /api/realtime 200 in 30216ms
 GET /api/realtime 200 in 30230ms
 GET /api/realtime 200 in 30231ms
 GET /api/realtime 200 in 30195ms
 GET /api/realtime 200 in 30206ms
 GET / 200 in 50ms
 GET /api/realtime 200 in 30214ms
 GET /api/realtime 200 in 30226ms
 GET /api/realtime 200 in 30220ms
 GET /api/realtime 200 in 30212ms
 GET /api/realtime 200 in 30195ms
 GET /api/realtime 200 in 30259ms
 GET /api/realtime 200 in 30204ms
 GET /api/realtime 200 in 197ms
 GET /api/realtime 200 in 26857ms
 GET /api/realtime 200 in 30200ms
 GET /api/realtime 200 in 30212ms
 GET /api/realtime 200 in 30208ms
 GET /api/realtime 200 in 30217ms
 GET /api/realtime 200 in 30217ms
 GET /api/realtime 200 in 30202ms
 GET /api/realtime 200 in 30199ms
 GET /api/realtime 200 in 30215ms
 GET /api/realtime 200 in 30244ms
 GET /api/realtime 200 in 30201ms
 GET /api/realtime 200 in 30204ms
 GET /api/realtime 200 in 30216ms
 GET /api/realtime 200 in 30195ms
 GET /api/realtime 200 in 30222ms
 GET /api/realtime 200 in 30208ms
 GET /api/realtime 200 in 30208ms
 GET /api/realtime 200 in 30225ms
 GET /api/realtime 200 in 30208ms
 GET /api/realtime 200 in 30195ms
 GET /api/realtime 200 in 30204ms
 GET /api/realtime 200 in 30225ms
 GET /api/realtime 200 in 30229ms
 GET /api/realtime 200 in 30226ms
 GET /api/realtime 200 in 30202ms
 GET /api/realtime 200 in 30216ms
 GET /api/realtime 200 in 30211ms
 GET /api/realtime 200 in 30216ms
 GET /api/realtime 200 in 30226ms
 GET /api/realtime 200 in 30207ms
 GET /api/realtime 200 in 30211ms
 GET /api/realtime 200 in 30212ms
 GET /api/realtime 200 in 30194ms
 GET /api/realtime 200 in 30208ms
 GET /api/realtime 200 in 30201ms
 GET /api/realtime 200 in 30197ms
 GET /api/realtime 200 in 30226ms
 GET /api/realtime 200 in 30202ms
 ✓ Compiled in 265ms (542 modules)
 ✓ Compiled in 766ms (1675 modules)
 ✓ Compiled in 489ms (1403 modules)
 ✓ Compiled in 420ms (1403 modules)
 ✓ Compiled in 412ms (1403 modules)
 ✓ Compiled in 514ms (1403 modules)
 ✓ Compiled in 482ms (1403 modules)
 ✓ Compiled in 430ms (1403 modules)
 ✓ Compiled in 511ms (1403 modules)
 ✓ Compiled in 440ms (1403 modules)
 ✓ Compiled in 384ms (1403 modules)
 ✓ Compiled in 667ms (1403 modules)
 ✓ Compiled in 508ms (1404 modules)
 ✓ Compiled in 765ms (1404 modules)
 ✓ Compiled in 428ms (1404 modules)
 ✓ Compiled in 389ms (1404 modules)
 ✓ Compiled in 512ms (1404 modules)
 ✓ Compiled in 418ms (1404 modules)
 ✓ Compiled in 389ms (1404 modules)
 ✓ Compiled in 528ms (1404 modules)
 ✓ Compiled in 448ms (1404 modules)
 ✓ Compiled in 382ms (1404 modules)
 ✓ Compiled in 369ms (1404 modules)
 ✓ Compiled in 404ms (1404 modules)
 ✓ Compiled in 451ms (1404 modules)
 ✓ Compiled in 532ms (1404 modules)
 ✓ Compiled in 483ms (1404 modules)
 ✓ Compiled in 375ms (1404 modules)
 ✓ Compiled in 375ms (1404 modules)
 ✓ Compiled in 395ms (1404 modules)
 ✓ Compiled in 394ms (1404 modules)
 ✓ Compiled in 365ms (1404 modules)
 ✓ Compiled in 482ms (1404 modules)
 ✓ Compiled in 546ms (1404 modules)
 ✓ Compiled in 410ms (1404 modules)
[?25h
