  ▲ Next.js 14.2.28
  - Local:        http://localhost:3000
  - Environments: .env
  - Experiments (use with caution):
    · outputFileTracingRoot

 ✓ Starting...
 ✓ Ready in 2.3s
 ○ Compiling / ...
 ✓ Compiled / in 1732ms (596 modules)
 GET / 200 in 2253ms
 ✓ Compiled in 538ms (296 modules)
 ○ Compiling /api/auth/[...nextauth] ...
 ✓ Compiled /api/auth/[...nextauth] in 625ms (541 modules)
 GET /api/auth/providers 200 in 1157ms
 GET / 200 in 111ms
 GET /api/auth/session 200 in 63ms
 GET /api/auth/session 200 in 60ms
 ○ Compiling /signup ...
 ✓ Compiled /signup in 1012ms (881 modules)
 GET /login 200 in 1241ms
 GET /signup 200 in 1230ms
 GET /api/auth/session 200 in 81ms
 GET /api/auth/session 200 in 60ms
 GET /api/auth/session 200 in 52ms
 GET /api/auth/session 200 in 50ms
 GET /api/auth/session 200 in 65ms
 GET /api/auth/session 200 in 58ms
 GET /api/auth/csrf 200 in 68ms
 ✓ Compiled /api/signup in 162ms (597 modules)
 POST /api/signup 200 in 682ms
 GET / 200 in 96ms
 GET /api/auth/signin 302 in 87ms
 GET /login?callbackUrl=https://7d9c4eb47.preview.abacusai.app 200 in 75ms
 GET /api/auth/csrf 200 in 50ms
 POST /api/auth/callback/credentials 302 in 373ms
 ✓ Compiled /middleware in 233ms (174 modules)
 ○ Compiling /dashboard ...
 ✓ Compiled /dashboard in 1634ms (2849 modules)
 GET /dashboard 200 in 2168ms
 GET / 200 in 114ms
 GET /dashboard 200 in 144ms
 GET /api/auth/session 200 in 208ms
 GET /api/auth/session 200 in 77ms
 ○ Compiling /api/realtime ...
 ✓ Compiled /api/realtime in 953ms (1577 modules)
 ✓ Compiled (1580 modules)
 GET /api/auth/session 200 in 1458ms
 GET /api/notifications?limit=10 200 in 1521ms
 GET /api/realtime 200 in 1514ms
 GET /api/realtime 200 in 1366ms
 GET /api/realtime 200 in 1452ms
 GET /api/realtime 200 in 1531ms
 GET /api/auth/session 200 in 117ms
 GET /api/notifications?limit=10 200 in 147ms
 GET /api/auth/session 200 in 135ms
 GET /api/notifications?limit=10 200 in 126ms
 GET /api/realtime 200 in 103ms
 GET /api/notifications?limit=10 200 in 106ms
 GET /api/realtime 200 in 77ms
 GET /api/realtime 200 in 72ms
 ○ Compiling /change-orders ...
 ✓ Compiled /change-orders in 3.3s (3318 modules)
 GET /inspections 200 in 4275ms
 GET /equipment 200 in 4271ms
 GET /meetings 200 in 4270ms
 GET /documents 200 in 4248ms
 GET /settings 200 in 4252ms
 GET /punch-lists 200 in 4290ms
 GET /submittals 200 in 4257ms
 GET /projects 200 in 4239ms
 GET /team 200 in 4184ms
 GET /projects/new 200 in 4184ms
 GET /reports 200 in 4183ms
 GET /company 200 in 4242ms
 GET /daily-reports 200 in 4185ms
 GET /tasks 200 in 4238ms
 GET /change-orders 200 in 4186ms
 GET /safety 200 in 4189ms
 GET /rfis 200 in 4304ms
 GET /api/notifications?limit=10 200 in 327ms
 GET /api/auth/session 200 in 344ms
 GET /api/realtime 200 in 392ms
 GET /api/realtime 200 in 318ms
 GET /api/realtime 200 in 353ms
 GET /api/realtime 200 in 601ms
 GET /api/realtime 200 in 473ms
 GET /api/realtime 200 in 590ms
 GET /api/realtime 200 in 475ms
 GET /api/notifications?limit=10 200 in 648ms
 GET /api/auth/session 200 in 583ms
 GET /api/realtime 200 in 596ms
 GET /api/realtime 200 in 625ms
 GET /api/realtime 200 in 556ms
 GET /api/realtime 200 in 419ms
 GET /api/realtime 200 in 417ms
 GET /api/realtime 200 in 500ms
 GET /api/notifications?limit=10 200 in 547ms
 GET /api/realtime 200 in 386ms
 GET /api/realtime 200 in 522ms
 GET /api/realtime 200 in 442ms
 GET /api/auth/session 200 in 576ms
 GET /api/realtime 200 in 479ms
 GET /api/realtime 200 in 492ms
 GET /api/realtime 200 in 506ms
 GET /api/realtime 200 in 380ms
 GET /api/notifications?limit=10 200 in 512ms
 GET /api/auth/session 200 in 449ms
 GET /api/notifications?limit=10 200 in 325ms
 GET /api/auth/session 200 in 216ms
 GET /api/realtime 200 in 212ms
 GET /api/notifications?limit=10 200 in 204ms
 GET /api/auth/session 200 in 273ms
 GET /api/notifications?limit=10 200 in 257ms
 GET /api/realtime 200 in 225ms
 GET /api/auth/session 200 in 242ms
 GET /api/notifications?limit=10 200 in 225ms
 GET /api/auth/session 200 in 309ms
 GET /api/realtime 200 in 291ms
 GET /api/notifications?limit=10 200 in 307ms
 GET /api/auth/session 200 in 261ms
 GET /api/notifications?limit=10 200 in 297ms
 GET /api/auth/session 200 in 343ms
 GET /api/notifications?limit=10 200 in 368ms
 GET /api/auth/session 200 in 280ms
 GET /api/realtime 200 in 218ms
 GET /api/notifications?limit=10 200 in 266ms
 GET /api/realtime 200 in 276ms
 GET /api/realtime 200 in 246ms
 GET /api/realtime 200 in 276ms
 GET /api/auth/session 200 in 306ms
 GET /api/notifications?limit=10 200 in 294ms
 GET /api/realtime 200 in 230ms
 GET /api/realtime 200 in 234ms
 GET /api/realtime 200 in 256ms
 GET /api/auth/session 200 in 192ms
 GET /api/notifications?limit=10 200 in 225ms
 GET /api/realtime 200 in 237ms
 GET /api/auth/session 200 in 378ms
 GET /api/notifications?limit=10 200 in 484ms
 GET /api/auth/session 200 in 258ms
 GET /api/notifications?limit=10 200 in 265ms
 GET /api/auth/session 200 in 279ms
 GET /api/notifications?limit=10 200 in 291ms
 GET /api/realtime 200 in 257ms
 GET /api/realtime 200 in 307ms
 GET /api/realtime 200 in 309ms
 GET /api/auth/session 200 in 280ms
 GET /api/notifications?limit=10 200 in 271ms
 GET /api/notifications?limit=10 200 in 286ms
 GET /api/notifications?limit=10 200 in 273ms
 GET /api/notifications?limit=10 200 in 273ms
 GET /api/notifications?limit=10 200 in 273ms
 GET /api/notifications?limit=10 200 in 282ms
 GET /api/notifications?limit=10 200 in 282ms
 GET /api/notifications?limit=10 200 in 282ms
 GET /api/notifications?limit=10 200 in 283ms
 GET /api/notifications?limit=10 200 in 284ms
 GET /api/notifications?limit=10 200 in 284ms
 GET /api/notifications?limit=10 200 in 284ms
 GET /api/notifications?limit=10 200 in 285ms
 GET /api/notifications?limit=10 200 in 285ms
 GET /api/notifications?limit=10 500 in 294ms
 GET /api/notifications?limit=10 200 in 295ms
 GET /api/notifications?limit=10 500 in 299ms
 GET /api/notifications?limit=10 200 in 299ms
 GET /api/notifications?limit=10 500 in 302ms
 GET /api/notifications?limit=10 500 in 306ms
 GET /api/notifications?limit=10 200 in 306ms
 GET /api/notifications?limit=10 200 in 306ms
 GET /api/notifications?limit=10 500 in 309ms
 GET /api/notifications?limit=10 500 in 308ms
 GET /api/auth/session 200 in 326ms
 GET /api/realtime 200 in 352ms
 GET /api/realtime 200 in 352ms
 GET /api/realtime 200 in 353ms
 GET /api/realtime 200 in 206ms
 GET /api/realtime 200 in 208ms
 GET /api/realtime 200 in 353ms
 GET /api/auth/session 200 in 190ms
 GET /api/realtime 200 in 195ms
 GET /api/auth/session 200 in 83ms
 GET /api/auth/session 200 in 63ms
 GET /api/auth/session 200 in 87ms
 GET /api/auth/session 200 in 55ms
 GET /api/auth/session 200 in 55ms
 GET /api/auth/session 200 in 53ms
 GET /api/auth/session 200 in 85ms
 GET /api/realtime 200 in 60ms
 ○ Compiling /company/team ...
 ✓ Compiled /company/team in 2.5s (3395 modules)
 GET /company/settings 307 in 2851ms
 GET /company/invitations 200 in 2852ms
 GET /company/usage 200 in 2855ms
 GET /company/team 200 in 2856ms
 GET /dashboard 200 in 141ms
 GET /projects/project-riverside-homes 200 in 3804ms
 GET /projects/project-downtown-office 200 in 3778ms
 GET /projects/project-mall-renovation 200 in 3820ms
 ○ Compiling /api/company/invitations ...
 ✓ Compiled /api/company/invitations in 1957ms (1887 modules)
 GET /api/auth/session 200 in 3011ms
 GET /api/realtime 200 in 2250ms
 GET /api/realtime 200 in 2292ms
 GET /api/realtime 200 in 2367ms
 GET /api/realtime 200 in 2315ms
 GET /api/realtime 200 in 2332ms
 GET /api/realtime 200 in 2323ms
 GET /api/realtime 200 in 2370ms
 GET /api/realtime 200 in 2371ms
 GET /api/realtime 200 in 2342ms
 GET /api/realtime 200 in 2419ms
 GET /api/realtime 200 in 2420ms
 GET /api/realtime 200 in 2257ms
 GET /api/realtime 200 in 2292ms
 GET /api/realtime 200 in 2269ms
 GET /api/realtime 200 in 2273ms
 GET /api/realtime 200 in 2318ms
 GET /api/company/invitations? 200 in 3097ms
 GET /api/notifications?limit=10 200 in 2444ms
 GET /api/auth/session 200 in 167ms
 GET /api/notifications?limit=10 200 in 227ms
 GET /api/company/invitations? 200 in 236ms
 GET /api/auth/session 200 in 135ms
 GET /api/notifications?limit=10 200 in 173ms
 GET /api/company/invitations? 200 in 112ms
 GET /api/auth/session 200 in 118ms
 GET /api/realtime 200 in 138ms
 GET /api/realtime 200 in 31447ms
 GET /api/realtime 200 in 31111ms
 GET /api/notifications?limit=10 200 in 222ms
 GET /api/company/invitations? 200 in 224ms
 GET /api/auth/session 200 in 235ms
 GET /api/realtime 200 in 30137ms
 GET /api/notifications?limit=10 200 in 201ms
 GET /api/realtime 200 in 167ms
 GET /api/auth/session 200 in 147ms
 GET /api/realtime 200 in 30146ms
 GET /api/notifications?limit=10 200 in 137ms
 GET /api/auth/session 200 in 172ms
 GET /api/realtime 200 in 30137ms
 GET /api/notifications?limit=10 200 in 154ms
 GET /api/realtime 200 in 30081ms
 GET /api/realtime 200 in 30076ms
 GET /api/auth/session 200 in 160ms
 GET /api/notifications?limit=10 200 in 140ms
 GET /api/realtime 200 in 30061ms
 GET /api/realtime 200 in 134ms
 GET /api/realtime 200 in 30060ms
 GET /api/auth/session 200 in 188ms
 GET /api/notifications?limit=10 200 in 164ms
 GET /api/realtime 200 in 30059ms
 GET /api/realtime 200 in 30061ms
 GET /api/realtime 200 in 30059ms
 GET /api/auth/session 200 in 216ms
 GET /api/notifications?limit=10 200 in 215ms
 GET /api/realtime 200 in 30058ms
 GET /api/realtime 200 in 136ms
 GET /api/realtime 200 in 30072ms
 GET /api/notifications?limit=10 200 in 153ms
 GET /api/auth/session 200 in 182ms
 GET /api/realtime 200 in 30057ms
 GET /api/realtime 200 in 30067ms
 GET /api/notifications?limit=10 200 in 152ms
 GET /api/auth/session 200 in 150ms
 GET /api/realtime 200 in 30058ms
 GET /api/notifications?limit=10 200 in 102ms
 GET /api/realtime 200 in 30063ms
 GET /api/auth/session 200 in 131ms
 GET /api/realtime 200 in 132ms
 GET /api/realtime 200 in 30074ms
 GET /api/notifications?limit=10 200 in 160ms
 GET /api/realtime 200 in 30065ms
 GET /api/auth/session 200 in 134ms
 GET /api/realtime 200 in 113ms
 GET /api/realtime 200 in 30056ms
 GET /api/realtime 200 in 113ms
 GET /api/realtime 200 in 30083ms
 GET /api/auth/session 200 in 153ms
 GET /api/notifications?limit=10 200 in 174ms
 GET /api/realtime 200 in 30061ms
 GET /api/realtime 200 in 97ms
 GET /api/realtime 200 in 30057ms
 GET /api/auth/session 200 in 160ms
 GET /api/notifications?limit=10 200 in 169ms
 GET /api/realtime 200 in 30058ms
 GET /api/auth/session 200 in 107ms
 GET /api/realtime 200 in 30059ms
 GET /api/auth/session 200 in 87ms
 GET /api/realtime 200 in 30080ms
 GET /api/realtime 200 in 30067ms
 GET /api/auth/session 200 in 92ms
 GET /api/realtime 200 in 30061ms
 GET /api/auth/session 200 in 110ms
 GET /api/realtime 200 in 30063ms
 GET /api/realtime 200 in 30063ms
 GET /api/auth/session 200 in 107ms
 GET /api/realtime 200 in 30059ms
 GET /api/auth/session 200 in 64ms
 GET /api/realtime 200 in 30089ms
 GET /api/auth/session 200 in 98ms
 GET /api/realtime 200 in 30073ms
 GET /api/auth/session 200 in 67ms
 GET /api/realtime 200 in 30059ms
 GET /api/realtime 200 in 30059ms
 GET /api/realtime 200 in 77ms
 GET /api/realtime 200 in 30060ms
 GET /api/realtime 200 in 65ms
 GET /api/realtime 200 in 30059ms
 GET /api/realtime 200 in 30058ms
 GET /api/realtime 200 in 30062ms
 GET /api/realtime 200 in 30056ms
 GET /api/realtime 200 in 30060ms
 GET /api/realtime 200 in 30073ms
 GET /api/realtime 200 in 30061ms
 GET /api/realtime 200 in 30058ms
 GET /api/realtime 200 in 30061ms
 GET /api/realtime 200 in 30058ms
 GET /api/realtime 200 in 30062ms
 GET /api/realtime 200 in 30312ms
 GET /api/realtime 200 in 30405ms
 GET /api/realtime 200 in 30326ms
 GET /api/realtime 200 in 30567ms
 GET /api/realtime 200 in 30579ms
 GET /api/realtime 200 in 30534ms
 GET /api/realtime 200 in 30453ms
 GET /api/realtime 200 in 30454ms
 GET /api/realtime 200 in 30455ms
 GET /api/realtime 200 in 30515ms
 GET /api/realtime 200 in 30468ms
 GET /api/realtime 200 in 30657ms
 GET /api/realtime 200 in 30528ms
 GET /api/realtime 200 in 30528ms
 GET /api/realtime 200 in 30530ms
 GET /api/realtime 200 in 30411ms
 GET /api/realtime 200 in 30407ms
 GET /api/realtime 200 in 30406ms
 GET /api/realtime 200 in 30506ms
 GET /api/realtime 200 in 30429ms
 GET /api/realtime 200 in 30480ms
 GET /api/realtime 200 in 30431ms
 GET /api/realtime 200 in 30482ms
 GET /api/realtime 200 in 30469ms
 GET /api/realtime 200 in 30409ms
 GET /api/realtime 200 in 30355ms
 GET /api/realtime 200 in 30411ms
 GET /api/realtime 200 in 30478ms
 GET /api/realtime 200 in 30446ms
 GET /api/realtime 200 in 30483ms
 GET /api/realtime 200 in 30417ms
 GET /api/realtime 200 in 30512ms
 GET /api/realtime 200 in 30398ms
 GET /api/realtime 200 in 30427ms
 GET /api/realtime 200 in 30427ms
 GET /api/realtime 200 in 30474ms
 GET /api/realtime 200 in 30431ms
 GET /api/realtime 200 in 30422ms
 GET /api/realtime 200 in 30350ms
 GET /api/realtime 200 in 30426ms
 GET /api/realtime 200 in 30472ms
 GET /api/realtime 200 in 30413ms
 GET /api/realtime 200 in 30372ms
 GET /api/realtime 200 in 30466ms
 GET /api/realtime 200 in 30439ms
 GET /api/realtime 200 in 30408ms
 GET /api/realtime 200 in 30424ms
 GET /api/realtime 200 in 30410ms
 GET /api/realtime 200 in 30415ms
 GET /api/realtime 200 in 30331ms
 GET /api/realtime 200 in 30331ms
 GET /api/realtime 200 in 30371ms
 GET /api/realtime 200 in 30337ms
 GET /api/realtime 200 in 30283ms
 GET /api/realtime 200 in 30343ms
 GET /api/realtime 200 in 30343ms
 GET /api/realtime 200 in 30345ms
 GET /api/realtime 200 in 30305ms
 GET /api/realtime 200 in 30305ms
 GET /api/realtime 200 in 30299ms
 GET /api/realtime 200 in 30217ms
 GET /api/realtime 200 in 30217ms
 GET /api/realtime 200 in 30218ms
 GET /api/realtime 200 in 30218ms
 GET /api/realtime 200 in 30206ms
 GET /api/realtime 200 in 30205ms
 GET /api/realtime 200 in 30206ms
 GET /api/realtime 200 in 30207ms
 GET /api/realtime 200 in 30209ms
 GET /api/realtime 200 in 30225ms
 GET /api/realtime 200 in 30216ms
 GET /api/realtime 200 in 30210ms
 GET /api/realtime 200 in 30169ms
 GET /api/realtime 200 in 30176ms
 GET /api/realtime 200 in 30175ms
 GET /api/realtime 200 in 30187ms
 GET /api/realtime 200 in 30187ms
 GET /api/realtime 200 in 30159ms
 GET /api/realtime 200 in 30283ms
 GET /api/realtime 200 in 30283ms
 GET /api/realtime 200 in 30284ms
 GET /api/realtime 200 in 30284ms
 GET /api/realtime 200 in 30285ms
 GET /api/realtime 200 in 30286ms
 GET /api/realtime 200 in 30231ms
 GET /api/realtime 200 in 30288ms
 GET /api/realtime 200 in 30217ms
 GET /api/realtime 200 in 30289ms
 GET /api/realtime 200 in 30218ms
 GET /api/realtime 200 in 30219ms
 GET /api/realtime 200 in 30219ms
 GET /api/realtime 200 in 30289ms
 GET /api/realtime 200 in 30290ms
 GET /api/realtime 200 in 30291ms
 GET /api/realtime 200 in 30215ms
 GET /api/realtime 200 in 30256ms
 GET /api/realtime 200 in 30196ms
 GET /api/realtime 200 in 30197ms
 GET /api/realtime 200 in 30198ms
 GET /api/realtime 200 in 30198ms
 GET /api/realtime 200 in 30198ms
 GET /api/realtime 200 in 30196ms
 GET /api/realtime 200 in 30195ms
 GET /api/realtime 200 in 30188ms
 GET /api/realtime 200 in 30190ms
 GET /api/realtime 200 in 30189ms
 GET /api/realtime 200 in 30192ms
 GET /api/realtime 200 in 30162ms
 GET /api/realtime 200 in 30162ms
 GET /api/realtime 200 in 30171ms
 GET /api/realtime 200 in 30182ms
 GET /api/realtime 200 in 30184ms
 GET /api/realtime 200 in 30183ms
 GET /api/realtime 200 in 30184ms
 GET /api/realtime 200 in 30185ms
 GET /api/realtime 200 in 30184ms
 GET /api/realtime 200 in 30185ms
 GET /api/realtime 200 in 30165ms
 GET /api/realtime 200 in 30189ms
 GET /api/realtime 200 in 30217ms
 GET /api/realtime 200 in 30210ms
 GET /api/realtime 200 in 30229ms
 GET /api/realtime 200 in 30291ms
 GET /api/realtime 200 in 30315ms
 GET /api/realtime 200 in 30316ms
 GET /api/realtime 200 in 30316ms
 GET /api/realtime 200 in 30239ms
 GET /api/realtime 200 in 30232ms
 GET /api/realtime 200 in 30232ms
 GET /api/realtime 200 in 30230ms
 GET /api/realtime 200 in 30233ms
 GET /api/realtime 200 in 30232ms
 GET /api/realtime 200 in 30235ms
 GET /api/realtime 200 in 30236ms
 GET /api/realtime 200 in 30235ms
 GET /api/realtime 200 in 30311ms
 GET /api/realtime 200 in 30312ms
 GET /api/realtime 200 in 30345ms
 GET /api/realtime 200 in 30295ms
 GET /api/realtime 200 in 30334ms
 GET /api/realtime 200 in 30293ms
 GET /api/realtime 200 in 30293ms
 GET /api/realtime 200 in 30293ms
 GET /api/realtime 200 in 30293ms
 GET /api/realtime 200 in 30294ms
 GET /api/realtime 200 in 30295ms
 GET /api/realtime 200 in 30296ms
 GET /api/realtime 200 in 30295ms
 GET /api/realtime 200 in 30292ms
 GET /api/realtime 200 in 30297ms
 GET /api/realtime 200 in 30306ms
 GET /api/realtime 200 in 30299ms
 GET /api/realtime 200 in 30297ms
 GET /api/realtime 200 in 30297ms
 GET /api/realtime 200 in 30260ms
 GET /api/realtime 200 in 30311ms
 GET /api/realtime 200 in 30303ms
 GET /api/realtime 200 in 30304ms
 GET /api/realtime 200 in 30283ms
 GET /api/realtime 200 in 30283ms
 GET /api/realtime 200 in 30283ms
 GET /api/realtime 200 in 30316ms
 GET /api/realtime 200 in 30260ms
 GET /api/realtime 200 in 30261ms
 GET /api/realtime 200 in 30394ms
 GET /api/realtime 200 in 30272ms
 GET /api/realtime 200 in 30197ms
 GET /api/realtime 200 in 30271ms
 GET /api/realtime 200 in 30266ms
 GET /api/realtime 200 in 30266ms
 GET /api/realtime 200 in 30267ms
 GET /api/realtime 200 in 30267ms
 GET /api/realtime 200 in 30268ms
 GET /api/realtime 200 in 30268ms
 GET /api/realtime 200 in 30268ms
 GET /api/realtime 200 in 30268ms
 GET /api/realtime 200 in 30251ms
 GET /api/realtime 200 in 30275ms
 GET /api/realtime 200 in 30282ms
 GET /api/realtime 200 in 30223ms
 GET /api/realtime 200 in 30257ms
 GET /api/realtime 200 in 30292ms
 GET /api/realtime 200 in 30263ms
 GET /api/realtime 200 in 30228ms
 GET /api/realtime 200 in 30229ms
 GET /api/realtime 200 in 30229ms
 GET /api/realtime 200 in 30230ms
 GET /api/realtime 200 in 30230ms
 GET /api/realtime 200 in 30234ms
 GET /api/realtime 200 in 30251ms
 GET /api/realtime 200 in 30252ms
 GET /api/realtime 200 in 30160ms
 GET /api/realtime 200 in 30189ms
 GET /api/realtime 200 in 30190ms
 GET /api/realtime 200 in 30190ms
 GET /api/realtime 200 in 30191ms
 GET /api/realtime 200 in 30174ms
 GET /api/realtime 200 in 30191ms
 GET /api/realtime 200 in 30186ms
 GET /api/realtime 200 in 30197ms
 GET /api/realtime 200 in 30363ms
 GET /api/realtime 200 in 30348ms
 GET /api/realtime 200 in 30424ms
 GET /api/realtime 200 in 30412ms
 GET /api/realtime 200 in 30414ms
 GET /api/realtime 200 in 30418ms
 GET /api/realtime 200 in 30523ms
 GET /api/realtime 200 in 30416ms
 GET /api/realtime 200 in 30415ms
 GET /api/realtime 200 in 30416ms
 GET /api/realtime 200 in 30255ms
 GET /api/realtime 200 in 30208ms
 GET /api/realtime 200 in 30199ms
 GET /api/realtime 200 in 30203ms
 GET /api/realtime 200 in 30201ms
 GET /api/realtime 200 in 30194ms
 GET /api/realtime 200 in 30202ms
 GET /api/realtime 200 in 30204ms
 GET /api/realtime 200 in 30242ms
 GET /api/realtime 200 in 30218ms
 GET /api/realtime 200 in 30232ms
 GET /api/realtime 200 in 30258ms
 GET /api/realtime 200 in 30209ms
 GET /api/realtime 200 in 30209ms
 GET /api/realtime 200 in 30227ms
 GET /api/realtime 200 in 30200ms
 GET /api/realtime 200 in 30214ms
 GET /api/realtime 200 in 30281ms
 GET /api/realtime 200 in 30194ms
 GET /api/realtime 200 in 30116ms
 GET /api/realtime 200 in 30082ms
 GET /api/realtime 200 in 30083ms
 GET /api/realtime 200 in 30075ms
 GET /api/realtime 200 in 30075ms
 GET /api/realtime 200 in 30073ms
 GET /api/realtime 200 in 30075ms
 GET /api/realtime 200 in 30061ms
 GET /api/realtime 200 in 30063ms
 GET /api/realtime 200 in 30057ms
 GET /api/realtime 200 in 30059ms
 GET /api/realtime 200 in 30058ms
 GET /api/realtime 200 in 30063ms
 GET /api/realtime 200 in 30057ms
 GET /api/realtime 200 in 30057ms
 GET /api/realtime 200 in 30057ms
 GET /api/realtime 200 in 30058ms
 GET /api/realtime 200 in 30059ms
 GET /api/realtime 200 in 30056ms
 GET /api/realtime 200 in 30058ms
 GET /api/realtime 200 in 30055ms
 GET /api/realtime 200 in 30057ms
 GET /api/realtime 200 in 30064ms
 GET /api/realtime 200 in 30065ms
 GET /api/realtime 200 in 30061ms
 GET /api/realtime 200 in 30062ms
 GET /api/realtime 200 in 30061ms
 GET /api/realtime 200 in 30061ms
 GET /api/realtime 200 in 30059ms
 GET /api/realtime 200 in 30066ms
 GET /api/realtime 200 in 30059ms
 GET /api/realtime 200 in 30059ms
 GET /api/realtime 200 in 30060ms
 GET /api/realtime 200 in 30057ms
 GET /api/realtime 200 in 30057ms
 GET /api/realtime 200 in 30059ms
 GET /api/realtime 200 in 30060ms
 GET /api/realtime 200 in 30059ms
 GET /api/realtime 200 in 30070ms
 GET /api/realtime 200 in 30059ms
 GET /api/realtime 200 in 30058ms
 GET /api/realtime 200 in 32361ms
 GET /api/realtime 200 in 32073ms
 GET /api/realtime 200 in 32248ms
 GET /api/realtime 200 in 32312ms
 GET /api/realtime 200 in 31945ms
 GET /api/realtime 200 in 31948ms
 GET /api/realtime 200 in 32264ms
 GET /api/realtime 200 in 31992ms
 GET /api/realtime 200 in 30180ms
 GET /api/realtime 200 in 30161ms
 GET /api/realtime 200 in 30184ms
 GET /api/realtime 200 in 30225ms
 GET /api/realtime 200 in 30142ms
 GET /api/realtime 200 in 30145ms
 GET /api/realtime 200 in 30154ms
 GET /api/realtime 200 in 30188ms
 GET /api/realtime 200 in 30142ms
 GET /api/realtime 200 in 30139ms
 GET /api/realtime 200 in 30143ms
 GET /api/realtime 200 in 30236ms
 GET /api/realtime 200 in 30272ms
 GET /api/realtime 200 in 30239ms
 GET /api/realtime 200 in 30241ms
 GET /api/realtime 200 in 30131ms
 GET /api/realtime 200 in 30132ms
 GET /api/realtime 200 in 30134ms
 GET /api/realtime 200 in 30128ms
 GET /api/realtime 200 in 30152ms
 GET /api/realtime 200 in 30155ms
 GET /api/realtime 200 in 30161ms
 GET /api/realtime 200 in 30141ms
 GET /api/realtime 200 in 30116ms
 GET /api/realtime 200 in 30158ms
 GET /api/realtime 200 in 30158ms
 GET /api/realtime 200 in 30127ms
 GET /api/realtime 200 in 30114ms
 GET /api/realtime 200 in 30135ms
 GET /api/realtime 200 in 30178ms
 GET /api/realtime 200 in 30170ms
 GET /api/realtime 200 in 30192ms
 GET /api/realtime 200 in 30184ms
 GET /api/realtime 200 in 30188ms
 GET /api/realtime 200 in 30151ms
 GET /api/realtime 200 in 30121ms
 GET /api/realtime 200 in 30150ms
 GET /api/realtime 200 in 30128ms
 GET /api/realtime 200 in 30160ms
 GET /api/realtime 200 in 29296ms
 GET /api/realtime 200 in 28119ms
 GET /api/realtime 200 in 29135ms
 GET /api/realtime 200 in 28280ms
 GET /api/realtime 200 in 28557ms
 GET /api/realtime 200 in 28538ms
 GET /api/realtime 200 in 30124ms
 GET /api/realtime 200 in 29365ms
 GET /api/realtime 200 in 29021ms
 GET /api/realtime 200 in 29939ms
 GET /api/realtime 200 in 29555ms
 GET /api/realtime 200 in 29787ms
 GET /api/realtime 200 in 29794ms
 GET /api/realtime 200 in 28967ms
 GET /api/realtime 200 in 28017ms
 GET /api/realtime 200 in 28690ms
 GET /api/realtime 200 in 28127ms
 GET /api/realtime 200 in 28902ms
 GET /api/realtime 200 in 29180ms
 GET /api/realtime 200 in 29560ms
 GET /api/realtime 200 in 28832ms
 GET /api/realtime 200 in 30063ms
 GET /api/realtime 200 in 28411ms
 GET /api/realtime 200 in 29828ms
 GET /api/realtime 200 in 28308ms
 GET /api/realtime 200 in 30116ms
 GET /api/realtime 200 in 28790ms
 GET /api/realtime 200 in 29950ms
[?25h
