  ▲ Next.js 14.2.28
  - Local:        http://localhost:3000
  - Environments: .env
  - Experiments (use with caution):
    · outputFileTracingRoot

 ✓ Starting...
 ✓ Ready in 1865ms
 ○ Compiling / ...
 ✓ Compiled / in 1864ms (596 modules)
 GET / 200 in 2183ms
 ✓ Compiled in 517ms (296 modules)
 GET / 200 in 82ms
 ○ Compiling /api/auth/[...nextauth] ...
 ✓ Compiled /api/auth/[...nextauth] in 542ms (541 modules)
 GET /api/auth/providers 200 in 1038ms
 GET / 200 in 112ms
 GET /api/auth/session 200 in 73ms
 GET /api/auth/session 200 in 52ms
 ○ Compiling /signup ...
 ✓ Compiled /signup in 911ms (881 modules)
 GET /signup 200 in 1096ms
 GET /login 200 in 1120ms
 GET /api/auth/session 200 in 99ms
 GET /api/auth/session 200 in 53ms
 GET /api/auth/session 200 in 50ms
 GET /api/auth/session 200 in 52ms
 GET /api/auth/session 200 in 61ms
 GET / 200 in 131ms
 GET /api/auth/csrf 200 in 65ms
 ✓ Compiled /api/signup in 155ms (597 modules)
 POST /api/signup 200 in 644ms
 GET / 200 in 89ms
 GET /api/auth/signin 302 in 75ms
 GET /login?callbackUrl=https://7d9c4eb47.preview.abacusai.app 200 in 67ms
 GET /api/auth/csrf 200 in 50ms
 POST /api/auth/callback/credentials 302 in 347ms
 ✓ Compiled /middleware in 186ms (174 modules)
 ○ Compiling /dashboard ...
 ✓ Compiled /dashboard in 1473ms (2849 modules)
 GET /dashboard 200 in 1824ms
 GET / 200 in 80ms
 GET /dashboard 200 in 84ms
 GET /api/auth/session 200 in 79ms
 ✓ Compiled /api/notifications in 489ms (1578 modules)
 ✓ Compiled (1580 modules)
 GET /api/auth/session 200 in 865ms
 GET /api/notifications?limit=10 200 in 934ms
 GET /api/realtime 200 in 926ms
 GET /api/realtime 200 in 905ms
 GET /api/realtime 200 in 881ms
 GET /api/realtime 200 in 934ms
 GET /api/auth/session 200 in 61ms
 GET /api/notifications?limit=10 200 in 112ms
 GET /api/auth/session 200 in 102ms
 GET /api/notifications?limit=10 200 in 91ms
 GET /api/auth/session 200 in 102ms
 GET /api/realtime 200 in 132ms
 GET /api/notifications?limit=10 200 in 118ms
 GET /api/auth/session 200 in 88ms
 GET /api/realtime 200 in 143ms
 GET /api/realtime 200 in 63ms
 ○ Compiling /settings ...
 ✓ Compiled /settings in 3.3s (3352 modules)
 GET /projects/new 200 in 4735ms
 GET /change-orders 200 in 4775ms
 GET /daily-reports 200 in 4775ms
 GET /inspections 200 in 4760ms
 GET /meetings 200 in 4760ms
 GET /equipment 200 in 4760ms
 GET /projects 200 in 4783ms
 GET /submittals 200 in 4784ms
 GET /punch-lists 200 in 4775ms
 GET /reports 200 in 4757ms
 GET /safety 200 in 4777ms
 GET /settings 200 in 4762ms
 GET /documents 200 in 4762ms
 GET /tasks 200 in 4802ms
 GET /company 200 in 4778ms
 GET /team 200 in 4786ms
 GET /rfis 200 in 4854ms
 GET /api/notifications?limit=10 200 in 578ms
 GET /api/auth/session 200 in 748ms
 GET /api/realtime 200 in 758ms
 ○ Compiling /api/company/stats ...
 ✓ Compiled /api/company/stats in 1359ms (1858 modules)
 GET /api/realtime 200 in 2282ms
 GET /api/realtime 200 in 2603ms
 GET /api/realtime 200 in 2283ms
 GET /api/realtime 200 in 2280ms
 GET /api/realtime 200 in 2279ms
 GET /api/realtime 200 in 2280ms
 GET /api/notifications?limit=10 200 in 2291ms
 GET /api/realtime 200 in 2285ms
 GET /api/realtime 200 in 2284ms
 GET /api/realtime 200 in 2284ms
 GET /api/realtime 200 in 2287ms
 GET /api/realtime 200 in 2449ms
 GET /api/auth/session 200 in 2309ms
prisma:error 
Invalid `_lib_db__WEBPACK_IMPORTED_MODULE_3__.prisma.submittal.count()` invocation in
/home/ubuntu/cortexbuild_pro/nextjs_space/.next/server/app/api/company/stats/route.js:346:67

  343         status: "OPEN"
  344     }
  345 }),
→ 346 _lib_db__WEBPACK_IMPORTED_MODULE_3__.prisma.submittal.count(
Too many database connections opened: FATAL: too many connections for role "role_ddaacb0a0"
Prisma Accelerate has built-in connection pooling to prevent such errors: https://pris.ly/client/error-accelerate
 GET /api/company/stats 500 in 2508ms
prisma:error 
Invalid `_lib_db__WEBPACK_IMPORTED_MODULE_3__.prisma.safetyIncident.count()` invocation in
/home/ubuntu/cortexbuild_pro/nextjs_space/.next/server/app/api/company/stats/route.js:380:72

  377         }
  378     }
  379 }),
→ 380 _lib_db__WEBPACK_IMPORTED_MODULE_3__.prisma.safetyIncident.count(
Too many database connections opened: FATAL: too many connections for role "role_ddaacb0a0"
Prisma Accelerate has built-in connection pooling to prevent such errors: https://pris.ly/client/error-accelerate
prisma:error 
Invalid `_lib_db__WEBPACK_IMPORTED_MODULE_3__.prisma.activityLog.count()` invocation in
/home/ubuntu/cortexbuild_pro/nextjs_space/.next/server/app/api/company/stats/route.js:397:69

  394         }
  395     }
  396 }),
→ 397 _lib_db__WEBPACK_IMPORTED_MODULE_3__.prisma.activityLog.count(
Too many database connections opened: FATAL: too many connections for role "role_ddaacb0a0"
Prisma Accelerate has built-in connection pooling to prevent such errors: https://pris.ly/client/error-accelerate
prisma:error 
Invalid `_lib_db__WEBPACK_IMPORTED_MODULE_3__.prisma.project.groupBy()` invocation in
/home/ubuntu/cortexbuild_pro/nextjs_space/.next/server/app/api/company/stats/route.js:418:65

  415     },
  416     _count: true
  417 }),
→ 418 _lib_db__WEBPACK_IMPORTED_MODULE_3__.prisma.project.groupBy(
Too many database connections opened: FATAL: too many connections for role "role_ddaacb0a0"
Prisma Accelerate has built-in connection pooling to prevent such errors: https://pris.ly/client/error-accelerate
prisma:error 
Invalid `_lib_db__WEBPACK_IMPORTED_MODULE_3__.prisma.user.groupBy()` invocation in
/home/ubuntu/cortexbuild_pro/nextjs_space/.next/server/app/api/company/stats/route.js:427:62

  424     },
  425     _count: true
  426 }),
→ 427 _lib_db__WEBPACK_IMPORTED_MODULE_3__.prisma.user.groupBy(
Too many database connections opened: FATAL: too many connections for role "role_ddaacb0a0"
Prisma Accelerate has built-in connection pooling to prevent such errors: https://pris.ly/client/error-accelerate
prisma:error 
Invalid `prisma.$queryRaw()` invocation:


Too many database connections opened: FATAL: too many connections for role "role_ddaacb0a0"
Prisma Accelerate has built-in connection pooling to prevent such errors: https://pris.ly/client/error-accelerate
prisma:error 
Invalid `_lib_db__WEBPACK_IMPORTED_MODULE_3__.prisma.project.findMany()` invocation in
/home/ubuntu/cortexbuild_pro/nextjs_space/.next/server/app/api/company/stats/route.js:444:65

  441   GROUP BY DATE("createdAt")
  442   ORDER BY date ASC
  443 `,
→ 444       _lib_db__WEBPACK_IMPORTED_MODULE_3__.prisma.project.findMany(
Too many database connections opened: FATAL: too many connections for role "role_ddaacb0a0"
Prisma Accelerate has built-in connection pooling to prevent such errors: https://pris.ly/client/error-accelerate
 GET /api/realtime 200 in 2153ms
 GET /api/realtime 200 in 2054ms
 GET /api/realtime 200 in 2233ms
 GET /api/realtime 200 in 2024ms
 GET /api/realtime 200 in 2223ms
 GET /api/realtime 200 in 2238ms
 GET /api/realtime 200 in 2239ms
 GET /api/auth/session 200 in 309ms
 GET /api/notifications?limit=10 200 in 407ms
prisma:error 
Invalid `_lib_db__WEBPACK_IMPORTED_MODULE_3__.prisma.task.count()` invocation in
/home/ubuntu/cortexbuild_pro/nextjs_space/.next/server/app/api/company/stats/route.js:301:62

  298         status: "COMPLETED"
  299     }
  300 }),
→ 301 _lib_db__WEBPACK_IMPORTED_MODULE_3__.prisma.task.count(
Too many database connections opened: FATAL: too many connections for role "role_ddaacb0a0"
Prisma Accelerate has built-in connection pooling to prevent such errors: https://pris.ly/client/error-accelerate
 GET /api/company/stats 500 in 355ms
prisma:error 
Invalid `_lib_db__WEBPACK_IMPORTED_MODULE_3__.prisma.document.count()` invocation in
/home/ubuntu/cortexbuild_pro/nextjs_space/.next/server/app/api/company/stats/route.js:390:66

  387         }
  388     }
  389 }),
→ 390 _lib_db__WEBPACK_IMPORTED_MODULE_3__.prisma.document.count(
Too many database connections opened: FATAL: too many connections for role "role_ddaacb0a0"
Prisma Accelerate has built-in connection pooling to prevent such errors: https://pris.ly/client/error-accelerate
prisma:error 
Invalid `_lib_db__WEBPACK_IMPORTED_MODULE_3__.prisma.task.groupBy()` invocation in
/home/ubuntu/cortexbuild_pro/nextjs_space/.next/server/app/api/company/stats/route.js:407:62

  404         }
  405     }
  406 }),
→ 407 _lib_db__WEBPACK_IMPORTED_MODULE_3__.prisma.task.groupBy(
Too many database connections opened: FATAL: too many connections for role "role_ddaacb0a0"
Prisma Accelerate has built-in connection pooling to prevent such errors: https://pris.ly/client/error-accelerate
prisma:error 
Invalid `_lib_db__WEBPACK_IMPORTED_MODULE_3__.prisma.project.groupBy()` invocation in
/home/ubuntu/cortexbuild_pro/nextjs_space/.next/server/app/api/company/stats/route.js:418:65

  415     },
  416     _count: true
  417 }),
→ 418 _lib_db__WEBPACK_IMPORTED_MODULE_3__.prisma.project.groupBy(
Too many database connections opened: FATAL: too many connections for role "role_ddaacb0a0"
Prisma Accelerate has built-in connection pooling to prevent such errors: https://pris.ly/client/error-accelerate
prisma:error 
Invalid `_lib_db__WEBPACK_IMPORTED_MODULE_3__.prisma.user.groupBy()` invocation in
/home/ubuntu/cortexbuild_pro/nextjs_space/.next/server/app/api/company/stats/route.js:427:62

  424     },
  425     _count: true
  426 }),
→ 427 _lib_db__WEBPACK_IMPORTED_MODULE_3__.prisma.user.groupBy(
Too many database connections opened: FATAL: too many connections for role "role_ddaacb0a0"
Prisma Accelerate has built-in connection pooling to prevent such errors: https://pris.ly/client/error-accelerate
prisma:error 
Invalid `prisma.$queryRaw()` invocation:


Too many database connections opened: FATAL: too many connections for role "role_ddaacb0a0"
Prisma Accelerate has built-in connection pooling to prevent such errors: https://pris.ly/client/error-accelerate
prisma:error 
Invalid `_lib_db__WEBPACK_IMPORTED_MODULE_3__.prisma.project.findMany()` invocation in
/home/ubuntu/cortexbuild_pro/nextjs_space/.next/server/app/api/company/stats/route.js:444:65

  441   GROUP BY DATE("createdAt")
  442   ORDER BY date ASC
  443 `,
→ 444       _lib_db__WEBPACK_IMPORTED_MODULE_3__.prisma.project.findMany(
Too many database connections opened: FATAL: too many connections for role "role_ddaacb0a0"
Prisma Accelerate has built-in connection pooling to prevent such errors: https://pris.ly/client/error-accelerate
 GET /api/realtime 200 in 400ms
 GET /api/auth/session 200 in 631ms
 GET /api/notifications?limit=10 200 in 761ms
prisma:error 
Invalid `_lib_db__WEBPACK_IMPORTED_MODULE_3__.prisma.submittal.count()` invocation in
/home/ubuntu/cortexbuild_pro/nextjs_space/.next/server/app/api/company/stats/route.js:346:67

  343         status: "OPEN"
  344     }
  345 }),
→ 346 _lib_db__WEBPACK_IMPORTED_MODULE_3__.prisma.submittal.count(
Too many database connections opened: FATAL: too many connections for role "role_ddaacb0a0"
Prisma Accelerate has built-in connection pooling to prevent such errors: https://pris.ly/client/error-accelerate
 GET /api/company/stats 500 in 717ms
prisma:error 
Invalid `_lib_db__WEBPACK_IMPORTED_MODULE_3__.prisma.submittal.count()` invocation in
/home/ubuntu/cortexbuild_pro/nextjs_space/.next/server/app/api/company/stats/route.js:353:67

  350         }
  351     }
  352 }),
→ 353 _lib_db__WEBPACK_IMPORTED_MODULE_3__.prisma.submittal.count(
Too many database connections opened: FATAL: too many connections for role "role_ddaacb0a0"
Prisma Accelerate has built-in connection pooling to prevent such errors: https://pris.ly/client/error-accelerate
prisma:error 
Invalid `_lib_db__WEBPACK_IMPORTED_MODULE_3__.prisma.changeOrder.count()` invocation in
/home/ubuntu/cortexbuild_pro/nextjs_space/.next/server/app/api/company/stats/route.js:366:69

  363         }
  364     }
  365 }),
→ 366 _lib_db__WEBPACK_IMPORTED_MODULE_3__.prisma.changeOrder.count(
Too many database connections opened: FATAL: too many connections for role "role_ddaacb0a0"
Prisma Accelerate has built-in connection pooling to prevent such errors: https://pris.ly/client/error-accelerate
prisma:error 
Invalid `_lib_db__WEBPACK_IMPORTED_MODULE_3__.prisma.safetyIncident.count()` invocation in
/home/ubuntu/cortexbuild_pro/nextjs_space/.next/server/app/api/company/stats/route.js:373:72

  370         }
  371     }
  372 }),
→ 373 _lib_db__WEBPACK_IMPORTED_MODULE_3__.prisma.safetyIncident.count(
Too many database connections opened: FATAL: too many connections for role "role_ddaacb0a0"
Prisma Accelerate has built-in connection pooling to prevent such errors: https://pris.ly/client/error-accelerate
prisma:error 
Invalid `_lib_db__WEBPACK_IMPORTED_MODULE_3__.prisma.safetyIncident.count()` invocation in
/home/ubuntu/cortexbuild_pro/nextjs_space/.next/server/app/api/company/stats/route.js:380:72

  377         }
  378     }
  379 }),
→ 380 _lib_db__WEBPACK_IMPORTED_MODULE_3__.prisma.safetyIncident.count(
Too many database connections opened: FATAL: too many connections for role "role_ddaacb0a0"
Prisma Accelerate has built-in connection pooling to prevent such errors: https://pris.ly/client/error-accelerate
prisma:error 
Invalid `_lib_db__WEBPACK_IMPORTED_MODULE_3__.prisma.document.count()` invocation in
/home/ubuntu/cortexbuild_pro/nextjs_space/.next/server/app/api/company/stats/route.js:390:66

  387         }
  388     }
  389 }),
→ 390 _lib_db__WEBPACK_IMPORTED_MODULE_3__.prisma.document.count(
Too many database connections opened: FATAL: too many connections for role "role_ddaacb0a0"
Prisma Accelerate has built-in connection pooling to prevent such errors: https://pris.ly/client/error-accelerate
prisma:error 
Invalid `_lib_db__WEBPACK_IMPORTED_MODULE_3__.prisma.task.groupBy()` invocation in
/home/ubuntu/cortexbuild_pro/nextjs_space/.next/server/app/api/company/stats/route.js:407:62

  404         }
  405     }
  406 }),
→ 407 _lib_db__WEBPACK_IMPORTED_MODULE_3__.prisma.task.groupBy(
Too many database connections opened: FATAL: too many connections for role "role_ddaacb0a0"
Prisma Accelerate has built-in connection pooling to prevent such errors: https://pris.ly/client/error-accelerate
 GET /api/realtime 200 in 423ms
 GET /api/auth/session 200 in 524ms
 GET /api/notifications?limit=10 200 in 532ms
prisma:error 
Invalid `_lib_db__WEBPACK_IMPORTED_MODULE_3__.prisma.submittal.count()` invocation in
/home/ubuntu/cortexbuild_pro/nextjs_space/.next/server/app/api/company/stats/route.js:353:67

  350         }
  351     }
  352 }),
→ 353 _lib_db__WEBPACK_IMPORTED_MODULE_3__.prisma.submittal.count(
Too many database connections opened: FATAL: too many connections for role "role_ddaacb0a0"
Prisma Accelerate has built-in connection pooling to prevent such errors: https://pris.ly/client/error-accelerate
 GET /api/company/stats 500 in 529ms
prisma:error 
Invalid `_lib_db__WEBPACK_IMPORTED_MODULE_3__.prisma.changeOrder.count()` invocation in
/home/ubuntu/cortexbuild_pro/nextjs_space/.next/server/app/api/company/stats/route.js:366:69

  363         }
  364     }
  365 }),
→ 366 _lib_db__WEBPACK_IMPORTED_MODULE_3__.prisma.changeOrder.count(
Too many database connections opened: FATAL: too many connections for role "role_ddaacb0a0"
Prisma Accelerate has built-in connection pooling to prevent such errors: https://pris.ly/client/error-accelerate
prisma:error 
Invalid `_lib_db__WEBPACK_IMPORTED_MODULE_3__.prisma.safetyIncident.count()` invocation in
/home/ubuntu/cortexbuild_pro/nextjs_space/.next/server/app/api/company/stats/route.js:373:72

  370         }
  371     }
  372 }),
→ 373 _lib_db__WEBPACK_IMPORTED_MODULE_3__.prisma.safetyIncident.count(
Too many database connections opened: FATAL: too many connections for role "role_ddaacb0a0"
Prisma Accelerate has built-in connection pooling to prevent such errors: https://pris.ly/client/error-accelerate
prisma:error 
Invalid `_lib_db__WEBPACK_IMPORTED_MODULE_3__.prisma.safetyIncident.count()` invocation in
/home/ubuntu/cortexbuild_pro/nextjs_space/.next/server/app/api/company/stats/route.js:380:72

  377         }
  378     }
  379 }),
→ 380 _lib_db__WEBPACK_IMPORTED_MODULE_3__.prisma.safetyIncident.count(
Too many database connections opened: FATAL: too many connections for role "role_ddaacb0a0"
Prisma Accelerate has built-in connection pooling to prevent such errors: https://pris.ly/client/error-accelerate
prisma:error 
Invalid `_lib_db__WEBPACK_IMPORTED_MODULE_3__.prisma.document.count()` invocation in
/home/ubuntu/cortexbuild_pro/nextjs_space/.next/server/app/api/company/stats/route.js:390:66

  387         }
  388     }
  389 }),
→ 390 _lib_db__WEBPACK_IMPORTED_MODULE_3__.prisma.document.count(
Too many database connections opened: FATAL: too many connections for role "role_ddaacb0a0"
Prisma Accelerate has built-in connection pooling to prevent such errors: https://pris.ly/client/error-accelerate
prisma:error 
Invalid `_lib_db__WEBPACK_IMPORTED_MODULE_3__.prisma.activityLog.count()` invocation in
/home/ubuntu/cortexbuild_pro/nextjs_space/.next/server/app/api/company/stats/route.js:397:69

  394         }
  395     }
  396 }),
→ 397 _lib_db__WEBPACK_IMPORTED_MODULE_3__.prisma.activityLog.count(
Too many database connections opened: FATAL: too many connections for role "role_ddaacb0a0"
Prisma Accelerate has built-in connection pooling to prevent such errors: https://pris.ly/client/error-accelerate
prisma:error 
Invalid `_lib_db__WEBPACK_IMPORTED_MODULE_3__.prisma.project.groupBy()` invocation in
/home/ubuntu/cortexbuild_pro/nextjs_space/.next/server/app/api/company/stats/route.js:418:65

  415     },
  416     _count: true
  417 }),
→ 418 _lib_db__WEBPACK_IMPORTED_MODULE_3__.prisma.project.groupBy(
Too many database connections opened: FATAL: too many connections for role "role_ddaacb0a0"
Prisma Accelerate has built-in connection pooling to prevent such errors: https://pris.ly/client/error-accelerate
 GET /api/realtime 200 in 390ms
 GET /api/realtime 200 in 441ms
 GET /api/realtime 200 in 391ms
 GET /api/realtime 200 in 401ms
 GET /api/realtime 200 in 353ms
 GET /api/realtime 200 in 351ms
 GET /api/realtime 200 in 355ms
 GET /api/realtime 200 in 356ms
 GET /api/realtime 200 in 357ms
 GET /api/auth/session 200 in 345ms
 GET /api/notifications?limit=10 200 in 376ms
 GET /api/auth/session 200 in 388ms
 GET /api/auth/session 200 in 388ms
 GET /api/auth/session 200 in 389ms
 GET /api/auth/session 200 in 390ms
 GET /api/auth/session 200 in 391ms
 GET /api/auth/session 200 in 391ms
 GET /api/auth/session 200 in 392ms
 GET /api/auth/session 200 in 393ms
 GET /api/auth/session 200 in 394ms
 GET /api/notifications?limit=10 200 in 553ms
 GET /api/notifications?limit=10 200 in 554ms
 GET /api/notifications?limit=10 200 in 555ms
 GET /api/notifications?limit=10 200 in 555ms
 GET /api/notifications?limit=10 200 in 556ms
 GET /api/notifications?limit=10 200 in 555ms
 GET /api/notifications?limit=10 200 in 556ms
 GET /api/notifications?limit=10 200 in 557ms
 GET /api/notifications?limit=10 200 in 556ms
 GET /api/notifications?limit=10 200 in 557ms
 GET /api/notifications?limit=10 200 in 551ms
 GET /api/notifications?limit=10 200 in 536ms
 GET /api/notifications?limit=10 200 in 537ms
 GET /api/notifications?limit=10 200 in 532ms
 GET /api/notifications?limit=10 200 in 492ms
prisma:error 
Invalid `_lib_db__WEBPACK_IMPORTED_MODULE_3__.prisma.activityLog.findMany()` invocation in
/home/ubuntu/cortexbuild_pro/nextjs_space/.next/server/app/api/notifications/route.js:280:90

  277         id: true
  278     }
  279 });
→ 280 const activities = await _lib_db__WEBPACK_IMPORTED_MODULE_3__.prisma.activityLog.findMany(
Too many database connections opened: FATAL: too many connections for role "role_ddaacb0a0"
Prisma Accelerate has built-in connection pooling to prevent such errors: https://pris.ly/client/error-accelerate
 GET /api/notifications?limit=10 500 in 566ms
prisma:error 
Invalid `_lib_db__WEBPACK_IMPORTED_MODULE_3__.prisma.activityLog.findMany()` invocation in
/home/ubuntu/cortexbuild_pro/nextjs_space/.next/server/app/api/notifications/route.js:280:90

  277         id: true
  278     }
  279 });
→ 280 const activities = await _lib_db__WEBPACK_IMPORTED_MODULE_3__.prisma.activityLog.findMany(
Too many database connections opened: FATAL: too many connections for role "role_ddaacb0a0"
Prisma Accelerate has built-in connection pooling to prevent such errors: https://pris.ly/client/error-accelerate
 GET /api/notifications?limit=10 500 in 564ms
prisma:error 
Invalid `_lib_db__WEBPACK_IMPORTED_MODULE_3__.prisma.activityLog.findMany()` invocation in
/home/ubuntu/cortexbuild_pro/nextjs_space/.next/server/app/api/notifications/route.js:280:90

  277         id: true
  278     }
  279 });
→ 280 const activities = await _lib_db__WEBPACK_IMPORTED_MODULE_3__.prisma.activityLog.findMany(
Too many database connections opened: FATAL: too many connections for role "role_ddaacb0a0"
Prisma Accelerate has built-in connection pooling to prevent such errors: https://pris.ly/client/error-accelerate
 GET /api/notifications?limit=10 500 in 568ms
prisma:error 
Invalid `_lib_db__WEBPACK_IMPORTED_MODULE_3__.prisma.activityLog.findMany()` invocation in
/home/ubuntu/cortexbuild_pro/nextjs_space/.next/server/app/api/notifications/route.js:280:90

  277         id: true
  278     }
  279 });
→ 280 const activities = await _lib_db__WEBPACK_IMPORTED_MODULE_3__.prisma.activityLog.findMany(
Too many database connections opened: FATAL: too many connections for role "role_ddaacb0a0"
Prisma Accelerate has built-in connection pooling to prevent such errors: https://pris.ly/client/error-accelerate
 GET /api/notifications?limit=10 500 in 567ms
prisma:error 
Invalid `_lib_db__WEBPACK_IMPORTED_MODULE_3__.prisma.activityLog.findMany()` invocation in
/home/ubuntu/cortexbuild_pro/nextjs_space/.next/server/app/api/notifications/route.js:280:90

  277         id: true
  278     }
  279 });
→ 280 const activities = await _lib_db__WEBPACK_IMPORTED_MODULE_3__.prisma.activityLog.findMany(
Too many database connections opened: FATAL: too many connections for role "role_ddaacb0a0"
Prisma Accelerate has built-in connection pooling to prevent such errors: https://pris.ly/client/error-accelerate
 GET /api/notifications?limit=10 500 in 570ms
prisma:error 
Invalid `_lib_db__WEBPACK_IMPORTED_MODULE_3__.prisma.activityLog.findMany()` invocation in
/home/ubuntu/cortexbuild_pro/nextjs_space/.next/server/app/api/notifications/route.js:280:90

  277         id: true
  278     }
  279 });
→ 280 const activities = await _lib_db__WEBPACK_IMPORTED_MODULE_3__.prisma.activityLog.findMany(
Too many database connections opened: FATAL: too many connections for role "role_ddaacb0a0"
Prisma Accelerate has built-in connection pooling to prevent such errors: https://pris.ly/client/error-accelerate
 GET /api/notifications?limit=10 500 in 561ms
prisma:error 
Invalid `_lib_db__WEBPACK_IMPORTED_MODULE_3__.prisma.activityLog.findMany()` invocation in
/home/ubuntu/cortexbuild_pro/nextjs_space/.next/server/app/api/notifications/route.js:280:90

  277         id: true
  278     }
  279 });
→ 280 const activities = await _lib_db__WEBPACK_IMPORTED_MODULE_3__.prisma.activityLog.findMany(
Too many database connections opened: FATAL: too many connections for role "role_ddaacb0a0"
Prisma Accelerate has built-in connection pooling to prevent such errors: https://pris.ly/client/error-accelerate
 GET /api/notifications?limit=10 500 in 593ms
 GET /api/auth/session 200 in 721ms
 GET /api/auth/session 200 in 722ms
 GET /api/auth/session 200 in 722ms
 GET /api/auth/session 200 in 723ms
 GET /api/auth/session 200 in 723ms
 GET /api/auth/session 200 in 724ms
 GET /api/auth/session 200 in 724ms
 GET /api/auth/session 200 in 724ms
 GET /api/auth/session 200 in 723ms
 GET /api/auth/session 200 in 683ms
 GET /api/auth/session 200 in 627ms
 GET /api/auth/session 200 in 615ms
 GET /api/auth/session 200 in 614ms
 GET /api/auth/session 200 in 611ms
 GET /api/auth/session 200 in 591ms
 GET /api/auth/session 200 in 568ms
 GET /api/auth/session 200 in 568ms
 GET /api/auth/session 200 in 569ms
 GET /api/auth/session 200 in 569ms
 GET /api/auth/session 200 in 569ms
 GET /api/auth/session 200 in 570ms
 GET /api/auth/session 200 in 571ms
 GET /api/auth/session 200 in 560ms
 GET /api/notifications?limit=10 200 in 695ms
 GET /api/notifications?limit=10 200 in 695ms
 GET /api/realtime 200 in 615ms
 GET /api/realtime 200 in 615ms
 GET /api/realtime 200 in 615ms
 GET /api/realtime 200 in 617ms
 GET /api/realtime 200 in 476ms
 GET /api/realtime 200 in 289ms
 GET /api/realtime 200 in 479ms
 GET /api/auth/session 200 in 304ms
 GET / 200 in 107ms
 GET /api/realtime 200 in 61ms
 ○ Compiling /company/settings ...
 ✓ Compiled /company/settings in 3.4s (3490 modules)
 GET /company/invitations 200 in 3810ms
 GET /company/team 200 in 3791ms
 GET /company/usage 200 in 3811ms
 GET /company/settings 307 in 3792ms
 GET /dashboard 200 in 244ms
 GET /projects/project-riverside-homes 200 in 4110ms
 GET /projects/project-mall-renovation 200 in 4113ms
 GET /projects/project-downtown-office 200 in 4094ms
 ○ Compiling /api/company/invitations ...
 ✓ Compiled /api/company/invitations in 978ms (1936 modules)
 GET /api/auth/session 200 in 1947ms
 GET /api/realtime 200 in 1698ms
 GET /api/realtime 200 in 1732ms
 GET /api/realtime 200 in 1779ms
 GET /api/realtime 200 in 30609ms
 GET /api/realtime 200 in 30972ms
 GET /api/realtime 200 in 1735ms
 GET /api/realtime 200 in 1779ms
 GET /api/company/invitations? 200 in 2052ms
 GET /api/realtime 200 in 1555ms
 GET /api/realtime 200 in 1555ms
 GET /api/realtime 200 in 1705ms
 GET /api/notifications?limit=10 200 in 1787ms
 GET /api/realtime 200 in 1549ms
 GET /api/realtime 200 in 1549ms
 GET /api/realtime 200 in 1563ms
 GET /api/realtime 200 in 1706ms
 GET /api/realtime 200 in 1708ms
 GET /api/realtime 200 in 1654ms
 GET /api/realtime 200 in 1556ms
 GET /api/realtime 200 in 1553ms
 GET /api/realtime 200 in 30138ms
 GET /api/auth/session 200 in 168ms
 GET /api/realtime 200 in 30116ms
 GET /api/company/invitations? 200 in 221ms
 GET /api/notifications?limit=10 200 in 223ms
 GET /api/auth/session 200 in 93ms
 GET /api/realtime 200 in 30057ms
 GET /api/realtime 200 in 30068ms
 GET /api/company/invitations? 200 in 226ms
 GET /api/notifications?limit=10 200 in 230ms
 GET /api/auth/session 200 in 239ms
 GET /api/realtime 200 in 30072ms
 GET /api/realtime 200 in 200ms
 GET /api/realtime 200 in 30056ms
 GET /api/company/invitations? 200 in 151ms
 GET /api/notifications?limit=10 200 in 201ms
 GET /api/auth/session 200 in 169ms
 GET /api/realtime 200 in 143ms
 GET /api/notifications?limit=10 200 in 153ms
 GET /api/auth/session 200 in 183ms
 GET /api/realtime 200 in 30126ms
 GET /api/realtime 200 in 30068ms
 GET /api/notifications?limit=10 200 in 226ms
 GET /api/realtime 200 in 30073ms
 GET /api/auth/session 200 in 179ms
 GET /api/realtime 200 in 30059ms
 GET /api/notifications?limit=10 200 in 176ms
 GET /api/realtime 200 in 30068ms
 GET /api/auth/session 200 in 201ms
 GET /api/realtime 200 in 30062ms
 GET /api/notifications?limit=10 200 in 186ms
 GET /api/realtime 200 in 30060ms
 GET /api/auth/session 200 in 141ms
 GET /api/realtime 200 in 30065ms
 GET /api/notifications?limit=10 200 in 164ms
 GET /api/realtime 200 in 30070ms
 GET /api/realtime 200 in 30063ms
 GET /api/auth/session 200 in 213ms
 GET /api/realtime 200 in 30061ms
 GET /api/realtime 200 in 205ms
 GET /api/notifications?limit=10 200 in 192ms
 GET /api/realtime 200 in 192ms
 GET /api/realtime 200 in 30058ms
 GET /api/auth/session 200 in 120ms
 GET /api/realtime 200 in 30057ms
 GET /api/notifications?limit=10 200 in 141ms
 GET /api/realtime 200 in 146ms
 GET /api/realtime 200 in 30057ms
 GET /api/auth/session 200 in 171ms
 GET /api/realtime 200 in 30083ms
 GET /api/notifications?limit=10 200 in 190ms
 GET /api/realtime 200 in 30074ms
 GET /api/realtime 200 in 208ms
 GET /api/realtime 200 in 30078ms
 GET /api/auth/session 200 in 148ms
 GET /api/realtime 200 in 30058ms
 GET /api/notifications?limit=10 200 in 182ms
 GET /api/realtime 200 in 30059ms
 GET /api/auth/session 200 in 178ms
 GET /api/realtime 200 in 30071ms
 GET /api/notifications?limit=10 200 in 210ms
 GET /api/realtime 200 in 30059ms
 GET /api/realtime 200 in 30058ms
 GET /api/auth/session 200 in 165ms
 GET /api/notifications?limit=10 200 in 187ms
 GET /api/realtime 200 in 30064ms
 GET /api/realtime 200 in 30061ms
 GET /api/realtime 200 in 176ms
 GET /api/auth/session 200 in 197ms
 GET /api/realtime 200 in 30058ms
 GET /api/realtime 200 in 189ms
 GET /api/notifications?limit=10 200 in 207ms
 GET /api/realtime 200 in 30066ms
 GET /api/realtime 200 in 226ms
 GET /api/auth/session 200 in 128ms
 GET /api/realtime 200 in 129ms
 GET /api/realtime 200 in 30061ms
 GET /api/realtime 200 in 30063ms
 GET /api/auth/session 200 in 128ms
 GET /api/realtime 200 in 30058ms
 GET /api/auth/session 200 in 95ms
 GET /api/realtime 200 in 30062ms
 GET /api/realtime 200 in 30061ms
 GET /api/auth/session 200 in 73ms
 GET /api/realtime 200 in 30066ms
 GET /api/auth/session 200 in 114ms
 GET /api/realtime 200 in 30067ms
 GET /api/realtime 200 in 30065ms
 GET /api/auth/session 200 in 97ms
 GET /api/realtime 200 in 30063ms
 GET /api/auth/session 200 in 122ms
 GET /api/realtime 200 in 30089ms
 GET /api/realtime 200 in 30062ms
 GET /api/auth/session 200 in 72ms
 GET /api/realtime 200 in 30061ms
 GET /api/auth/session 200 in 92ms
 GET /api/realtime 200 in 30059ms
 GET /api/realtime 200 in 30059ms
 GET /api/realtime 200 in 30063ms
 GET /api/realtime 200 in 72ms
 GET /api/realtime 200 in 30056ms
 GET /api/realtime 200 in 30056ms
 GET /api/realtime 200 in 66ms
 GET /api/realtime 200 in 30056ms
 GET /api/realtime 200 in 30058ms
 GET /api/realtime 200 in 30058ms
 GET /api/realtime 200 in 30084ms
 GET /api/realtime 200 in 30057ms
 GET /api/realtime 200 in 30057ms
 GET /api/realtime 200 in 30057ms
 GET /api/realtime 200 in 30760ms
 GET /api/realtime 200 in 30760ms
 GET /api/realtime 200 in 32279ms
 GET /api/realtime 200 in 32277ms
 GET /api/realtime 200 in 32607ms
 GET /api/realtime 200 in 32278ms
 GET /api/realtime 200 in 32278ms
 GET /api/realtime 200 in 32278ms
 GET /api/realtime 200 in 32280ms
 GET /api/realtime 200 in 32279ms
 GET /api/realtime 200 in 32279ms
 GET /api/realtime 200 in 32280ms
 GET /api/realtime 200 in 32282ms
 GET /api/realtime 200 in 32288ms
 GET /api/realtime 200 in 32282ms
 GET /api/realtime 200 in 32242ms
 GET /api/realtime 200 in 32286ms
 GET /api/realtime 200 in 32287ms
 GET /api/realtime 200 in 32296ms
 GET /api/realtime 200 in 32380ms
 GET /api/realtime 200 in 32181ms
 GET /api/realtime 200 in 32408ms
 GET /api/realtime 200 in 32330ms
 GET /api/realtime 200 in 32173ms
 GET /api/realtime 200 in 32219ms
 GET /api/realtime 200 in 32183ms
 GET /api/realtime 200 in 31974ms
 GET /api/realtime 200 in 31955ms
 GET /api/realtime 200 in 31775ms
 GET /api/realtime 200 in 32007ms
 GET /api/realtime 200 in 31911ms
 GET /api/realtime 200 in 31615ms
 GET /api/realtime 200 in 32346ms
 GET /api/realtime 200 in 30160ms
 GET /api/realtime 200 in 30256ms
 GET /api/realtime 200 in 30224ms
 GET /api/realtime 200 in 30223ms
 GET /api/realtime 200 in 30224ms
 GET /api/realtime 200 in 30225ms
 GET /api/realtime 200 in 30225ms
 GET /api/realtime 200 in 30226ms
 GET /api/realtime 200 in 30229ms
 GET /api/realtime 200 in 30229ms
 GET /api/realtime 200 in 30229ms
 GET /api/realtime 200 in 30229ms
 GET /api/realtime 200 in 30229ms
 GET /api/realtime 200 in 30230ms
 GET /api/realtime 200 in 30241ms
 GET /api/realtime 200 in 30486ms
 GET /api/realtime 200 in 30477ms
 GET /api/realtime 200 in 30471ms
 GET /api/realtime 200 in 30391ms
 GET /api/realtime 200 in 30459ms
 GET /api/realtime 200 in 30458ms
 GET /api/realtime 200 in 30381ms
 GET /api/realtime 200 in 30495ms
 GET /api/realtime 200 in 30594ms
 GET /api/realtime 200 in 30594ms
 GET /api/realtime 200 in 30595ms
 GET /api/realtime 200 in 30595ms
 GET /api/realtime 200 in 30544ms
 GET /api/realtime 200 in 30538ms
 GET /api/realtime 200 in 30532ms
 GET /api/realtime 200 in 30596ms
 GET /api/realtime 200 in 30703ms
 GET /api/realtime 200 in 30623ms
 GET /api/realtime 200 in 30500ms
 GET /api/realtime 200 in 30500ms
 GET /api/realtime 200 in 30502ms
 GET /api/realtime 200 in 30454ms
 GET /api/realtime 200 in 30417ms
 GET /api/realtime 200 in 30414ms
 GET /api/realtime 200 in 30418ms
 GET /api/realtime 200 in 30418ms
 GET /api/realtime 200 in 30488ms
 GET /api/realtime 200 in 30419ms
 GET /api/realtime 200 in 30419ms
 GET /api/realtime 200 in 30420ms
 GET /api/realtime 200 in 30420ms
 GET /api/realtime 200 in 30431ms
 GET /api/realtime 200 in 30349ms
 GET /api/realtime 200 in 30387ms
 GET /api/realtime 200 in 30351ms
 GET /api/realtime 200 in 30354ms
 GET /api/realtime 200 in 30357ms
 GET /api/realtime 200 in 30422ms
 GET /api/realtime 200 in 30483ms
 GET /api/realtime 200 in 30101ms
 GET /api/realtime 200 in 30070ms
 GET /api/realtime 200 in 30063ms
 GET /api/realtime 200 in 30065ms
 GET /api/realtime 200 in 30058ms
 GET /api/realtime 200 in 30059ms
 GET /api/realtime 200 in 30060ms
 GET /api/realtime 200 in 30064ms
 GET /api/realtime 200 in 30058ms
 GET /api/realtime 200 in 30062ms
 GET /api/realtime 200 in 30057ms
 GET /api/realtime 200 in 30058ms
 GET /api/realtime 200 in 30081ms
 GET /api/realtime 200 in 30057ms
 GET /api/realtime 200 in 30057ms
 GET /api/realtime 200 in 30060ms
 GET /api/realtime 200 in 30057ms
 GET /api/realtime 200 in 30060ms
 GET /api/realtime 200 in 30073ms
 GET /api/realtime 200 in 30058ms
 GET /api/realtime 200 in 30058ms
 GET /api/realtime 200 in 30058ms
 GET /api/realtime 200 in 30061ms
 GET /api/realtime 200 in 30057ms
 GET /api/realtime 200 in 30069ms
 GET /api/realtime 200 in 30057ms
 GET /api/realtime 200 in 30057ms
 GET /api/realtime 200 in 30067ms
 GET / 200 in 88ms
 GET /api/realtime 200 in 30098ms
 GET /api/realtime 200 in 30058ms
 GET /api/realtime 200 in 30056ms
 GET /api/realtime 200 in 30057ms
 GET /api/realtime 200 in 30056ms
 GET /api/realtime 200 in 30057ms
 GET /api/realtime 200 in 30059ms
 GET /api/realtime 200 in 30059ms
 GET /api/realtime 200 in 30057ms
 GET /api/realtime 200 in 30062ms
 GET /api/realtime 200 in 30059ms
 GET /api/realtime 200 in 30058ms
 GET /api/realtime 200 in 30057ms
 GET /api/realtime 200 in 30057ms
 GET /api/realtime 200 in 30059ms
 GET /api/realtime 200 in 30067ms
 GET /api/realtime 200 in 30057ms
 GET /api/realtime 200 in 30062ms
 GET /api/realtime 200 in 30058ms
 GET /api/realtime 200 in 30057ms
 GET /api/realtime 200 in 30058ms
 GET /api/realtime 200 in 30057ms
 GET /api/realtime 200 in 30062ms
 GET /api/realtime 200 in 30059ms
 GET /api/realtime 200 in 30058ms
 GET /api/realtime 200 in 30059ms
 GET /api/realtime 200 in 30058ms
 GET /api/realtime 200 in 30065ms
 GET /api/realtime 200 in 30057ms
 GET /api/realtime 200 in 31555ms
 GET /api/realtime 200 in 31634ms
 GET /api/realtime 200 in 31270ms
 GET /api/realtime 200 in 31255ms
 GET /api/realtime 200 in 31256ms
 GET /api/realtime 200 in 31258ms
 GET /api/realtime 200 in 31550ms
 GET /api/realtime 200 in 31753ms
 GET /api/realtime 200 in 30234ms
 GET /api/realtime 200 in 30234ms
 GET /api/realtime 200 in 30237ms
 GET /api/realtime 200 in 30209ms
 GET /api/realtime 200 in 30117ms
 GET /api/realtime 200 in 30122ms
 GET /api/realtime 200 in 30134ms
 GET /api/realtime 200 in 30216ms
 GET /api/realtime 200 in 30179ms
 GET /api/realtime 200 in 30168ms
 GET /api/realtime 200 in 30186ms
 GET /api/realtime 200 in 30189ms
 GET /api/realtime 200 in 30147ms
 GET /api/realtime 200 in 30147ms
 GET /api/realtime 200 in 30111ms
 GET /api/realtime 200 in 30142ms
 GET /api/realtime 200 in 30200ms
 GET /api/realtime 200 in 30207ms
 GET /api/realtime 200 in 30159ms
 GET /api/realtime 200 in 30241ms
 GET /api/realtime 200 in 30175ms
 GET /api/realtime 200 in 30175ms
 GET /api/realtime 200 in 30175ms
 GET /api/realtime 200 in 30164ms
 GET /api/realtime 200 in 30153ms
 GET /api/realtime 200 in 30179ms
 GET /api/realtime 200 in 30175ms
 GET /api/realtime 200 in 30147ms
 GET /api/realtime 200 in 30148ms
 GET /api/realtime 200 in 30149ms
 GET /api/realtime 200 in 30133ms
 GET /api/realtime 200 in 30131ms
 GET /api/realtime 200 in 30136ms
 GET /api/realtime 200 in 30193ms
 GET /api/realtime 200 in 30189ms
 GET /api/realtime 200 in 30189ms
 GET /api/realtime 200 in 30158ms
 GET /api/realtime 200 in 30143ms
 GET /api/realtime 200 in 30143ms
 GET /api/realtime 200 in 30156ms
 GET /api/realtime 200 in 30180ms
 GET /api/realtime 200 in 30182ms
 GET /api/realtime 200 in 30165ms
 GET /api/realtime 200 in 30135ms
 GET /api/realtime 200 in 30153ms
 GET /api/realtime 200 in 30155ms
 GET /api/realtime 200 in 30162ms
 GET /api/realtime 200 in 30172ms
 GET /api/realtime 200 in 30186ms
 GET /api/realtime 200 in 30178ms
 GET /api/realtime 200 in 30180ms
 GET /api/realtime 200 in 30173ms
 GET /api/realtime 200 in 30186ms
 GET /api/realtime 200 in 30140ms
 GET /api/realtime 200 in 30147ms
 GET /api/realtime 200 in 30171ms
 GET /api/realtime 200 in 30174ms
 GET /api/realtime 200 in 30112ms
 GET /api/realtime 200 in 30108ms
 GET /api/realtime 200 in 30129ms
 GET /api/realtime 200 in 30096ms
 GET /api/realtime 200 in 30098ms
 GET /api/realtime 200 in 30099ms
 GET /api/realtime 200 in 30084ms
 GET /api/realtime 200 in 30142ms
 GET /api/realtime 200 in 30078ms
 GET /api/realtime 200 in 30110ms
 GET /api/realtime 200 in 30107ms
 GET /api/realtime 200 in 30087ms
 GET /api/realtime 200 in 30130ms
 GET /api/realtime 200 in 30098ms
 GET /api/realtime 200 in 30086ms
 GET /api/realtime 200 in 30107ms
 GET /api/realtime 200 in 30082ms
 GET /api/realtime 200 in 30063ms
 GET /api/realtime 200 in 30079ms
 GET /api/realtime 200 in 30058ms
 GET / 200 in 78ms
[?25h
