  ▲ Next.js 14.2.28
  - Local:        http://localhost:3000
  - Environments: .env
  - Experiments (use with caution):
    · outputFileTracingRoot

 ✓ Starting...
 ✓ Ready in 2.5s
 ○ Compiling / ...
 ✓ Compiled / in 3.2s (598 modules)
 ✓ Compiled in 859ms (297 modules)
 GET / 200 in 4100ms
 GET / 200 in 158ms
 GET / 200 in 150ms
 GET / 200 in 126ms
 ○ Compiling /api/auth/[...nextauth] ...
 ✓ Compiled /api/auth/[...nextauth] in 533ms (542 modules)
 GET /api/auth/session 200 in 1088ms
 GET /api/auth/session 200 in 96ms
 GET / 200 in 164ms
 GET / 200 in 108ms
 GET / 200 in 115ms
 GET / 200 in 101ms
 GET / 200 in 146ms
 GET / 200 in 102ms
 GET / 200 in 99ms
 GET / 200 in 109ms
 GET / 200 in 82ms
 GET /api/auth/session 200 in 91ms
 GET /api/auth/session 200 in 108ms
 GET / 200 in 98ms
 GET / 200 in 100ms
 ✓ Compiled in 934ms (297 modules)
 ✓ Compiled in 1488ms (297 modules)
 ✓ Compiled in 773ms (297 modules)
 ✓ Compiled in 1277ms (297 modules)
 ✓ Compiled in 829ms (297 modules)
 ✓ Compiled in 855ms (297 modules)
 ✓ Compiled in 558ms (297 modules)
 ✓ Compiled in 754ms (297 modules)
 ✓ Compiled in 602ms (297 modules)
 ✓ Compiled in 764ms (297 modules)
 ✓ Compiled in 896ms (297 modules)
 ✓ Compiled in 617ms (297 modules)
 ✓ Compiled in 608ms (297 modules)
 ✓ Compiled in 634ms (297 modules)
 ✓ Compiled in 641ms (297 modules)
 ✓ Compiled in 567ms (297 modules)
 ✓ Compiled in 560ms (297 modules)
[?25h
