  ▲ Next.js 14.2.28
  - Local:        http://localhost:3000
  - Environments: .env
  - Experiments (use with caution):
    · outputFileTracingRoot

 ✓ Starting...
 ✓ Ready in 1840ms
 ○ Compiling / ...
 ✓ Compiled / in 1989ms (611 modules)
 GET / 200 in 2591ms
 ✓ Compiled in 607ms (297 modules)
 ✓ Compiled /api/auth/[...nextauth] in 473ms (555 modules)
 GET /api/auth/providers 200 in 957ms
 GET / 200 in 126ms
 GET /api/auth/session 200 in 69ms
 GET /api/auth/session 200 in 56ms
 ○ Compiling /signup ...
 ✓ Compiled /signup in 1052ms (912 modules)
 GET / 200 in 1271ms
 GET /signup 200 in 1352ms
 GET /login 200 in 1352ms
 GET / 200 in 108ms
 GET / 200 in 113ms
 GET /api/auth/session 200 in 139ms
 GET /api/auth/session 200 in 64ms
 GET /api/auth/session 200 in 61ms
 GET /api/auth/session 200 in 177ms
 GET /api/auth/session 200 in 69ms
 GET /api/auth/session 200 in 54ms
 GET /api/auth/session 200 in 72ms
 GET /api/auth/session 200 in 54ms
 GET /api/auth/session 200 in 56ms
 GET /api/auth/session 200 in 56ms
 GET /api/auth/session 200 in 69ms
 GET /api/auth/session 200 in 60ms
 GET /api/auth/session 200 in 61ms
 GET /api/auth/session 200 in 62ms
 GET /api/auth/session 200 in 76ms
 GET /api/auth/session 200 in 71ms
 GET /api/auth/session 200 in 63ms
 GET /api/auth/session 200 in 75ms
 GET /api/auth/csrf 200 in 77ms
 ✓ Compiled /api/signup in 131ms (619 modules)
 POST /api/signup 200 in 633ms
 GET / 200 in 106ms
 GET /api/auth/signin 302 in 81ms
 GET /login?callbackUrl=https://2aa0dff87.preview.abacusai.app 200 in 80ms
 GET /api/auth/csrf 200 in 56ms
 POST /api/auth/callback/credentials 302 in 368ms
 ✓ Compiled /middleware in 187ms (174 modules)
 ○ Compiling /dashboard ...
 ✓ Compiled /dashboard in 1528ms (1917 modules)
 GET /dashboard 200 in 1832ms
 GET / 200 in 134ms
 GET /dashboard 200 in 140ms
 GET /api/auth/session 200 in 103ms
 ✓ Compiled /api/realtime in 366ms (1118 modules)
 ✓ Compiled (1130 modules)
 GET /api/auth/session 200 in 631ms
 GET /api/dashboard/agenda 200 in 775ms
 GET /api/notifications?limit=10 200 in 778ms
 GET /api/realtime 200 in 445ms
 GET /api/dashboard/agenda 200 in 167ms
 GET /api/auth/session 200 in 168ms
 GET /api/notifications?limit=10 200 in 174ms
 GET /api/realtime 200 in 167ms
 GET /api/dashboard/agenda 200 in 170ms
 GET /api/auth/session 200 in 212ms
 GET /api/notifications?limit=10 200 in 215ms
 GET /api/realtime 200 in 205ms
 GET /api/dashboard/agenda 200 in 154ms
 GET /api/auth/session 200 in 153ms
 GET /api/notifications?limit=10 200 in 174ms
 GET /api/realtime 200 in 175ms
 GET /api/auth/session 200 in 121ms
 GET /api/realtime 200 in 128ms
 GET /api/realtime 200 in 80ms
 GET /api/realtime 200 in 83ms
 GET /api/realtime 200 in 83ms
 GET /api/realtime 200 in 76ms
 GET /api/realtime 200 in 75ms
 GET /api/realtime 200 in 86ms
 GET /api/realtime 200 in 82ms
 GET /api/realtime 200 in 98ms
 GET /api/realtime 200 in 98ms
 GET /api/realtime 200 in 78ms
 GET /api/realtime 200 in 89ms
 GET /api/realtime 200 in 82ms
 GET /api/realtime 200 in 91ms
 GET /api/realtime 200 in 106ms
 GET /api/realtime 200 in 88ms
 GET /api/realtime 200 in 82ms
 GET /api/realtime 200 in 406ms
 GET /api/realtime 200 in 81ms
 GET /api/realtime 200 in 202ms
 GET /api/realtime 200 in 78ms
 GET /api/realtime 200 in 4277ms
 ○ Compiling /company ...
 ✓ Compiled /company in 4.8s (3584 modules)
 GET /projects/new 200 in 5851ms
 GET /budget 200 in 5933ms
 GET /meetings 200 in 5855ms
 GET /daily-reports 200 in 5864ms
 GET /equipment 200 in 5856ms
 GET /documents 200 in 5859ms
 GET /safety 200 in 5954ms
 GET /rfis 200 in 5872ms
 GET /projects 200 in 5872ms
 GET /reports 200 in 5866ms
 GET /tasks 200 in 5959ms
 GET /team 200 in 5869ms
 GET /settings 200 in 5964ms
 GET /company 200 in 5877ms
 GET /projects/project-downtown-office?tab=tasks 200 in 5981ms
 GET /projects/project-downtown-office 200 in 5938ms
 GET /projects/project-downtown-office?tab=daily-reports 200 in 6007ms
 GET /projects/project-mall-renovation 200 in 5961ms
 GET /projects/project-riverside-homes 200 in 5965ms
 GET /api/realtime 200 in 191ms
 GET /api/notifications?limit=10 200 in 514ms
 GET /api/auth/session 200 in 525ms
 ○ Compiling /api/company/stats ...
 ✓ Compiled /api/company/stats in 2.2s (1983 modules)
 GET /api/realtime 200 in 3676ms
 GET /api/realtime 200 in 3447ms
 GET /api/realtime 200 in 3688ms
 GET /api/realtime 200 in 3734ms
 GET /api/realtime 200 in 3610ms
 GET /api/notifications?limit=10 200 in 3589ms
 GET /api/auth/session 200 in 3481ms
 GET /api/realtime 200 in 4097ms
 GET /api/realtime 200 in 3986ms
 GET /api/realtime 200 in 3832ms
 GET /api/realtime 200 in 4234ms
 GET /api/realtime 200 in 4142ms
 GET /api/realtime 200 in 3936ms
 GET /api/realtime 200 in 3820ms
 GET /api/company/stats 200 in 4064ms
 GET /api/realtime 200 in 3689ms
 GET /api/realtime 200 in 2852ms
 GET /api/realtime 200 in 3347ms
 GET /api/realtime 200 in 3080ms
 GET /api/realtime 200 in 2716ms
 GET /api/realtime 200 in 2718ms
 GET /api/realtime 200 in 2707ms
 GET /api/realtime 200 in 3081ms
 GET /api/realtime 200 in 2708ms
 GET /api/realtime 200 in 2835ms
 GET /api/realtime 200 in 3712ms
 GET /api/realtime 200 in 3665ms
 GET /api/realtime 200 in 4056ms
 GET /api/realtime 200 in 3108ms
 GET /api/realtime 200 in 3692ms
 GET /api/realtime 200 in 4170ms
 GET /api/realtime 200 in 3508ms
 GET /api/realtime 200 in 3516ms
 GET /api/realtime 200 in 3907ms
 GET /api/notifications?limit=10 200 in 213ms
 GET /api/notifications?limit=10 200 in 205ms
 GET /api/realtime 200 in 3207ms
 GET /api/notifications?limit=10 200 in 421ms
 GET /api/notifications?limit=10 200 in 425ms
 GET /api/realtime 200 in 354ms
 GET /api/notifications?limit=10 200 in 383ms
 GET /api/realtime 200 in 3399ms
 GET /api/auth/session 200 in 391ms
 GET /api/notifications?limit=10 200 in 423ms
 GET /api/auth/session 200 in 392ms
 GET /api/notifications?limit=10 200 in 419ms
 GET /api/notifications?limit=10 200 in 424ms
 GET /api/auth/session 200 in 391ms
 GET /api/realtime 200 in 3497ms
 GET /api/notifications?limit=10 200 in 427ms
 GET /api/auth/session 200 in 395ms
 GET /api/notifications?limit=10 200 in 426ms
 GET /api/notifications?limit=10 200 in 425ms
 GET /api/realtime 200 in 3362ms
 GET /api/notifications?limit=10 200 in 396ms
 GET /api/auth/session 200 in 394ms
 GET /api/realtime 200 in 356ms
 GET /api/auth/session 200 in 392ms
 GET /api/notifications?limit=10 200 in 423ms
 GET /api/auth/session 200 in 390ms
 GET /api/notifications?limit=10 200 in 374ms
 GET /api/realtime 200 in 367ms
 GET /api/notifications?limit=10 200 in 385ms
 GET /api/notifications?limit=10 200 in 383ms
 GET /api/auth/session 200 in 391ms
 GET /api/notifications?limit=10 200 in 425ms
 GET /api/realtime 200 in 3352ms
 GET /api/notifications?limit=10 200 in 593ms
 ○ Compiling /change-orders ...
 ✓ Compiled /change-orders in 2.3s (3670 modules)
 GET /company/invitations 200 in 2764ms
 GET /change-orders 200 in 2762ms
 GET /company/usage 200 in 2766ms
 GET /submittals 200 in 2767ms
 GET /company/settings 307 in 2767ms
 GET /company/team 200 in 2769ms
 GET /dashboard 200 in 214ms
 GET /api/notifications?limit=10 200 in 477ms
 ○ Compiling /api/company/invitations ...
 ✓ Compiled /api/company/invitations in 781ms (2040 modules)
 GET /api/auth/session 200 in 1782ms
 GET /api/company/invitations? 200 in 1930ms
 GET /api/notifications?limit=10 200 in 1414ms
 GET /api/realtime 200 in 1599ms
 GET /api/dashboard/agenda 200 in 1664ms
 GET /api/realtime 200 in 1417ms
 GET /api/realtime 200 in 1500ms
 GET /api/auth/session 200 in 148ms
 GET /api/realtime 200 in 154ms
 GET /api/realtime 200 in 164ms
 GET /api/company/invitations? 200 in 270ms
 GET /api/dashboard/agenda 200 in 262ms
 GET /api/notifications?limit=10 200 in 242ms
 GET /api/realtime 200 in 94ms
 GET /api/realtime 200 in 296ms
 GET /api/auth/session 200 in 196ms
 GET /api/realtime 200 in 231ms
 GET /api/dashboard/agenda 200 in 259ms
 GET /api/company/invitations? 200 in 260ms
 GET /api/notifications?limit=10 200 in 278ms
 GET /api/realtime 200 in 277ms
 GET /api/realtime 200 in 214ms
 GET /api/realtime 200 in 284ms
 GET /api/auth/session 200 in 344ms
 GET /api/dashboard/agenda 200 in 366ms
 GET /api/company/invitations? 200 in 368ms
 GET /api/notifications?limit=10 200 in 364ms
 GET /api/realtime 200 in 407ms
 GET /api/realtime 200 in 389ms
 GET /api/realtime 200 in 277ms
 GET /api/auth/session 200 in 391ms
 GET /api/notifications?limit=10 200 in 407ms
 GET /api/realtime 200 in 419ms
 GET /api/realtime 200 in 478ms
 GET /api/realtime 200 in 384ms
 GET /api/auth/session 200 in 342ms
 GET /api/realtime 200 in 259ms
 GET /api/notifications?limit=10 200 in 263ms
 GET /api/realtime 200 in 121ms
 GET /api/realtime 200 in 234ms
 GET /api/auth/session 200 in 209ms
 GET /api/notifications?limit=10 200 in 210ms
 GET /api/realtime 200 in 3694ms
 GET /api/realtime 200 in 214ms
 GET /api/realtime 200 in 3737ms
 GET /api/realtime 200 in 429ms
 GET /api/auth/session 200 in 256ms
 GET /api/notifications?limit=10 200 in 281ms
 GET /api/realtime 200 in 135ms
 GET /api/auth/session 200 in 125ms
 GET /api/notifications?limit=10 200 in 161ms
 GET /api/realtime 200 in 147ms
 GET /api/auth/session 200 in 114ms
 GET /api/realtime 200 in 4360ms
 GET /api/auth/session 200 in 92ms
 GET /api/auth/session 200 in 56ms
 GET /api/auth/session 200 in 117ms
[?25h
