  ▲ Next.js 14.2.28
  - Local:        http://localhost:3000
  - Environments: .env
  - Experiments (use with caution):
    · outputFileTracingRoot

 ✓ Starting...
 ✓ Ready in 2.2s
 ○ Compiling / ...
 ✓ Compiled / in 2.4s (596 modules)
 GET / 200 in 2949ms
 ✓ Compiled in 503ms (296 modules)
 GET / 200 in 68ms
 GET / 200 in 58ms
 GET / 200 in 69ms
 ✓ Compiled /api/auth/[...nextauth] in 411ms (541 modules)
 GET /api/auth/session 200 in 879ms
 GET /api/auth/session 200 in 66ms
 GET /api/auth/session 200 in 62ms
 GET / 200 in 101ms
 GET /api/auth/session 200 in 94ms
 GET / 200 in 65ms
[?25h
