  ▲ Next.js 14.2.28
  - Local:        http://localhost:3000
  - Environments: .env
  - Experiments (use with caution):
    · outputFileTracingRoot

 ✓ Starting...
 ✓ Ready in 2.2s
 ○ Compiling / ...
 ✓ Compiled / in 2.1s (611 modules)
 ✓ Compiled in 684ms (297 modules)
 GET / 200 in 2883ms
 GET / 200 in 136ms
 GET / 200 in 89ms
 GET / 200 in 103ms
 ○ Compiling /api/auth/[...nextauth] ...
 ✓ Compiled /api/auth/[...nextauth] in 504ms (555 modules)
 GET /api/auth/session 200 in 1032ms
 GET /api/auth/session 200 in 99ms
 GET / 200 in 168ms
 GET / 200 in 95ms
 GET / 200 in 102ms
 GET / 200 in 101ms
 GET / 200 in 113ms
 GET / 200 in 117ms
 GET / 200 in 129ms
 GET / 200 in 106ms
 GET / 200 in 99ms
 GET / 200 in 89ms
 GET / 200 in 92ms
 GET / 200 in 95ms
 GET / 200 in 97ms
 GET / 200 in 89ms
 GET / 200 in 108ms
 GET / 200 in 98ms
 GET / 200 in 100ms
 GET / 200 in 104ms
 GET / 200 in 102ms
 GET / 200 in 107ms
 GET / 200 in 117ms
 GET / 200 in 95ms
 GET / 200 in 106ms
 GET / 200 in 106ms
 GET / 200 in 95ms
 ○ Compiling /login ...
 ✓ Compiled /login in 884ms (655 modules)
 ✓ Compiled /api/auth/[...nextauth] in 144ms (584 modules)
 GET /api/auth/providers 200 in 345ms
 GET /api/auth/csrf 200 in 97ms
 POST /api/auth/callback/credentials 200 in 488ms
 GET /api/auth/session 200 in 93ms
 ✓ Compiled /middleware in 172ms (174 modules)
 ○ Compiling /dashboard ...
 ✓ Compiled /dashboard in 1611ms (1859 modules)
 GET /dashboard?_rsc=iqngu 200 in 141ms
 ✓ Compiled /api/realtime in 227ms (1099 modules)
 ✓ Compiled (1102 modules)
 GET /api/notifications?limit=10 200 in 644ms
 GET /api/realtime 200 in 62ms
 GET /api/notifications?limit=10 200 in 101ms
 GET / 200 in 178ms
 GET /api/realtime 200 in 298ms
 GET /api/realtime 200 in 268ms
 GET /api/realtime 200 in 290ms
 GET /api/realtime 200 in 264ms
 GET /api/realtime 200 in 289ms
 GET /api/realtime 200 in 249ms
 GET /api/realtime 200 in 261ms
 GET /api/realtime 200 in 302ms
 GET /api/realtime 200 in 274ms
 ○ Compiling /projects ...
 ✓ Compiled /projects in 1293ms (1953 modules)
 GET /api/realtime 200 in 1228ms
 GET /api/realtime 200 in 301ms
 GET /projects?_rsc=x7vz2 200 in 87ms
 GET /api/realtime 200 in 253ms
 GET /api/realtime 200 in 281ms
 GET /api/realtime 200 in 270ms
 GET /api/realtime 200 in 335ms
 GET /api/realtime 200 in 259ms
 ○ Compiling /projects/[id] ...
 ✓ Compiled /projects/[id] in 1630ms (2155 modules)
 GET /api/realtime 200 in 1488ms
 GET /api/realtime 200 in 431ms
 GET /projects/project-mall-renovation?_rsc=1o8h7 200 in 483ms
 GET /api/realtime 200 in 271ms
 GET /api/realtime 200 in 288ms
 GET /api/realtime 200 in 271ms
 GET /api/realtime 200 in 265ms
 GET /api/realtime 200 in 279ms
 GET /api/realtime 200 in 259ms
 GET /api/realtime 200 in 259ms
 GET /api/realtime 200 in 271ms
 GET /api/realtime 200 in 290ms
 GET /api/realtime 200 in 261ms
 GET /api/realtime 200 in 297ms
 GET /api/realtime 200 in 274ms
 GET /api/realtime 200 in 616ms
 GET /api/realtime 200 in 302ms
 GET /api/realtime 200 in 253ms
 GET /api/realtime 200 in 253ms
 GET /api/realtime 200 in 345ms
 GET /api/realtime 200 in 256ms
 GET /api/realtime 200 in 284ms
 GET /api/realtime 200 in 31185ms
 GET / 200 in 144ms
 ✓ Compiled in 973ms (928 modules)
prisma:error Error in PostgreSQL connection: Error { kind: Db, cause: Some(DbError { severity: "FATAL", parsed_severity: Some(Fatal), code: SqlState(E57P05), message: "terminating connection due to idle-session timeout", detail: None, hint: None, position: None, where_: None, schema: None, table: None, column: None, datatype: None, constraint: None, file: Some("postgres.c"), line: Some(3472), routine: Some("ProcessInterrupts") }) }
prisma:error Error in PostgreSQL connection: Error { kind: Db, cause: Some(DbError { severity: "FATAL", parsed_severity: Some(Fatal), code: SqlState(E57P05), message: "terminating connection due to idle-session timeout", detail: None, hint: None, position: None, where_: None, schema: None, table: None, column: None, datatype: None, constraint: None, file: Some("postgres.c"), line: Some(3472), routine: Some("ProcessInterrupts") }) }
prisma:error Error in PostgreSQL connection: Error { kind: Db, cause: Some(DbError { severity: "FATAL", parsed_severity: Some(Fatal), code: SqlState(E57P05), message: "terminating connection due to idle-session timeout", detail: None, hint: None, position: None, where_: None, schema: None, table: None, column: None, datatype: None, constraint: None, file: Some("postgres.c"), line: Some(3472), routine: Some("ProcessInterrupts") }) }
prisma:error Error in PostgreSQL connection: Error { kind: Db, cause: Some(DbError { severity: "FATAL", parsed_severity: Some(Fatal), code: SqlState(E57P05), message: "terminating connection due to idle-session timeout", detail: None, hint: None, position: None, where_: None, schema: None, table: None, column: None, datatype: None, constraint: None, file: Some("postgres.c"), line: Some(3472), routine: Some("ProcessInterrupts") }) }
prisma:error Error in PostgreSQL connection: Error { kind: Db, cause: Some(DbError { severity: "FATAL", parsed_severity: Some(Fatal), code: SqlState(E57P05), message: "terminating connection due to idle-session timeout", detail: None, hint: None, position: None, where_: None, schema: None, table: None, column: None, datatype: None, constraint: None, file: Some("postgres.c"), line: Some(3472), routine: Some("ProcessInterrupts") }) }
 ✓ Compiled in 873ms (925 modules)
 ✓ Compiled in 860ms (925 modules)
 ✓ Compiled in 829ms (925 modules)
[?25h
