[master d68a44a] Added 5 new construction modules
 23 files changed, 3830 insertions(+), 2 deletions(-)
 create mode 100644 nextjs_space/app/(dashboard)/defects/_components/defects-client.tsx
 create mode 100644 nextjs_space/app/(dashboard)/defects/page.tsx
 create mode 100644 nextjs_space/app/(dashboard)/drawings/_components/drawings-client.tsx
 create mode 100644 nextjs_space/app/(dashboard)/drawings/page.tsx
 create mode 100644 nextjs_space/app/(dashboard)/permits/_components/permits-client.tsx
 create mode 100644 nextjs_space/app/(dashboard)/permits/page.tsx
 create mode 100644 nextjs_space/app/(dashboard)/progress-claims/_components/progress-claims-client.tsx
 create mode 100644 nextjs_space/app/(dashboard)/progress-claims/page.tsx
 create mode 100644 nextjs_space/app/(dashboard)/site-diary/_components/site-diary-client.tsx
 create mode 100644 nextjs_space/app/(dashboard)/site-diary/page.tsx
 create mode 100644 nextjs_space/app/api/defects/[id]/route.ts
 create mode 100644 nextjs_space/app/api/defects/route.ts
 create mode 100644 nextjs_space/app/api/drawings/[id]/route.ts
 create mode 100644 nextjs_space/app/api/drawings/route.ts
 create mode 100644 nextjs_space/app/api/permits/[id]/route.ts
 create mode 100644 nextjs_space/app/api/permits/route.ts
 create mode 100644 nextjs_space/app/api/progress-claims/[id]/route.ts
 create mode 100644 nextjs_space/app/api/progress-claims/route.ts
 create mode 100644 nextjs_space/app/api/site-diary/[id]/route.ts
 create mode 100644 nextjs_space/app/api/site-diary/route.ts
###d68a44a2b578f656ac3bb6f18fbb48360f2aa744###
