  ▲ Next.js 14.2.28
  - Local:        http://localhost:3000
  - Environments: .env
  - Experiments (use with caution):
    · outputFileTracingRoot

 ✓ Starting...
 ✓ Ready in 2s
 ○ Compiling / ...
 ✓ Compiled / in 2.3s (596 modules)
 GET / 200 in 2742ms
 ✓ Compiled in 478ms (296 modules)
 ✓ Compiled /api/auth/[...nextauth] in 402ms (541 modules)
 GET /api/auth/providers 200 in 874ms
 GET / 200 in 88ms
 GET /api/auth/session 200 in 57ms
 GET /api/auth/session 200 in 42ms
 ○ Compiling /signup ...
 ✓ Compiled /signup in 737ms (881 modules)
 GET /login 200 in 922ms
 GET /signup 200 in 914ms
 GET /api/auth/session 200 in 72ms
 GET /api/auth/session 200 in 48ms
 GET /api/auth/session 200 in 50ms
 GET /api/auth/session 200 in 44ms
 GET /api/auth/session 200 in 52ms
 GET /api/auth/csrf 200 in 50ms
 ✓ Compiled /api/signup in 285ms (597 modules)
 POST /api/signup 200 in 775ms
 GET / 200 in 85ms
 GET /api/auth/signin 302 in 63ms
 GET /login?callbackUrl=https://267ef8e6d.preview.abacusai.app 200 in 62ms
 GET /api/auth/csrf 200 in 43ms
 POST /api/auth/callback/credentials 302 in 345ms
 ✓ Compiled /middleware in 176ms (174 modules)
 ○ Compiling /dashboard ...
 ✓ Compiled /dashboard in 2.1s (2831 modules)
 GET /dashboard 200 in 2365ms
 GET / 200 in 71ms
 GET /dashboard 200 in 77ms
 GET /api/auth/session 200 in 77ms
 ✓ Compiled /api/realtime in 324ms (1567 modules)
 ✓ Compiled (1570 modules)
 GET /api/auth/session 200 in 694ms
 GET /api/realtime 200 in 707ms
 GET /api/notifications?limit=10 200 in 751ms
 GET /api/realtime 200 in 746ms
 GET /api/realtime 200 in 692ms
 GET /api/auth/session 200 in 55ms
 GET /api/notifications?limit=10 200 in 82ms
 GET /api/auth/session 200 in 65ms
 GET /api/notifications?limit=10 200 in 92ms
 GET /api/auth/session 200 in 94ms
 GET /api/realtime 200 in 64ms
 GET /api/notifications?limit=10 200 in 77ms
 GET /api/realtime 200 in 81ms
 ○ Compiling /company ...
 ✓ Compiled /company in 2.4s (3262 modules)
 GET /api/realtime 200 in 7791ms
 GET /daily-reports 200 in 3201ms
 GET /projects 200 in 3220ms
 GET /change-orders 200 in 3235ms
 GET /projects/new 200 in 3194ms
 GET /documents 200 in 3205ms
 GET /submittals 200 in 3223ms
 GET /safety 200 in 3206ms
 GET /settings 200 in 3207ms
 GET /tasks 200 in 3239ms
 GET /team 200 in 3208ms
 GET /reports 200 in 3196ms
 GET /company 200 in 3197ms
 GET /rfis 200 in 3241ms
 GET /api/notifications?limit=10 200 in 150ms
 GET /api/auth/session 200 in 171ms
 GET /api/notifications?limit=10 200 in 266ms
 GET /api/realtime 200 in 318ms
 GET /api/realtime 200 in 331ms
 GET /api/realtime 200 in 327ms
 GET /api/auth/session 200 in 394ms
 GET /api/realtime 200 in 289ms
 GET /api/realtime 200 in 275ms
 GET /api/realtime 200 in 293ms
 GET /api/realtime 200 in 362ms
 GET /api/realtime 200 in 284ms
 GET /api/notifications?limit=10 200 in 338ms
 GET /api/realtime 200 in 219ms
 GET /api/auth/session 200 in 290ms
 GET /api/realtime 200 in 214ms
 GET /api/realtime 200 in 283ms
 GET /api/realtime 200 in 294ms
 GET /api/notifications?limit=10 200 in 317ms
 GET /api/realtime 200 in 282ms
 GET /api/auth/session 200 in 347ms
 GET /api/realtime 200 in 264ms
 GET /api/notifications?limit=10 200 in 271ms
 GET /api/auth/session 200 in 274ms
 GET /api/notifications?limit=10 200 in 191ms
 GET /api/auth/session 200 in 134ms
 GET /api/notifications?limit=10 200 in 172ms
 GET /api/realtime 200 in 176ms
 GET /api/auth/session 200 in 152ms
 GET /api/notifications?limit=10 200 in 188ms
 GET /api/auth/session 200 in 196ms
 GET /api/realtime 200 in 174ms
 GET /api/notifications?limit=10 200 in 190ms
 GET /api/auth/session 200 in 147ms
 GET /api/notifications?limit=10 200 in 200ms
 GET /api/auth/session 200 in 170ms
 GET /api/notifications?limit=10 200 in 183ms
 GET /api/realtime 200 in 175ms
 GET /api/auth/session 200 in 247ms
 GET /api/notifications?limit=10 200 in 231ms
 GET /api/realtime 200 in 160ms
 GET /api/auth/session 200 in 233ms
 GET /api/notifications?limit=10 200 in 224ms
 GET /api/auth/session 200 in 185ms
 GET /api/notifications?limit=10 200 in 198ms
 GET /api/notifications?limit=10 200 in 212ms
 GET /api/auth/session 200 in 269ms
 GET /api/realtime 200 in 264ms
 GET /api/notifications?limit=10 200 in 261ms
 GET /api/auth/session 200 in 322ms
 GET /api/realtime 200 in 254ms
 GET /api/realtime 200 in 168ms
 GET /api/realtime 200 in 172ms
 GET /api/notifications?limit=10 200 in 195ms
 GET /api/auth/session 200 in 212ms
 GET /api/realtime 200 in 162ms
 GET /api/notifications?limit=10 200 in 217ms
 GET /api/realtime 200 in 215ms
 GET /api/auth/session 200 in 255ms
 GET /api/auth/session 200 in 211ms
 GET /api/auth/session 200 in 445ms
 GET /api/auth/session 200 in 425ms
 GET /api/auth/session 200 in 426ms
 GET /api/auth/session 200 in 427ms
 GET /api/auth/session 200 in 427ms
 GET /api/auth/session 200 in 428ms
 GET /api/auth/session 200 in 429ms
 GET /api/auth/session 200 in 428ms
 GET /api/auth/session 200 in 427ms
 GET /api/auth/session 200 in 431ms
 GET /api/auth/session 200 in 428ms
 GET /api/auth/session 200 in 429ms
 GET /api/auth/session 200 in 430ms
 GET /api/auth/session 200 in 429ms
 GET /api/auth/session 200 in 430ms
 GET /api/auth/session 200 in 430ms
 GET /api/auth/session 200 in 431ms
 GET /api/auth/session 200 in 436ms
 GET /api/auth/session 200 in 437ms
 GET /api/auth/session 200 in 438ms
 GET /api/auth/session 200 in 439ms
 GET /api/auth/session 200 in 439ms
 GET /api/auth/session 200 in 440ms
 GET /api/auth/session 200 in 440ms
 GET /api/auth/session 200 in 441ms
 GET /api/auth/session 200 in 440ms
 GET /api/auth/session 200 in 441ms
 GET /api/auth/session 200 in 440ms
 GET /api/auth/session 200 in 441ms
 GET /api/auth/session 200 in 441ms
 GET /api/auth/session 200 in 442ms
 GET /api/auth/session 200 in 442ms
 GET /api/auth/session 200 in 442ms
 GET /api/auth/session 200 in 443ms
 GET /api/auth/session 200 in 444ms
 GET /api/auth/session 200 in 444ms
 GET /api/auth/session 200 in 445ms
 GET /api/auth/session 200 in 446ms
 GET /api/auth/session 200 in 446ms
 GET /api/auth/session 200 in 447ms
 GET /api/auth/session 200 in 446ms
 GET /api/auth/session 200 in 446ms
 GET /api/auth/session 200 in 447ms
 GET /api/auth/session 200 in 447ms
 GET /api/notifications?limit=10 200 in 405ms
 GET /api/realtime 200 in 420ms
 GET /api/realtime 200 in 353ms
 GET /api/notifications?limit=10 200 in 166ms
 GET /api/realtime 200 in 148ms
 GET /api/notifications?limit=10 200 in 306ms
 GET /api/notifications?limit=10 200 in 199ms
 GET /api/notifications?limit=10 200 in 170ms
 GET /api/realtime 200 in 149ms
 GET /api/realtime 200 in 168ms
 GET /api/notifications?limit=10 200 in 149ms
 GET /api/realtime 200 in 146ms
 GET /api/realtime 200 in 148ms
 GET /api/realtime 200 in 148ms
 GET /api/realtime 200 in 146ms
 GET /api/realtime 200 in 148ms
 GET /api/realtime 200 in 147ms
 GET /api/notifications?limit=10 200 in 101ms
 GET /api/realtime 200 in 146ms
 GET /api/realtime 200 in 59ms
 ○ Compiling /company/usage ...
 ✓ Compiled /company/usage in 2.5s (3339 modules)
 GET /company/settings 307 in 2803ms
 GET /company/invitations 200 in 2805ms
 GET /company/usage 200 in 2804ms
 GET /company/team 200 in 2819ms
 GET /dashboard 200 in 203ms
 GET /projects/project-downtown-office 200 in 3091ms
 GET /projects/project-riverside-homes 200 in 3072ms
 GET /projects/project-mall-renovation 200 in 3090ms
 ○ Compiling /api/company/invitations ...
 ✓ Compiled /api/company/invitations in 1377ms (1852 modules)
 GET /api/auth/session 200 in 2126ms
 GET /api/notifications?limit=10 200 in 1738ms
 GET /api/realtime 200 in 1697ms
 GET /api/realtime 200 in 1736ms
 GET /api/realtime 200 in 1601ms
 GET /api/realtime 200 in 1731ms
 GET /api/realtime 200 in 1630ms
 GET /api/realtime 200 in 1700ms
 GET /api/realtime 200 in 1703ms
 GET /api/realtime 200 in 1629ms
 GET /api/realtime 200 in 1648ms
 GET /api/realtime 200 in 1712ms
 GET /api/company/invitations? 200 in 2169ms
 GET /api/realtime 200 in 1632ms
 GET /api/realtime 200 in 1609ms
 GET /api/auth/session 200 in 105ms
 GET /api/notifications?limit=10 200 in 144ms
 GET /api/company/invitations? 200 in 142ms
 GET /api/auth/session 200 in 170ms
 GET /api/notifications?limit=10 200 in 177ms
 GET /api/company/invitations? 200 in 172ms
 GET /api/auth/session 200 in 139ms
 GET /api/realtime 200 in 138ms
 GET /api/notifications?limit=10 200 in 173ms
 GET /api/realtime 200 in 170ms
 GET /api/company/invitations? 200 in 195ms
 GET /api/auth/session 200 in 203ms
 GET /api/notifications?limit=10 200 in 198ms
 GET /api/auth/session 200 in 104ms
 GET /api/notifications?limit=10 200 in 176ms
 GET /api/auth/session 200 in 223ms
 GET /api/notifications?limit=10 200 in 221ms
 GET /api/auth/session 200 in 118ms
 GET /api/notifications?limit=10 200 in 154ms
 GET /api/auth/session 200 in 150ms
 GET /api/notifications?limit=10 200 in 187ms
 GET /api/auth/session 200 in 162ms
 GET /api/realtime 200 in 111ms
 GET /api/notifications?limit=10 200 in 140ms
 GET /api/realtime 200 in 162ms
 GET /api/auth/session 200 in 167ms
 GET /api/notifications?limit=10 200 in 162ms
 GET /api/realtime 200 in 30388ms
 GET /api/auth/session 200 in 106ms
 GET /api/realtime 200 in 115ms
 GET /api/realtime 200 in 30101ms
 GET /api/notifications?limit=10 200 in 110ms
 GET /api/auth/session 200 in 153ms
 GET /api/realtime 200 in 30094ms
 GET /api/realtime 200 in 136ms
 GET /api/notifications?limit=10 200 in 175ms
 GET /api/realtime 200 in 30089ms
 GET /api/auth/session 200 in 127ms
 GET /api/realtime 200 in 30076ms
 GET /api/notifications?limit=10 200 in 128ms
 GET /api/realtime 200 in 30060ms
 GET /api/auth/session 200 in 208ms
 GET /api/realtime 200 in 30095ms
 GET /api/realtime 200 in 30053ms
 GET /api/notifications?limit=10 200 in 212ms
 GET /api/realtime 200 in 30055ms
 GET /api/auth/session 200 in 123ms
 GET /api/realtime 200 in 107ms
 GET /api/realtime 200 in 30071ms
 GET /api/notifications?limit=10 200 in 193ms
 GET /api/realtime 200 in 30050ms
 GET /api/auth/session 200 in 149ms
 GET /api/realtime 200 in 30048ms
 GET /api/realtime 200 in 144ms
 GET /api/realtime 200 in 30064ms
 GET /api/realtime 200 in 159ms
 GET /api/auth/session 200 in 126ms
 GET /api/realtime 200 in 173ms
 GET /api/auth/session 200 in 97ms
 GET /api/realtime 200 in 30053ms
 GET /api/realtime 200 in 30055ms
 GET /api/auth/session 200 in 105ms
 GET /api/realtime 200 in 30054ms
 GET /api/auth/session 200 in 79ms
 GET /api/realtime 200 in 30052ms
 GET /api/realtime 200 in 30058ms
 GET /api/realtime 200 in 30048ms
 GET /api/realtime 200 in 30066ms
 GET /api/realtime 200 in 30051ms
 GET /api/realtime 200 in 30048ms
 GET /api/realtime 200 in 30051ms
 GET /api/realtime 200 in 30064ms
 GET /api/realtime 200 in 30051ms
 GET /api/realtime 200 in 30049ms
 GET /api/realtime 200 in 30046ms
 GET /api/realtime 200 in 30055ms
 GET /api/realtime 200 in 30048ms
 GET /api/realtime 200 in 77ms
 GET /api/realtime 200 in 29720ms
 GET /api/realtime 200 in 28568ms
 GET /api/realtime 200 in 28474ms
 GET /api/realtime 200 in 28930ms
 GET /api/realtime 200 in 29288ms
 GET /api/realtime 200 in 29809ms
 GET /api/realtime 200 in 26818ms
 GET /api/realtime 200 in 21209ms
 GET /api/realtime 200 in 20353ms
 GET /api/realtime 200 in 29119ms
 GET /api/realtime 200 in 28846ms
 GET /api/realtime 200 in 26551ms
 GET /api/realtime 200 in 27923ms
 GET /api/realtime 200 in 27560ms
 GET /api/realtime 200 in 27829ms
 GET /api/realtime 200 in 28390ms
 GET /api/realtime 200 in 29035ms
 GET /api/realtime 200 in 28191ms
 GET /api/realtime 200 in 27474ms
 GET /api/realtime 200 in 21364ms
 GET /api/realtime 200 in 28013ms
 GET /api/realtime 200 in 29207ms
 GET /api/realtime 200 in 21731ms
 GET /api/realtime 200 in 29470ms
 GET /api/realtime 200 in 29384ms
 GET /api/realtime 200 in 21260ms
 GET /api/realtime 200 in 20353ms
 GET /api/realtime 200 in 19052ms
 GET /api/realtime 200 in 17217ms
 GET /api/realtime 200 in 18958ms
 GET /api/realtime 200 in 20363ms
 GET /api/realtime 200 in 20004ms
 GET /api/realtime 200 in 18365ms
 GET /api/realtime 200 in 21200ms
 GET /api/realtime 200 in 18488ms
 GET /api/realtime 200 in 21479ms
 GET /api/realtime 200 in 21209ms
 GET /api/realtime 200 in 21209ms
 GET /api/realtime 200 in 19530ms
 GET /api/realtime 200 in 19144ms
 GET /api/realtime 200 in 18973ms
 GET /api/realtime 200 in 20574ms
 GET /api/realtime 200 in 19896ms
 GET /api/realtime 200 in 20805ms
 GET /api/realtime 200 in 20102ms
 GET /api/realtime 200 in 19651ms
 GET /api/realtime 200 in 20205ms
 GET /api/realtime 200 in 28315ms
 GET /api/realtime 200 in 21613ms
 GET /api/realtime 200 in 19544ms
 GET /api/realtime 200 in 20910ms
 GET /api/realtime 200 in 18855ms
 GET /api/realtime 200 in 18819ms
 GET /api/realtime 200 in 20712ms
 GET /api/realtime 200 in 21176ms
 GET /api/realtime 200 in 27669ms
 GET /api/realtime 200 in 21677ms
 GET /api/realtime 200 in 27304ms
 GET /api/realtime 200 in 20793ms
 GET /api/realtime 200 in 20901ms
 GET /api/realtime 200 in 20487ms
 GET /api/realtime 200 in 20644ms
 GET /api/realtime 200 in 21873ms
 GET /api/realtime 200 in 21748ms
 GET /api/realtime 200 in 20214ms
 GET /api/realtime 200 in 19362ms
 GET /api/realtime 200 in 20395ms
 GET /api/realtime 200 in 20219ms
 GET /api/realtime 200 in 20002ms
 GET /api/realtime 200 in 19648ms
 GET /api/realtime 200 in 21069ms
 GET /api/realtime 200 in 30007ms
 GET /api/realtime 200 in 20648ms
 GET /api/realtime 200 in 19907ms
 GET /api/realtime 200 in 29921ms
 GET /api/realtime 200 in 20973ms
 GET /api/realtime 200 in 21067ms
 GET /api/realtime 200 in 26750ms
 GET /api/realtime 200 in 21083ms
 GET /api/realtime 200 in 20923ms
 GET /api/realtime 200 in 26997ms
 GET /api/realtime 200 in 28125ms
 GET /api/realtime 200 in 13117ms
 GET /api/realtime 200 in 20462ms
 GET /api/realtime 200 in 1567ms
 GET /api/realtime 200 in 11100ms
 GET /api/realtime 200 in 3558ms
 GET /api/realtime 200 in 4840ms
 GET /api/realtime 200 in 15400ms
 GET /api/realtime 200 in 17915ms
 GET /api/realtime 200 in 1282ms
 GET /api/realtime 200 in 19669ms
 GET /api/realtime 200 in 18547ms
 GET /api/realtime 200 in 18074ms
 GET /api/realtime 200 in 14099ms
 GET /api/realtime 200 in 15029ms
 GET /api/realtime 200 in 2495ms
 GET /api/realtime 200 in 2384ms
 GET /api/realtime 200 in 19334ms
 GET /api/realtime 200 in 3438ms
 GET /api/realtime 200 in 3921ms
 GET /api/realtime 200 in 10834ms
 GET /api/realtime 200 in 12284ms
 GET /api/realtime 200 in 18075ms
 GET /api/realtime 200 in 1549ms
 GET /api/realtime 200 in 2239ms
 GET /api/realtime 200 in 901ms
 GET /api/realtime 200 in 17155ms
 GET /api/realtime 200 in 855ms
 GET /api/realtime 200 in 16330ms
 GET /api/realtime 200 in 791ms
 GET /api/realtime 200 in 2819ms
 GET /api/realtime 200 in 11929ms
 GET /api/realtime 200 in 19771ms
 GET /api/realtime 200 in 18079ms
 GET /api/realtime 200 in 17650ms
 GET /api/realtime 200 in 3875ms
 GET /api/realtime 200 in 17987ms
 GET /api/realtime 200 in 11846ms
 GET /api/realtime 200 in 2117ms
 GET /api/realtime 200 in 271ms
 GET /api/realtime 200 in 15568ms
 GET /api/realtime 200 in 12683ms
 GET /api/realtime 200 in 3870ms
 GET /api/realtime 200 in 20150ms
 GET /api/realtime 200 in 17267ms
 GET /api/realtime 200 in 19187ms
 GET /api/realtime 200 in 18165ms
 GET /api/realtime 200 in 15695ms
 GET /api/realtime 200 in 2596ms
 GET /api/realtime 200 in 17307ms
 GET /api/realtime 200 in 1762ms
 GET /api/realtime 200 in 17949ms
 GET /api/realtime 200 in 17435ms
 GET /api/realtime 200 in 4083ms
 GET /api/realtime 200 in 15758ms
 GET /api/realtime 200 in 19344ms
 GET /api/realtime 200 in 4703ms
 GET /api/realtime 200 in 18611ms
 GET /api/realtime 200 in 11635ms
 GET /api/realtime 200 in 16331ms
 GET /api/realtime 200 in 18864ms
 GET /api/realtime 200 in 15793ms
 GET /api/realtime 200 in 15696ms
 GET /api/realtime 200 in 16998ms
 GET /api/realtime 200 in 235ms
 GET /api/realtime 200 in 1241ms
 GET /api/realtime 200 in 18304ms
 GET /api/realtime 200 in 4516ms
 GET /api/realtime 200 in 1421ms
 GET /api/realtime 200 in 19697ms
 GET /api/realtime 200 in 12205ms
 GET /api/realtime 200 in 18902ms
 GET /api/realtime 200 in 16389ms
 GET /api/realtime 200 in 13904ms
 GET /api/realtime 200 in 16445ms
 GET /api/realtime 200 in 17662ms
 GET /api/realtime 200 in 20051ms
 GET /api/realtime 200 in 16199ms
 GET /api/realtime 200 in 17065ms
 GET /api/realtime 200 in 13056ms
 GET /api/realtime 200 in 15150ms
 GET /api/realtime 200 in 17388ms
 GET /api/realtime 200 in 15855ms
 GET /api/realtime 200 in 15622ms
 GET /api/realtime 200 in 18827ms
 GET /api/realtime 200 in 16629ms
 GET /api/realtime 200 in 11551ms
 GET /api/realtime 200 in 19528ms
 GET /api/realtime 200 in 19883ms
 GET /api/realtime 200 in 15630ms
 GET /api/realtime 200 in 19414ms
 GET /api/realtime 200 in 2460ms
 GET /api/realtime 200 in 19007ms
 GET /api/realtime 200 in 20489ms
 GET /api/realtime 200 in 4095ms
 GET /api/realtime 200 in 1990ms
 GET /api/realtime 200 in 17838ms
 GET /api/realtime 200 in 16281ms
 GET /api/realtime 200 in 3023ms
 GET /api/realtime 200 in 18314ms
 GET /api/realtime 200 in 12976ms
 GET /api/realtime 200 in 20766ms
 GET /api/realtime 200 in 19412ms
 GET /api/realtime 200 in 17073ms
 GET /api/realtime 200 in 12611ms
 GET /api/realtime 200 in 20279ms
 GET /api/realtime 200 in 18673ms
 GET /api/realtime 200 in 5006ms
 GET /api/realtime 200 in 10956ms
 GET /api/realtime 200 in 17772ms
 GET /api/realtime 200 in 971ms
 GET /api/realtime 200 in 13722ms
 GET /api/realtime 200 in 15638ms
 GET /api/realtime 200 in 16637ms
 GET /api/realtime 200 in 18319ms
 GET /api/realtime 200 in 28747ms
 GET /api/realtime 200 in 12517ms
 GET /api/realtime 200 in 4858ms
 GET /api/realtime 200 in 2469ms
 GET /api/realtime 200 in 21121ms
 GET /api/realtime 200 in 17783ms
 GET /api/realtime 200 in 20432ms
 GET /api/realtime 200 in 3237ms
 GET /api/realtime 200 in 18792ms
 GET /api/realtime 200 in 3405ms
 GET /api/realtime 200 in 16912ms
 GET /api/realtime 200 in 17507ms
 GET /api/realtime 200 in 13347ms
 GET /api/realtime 200 in 15761ms
 GET /api/realtime 200 in 11052ms
 GET /api/realtime 200 in 13637ms
 GET /api/realtime 200 in 20177ms
 GET /api/realtime 200 in 4339ms
 GET /api/realtime 200 in 16469ms
 GET /api/realtime 200 in 17412ms
 GET /api/realtime 200 in 16644ms
 GET /api/realtime 200 in 3084ms
 GET /api/realtime 200 in 27187ms
 GET /api/realtime 200 in 18269ms
 GET /api/realtime 200 in 20276ms
 GET /api/realtime 200 in 19425ms
 GET /api/realtime 200 in 4842ms
 GET /api/realtime 200 in 17194ms
 GET /api/realtime 200 in 2898ms
 GET /api/realtime 200 in 20715ms
 GET /api/realtime 200 in 17426ms
 GET /api/realtime 200 in 17300ms
 GET /api/realtime 200 in 19975ms
 GET /api/realtime 200 in 19327ms
 GET /api/realtime 200 in 14031ms
 GET /api/realtime 200 in 18479ms
 GET /api/realtime 200 in 18806ms
 GET /api/realtime 200 in 19225ms
 GET /api/realtime 200 in 17631ms
 GET /api/realtime 200 in 17520ms
 GET /api/realtime 200 in 20860ms
 GET /api/realtime 200 in 19977ms
 GET /api/realtime 200 in 17034ms
 GET /api/realtime 200 in 5025ms
 GET /api/realtime 200 in 16583ms
 GET /api/realtime 200 in 19196ms
 GET /api/realtime 200 in 16928ms
 GET /api/realtime 200 in 18530ms
 GET /api/realtime 200 in 17348ms
 GET /api/realtime 200 in 16861ms
 GET /api/realtime 200 in 21696ms
 GET /api/realtime 200 in 19384ms
 GET /api/realtime 200 in 16479ms
 GET /api/realtime 200 in 20452ms
 GET /api/realtime 200 in 18699ms
 GET /api/realtime 200 in 16424ms
 GET /api/realtime 200 in 19628ms
 GET /api/realtime 200 in 19144ms
 GET /api/realtime 200 in 13565ms
 GET /api/realtime 200 in 19983ms
 GET /api/realtime 200 in 18457ms
 GET /api/realtime 200 in 18107ms
 GET /api/realtime 200 in 20137ms
 GET /api/realtime 200 in 19732ms
 GET /api/realtime 200 in 26739ms
 GET /api/realtime 200 in 18609ms
 GET /api/realtime 200 in 18535ms
 GET /api/realtime 200 in 21656ms
 GET /api/realtime 200 in 19727ms
 GET /api/realtime 200 in 20193ms
 GET /api/realtime 200 in 19914ms
 GET /api/realtime 200 in 18823ms
 GET /api/realtime 200 in 16084ms
 GET /api/realtime 200 in 21140ms
 GET /api/realtime 200 in 16563ms
 GET /api/realtime 200 in 19391ms
 GET /api/realtime 200 in 16240ms
 GET /api/realtime 200 in 20706ms
 GET /api/realtime 200 in 17497ms
 GET /api/realtime 200 in 21362ms
 GET /api/realtime 200 in 19723ms
 GET /api/realtime 200 in 18822ms
 GET /api/realtime 200 in 18350ms
 GET /api/realtime 200 in 27845ms
 GET /api/realtime 200 in 15897ms
 GET /api/realtime 200 in 19041ms
 GET /api/realtime 200 in 18216ms
 GET /api/realtime 200 in 19241ms
 GET /api/realtime 200 in 19855ms
 GET /api/realtime 200 in 16567ms
 GET /api/realtime 200 in 18001ms
 GET /api/realtime 200 in 18617ms
 GET /api/realtime 200 in 20531ms
 GET /api/realtime 200 in 16262ms
 GET /api/realtime 200 in 16492ms
 GET /api/realtime 200 in 3675ms
 GET /api/realtime 200 in 18041ms
 GET /api/realtime 200 in 19156ms
 GET /api/realtime 200 in 18047ms
 GET /api/realtime 200 in 18040ms
 GET /api/realtime 200 in 15871ms
 GET /api/realtime 200 in 18457ms
 GET /api/realtime 200 in 19157ms
 GET /api/realtime 200 in 18621ms
 GET /api/realtime 200 in 11504ms
 GET /api/realtime 200 in 17218ms
 GET /api/realtime 200 in 28871ms
 GET /api/realtime 200 in 16879ms
 GET /api/realtime 200 in 18995ms
 GET /api/realtime 200 in 18738ms
 GET /api/realtime 200 in 20618ms
 GET /api/realtime 200 in 18044ms
 GET /api/realtime 200 in 19200ms
 GET /api/realtime 200 in 19206ms
 GET /api/realtime 200 in 16604ms
 GET /api/realtime 200 in 19249ms
 GET /api/realtime 200 in 18190ms
 GET /api/realtime 200 in 21374ms
 GET /api/realtime 200 in 17130ms
 GET /api/realtime 200 in 19645ms
 GET /api/realtime 200 in 19465ms
 GET /api/realtime 200 in 22003ms
 GET /api/realtime 200 in 19459ms
 GET /api/realtime 200 in 20002ms
 GET /api/realtime 200 in 20326ms
 GET /api/realtime 200 in 20101ms
 GET /api/realtime 200 in 19649ms
 GET /api/realtime 200 in 18629ms
 GET /api/realtime 200 in 21089ms
 GET /api/realtime 200 in 18834ms
 GET /api/realtime 200 in 27320ms
 GET /api/realtime 200 in 20816ms
 GET /api/realtime 200 in 26587ms
 GET /api/realtime 200 in 21974ms
 GET /api/realtime 200 in 20213ms
 GET /api/realtime 200 in 21073ms
 GET /api/realtime 200 in 21509ms
 GET /api/realtime 200 in 29762ms
 GET /api/realtime 200 in 19416ms
 GET /api/realtime 200 in 20639ms
 GET /api/realtime 200 in 20330ms
 GET /api/realtime 200 in 29677ms
 GET /api/realtime 200 in 20479ms
 GET /api/realtime 200 in 20825ms
 GET /api/realtime 200 in 18930ms
 GET /api/realtime 200 in 18312ms
 GET /api/realtime 200 in 21594ms
 GET /api/realtime 200 in 17913ms
 GET /api/realtime 200 in 18235ms
 GET /api/realtime 200 in 19876ms
 GET /api/realtime 200 in 20108ms
 GET /api/realtime 200 in 18371ms
 GET /api/realtime 200 in 19476ms
 GET /api/realtime 200 in 20431ms
 GET /api/realtime 200 in 20219ms
 GET /api/realtime 200 in 18968ms
 GET /api/realtime 200 in 19468ms
 GET /api/realtime 200 in 20110ms
 GET /api/realtime 200 in 19878ms
 GET /api/realtime 200 in 20013ms
 GET /api/realtime 200 in 19773ms
 GET /api/realtime 200 in 27510ms
 GET /api/realtime 200 in 20954ms
 GET /api/realtime 200 in 21240ms
 GET /api/realtime 200 in 20228ms
 GET /api/realtime 200 in 21100ms
 GET /api/realtime 200 in 4301ms
 GET /api/realtime 200 in 6417ms
 GET /api/realtime 200 in 599ms
 GET /api/realtime 200 in 207ms
 GET /api/realtime 200 in 6349ms
 GET /api/realtime 200 in 3720ms
 GET /api/realtime 200 in 18330ms
 GET /api/realtime 200 in 4525ms
 GET /api/realtime 200 in 17150ms
 GET /api/realtime 200 in 16354ms
 GET /api/realtime 200 in 18745ms
 GET /api/realtime 200 in 11295ms
 GET /api/realtime 200 in 15701ms
 GET /api/realtime 200 in 1185ms
 GET /api/realtime 200 in 2843ms
 GET /api/realtime 200 in 3171ms
 GET /api/realtime 200 in 1136ms
 GET /api/realtime 200 in 15933ms
 GET /api/realtime 200 in 5079ms
 GET /api/realtime 200 in 19191ms
 GET /api/realtime 200 in 12117ms
 GET /api/realtime 200 in 2212ms
 GET /api/realtime 200 in 19488ms
 GET /api/realtime 200 in 3770ms
 GET /api/realtime 200 in 1893ms
 GET /api/realtime 200 in 17588ms
 GET /api/realtime 200 in 5048ms
 GET /api/realtime 200 in 19897ms
 GET /api/realtime 200 in 4726ms
 GET /api/realtime 200 in 4873ms
 GET /api/realtime 200 in 16030ms
 GET /api/realtime 200 in 12970ms
 GET /api/realtime 200 in 6477ms
 GET /api/realtime 200 in 2799ms
 GET /api/realtime 200 in 2066ms
 GET /api/realtime 200 in 11416ms
 GET /api/realtime 200 in 3403ms
 GET /api/realtime 200 in 854ms
 GET /api/realtime 200 in 18586ms
 GET /api/realtime 200 in 2685ms
 GET /api/realtime 200 in 1426ms
 GET /api/realtime 200 in 2068ms
 GET /api/realtime 200 in 3617ms
 GET /api/realtime 200 in 3902ms
 GET /api/realtime 200 in 4256ms
 GET /api/realtime 200 in 17860ms
 GET /api/realtime 200 in 12209ms
 GET /api/realtime 200 in 12879ms
 GET /api/realtime 200 in 3241ms
 GET /api/realtime 200 in 2397ms
 GET /api/realtime 200 in 3357ms
 GET /api/realtime 200 in 16428ms
 GET /api/realtime 200 in 12490ms
 GET /api/realtime 200 in 18996ms
 GET /api/realtime 200 in 18344ms
 GET /api/realtime 200 in 18246ms
 GET /api/realtime 200 in 15784ms
 GET /api/realtime 200 in 15890ms
 GET /api/realtime 200 in 18963ms
 GET /api/realtime 200 in 19097ms
 GET /api/realtime 200 in 16369ms
 GET /api/realtime 200 in 17927ms
 GET /api/realtime 200 in 15892ms
 GET /api/realtime 200 in 16370ms
 GET /api/realtime 200 in 2891ms
 GET /api/realtime 200 in 13530ms
 GET /api/realtime 200 in 1103ms
 GET /api/realtime 200 in 13337ms
 GET /api/realtime 200 in 17732ms
 GET /api/realtime 200 in 4392ms
 GET /api/realtime 200 in 4143ms
 GET /api/realtime 200 in 19911ms
 GET /api/realtime 200 in 2789ms
 GET /api/realtime 200 in 4805ms
 GET /api/realtime 200 in 17163ms
 GET /api/realtime 200 in 633ms
 GET /api/realtime 200 in 516ms
 GET /api/realtime 200 in 2110ms
 GET /api/realtime 200 in 3057ms
 GET /api/realtime 200 in 19732ms
 GET /api/realtime 200 in 17776ms
 GET /api/realtime 200 in 1252ms
 GET /api/realtime 200 in 1297ms
 GET /api/realtime 200 in 4618ms
 GET /api/realtime 200 in 18352ms
 GET /api/realtime 200 in 3594ms
 GET /api/realtime 200 in 18606ms
 GET /api/realtime 200 in 4462ms
 GET /api/realtime 200 in 16654ms
 GET /api/realtime 200 in 11833ms
 GET /api/realtime 200 in 15898ms
 GET /api/realtime 200 in 6493ms
 GET /api/realtime 200 in 18556ms
 GET /api/realtime 200 in 17548ms
 GET /api/realtime 200 in 17734ms
 GET /api/realtime 200 in 17542ms
 GET /api/realtime 200 in 13912ms
 GET /api/realtime 200 in 513ms
 GET /api/realtime 200 in 16557ms
 GET /api/realtime 200 in 19254ms
 GET /api/realtime 200 in 15343ms
 GET /api/realtime 200 in 1571ms
 ✓ Compiled in 1277ms (3353 modules)
 ✓ Compiled in 1080ms (3348 modules)
 ✓ Compiled in 1196ms (3341 modules)
[?25h
