  ▲ Next.js 14.2.28
  - Local:        http://localhost:3000
  - Environments: .env
  - Experiments (use with caution):
    · outputFileTracingRoot

 ✓ Starting...
 ✓ Ready in 1557ms
 ○ Compiling / ...
 ✓ Compiled / in 1859ms (596 modules)
 GET / 200 in 2435ms
 ✓ Compiled in 536ms (296 modules)
 GET / 200 in 87ms
 GET / 200 in 70ms
 GET / 200 in 64ms
 ✓ Compiled /api/auth/[...nextauth] in 468ms (541 modules)
 GET /api/auth/session 200 in 974ms
 GET /api/auth/session 200 in 64ms
 GET / 200 in 105ms
 GET / 200 in 65ms
 GET / 200 in 70ms
 GET / 200 in 66ms
 GET / 200 in 66ms
 GET / 200 in 61ms
 GET / 200 in 62ms
 GET /api/auth/session 200 in 65ms
 GET /api/auth/session 200 in 51ms
 GET / 200 in 61ms
 GET / 200 in 66ms
 GET / 200 in 63ms
 ○ Compiling /login ...
 ✓ Compiled /login in 832ms (871 modules)
 GET /api/auth/providers 200 in 99ms
 GET /api/auth/csrf 200 in 50ms
 POST /api/auth/callback/credentials 200 in 438ms
 GET /api/auth/session 200 in 65ms
 ✓ Compiled /middleware in 220ms (174 modules)
 ○ Compiling /dashboard ...
 ✓ Compiled /dashboard in 1610ms (2815 modules)
 GET /dashboard?_rsc=iqngu 200 in 99ms
 ✓ Compiled /api/notifications in 388ms (1547 modules)
 ✓ Compiled (1573 modules)
 GET /api/notifications?limit=10 200 in 853ms
 GET /api/realtime 200 in 522ms
 GET /api/realtime 200 in 1016ms
 GET /api/realtime 200 in 208ms
 GET /api/notifications?limit=10 200 in 56ms
 GET /api/realtime 200 in 239ms
 GET / 200 in 99ms
 GET /api/realtime 200 in 197ms
 GET / 200 in 63ms
 GET /api/realtime 200 in 205ms
 GET /api/realtime 200 in 216ms
 GET /api/realtime 200 in 213ms
 ○ Compiling /settings ...
 ✓ Compiled /settings in 1593ms (2877 modules)
 GET /settings?_rsc=1lt54 200 in 61ms
 GET /api/realtime 200 in 233ms
 GET /api/realtime 200 in 30216ms
 GET /api/realtime 200 in 30214ms
 GET /api/realtime 200 in 30239ms
 GET / 200 in 94ms
 GET /api/realtime 200 in 30204ms
 GET /api/realtime 200 in 30240ms
 GET /api/realtime 200 in 30198ms
 GET /api/realtime 200 in 204ms
 GET /api/realtime 200 in 30214ms
 GET /api/realtime 200 in 30214ms
 GET /api/realtime 200 in 211ms
 GET /api/realtime 200 in 30219ms
 GET /api/realtime 200 in 30219ms
 GET /api/realtime 200 in 30193ms
 GET /api/realtime 200 in 30208ms
 GET /api/realtime 200 in 30226ms
 GET /api/realtime 200 in 30209ms
 GET / 200 in 65ms
 GET /api/realtime 200 in 30216ms
 GET /api/realtime 200 in 30219ms
 GET /api/realtime 200 in 30220ms
 GET /api/realtime 200 in 30224ms
 GET /api/realtime 200 in 30205ms
 GET /api/realtime 200 in 30203ms
 GET /api/realtime 200 in 30215ms
 GET /api/realtime 200 in 30219ms
 GET /api/realtime 200 in 30198ms
 GET /api/realtime 200 in 30221ms
 GET /api/realtime 200 in 30204ms
 GET /api/realtime 200 in 30204ms
 GET /api/realtime 200 in 31859ms
 GET /api/realtime 200 in 30265ms
 GET /api/realtime 200 in 30213ms
 GET /api/realtime 200 in 30224ms
 GET /api/realtime 200 in 30219ms
 GET /api/realtime 200 in 30217ms
 GET /api/realtime 200 in 30207ms
 GET /api/realtime 200 in 30200ms
 GET /api/realtime 200 in 209ms
 GET /api/realtime 200 in 30215ms
 GET /api/realtime 200 in 30203ms
 GET /api/realtime 200 in 30206ms
 GET /api/auth/csrf 200 in 83ms
 POST /api/auth/signout 200 in 51ms
 GET / 200 in 63ms
 GET /api/realtime 200 in 30235ms
 GET /api/realtime 200 in 230ms
 GET /api/realtime 200 in 30208ms
 GET / 200 in 62ms
 GET /api/realtime 200 in 30224ms
 GET /api/auth/session 200 in 88ms
 GET /api/realtime 200 in 30212ms
 GET /api/auth/session 200 in 50ms
 GET /api/realtime 200 in 30221ms
 GET /api/realtime 200 in 30199ms
 GET /api/realtime 200 in 30215ms
 GET /api/realtime 200 in 30230ms
 GET /api/realtime 200 in 30219ms
 GET /api/realtime 200 in 30205ms
 GET /api/realtime 200 in 30222ms
 GET /api/realtime 200 in 30215ms
 GET /api/realtime 200 in 30196ms
 GET / 200 in 63ms
 GET /api/realtime 200 in 30224ms
 GET /api/realtime 200 in 30248ms
 GET /api/realtime 200 in 30208ms
 GET /api/realtime 200 in 30233ms
 GET /api/realtime 200 in 30215ms
 GET /api/realtime 200 in 30222ms
 GET /api/realtime 200 in 30226ms
 GET /api/realtime 200 in 30221ms
 GET /api/realtime 200 in 30225ms
 GET /api/auth/providers 200 in 81ms
 GET /api/realtime 200 in 30215ms
 GET /api/auth/csrf 200 in 56ms
 POST /api/auth/callback/credentials 200 in 384ms
 GET /api/realtime 200 in 30281ms
 GET /api/auth/session 200 in 81ms
 GET /api/realtime 200 in 30214ms
 GET /dashboard?_rsc=iqngu 200 in 57ms
 GET /api/realtime 200 in 30208ms
 GET /api/notifications?limit=10 200 in 101ms
 GET /api/realtime 200 in 240ms
 GET /api/realtime 200 in 229ms
 GET /api/realtime 200 in 30216ms
 GET /api/notifications?limit=10 200 in 54ms
 GET /api/realtime 200 in 223ms
 GET /api/realtime 200 in 30199ms
 GET /api/realtime 200 in 242ms
 GET /api/realtime 200 in 30213ms
 GET /api/realtime 200 in 30217ms
 GET /api/realtime 200 in 30208ms
 GET /api/realtime 200 in 30212ms
 GET /api/realtime 200 in 30224ms
 GET /api/realtime 200 in 30220ms
 GET /api/realtime 200 in 30205ms
 GET /api/realtime 200 in 90521ms
 GET /api/realtime 200 in 30245ms
 GET /api/realtime 200 in 30198ms
 GET /api/realtime 200 in 30221ms
 GET /api/realtime 200 in 213ms
 GET / 200 in 60ms
 GET /api/realtime 200 in 210ms
 GET / 200 in 62ms
 GET /api/realtime 200 in 30244ms
 GET /api/realtime 200 in 30227ms
 GET /api/realtime 200 in 30235ms
 GET /api/realtime 200 in 30200ms
 GET /api/realtime 200 in 30212ms
 GET /api/realtime 200 in 30213ms
 GET /api/realtime 200 in 30210ms
 GET /api/realtime 200 in 30202ms
 GET /api/realtime 200 in 30194ms
 GET /api/realtime 200 in 30198ms
 GET /api/realtime 200 in 30217ms
 GET /api/realtime 200 in 30211ms
 GET /api/realtime 200 in 30226ms
 GET /api/realtime 200 in 30213ms
 GET /api/realtime 200 in 30196ms
 GET / 200 in 60ms
 GET /api/realtime 200 in 30231ms
 GET /api/realtime 200 in 30228ms
 GET /api/realtime 200 in 30206ms
 GET /api/realtime 200 in 30223ms
 GET /api/realtime 200 in 30217ms
 GET /api/realtime 200 in 30214ms
 GET /api/realtime 200 in 30224ms
 GET /api/realtime 200 in 30203ms
 GET /api/realtime 200 in 30193ms
 GET /api/realtime 200 in 30200ms
 GET /api/realtime 200 in 30220ms
 GET /api/realtime 200 in 30210ms
 GET / 200 in 66ms
 GET /api/realtime 200 in 30215ms
 GET /api/realtime 200 in 30227ms
 GET /api/realtime 200 in 30196ms
 GET /api/realtime 200 in 30206ms
 GET /api/realtime 200 in 30225ms
 GET /api/realtime 200 in 30241ms
 GET /api/realtime 200 in 30204ms
 GET /api/realtime 200 in 30205ms
 GET /api/realtime 200 in 30217ms
 GET /api/realtime 200 in 30229ms
 GET /api/realtime 200 in 30200ms
 GET /api/realtime 200 in 30216ms
 GET /api/realtime 200 in 30208ms
 GET /api/realtime 200 in 30208ms
 GET /api/realtime 200 in 30211ms
 GET /api/realtime 200 in 30194ms
 GET /api/realtime 200 in 30220ms
 GET /api/realtime 200 in 30210ms
 GET /api/realtime 200 in 30210ms
 GET /api/realtime 200 in 30216ms
 GET /api/realtime 200 in 30209ms
 GET /api/realtime 200 in 30201ms
 GET /api/realtime 200 in 30223ms
 GET /api/realtime 200 in 30206ms
 GET /api/realtime 200 in 30235ms
 GET /api/realtime 200 in 30203ms
 GET /api/realtime 200 in 30214ms
 GET /api/realtime 200 in 30206ms
 GET / 200 in 62ms
 GET /api/realtime 200 in 30213ms
 GET /api/realtime 200 in 30221ms
 GET /api/realtime 200 in 30219ms
 GET /api/realtime 200 in 30222ms
 GET /api/realtime 200 in 30200ms
 GET /api/realtime 200 in 30213ms
 GET /api/realtime 200 in 30212ms
 GET /api/realtime 200 in 30201ms
 GET /api/realtime 200 in 30216ms
 GET /api/realtime 200 in 30218ms
 GET /api/realtime 200 in 30226ms
 GET / 200 in 64ms
 GET /api/realtime 200 in 30233ms
 GET /api/realtime 200 in 30232ms
 GET /api/realtime 200 in 30193ms
 GET /api/realtime 200 in 30219ms
 GET /api/realtime 200 in 30217ms
 GET /api/realtime 200 in 30206ms
 GET /api/realtime 200 in 30208ms
 GET /api/realtime 200 in 30233ms
 GET /api/realtime 200 in 30216ms
 GET /api/realtime 200 in 30209ms
 GET /api/realtime 200 in 30207ms
 GET /api/realtime 200 in 30212ms
 GET /api/realtime 200 in 30231ms
 GET /api/realtime 200 in 30208ms
 GET /api/realtime 200 in 30213ms
 GET /api/realtime 200 in 30220ms
 GET /api/realtime 200 in 30224ms
 GET /api/realtime 200 in 30205ms
 GET /api/realtime 200 in 30210ms
 GET /api/realtime 200 in 30218ms
 GET /api/realtime 200 in 30238ms
 GET /api/realtime 200 in 30206ms
 GET /api/realtime 200 in 30217ms
 GET /api/realtime 200 in 30205ms
 GET /api/realtime 200 in 30220ms
 GET /api/realtime 200 in 30227ms
 GET /api/realtime 200 in 30213ms
 GET / 200 in 71ms
 GET /api/realtime 200 in 30203ms
 GET /api/realtime 200 in 30194ms
 GET /api/realtime 200 in 30208ms
 GET /api/realtime 200 in 30205ms
 GET /api/realtime 200 in 30203ms
 GET /api/realtime 200 in 30218ms
 GET /api/realtime 200 in 30217ms
 GET /api/realtime 200 in 30222ms
 GET /api/realtime 200 in 30225ms
 GET /api/realtime 200 in 30218ms
 GET /api/realtime 200 in 30203ms
 GET /api/realtime 200 in 30215ms
 GET /api/realtime 200 in 30213ms
 GET /api/realtime 200 in 30220ms
 GET /api/realtime 200 in 30216ms
 GET /api/realtime 200 in 30202ms
 GET /api/realtime 200 in 30226ms
 GET /api/realtime 200 in 30205ms
 GET /api/realtime 200 in 30224ms
 GET /api/realtime 200 in 30247ms
 GET /api/realtime 200 in 30209ms
 GET /api/realtime 200 in 30207ms
 GET /api/realtime 200 in 30217ms
 GET /api/realtime 200 in 30200ms
 GET /api/realtime 200 in 30207ms
 GET /api/realtime 200 in 30216ms
 GET /api/realtime 200 in 30204ms
 GET /api/realtime 200 in 30227ms
 GET /api/realtime 200 in 30217ms
 GET /api/realtime 200 in 30200ms
 GET /api/realtime 200 in 30242ms
 GET /api/realtime 200 in 30206ms
 GET /api/realtime 200 in 30193ms
 GET /api/realtime 200 in 30213ms
 GET /api/realtime 200 in 30220ms
 GET /api/realtime 200 in 30216ms
 GET /api/realtime 200 in 30201ms
 GET /api/realtime 200 in 30214ms
 GET /api/realtime 200 in 30235ms
 GET / 200 in 61ms
 GET /api/realtime 200 in 30211ms
 GET /api/realtime 200 in 30195ms
 GET /api/realtime 200 in 30199ms
 GET /api/realtime 200 in 30229ms
 GET /api/realtime 200 in 30203ms
 GET /api/realtime 200 in 30210ms
 GET /api/realtime 200 in 30214ms
 GET /api/realtime 200 in 30223ms
 GET /api/realtime 200 in 30200ms
 GET /api/realtime 200 in 30194ms
 GET /api/realtime 200 in 30208ms
 GET /api/realtime 200 in 30207ms
 GET /api/realtime 200 in 30215ms
 GET /api/realtime 200 in 30199ms
 GET /api/realtime 200 in 30242ms
 GET /api/realtime 200 in 30205ms
 GET /api/realtime 200 in 30213ms
 GET /api/realtime 200 in 30220ms
 GET /api/realtime 200 in 30208ms
 GET /api/realtime 200 in 30202ms
 GET /api/realtime 200 in 30200ms
 GET /api/realtime 200 in 30201ms
 GET /api/realtime 200 in 30225ms
 GET /api/realtime 200 in 30207ms
 GET /api/realtime 200 in 30223ms
 GET /api/realtime 200 in 30225ms
 GET /api/realtime 200 in 30233ms
 GET /api/realtime 200 in 30211ms
 GET /api/realtime 200 in 30224ms
 GET /api/realtime 200 in 30220ms
 GET /api/realtime 200 in 30210ms
 GET /api/realtime 200 in 30214ms
 GET /api/realtime 200 in 30205ms
 GET /api/realtime 200 in 30208ms
 GET /api/realtime 200 in 30203ms
 GET /api/realtime 200 in 30199ms
 GET /api/realtime 200 in 30217ms
 GET /api/realtime 200 in 30211ms
 GET /api/realtime 200 in 30230ms
 GET / 200 in 62ms
 GET /api/realtime 200 in 30222ms
 GET /api/realtime 200 in 30216ms
 GET /api/realtime 200 in 30200ms
 GET /api/realtime 200 in 30234ms
 GET /api/realtime 200 in 30216ms
 GET /api/realtime 200 in 30224ms
 GET /api/realtime 200 in 30411ms
 GET /api/realtime 200 in 30211ms
 ✓ Compiled in 1246ms (2002 modules)
 GET /api/realtime 200 in 30220ms
 GET /api/realtime 200 in 30200ms
 GET /api/realtime 200 in 30232ms
 GET /api/realtime 200 in 30221ms
 GET /api/realtime 200 in 30213ms
 GET /api/realtime 200 in 30211ms
 GET /api/realtime 200 in 30216ms
 GET /api/realtime 200 in 30206ms
 GET /api/realtime 200 in 30208ms
 GET /api/realtime 200 in 30202ms
 GET /api/realtime 200 in 30239ms
 GET /api/realtime 200 in 30193ms
 GET /api/realtime 200 in 30211ms
 GET /api/realtime 200 in 30230ms
 GET /api/realtime 200 in 30193ms
 GET /api/realtime 200 in 30226ms
 GET /api/realtime 200 in 30229ms
 GET /api/realtime 200 in 30220ms
 GET /api/realtime 200 in 30227ms
 GET /api/realtime 200 in 30215ms
 GET /api/realtime 200 in 30191ms
 GET /api/realtime 200 in 30197ms
 GET /api/realtime 200 in 30221ms
 GET /api/realtime 200 in 30205ms
 GET /api/realtime 200 in 30216ms
 GET /api/realtime 200 in 30224ms
 GET /api/realtime 200 in 30214ms
 GET /api/realtime 200 in 30207ms
 GET /api/realtime 200 in 30198ms
 GET /api/realtime 200 in 30229ms
 GET /api/realtime 200 in 30213ms
 GET / 200 in 102ms
 GET /api/realtime 200 in 30213ms
 GET /api/realtime 200 in 30209ms
 GET /api/realtime 200 in 30221ms
 GET /api/realtime 200 in 30199ms
 GET /api/realtime 200 in 30214ms
 GET /api/realtime 200 in 30227ms
 GET /api/realtime 200 in 30459ms
 GET /api/realtime 200 in 30299ms
 GET /api/realtime 200 in 30231ms
 GET /api/realtime 200 in 30209ms
 GET /api/realtime 200 in 30216ms
 GET /api/realtime 200 in 30197ms
 GET /api/realtime 200 in 30213ms
 GET /api/realtime 200 in 30195ms
 GET /api/realtime 200 in 30230ms
 GET /api/realtime 200 in 30206ms
 GET /api/realtime 200 in 30221ms
 GET /api/realtime 200 in 30215ms
 GET /api/realtime 200 in 30223ms
 GET /api/realtime 200 in 30198ms
 GET /api/realtime 200 in 30215ms
 GET /api/realtime 200 in 30224ms
 GET /api/realtime 200 in 30226ms
 GET /api/realtime 200 in 30208ms
 GET /api/realtime 200 in 30207ms
 GET /api/realtime 200 in 30213ms
 GET /api/realtime 200 in 30203ms
 GET /api/realtime 200 in 30223ms
 GET /api/realtime 200 in 30221ms
 GET /api/realtime 200 in 30216ms
 GET /api/realtime 200 in 30219ms
 GET /api/realtime 200 in 30221ms
 GET /api/realtime 200 in 30221ms
 GET /api/realtime 200 in 30214ms
 GET /api/realtime 200 in 30226ms
 GET /api/realtime 200 in 30229ms
 GET /api/realtime 200 in 30206ms
 GET / 200 in 60ms
 GET /api/realtime 200 in 30230ms
 GET /api/realtime 200 in 30205ms
 GET /api/realtime 200 in 30210ms
 GET /api/realtime 200 in 30210ms
 GET /api/realtime 200 in 30226ms
 GET /api/realtime 200 in 30213ms
 GET /api/realtime 200 in 30217ms
 GET /api/realtime 200 in 30214ms
 GET /api/realtime 200 in 30210ms
 GET /api/realtime 200 in 30235ms
 GET /api/realtime 200 in 30205ms
 GET /api/realtime 200 in 30212ms
 GET /api/realtime 200 in 30215ms
 GET /api/realtime 200 in 30207ms
 GET /api/realtime 200 in 30220ms
 GET /api/realtime 200 in 30213ms
 GET /api/realtime 200 in 30212ms
 GET /api/realtime 200 in 30202ms
 GET /api/realtime 200 in 30207ms
 GET /api/realtime 200 in 30230ms
 GET /api/realtime 200 in 30208ms
 GET /api/realtime 200 in 30197ms
 GET /api/realtime 200 in 30216ms
 GET /api/realtime 200 in 30221ms
 GET /api/realtime 200 in 30235ms
 GET /api/realtime 200 in 30230ms
 GET /api/realtime 200 in 30220ms
 GET /api/realtime 200 in 30225ms
 GET /api/realtime 200 in 30207ms
 GET /api/realtime 200 in 30220ms
 GET /api/realtime 200 in 30234ms
 GET /api/realtime 200 in 30229ms
 GET /api/realtime 200 in 30206ms
 GET /api/realtime 200 in 30206ms
 GET /api/realtime 200 in 30204ms
 GET /api/realtime 200 in 30243ms
 GET /api/realtime 200 in 30211ms
 GET /api/realtime 200 in 30217ms
 GET / 200 in 61ms
 GET /api/realtime 200 in 30223ms
 GET /api/realtime 200 in 30212ms
 GET /api/realtime 200 in 30209ms
 GET /api/realtime 200 in 30233ms
 GET /api/realtime 200 in 30210ms
 GET /api/realtime 200 in 30230ms
 GET /api/realtime 200 in 30222ms
 GET /api/realtime 200 in 30229ms
 GET /api/realtime 200 in 30257ms
 GET /api/realtime 200 in 30204ms
 GET /api/realtime 200 in 30212ms
 GET /api/realtime 200 in 30211ms
 GET /api/realtime 200 in 30199ms
 GET /api/realtime 200 in 30218ms
 GET /api/realtime 200 in 30208ms
 GET /api/realtime 200 in 30203ms
 GET /api/realtime 200 in 30233ms
 GET /api/realtime 200 in 30224ms
 GET /api/realtime 200 in 30209ms
 GET /api/realtime 200 in 30194ms
 GET /api/realtime 200 in 30215ms
 GET /api/realtime 200 in 30221ms
 GET /api/realtime 200 in 30237ms
 GET /api/realtime 200 in 30223ms
 GET /api/realtime 200 in 30210ms
 GET /api/realtime 200 in 30216ms
 GET /api/realtime 200 in 30216ms
 GET /api/realtime 200 in 30205ms
 GET /api/realtime 200 in 30202ms
 GET /api/realtime 200 in 30228ms
 GET /api/realtime 200 in 30210ms
 GET /api/realtime 200 in 30215ms
 GET /api/realtime 200 in 30228ms
 GET /api/realtime 200 in 30221ms
 GET /api/realtime 200 in 30208ms
 ✓ Compiled in 691ms (1298 modules)
 GET /api/realtime 200 in 30225ms
 GET /api/realtime 200 in 30197ms
 GET /api/realtime 200 in 30203ms
 GET /api/realtime 200 in 30212ms
 GET /api/realtime 200 in 30208ms
 GET / 200 in 66ms
 GET /api/realtime 200 in 30217ms
 GET /api/realtime 200 in 30226ms
 GET /api/realtime 200 in 30248ms
 GET /api/realtime 200 in 30234ms
 GET /api/realtime 200 in 30214ms
 GET /api/realtime 200 in 30207ms
 GET /api/realtime 200 in 30206ms
 GET /api/realtime 200 in 30228ms
 GET /api/realtime 200 in 30214ms
 GET /api/realtime 200 in 30224ms
 GET /api/realtime 200 in 30199ms
 GET /api/realtime 200 in 30212ms
 GET /api/realtime 200 in 30209ms
 GET /api/realtime 200 in 30223ms
 GET /api/realtime 200 in 30219ms
 GET /api/realtime 200 in 30212ms
 GET /api/realtime 200 in 30218ms
 GET /api/realtime 200 in 30218ms
 GET /api/realtime 200 in 30230ms
 GET /api/realtime 200 in 30245ms
 GET /api/realtime 200 in 30220ms
 GET /api/realtime 200 in 30190ms
 GET /api/realtime 200 in 30222ms
 GET /api/realtime 200 in 30203ms
 GET /api/realtime 200 in 30194ms
 GET /api/realtime 200 in 30219ms
 GET /api/realtime 200 in 30205ms
 GET /api/realtime 200 in 30224ms
 GET /api/realtime 200 in 30229ms
 GET /api/realtime 200 in 30209ms
 GET /api/realtime 200 in 30204ms
 GET /api/realtime 200 in 30208ms
 GET /api/realtime 200 in 30217ms
 GET /api/realtime 200 in 30193ms
 GET /api/realtime 200 in 30426ms
 GET /api/realtime 200 in 30215ms
 GET /api/realtime 200 in 30224ms
 GET /api/realtime 200 in 30220ms
 GET /api/realtime 200 in 30217ms
 GET / 200 in 62ms
 GET /api/realtime 200 in 30207ms
 GET /api/realtime 200 in 30221ms
 GET /api/realtime 200 in 30210ms
 GET /api/realtime 200 in 30200ms
 GET /api/realtime 200 in 30223ms
 GET /api/realtime 200 in 30226ms
 GET /api/realtime 200 in 30199ms
 GET /api/realtime 200 in 30234ms
 GET /api/realtime 200 in 30202ms
 GET /api/realtime 200 in 30235ms
 GET /api/realtime 200 in 30221ms
 GET /api/realtime 200 in 30210ms
 GET /api/realtime 200 in 30208ms
 GET /api/realtime 200 in 30205ms
 GET /api/realtime 200 in 30207ms
 GET /api/realtime 200 in 30246ms
 GET /api/realtime 200 in 30235ms
 GET /api/realtime 200 in 30199ms
 GET /api/realtime 200 in 30215ms
 GET /api/realtime 200 in 30205ms
 GET /api/realtime 200 in 30206ms
 GET /api/realtime 200 in 30228ms
 GET /api/realtime 200 in 30211ms
 GET /api/realtime 200 in 30238ms
 GET /api/realtime 200 in 30214ms
 GET /api/realtime 200 in 30234ms
 GET /api/realtime 200 in 30228ms
 GET /api/realtime 200 in 30216ms
 GET /api/realtime 200 in 30214ms
 GET /api/realtime 200 in 30192ms
 GET /api/realtime 200 in 30205ms
 GET /api/realtime 200 in 30208ms
 GET /api/realtime 200 in 30218ms
 GET /api/realtime 200 in 30209ms
 GET /api/realtime 200 in 30200ms
 GET /api/realtime 200 in 30212ms
 GET /api/realtime 200 in 30219ms
 GET /api/realtime 200 in 30227ms
 GET /api/realtime 200 in 30204ms
 GET /api/realtime 200 in 30229ms
 GET /api/realtime 200 in 30231ms
 GET /api/realtime 200 in 30228ms
 GET / 200 in 62ms
 GET /api/realtime 200 in 30204ms
 GET /api/realtime 200 in 30206ms
 GET /api/realtime 200 in 30217ms
 GET /api/realtime 200 in 30235ms
 GET /api/realtime 200 in 30212ms
 GET /api/realtime 200 in 30228ms
 GET /api/realtime 200 in 30202ms
 GET /api/realtime 200 in 30198ms
 GET /api/realtime 200 in 30215ms
 GET /api/realtime 200 in 30237ms
 GET /api/realtime 200 in 30208ms
 GET /api/realtime 200 in 30193ms
 GET /api/realtime 200 in 30201ms
 GET /api/realtime 200 in 30219ms
 GET /api/realtime 200 in 30213ms
 GET /api/realtime 200 in 30204ms
 GET /api/realtime 200 in 30219ms
 GET /api/realtime 200 in 30214ms
 GET /api/realtime 200 in 30222ms
 GET /api/realtime 200 in 30220ms
 GET /api/realtime 200 in 30224ms
 GET /api/realtime 200 in 30208ms
 GET /api/realtime 200 in 30203ms
 ✓ Compiled /api/auth/[...nextauth] in 224ms (544 modules)
 GET /api/auth/session 200 in 327ms
 GET /api/realtime 200 in 30197ms
 GET /api/realtime 200 in 30222ms
 GET /api/realtime 200 in 30219ms
 GET /api/realtime 200 in 30208ms
 GET /api/realtime 200 in 30206ms
 GET /api/realtime 200 in 30224ms
 GET /api/realtime 200 in 30221ms
 GET /api/realtime 200 in 30208ms
 ○ Compiling /projects/new ...
 GET /api/realtime 200 in 30264ms
 GET /api/realtime 200 in 30304ms
 ✓ Compiled /projects/new in 1955ms (2369 modules)
 GET /api/realtime 200 in 30292ms
 GET /api/realtime 200 in 30218ms
 GET /api/realtime 200 in 30237ms
 GET /api/realtime 200 in 30230ms
 GET /api/realtime 200 in 30215ms
 GET /api/realtime 200 in 30216ms
 GET /api/realtime 200 in 30226ms
 GET / 200 in 95ms
 GET /api/realtime 200 in 30229ms
 GET /api/realtime 200 in 30217ms
 GET /api/realtime 200 in 30200ms
 GET /api/realtime 200 in 30229ms
 GET /api/realtime 200 in 30198ms
 GET /api/realtime 200 in 30202ms
 GET /api/realtime 200 in 30207ms
 GET /api/realtime 200 in 30229ms
 ○ Compiling /projects ...
 ✓ Compiled /projects in 904ms (2415 modules)
 GET /api/realtime 200 in 30216ms
 GET /api/realtime 200 in 30219ms
 GET /projects?_rsc=14ekm 200 in 82ms
 GET /api/realtime 200 in 30220ms
 GET /api/realtime 200 in 30208ms
 GET /api/realtime 200 in 30207ms
 GET /api/realtime 200 in 30208ms
 GET /api/realtime 200 in 30215ms
 GET /api/realtime 200 in 30214ms
 GET /api/realtime 200 in 30227ms
 GET /api/realtime 200 in 30202ms
 GET /api/realtime 200 in 30317ms
 ○ Compiling /projects/[id] ...
 GET /api/realtime 200 in 30285ms
 ✓ Compiled /projects/[id] in 1242ms (2559 modules)
 GET /api/realtime 200 in 30201ms
 GET /projects/project-downtown-office?_rsc=1empo 200 in 132ms
 GET /api/realtime 200 in 30227ms
 GET /api/realtime 200 in 30209ms
 GET /api/realtime 200 in 30228ms
 GET /api/realtime 200 in 30210ms
 GET /api/realtime 200 in 30203ms
 GET /api/realtime 200 in 30221ms
 GET /api/realtime 200 in 30229ms
 GET /api/realtime 200 in 30200ms
 GET /api/realtime 200 in 30221ms
 GET /api/realtime 200 in 30192ms
 GET /api/realtime 200 in 30209ms
 ✓ Compiled in 549ms (1448 modules)
 GET /api/realtime 200 in 30207ms
 GET /api/realtime 200 in 31672ms
 GET /api/realtime 200 in 30237ms
 GET /api/realtime 200 in 30223ms
 GET /api/realtime 200 in 30205ms
 GET /api/realtime 200 in 30220ms
 GET /api/realtime 200 in 30206ms
 GET /api/realtime 200 in 30233ms
 GET /api/realtime 200 in 30212ms
 GET / 200 in 98ms
 GET /api/realtime 200 in 30215ms
 GET /api/realtime 200 in 30219ms
 GET /api/realtime 200 in 30210ms
 GET /api/realtime 200 in 30203ms
 GET /api/realtime 200 in 30227ms
 GET /api/realtime 200 in 30203ms
 GET /api/realtime 200 in 30213ms
 GET /api/realtime 200 in 30843ms
 GET /api/realtime 200 in 30199ms
 GET /api/realtime 200 in 30227ms
 GET /api/realtime 200 in 205ms
 GET /api/realtime 200 in 30227ms
 GET /api/realtime 200 in 30224ms
 GET /api/realtime 200 in 30220ms
 GET /api/realtime 200 in 30232ms
 GET /api/realtime 200 in 30222ms
 GET /api/realtime 200 in 259ms
 GET /api/realtime 200 in 30238ms
 ○ Compiling /dashboard ...
 ✓ Compiled /dashboard in 981ms (1705 modules)
 GET /api/realtime 200 in 30223ms
 GET /api/realtime 200 in 30208ms
 GET /api/realtime 200 in 31233ms
 GET /api/realtime 200 in 30209ms
 GET /api/realtime 200 in 219ms
 GET /api/realtime 200 in 30209ms
 GET /api/realtime 200 in 30206ms
 GET /api/realtime 200 in 30224ms
 GET /api/auth/csrf 200 in 127ms
 GET /api/realtime 200 in 30196ms
 POST /api/auth/signout 200 in 83ms
 GET / 200 in 82ms
 GET /api/realtime 200 in 30207ms
 GET /api/realtime 401 in 49ms
 GET /api/realtime 200 in 30208ms
 GET /api/realtime 200 in 420266ms
 GET /api/realtime 200 in 30232ms
 GET /api/auth/session 200 in 86ms
 GET /api/auth/session 200 in 50ms
 GET /api/realtime 200 in 30222ms
 GET /api/realtime 200 in 30224ms
 GET /api/realtime 200 in 30589ms
 GET /api/realtime 200 in 30225ms
 GET /api/realtime 200 in 30235ms
 GET /api/realtime 200 in 30221ms
 GET /api/realtime 200 in 30220ms
 GET /api/realtime 200 in 30233ms
 GET /api/realtime 200 in 30204ms
 GET /api/realtime 200 in 30211ms
 GET /api/realtime 200 in 30191ms
 GET /api/realtime 200 in 30214ms
 GET / 200 in 65ms
 GET /api/realtime 200 in 30231ms
 GET /api/realtime 200 in 30199ms
 GET /api/realtime 200 in 30221ms
 GET /api/realtime 200 in 30212ms
 GET /api/realtime 200 in 30218ms
 GET /api/realtime 200 in 30201ms
 GET /api/realtime 200 in 30215ms
 GET /api/realtime 200 in 30210ms
 GET /api/realtime 200 in 30207ms
 GET /api/realtime 200 in 30211ms
 GET /api/realtime 200 in 30211ms
 GET /api/realtime 200 in 30218ms
 GET /api/realtime 200 in 30233ms
 GET /api/realtime 200 in 30225ms
 GET /api/realtime 200 in 31570ms
 GET /api/realtime 200 in 30200ms
 GET /api/realtime 200 in 30221ms
 GET /api/realtime 200 in 30219ms
 GET /api/realtime 200 in 30221ms
 GET /api/realtime 200 in 30204ms
 GET /api/realtime 200 in 30260ms
 GET /api/realtime 200 in 30222ms
 GET /api/realtime 200 in 30209ms
 ✓ Compiled in 1026ms (1610 modules)
 ✓ Compiled in 1004ms (1610 modules)
 ✓ Compiled in 493ms (1448 modules)
 ✓ Compiled in 438ms (1448 modules)
 ✓ Compiled in 407ms (1448 modules)
 ✓ Compiled in 436ms (1448 modules)
 ✓ Compiled in 595ms (1448 modules)
[?25h
