  ▲ Next.js 14.2.28
  - Local:        http://localhost:3000
  - Environments: .env
  - Experiments (use with caution):
    · outputFileTracingRoot

 ✓ Starting...
 ✓ Ready in 1395ms
 ○ Compiling / ...
 ✓ Compiled / in 2.8s (596 modules)
 GET / 200 in 3390ms
 ✓ Compiled in 558ms (296 modules)
 ○ Compiling /api/auth/[...nextauth] ...
 ✓ Compiled /api/auth/[...nextauth] in 660ms (541 modules)
 GET /api/auth/providers 200 in 1200ms
 GET / 200 in 123ms
 GET /api/auth/session 200 in 82ms
 GET /api/auth/session 200 in 70ms
 ○ Compiling /signup ...
 ✓ Compiled /signup in 719ms (881 modules)
 GET /login 200 in 960ms
 GET /signup 200 in 924ms
 GET /api/auth/session 200 in 99ms
 GET /api/auth/session 200 in 68ms
 GET /api/auth/session 200 in 71ms
 GET /api/auth/session 200 in 84ms
 GET /api/auth/session 200 in 68ms
 GET /api/auth/csrf 200 in 98ms
 ✓ Compiled /api/signup in 197ms (597 modules)
 POST /api/signup 200 in 732ms
 GET / 200 in 116ms
 GET /api/auth/signin 302 in 87ms
 GET /login?callbackUrl=https://1905ad134.preview.abacusai.app 200 in 86ms
 GET /api/auth/csrf 200 in 75ms
 POST /api/auth/callback/credentials 302 in 376ms
 ✓ Compiled /middleware in 291ms (174 modules)
 ○ Compiling /dashboard ...
 ✓ Compiled /dashboard in 2.9s (2893 modules)
 GET /dashboard 200 in 3261ms
 GET / 200 in 109ms
 GET /dashboard 200 in 120ms
 GET /api/auth/session 200 in 126ms
 ✓ Compiled /api/realtime in 282ms (1599 modules)
 ✓ Compiled (1602 modules)
 GET /api/auth/session 200 in 671ms
 GET /api/notifications?limit=10 200 in 742ms
 GET /api/realtime 200 in 430ms
 GET /api/auth/session 200 in 148ms
 GET /api/notifications?limit=10 200 in 128ms
 GET /api/realtime 200 in 151ms
 GET /api/auth/session 200 in 144ms
 GET /api/notifications?limit=10 200 in 182ms
 GET /api/realtime 200 in 156ms
 GET /api/auth/session 200 in 138ms
 GET /api/notifications?limit=10 200 in 128ms
 GET /api/realtime 200 in 113ms
 GET /api/auth/session 200 in 130ms
 GET /api/realtime 200 in 142ms
 GET /api/realtime 200 in 92ms
 GET /api/realtime 200 in 95ms
 GET /api/realtime 200 in 88ms
 GET /api/realtime 200 in 85ms
 GET /api/realtime 200 in 91ms
 GET /api/realtime 200 in 113ms
 GET /api/realtime 200 in 86ms
 GET /api/realtime 200 in 93ms
 GET /api/realtime 200 in 99ms
 GET /api/realtime 200 in 96ms
 GET /api/realtime 200 in 91ms
 GET /api/realtime 200 in 90ms
 GET /api/realtime 200 in 99ms
 GET /api/realtime 200 in 98ms
 GET /api/realtime 200 in 101ms
 GET /api/realtime 200 in 101ms
 GET /api/realtime 200 in 153ms
 GET /api/realtime 200 in 94ms
 GET /api/realtime 200 in 90ms
 GET /api/realtime 200 in 87ms
 GET /api/realtime 200 in 101ms
 GET /api/realtime 200 in 86ms
 GET /api/realtime 200 in 90ms
 GET /api/realtime 200 in 118ms
 GET /api/realtime 200 in 105ms
 GET /api/realtime 200 in 107ms
 GET /api/realtime 200 in 95ms
 GET /api/realtime 200 in 94ms
 GET /api/realtime 200 in 100ms
 GET /api/realtime 200 in 110ms
 GET /api/realtime 200 in 90ms
 GET /api/realtime 200 in 94ms
 GET /api/realtime 200 in 98ms
 GET /api/realtime 200 in 89ms
 GET /api/realtime 200 in 89ms
 GET /api/realtime 200 in 92ms
 GET /api/realtime 200 in 96ms
 GET /api/realtime 200 in 88ms
 GET /api/realtime 200 in 91ms
 GET /api/realtime 200 in 306ms
 GET /api/realtime 200 in 95ms
 GET /api/realtime 200 in 94ms
 GET /api/realtime 200 in 96ms
 GET /api/realtime 200 in 94ms
 GET /api/realtime 200 in 7122ms
 ○ Compiling /projects/[id] ...
 ✓ Compiled /projects/[id] in 6.2s (3458 modules)
 GET /projects/new 200 in 7287ms
 GET /budget 200 in 7387ms
 GET /meetings 200 in 7289ms
 GET /inspections 200 in 7337ms
 GET /settings 200 in 7331ms
 GET /documents 200 in 7357ms
 GET /safety 200 in 7368ms
 GET /rfis 200 in 7427ms
 GET /reports 200 in 7359ms
 GET /punch-lists 200 in 7379ms
 GET /projects 200 in 7380ms
 GET /daily-reports 200 in 7375ms
 GET /tasks 200 in 7397ms
 GET /team 200 in 7397ms
 GET /submittals 200 in 7390ms
 GET /equipment 200 in 7461ms
 GET /company 200 in 7400ms
 GET /projects/project-downtown-office 200 in 7803ms
 GET /projects/project-mall-renovation 200 in 7808ms
 GET /projects/project-riverside-homes 200 in 7825ms
 GET /api/notifications?limit=10 200 in 297ms
 GET /api/auth/session 200 in 610ms
 GET /api/notifications?limit=10 200 in 766ms
 GET /api/realtime 200 in 679ms
 GET /api/realtime 200 in 615ms
 GET /api/realtime 200 in 684ms
 GET /api/realtime 200 in 618ms
 ○ Compiling /api/company/stats ...
 ✓ Compiled /api/company/stats in 1929ms (1913 modules)
 GET /api/auth/session 200 in 2974ms
 GET /api/realtime 200 in 3161ms
 GET /api/realtime 200 in 3286ms
 GET /api/realtime 200 in 3162ms
 GET /api/realtime 200 in 3164ms
 GET /api/realtime 200 in 3153ms
 GET /api/realtime 200 in 3154ms
 GET /api/realtime 200 in 2982ms
 GET /api/realtime 200 in 2982ms
 GET /api/realtime 200 in 2984ms
 GET /api/realtime 200 in 3183ms
 GET /api/realtime 200 in 2985ms
 GET /api/notifications?limit=10 200 in 3004ms
 GET /api/realtime 200 in 2565ms
 GET /api/realtime 200 in 2759ms
 GET /api/realtime 200 in 2397ms
 GET /api/realtime 200 in 2302ms
 GET /api/realtime 200 in 3206ms
 GET /api/realtime 200 in 2521ms
 GET /api/realtime 200 in 2349ms
 GET /api/realtime 200 in 2302ms
 GET /api/realtime 200 in 413ms
 GET /api/realtime 200 in 418ms
 GET /api/realtime 200 in 429ms
 GET /api/realtime 200 in 438ms
 GET /api/auth/session 200 in 489ms
 GET /api/realtime 200 in 245ms
 GET /api/realtime 200 in 3298ms
 GET /api/realtime 200 in 490ms
 GET /api/realtime 200 in 493ms
 GET /api/realtime 200 in 365ms
 GET /api/realtime 200 in 365ms
 GET /api/realtime 200 in 366ms
 GET /api/realtime 200 in 366ms
 GET /api/realtime 200 in 369ms
 GET /api/realtime 200 in 359ms
 GET /api/realtime 200 in 366ms
 GET /api/realtime 200 in 368ms
 GET /api/realtime 200 in 387ms
 GET /api/realtime 200 in 3955ms
 GET /api/realtime 200 in 3131ms
 GET /api/realtime 200 in 394ms
 GET /api/realtime 200 in 475ms
 GET /api/realtime 200 in 397ms
 GET /api/notifications?limit=10 200 in 464ms
 GET /api/realtime 200 in 3114ms
 GET /api/realtime 200 in 449ms
 GET /api/realtime 200 in 438ms
 GET /api/realtime 200 in 382ms
 GET /api/realtime 200 in 383ms
 GET /api/realtime 200 in 456ms
 GET /api/realtime 200 in 457ms
 GET /api/auth/session 200 in 460ms
 GET /api/realtime 200 in 441ms
 GET /api/realtime 200 in 442ms
 GET /api/realtime 200 in 441ms
 GET /api/realtime 200 in 443ms
 GET /api/realtime 200 in 442ms
 GET /api/realtime 200 in 443ms
 GET /api/realtime 200 in 445ms
 GET /api/realtime 200 in 492ms
 GET /api/realtime 200 in 512ms
 GET /api/notifications?limit=10 200 in 470ms
 GET /api/realtime 200 in 446ms
 GET /api/realtime 200 in 448ms
 GET /api/realtime 200 in 475ms
 GET /api/realtime 200 in 478ms
 GET /api/realtime 200 in 522ms
 GET /api/realtime 200 in 531ms
 GET /api/auth/session 200 in 539ms
 GET /api/realtime 200 in 666ms
 GET /api/realtime 200 in 667ms
 GET /api/realtime 200 in 770ms
 GET /api/realtime 200 in 1039ms
 GET /api/realtime 200 in 1022ms
 GET /api/realtime 200 in 1161ms
 GET /api/notifications?limit=10 200 in 998ms
 GET /api/realtime 200 in 1178ms
 GET /api/realtime 200 in 993ms
 GET /api/realtime 200 in 994ms
 GET /api/realtime 200 in 799ms
 GET /api/realtime 200 in 998ms
 GET /api/realtime 200 in 802ms
 GET /api/realtime 200 in 1338ms
 GET /api/realtime 200 in 607ms
 GET /api/realtime 200 in 1111ms
 GET /api/realtime 200 in 6294ms
 GET /api/auth/session 200 in 695ms
 GET /api/realtime 200 in 1383ms
 GET /api/realtime 200 in 650ms
 GET /api/realtime 200 in 809ms
 GET /api/realtime 200 in 6542ms
 GET /api/realtime 200 in 464ms
 GET /api/realtime 200 in 562ms
 GET /api/realtime 200 in 357ms
 GET /api/realtime 200 in 386ms
 GET /api/realtime 200 in 356ms
 GET /api/realtime 200 in 373ms
 GET /api/realtime 200 in 363ms
 GET /api/realtime 200 in 391ms
 GET /api/realtime 200 in 398ms
 GET /api/notifications?limit=10 200 in 404ms
 GET /api/realtime 200 in 315ms
 GET /api/realtime 200 in 315ms
 GET /api/realtime 200 in 6738ms
 GET /api/realtime 200 in 6552ms
 GET /api/auth/session 200 in 315ms
 GET /api/realtime 200 in 6485ms
 GET /api/realtime 200 in 5614ms
 GET /api/realtime 200 in 6598ms
 GET /api/realtime 200 in 6804ms
 GET /api/realtime 200 in 170ms
 GET /api/realtime 200 in 6666ms
 GET /api/realtime 200 in 6259ms
 GET /api/realtime 200 in 174ms
 GET /api/realtime 200 in 5407ms
 GET /api/realtime 200 in 6512ms
 GET /api/realtime 200 in 337ms
 GET /api/realtime 200 in 5465ms
 GET /api/realtime 200 in 5847ms
 GET /api/realtime 200 in 354ms
 GET /api/realtime 200 in 341ms
 GET /api/notifications?limit=10 200 in 352ms
 GET /api/auth/session 200 in 346ms
 GET /api/realtime 200 in 307ms
 GET /api/notifications?limit=10 200 in 162ms
 GET /api/auth/session 200 in 130ms
 GET /api/realtime 200 in 151ms
 GET /api/auth/session 200 in 165ms
 GET /api/notifications?limit=10 200 in 188ms
 GET /api/realtime 200 in 153ms
 GET /api/auth/session 200 in 135ms
 GET /api/notifications?limit=10 200 in 172ms
 GET /api/realtime 200 in 162ms
 GET /api/auth/session 200 in 133ms
 GET /api/realtime 200 in 141ms
 GET /api/auth/session 200 in 74ms
 GET /api/realtime 200 in 173ms
 GET /api/realtime 200 in 124ms
 GET /api/realtime 200 in 95ms
 GET /api/realtime 200 in 90ms
 GET /api/realtime 200 in 104ms
 GET /api/realtime 200 in 88ms
 GET /api/realtime 200 in 8774ms
 ○ Compiling /change-orders ...
 ✓ Compiled /change-orders in 3s (3539 modules)
 GET /change-orders 200 in 3261ms
 GET /company/usage 200 in 3319ms
 GET /company/invitations 200 in 3337ms
 GET /company/settings 307 in 3320ms
 GET /company/team 200 in 3353ms
 GET /dashboard 200 in 196ms
 GET /api/auth/session 200 in 301ms
 ○ Compiling /api/company/invitations ...
 ✓ Compiled /api/company/invitations in 931ms (1966 modules)
 GET /api/notifications?limit=10 200 in 1791ms
 GET /api/auth/session 200 in 1569ms
 GET /api/company/invitations? 200 in 1914ms
 GET /api/realtime 200 in 1589ms
 GET /api/realtime 200 in 1391ms
 GET /api/notifications?limit=10 200 in 183ms
 GET /api/realtime 200 in 198ms
 GET /api/auth/session 200 in 243ms
 GET /api/company/invitations? 200 in 242ms
 GET /api/realtime 200 in 284ms
 GET /api/notifications?limit=10 200 in 257ms
 GET /api/realtime 200 in 168ms
 GET /api/auth/session 200 in 194ms
 GET /api/company/invitations? 200 in 203ms
 GET /api/realtime 200 in 169ms
 GET /api/notifications?limit=10 200 in 168ms
 GET /api/realtime 200 in 165ms
 GET /api/auth/session 200 in 175ms
 GET /api/company/invitations? 200 in 192ms
 GET /api/realtime 200 in 188ms
 GET /api/notifications?limit=10 200 in 164ms
 GET /api/realtime 200 in 175ms
 GET /api/auth/session 200 in 124ms
 GET /api/realtime 200 in 156ms
 GET /api/realtime 200 in 140ms
 GET /api/notifications?limit=10 200 in 125ms
 GET /api/realtime 200 in 190ms
 GET /api/auth/session 200 in 163ms
 GET /api/realtime 200 in 211ms
 GET /api/notifications?limit=10 200 in 224ms
 GET /api/realtime 200 in 172ms
 GET /api/auth/session 200 in 204ms
 GET /api/realtime 200 in 178ms
 GET /api/notifications?limit=10 200 in 196ms
 GET /api/realtime 200 in 206ms
 GET /api/auth/session 200 in 143ms
 GET /api/realtime 200 in 175ms
 GET /api/realtime 200 in 153ms
 GET /api/auth/session 200 in 150ms
 GET /api/realtime 200 in 167ms
 GET /api/realtime 200 in 159ms
 GET /api/auth/session 200 in 179ms
 GET /api/realtime 200 in 182ms
 GET /api/realtime 200 in 188ms
 GET /api/auth/session 200 in 146ms
 GET /api/realtime 200 in 157ms
 GET /api/realtime 200 in 143ms
 GET /api/auth/session 200 in 172ms
 GET /api/realtime 200 in 176ms
 GET /api/realtime 200 in 184ms
 GET /api/auth/session 200 in 147ms
 GET /api/realtime 200 in 160ms
 GET /api/realtime 200 in 143ms
 GET /api/auth/session 200 in 174ms
 GET /api/realtime 200 in 178ms
 GET /api/realtime 200 in 169ms
 GET /api/auth/session 200 in 141ms
 GET /api/realtime 200 in 182ms
 GET /api/realtime 200 in 164ms
 GET /api/realtime 200 in 213ms
 GET /api/auth/session 200 in 177ms
 GET /api/realtime 200 in 231ms
 GET /api/auth/session 200 in 117ms
 GET /api/realtime 200 in 172ms
 GET /api/realtime 200 in 124ms
 GET /api/auth/session 200 in 216ms
 GET /api/realtime 200 in 235ms
 GET /api/realtime 200 in 235ms
 GET /api/auth/session 200 in 169ms
 GET /api/realtime 200 in 168ms
 GET /api/realtime 200 in 165ms
 GET /api/realtime 200 in 111ms
 GET /api/realtime 200 in 121ms
 GET /api/realtime 200 in 163ms
 GET /api/realtime 200 in 122ms
 GET /api/realtime 200 in 134ms
 GET /api/realtime 200 in 182ms
 GET /api/realtime 200 in 88ms
 GET /api/realtime 200 in 138ms
 GET /api/realtime 200 in 205ms
 GET /api/realtime 200 in 6733ms
 GET /api/realtime 200 in 79ms
 GET /api/realtime 200 in 136ms
 GET /api/realtime 200 in 117ms
 GET /api/realtime 200 in 100ms
 GET /api/realtime 200 in 6923ms
[?25h
