  ▲ Next.js 14.2.28
  - Local:        http://localhost:3000
  - Environments: .env
  - Experiments (use with caution):
    · outputFileTracingRoot

 ✓ Starting...
 ✓ Ready in 2.3s
 ○ Compiling / ...
 ✓ Compiled / in 2s (598 modules)
 GET / 200 in 2728ms
 ✓ Compiled in 633ms (297 modules)
 GET / 200 in 98ms
 GET / 200 in 87ms
 GET / 200 in 97ms
 ✓ Compiled /api/auth/[...nextauth] in 463ms (542 modules)
 GET /api/auth/session 200 in 1008ms
 GET /api/auth/session 200 in 94ms
 GET / 200 in 123ms
 GET / 200 in 97ms
 ○ Compiling /login ...
 ✓ Compiled /login in 855ms (632 modules)
 ✓ Compiled /api/auth/[...nextauth] in 171ms (566 modules)
 GET /api/auth/providers 200 in 375ms
 GET /api/auth/csrf 200 in 80ms
 POST /api/auth/callback/credentials 200 in 482ms
 GET / 200 in 153ms
 GET /api/auth/session 200 in 108ms
 ✓ Compiled /middleware in 230ms (174 modules)
 ○ Compiling /dashboard ...
 ✓ Compiled /dashboard in 1689ms (2996 modules)
 GET /dashboard?_rsc=iqngu 200 in 154ms
 ✓ Compiled /api/notifications in 357ms (1667 modules)
 ✓ Compiled /api/realtime in 0ms (1669 modules)
 ✓ Compiled in 0ms (1672 modules)
 ✓ Compiled in 0ms (1672 modules)
 GET /api/dashboard/agenda 200 in 1427ms
 ✓ Compiled in 1ms (1672 modules)
 GET /api/notifications?limit=10 200 in 1700ms
 GET /api/realtime 200 in 1031ms
 ✓ Compiled in 0ms (1672 modules)
 ✓ Compiled in 0ms (1672 modules)
 ✓ Compiled in 0ms (1672 modules)
 ✓ Compiled in 0ms (1672 modules)
 GET /api/dashboard/agenda 200 in 1239ms
 ✓ Compiled in 1ms (1672 modules)
 GET /api/notifications?limit=10 200 in 1282ms
 GET /api/realtime 200 in 1111ms
 GET /api/realtime 200 in 265ms
 ○ Compiling /admin ...
 ✓ Compiled /admin in 1363ms (3099 modules)
 GET /api/realtime 200 in 1048ms
 GET /api/realtime 200 in 289ms
 GET /admin?_rsc=16s51 200 in 146ms
 GET /api/realtime 200 in 452ms
 GET /api/realtime 200 in 6730ms
 ○ Compiling /api/admin/stats ...
 ✓ Compiled /api/admin/live-feed in 823ms (1710 modules)
 ✓ Compiled (1714 modules)
 GET /api/admin/system-health 200 in 1372ms
 GET /api/admin/live-feed?limit=20 200 in 825ms
 GET /api/admin/stats 200 in 1358ms
 GET /api/admin/system-health 200 in 166ms
 GET /api/admin/live-feed?limit=20 200 in 160ms
 GET /api/admin/stats 200 in 178ms
 GET /api/dashboard/agenda 200 in 169ms
 GET /api/notifications?limit=10 200 in 166ms
 GET /api/notifications?limit=10 200 in 134ms
 GET /api/dashboard/agenda 200 in 132ms
 GET /api/realtime 200 in 274ms
 GET /api/realtime 200 in 270ms
 GET /api/realtime 200 in 270ms
 GET /api/realtime 200 in 391ms
 GET /api/realtime 200 in 277ms
 GET /api/realtime 200 in 370ms
 GET /api/realtime 200 in 314ms
 GET /api/realtime 200 in 291ms
 GET /api/realtime 200 in 290ms
 GET /api/realtime 200 in 302ms
 GET /api/realtime 200 in 310ms
 GET /api/realtime 200 in 276ms
 GET /api/realtime 200 in 285ms
 GET /api/realtime 200 in 270ms
 GET /api/realtime 200 in 290ms
 ○ Compiling /projects ...
 ✓ Compiled /projects in 1473ms (3158 modules)
 GET / 200 in 181ms
 GET /api/realtime 200 in 1572ms
 GET /api/realtime 200 in 288ms
 GET /projects?_rsc=x7vz2 200 in 93ms
 GET /api/realtime 200 in 255ms
 GET /api/realtime 200 in 261ms
 GET /api/realtime 200 in 364ms
 GET /api/realtime 200 in 358ms
 GET /api/realtime 200 in 440ms
 GET /api/realtime 200 in 273ms
 ○ Compiling /projects/[id] ...
 ✓ Compiled /projects/[id] in 2.3s (3346 modules)
 GET /api/realtime 200 in 2178ms
 GET /api/realtime 200 in 382ms
 GET /projects/project-mall-renovation?_rsc=1o8h7 200 in 457ms
 GET /api/realtime 200 in 278ms
 GET /api/realtime 200 in 267ms
 GET /api/realtime 200 in 350ms
 GET /api/realtime 200 in 253ms
 GET /api/realtime 200 in 256ms
 GET /api/realtime 200 in 264ms
 GET /api/realtime 200 in 330ms
 GET /api/realtime 200 in 255ms
 GET /api/realtime 200 in 274ms
 GET /api/realtime 200 in 299ms
 GET /api/realtime 200 in 280ms
 GET /api/realtime 200 in 345ms
 GET /api/realtime 200 in 248ms
 GET /projects/project-riverside-homes?_rsc=eklsh 200 in 113ms
 GET /api/realtime 200 in 256ms
 GET /api/realtime 200 in 258ms
 GET /api/realtime 200 in 467ms
 GET /api/realtime 200 in 285ms
 GET /api/realtime 200 in 283ms
 GET /api/realtime 200 in 310ms
 GET /api/realtime 200 in 338ms
 GET /api/realtime 200 in 258ms
 GET /api/realtime 200 in 256ms
 GET /api/realtime 200 in 275ms
 GET /api/realtime 200 in 303ms
 GET /api/realtime 200 in 252ms
 GET /api/realtime 200 in 278ms
 GET /api/realtime 200 in 252ms
 GET /api/realtime 200 in 276ms
 GET / 200 in 202ms
 GET /api/realtime 200 in 360ms
 GET /api/realtime 200 in 253ms
 GET /api/realtime 200 in 263ms
 GET /api/realtime 200 in 242ms
 GET /api/realtime 200 in 300ms
 GET /api/realtime 200 in 366ms
 GET /api/realtime 200 in 289ms
 GET /api/realtime 200 in 254ms
 GET /api/realtime 200 in 252ms
 GET /api/realtime 200 in 256ms
 GET /api/realtime 200 in 299ms
 GET /api/realtime 200 in 445ms
 GET /api/realtime 200 in 262ms
 GET /api/realtime 200 in 263ms
 GET /api/realtime 200 in 261ms
 GET /projects?_rsc=14ekm 200 in 114ms
 GET /api/realtime 200 in 262ms
 GET /api/realtime 200 in 255ms
 GET /api/realtime 200 in 250ms
 GET /api/realtime 200 in 247ms
 GET /api/realtime 200 in 371ms
 GET /api/realtime 200 in 307ms
 GET /api/realtime 200 in 307ms
 GET /api/realtime 200 in 315ms
 GET /api/realtime 200 in 280ms
 GET /api/realtime 200 in 370ms
 ○ Compiling /documents ...
 ✓ Compiled /documents in 1697ms (2747 modules)
 GET /api/realtime 200 in 2200ms
 ○ Compiling /reports ...
 ✓ Compiled /reports in 1197ms (3353 modules)
 GET /api/realtime 200 in 688ms
 GET /reports?_rsc=1tgyp 200 in 115ms
 GET /api/realtime 200 in 295ms
 GET /api/realtime 200 in 390ms
 GET /api/realtime 200 in 283ms
 GET /api/realtime 200 in 299ms
 GET /api/realtime 200 in 301ms
 GET /api/realtime 200 in 293ms
 GET /api/realtime 200 in 389ms
 GET /api/realtime 200 in 280ms
 GET /api/realtime 200 in 402ms
 GET /api/realtime 200 in 287ms
 GET / 200 in 135ms
 GET /api/realtime 200 in 282ms
 GET /api/realtime 200 in 272ms
 GET /api/realtime 200 in 278ms
 GET /api/realtime 200 in 331ms
 GET /api/realtime 200 in 250ms
 GET /api/realtime 200 in 269ms
 GET /api/realtime 200 in 254ms
 GET /api/realtime 200 in 326ms
 GET /api/realtime 200 in 293ms
 GET /api/realtime 200 in 281ms
 GET /api/realtime 200 in 295ms
 GET /api/realtime 200 in 370ms
 GET /api/realtime 200 in 251ms
 GET /api/realtime 200 in 279ms
 GET /api/realtime 200 in 974ms
 GET /api/realtime 200 in 374ms
 GET /api/realtime 200 in 254ms
 GET /api/realtime 200 in 274ms
 GET /api/realtime 200 in 277ms
 GET /api/realtime 200 in 352ms
 GET /api/realtime 200 in 290ms
 GET /api/realtime 200 in 282ms
 GET /api/realtime 200 in 252ms
 GET /api/realtime 200 in 268ms
 GET /api/realtime 200 in 282ms
 GET /api/realtime 200 in 300ms
 GET /api/realtime 200 in 318ms
 GET /api/realtime 200 in 324ms
 GET /api/realtime 200 in 255ms
 GET /api/realtime 200 in 264ms
 GET /api/realtime 200 in 270ms
 GET /api/realtime 200 in 597ms
 GET /api/realtime 200 in 267ms
 GET /api/realtime 200 in 269ms
 GET /api/realtime 200 in 287ms
 GET /api/realtime 200 in 276ms
 GET /api/realtime 200 in 248ms
 GET / 200 in 90ms
 GET /api/realtime 200 in 270ms
 GET /api/realtime 200 in 284ms
 GET /api/realtime 200 in 275ms
 GET /api/realtime 200 in 287ms
 GET /api/realtime 200 in 283ms
 GET /api/realtime 200 in 287ms
 GET /api/realtime 200 in 273ms
 GET /api/realtime 200 in 276ms
 GET /api/realtime 200 in 268ms
 GET /api/realtime 200 in 276ms
 GET /api/realtime 200 in 282ms
 GET /api/realtime 200 in 268ms
 GET /api/realtime 200 in 371ms
 GET /api/realtime 200 in 275ms
 GET /api/realtime 200 in 303ms
 GET /api/realtime 200 in 56ms
 GET /api/realtime 200 in 275ms
 GET /api/realtime 200 in 269ms
 GET /api/realtime 200 in 343ms
 GET /api/realtime 200 in 261ms
 GET /api/realtime 200 in 257ms
 GET /api/realtime 200 in 258ms
prisma:error Error in PostgreSQL connection: Error { kind: Db, cause: Some(DbError { severity: "FATAL", parsed_severity: Some(Fatal), code: SqlState(E57P05), message: "terminating connection due to idle-session timeout", detail: None, hint: None, position: None, where_: None, schema: None, table: None, column: None, datatype: None, constraint: None, file: Some("postgres.c"), line: Some(3472), routine: Some("ProcessInterrupts") }) }
 GET /api/realtime 200 in 274ms
 GET /api/realtime 200 in 306ms
 GET /api/realtime 200 in 297ms
 GET /api/realtime 200 in 309ms
 GET /api/realtime 200 in 292ms
 GET /api/realtime 200 in 280ms
 GET /api/realtime 200 in 655ms
 ○ Compiling /settings ...
 ✓ Compiled /settings in 1931ms (3165 modules)
 GET /api/realtime 200 in 1798ms
 GET /api/realtime 200 in 286ms
 GET /settings?_rsc=1lt54 200 in 101ms
 GET /api/realtime 200 in 303ms
 GET /api/realtime 200 in 260ms
 GET /api/realtime 200 in 353ms
 GET /api/realtime 200 in 382ms
 GET /api/realtime 200 in 283ms
 GET /api/realtime 200 in 264ms
 GET / 200 in 129ms
 GET /api/realtime 200 in 342ms
 GET /api/realtime 200 in 279ms
 GET /api/realtime 200 in 387ms
 GET /api/realtime 200 in 281ms
 ✓ Compiled /projects in 234ms (1065 modules)
 GET /projects?_rsc=14ekm 200 in 432ms
 GET /api/realtime 200 in 305ms
 GET /api/realtime 200 in 280ms
 GET /api/realtime 200 in 281ms
 GET /api/realtime 200 in 296ms
 GET /api/realtime 200 in 309ms
 ✓ Compiled /projects/[id] in 290ms (1188 modules)
 GET /projects/project-riverside-homes?_rsc=xste0 200 in 669ms
 GET /api/realtime 200 in 293ms
 GET /api/realtime 200 in 375ms
 GET /api/realtime 200 in 296ms
 GET /api/realtime 200 in 262ms
 GET /api/realtime 200 in 253ms
 GET /api/realtime 200 in 295ms
 GET /api/realtime 200 in 274ms
 GET /api/realtime 200 in 318ms
 GET /api/realtime 200 in 469ms
 GET /api/realtime 200 in 452ms
 GET /api/realtime 200 in 546ms
 GET /api/realtime 200 in 549ms
 GET /api/realtime 200 in 545ms
 GET /api/realtime 200 in 475ms
 GET /api/realtime 200 in 490ms
 GET /api/realtime 200 in 497ms
 GET /api/realtime 200 in 480ms
 GET /api/realtime 200 in 446ms
 GET /api/realtime 200 in 489ms
 GET /api/realtime 200 in 562ms
 GET /api/realtime 200 in 590ms
 GET /api/realtime 200 in 450ms
 GET /api/realtime 200 in 453ms
 GET /api/realtime 200 in 424ms
 GET /api/realtime 200 in 446ms
 GET /api/realtime 200 in 384ms
 GET / 200 in 115ms
 GET /api/realtime 200 in 422ms
 GET /api/realtime 200 in 447ms
 GET /api/realtime 200 in 453ms
 GET /api/realtime 200 in 442ms
 GET /api/realtime 200 in 445ms
 GET /api/realtime 200 in 169724ms
 GET /api/realtime 200 in 362ms
prisma:error Error in PostgreSQL connection: Error { kind: Db, cause: Some(DbError { severity: "FATAL", parsed_severity: Some(Fatal), code: SqlState(E57P05), message: "terminating connection due to idle-session timeout", detail: None, hint: None, position: None, where_: None, schema: None, table: None, column: None, datatype: None, constraint: None, file: Some("postgres.c"), line: Some(3472), routine: Some("ProcessInterrupts") }) }
prisma:error Error in PostgreSQL connection: Error { kind: Db, cause: Some(DbError { severity: "FATAL", parsed_severity: Some(Fatal), code: SqlState(E57P05), message: "terminating connection due to idle-session timeout", detail: None, hint: None, position: None, where_: None, schema: None, table: None, column: None, datatype: None, constraint: None, file: Some("postgres.c"), line: Some(3472), routine: Some("ProcessInterrupts") }) }
prisma:error Error in PostgreSQL connection: Error { kind: Db, cause: Some(DbError { severity: "FATAL", parsed_severity: Some(Fatal), code: SqlState(E57P05), message: "terminating connection due to idle-session timeout", detail: None, hint: None, position: None, where_: None, schema: None, table: None, column: None, datatype: None, constraint: None, file: Some("postgres.c"), line: Some(3472), routine: Some("ProcessInterrupts") }) }
prisma:error Error in PostgreSQL connection: Error { kind: Db, cause: Some(DbError { severity: "FATAL", parsed_severity: Some(Fatal), code: SqlState(E57P05), message: "terminating connection due to idle-session timeout", detail: None, hint: None, position: None, where_: None, schema: None, table: None, column: None, datatype: None, constraint: None, file: Some("postgres.c"), line: Some(3472), routine: Some("ProcessInterrupts") }) }
