  ▲ Next.js 14.2.28
  - Local:        http://localhost:3000
  - Environments: .env
  - Experiments (use with caution):
    · outputFileTracingRoot

 ✓ Starting...
 ✓ Ready in 1756ms
 ○ Compiling / ...
 ✓ Compiled / in 2.1s (596 modules)
 GET / 200 in 2693ms
 ✓ Compiled in 582ms (296 modules)
 ○ Compiling /api/auth/[...nextauth] ...
 ✓ Compiled /api/auth/[...nextauth] in 553ms (541 modules)
 GET /api/auth/providers 200 in 1072ms
 GET / 200 in 115ms
 GET /api/auth/session 200 in 72ms
 GET /api/auth/session 200 in 49ms
 ○ Compiling /signup ...
 ✓ Compiled /signup in 877ms (881 modules)
 GET /signup 200 in 1106ms
 GET /login 200 in 1109ms
 GET /api/auth/session 200 in 122ms
 GET /api/auth/session 200 in 106ms
 GET /api/auth/session 200 in 78ms
 GET /api/auth/session 200 in 78ms
 GET /api/auth/session 200 in 67ms
 GET /api/auth/session 200 in 60ms
 GET /api/auth/csrf 200 in 72ms
 ✓ Compiled /api/signup in 391ms (597 modules)
 POST /api/signup 200 in 907ms
 GET / 200 in 114ms
 GET /api/auth/signin 302 in 118ms
 GET /login?callbackUrl=https://4b8f6bc33.preview.abacusai.app 200 in 92ms
 GET /api/auth/csrf 200 in 67ms
 POST /api/auth/callback/credentials 302 in 376ms
 ✓ Compiled /middleware in 248ms (174 modules)
 ○ Compiling /dashboard ...
 ✓ Compiled /dashboard in 1535ms (2857 modules)
 GET /dashboard 200 in 1867ms
 GET / 200 in 112ms
 GET /dashboard 200 in 128ms
 GET /api/auth/session 200 in 152ms
 ✓ Compiled /api/realtime in 335ms (1581 modules)
 ✓ Compiled (1584 modules)
 GET /api/auth/session 200 in 828ms
 GET /api/notifications?limit=10 200 in 884ms
 GET /api/realtime 200 in 817ms
 GET /api/notifications?limit=10 200 in 115ms
 GET /api/auth/session 200 in 135ms
 GET /api/realtime 200 in 123ms
 GET /api/notifications?limit=10 200 in 118ms
 GET /api/realtime 200 in 103ms
 GET /api/auth/session 200 in 141ms
 GET /api/realtime 200 in 118ms
 GET /api/notifications?limit=10 200 in 119ms
 GET /api/auth/session 200 in 98ms
 GET /api/auth/session 200 in 88ms
 GET /api/realtime 200 in 133ms
 GET /api/realtime 200 in 88ms
 GET /api/realtime 200 in 69ms
 GET /api/realtime 200 in 85ms
 GET /api/realtime 200 in 82ms
 GET /api/realtime 200 in 80ms
 GET /api/realtime 200 in 215ms
 GET /api/realtime 200 in 147ms
 GET /api/realtime 200 in 145ms
 GET /api/realtime 200 in 66ms
 GET /api/realtime 200 in 80ms
 GET /api/realtime 200 in 74ms
 GET /api/realtime 200 in 79ms
 GET /api/realtime 200 in 63ms
 GET /api/realtime 200 in 71ms
 GET /api/realtime 200 in 86ms
 GET /api/realtime 200 in 67ms
 GET /api/realtime 200 in 63ms
 GET /api/realtime 200 in 66ms
 GET /api/realtime 200 in 67ms
 GET /api/realtime 200 in 67ms
 GET /api/realtime 200 in 73ms
 GET /api/realtime 200 in 72ms
 GET /api/realtime 200 in 86ms
 GET /api/realtime 200 in 81ms
 GET /api/realtime 200 in 89ms
 GET /api/realtime 200 in 71ms
 GET /api/realtime 200 in 81ms
 GET /api/realtime 200 in 65ms
 GET /api/realtime 200 in 70ms
 GET /api/realtime 200 in 67ms
 GET /api/realtime 200 in 70ms
 GET /api/realtime 200 in 70ms
 GET /api/realtime 200 in 80ms
 GET /api/realtime 200 in 63ms
 GET /api/realtime 200 in 62ms
 GET /api/realtime 200 in 82ms
 GET /api/realtime 200 in 63ms
 GET /api/realtime 200 in 61ms
 GET /api/realtime 200 in 68ms
 GET /api/realtime 200 in 68ms
 GET /api/realtime 200 in 64ms
 GET /api/realtime 200 in 107ms
 GET /api/realtime 200 in 146ms
 GET /api/realtime 200 in 65ms
 GET /api/realtime 200 in 80ms
 GET /api/realtime 200 in 88ms
 GET /api/realtime 200 in 80ms
 GET /api/realtime 200 in 6701ms
 ○ Compiling /tasks ...
 ✓ Compiled /tasks in 4.3s (3457 modules)
 GET /projects/new 200 in 5401ms
 GET /milestones 200 in 5525ms
 GET /daily-reports 200 in 5439ms
 GET /change-orders 200 in 5450ms
 GET /budget 200 in 5504ms
 GET /meetings 200 in 5442ms
 GET /subcontractors 200 in 5520ms
 GET /time-tracking 200 in 5496ms
 GET /submittals 200 in 5450ms
 GET /punch-lists 200 in 5451ms
 GET /equipment 200 in 5455ms
 GET /safety 200 in 5459ms
 GET /rfis 200 in 5461ms
 GET /documents 200 in 5460ms
 GET /team 200 in 5473ms
 GET /inspections 200 in 5440ms
 GET /company 200 in 5475ms
 GET /settings 200 in 5441ms
 GET /reports 200 in 5447ms
 GET /projects 200 in 5452ms
 GET /materials 200 in 5565ms
 GET /tasks 200 in 5458ms
 GET /api/notifications?limit=10 200 in 373ms
 GET /api/realtime 200 in 244ms
 GET /api/auth/session 200 in 630ms
 GET /api/realtime 200 in 758ms
 GET /api/realtime 200 in 654ms
 GET /api/realtime 200 in 626ms
 GET /api/realtime 200 in 658ms
 GET /api/notifications?limit=10 200 in 812ms
 GET /api/realtime 200 in 826ms
 GET /api/realtime 200 in 725ms
 GET /api/realtime 200 in 672ms
 GET /api/auth/session 200 in 741ms
 ○ Compiling /api/company/stats ...
 ✓ Compiled /api/company/stats in 4.1s (1918 modules)
 GET /api/realtime 200 in 6566ms
 GET /api/realtime 200 in 5617ms
 GET /api/realtime 200 in 5303ms
 GET /api/realtime 200 in 5908ms
 GET /api/realtime 200 in 5565ms
 GET /api/auth/session 200 in 6204ms
 GET /api/realtime 200 in 6289ms
 GET /api/realtime 200 in 6482ms
 GET /api/realtime 200 in 6485ms
 GET /api/realtime 200 in 7622ms
 GET /api/realtime 200 in 6535ms
 GET /api/realtime 200 in 6772ms
 GET /api/realtime 200 in 7676ms
 GET /api/realtime 200 in 6783ms
 GET /api/realtime 200 in 7788ms
 GET /api/realtime 200 in 6891ms
 GET /api/realtime 200 in 6789ms
 GET /api/realtime 200 in 6790ms
 GET /api/realtime 200 in 7700ms
 GET /api/realtime 200 in 5242ms
 GET /api/realtime 200 in 6375ms
 GET /api/realtime 200 in 6493ms
 GET /api/realtime 200 in 5155ms
 GET /api/company/stats 200 in 6990ms
 GET /api/notifications?limit=10 200 in 6696ms
 GET /api/realtime 200 in 5367ms
 GET /api/realtime 200 in 6938ms
 GET /api/realtime 200 in 5540ms
 GET /api/realtime 200 in 6858ms
 GET /api/realtime 200 in 7328ms
 GET /api/realtime 200 in 564ms
 GET /api/realtime 200 in 7623ms
 GET /api/realtime 200 in 6647ms
 GET /api/realtime 200 in 151ms
 GET /api/realtime 200 in 210ms
 GET /api/auth/session 200 in 184ms
 GET /api/realtime 200 in 8038ms
 GET /api/realtime 200 in 262ms
 GET /api/notifications?limit=10 200 in 198ms
 GET /api/realtime 200 in 7924ms
 GET /api/realtime 200 in 271ms
 GET /api/realtime 200 in 7540ms
 GET /api/realtime 200 in 323ms
 GET /api/realtime 200 in 333ms
 GET /api/realtime 200 in 5995ms
 GET /api/company/stats 200 in 274ms
 GET /api/auth/session 200 in 251ms
 GET /api/auth/session 200 in 230ms
 GET /api/notifications?limit=10 200 in 375ms
 GET /api/notifications?limit=10 200 in 415ms
 GET /api/notifications?limit=10 200 in 409ms
 GET /api/notifications?limit=10 200 in 408ms
 GET /api/realtime 200 in 331ms
 GET /api/auth/session 200 in 324ms
 GET /api/realtime 200 in 457ms
 GET /api/realtime 200 in 115ms
 GET /api/realtime 200 in 70ms
 GET /api/realtime 200 in 84ms
 GET /api/realtime 200 in 89ms
 GET /api/realtime 200 in 113ms
 GET /api/realtime 200 in 7352ms
 ○ Compiling /company/team ...
 ✓ Compiled /company/team in 3.3s (3585 modules)
 GET /company/invitations 200 in 3790ms
 GET /company/team 200 in 3748ms
 GET /company/settings 307 in 3797ms
 GET /company/usage 200 in 3766ms
 GET /projects/project-riverside-homes 200 in 4195ms
 GET /projects/project-mall-renovation 200 in 4195ms
 GET /projects/project-downtown-office 200 in 4196ms
 GET /dashboard 200 in 491ms
 ○ Compiling /api/company/invitations ...
 ✓ Compiled /api/company/invitations in 1717ms (1995 modules)
 GET /api/realtime 200 in 1700ms
 GET /api/realtime 200 in 2218ms
 GET /api/realtime 200 in 2126ms
 GET /api/realtime 200 in 1701ms
 GET /api/auth/session 200 in 3218ms
 GET /api/company/invitations? 200 in 3290ms
 GET /api/notifications?limit=10 200 in 2621ms
 GET /api/realtime 200 in 151ms
 GET /api/realtime 200 in 253ms
 GET /api/realtime 200 in 254ms
 GET /api/realtime 200 in 254ms
 GET /api/auth/session 200 in 225ms
 GET /api/company/invitations? 200 in 231ms
 GET /api/notifications?limit=10 200 in 233ms
 GET /api/realtime 200 in 166ms
 GET /api/realtime 200 in 176ms
 GET /api/realtime 200 in 183ms
 GET /api/realtime 200 in 184ms
 GET /api/auth/session 200 in 243ms
 GET /api/company/invitations? 200 in 229ms
 GET /api/notifications?limit=10 200 in 254ms
 GET /api/realtime 200 in 296ms
 GET /api/realtime 200 in 217ms
 GET /api/realtime 200 in 439ms
 GET /api/notifications?limit=10 200 in 438ms
 GET /api/realtime 200 in 450ms
 GET /api/auth/session 200 in 501ms
 GET /api/realtime 200 in 293ms
 GET /api/realtime 200 in 465ms
 GET /api/realtime 200 in 233ms
 GET /api/notifications?limit=10 200 in 452ms
 GET /api/auth/session 200 in 461ms
 GET /api/realtime 200 in 560ms
 GET /api/realtime 200 in 436ms
 GET /api/realtime 200 in 438ms
 GET /api/realtime 200 in 377ms
 GET /api/notifications?limit=10 200 in 193ms
 GET /api/auth/session 200 in 242ms
 GET /api/realtime 200 in 264ms
 GET /api/realtime 200 in 273ms
 GET /api/realtime 200 in 264ms
 GET /api/realtime 200 in 245ms
 GET /api/notifications?limit=10 200 in 196ms
 GET /api/realtime 200 in 4470ms
 GET /api/realtime 200 in 160ms
 GET /api/auth/session 200 in 205ms
 GET /api/realtime 200 in 228ms
 GET /api/realtime 200 in 231ms
 GET /api/notifications?limit=10 200 in 365ms
 GET /api/realtime 200 in 369ms
 GET /api/auth/session 200 in 246ms
 GET /api/realtime 200 in 222ms
 GET /api/realtime 200 in 193ms
 GET /api/auth/session 200 in 182ms
 GET /api/notifications?limit=10 200 in 254ms
 GET /api/realtime 200 in 262ms
 GET /api/realtime 200 in 249ms
 GET /api/realtime 200 in 250ms
 GET /api/auth/session 200 in 240ms
 GET /api/notifications?limit=10 200 in 248ms
 GET /api/realtime 200 in 251ms
 GET /api/realtime 200 in 317ms
 GET /api/realtime 200 in 318ms
 GET /api/auth/session 200 in 445ms
 GET /api/notifications?limit=10 200 in 551ms
 GET /api/auth/session 200 in 240ms
 GET /api/notifications?limit=10 200 in 317ms
 GET /api/realtime 200 in 647ms
 GET /api/realtime 200 in 691ms
 GET /api/realtime 200 in 1061ms
 GET /api/auth/session 200 in 274ms
 GET /api/notifications?limit=10 200 in 281ms
 GET /api/realtime 200 in 247ms
 GET /api/realtime 200 in 273ms
 GET /api/auth/session 200 in 187ms
 GET /api/realtime 200 in 239ms
 GET /api/notifications?limit=10 200 in 251ms
 GET /api/realtime 200 in 245ms
 GET /api/realtime 200 in 259ms
 GET /api/realtime 200 in 6818ms
 GET /api/auth/session 200 in 213ms
 GET /api/realtime 200 in 201ms
 GET /api/realtime 200 in 7082ms
 GET /api/realtime 200 in 6962ms
 GET /api/auth/session 200 in 241ms
 GET /api/auth/session 200 in 113ms
 GET /api/auth/session 200 in 110ms
 GET /api/auth/session 200 in 62ms
[?25h
