  ▲ Next.js 14.2.28
  - Local:        http://localhost:3000
  - Environments: .env
  - Experiments (use with caution):
    · outputFileTracingRoot

 ✓ Starting...
 ✓ Ready in 1795ms
 ○ Compiling / ...
 ✓ Compiled / in 2.3s (596 modules)
 GET / 200 in 2840ms
 ✓ Compiled in 511ms (296 modules)
 ○ Compiling /api/auth/[...nextauth] ...
 ✓ Compiled /api/auth/[...nextauth] in 566ms (541 modules)
 GET /api/auth/providers 200 in 1102ms
 GET / 200 in 114ms
 GET /api/auth/session 200 in 72ms
 GET /api/auth/session 200 in 57ms
 ○ Compiling /signup ...
 ✓ Compiled /signup in 985ms (881 modules)
 GET /login 200 in 1191ms
 GET /signup 200 in 1190ms
 GET /api/auth/session 200 in 83ms
 GET /api/auth/session 200 in 60ms
 GET /api/auth/session 200 in 53ms
 GET /api/auth/session 200 in 56ms
 GET /api/auth/session 200 in 70ms
 GET /api/auth/session 200 in 50ms
 GET /api/auth/csrf 200 in 64ms
 ✓ Compiled /api/signup in 161ms (597 modules)
 POST /api/signup 200 in 652ms
 GET / 200 in 101ms
 GET /api/auth/signin 302 in 82ms
 GET /login?callbackUrl=https://7d9c4eb47.preview.abacusai.app 200 in 65ms
 GET /api/auth/csrf 200 in 53ms
 POST /api/auth/callback/credentials 302 in 354ms
 ✓ Compiled /middleware in 228ms (174 modules)
 ○ Compiling /dashboard ...
 ✓ Compiled /dashboard in 2.5s (2849 modules)
 GET /dashboard 200 in 2841ms
 GET / 200 in 81ms
 GET /dashboard 200 in 98ms
 GET /api/auth/session 200 in 87ms
 GET /api/auth/session 200 in 117ms
 ✓ Compiled /api/realtime in 495ms (1577 modules)
 ✓ Compiled (1580 modules)
 GET /api/auth/session 200 in 895ms
 GET /api/notifications?limit=10 200 in 1027ms
 GET /api/realtime 200 in 1010ms
 GET /api/realtime 200 in 973ms
 GET /api/realtime 200 in 1016ms
 GET /api/realtime 200 in 965ms
 GET /api/auth/session 200 in 111ms
 GET /api/notifications?limit=10 200 in 156ms
 GET /api/auth/session 200 in 81ms
 GET /api/notifications?limit=10 200 in 83ms
 GET /api/realtime 200 in 107ms
 GET /api/notifications?limit=10 200 in 107ms
 GET /api/realtime 200 in 63ms
 ○ Compiling /settings ...
 ✓ Compiled /settings in 3.1s (3336 modules)
 GET /daily-reports 200 in 4649ms
 GET /inspections 200 in 4725ms
 GET /equipment 200 in 4726ms
 GET /meetings 200 in 4739ms
 GET /projects/new 200 in 4645ms
 GET /change-orders 200 in 4650ms
 GET /projects 200 in 4716ms
 GET /reports 200 in 4652ms
 GET /rfis 200 in 4705ms
 GET /tasks 200 in 4704ms
 GET /settings 200 in 4655ms
 GET /safety 200 in 4656ms
 GET /documents 200 in 4658ms
 GET /team 200 in 4667ms
 GET /submittals 200 in 4669ms
 GET /company 200 in 4675ms
 GET /punch-lists 200 in 4778ms
 GET /api/notifications?limit=10 200 in 161ms
 GET /api/auth/session 200 in 246ms
 GET /api/realtime 200 in 328ms
 GET /api/notifications?limit=10 200 in 309ms
 GET /api/realtime 200 in 215ms
 GET /api/auth/session 200 in 233ms
 GET /api/realtime 200 in 219ms
 GET /api/notifications?limit=10 200 in 325ms
 GET /api/realtime 200 in 370ms
 GET /api/realtime 200 in 289ms
 GET /api/realtime 200 in 311ms
 GET /api/auth/session 200 in 447ms
 GET /api/realtime 200 in 482ms
 GET /api/realtime 200 in 368ms
 GET /api/realtime 200 in 462ms
 GET /api/notifications?limit=10 200 in 573ms
 GET /api/realtime 200 in 419ms
 GET /api/auth/session 200 in 472ms
 GET /api/realtime 200 in 383ms
 GET /api/realtime 200 in 371ms
 GET /api/realtime 200 in 403ms
 GET /api/realtime 200 in 374ms
 GET /api/notifications?limit=10 200 in 400ms
 GET /api/realtime 200 in 330ms
 GET /api/realtime 200 in 426ms
 GET /api/realtime 200 in 331ms
 GET /api/realtime 200 in 417ms
 GET /api/realtime 200 in 372ms
 GET /api/auth/session 200 in 415ms
 GET /api/realtime 200 in 328ms
 GET /api/realtime 200 in 287ms
 GET /api/notifications?limit=10 200 in 319ms
 GET /api/auth/session 200 in 314ms
 GET /api/notifications?limit=10 200 in 309ms
 GET /api/realtime 200 in 241ms
 GET /api/auth/session 200 in 228ms
 GET /api/notifications?limit=10 200 in 299ms
 GET /api/auth/session 200 in 329ms
 GET /api/realtime 200 in 268ms
 GET /api/notifications?limit=10 200 in 322ms
 GET /api/auth/session 200 in 169ms
 GET /api/notifications?limit=10 200 in 204ms
 GET /api/auth/session 200 in 230ms
 GET /api/notifications?limit=10 200 in 248ms
 GET /api/auth/session 200 in 225ms
 GET /api/notifications?limit=10 200 in 275ms
 GET /api/realtime 200 in 351ms
 GET /api/auth/session 200 in 342ms
 GET /api/notifications?limit=10 200 in 263ms
 GET /api/auth/session 200 in 279ms
 GET /api/notifications?limit=10 200 in 262ms
 GET /api/realtime 200 in 290ms
 GET /api/realtime 200 in 292ms
 GET /api/realtime 200 in 278ms
 GET /api/realtime 200 in 269ms
 GET /api/auth/session 200 in 263ms
 GET /api/realtime 200 in 221ms
 GET /api/realtime 200 in 219ms
 GET /api/notifications?limit=10 200 in 240ms
 GET /api/realtime 200 in 243ms
 GET /api/auth/session 200 in 269ms
 GET /api/notifications?limit=10 200 in 238ms
 GET /api/auth/session 200 in 285ms
 GET /api/notifications?limit=10 200 in 401ms
 GET /api/realtime 200 in 411ms
 GET /api/auth/session 200 in 429ms
 GET /api/notifications?limit=10 200 in 320ms
 GET /api/realtime 200 in 306ms
 GET /api/auth/session 200 in 218ms
 GET /api/notifications?limit=10 200 in 221ms
 GET /api/realtime 200 in 175ms
 GET /api/realtime 200 in 176ms
 GET /api/auth/session 200 in 191ms
 GET /api/realtime 200 in 180ms
 GET /api/notifications?limit=10 200 in 238ms
 GET /api/realtime 200 in 224ms
 GET /api/realtime 200 in 225ms
 GET /api/realtime 200 in 226ms
 GET /api/realtime 200 in 227ms
 GET /api/realtime 200 in 226ms
 GET /api/realtime 200 in 228ms
 GET /api/auth/session 200 in 219ms
 GET /api/realtime 200 in 305ms
 GET /api/auth/session 200 in 221ms
 GET /api/auth/session 200 in 222ms
 GET /api/notifications?limit=10 200 in 261ms
 GET /api/notifications?limit=10 200 in 242ms
 GET /api/notifications?limit=10 200 in 237ms
 GET /api/notifications?limit=10 200 in 237ms
 GET /api/notifications?limit=10 200 in 237ms
 GET /api/notifications?limit=10 200 in 237ms
 GET /api/realtime 200 in 99ms
 GET /api/auth/session 200 in 95ms
 GET /api/realtime 200 in 100ms
 GET /api/auth/session 200 in 78ms
 GET /api/auth/session 200 in 137ms
 GET /api/auth/session 200 in 82ms
 GET /api/auth/session 200 in 87ms
 GET /api/auth/session 200 in 139ms
 GET /api/auth/session 200 in 83ms
 GET /api/realtime 200 in 86ms
 ○ Compiling /company/team ...
 ✓ Compiled /company/team in 2.9s (3413 modules)
 GET /company/invitations 200 in 3253ms
 GET /company/team 200 in 3254ms
 GET /company/usage 200 in 3270ms
 GET /company/settings 307 in 3256ms
 GET /dashboard 200 in 160ms
 GET /projects/project-riverside-homes 200 in 3607ms
 GET /projects/project-mall-renovation 200 in 3588ms
 GET /projects/project-downtown-office 200 in 3618ms
 ○ Compiling /api/company/invitations ...
 ✓ Compiled /api/company/invitations in 1429ms (1896 modules)
 GET /api/realtime 200 in 2259ms
 GET /api/realtime 200 in 2260ms
 GET /api/notifications?limit=10 200 in 2309ms
 GET /api/realtime 200 in 1993ms
 GET /api/realtime 200 in 2212ms
 GET /api/realtime 200 in 1942ms
 GET /api/realtime 200 in 1641ms
 GET /api/realtime 200 in 1637ms
 GET /api/realtime 200 in 1642ms
 GET /api/realtime 200 in 1638ms
 GET /api/realtime 200 in 1642ms
 GET /api/realtime 200 in 1733ms
 GET /api/realtime 200 in 1643ms
 GET /api/realtime 200 in 2197ms
 GET /api/realtime 200 in 1938ms
 GET /api/realtime 200 in 1738ms
 GET /api/realtime 200 in 1992ms
 GET /api/auth/session 200 in 2440ms
 GET /api/company/invitations? 200 in 2507ms
 GET /api/realtime 200 in 30599ms
 GET /api/realtime 200 in 30975ms
 GET /api/notifications?limit=10 200 in 163ms
 GET /api/company/invitations? 200 in 177ms
 GET /api/auth/session 200 in 181ms
 GET /api/realtime 200 in 30143ms
 GET /api/realtime 200 in 30114ms
 GET /api/company/invitations? 200 in 165ms
 GET /api/notifications?limit=10 200 in 174ms
 GET /api/auth/session 200 in 210ms
 GET /api/realtime 200 in 30104ms
 GET /api/realtime 200 in 213ms
 GET /api/realtime 200 in 30063ms
 GET /api/company/invitations? 200 in 248ms
 GET /api/notifications?limit=10 200 in 207ms
 GET /api/realtime 200 in 30065ms
 GET /api/auth/session 200 in 173ms
 GET /api/realtime 200 in 30074ms
 GET /api/realtime 200 in 118ms
 GET /api/notifications?limit=10 200 in 167ms
 GET /api/realtime 200 in 30060ms
 GET /api/auth/session 200 in 170ms
 GET /api/realtime 200 in 30062ms
 GET /api/notifications?limit=10 200 in 144ms
 GET /api/auth/session 200 in 140ms
 GET /api/notifications?limit=10 200 in 179ms
 GET /api/auth/session 200 in 165ms
 GET /api/realtime 200 in 161ms
 GET /api/realtime 200 in 30194ms
 GET /api/notifications?limit=10 200 in 164ms
 GET /api/auth/session 200 in 175ms
 GET /api/realtime 200 in 30076ms
 GET /api/realtime 200 in 30070ms
 GET /api/realtime 200 in 181ms
 GET /api/notifications?limit=10 200 in 170ms
 GET /api/auth/session 200 in 178ms
 GET /api/realtime 200 in 30071ms
 GET /api/realtime 200 in 30064ms
 GET /api/notifications?limit=10 200 in 134ms
 GET /api/auth/session 200 in 118ms
 GET /api/realtime 200 in 30064ms
 GET /api/realtime 200 in 30060ms
 GET /api/notifications?limit=10 200 in 166ms
 GET /api/auth/session 200 in 201ms
 GET /api/realtime 200 in 30055ms
 GET /api/realtime 200 in 183ms
 GET /api/realtime 200 in 30073ms
 GET /api/notifications?limit=10 200 in 188ms
 GET /api/auth/session 200 in 160ms
 GET /api/realtime 200 in 30057ms
 GET /api/realtime 200 in 30055ms
 GET /api/notifications?limit=10 200 in 215ms
 GET /api/realtime 200 in 30060ms
 GET /api/realtime 200 in 185ms
 GET /api/auth/session 200 in 193ms
 GET /api/realtime 200 in 30060ms
 GET /api/realtime 200 in 30058ms
 GET /api/notifications?limit=10 200 in 163ms
 GET /api/auth/session 200 in 119ms
 GET /api/realtime 200 in 30058ms
 GET /api/realtime 200 in 30069ms
 GET /api/notifications?limit=10 200 in 152ms
 GET /api/auth/session 200 in 180ms
 GET /api/realtime 200 in 30055ms
 GET /api/realtime 200 in 156ms
 GET /api/realtime 200 in 211ms
 GET /api/realtime 200 in 30073ms
 GET /api/notifications?limit=10 200 in 160ms
 GET /api/auth/session 200 in 117ms
 GET /api/realtime 200 in 30057ms
 GET /api/realtime 200 in 121ms
 GET /api/auth/session 200 in 129ms
 GET /api/realtime 200 in 30084ms
 GET /api/realtime 200 in 30061ms
 GET /api/auth/session 200 in 91ms
 GET /api/realtime 200 in 30056ms
 GET /api/auth/session 200 in 61ms
 GET /api/realtime 200 in 30056ms
 GET /api/realtime 200 in 30057ms
 GET /api/auth/session 200 in 133ms
 GET /api/realtime 200 in 30060ms
 GET /api/realtime 200 in 30062ms
 GET /api/auth/session 200 in 101ms
 GET /api/realtime 200 in 30060ms
 GET /api/auth/session 200 in 73ms
 GET /api/realtime 200 in 30058ms
 GET /api/auth/session 200 in 128ms
 GET /api/realtime 200 in 30064ms
 GET /api/auth/session 200 in 64ms
 GET /api/realtime 200 in 30060ms
 GET /api/realtime 200 in 30058ms
 GET /api/auth/session 200 in 99ms
 GET /api/realtime 200 in 95ms
 GET /api/realtime 200 in 30062ms
 GET /api/realtime 200 in 30058ms
 GET /api/realtime 200 in 30055ms
 GET /api/realtime 200 in 30056ms
 GET /api/realtime 200 in 62ms
 GET /api/realtime 200 in 30058ms
 GET /api/realtime 200 in 30058ms
 GET /api/realtime 200 in 30072ms
 GET /api/realtime 200 in 30057ms
 GET /api/realtime 200 in 30068ms
 GET /api/realtime 200 in 30059ms
 GET /api/realtime 200 in 30065ms
 GET /api/realtime 200 in 30056ms
 GET /api/realtime 200 in 30056ms
 GET /api/realtime 200 in 30078ms
 GET /api/realtime 200 in 30330ms
 GET /api/realtime 200 in 30210ms
 GET /api/realtime 200 in 30193ms
 GET /api/realtime 200 in 30194ms
 GET /api/realtime 200 in 30199ms
 GET /api/realtime 200 in 30244ms
 GET /api/realtime 200 in 30247ms
 GET /api/realtime 200 in 30248ms
 GET /api/realtime 200 in 30295ms
 GET /api/realtime 200 in 30279ms
 GET /api/realtime 200 in 30312ms
 GET /api/realtime 200 in 30508ms
 GET /api/realtime 200 in 30472ms
 GET /api/realtime 200 in 30467ms
 GET /api/realtime 200 in 30534ms
 GET /api/realtime 200 in 30535ms
 GET /api/realtime 200 in 30410ms
 GET /api/realtime 200 in 30410ms
 GET /api/realtime 200 in 30411ms
 GET /api/realtime 200 in 30458ms
 GET /api/realtime 200 in 30432ms
 GET /api/realtime 200 in 30395ms
 GET /api/realtime 200 in 30413ms
 GET /api/realtime 200 in 30407ms
 GET /api/realtime 200 in 30384ms
 GET /api/realtime 200 in 30434ms
 GET /api/realtime 200 in 30384ms
 GET /api/realtime 200 in 30368ms
 GET /api/realtime 200 in 30388ms
 GET /api/realtime 200 in 30430ms
 GET /api/realtime 200 in 30410ms
 GET /api/realtime 200 in 30341ms
 GET /api/realtime 200 in 30410ms
 GET /api/realtime 200 in 30325ms
 GET /api/realtime 200 in 30327ms
 GET /api/realtime 200 in 30320ms
 GET /api/realtime 200 in 30334ms
 GET /api/realtime 200 in 30364ms
 GET /api/realtime 200 in 30294ms
 GET /api/realtime 200 in 30406ms
 GET /api/realtime 200 in 30323ms
 GET /api/realtime 200 in 30283ms
 GET /api/realtime 200 in 30326ms
 GET /api/realtime 200 in 30284ms
 GET /api/realtime 200 in 30284ms
 GET /api/realtime 200 in 30300ms
 GET /api/realtime 200 in 30301ms
 GET /api/realtime 200 in 30262ms
 GET /api/realtime 200 in 30283ms
 GET /api/realtime 200 in 30279ms
 GET /api/realtime 200 in 30331ms
 GET /api/realtime 200 in 30332ms
 GET /api/realtime 200 in 30333ms
 GET /api/realtime 200 in 30298ms
 GET /api/realtime 200 in 30250ms
 GET /api/realtime 200 in 30343ms
 GET /api/realtime 200 in 30234ms
 GET /api/realtime 200 in 30223ms
 GET /api/realtime 200 in 30225ms
 GET /api/realtime 200 in 30225ms
 GET /api/realtime 200 in 30219ms
 GET /api/realtime 200 in 30220ms
 GET /api/realtime 200 in 30238ms
 GET /api/realtime 200 in 30279ms
 GET /api/realtime 200 in 30256ms
 GET /api/realtime 200 in 30257ms
 GET /api/realtime 200 in 30238ms
 GET /api/realtime 200 in 30288ms
 GET /api/realtime 200 in 30285ms
 GET /api/realtime 200 in 30285ms
 GET /api/realtime 200 in 30285ms
 GET /api/realtime 200 in 30225ms
 GET /api/realtime 200 in 30232ms
 GET /api/realtime 200 in 30286ms
 GET /api/realtime 200 in 30233ms
 GET /api/realtime 200 in 30226ms
 GET /api/realtime 200 in 30233ms
 GET /api/realtime 200 in 30274ms
 GET /api/realtime 200 in 30229ms
 GET /api/realtime 200 in 30230ms
 GET /api/realtime 200 in 30247ms
 GET /api/realtime 200 in 30256ms
 GET /api/realtime 200 in 30271ms
 GET /api/realtime 200 in 30260ms
 GET /api/realtime 200 in 30248ms
 GET /api/realtime 200 in 30247ms
 GET /api/realtime 200 in 30248ms
 GET /api/realtime 200 in 30248ms
 GET /api/realtime 200 in 30249ms
 GET /api/realtime 200 in 30248ms
 GET /api/realtime 200 in 30250ms
 GET /api/realtime 200 in 30303ms
 GET /api/realtime 200 in 30298ms
 GET /api/realtime 200 in 30304ms
 GET /api/realtime 200 in 30265ms
 GET /api/realtime 200 in 30271ms
 GET /api/realtime 200 in 30327ms
 GET /api/realtime 200 in 30333ms
 GET /api/realtime 200 in 30276ms
 GET /api/realtime 200 in 30271ms
 GET /api/realtime 200 in 30266ms
 GET /api/realtime 200 in 30266ms
 GET /api/realtime 200 in 30281ms
 GET /api/realtime 200 in 30251ms
 GET /api/realtime 200 in 30276ms
 GET /api/realtime 200 in 30273ms
 GET /api/realtime 200 in 30288ms
 GET /api/realtime 200 in 30322ms
 GET /api/realtime 200 in 30330ms
 GET /api/realtime 200 in 30337ms
 GET /api/realtime 200 in 30324ms
 GET /api/realtime 200 in 30216ms
 GET /api/realtime 200 in 30216ms
 GET /api/realtime 200 in 30210ms
 GET /api/realtime 200 in 30153ms
 GET /api/realtime 200 in 30202ms
 GET /api/realtime 200 in 30189ms
 GET /api/realtime 200 in 30198ms
 GET /api/realtime 200 in 30215ms
 GET /api/realtime 200 in 30209ms
 GET /api/realtime 200 in 30213ms
 GET /api/realtime 200 in 30210ms
 GET /api/realtime 200 in 30187ms
 GET /api/realtime 200 in 30216ms
 GET /api/realtime 200 in 30217ms
 GET /api/realtime 200 in 30203ms
 GET /api/realtime 200 in 30220ms
 GET /api/realtime 200 in 30204ms
 GET /api/realtime 200 in 30203ms
 GET /api/realtime 200 in 30205ms
 GET /api/realtime 200 in 30231ms
 GET /api/realtime 200 in 30187ms
 GET /api/realtime 200 in 30190ms
 GET /api/realtime 200 in 30188ms
 GET /api/realtime 200 in 30187ms
 GET /api/realtime 200 in 30188ms
 GET /api/realtime 200 in 30188ms
 GET /api/realtime 200 in 30196ms
 GET /api/realtime 200 in 30215ms
 GET /api/realtime 200 in 30292ms
 GET /api/realtime 200 in 30292ms
 GET /api/realtime 200 in 30210ms
 GET /api/realtime 200 in 30211ms
 GET /api/realtime 200 in 30200ms
 GET /api/realtime 200 in 30201ms
 GET /api/realtime 200 in 30201ms
 GET /api/realtime 200 in 30202ms
 GET /api/realtime 200 in 30203ms
 GET /api/realtime 200 in 30300ms
 GET /api/realtime 200 in 30204ms
 GET /api/realtime 200 in 30300ms
 GET /api/realtime 200 in 30310ms
 GET /api/realtime 200 in 30216ms
 GET /api/realtime 200 in 30218ms
 GET /api/realtime 200 in 30213ms
 GET /api/realtime 200 in 30337ms
 GET /api/realtime 200 in 30332ms
 GET /api/realtime 200 in 30350ms
 GET /api/realtime 200 in 30335ms
 GET /api/realtime 200 in 30344ms
 GET /api/realtime 200 in 30344ms
 GET /api/realtime 200 in 30345ms
 GET /api/realtime 200 in 30330ms
 GET /api/realtime 200 in 30304ms
 GET /api/realtime 200 in 30331ms
 GET /api/realtime 200 in 30294ms
 GET /api/realtime 200 in 30289ms
 GET /api/realtime 200 in 30333ms
 GET /api/realtime 200 in 30346ms
 GET /api/realtime 200 in 30342ms
 GET /api/realtime 200 in 30233ms
 GET /api/realtime 200 in 30286ms
 GET /api/realtime 200 in 30244ms
 GET /api/realtime 200 in 30245ms
 GET /api/realtime 200 in 30245ms
 GET /api/realtime 200 in 30288ms
 GET /api/realtime 200 in 30243ms
 GET /api/realtime 200 in 30247ms
 GET /api/realtime 200 in 30265ms
 GET /api/realtime 200 in 30257ms
 GET /api/realtime 200 in 30291ms
 GET /api/realtime 200 in 30298ms
 GET /api/realtime 200 in 30301ms
 GET /api/realtime 200 in 30278ms
 GET /api/realtime 200 in 30292ms
 GET /api/realtime 200 in 30280ms
 GET /api/realtime 200 in 30284ms
 GET /api/realtime 200 in 30306ms
 GET /api/realtime 200 in 30292ms
 GET /api/realtime 200 in 30287ms
 GET /api/realtime 200 in 30288ms
 GET /api/realtime 200 in 30289ms
 GET /api/realtime 200 in 30285ms
 GET /api/realtime 200 in 30285ms
 GET /api/realtime 200 in 30294ms
 GET /api/realtime 200 in 30294ms
 GET /api/realtime 200 in 30223ms
 GET /api/realtime 200 in 30204ms
 GET /api/realtime 200 in 30235ms
 GET /api/realtime 200 in 30248ms
 GET /api/realtime 200 in 30243ms
 GET /api/realtime 200 in 30236ms
 GET /api/realtime 200 in 30240ms
 GET /api/realtime 200 in 30250ms
 GET /api/realtime 200 in 30245ms
 GET /api/realtime 200 in 30254ms
 GET /api/realtime 200 in 30210ms
 GET /api/realtime 200 in 30177ms
 GET /api/realtime 200 in 30248ms
 GET /api/realtime 200 in 30237ms
 GET /api/realtime 200 in 30239ms
 GET /api/realtime 200 in 30233ms
 GET /api/realtime 200 in 30231ms
 GET /api/realtime 200 in 30235ms
 GET /api/realtime 200 in 30235ms
 GET /api/realtime 200 in 30236ms
 GET /api/realtime 200 in 30237ms
 GET /api/realtime 200 in 30222ms
 GET /api/realtime 200 in 30266ms
 GET /api/realtime 200 in 30392ms
 GET /api/realtime 200 in 30363ms
 GET /api/realtime 200 in 30368ms
 GET /api/realtime 200 in 30374ms
 GET /api/realtime 200 in 30375ms
 GET /api/realtime 200 in 30370ms
 GET /api/realtime 200 in 30375ms
 GET /api/realtime 200 in 30373ms
 GET /api/realtime 200 in 30329ms
 GET /api/realtime 200 in 30403ms
 GET /api/realtime 200 in 30315ms
 GET /api/realtime 200 in 30290ms
 GET /api/realtime 200 in 30264ms
 GET /api/realtime 200 in 30164ms
 GET /api/realtime 200 in 30151ms
 GET /api/realtime 200 in 30154ms
 GET /api/realtime 200 in 30154ms
 GET /api/realtime 200 in 30154ms
 GET /api/realtime 200 in 30156ms
 GET /api/realtime 200 in 30193ms
 GET /api/realtime 200 in 30194ms
 GET /api/realtime 200 in 30224ms
 GET /api/realtime 200 in 30226ms
 GET /api/realtime 200 in 30175ms
 GET /api/realtime 200 in 30175ms
 GET /api/realtime 200 in 30177ms
 GET /api/realtime 200 in 30178ms
 GET /api/realtime 200 in 30180ms
 GET /api/realtime 200 in 30197ms
 GET /api/realtime 200 in 30178ms
 GET /api/realtime 200 in 30174ms
 GET /api/realtime 200 in 30232ms
 GET /api/realtime 200 in 30101ms
 GET /api/realtime 200 in 30079ms
 GET /api/realtime 200 in 30147ms
 GET /api/realtime 200 in 30090ms
 GET /api/realtime 200 in 30094ms
 GET /api/realtime 200 in 30146ms
 GET /api/realtime 200 in 30098ms
 GET /api/realtime 200 in 30060ms
 GET /api/realtime 200 in 30063ms
 GET /api/realtime 200 in 30057ms
 GET /api/realtime 200 in 30060ms
 GET /api/realtime 200 in 30056ms
 GET /api/realtime 200 in 30056ms
 GET /api/realtime 200 in 30057ms
 GET /api/realtime 200 in 30059ms
 GET /api/realtime 200 in 30058ms
 GET /api/realtime 200 in 30055ms
 GET /api/realtime 200 in 30056ms
 GET /api/realtime 200 in 30058ms
 GET /api/realtime 200 in 30062ms
 GET /api/realtime 200 in 30057ms
 GET /api/realtime 200 in 30058ms
 GET /api/realtime 200 in 30056ms
 GET /api/realtime 200 in 30058ms
 GET /api/realtime 200 in 30059ms
 GET /api/realtime 200 in 30064ms
 GET /api/realtime 200 in 30061ms
 GET /api/realtime 200 in 30058ms
 GET /api/realtime 200 in 30067ms
 GET /api/realtime 200 in 30060ms
 GET /api/realtime 200 in 30058ms
 GET /api/realtime 200 in 30057ms
 GET /api/realtime 200 in 30135ms
 GET /api/realtime 200 in 30058ms
 GET /api/realtime 200 in 30059ms
 GET /api/realtime 200 in 30056ms
 GET /api/realtime 200 in 32170ms
 GET /api/realtime 200 in 31888ms
 GET /api/realtime 200 in 31891ms
 GET /api/realtime 200 in 31599ms
 GET /api/realtime 200 in 31353ms
 GET /api/realtime 200 in 31354ms
 GET /api/realtime 200 in 31593ms
 GET /api/realtime 200 in 31599ms
 GET /api/realtime 200 in 30090ms
 GET /api/realtime 200 in 30183ms
 GET /api/realtime 200 in 30183ms
 GET /api/realtime 200 in 30184ms
 GET /api/realtime 200 in 30169ms
 GET /api/realtime 200 in 30103ms
 GET /api/realtime 200 in 30178ms
 GET /api/realtime 200 in 30179ms
 GET /api/realtime 200 in 30193ms
 GET /api/realtime 200 in 30162ms
 GET /api/realtime 200 in 30207ms
 GET /api/realtime 200 in 30208ms
 GET /api/realtime 200 in 30146ms
 GET /api/realtime 200 in 30132ms
 GET /api/realtime 200 in 30116ms
 GET /api/realtime 200 in 30173ms
 GET /api/realtime 200 in 30180ms
 GET /api/realtime 200 in 30168ms
 GET /api/realtime 200 in 30142ms
 GET /api/realtime 200 in 30158ms
 GET /api/realtime 200 in 30121ms
 GET /api/realtime 200 in 30122ms
 GET /api/realtime 200 in 30150ms
 GET /api/realtime 200 in 30166ms
 GET /api/realtime 200 in 30180ms
 GET /api/realtime 200 in 30161ms
 GET /api/realtime 200 in 30175ms
 GET /api/realtime 200 in 30175ms
 GET /api/realtime 200 in 30142ms
 GET /api/realtime 200 in 30134ms
 GET /api/realtime 200 in 30156ms
 GET /api/realtime 200 in 30146ms
 GET /api/realtime 200 in 30163ms
 GET /api/realtime 200 in 30189ms
 GET /api/realtime 200 in 30160ms
 GET /api/realtime 200 in 30161ms
 GET /api/realtime 200 in 30169ms
 GET /api/realtime 200 in 30106ms
 GET /api/realtime 200 in 30150ms
 GET /api/realtime 200 in 30132ms
 GET /api/realtime 200 in 30154ms
 GET /api/realtime 200 in 30155ms
 GET /api/realtime 200 in 30153ms
 GET /api/realtime 200 in 30153ms
 GET /api/realtime 200 in 30161ms
 GET /api/realtime 200 in 30182ms
 GET /api/realtime 200 in 30201ms
 GET /api/realtime 200 in 30204ms
 GET /api/realtime 200 in 30155ms
 GET /api/realtime 200 in 30133ms
 GET /api/realtime 200 in 30140ms
 GET /api/realtime 200 in 30142ms
 GET /api/realtime 200 in 30186ms
 GET /api/realtime 200 in 30119ms
 GET /api/realtime 200 in 30123ms
 GET /api/realtime 200 in 30152ms
 GET /api/realtime 200 in 30153ms
 GET /api/realtime 200 in 30163ms
 GET /api/realtime 200 in 30170ms
 GET /api/realtime 200 in 30109ms
 GET /api/realtime 200 in 30101ms
 GET /api/realtime 200 in 30094ms
 GET /api/realtime 200 in 30128ms
 GET /api/realtime 200 in 30096ms
 GET /api/realtime 200 in 30080ms
 GET /api/realtime 200 in 30090ms
 GET /api/realtime 200 in 30131ms
 GET /api/realtime 200 in 30074ms
 GET /api/realtime 200 in 30102ms
 GET /api/realtime 200 in 30102ms
 GET /api/realtime 200 in 30077ms
 GET /api/realtime 200 in 30107ms
 GET /api/realtime 200 in 30103ms
 GET /api/realtime 200 in 30081ms
 GET /api/realtime 200 in 30106ms
 GET /api/realtime 200 in 30085ms
 GET /api/realtime 200 in 30057ms
 GET /api/realtime 200 in 30062ms
 ✓ Compiled in 1054ms (1531 modules)
[?25h
