  ▲ Next.js 14.2.28
  - Local:        http://localhost:3000
  - Environments: .env
  - Experiments (use with caution):
    · outputFileTracingRoot

 ✓ Starting...
 ✓ Ready in 2.4s
 ○ Compiling / ...
 ✓ Compiled / in 2.9s (598 modules)
 ✓ Compiled in 670ms (297 modules)
 GET / 200 in 3652ms
 GET / 200 in 177ms
 GET / 200 in 143ms
 GET / 200 in 107ms
 ✓ Compiled /api/auth/[...nextauth] in 501ms (542 modules)
 GET /api/auth/session 200 in 1069ms
 GET /api/auth/session 200 in 99ms
 GET / 200 in 141ms
 GET / 200 in 134ms
 GET / 200 in 97ms
 GET / 200 in 106ms
 GET /api/auth/session 200 in 102ms
 GET /api/auth/session 200 in 76ms
[?25h
