  ▲ Next.js 14.2.28
  - Local:        http://localhost:3000
  - Environments: .env
  - Experiments (use with caution):
    · outputFileTracingRoot

 ✓ Starting...
 ✓ Ready in 1565ms
 ○ Compiling / ...
 ✓ Compiled / in 2s (596 modules)
 GET / 200 in 2575ms
 ✓ Compiled in 513ms (296 modules)
 ○ Compiling /api/auth/[...nextauth] ...
 ✓ Compiled /api/auth/[...nextauth] in 543ms (541 modules)
 GET /api/auth/providers 200 in 1047ms
 GET / 200 in 132ms
 GET /api/auth/session 200 in 82ms
 GET /api/auth/session 200 in 70ms
 ○ Compiling /signup ...
 ✓ Compiled /signup in 837ms (881 modules)
 GET /signup 200 in 1049ms
 GET /login 200 in 1062ms
 GET /api/auth/session 200 in 102ms
 GET /api/auth/session 200 in 60ms
 GET /api/auth/session 200 in 58ms
 GET /api/auth/session 200 in 60ms
 GET /api/auth/session 200 in 69ms
 GET /api/auth/csrf 200 in 78ms
 ✓ Compiled /api/signup in 338ms (597 modules)
 POST /api/signup 200 in 852ms
 GET / 200 in 102ms
 GET /api/auth/signin 302 in 94ms
 GET /login?callbackUrl=https://614a7c077.preview.abacusai.app 200 in 82ms
 GET /api/auth/csrf 200 in 76ms
 POST /api/auth/callback/credentials 302 in 371ms
 ✓ Compiled /middleware in 222ms (174 modules)
 ○ Compiling /dashboard ...
 ✓ Compiled /dashboard in 1522ms (2857 modules)
 GET /dashboard 200 in 1879ms
 GET / 200 in 87ms
 GET /dashboard 200 in 93ms
 GET /api/auth/session 200 in 109ms
 ✓ Compiled /api/realtime in 371ms (1581 modules)
 ✓ Compiled (1584 modules)
 GET /api/auth/session 200 in 776ms
 GET /api/notifications?limit=10 200 in 809ms
 GET /api/realtime 200 in 451ms
 GET /api/auth/session 200 in 120ms
 GET /api/notifications?limit=10 200 in 125ms
 GET /api/realtime 200 in 124ms
 GET /api/auth/session 200 in 128ms
 GET /api/notifications?limit=10 200 in 136ms
 GET /api/realtime 200 in 132ms
 GET /api/auth/session 200 in 106ms
 GET /api/notifications?limit=10 200 in 116ms
 GET /api/realtime 200 in 141ms
 GET /api/auth/session 200 in 55ms
 GET /api/realtime 200 in 77ms
 GET /api/realtime 200 in 80ms
 GET /api/realtime 200 in 77ms
 GET /api/realtime 200 in 343ms
 GET /api/realtime 200 in 85ms
 GET /api/realtime 200 in 91ms
 GET /api/realtime 200 in 75ms
 GET /api/realtime 200 in 76ms
 GET /api/realtime 200 in 78ms
 GET /api/realtime 200 in 74ms
 GET /api/realtime 200 in 70ms
 GET /api/realtime 200 in 73ms
 GET /api/realtime 200 in 91ms
 GET /api/realtime 200 in 74ms
 GET /api/realtime 200 in 79ms
 GET /api/realtime 200 in 92ms
 GET /api/realtime 200 in 94ms
 GET /api/realtime 200 in 86ms
 GET /api/realtime 200 in 105ms
 GET /api/realtime 200 in 83ms
 GET /api/realtime 200 in 83ms
 GET /api/realtime 200 in 83ms
 GET /api/realtime 200 in 72ms
 GET /api/realtime 200 in 73ms
 GET /api/realtime 200 in 85ms
 GET /api/realtime 200 in 72ms
 GET /api/realtime 200 in 109ms
 GET /api/realtime 200 in 69ms
 GET /api/realtime 200 in 80ms
 GET /api/realtime 200 in 85ms
 GET /api/realtime 200 in 93ms
 GET /api/realtime 200 in 112ms
 GET /api/realtime 200 in 85ms
 GET /api/realtime 200 in 88ms
 GET /api/realtime 200 in 79ms
 GET /api/realtime 200 in 84ms
 GET /api/realtime 200 in 92ms
 GET /api/realtime 200 in 100ms
 GET /api/realtime 200 in 79ms
 GET /api/realtime 200 in 81ms
 GET /api/realtime 200 in 94ms
 GET /api/realtime 200 in 80ms
 GET /api/realtime 200 in 96ms
 GET /api/realtime 200 in 134ms
 GET /api/realtime 200 in 78ms
 GET /api/realtime 200 in 81ms
 GET /api/realtime 200 in 72ms
 GET /api/realtime 200 in 73ms
 GET /api/realtime 200 in 82ms
 GET /api/realtime 200 in 7101ms
 ○ Compiling /documents ...
 ✓ Compiled /documents in 4.2s (3457 modules)
 GET /projects/new 200 in 5447ms
 GET /budget 200 in 5547ms
 GET /milestones 200 in 5550ms
 GET /change-orders 200 in 5459ms
 GET /equipment 200 in 5490ms
 GET /inspections 200 in 5491ms
 GET /daily-reports 200 in 5494ms
 GET /time-tracking 200 in 5598ms
 GET /subcontractors 200 in 5599ms
 GET /projects 200 in 5599ms
 GET /rfis 200 in 5589ms
 GET /submittals 200 in 5502ms
 GET /punch-lists 200 in 5504ms
 GET /settings 200 in 5517ms
 GET /safety 200 in 5518ms
 GET /reports 200 in 5518ms
 GET /meetings 200 in 5521ms
 GET /company 200 in 5523ms
 GET /team 200 in 5524ms
 GET /documents 200 in 5523ms
 GET /tasks 200 in 5527ms
 GET /materials 200 in 5650ms
 GET /api/notifications?limit=10 200 in 630ms
 GET /api/auth/session 200 in 881ms
 GET /api/realtime 200 in 903ms
 GET /api/realtime 200 in 746ms
 GET /api/realtime 200 in 867ms
 GET /api/realtime 200 in 824ms
 GET /api/notifications?limit=10 200 in 865ms
 GET /api/realtime 200 in 1039ms
 GET /api/realtime 200 in 995ms
 GET /api/realtime 200 in 1008ms
 GET /api/realtime 200 in 783ms
 GET /api/realtime 200 in 783ms
 GET /api/realtime 200 in 756ms
 GET /api/realtime 200 in 758ms
 ○ Compiling /api/company/stats ...
 ✓ Compiled /api/company/stats in 1964ms (1918 modules)
 GET /api/realtime 200 in 3231ms
 GET /api/realtime 200 in 3474ms
 GET /api/realtime 200 in 3325ms
 GET /api/realtime 200 in 3074ms
 GET /api/realtime 200 in 3302ms
 GET /api/auth/session 200 in 3703ms
 GET /api/realtime 200 in 3564ms
 GET /api/realtime 200 in 3580ms
 GET /api/company/stats 200 in 3859ms
 GET /api/notifications?limit=10 200 in 3501ms
 GET /api/realtime 200 in 3310ms
 GET /api/realtime 200 in 3610ms
 GET /api/realtime 200 in 3611ms
 GET /api/realtime 200 in 3312ms
 GET /api/realtime 200 in 3306ms
 GET /api/realtime 200 in 3312ms
 GET /api/realtime 200 in 3313ms
 GET /api/realtime 200 in 3314ms
 GET /api/realtime 200 in 3363ms
 GET /api/realtime 200 in 3162ms
 GET /api/realtime 200 in 2710ms
 GET /api/realtime 200 in 2654ms
 GET /api/realtime 200 in 3418ms
 GET /api/realtime 200 in 3163ms
 GET /api/realtime 200 in 2950ms
 GET /api/realtime 200 in 2885ms
 GET /api/realtime 200 in 2969ms
 GET /api/realtime 200 in 2833ms
 GET /api/realtime 200 in 3100ms
 GET /api/realtime 200 in 3484ms
 GET /api/realtime 200 in 3205ms
 GET /api/realtime 200 in 500ms
 GET /api/auth/session 200 in 570ms
 GET /api/realtime 200 in 531ms
 GET /api/realtime 200 in 523ms
 GET /api/realtime 200 in 540ms
 GET /api/realtime 200 in 449ms
 GET /api/realtime 200 in 452ms
 GET /api/realtime 200 in 459ms
 GET /api/company/stats 200 in 523ms
 GET /api/notifications?limit=10 200 in 544ms
 GET /api/realtime 200 in 573ms
 GET /api/realtime 200 in 597ms
 GET /api/realtime 200 in 688ms
 GET /api/realtime 200 in 628ms
 GET /api/auth/session 200 in 642ms
 GET /api/realtime 200 in 611ms
 GET /api/realtime 200 in 1233ms
 GET /api/realtime 200 in 546ms
 GET /api/realtime 200 in 598ms
 GET /api/realtime 200 in 677ms
 GET /api/realtime 200 in 1184ms
 GET /api/realtime 200 in 582ms
 GET /api/realtime 200 in 555ms
 GET /api/realtime 200 in 738ms
 GET /api/company/stats 200 in 668ms
 GET /api/notifications?limit=10 200 in 680ms
 GET /api/realtime 200 in 836ms
 GET /api/realtime 200 in 6426ms
 GET /api/realtime 200 in 1373ms
 GET /api/realtime 200 in 707ms
 GET /api/realtime 200 in 544ms
 GET /api/auth/session 200 in 627ms
 GET /api/realtime 200 in 454ms
 GET /api/realtime 200 in 440ms
 GET /api/realtime 200 in 434ms
 GET /api/realtime 200 in 411ms
 GET /api/realtime 200 in 456ms
 GET /api/realtime 200 in 430ms
 GET /api/realtime 200 in 408ms
 GET /api/realtime 200 in 394ms
 GET /api/realtime 200 in 346ms
 GET /api/realtime 200 in 6687ms
 GET /api/realtime 200 in 256ms
 GET /api/notifications?limit=10 200 in 357ms
 GET /api/realtime 200 in 6390ms
 GET /api/realtime 200 in 6413ms
 GET /api/realtime 200 in 6335ms
 GET /api/company/stats 200 in 430ms
 GET /api/realtime 200 in 6541ms
 GET /api/realtime 200 in 322ms
 GET /api/realtime 200 in 6366ms
 GET /api/realtime 200 in 6367ms
 GET /api/realtime 200 in 141ms
 GET /api/realtime 200 in 152ms
 GET /api/realtime 200 in 6579ms
 GET /api/realtime 200 in 380ms
 GET /api/realtime 200 in 260ms
 GET /api/realtime 200 in 6655ms
 GET /api/realtime 200 in 226ms
 GET /api/realtime 200 in 6593ms
 GET /api/realtime 200 in 5021ms
 GET /api/realtime 200 in 274ms
 GET /api/realtime 200 in 359ms
 GET /api/auth/session 200 in 280ms
 GET /api/auth/session 200 in 281ms
 GET /api/auth/session 200 in 281ms
 GET /api/auth/session 200 in 282ms
 GET /api/auth/session 200 in 283ms
 GET /api/notifications?limit=10 200 in 313ms
 GET /api/notifications?limit=10 200 in 307ms
 GET /api/notifications?limit=10 200 in 307ms
 GET /api/notifications?limit=10 200 in 317ms
 GET /api/realtime 200 in 94ms
 GET /api/realtime 200 in 74ms
 GET /api/realtime 200 in 77ms
 GET /api/realtime 200 in 76ms
 GET /api/realtime 200 in 85ms
 GET /api/realtime 200 in 71ms
 GET /api/realtime 200 in 73ms
 GET /api/realtime 200 in 74ms
 GET /api/realtime 200 in 73ms
 GET /api/realtime 200 in 73ms
 GET /api/realtime 200 in 76ms
 GET /api/realtime 200 in 212ms
 GET /api/realtime 200 in 75ms
 GET /api/realtime 200 in 78ms
 GET /api/realtime 200 in 73ms
 GET /api/realtime 200 in 83ms
 GET /api/realtime 200 in 7336ms
 ○ Compiling /projects/[id] ...
 ✓ Compiled /projects/[id] in 2.8s (3585 modules)
 GET /company/usage 200 in 3234ms
 GET /company/invitations 200 in 3239ms
 GET /company/team 200 in 3219ms
 GET /company/settings 307 in 3244ms
 GET /dashboard 200 in 305ms
 GET /projects/project-riverside-homes 200 in 3598ms
 GET /projects/project-mall-renovation 200 in 3599ms
 GET /projects/project-downtown-office 200 in 3602ms
 GET /api/auth/session 200 in 256ms
 ○ Compiling /api/company/invitations ...
 ✓ Compiled /api/company/invitations in 1059ms (1995 modules)
 GET /api/auth/session 200 in 1794ms
 GET /api/company/invitations? 200 in 2163ms
 GET /api/notifications?limit=10 200 in 1859ms
 GET /api/realtime 200 in 1500ms
 GET /api/realtime 200 in 1422ms
 GET /api/realtime 200 in 1449ms
 GET /api/realtime 200 in 1117ms
 GET /api/auth/session 200 in 160ms
 GET /api/company/invitations? 200 in 209ms
 GET /api/realtime 200 in 223ms
 GET /api/realtime 200 in 239ms
 GET /api/notifications?limit=10 200 in 219ms
 GET /api/realtime 200 in 233ms
 GET /api/realtime 200 in 252ms
 GET /api/auth/session 200 in 205ms
 GET /api/company/invitations? 200 in 197ms
 GET /api/realtime 200 in 255ms
 GET /api/realtime 200 in 263ms
 GET /api/realtime 200 in 251ms
 GET /api/realtime 200 in 211ms
 GET /api/notifications?limit=10 200 in 222ms
 GET /api/auth/session 200 in 135ms
 GET /api/company/invitations? 200 in 142ms
 GET /api/realtime 200 in 207ms
 GET /api/realtime 200 in 222ms
 GET /api/notifications?limit=10 200 in 183ms
 GET /api/realtime 200 in 224ms
 GET /api/realtime 200 in 195ms
 GET /api/auth/session 200 in 210ms
 GET /api/realtime 200 in 170ms
 GET /api/realtime 200 in 172ms
 GET /api/realtime 200 in 228ms
 GET /api/notifications?limit=10 200 in 311ms
 GET /api/realtime 200 in 358ms
 GET /api/auth/session 200 in 322ms
 GET /api/realtime 200 in 239ms
 GET /api/realtime 200 in 245ms
 GET /api/realtime 200 in 215ms
 GET /api/realtime 200 in 185ms
 GET /api/notifications?limit=10 200 in 195ms
 GET /api/auth/session 200 in 175ms
 GET /api/realtime 200 in 172ms
 GET /api/realtime 200 in 151ms
 GET /api/realtime 200 in 167ms
 GET /api/realtime 200 in 203ms
 GET /api/notifications?limit=10 200 in 210ms
 GET /api/auth/session 200 in 233ms
 GET /api/realtime 200 in 265ms
 GET /api/realtime 200 in 233ms
 GET /api/realtime 200 in 181ms
 GET /api/notifications?limit=10 200 in 328ms
 GET /api/realtime 200 in 319ms
 GET /api/realtime 200 in 268ms
 GET /api/auth/session 200 in 339ms
 GET /api/realtime 200 in 275ms
 GET /api/realtime 200 in 288ms
 GET /api/notifications?limit=10 200 in 186ms
 GET /api/realtime 200 in 207ms
 GET /api/auth/session 200 in 169ms
 GET /api/realtime 200 in 228ms
 GET /api/realtime 200 in 182ms
 GET /api/realtime 200 in 249ms
 GET /api/notifications?limit=10 200 in 259ms
 GET /api/realtime 200 in 433ms
 GET /api/realtime 200 in 410ms
 GET /api/auth/session 200 in 426ms
 GET /api/realtime 200 in 498ms
 GET /api/realtime 200 in 445ms
 GET /api/notifications?limit=10 200 in 351ms
 GET /api/realtime 200 in 201ms
 GET /api/realtime 200 in 218ms
 GET /api/realtime 200 in 261ms
 GET /api/auth/session 200 in 229ms
 GET /api/realtime 200 in 200ms
 GET /api/realtime 200 in 5012ms
 GET /api/notifications?limit=10 200 in 254ms
 GET /api/realtime 200 in 270ms
 GET /api/realtime 200 in 273ms
 GET /api/auth/session 200 in 266ms
 GET /api/realtime 200 in 220ms
 GET /api/realtime 200 in 234ms
 GET /api/notifications?limit=10 200 in 230ms
 GET /api/realtime 200 in 171ms
 GET /api/auth/session 200 in 132ms
 GET /api/realtime 200 in 251ms
 GET /api/realtime 200 in 164ms
 GET /api/notifications?limit=10 200 in 181ms
 GET /api/realtime 200 in 189ms
 GET /api/auth/session 200 in 215ms
 GET /api/realtime 200 in 191ms
 GET /api/notifications?limit=10 200 in 231ms
 GET /api/realtime 200 in 276ms
 GET /api/realtime 200 in 235ms
 GET /api/auth/session 200 in 149ms
 GET /api/realtime 200 in 218ms
 GET /api/realtime 200 in 204ms
 GET /api/notifications?limit=10 200 in 206ms
 GET /api/realtime 200 in 203ms
 GET /api/auth/session 200 in 191ms
 GET /api/auth/session 200 in 133ms
 GET /api/realtime 200 in 385ms
 GET /api/realtime 200 in 268ms
 GET /api/realtime 200 in 322ms
 GET /api/realtime 200 in 185ms
 GET /api/auth/session 200 in 159ms
 GET /api/realtime 200 in 232ms
 GET /api/realtime 200 in 181ms
 GET /api/realtime 200 in 171ms
 GET /api/auth/session 200 in 120ms
 GET /api/realtime 200 in 138ms
 GET /api/realtime 200 in 133ms
 GET /api/realtime 200 in 79ms
 GET /api/realtime 200 in 6878ms
 GET /api/realtime 200 in 6806ms
 GET /api/auth/session 200 in 83ms
 GET /api/realtime 200 in 6720ms
 GET /api/realtime 200 in 166ms
 GET /api/auth/session 200 in 59ms
 GET /api/auth/session 200 in 57ms
 GET /api/auth/session 200 in 82ms
[?25h
