  ▲ Next.js 14.2.28
  - Local:        http://localhost:3000
  - Environments: .env
  - Experiments (use with caution):
    · outputFileTracingRoot

 ✓ Starting...
 ✓ Ready in 2.2s
 ○ Compiling / ...
 ✓ Compiled / in 2.3s (596 modules)
 GET / 200 in 2594ms
 ✓ Compiled in 469ms (296 modules)
 ✓ Compiled /api/auth/[...nextauth] in 433ms (541 modules)
 GET /api/auth/providers 200 in 918ms
 GET / 200 in 87ms
 GET /api/auth/session 200 in 56ms
 GET /api/auth/session 200 in 42ms
 ○ Compiling /signup ...
 ✓ Compiled /signup in 752ms (881 modules)
 GET /login 200 in 937ms
 GET /signup 200 in 929ms
 GET /api/auth/session 200 in 80ms
 GET /api/auth/session 200 in 45ms
 GET /api/auth/session 200 in 44ms
 GET /api/auth/session 200 in 42ms
 GET /api/auth/session 200 in 63ms
 GET /api/auth/session 200 in 57ms
 GET /api/auth/csrf 200 in 61ms
 ✓ Compiled /api/signup in 323ms (597 modules)
 POST /api/signup 200 in 829ms
 GET / 200 in 90ms
 GET /api/auth/signin 302 in 64ms
 GET /login?callbackUrl=https://267ef8e6d.preview.abacusai.app 200 in 54ms
 GET /api/auth/csrf 200 in 41ms
 POST /api/auth/callback/credentials 302 in 337ms
 ✓ Compiled /middleware in 171ms (174 modules)
 ○ Compiling /dashboard ...
 ✓ Compiled /dashboard in 2.1s (2831 modules)
 GET /dashboard 200 in 2360ms
 GET / 200 in 72ms
 GET /dashboard 200 in 85ms
 GET /api/auth/session 200 in 78ms
 ✓ Compiled /api/notifications in 368ms (1568 modules)
 ✓ Compiled (1570 modules)
 GET /api/auth/session 200 in 742ms
 GET /api/notifications?limit=10 200 in 763ms
 GET /api/realtime 200 in 766ms
 GET /api/realtime 200 in 736ms
 GET /api/realtime 200 in 714ms
 GET /api/auth/session 200 in 70ms
 GET /api/notifications?limit=10 200 in 102ms
 GET /api/auth/session 200 in 53ms
 GET /api/notifications?limit=10 200 in 73ms
 GET /api/auth/session 200 in 62ms
 GET /api/realtime 200 in 77ms
 GET /api/notifications?limit=10 200 in 125ms
 GET /api/auth/session 200 in 91ms
 GET /api/realtime 200 in 69ms
 GET /api/realtime 200 in 58ms
 ○ Compiling /company ...
 ✓ Compiled /company in 2.5s (3262 modules)
 GET /daily-reports 200 in 3287ms
 GET /change-orders 200 in 3303ms
 GET /documents 200 in 3272ms
 GET /projects/new 200 in 3258ms
 GET /projects 200 in 3306ms
 GET /submittals 200 in 3290ms
 GET /reports 200 in 3274ms
 GET /tasks 200 in 3307ms
 GET /settings 200 in 3262ms
 GET /safety 200 in 3263ms
 GET /rfis 200 in 3310ms
 GET /team 200 in 3265ms
 GET /company 200 in 3266ms
 GET /api/notifications?limit=10 200 in 217ms
 GET /api/auth/session 200 in 257ms
 GET /api/realtime 200 in 302ms
 GET /api/realtime 200 in 295ms
 GET /api/realtime 200 in 289ms
 GET /api/realtime 200 in 294ms
 GET /api/realtime 200 in 307ms
 GET /api/realtime 200 in 279ms
 GET /api/realtime 200 in 351ms
 GET /api/realtime 200 in 281ms
 GET /api/notifications?limit=10 200 in 310ms
 GET /api/auth/session 200 in 258ms
 GET /api/realtime 200 in 244ms
 GET /api/notifications?limit=10 200 in 265ms
 GET /api/auth/session 200 in 251ms
 GET /api/realtime 200 in 231ms
 GET /api/realtime 200 in 249ms
 GET /api/realtime 200 in 222ms
 GET /api/notifications?limit=10 200 in 258ms
 GET /api/auth/session 200 in 299ms
 GET /api/realtime 200 in 251ms
 GET /api/realtime 200 in 251ms
 GET /api/realtime 200 in 219ms
 GET /api/notifications?limit=10 200 in 255ms
 GET /api/auth/session 200 in 289ms
 GET /api/notifications?limit=10 200 in 229ms
 GET /api/auth/session 200 in 160ms
 GET /api/notifications?limit=10 200 in 225ms
 GET /api/auth/session 200 in 191ms
 GET /api/notifications?limit=10 200 in 238ms
 GET /api/auth/session 200 in 141ms
 GET /api/notifications?limit=10 200 in 277ms
 GET /api/auth/session 200 in 283ms
 GET /api/notifications?limit=10 200 in 206ms
 GET /api/auth/session 200 in 308ms
 GET /api/notifications?limit=10 200 in 278ms
 GET /api/realtime 200 in 306ms
 GET /api/auth/session 200 in 333ms
 GET /api/notifications?limit=10 200 in 249ms
 GET /api/realtime 200 in 262ms
 GET /api/auth/session 200 in 346ms
 GET /api/notifications?limit=10 200 in 347ms
 GET /api/realtime 200 in 353ms
 GET /api/auth/session 200 in 478ms
 GET /api/notifications?limit=10 200 in 489ms
 GET /api/auth/session 200 in 218ms
 GET /api/realtime 200 in 271ms
 GET /api/realtime 200 in 243ms
 GET /api/realtime 200 in 223ms
 GET /api/realtime 200 in 214ms
 GET /api/notifications?limit=10 200 in 271ms
 GET /api/realtime 200 in 259ms
 GET /api/auth/session 200 in 248ms
 GET /api/realtime 200 in 275ms
 GET /api/realtime 200 in 269ms
 GET /api/notifications?limit=10 200 in 291ms
 GET /api/auth/session 200 in 153ms
 GET /api/realtime 200 in 202ms
 GET /api/notifications?limit=10 200 in 197ms
 GET /api/auth/session 200 in 237ms
 GET /api/notifications?limit=10 200 in 432ms
 GET /api/auth/session 200 in 382ms
 GET /api/notifications?limit=10 200 in 294ms
 GET /api/realtime 200 in 280ms
 GET /api/auth/session 200 in 201ms
 GET /api/realtime 200 in 167ms
 GET /api/notifications?limit=10 200 in 206ms
 GET /api/realtime 200 in 149ms
 GET /api/realtime 200 in 194ms
 GET /api/auth/session 200 in 182ms
 GET /api/realtime 200 in 181ms
 GET /api/realtime 200 in 219ms
 GET /api/realtime 200 in 191ms
 GET /api/notifications?limit=10 200 in 228ms
 GET /api/realtime 200 in 239ms
 GET /api/realtime 200 in 239ms
 GET /api/realtime 200 in 240ms
 GET /api/auth/session 200 in 239ms
 GET /api/notifications?limit=10 200 in 249ms
 GET /api/notifications?limit=10 200 in 237ms
 GET /api/notifications?limit=10 200 in 237ms
 GET /api/notifications?limit=10 200 in 244ms
 GET /api/notifications?limit=10 200 in 239ms
 GET /api/notifications?limit=10 200 in 239ms
 GET /api/notifications?limit=10 200 in 273ms
 GET /api/notifications?limit=10 200 in 260ms
 GET /api/realtime 200 in 273ms
 GET /api/realtime 200 in 191ms
 GET /api/auth/session 200 in 189ms
 GET /api/auth/session 200 in 78ms
 GET /api/auth/session 200 in 77ms
 GET /api/auth/session 200 in 111ms
 GET /api/auth/session 200 in 98ms
 GET /api/auth/session 200 in 86ms
 ○ Compiling /company/usage ...
 ✓ Compiled /company/usage in 3.1s (3339 modules)
 GET /company/invitations 200 in 3498ms
 GET /company/team 200 in 3497ms
 GET /company/usage 200 in 3454ms
 GET /company/settings 307 in 3484ms
 GET /dashboard 200 in 275ms
 GET /projects/project-mall-renovation 200 in 3774ms
 GET /projects/project-downtown-office 200 in 3750ms
 GET /projects/project-riverside-homes 200 in 3750ms
 ○ Compiling /api/company/invitations ...
 ✓ Compiled /api/company/invitations in 1431ms (1852 modules)
 GET /api/realtime 200 in 1845ms
 GET /api/realtime 200 in 1887ms
 GET /api/realtime 200 in 1941ms
 GET /api/realtime 200 in 1951ms
 GET /api/realtime 200 in 1827ms
 GET /api/realtime 200 in 1887ms
 GET /api/realtime 200 in 1854ms
 GET /api/realtime 200 in 1910ms
 GET /api/realtime 200 in 1952ms
 GET /api/realtime 200 in 1917ms
 GET /api/realtime 200 in 1948ms
 GET /api/realtime 200 in 1980ms
 GET /api/auth/session 200 in 2337ms
 GET /api/notifications?limit=10 200 in 2073ms
 GET /api/company/invitations? 200 in 2358ms
 GET /api/notifications?limit=10 200 in 105ms
 GET /api/company/invitations? 200 in 109ms
 GET /api/auth/session 200 in 92ms
 GET /api/company/invitations? 200 in 182ms
 GET /api/notifications?limit=10 200 in 177ms
 GET /api/auth/session 200 in 214ms
 GET /api/notifications?limit=10 200 in 204ms
 GET /api/company/invitations? 200 in 212ms
 GET /api/auth/session 200 in 209ms
 GET /api/realtime 200 in 183ms
 GET /api/auth/session 200 in 150ms
 GET /api/notifications?limit=10 200 in 163ms
 GET /api/auth/session 200 in 134ms
 GET /api/notifications?limit=10 200 in 149ms
 GET /api/realtime 200 in 168ms
 GET /api/auth/session 200 in 176ms
 GET /api/notifications?limit=10 200 in 192ms
 GET /api/realtime 200 in 30419ms
 GET /api/realtime 200 in 30086ms
 GET /api/auth/session 200 in 140ms
 GET /api/notifications?limit=10 200 in 161ms
 GET /api/realtime 200 in 30094ms
 GET /api/auth/session 200 in 115ms
 GET /api/realtime 200 in 30104ms
 GET /api/notifications?limit=10 200 in 110ms
 GET /api/realtime 200 in 140ms
 GET /api/auth/session 200 in 97ms
 GET /api/realtime 200 in 30101ms
 GET /api/notifications?limit=10 200 in 129ms
 GET /api/realtime 200 in 30055ms
 GET /api/auth/session 200 in 156ms
 GET /api/realtime 200 in 30058ms
 GET /api/notifications?limit=10 200 in 137ms
 GET /api/realtime 200 in 132ms
 GET /api/realtime 200 in 30056ms
 GET /api/auth/session 200 in 138ms
 GET /api/realtime 200 in 30059ms
 GET /api/notifications?limit=10 200 in 154ms
 GET /api/realtime 200 in 30051ms
 GET /api/auth/session 200 in 158ms
 GET /api/realtime 200 in 30069ms
 GET /api/notifications?limit=10 200 in 126ms
 GET /api/auth/session 200 in 113ms
 GET /api/realtime 200 in 30062ms
 GET /api/realtime 200 in 30059ms
 GET /api/realtime 200 in 140ms
 GET /api/notifications?limit=10 200 in 133ms
 GET /api/auth/session 200 in 131ms
 GET /api/realtime 200 in 30062ms
 GET /api/notifications?limit=10 200 in 83ms
 GET /api/realtime 200 in 118ms
 GET /api/realtime 200 in 30057ms
 GET /api/auth/session 200 in 91ms
 GET /api/realtime 200 in 110ms
 GET /api/realtime 200 in 30054ms
 GET /api/notifications?limit=10 200 in 112ms
 GET /api/realtime 200 in 30050ms
 GET /api/auth/session 200 in 140ms
 GET /api/realtime 200 in 122ms
 GET /api/realtime 200 in 30048ms
 GET /api/realtime 200 in 132ms
 GET /api/auth/session 200 in 74ms
 GET /api/realtime 200 in 30051ms
 GET /api/realtime 200 in 30056ms
 GET /api/auth/session 200 in 104ms
 GET /api/realtime 200 in 30056ms
 GET /api/auth/session 200 in 112ms
 GET /api/realtime 200 in 30073ms
 GET /api/realtime 200 in 30064ms
 GET /api/auth/session 200 in 63ms
 GET /api/realtime 200 in 30059ms
 GET /api/auth/session 200 in 59ms
 GET /api/realtime 200 in 30052ms
 GET /api/auth/session 200 in 108ms
 GET /api/realtime 200 in 30061ms
 GET /api/realtime 200 in 30070ms
 GET /api/auth/session 200 in 85ms
 GET /api/realtime 200 in 30064ms
 GET /api/auth/session 200 in 70ms
 GET /api/realtime 200 in 30051ms
 GET /api/auth/session 200 in 108ms
 GET /api/realtime 200 in 30070ms
 GET /api/realtime 200 in 30050ms
 GET /api/auth/session 200 in 67ms
 GET /api/realtime 200 in 30059ms
 GET /api/auth/session 200 in 100ms
 GET /api/realtime 200 in 30053ms
 GET /api/realtime 200 in 30057ms
 GET /api/realtime 200 in 30054ms
 GET /api/realtime 200 in 30057ms
 GET /api/realtime 200 in 30052ms
 GET /api/realtime 200 in 30048ms
 GET /api/realtime 200 in 92ms
 GET /api/realtime 200 in 93ms
 GET /api/realtime 200 in 51ms
 GET /api/realtime 200 in 30055ms
 GET /api/realtime 200 in 30057ms
 GET /api/realtime 200 in 30084ms
 GET /api/realtime 200 in 30137ms
 GET /api/realtime 200 in 30051ms
 GET /api/realtime 200 in 30055ms
 GET /api/realtime 200 in 30079ms
 GET /api/realtime 200 in 30051ms
 GET /api/realtime 200 in 30048ms
 GET /api/realtime 200 in 30053ms
 GET /api/realtime 200 in 30054ms
 GET /api/realtime 200 in 30055ms
 GET /api/realtime 200 in 30058ms
 GET /api/realtime 200 in 30056ms
 GET /api/realtime 200 in 30053ms
 GET /api/realtime 200 in 30050ms
 GET /api/realtime 200 in 30049ms
 GET /api/realtime 200 in 30050ms
 GET /api/realtime 200 in 30051ms
 GET /api/realtime 200 in 30053ms
 GET /api/realtime 200 in 30049ms
 GET /api/realtime 200 in 30050ms
 GET /api/realtime 200 in 30053ms
 GET /api/realtime 200 in 30059ms
 GET /api/realtime 200 in 30058ms
 GET /api/realtime 200 in 30050ms
 GET /api/realtime 200 in 30049ms
 GET /api/realtime 200 in 30318ms
 GET /api/realtime 200 in 30287ms
 GET /api/realtime 200 in 30272ms
 GET /api/realtime 200 in 30215ms
 GET /api/realtime 200 in 30206ms
 GET /api/realtime 200 in 30204ms
 GET /api/realtime 200 in 30208ms
 GET /api/realtime 200 in 30241ms
 GET /api/realtime 200 in 30156ms
 GET /api/realtime 200 in 30162ms
 GET /api/realtime 200 in 30239ms
 GET /api/realtime 200 in 30186ms
 GET /api/realtime 200 in 30240ms
 GET /api/realtime 200 in 30242ms
 GET /api/realtime 200 in 30237ms
 GET /api/realtime 200 in 30237ms
 GET /api/realtime 200 in 30242ms
 GET /api/realtime 200 in 30253ms
 GET /api/realtime 200 in 30254ms
 GET /api/realtime 200 in 30235ms
 GET /api/realtime 200 in 30258ms
 GET /api/realtime 200 in 30254ms
 GET /api/realtime 200 in 30259ms
 GET /api/realtime 200 in 30235ms
 GET /api/realtime 200 in 30244ms
 GET /api/realtime 200 in 30231ms
 GET /api/realtime 200 in 30221ms
 GET /api/realtime 200 in 30189ms
 GET /api/realtime 200 in 30189ms
 GET /api/realtime 200 in 30221ms
 GET /api/realtime 200 in 30179ms
 GET /api/realtime 200 in 30181ms
 GET /api/realtime 200 in 30254ms
 GET /api/realtime 200 in 30284ms
 GET /api/realtime 200 in 30301ms
 GET /api/realtime 200 in 30222ms
 GET /api/realtime 200 in 30249ms
 GET /api/realtime 200 in 30250ms
 GET /api/realtime 200 in 30250ms
 GET /api/realtime 200 in 30265ms
 GET /api/realtime 200 in 30224ms
 GET /api/realtime 200 in 30219ms
 GET /api/realtime 200 in 30216ms
 GET /api/realtime 200 in 30240ms
 GET /api/realtime 200 in 30217ms
 GET /api/realtime 200 in 30218ms
 GET /api/realtime 200 in 30199ms
 GET /api/realtime 200 in 30215ms
 GET /api/realtime 200 in 30199ms
 GET /api/realtime 200 in 30253ms
 GET /api/realtime 200 in 30247ms
 GET /api/realtime 200 in 30218ms
 GET /api/realtime 200 in 30236ms
 GET /api/realtime 200 in 30219ms
 GET /api/realtime 200 in 30241ms
 GET /api/realtime 200 in 30241ms
 GET /api/realtime 200 in 30242ms
 GET /api/realtime 200 in 30242ms
 GET /api/realtime 200 in 30244ms
 GET /api/realtime 200 in 30247ms
 GET /api/realtime 200 in 30249ms
 GET /api/realtime 200 in 30237ms
 GET /api/realtime 200 in 30240ms
 GET /api/realtime 200 in 30253ms
 GET /api/realtime 200 in 30211ms
 GET /api/realtime 200 in 30211ms
 GET /api/realtime 200 in 30213ms
 GET /api/realtime 200 in 30215ms
 GET /api/realtime 200 in 30209ms
 GET /api/realtime 200 in 30184ms
 GET /api/realtime 200 in 30186ms
 GET /api/realtime 200 in 30185ms
 GET /api/realtime 200 in 30185ms
 GET /api/realtime 200 in 30188ms
 GET /api/realtime 200 in 30190ms
 GET /api/realtime 200 in 30190ms
 GET /api/realtime 200 in 30157ms
 GET /api/realtime 200 in 30201ms
 GET /api/realtime 200 in 30212ms
 GET /api/realtime 200 in 30161ms
 GET /api/realtime 200 in 30193ms
 GET /api/realtime 200 in 30168ms
 GET /api/realtime 200 in 30163ms
 GET /api/realtime 200 in 30165ms
 GET /api/realtime 200 in 30216ms
 GET /api/realtime 200 in 30216ms
 GET /api/realtime 200 in 30212ms
 GET /api/realtime 200 in 30212ms
 GET /api/realtime 200 in 30210ms
 GET /api/realtime 200 in 30218ms
 GET /api/realtime 200 in 30213ms
 GET /api/realtime 200 in 30198ms
 GET /api/realtime 200 in 30234ms
 GET /api/realtime 200 in 30229ms
 GET /api/realtime 200 in 30182ms
 GET /api/realtime 200 in 30183ms
 GET /api/realtime 200 in 30230ms
 GET /api/realtime 200 in 30231ms
 GET /api/realtime 200 in 30192ms
 GET /api/realtime 200 in 30153ms
 GET /api/realtime 200 in 30157ms
 GET /api/realtime 200 in 30154ms
 GET /api/realtime 200 in 30155ms
 GET /api/realtime 200 in 30155ms
 GET /api/realtime 200 in 30155ms
 GET /api/realtime 200 in 30159ms
 GET /api/realtime 200 in 30156ms
 GET /api/realtime 200 in 30151ms
 GET /api/realtime 200 in 30255ms
 GET /api/realtime 200 in 30255ms
 GET /api/realtime 200 in 30222ms
 GET /api/realtime 200 in 30259ms
 GET /api/realtime 200 in 30217ms
 GET /api/realtime 200 in 30218ms
 GET /api/realtime 200 in 30242ms
 GET /api/realtime 200 in 30243ms
 GET /api/realtime 200 in 30243ms
 GET /api/realtime 200 in 30243ms
 GET /api/realtime 200 in 30244ms
 GET /api/realtime 200 in 30244ms
 GET /api/realtime 200 in 30244ms
 GET /api/realtime 200 in 30250ms
 GET /api/realtime 200 in 30214ms
 GET /api/realtime 200 in 30161ms
 GET /api/realtime 200 in 30160ms
 GET /api/realtime 200 in 30161ms
 GET /api/realtime 200 in 30178ms
 GET /api/realtime 200 in 30188ms
 GET /api/realtime 200 in 30227ms
 GET /api/realtime 200 in 30254ms
 GET /api/realtime 200 in 30234ms
 GET /api/realtime 200 in 30227ms
 GET /api/realtime 200 in 30235ms
 GET /api/realtime 200 in 30225ms
 GET /api/realtime 200 in 30219ms
 GET /api/realtime 200 in 30208ms
 GET /api/realtime 200 in 30228ms
 GET /api/realtime 200 in 30229ms
 GET /api/realtime 200 in 30203ms
 GET /api/realtime 200 in 30202ms
 GET /api/realtime 200 in 30227ms
 GET /api/realtime 200 in 30232ms
 GET /api/realtime 200 in 30220ms
 GET /api/realtime 200 in 30219ms
 GET /api/realtime 200 in 30304ms
 GET /api/realtime 200 in 30305ms
 GET /api/realtime 200 in 30302ms
 GET /api/realtime 200 in 30306ms
 GET /api/realtime 200 in 30306ms
 GET /api/realtime 200 in 30303ms
 GET /api/realtime 200 in 30241ms
 GET /api/realtime 200 in 30312ms
 GET /api/realtime 200 in 30260ms
 GET /api/realtime 200 in 30240ms
 GET /api/realtime 200 in 30284ms
 GET /api/realtime 200 in 30262ms
 GET /api/realtime 200 in 30285ms
 GET /api/realtime 200 in 30278ms
 GET /api/realtime 200 in 30216ms
 GET /api/realtime 200 in 30256ms
 GET /api/realtime 200 in 30266ms
 GET /api/realtime 200 in 30256ms
 GET /api/realtime 200 in 30257ms
 GET /api/realtime 200 in 30258ms
 GET /api/realtime 200 in 30259ms
 GET /api/realtime 200 in 30264ms
 GET /api/realtime 200 in 30190ms
 GET /api/realtime 200 in 30174ms
 GET /api/realtime 200 in 30184ms
 GET /api/realtime 200 in 30277ms
 GET /api/realtime 200 in 30272ms
 GET /api/realtime 200 in 30280ms
 GET /api/realtime 200 in 30290ms
 GET /api/realtime 200 in 30291ms
 GET /api/realtime 200 in 30354ms
 GET /api/realtime 200 in 30346ms
 GET /api/realtime 200 in 30346ms
 GET /api/realtime 200 in 30347ms
 GET /api/realtime 200 in 30338ms
 GET /api/realtime 200 in 30340ms
 GET /api/realtime 200 in 30310ms
 GET /api/realtime 200 in 30320ms
 GET /api/realtime 200 in 30342ms
 GET /api/realtime 200 in 30326ms
 GET /api/realtime 200 in 30340ms
 GET /api/realtime 200 in 30387ms
 GET /api/realtime 200 in 30401ms
 GET /api/realtime 200 in 30401ms
 GET /api/realtime 200 in 30451ms
 GET /api/realtime 200 in 30350ms
 GET /api/realtime 200 in 30403ms
 GET /api/realtime 200 in 30359ms
 GET /api/realtime 200 in 30351ms
 GET /api/realtime 200 in 30352ms
 GET /api/realtime 200 in 30363ms
 GET /api/realtime 200 in 30315ms
 GET /api/realtime 200 in 30316ms
 GET /api/realtime 200 in 30277ms
 GET /api/realtime 200 in 30278ms
 GET /api/realtime 200 in 30228ms
 GET /api/realtime 200 in 30212ms
 GET /api/realtime 200 in 30182ms
 GET /api/realtime 200 in 30250ms
 GET /api/realtime 200 in 30246ms
 GET /api/realtime 200 in 30246ms
 GET /api/realtime 200 in 30246ms
 GET /api/realtime 200 in 30253ms
 GET /api/realtime 200 in 30253ms
 GET /api/realtime 200 in 30250ms
 GET /api/realtime 200 in 30191ms
 GET /api/realtime 200 in 30223ms
 GET /api/realtime 200 in 30200ms
 GET /api/realtime 200 in 30248ms
 GET /api/realtime 200 in 30285ms
 GET /api/realtime 200 in 30286ms
 GET /api/realtime 200 in 30266ms
 GET /api/realtime 200 in 30264ms
 GET /api/realtime 200 in 30275ms
 GET /api/realtime 200 in 30226ms
 GET /api/realtime 200 in 30263ms
 GET /api/realtime 200 in 30264ms
 GET /api/realtime 200 in 30221ms
 GET /api/realtime 200 in 30199ms
 GET /api/realtime 200 in 30197ms
 GET /api/realtime 200 in 30199ms
 GET /api/realtime 200 in 30198ms
 GET /api/realtime 200 in 30199ms
 GET /api/realtime 200 in 30210ms
 GET /api/realtime 200 in 30186ms
 GET /api/realtime 200 in 30185ms
 GET /api/realtime 200 in 30177ms
 GET /api/realtime 200 in 30210ms
 GET /api/realtime 200 in 30212ms
 GET /api/realtime 200 in 30224ms
 GET /api/realtime 200 in 30276ms
 GET /api/realtime 200 in 30282ms
 GET /api/realtime 200 in 30367ms
 GET /api/realtime 200 in 30367ms
 GET /api/realtime 200 in 30366ms
 GET /api/realtime 200 in 30388ms
 GET /api/realtime 200 in 30325ms
 GET /api/realtime 200 in 30212ms
 GET /api/realtime 200 in 30227ms
 GET /api/realtime 200 in 30233ms
 GET /api/realtime 200 in 30253ms
 GET /api/realtime 200 in 30203ms
 GET /api/realtime 200 in 30201ms
 GET /api/realtime 200 in 30255ms
 GET /api/realtime 200 in 30171ms
 GET /api/realtime 200 in 30161ms
 GET /api/realtime 200 in 30211ms
 GET /api/realtime 200 in 30164ms
 GET /api/realtime 200 in 30149ms
 GET /api/realtime 200 in 30160ms
 GET /api/realtime 200 in 30153ms
 GET /api/realtime 200 in 30178ms
 GET /api/realtime 200 in 30147ms
 GET /api/realtime 200 in 30090ms
 GET /api/realtime 200 in 30093ms
 GET /api/realtime 200 in 30094ms
 GET /api/realtime 200 in 30117ms
 GET /api/realtime 200 in 30093ms
 GET /api/realtime 200 in 30090ms
 GET /api/realtime 200 in 30788ms
 GET /api/realtime 200 in 27910ms
 GET /api/realtime 200 in 28823ms
 GET /api/realtime 200 in 29388ms
 GET /api/realtime 200 in 28918ms
 GET /api/realtime 200 in 29195ms
 GET /api/realtime 200 in 29644ms
 GET /api/realtime 200 in 29296ms
 GET /api/realtime 200 in 28539ms
 GET /api/realtime 200 in 29106ms
 GET /api/realtime 200 in 29502ms
 GET /api/realtime 200 in 18968ms
 GET /api/realtime 200 in 18898ms
 GET /api/realtime 200 in 18634ms
 GET /api/realtime 200 in 19304ms
 GET /api/realtime 200 in 18150ms
 GET /api/realtime 200 in 19016ms
 GET /api/realtime 200 in 18830ms
 GET /api/realtime 200 in 18861ms
 GET /api/realtime 200 in 19148ms
 GET /api/realtime 200 in 20030ms
 GET /api/realtime 200 in 20118ms
 GET /api/realtime 200 in 20029ms
 GET /api/realtime 200 in 19631ms
 GET /api/realtime 200 in 18356ms
 GET /api/realtime 200 in 19191ms
 GET /api/realtime 200 in 20470ms
 GET /api/realtime 200 in 29746ms
 GET /api/realtime 200 in 18693ms
 GET /api/realtime 200 in 28742ms
 GET /api/realtime 200 in 19106ms
 GET /api/realtime 200 in 19475ms
 GET /api/realtime 200 in 19382ms
 GET /api/realtime 200 in 20025ms
 GET /api/realtime 200 in 20706ms
 GET /api/realtime 200 in 19237ms
 GET /api/realtime 200 in 19601ms
 GET /api/realtime 200 in 19634ms
 GET /api/realtime 200 in 20699ms
 GET /api/realtime 200 in 20201ms
 GET /api/realtime 200 in 19806ms
 GET /api/realtime 200 in 28453ms
 GET /api/realtime 200 in 28138ms
 GET /api/realtime 200 in 27741ms
 GET /api/realtime 200 in 28351ms
 GET /api/realtime 200 in 20867ms
 GET /api/realtime 200 in 29870ms
 GET /api/realtime 200 in 22357ms
 GET /api/realtime 200 in 20476ms
 GET /api/realtime 200 in 22476ms
 GET /api/realtime 200 in 20232ms
 GET /api/realtime 200 in 20868ms
 GET /api/realtime 200 in 28260ms
 GET /api/realtime 200 in 20464ms
 GET /api/realtime 200 in 27653ms
 GET /api/realtime 200 in 28021ms
 GET /api/realtime 200 in 20582ms
 GET /api/realtime 200 in 27840ms
 GET /api/realtime 200 in 20876ms
 GET /api/realtime 200 in 22482ms
 GET /api/realtime 200 in 16206ms
 GET /api/realtime 200 in 17138ms
 GET /api/realtime 200 in 17801ms
 GET /api/realtime 200 in 17413ms
 GET /api/realtime 200 in 19489ms
 GET /api/realtime 200 in 18290ms
 GET /api/realtime 200 in 16515ms
 GET /api/realtime 200 in 17704ms
 GET /api/realtime 200 in 18207ms
 GET /api/realtime 200 in 18007ms
 GET /api/realtime 200 in 18544ms
 GET /api/realtime 200 in 29039ms
 GET /api/realtime 200 in 18209ms
 GET /api/realtime 200 in 17024ms
 GET /api/realtime 200 in 16872ms
 GET /api/realtime 200 in 20245ms
 GET /api/realtime 200 in 17401ms
 GET /api/realtime 200 in 16682ms
 GET /api/realtime 200 in 16279ms
 GET /api/realtime 200 in 17668ms
 GET /api/realtime 200 in 16993ms
 GET /api/realtime 200 in 19777ms
 GET /api/realtime 200 in 19165ms
 GET /api/realtime 200 in 16493ms
 GET /api/realtime 200 in 16416ms
 GET /api/realtime 200 in 19885ms
 GET /api/realtime 200 in 16917ms
 GET /api/realtime 200 in 18526ms
 GET /api/realtime 200 in 16314ms
 GET /api/realtime 200 in 18712ms
 GET /api/realtime 200 in 16661ms
 GET /api/realtime 200 in 18478ms
 GET /api/realtime 200 in 18386ms
 GET /api/realtime 200 in 17290ms
 GET /api/realtime 200 in 19936ms
 GET /api/realtime 200 in 28671ms
 GET /api/realtime 200 in 19436ms
 GET /api/realtime 200 in 16877ms
 GET /api/realtime 200 in 17149ms
 GET /api/realtime 200 in 16281ms
 GET /api/realtime 200 in 18160ms
 GET /api/realtime 200 in 16170ms
 GET /api/realtime 200 in 16776ms
 GET /api/realtime 200 in 16391ms
 GET /api/realtime 200 in 17292ms
 GET /api/realtime 200 in 16391ms
 GET /api/realtime 200 in 16505ms
 GET /api/realtime 200 in 17410ms
 GET /api/realtime 200 in 18667ms
 GET /api/realtime 200 in 17293ms
 GET /api/realtime 200 in 17971ms
 GET /api/realtime 200 in 17853ms
 GET /api/realtime 200 in 18065ms
 GET /api/realtime 200 in 20733ms
 GET /api/realtime 200 in 17723ms
 GET /api/realtime 200 in 18823ms
 GET /api/realtime 200 in 17009ms
 GET /api/realtime 200 in 17588ms
 GET /api/realtime 200 in 17589ms
 GET /api/realtime 200 in 22501ms
 GET /api/realtime 200 in 19902ms
 GET /api/realtime 200 in 20353ms
 GET /api/realtime 200 in 20896ms
 GET /api/realtime 200 in 17527ms
 GET /api/realtime 200 in 17842ms
 GET /api/realtime 200 in 17156ms
 GET /api/realtime 200 in 20729ms
 GET /api/realtime 200 in 19561ms
 GET /api/realtime 200 in 18391ms
[?25h
