  ▲ Next.js 14.2.28
  - Local:        http://localhost:3000
  - Environments: .env
  - Experiments (use with caution):
    · outputFileTracingRoot

 ✓ Starting...
 ✓ Ready in 1702ms
 ○ Compiling / ...
 ✓ Compiled / in 2.1s (596 modules)
 GET / 200 in 2370ms
 ✓ Compiled in 427ms (296 modules)
 ✓ Compiled /api/auth/[...nextauth] in 333ms (541 modules)
 GET /api/auth/providers 200 in 801ms
 GET / 200 in 92ms
 GET /api/auth/session 200 in 51ms
 GET /api/auth/session 200 in 40ms
 ○ Compiling /signup ...
 ✓ Compiled /signup in 962ms (881 modules)
 GET /signup 200 in 1144ms
 GET /login 200 in 1153ms
 GET /api/auth/session 200 in 81ms
 GET /api/auth/session 200 in 35ms
 GET /api/auth/session 200 in 34ms
 GET /api/auth/session 200 in 34ms
 GET /api/auth/session 200 in 34ms
 GET /api/auth/csrf 200 in 44ms
 ✓ Compiled /api/signup in 411ms (597 modules)
 POST /api/signup 200 in 869ms
 GET / 200 in 86ms
 GET /api/auth/signin 302 in 69ms
 GET /login?callbackUrl=https://267ef8e6d.preview.abacusai.app 200 in 55ms
 GET /api/auth/csrf 200 in 34ms
 POST /api/auth/callback/credentials 302 in 329ms
 ✓ Compiled /middleware in 195ms (174 modules)
 ○ Compiling /dashboard ...
 ✓ Compiled /dashboard in 2.4s (2829 modules)
 GET /dashboard 200 in 2740ms
 GET / 200 in 68ms
 GET /dashboard 200 in 98ms
 GET /api/auth/session 200 in 77ms
 ✓ Compiled /api/notifications in 456ms (1567 modules)
 ✓ Compiled (1569 modules)
 GET /api/auth/session 200 in 823ms
 GET /api/notifications?limit=10 200 in 881ms
 GET /api/realtime 200 in 841ms
 GET /api/realtime 200 in 822ms
 GET /api/realtime 200 in 881ms
 GET /api/auth/session 200 in 60ms
 GET /api/notifications?limit=10 200 in 78ms
 GET /api/auth/session 200 in 75ms
 GET /api/notifications?limit=10 200 in 72ms
 GET /api/auth/session 200 in 73ms
 GET /api/realtime 200 in 105ms
 GET /api/notifications?limit=10 200 in 80ms
 GET /api/realtime 200 in 81ms
 ○ Compiling /documents ...
 ✓ Compiled /documents in 2.6s (3237 modules)
 GET /projects/new 200 in 3173ms
 GET /change-orders 200 in 3193ms
 GET /daily-reports 200 in 3195ms
 GET /submittals 200 in 3195ms
 GET /rfis 200 in 3210ms
 GET /reports 200 in 3184ms
 GET /safety 200 in 3199ms
 GET /tasks 200 in 3213ms
 GET /documents 200 in 3183ms
 GET /team 200 in 3188ms
 GET /settings 200 in 3186ms
 GET /projects 200 in 3232ms
 GET /api/notifications?limit=10 200 in 107ms
 GET /api/realtime 200 in 262ms
 GET /api/auth/session 200 in 305ms
 GET /api/notifications?limit=10 200 in 314ms
 GET /api/realtime 200 in 300ms
 GET /api/realtime 200 in 331ms
 GET /api/realtime 200 in 273ms
 GET /api/realtime 200 in 267ms
 GET /api/realtime 200 in 213ms
 GET /api/auth/session 200 in 175ms
 GET /api/notifications?limit=10 200 in 194ms
 GET /api/realtime 200 in 194ms
 GET /api/realtime 200 in 166ms
 GET /api/realtime 200 in 169ms
 GET /api/realtime 200 in 179ms
 GET /api/realtime 200 in 163ms
 GET /api/realtime 200 in 165ms
 GET /api/realtime 200 in 146ms
 GET /api/auth/session 200 in 206ms
 GET /api/notifications?limit=10 200 in 191ms
 GET /api/auth/session 200 in 159ms
 GET /api/notifications?limit=10 200 in 187ms
 GET /api/auth/session 200 in 131ms
 GET /api/notifications?limit=10 200 in 137ms
 GET /api/notifications?limit=10 200 in 153ms
 GET /api/auth/session 200 in 142ms
 GET /api/realtime 200 in 185ms
 GET /api/auth/session 200 in 157ms
 GET /api/notifications?limit=10 200 in 183ms
 GET /api/realtime 200 in 176ms
 GET /api/auth/session 200 in 158ms
 GET /api/notifications?limit=10 200 in 154ms
 GET /api/auth/session 200 in 163ms
 GET /api/notifications?limit=10 200 in 182ms
 GET /api/auth/session 200 in 135ms
 GET /api/notifications?limit=10 200 in 159ms
 GET /api/realtime 200 in 171ms
 GET /api/auth/session 200 in 198ms
 GET /api/notifications?limit=10 200 in 189ms
 GET /api/realtime 200 in 164ms
 GET /api/auth/session 200 in 140ms
 GET /api/notifications?limit=10 200 in 173ms
 GET /api/realtime 200 in 132ms
 GET /api/auth/session 200 in 201ms
 GET /api/notifications?limit=10 200 in 170ms
 GET /api/realtime 200 in 159ms
 GET /api/auth/session 200 in 146ms
 GET /api/notifications?limit=10 200 in 143ms
 GET /api/auth/session 200 in 236ms
 GET /api/notifications?limit=10 200 in 207ms
 GET /api/realtime 200 in 188ms
 GET /api/auth/session 200 in 154ms
 GET /api/notifications?limit=10 200 in 164ms
 GET /api/realtime 200 in 157ms
 GET /api/auth/session 200 in 193ms
 GET /api/notifications?limit=10 200 in 199ms
 GET /api/notifications?limit=10 200 in 252ms
 GET /api/auth/session 200 in 281ms
 GET /api/notifications?limit=10 200 in 136ms
 GET /api/auth/session 200 in 169ms
 GET /api/realtime 200 in 146ms
 GET /api/notifications?limit=10 200 in 147ms
 GET /api/realtime 200 in 148ms
 GET /api/auth/session 200 in 147ms
 GET /api/realtime 200 in 140ms
 GET /api/realtime 200 in 143ms
 GET /api/realtime 200 in 159ms
 GET /api/notifications?limit=10 200 in 160ms
 GET /api/realtime 200 in 177ms
 GET /api/realtime 200 in 123ms
 GET /api/auth/session 200 in 135ms
 GET /api/notifications?limit=10 200 in 144ms
 GET /api/notifications?limit=10 200 in 96ms
 GET /api/auth/session 200 in 101ms
 GET /api/notifications?limit=10 200 in 112ms
 GET /api/auth/session 200 in 148ms
 GET /api/notifications?limit=10 200 in 118ms
 GET /api/auth/session 200 in 128ms
 GET /api/notifications?limit=10 200 in 149ms
 GET /api/auth/session 200 in 131ms
 GET /api/notifications?limit=10 200 in 302ms
 GET /api/realtime 200 in 301ms
 GET /api/auth/session 200 in 221ms
 GET /api/notifications?limit=10 200 in 167ms
 GET /api/auth/session 200 in 177ms
 GET /api/realtime 200 in 129ms
 GET /api/notifications?limit=10 200 in 148ms
 GET /api/realtime 200 in 175ms
 GET /api/realtime 200 in 103ms
 GET /api/auth/session 200 in 158ms
 GET /api/notifications?limit=10 200 in 130ms
 GET /api/auth/session 200 in 128ms
 GET /api/realtime 200 in 116ms
 GET /api/realtime 200 in 146ms
 GET /api/realtime 200 in 113ms
 GET /api/realtime 200 in 105ms
 GET /api/notifications?limit=10 200 in 116ms
 GET /api/auth/session 200 in 149ms
 GET /api/realtime 200 in 170ms
 GET /api/realtime 200 in 156ms
 GET /api/realtime 200 in 109ms
 GET /api/auth/session 200 in 68ms
 GET /api/auth/session 200 in 69ms
 GET /api/auth/session 200 in 66ms
 GET /api/auth/session 200 in 64ms
 GET /api/realtime 200 in 56ms
 ○ Compiling /projects/[id] ...
 ✓ Compiled /projects/[id] in 931ms (3246 modules)
 GET /projects/project-riverside-homes 200 in 1419ms
 GET /projects/project-mall-renovation 200 in 1459ms
 GET /projects/project-downtown-office 200 in 1421ms
 GET /api/notifications?limit=10 200 in 236ms
 GET /api/auth/session 200 in 213ms
 GET /api/realtime 200 in 273ms
 GET /api/realtime 200 in 273ms
 GET /api/realtime 200 in 270ms
 GET /api/realtime 200 in 79ms
 GET /api/realtime 200 in 121ms
 GET /api/auth/session 200 in 127ms
 GET /api/notifications?limit=10 200 in 143ms
 GET /api/realtime 200 in 157ms
 GET /api/realtime 200 in 119ms
 GET /api/auth/session 200 in 87ms
 GET /api/notifications?limit=10 200 in 94ms
 GET /api/auth/session 200 in 120ms
 GET /api/notifications?limit=10 200 in 127ms
 GET /api/realtime 200 in 112ms
 GET /api/auth/session 200 in 84ms
 GET /api/notifications?limit=10 200 in 78ms
 GET /api/auth/session 200 in 81ms
 GET /api/notifications?limit=10 200 in 83ms
 GET /api/auth/session 200 in 124ms
 GET /api/notifications?limit=10 200 in 123ms
 GET /api/realtime 200 in 123ms
 GET /api/notifications?limit=10 200 in 77ms
 GET /api/realtime 200 in 50ms
 GET /api/notifications?limit=10 200 in 84ms
 GET /api/notifications?limit=10 200 in 68ms
 GET /api/notifications?limit=10 200 in 54ms
 GET /api/realtime 200 in 74ms
 GET /api/notifications?limit=10 200 in 73ms
 GET /api/realtime 200 in 30500ms
 GET /api/realtime 200 in 30090ms
 GET /api/realtime 200 in 30081ms
 GET /api/realtime 200 in 30050ms
 GET /api/realtime 200 in 30045ms
 GET /api/realtime 200 in 30053ms
 GET /api/realtime 200 in 30047ms
 GET /api/realtime 200 in 53ms
 GET /api/realtime 200 in 56ms
 GET /api/realtime 200 in 30022ms
 GET /api/realtime 200 in 28919ms
 GET /api/realtime 200 in 28500ms
 GET /api/realtime 200 in 29272ms
 GET /api/realtime 200 in 29672ms
 GET /api/realtime 200 in 25433ms
 GET /api/realtime 200 in 26005ms
 GET /api/realtime 200 in 27870ms
 GET /api/realtime 200 in 27463ms
 GET /api/realtime 200 in 26745ms
 GET /api/realtime 200 in 27787ms
 GET /api/realtime 200 in 25924ms
 GET /api/realtime 200 in 28348ms
 GET /api/realtime 200 in 27964ms
 GET /api/realtime 200 in 29436ms
 GET /api/realtime 200 in 26168ms
 GET /api/realtime 200 in 28597ms
 GET /api/realtime 200 in 29005ms
 GET /api/realtime 200 in 29522ms
 GET /api/realtime 200 in 29088ms
 GET /api/realtime 200 in 28197ms
 GET /api/realtime 200 in 28275ms
 GET /api/realtime 200 in 28834ms
 GET /api/realtime 200 in 18958ms
 GET /api/realtime 200 in 17873ms
 GET /api/realtime 200 in 19336ms
 GET /api/realtime 200 in 25290ms
 GET /api/realtime 200 in 18181ms
 GET /api/realtime 200 in 18353ms
 GET /api/realtime 200 in 18131ms
 GET /api/realtime 200 in 18354ms
 GET /api/realtime 200 in 19274ms
 GET /api/realtime 200 in 18101ms
 GET /api/realtime 200 in 26430ms
 GET /api/realtime 200 in 18276ms
 GET /api/realtime 200 in 17647ms
 GET /api/realtime 200 in 19675ms
 GET /api/realtime 200 in 18354ms
 GET /api/realtime 200 in 19160ms
 GET /api/realtime 200 in 17318ms
 GET /api/realtime 200 in 19676ms
 GET /api/realtime 200 in 26520ms
 GET /api/realtime 200 in 19097ms
 GET /api/realtime 200 in 18310ms
 GET /api/realtime 200 in 19834ms
 GET /api/realtime 200 in 18810ms
 GET /api/realtime 200 in 17934ms
 GET /api/realtime 200 in 27710ms
 GET /api/realtime 200 in 19679ms
 GET /api/realtime 200 in 26100ms
 GET /api/realtime 200 in 19508ms
 GET /api/realtime 200 in 19388ms
 GET /api/realtime 200 in 18967ms
 GET /api/realtime 200 in 28769ms
 GET /api/realtime 200 in 18569ms
 GET /api/realtime 200 in 24821ms
 GET /api/realtime 200 in 19426ms
 GET /api/realtime 200 in 18504ms
 GET /api/realtime 200 in 18768ms
 GET /api/realtime 200 in 19162ms
 GET /api/realtime 200 in 18972ms
 GET /api/realtime 200 in 19161ms
 GET /api/realtime 200 in 19162ms
 GET /api/realtime 200 in 25380ms
 GET /api/realtime 200 in 18371ms
 GET /api/realtime 200 in 19399ms
 GET /api/realtime 200 in 19224ms
 GET /api/realtime 200 in 18946ms
 GET /api/realtime 200 in 19451ms
 GET /api/realtime 200 in 26855ms
 GET /api/realtime 200 in 28065ms
 GET /api/realtime 200 in 19688ms
 GET /api/realtime 200 in 19226ms
 GET /api/realtime 200 in 28451ms
 GET /api/realtime 200 in 27644ms
 GET /api/realtime 200 in 19696ms
 GET /api/realtime 200 in 27325ms
 GET /api/realtime 200 in 19848ms
 GET /api/realtime 200 in 18775ms
 GET /api/realtime 200 in 19691ms
 GET /api/realtime 200 in 25624ms
 GET /api/realtime 200 in 24756ms
 GET /api/realtime 200 in 29192ms
 GET /api/realtime 200 in 28146ms
 GET /api/realtime 200 in 19456ms
 GET /api/realtime 200 in 19625ms
 GET /api/realtime 200 in 25070ms
 GET /api/realtime 200 in 19437ms
 GET /api/realtime 200 in 19642ms
 GET /api/realtime 200 in 19694ms
 GET /api/realtime 200 in 27573ms
 GET /api/realtime 200 in 26372ms
 GET /api/realtime 200 in 29390ms
 GET /api/realtime 200 in 25551ms
 GET /api/realtime 200 in 26618ms
 GET /api/realtime 200 in 27016ms
 GET /api/realtime 200 in 26699ms
 GET /api/realtime 200 in 19695ms
 GET /api/realtime 200 in 24996ms
 GET /api/realtime 200 in 27252ms
 GET /api/realtime 200 in 25872ms
 GET /api/realtime 200 in 27173ms
 GET /api/realtime 200 in 24923ms
 GET /api/realtime 200 in 14811ms
 GET /api/realtime 200 in 6488ms
 GET /api/realtime 200 in 5519ms
 GET /api/realtime 200 in 2718ms
 GET /api/realtime 200 in 2585ms
 GET /api/realtime 200 in 14472ms
 GET /api/realtime 200 in 3355ms
 GET /api/realtime 200 in 16509ms
 GET /api/realtime 200 in 6225ms
 GET /api/realtime 200 in 14814ms
 GET /api/realtime 200 in 15156ms
 GET /api/realtime 200 in 15547ms
 GET /api/realtime 200 in 1225ms
 GET /api/realtime 200 in 5682ms
 GET /api/realtime 200 in 11206ms
 GET /api/realtime 200 in 15925ms
 GET /api/realtime 200 in 3332ms
 GET /api/realtime 200 in 3849ms
 GET /api/realtime 200 in 10644ms
 GET /api/realtime 200 in 3597ms
 GET /api/realtime 200 in 16709ms
 GET /api/realtime 200 in 13124ms
 GET /api/realtime 200 in 2633ms
 GET /api/realtime 200 in 12681ms
 GET /api/realtime 200 in 10976ms
 GET /api/realtime 200 in 1104ms
 GET /api/realtime 200 in 16269ms
 GET /api/realtime 200 in 6830ms
 GET /api/realtime 200 in 14843ms
 GET /api/realtime 200 in 15471ms
 GET /api/realtime 200 in 13864ms
 GET /api/realtime 200 in 17667ms
 GET /api/realtime 200 in 15162ms
 GET /api/realtime 200 in 13990ms
 GET /api/realtime 200 in 16272ms
 GET /api/realtime 200 in 2791ms
 GET /api/realtime 200 in 15330ms
 GET /api/realtime 200 in 16324ms
 GET /api/realtime 200 in 14785ms
 GET /api/realtime 200 in 17115ms
 GET /api/realtime 200 in 4578ms
 GET /api/realtime 200 in 18477ms
 GET /api/realtime 200 in 18187ms
 GET /api/realtime 200 in 12050ms
 GET /api/realtime 200 in 3884ms
 GET /api/realtime 200 in 14292ms
 GET /api/realtime 200 in 11712ms
 GET /api/realtime 200 in 4390ms
 GET /api/realtime 200 in 5866ms
 GET /api/realtime 200 in 10826ms
 GET /api/realtime 200 in 15167ms
 GET /api/realtime 200 in 3704ms
 GET /api/realtime 200 in 17795ms
 GET /api/realtime 200 in 9689ms
 GET /api/realtime 200 in 10475ms
 GET /api/realtime 200 in 15564ms
 GET /api/realtime 200 in 6199ms
 GET /api/realtime 200 in 17799ms
 GET /api/realtime 200 in 1037ms
 GET /api/realtime 200 in 15188ms
 GET /api/realtime 200 in 17414ms
 GET /api/realtime 200 in 17800ms
 GET /api/realtime 200 in 428ms
 GET /api/realtime 200 in 15740ms
 GET /api/realtime 200 in 17580ms
 GET /api/realtime 200 in 17163ms
 GET /api/realtime 200 in 17131ms
 GET /api/realtime 200 in 15174ms
 GET /api/realtime 200 in 14654ms
 GET /api/realtime 200 in 15341ms
 GET /api/realtime 200 in 18417ms
 GET /api/realtime 200 in 14661ms
 GET /api/realtime 200 in 3060ms
 GET /api/realtime 200 in 4813ms
 GET /api/realtime 200 in 15701ms
 GET /api/realtime 200 in 17996ms
 GET /api/realtime 200 in 2150ms
 GET /api/realtime 200 in 16251ms
 GET /api/realtime 200 in 9135ms
 GET /api/realtime 200 in 4087ms
 GET /api/realtime 200 in 17473ms
 GET /api/realtime 200 in 15622ms
 GET /api/realtime 200 in 16730ms
 GET /api/realtime 200 in 14541ms
 GET /api/realtime 200 in 15341ms
 GET /api/realtime 200 in 15565ms
 GET /api/realtime 200 in 15888ms
 GET /api/realtime 200 in 15140ms
 GET /api/realtime 200 in 17166ms
 GET /api/realtime 200 in 961ms
 GET /api/realtime 200 in 15625ms
 GET /api/realtime 200 in 15755ms
 GET /api/realtime 200 in 15786ms
 GET /api/realtime 200 in 19488ms
 GET /api/realtime 200 in 5159ms
 GET /api/realtime 200 in 18754ms
 GET /api/realtime 200 in 5051ms
 GET /api/realtime 200 in 16046ms
 GET /api/realtime 200 in 12621ms
 GET /api/realtime 200 in 983ms
 GET /api/realtime 200 in 19041ms
 GET /api/realtime 200 in 16652ms
 GET /api/realtime 200 in 1288ms
 GET /api/realtime 200 in 18875ms
 GET /api/realtime 200 in 11158ms
 GET /api/realtime 200 in 3566ms
 GET /api/realtime 200 in 14841ms
 GET /api/realtime 200 in 17144ms
 GET /api/realtime 200 in 16640ms
 GET /api/realtime 200 in 16478ms
 GET /api/realtime 200 in 15810ms
 GET /api/realtime 200 in 17922ms
 GET /api/realtime 200 in 2030ms
 GET /api/realtime 200 in 15007ms
 GET /api/realtime 200 in 5080ms
 GET /api/realtime 200 in 11646ms
 GET /api/realtime 200 in 14711ms
 GET /api/realtime 200 in 14999ms
 GET /api/realtime 200 in 15637ms
 GET /api/realtime 200 in 16950ms
 GET /api/realtime 200 in 1673ms
 GET /api/realtime 200 in 17875ms
 GET /api/realtime 200 in 1504ms
 GET /api/realtime 200 in 13819ms
 GET /api/realtime 200 in 17818ms
 GET /api/realtime 200 in 17598ms
 GET /api/realtime 200 in 16265ms
 GET /api/realtime 200 in 5169ms
 GET /api/realtime 200 in 17744ms
 GET /api/realtime 200 in 16665ms
 GET /api/realtime 200 in 17001ms
 GET /api/realtime 200 in 3354ms
 GET /api/realtime 200 in 17820ms
 GET /api/realtime 200 in 11565ms
 GET /api/realtime 200 in 19033ms
 GET /api/realtime 200 in 2012ms
 GET /api/realtime 200 in 637ms
 GET /api/realtime 200 in 17233ms
 GET /api/realtime 200 in 15416ms
 GET /api/realtime 200 in 17964ms
 GET /api/realtime 200 in 15577ms
 GET /api/realtime 200 in 5064ms
 GET /api/realtime 200 in 16058ms
 GET /api/realtime 200 in 13868ms
 GET /api/realtime 200 in 15061ms
 GET /api/realtime 200 in 13879ms
 GET /api/realtime 200 in 3057ms
 GET /api/realtime 200 in 16498ms
 GET /api/realtime 200 in 10761ms
 GET /api/realtime 200 in 18220ms
 GET /api/realtime 200 in 4488ms
 GET /api/realtime 200 in 18337ms
 GET /api/realtime 200 in 15591ms
 GET /api/realtime 200 in 13970ms
 GET /api/realtime 200 in 11827ms
 GET /api/realtime 200 in 1929ms
 GET /api/realtime 200 in 2550ms
 GET /api/realtime 200 in 10129ms
 GET /api/realtime 200 in 9499ms
 GET /api/realtime 200 in 16753ms
 GET /api/realtime 200 in 13725ms
 GET /api/realtime 200 in 1427ms
 GET /api/realtime 200 in 12804ms
 GET /api/realtime 200 in 6088ms
 GET /api/realtime 200 in 3491ms
 GET /api/realtime 200 in 15911ms
 GET /api/realtime 200 in 15022ms
 GET /api/realtime 200 in 15580ms
 GET /api/realtime 200 in 5971ms
 GET /api/realtime 200 in 16277ms
 GET /api/realtime 200 in 16964ms
 GET /api/realtime 200 in 15832ms
 GET /api/realtime 200 in 13747ms
 GET /api/realtime 200 in 4929ms
 GET /api/realtime 200 in 16807ms
 GET /api/realtime 200 in 15206ms
 GET /api/realtime 200 in 18964ms
 GET /api/realtime 200 in 4388ms
 GET /api/realtime 200 in 12491ms
 GET /api/realtime 200 in 339ms
 GET /api/realtime 200 in 14480ms
 GET /api/realtime 200 in 9249ms
 GET /api/realtime 200 in 11924ms
 GET /api/realtime 200 in 15018ms
 GET /api/realtime 200 in 2922ms
 GET /api/realtime 200 in 18521ms
 GET /api/realtime 200 in 257ms
 GET /api/realtime 200 in 18636ms
 GET /api/realtime 200 in 3704ms
 GET /api/realtime 200 in 18027ms
 GET /api/realtime 200 in 15015ms
 GET /api/realtime 200 in 17342ms
 GET /api/realtime 200 in 18452ms
 GET /api/realtime 200 in 16074ms
 GET /api/realtime 200 in 14695ms
 GET /api/realtime 200 in 18591ms
 GET /api/realtime 200 in 15603ms
 GET /api/realtime 200 in 15433ms
 GET /api/realtime 200 in 18860ms
 GET /api/realtime 200 in 4480ms
 GET /api/realtime 200 in 18234ms
 GET /api/realtime 200 in 17799ms
 GET /api/realtime 200 in 16958ms
 GET /api/realtime 200 in 15816ms
 GET /api/realtime 200 in 16032ms
 GET /api/realtime 200 in 5517ms
 GET /api/realtime 200 in 15215ms
 GET /api/realtime 200 in 19486ms
 GET /api/realtime 200 in 9428ms
 GET /api/realtime 200 in 4734ms
 GET /api/realtime 200 in 5316ms
 GET /api/realtime 200 in 17453ms
 GET /api/realtime 200 in 18646ms
 GET /api/realtime 200 in 16289ms
 GET /api/realtime 200 in 14065ms
 GET /api/realtime 200 in 16818ms
 GET /api/realtime 200 in 18241ms
 GET /api/realtime 200 in 16507ms
 GET /api/realtime 200 in 10359ms
 GET /api/realtime 200 in 16982ms
 GET /api/realtime 200 in 25880ms
 GET /api/realtime 200 in 9986ms
 GET /api/realtime 200 in 17405ms
 GET /api/realtime 200 in 16387ms
 GET /api/realtime 200 in 17427ms
 GET /api/realtime 200 in 6840ms
 GET /api/realtime 200 in 18112ms
 GET /api/realtime 200 in 4297ms
 GET /api/realtime 200 in 16230ms
 GET /api/realtime 200 in 6708ms
 GET /api/realtime 200 in 17355ms
 GET /api/realtime 200 in 16774ms
 GET /api/realtime 200 in 19509ms
 GET /api/realtime 200 in 16086ms
 GET /api/realtime 200 in 18044ms
 GET /api/realtime 200 in 6775ms
 GET /api/realtime 200 in 16231ms
 GET /api/realtime 200 in 13313ms
 GET /api/realtime 200 in 16473ms
 GET /api/realtime 200 in 17431ms
 GET /api/realtime 200 in 16904ms
 GET /api/realtime 200 in 16988ms
 GET /api/realtime 200 in 5337ms
 GET /api/realtime 200 in 18798ms
 GET /api/realtime 200 in 17913ms
 GET /api/realtime 200 in 18658ms
 GET /api/realtime 200 in 13951ms
 GET /api/realtime 200 in 18664ms
 GET /api/realtime 200 in 16091ms
 GET /api/realtime 200 in 19555ms
 GET /api/realtime 200 in 15396ms
 GET /api/realtime 200 in 19000ms
 GET /api/realtime 200 in 16975ms
 GET /api/realtime 200 in 19080ms
 GET /api/realtime 200 in 15607ms
 GET /api/realtime 200 in 18879ms
 GET /api/realtime 200 in 17556ms
 GET /api/realtime 200 in 12275ms
 GET /api/realtime 200 in 27193ms
 GET /api/realtime 200 in 18254ms
 GET /api/realtime 200 in 19198ms
 GET /api/realtime 200 in 4785ms
 GET /api/realtime 200 in 18481ms
 GET /api/realtime 200 in 17190ms
 GET /api/realtime 200 in 16988ms
 GET /api/realtime 200 in 16905ms
 GET /api/realtime 200 in 12593ms
 GET /api/realtime 200 in 17640ms
 GET /api/realtime 200 in 16702ms
 GET /api/realtime 200 in 15069ms
 GET /api/realtime 200 in 15857ms
 GET /api/realtime 200 in 17821ms
 GET /api/realtime 200 in 18670ms
 GET /api/realtime 200 in 18054ms
 GET /api/realtime 200 in 16476ms
 GET /api/realtime 200 in 15821ms
 GET /api/realtime 200 in 16156ms
 GET /api/realtime 200 in 18056ms
 GET /api/realtime 200 in 15841ms
 GET /api/realtime 200 in 18886ms
 GET /api/realtime 200 in 10621ms
 GET /api/realtime 200 in 14728ms
 GET /api/realtime 200 in 19335ms
 GET /api/realtime 200 in 18261ms
 GET /api/realtime 200 in 16790ms
 GET /api/realtime 200 in 16247ms
 GET /api/realtime 200 in 17743ms
 GET /api/realtime 200 in 15461ms
 GET /api/realtime 200 in 16487ms
 GET /api/realtime 200 in 17745ms
 GET /api/realtime 200 in 14727ms
 GET /api/realtime 200 in 19751ms
 GET /api/realtime 200 in 12919ms
 GET /api/realtime 200 in 19207ms
 GET /api/realtime 200 in 18711ms
 GET /api/realtime 200 in 18186ms
 GET /api/realtime 200 in 16661ms
 GET /api/realtime 200 in 16710ms
 GET /api/realtime 200 in 19001ms
 GET /api/realtime 200 in 18731ms
 GET /api/realtime 200 in 16497ms
 GET /api/realtime 200 in 17005ms
 GET /api/realtime 200 in 19516ms
 GET /api/realtime 200 in 17115ms
 GET /api/realtime 200 in 17198ms
 GET /api/realtime 200 in 19067ms
 GET /api/realtime 200 in 19572ms
 GET /api/realtime 200 in 19067ms
 GET /api/realtime 200 in 16356ms
 GET /api/realtime 200 in 17378ms
 GET /api/realtime 200 in 14811ms
 GET /api/realtime 200 in 18415ms
 GET /api/realtime 200 in 18895ms
 GET /api/realtime 200 in 19086ms
 GET /api/realtime 200 in 17863ms
 GET /api/realtime 200 in 18678ms
 GET /api/realtime 200 in 19337ms
 GET /api/realtime 200 in 19591ms
 GET /api/realtime 200 in 18384ms
 GET /api/realtime 200 in 17570ms
 GET /api/realtime 200 in 16540ms
 GET /api/realtime 200 in 19349ms
 GET /api/realtime 200 in 17877ms
 GET /api/realtime 200 in 17208ms
 GET /api/realtime 200 in 18270ms
 GET /api/realtime 200 in 18068ms
 GET /api/realtime 200 in 18232ms
 GET /api/realtime 200 in 17285ms
 GET /api/realtime 200 in 18070ms
 GET /api/realtime 200 in 25822ms
 GET /api/realtime 200 in 18196ms
 GET /api/realtime 200 in 17436ms
 GET /api/realtime 200 in 18274ms
 GET /api/realtime 200 in 17659ms
 GET /api/realtime 200 in 18863ms
 GET /api/realtime 200 in 19353ms
 GET /api/realtime 200 in 16998ms
 GET /api/realtime 200 in 18902ms
 GET /api/realtime 200 in 18073ms
 GET /api/realtime 200 in 17881ms
 GET /api/realtime 200 in 18199ms
 GET /api/realtime 200 in 17208ms
 GET /api/realtime 200 in 19646ms
 GET /api/realtime 200 in 28829ms
 GET /api/realtime 200 in 18635ms
 GET /api/realtime 200 in 19151ms
 GET /api/realtime 200 in 24808ms
 GET /api/realtime 200 in 16460ms
 GET /api/realtime 200 in 27535ms
 GET /api/realtime 200 in 19268ms
 GET /api/realtime 200 in 27065ms
 GET /api/realtime 200 in 17583ms
 GET /api/realtime 200 in 17495ms
 GET /api/realtime 200 in 17583ms
 GET /api/realtime 200 in 19358ms
 GET /api/realtime 200 in 18689ms
 GET /api/realtime 200 in 19407ms
 GET /api/realtime 200 in 18694ms
 GET /api/realtime 200 in 18901ms
 GET /api/realtime 200 in 26418ms
 GET /api/realtime 200 in 17667ms
 GET /api/realtime 200 in 18833ms
 GET /api/realtime 200 in 19747ms
 GET /api/realtime 200 in 18712ms
 GET /api/realtime 200 in 18909ms
 GET /api/realtime 200 in 17262ms
 GET /api/realtime 200 in 6122ms
 GET /api/realtime 200 in 17082ms
 GET /api/realtime 200 in 1845ms
 GET /api/realtime 200 in 3395ms
 GET /api/realtime 200 in 4252ms
 GET /api/realtime 200 in 3102ms
 GET /api/realtime 200 in 4750ms
 GET /api/realtime 200 in 12077ms
 GET /api/realtime 200 in 10121ms
 GET /api/realtime 200 in 4318ms
 GET /api/realtime 200 in 1910ms
 GET /api/realtime 200 in 17085ms
 GET /api/realtime 200 in 5568ms
 GET /api/realtime 200 in 14588ms
 GET /api/realtime 200 in 350ms
 GET /api/realtime 200 in 4624ms
 GET /api/realtime 200 in 6436ms
 GET /api/realtime 200 in 13463ms
 GET /api/realtime 200 in 2322ms
 GET /api/realtime 200 in 10324ms
 GET /api/realtime 200 in 1188ms
 GET /api/realtime 200 in 6308ms
 GET /api/realtime 200 in 3630ms
 GET /api/realtime 200 in 2448ms
 GET /api/realtime 200 in 3234ms
 GET /api/realtime 200 in 12412ms
 GET /api/realtime 200 in 17485ms
 GET /api/realtime 200 in 3276ms
 GET /api/realtime 200 in 4980ms
 GET /api/realtime 200 in 6735ms
 GET /api/realtime 200 in 1795ms
 GET /api/realtime 200 in 2607ms
 GET /api/realtime 200 in 2033ms
 GET /api/realtime 200 in 13750ms
 GET /api/realtime 200 in 16570ms
 GET /api/realtime 200 in 13311ms
 GET /api/realtime 200 in 5593ms
 GET /api/realtime 200 in 5962ms
 GET /api/realtime 200 in 2206ms
 GET /api/realtime 200 in 5797ms
 GET /api/realtime 200 in 15891ms
 GET /api/realtime 200 in 5491ms
 GET /api/realtime 200 in 16580ms
 GET /api/realtime 200 in 18527ms
 GET /api/realtime 200 in 715ms
 GET /api/realtime 200 in 13038ms
 GET /api/realtime 200 in 787ms
 GET /api/realtime 200 in 2950ms
 GET /api/realtime 200 in 431ms
 GET /api/realtime 200 in 3534ms
 GET /api/realtime 200 in 2391ms
 GET /api/realtime 200 in 14650ms
 GET /api/realtime 200 in 6488ms
 GET /api/realtime 200 in 1572ms
 GET /api/realtime 200 in 12251ms
 GET /api/realtime 200 in 3036ms
 GET /api/realtime 200 in 867ms
 GET /api/realtime 200 in 16398ms
 GET /api/realtime 200 in 2091ms
 GET /api/realtime 200 in 1689ms
 GET /api/realtime 200 in 14949ms
 GET /api/realtime 200 in 3703ms
 GET /api/realtime 200 in 3362ms
 GET /api/realtime 200 in 4902ms
 GET /api/realtime 200 in 1329ms
 GET /api/realtime 200 in 630ms
 GET /api/realtime 200 in 5487ms
 GET /api/realtime 200 in 1997ms
 GET /api/realtime 200 in 11421ms
 GET /api/realtime 200 in 4812ms
 GET /api/realtime 200 in 3954ms
 GET /api/realtime 200 in 4078ms
 GET /api/realtime 200 in 13188ms
 GET /api/realtime 200 in 14511ms
 GET /api/realtime 200 in 970ms
 GET /api/realtime 200 in 3084ms
 GET /api/realtime 200 in 5271ms
 GET /api/realtime 200 in 3558ms
 GET /api/realtime 200 in 6989ms
 GET /api/realtime 200 in 3763ms
 GET /api/realtime 200 in 14554ms
 GET /api/realtime 200 in 515ms
 GET /api/realtime 200 in 14193ms
 GET /api/realtime 200 in 6673ms
 GET /api/realtime 200 in 2523ms
 GET /api/realtime 200 in 1181ms
 GET /api/realtime 200 in 4435ms
 GET /api/realtime 200 in 3929ms
 GET /api/realtime 200 in 5493ms
 GET /api/realtime 200 in 2559ms
 GET /api/realtime 200 in 2190ms
 GET /api/realtime 200 in 17190ms
 GET /api/realtime 200 in 1006ms
 GET /api/realtime 200 in 4613ms
 GET /api/realtime 200 in 2950ms
 GET /api/realtime 200 in 4051ms
 GET /api/realtime 200 in 4913ms
 GET /api/realtime 200 in 1124ms
 GET /api/realtime 200 in 4312ms
 GET /api/realtime 200 in 14188ms
 GET /api/realtime 200 in 3211ms
 GET /api/realtime 200 in 2389ms
 GET /api/realtime 200 in 1904ms
 GET /api/realtime 200 in 466ms
 GET /api/realtime 200 in 11510ms
 GET /api/realtime 200 in 1497ms
 GET /api/realtime 200 in 656ms
 GET /api/realtime 200 in 5899ms
 GET /api/realtime 200 in 4506ms
 GET /api/realtime 200 in 2505ms
 GET /api/realtime 200 in 4687ms
 GET /api/realtime 200 in 1675ms
 GET /api/realtime 200 in 15013ms
 GET /api/realtime 200 in 6263ms
 GET /api/realtime 200 in 2743ms
 GET /api/realtime 200 in 16552ms
 GET /api/realtime 200 in 2322ms
 GET /api/realtime 200 in 14263ms
 GET /api/realtime 200 in 16856ms
 GET /api/realtime 200 in 16170ms
 GET /api/realtime 200 in 12515ms
 GET /api/realtime 200 in 11596ms
 GET /api/realtime 200 in 1737ms
 GET /api/realtime 200 in 17053ms
 GET /api/realtime 200 in 4246ms
 GET /api/realtime 200 in 3887ms
 GET /api/realtime 200 in 4180ms
 GET /api/realtime 200 in 2851ms
 GET /api/realtime 200 in 9437ms
 GET /api/realtime 200 in 17515ms
 GET /api/realtime 200 in 14387ms
 GET /api/realtime 200 in 643ms
 GET /api/realtime 200 in 9997ms
 GET /api/realtime 200 in 15690ms
 GET /api/realtime 200 in 3878ms
 GET /api/realtime 200 in 14792ms
 GET /api/realtime 200 in 18469ms
 GET /api/realtime 200 in 14227ms
 GET /api/realtime 200 in 18565ms
 GET /api/realtime 200 in 4158ms
 GET /api/realtime 200 in 13150ms
 GET /api/realtime 200 in 1569ms
 GET /api/realtime 200 in 1769ms
 GET /api/realtime 200 in 9913ms
 GET /api/realtime 200 in 2621ms
 GET /api/realtime 200 in 3641ms
 GET /api/realtime 200 in 5099ms
 GET /api/realtime 200 in 1296ms
 GET /api/realtime 200 in 941ms
 GET /api/realtime 200 in 6123ms
 GET /api/realtime 200 in 6501ms
 GET /api/realtime 200 in 13691ms
 GET /api/realtime 200 in 1329ms
 GET /api/realtime 200 in 2845ms
 GET /api/realtime 200 in 871ms
 GET /api/realtime 200 in 16429ms
 GET /api/realtime 200 in 4748ms
 GET /api/realtime 200 in 5105ms
 GET /api/realtime 200 in 16008ms
 GET /api/realtime 200 in 15464ms
 GET /api/realtime 200 in 2710ms
 GET /api/realtime 200 in 6040ms
 GET /api/realtime 200 in 1464ms
 GET /api/realtime 200 in 17728ms
 GET /api/realtime 200 in 1986ms
 GET /api/realtime 200 in 17362ms
 GET /api/realtime 200 in 3413ms
 GET /api/realtime 200 in 15907ms
 GET /api/realtime 200 in 5902ms
 GET /api/realtime 200 in 6596ms
 GET /api/realtime 200 in 13959ms
 GET /api/realtime 200 in 1662ms
 GET /api/realtime 200 in 18008ms
 GET /api/realtime 200 in 5423ms
 GET /api/realtime 200 in 5023ms
 GET /api/realtime 200 in 1064ms
 GET /api/realtime 200 in 15143ms
 GET /api/realtime 200 in 17731ms
 GET /api/realtime 200 in 5943ms
 GET /api/realtime 200 in 4431ms
 GET /api/realtime 200 in 16572ms
 GET /api/realtime 200 in 4151ms
 GET /api/realtime 200 in 5746ms
 GET /api/realtime 200 in 3301ms
 GET /api/realtime 200 in 3079ms
 GET /api/realtime 200 in 10553ms
 GET /api/realtime 200 in 6742ms
 GET /api/realtime 200 in 1491ms
 GET /api/realtime 200 in 14986ms
 GET /api/realtime 200 in 2458ms
 GET /api/realtime 200 in 14139ms
 GET /api/realtime 200 in 11061ms
 GET /api/realtime 200 in 1869ms
 GET /api/realtime 200 in 5757ms
 GET /api/realtime 200 in 16686ms
 GET /api/realtime 200 in 569ms
 GET /api/realtime 200 in 3365ms
 GET /api/realtime 200 in 2267ms
 GET /api/realtime 200 in 11223ms
 GET /api/realtime 200 in 17433ms
 GET /api/realtime 200 in 9737ms
 GET /api/realtime 200 in 14355ms
 GET /api/realtime 200 in 5138ms
[?25h
