  ▲ Next.js 14.2.28
  - Local:        http://localhost:3000
  - Environments: .env
  - Experiments (use with caution):
    · outputFileTracingRoot

 ✓ Starting...
 ✓ Ready in 1548ms
 ○ Compiling / ...
 ✓ Compiled / in 1549ms (596 modules)
 GET / 200 in 2022ms
 ✓ Compiled in 485ms (296 modules)
 ○ Compiling /api/auth/[...nextauth] ...
 ✓ Compiled /api/auth/[...nextauth] in 788ms (541 modules)
 GET /api/auth/providers 200 in 1410ms
 GET / 200 in 217ms
 GET /api/auth/session 200 in 182ms
 GET /api/auth/session 200 in 80ms
 ○ Compiling /signup ...
 ✓ Compiled /signup in 1162ms (881 modules)
 GET /login 200 in 1378ms
 GET /signup 200 in 1360ms
 GET /api/auth/session 200 in 102ms
 GET /api/auth/session 200 in 54ms
 GET /api/auth/session 200 in 48ms
 GET /api/auth/session 200 in 54ms
 GET /api/auth/session 200 in 65ms
 GET /api/auth/csrf 200 in 71ms
 ✓ Compiled /api/signup in 157ms (597 modules)
 POST /api/signup 200 in 616ms
 GET / 200 in 100ms
 GET /api/auth/signin 302 in 88ms
 GET /login?callbackUrl=https://7d9c4eb47.preview.abacusai.app 200 in 71ms
 GET /api/auth/csrf 200 in 57ms
 POST /api/auth/callback/credentials 302 in 354ms
 ✓ Compiled /middleware in 226ms (174 modules)
 ○ Compiling /dashboard ...
 ✓ Compiled /dashboard in 2.7s (2849 modules)
 GET /dashboard 200 in 3068ms
 GET / 200 in 99ms
 GET /dashboard 200 in 105ms
 GET /api/auth/session 200 in 92ms
 ✓ Compiled /api/realtime in 320ms (1577 modules)
 ✓ Compiled (1580 modules)
 GET /api/auth/session 200 in 755ms
 GET /api/notifications?limit=10 200 in 786ms
 GET /api/realtime 200 in 747ms
 GET /api/realtime 200 in 783ms
 GET /api/realtime 200 in 727ms
 GET /api/realtime 200 in 784ms
 GET /api/auth/session 200 in 96ms
 GET /api/notifications?limit=10 200 in 112ms
 GET /api/auth/session 200 in 116ms
 GET /api/notifications?limit=10 200 in 110ms
 GET /api/realtime 200 in 119ms
 GET /api/auth/session 200 in 93ms
 GET /api/notifications?limit=10 200 in 98ms
 GET /api/auth/session 200 in 103ms
 GET /api/realtime 200 in 102ms
 GET /api/realtime 200 in 66ms
 ○ Compiling /change-orders ...
 ✓ Compiled /change-orders in 2.8s (3318 modules)
 GET /meetings 200 in 4206ms
 GET /projects/new 200 in 4099ms
 GET /equipment 200 in 4209ms
 GET /reports 200 in 4105ms
 GET /punch-lists 200 in 4213ms
 GET /rfis 200 in 4108ms
 GET /settings 200 in 4108ms
 GET /documents 200 in 4109ms
 GET /change-orders 200 in 4109ms
 GET /projects 200 in 4112ms
 GET /tasks 200 in 4180ms
 GET /submittals 500 in 4181ms
 GET /safety 500 in 4113ms
 GET /daily-reports 500 in 4200ms
 GET /team 200 in 4133ms
 GET /company 200 in 4134ms
 GET /inspections 200 in 4251ms
 GET /api/notifications?limit=10 200 in 329ms
 GET /api/auth/session 200 in 391ms
 GET /api/realtime 200 in 398ms
 GET /api/realtime 200 in 399ms
 GET /api/realtime 200 in 382ms
 GET /api/realtime 200 in 406ms
 GET /api/realtime 200 in 418ms
 GET /api/realtime 200 in 421ms
 GET /api/realtime 200 in 638ms
 GET /api/realtime 200 in 642ms
 GET /api/realtime 200 in 455ms
 GET /api/realtime 200 in 457ms
 GET /api/realtime 200 in 643ms
 GET /api/notifications?limit=10 200 in 581ms
 GET /api/auth/session 200 in 566ms
 GET /api/realtime 200 in 299ms
 GET /api/realtime 200 in 272ms
 GET /api/realtime 200 in 273ms
 GET /api/notifications?limit=10 200 in 285ms
 GET /api/realtime 200 in 328ms
 GET /api/auth/session 200 in 275ms
 GET /api/realtime 200 in 281ms
 GET /api/realtime 200 in 260ms
 GET /api/notifications?limit=10 200 in 253ms
 GET /api/auth/session 200 in 289ms
 GET /api/realtime 200 in 232ms
 GET /api/notifications?limit=10 200 in 270ms
 GET /api/auth/session 200 in 256ms
 GET /api/notifications?limit=10 200 in 227ms
 GET /api/auth/session 200 in 306ms
 GET /api/notifications?limit=10 200 in 306ms
 GET /api/auth/session 200 in 225ms
 GET /api/notifications?limit=10 200 in 220ms
 GET /api/auth/session 200 in 294ms
 GET /api/notifications?limit=10 200 in 264ms
 GET /api/auth/session 200 in 323ms
 GET /api/realtime 200 in 304ms
 GET /api/notifications?limit=10 200 in 246ms
 GET /api/realtime 200 in 250ms
 GET /api/auth/session 200 in 143ms
 GET /api/notifications?limit=10 200 in 215ms
 GET /api/auth/session 200 in 179ms
 GET /api/realtime 200 in 218ms
 GET /api/notifications?limit=10 200 in 285ms
 GET /api/auth/session 200 in 271ms
 GET /api/realtime 200 in 249ms
 GET /api/notifications?limit=10 200 in 299ms
 GET /api/realtime 200 in 251ms
 GET /api/auth/session 200 in 262ms
 GET /api/notifications?limit=10 200 in 268ms
 GET /api/realtime 200 in 227ms
 GET /api/auth/session 200 in 173ms
 GET /api/realtime 200 in 177ms
 GET /api/notifications?limit=10 200 in 163ms
 GET /api/realtime 200 in 186ms
 GET /api/auth/session 200 in 190ms
 GET /api/notifications?limit=10 200 in 230ms
 GET /api/realtime 200 in 172ms
 GET /api/auth/session 200 in 205ms
 GET /api/notifications?limit=10 200 in 264ms
 GET /api/auth/session 200 in 312ms
 GET /api/realtime 200 in 327ms
 GET /api/notifications?limit=10 200 in 390ms
 GET /api/auth/session 200 in 230ms
 GET /api/notifications?limit=10 200 in 209ms
 GET /api/realtime 200 in 188ms
 GET /api/auth/session 200 in 259ms
 GET /api/realtime 200 in 237ms
 GET /api/realtime 200 in 232ms
 GET /api/realtime 200 in 234ms
 GET /api/notifications?limit=10 200 in 322ms
 GET /api/realtime 200 in 248ms
 GET /api/notifications?limit=10 200 in 220ms
 GET /api/notifications?limit=10 200 in 224ms
 GET /api/realtime 200 in 239ms
 GET /api/realtime 200 in 257ms
 GET /api/auth/session 200 in 233ms
 GET /api/auth/session 200 in 234ms
 GET /api/auth/session 200 in 240ms
 GET /api/notifications?limit=10 200 in 249ms
 GET /api/notifications?limit=10 200 in 250ms
 GET /api/notifications?limit=10 200 in 251ms
 GET /api/notifications?limit=10 200 in 252ms
 GET /api/notifications?limit=10 200 in 252ms
 GET /api/notifications?limit=10 200 in 253ms
 GET /api/notifications?limit=10 200 in 254ms
 GET /api/notifications?limit=10 200 in 263ms
 GET /api/realtime 200 in 223ms
 GET /api/auth/session 200 in 99ms
 GET /api/realtime 200 in 85ms
 GET /api/auth/session 200 in 83ms
 GET /api/auth/session 200 in 128ms
 GET /api/auth/session 200 in 86ms
 GET /api/auth/session 200 in 77ms
 GET /api/auth/session 200 in 96ms
 GET /api/auth/session 200 in 78ms
 GET /api/realtime 200 in 61ms
 ○ Compiling /company/team ...
 ✓ Compiled /company/team in 3s (3395 modules)
 GET /company/invitations 200 in 3341ms
 GET /company/team 200 in 3340ms
 GET /company/usage 200 in 3341ms
 GET /company/settings 307 in 3341ms
 GET /dashboard 200 in 266ms
 GET /projects/project-mall-renovation 200 in 3781ms
 GET /projects/project-riverside-homes 200 in 3766ms
 GET /projects/project-downtown-office 200 in 3785ms
 ○ Compiling /api/company/invitations ...
 ✓ Compiled /api/company/invitations in 1479ms (1887 modules)
 GET /api/realtime 200 in 30461ms
 GET /api/realtime 200 in 30768ms
 GET /api/realtime 200 in 30199ms
 GET /api/realtime 200 in 30110ms
 GET /api/realtime 200 in 30083ms
 GET /api/realtime 200 in 30200ms
 GET /api/realtime 200 in 1820ms
 GET /api/realtime 200 in 1880ms
 GET /api/realtime 200 in 1618ms
 GET /api/realtime 200 in 1648ms
 GET /api/realtime 200 in 1617ms
 GET /api/realtime 200 in 1639ms
 GET /api/realtime 200 in 1613ms
 GET /api/realtime 200 in 1649ms
 GET /api/realtime 200 in 1637ms
 GET /api/realtime 200 in 1625ms
 GET /api/realtime 200 in 1650ms
 GET /api/realtime 200 in 1651ms
 GET /api/realtime 200 in 1916ms
 GET /api/realtime 200 in 1652ms
 GET /api/realtime 200 in 1652ms
 GET /api/realtime 200 in 1800ms
 GET /api/auth/session 200 in 2436ms
 GET /api/notifications?limit=10 200 in 1940ms
 GET /api/company/invitations? 200 in 2500ms
 GET /api/realtime 200 in 30065ms
 GET /api/realtime 200 in 30059ms
 GET /api/company/invitations? 200 in 178ms
 GET /api/auth/session 200 in 180ms
 GET /api/notifications?limit=10 200 in 186ms
 GET /api/realtime 200 in 30065ms
 GET /api/auth/session 200 in 165ms
 GET /api/company/invitations? 200 in 177ms
 GET /api/notifications?limit=10 200 in 188ms
 GET /api/realtime 200 in 132ms
 GET /api/notifications?limit=10 200 in 165ms
 GET /api/auth/session 200 in 168ms
 GET /api/company/invitations? 200 in 182ms
 GET /api/realtime 200 in 30385ms
 GET /api/realtime 200 in 30059ms
 GET /api/realtime 200 in 171ms
 GET /api/auth/session 200 in 165ms
 GET /api/notifications?limit=10 200 in 193ms
 GET /api/realtime 200 in 30057ms
 GET /api/realtime 200 in 30058ms
 GET /api/auth/session 200 in 115ms
 GET /api/notifications?limit=10 200 in 162ms
 GET /api/realtime 200 in 30059ms
 GET /api/realtime 200 in 30058ms
 GET /api/auth/session 200 in 162ms
 GET /api/realtime 200 in 30058ms
 GET /api/notifications?limit=10 200 in 157ms
 GET /api/realtime 200 in 30103ms
 GET /api/auth/session 200 in 146ms
 GET /api/notifications?limit=10 200 in 124ms
 GET /api/realtime 200 in 30069ms
 GET /api/realtime 200 in 30055ms
 GET /api/notifications?limit=10 200 in 154ms
 GET /api/auth/session 200 in 202ms
 GET /api/realtime 200 in 30057ms
 GET /api/realtime 200 in 170ms
 GET /api/realtime 200 in 30064ms
 GET /api/notifications?limit=10 200 in 153ms
 GET /api/auth/session 200 in 148ms
 GET /api/realtime 200 in 30064ms
 GET /api/realtime 200 in 30061ms
 GET /api/notifications?limit=10 200 in 151ms
 GET /api/auth/session 200 in 154ms
 GET /api/realtime 200 in 30074ms
 GET /api/realtime 200 in 174ms
 GET /api/realtime 200 in 30058ms
 GET /api/notifications?limit=10 200 in 181ms
 GET /api/realtime 200 in 30063ms
 GET /api/auth/session 200 in 138ms
 GET /api/realtime 200 in 30055ms
 GET /api/notifications?limit=10 200 in 161ms
 GET /api/realtime 200 in 30060ms
 GET /api/auth/session 200 in 203ms
 GET /api/realtime 200 in 30062ms
 GET /api/notifications?limit=10 200 in 170ms
 GET /api/realtime 200 in 30056ms
 GET /api/auth/session 200 in 123ms
 GET /api/realtime 200 in 30063ms
 GET /api/notifications?limit=10 200 in 177ms
 GET /api/realtime 200 in 30067ms
 GET /api/auth/session 200 in 195ms
 GET /api/realtime 200 in 30078ms
 GET /api/realtime 200 in 203ms
 GET /api/realtime 200 in 30062ms
 GET /api/notifications?limit=10 200 in 196ms
 GET /api/realtime 200 in 30061ms
 GET /api/auth/session 200 in 120ms
 GET /api/realtime 200 in 139ms
 GET /api/realtime 200 in 30073ms
 GET /api/realtime 200 in 147ms
 GET /api/auth/session 200 in 122ms
 GET /api/realtime 200 in 30055ms
 GET /api/realtime 200 in 30055ms
 GET /api/auth/session 200 in 81ms
 GET /api/realtime 200 in 30058ms
 GET /api/auth/session 200 in 72ms
 GET /api/realtime 200 in 30061ms
 GET /api/realtime 200 in 30079ms
 GET /api/auth/session 200 in 130ms
 GET /api/realtime 200 in 30061ms
 GET /api/auth/session 200 in 83ms
 GET /api/realtime 200 in 30059ms
 GET /api/auth/session 200 in 84ms
 GET /api/realtime 200 in 30059ms
 GET /api/realtime 200 in 30083ms
 GET /api/auth/session 200 in 119ms
 GET /api/realtime 200 in 30067ms
 GET /api/auth/session 200 in 93ms
 GET /api/realtime 200 in 30055ms
 GET /api/realtime 200 in 30055ms
 GET /api/auth/session 200 in 126ms
 GET /api/realtime 200 in 30056ms
 GET /api/auth/session 200 in 87ms
 GET /api/realtime 200 in 30063ms
 GET /api/realtime 200 in 30067ms
 GET /api/realtime 200 in 30075ms
 GET /api/realtime 200 in 30072ms
 GET /api/realtime 200 in 99ms
 GET /api/realtime 200 in 30123ms
 GET /api/realtime 200 in 30072ms
 GET /api/realtime 200 in 30063ms
 GET /api/realtime 200 in 30054ms
 GET /api/realtime 200 in 30063ms
 GET /api/realtime 200 in 30053ms
 GET /api/realtime 200 in 30399ms
 GET /api/realtime 200 in 30403ms
 GET /api/realtime 200 in 30396ms
 GET /api/realtime 200 in 30380ms
 GET /api/realtime 200 in 30574ms
 GET /api/realtime 200 in 30555ms
 GET /api/realtime 200 in 30389ms
 GET /api/realtime 200 in 30389ms
 GET /api/realtime 200 in 30391ms
 GET /api/realtime 200 in 30393ms
 GET /api/realtime 200 in 30401ms
 GET /api/realtime 200 in 30389ms
 GET /api/realtime 200 in 30469ms
 GET /api/realtime 200 in 30495ms
 GET /api/realtime 200 in 30472ms
 GET /api/realtime 200 in 30477ms
 GET /api/realtime 200 in 30275ms
 GET /api/realtime 200 in 30268ms
 GET /api/realtime 200 in 30268ms
 GET /api/realtime 200 in 30268ms
 GET /api/realtime 200 in 30297ms
 GET /api/realtime 200 in 30272ms
 GET /api/realtime 200 in 30274ms
 GET /api/realtime 200 in 30230ms
 GET /api/realtime 200 in 30288ms
 GET /api/realtime 200 in 30279ms
 GET /api/realtime 200 in 30291ms
 GET /api/realtime 200 in 30287ms
 GET /api/realtime 200 in 30288ms
 GET /api/realtime 200 in 30288ms
 GET /api/realtime 200 in 30289ms
 GET /api/realtime 200 in 30278ms
 GET /api/realtime 200 in 30219ms
 GET /api/realtime 200 in 30223ms
 GET /api/realtime 200 in 30283ms
 GET /api/realtime 200 in 30242ms
 GET /api/realtime 200 in 30205ms
 GET /api/realtime 200 in 30216ms
 GET /api/realtime 200 in 30212ms
 GET /api/realtime 200 in 30219ms
 GET /api/realtime 200 in 30212ms
 GET /api/realtime 200 in 30197ms
 GET /api/realtime 200 in 30197ms
 GET /api/realtime 200 in 30198ms
 GET /api/realtime 200 in 30224ms
 GET /api/realtime 200 in 30197ms
 GET /api/realtime 200 in 30198ms
 GET /api/realtime 200 in 30198ms
 GET /api/realtime 200 in 30201ms
 GET /api/realtime 200 in 30231ms
 GET /api/realtime 200 in 30226ms
 GET /api/realtime 200 in 30225ms
 GET /api/realtime 200 in 30277ms
 GET /api/realtime 200 in 30228ms
 GET /api/realtime 200 in 30230ms
 GET /api/realtime 200 in 30230ms
 GET /api/realtime 200 in 30231ms
 GET /api/realtime 200 in 30231ms
 GET /api/realtime 200 in 30232ms
 GET /api/realtime 200 in 30226ms
 GET /api/realtime 200 in 30225ms
 GET /api/realtime 200 in 30236ms
 GET /api/realtime 200 in 30228ms
 GET /api/realtime 200 in 30213ms
 GET /api/realtime 200 in 30196ms
 GET /api/realtime 200 in 30315ms
 GET /api/realtime 200 in 30199ms
 GET /api/realtime 200 in 30199ms
 GET /api/realtime 200 in 30200ms
 GET /api/realtime 200 in 30201ms
 GET /api/realtime 200 in 30201ms
 GET /api/realtime 200 in 30200ms
 GET /api/realtime 200 in 30197ms
 GET /api/realtime 200 in 30207ms
 GET /api/realtime 200 in 30234ms
 GET /api/realtime 200 in 30284ms
 GET /api/realtime 200 in 30222ms
 GET /api/realtime 200 in 30287ms
 GET /api/realtime 200 in 30274ms
 GET /api/realtime 200 in 30275ms
 GET /api/realtime 200 in 30275ms
 GET /api/realtime 200 in 30276ms
 GET /api/realtime 200 in 30276ms
 GET /api/realtime 200 in 30279ms
 GET /api/realtime 200 in 30278ms
 GET /api/realtime 200 in 30296ms
 GET /api/realtime 200 in 30280ms
 GET /api/realtime 200 in 30263ms
 GET /api/realtime 200 in 30257ms
 GET /api/realtime 200 in 30187ms
 GET /api/realtime 200 in 30224ms
 GET /api/realtime 200 in 30224ms
 GET /api/realtime 200 in 30222ms
 GET /api/realtime 200 in 30223ms
 GET /api/realtime 200 in 30223ms
 GET /api/realtime 200 in 30223ms
 GET /api/realtime 200 in 30224ms
 GET /api/realtime 200 in 30225ms
 GET /api/realtime 200 in 30226ms
 GET /api/realtime 200 in 30226ms
 GET /api/realtime 200 in 30237ms
 GET /api/realtime 200 in 30257ms
 GET /api/realtime 200 in 30206ms
 GET /api/realtime 200 in 30283ms
 GET /api/realtime 200 in 30207ms
 GET /api/realtime 200 in 30208ms
 GET /api/realtime 200 in 30210ms
 GET /api/realtime 200 in 30210ms
 GET /api/realtime 200 in 30207ms
 GET /api/realtime 200 in 30211ms
 GET /api/realtime 200 in 30208ms
 GET /api/realtime 200 in 30207ms
 GET /api/realtime 200 in 30212ms
 GET /api/realtime 200 in 30219ms
 GET /api/realtime 200 in 30222ms
 GET /api/realtime 200 in 30295ms
 GET /api/realtime 200 in 30297ms
 GET /api/realtime 200 in 30296ms
 GET /api/realtime 200 in 30296ms
 GET /api/realtime 200 in 30298ms
 GET /api/realtime 200 in 30269ms
 GET /api/realtime 200 in 30297ms
 GET /api/realtime 200 in 30303ms
 GET /api/realtime 200 in 30299ms
 GET /api/realtime 200 in 30297ms
 GET /api/realtime 200 in 30205ms
 GET /api/realtime 200 in 30207ms
 GET /api/realtime 200 in 30200ms
 GET /api/realtime 200 in 30200ms
 GET /api/realtime 200 in 30174ms
 GET /api/realtime 200 in 30176ms
 GET /api/realtime 200 in 30174ms
 GET /api/realtime 200 in 30174ms
 GET /api/realtime 200 in 30167ms
 GET /api/realtime 200 in 30171ms
 GET /api/realtime 200 in 30171ms
 GET /api/realtime 200 in 30171ms
 GET /api/realtime 200 in 30164ms
 GET /api/realtime 200 in 30185ms
 GET /api/realtime 200 in 30185ms
 GET /api/realtime 200 in 30219ms
 GET /api/realtime 200 in 30220ms
 GET /api/realtime 200 in 30197ms
 GET /api/realtime 200 in 30198ms
 GET /api/realtime 200 in 30207ms
 GET /api/realtime 200 in 30198ms
 GET /api/realtime 200 in 30199ms
 GET /api/realtime 200 in 30201ms
 GET /api/realtime 200 in 30204ms
 GET /api/realtime 200 in 30245ms
 GET /api/realtime 200 in 30244ms
 GET /api/realtime 200 in 30247ms
 GET /api/realtime 200 in 30332ms
 GET /api/realtime 200 in 30227ms
 GET /api/realtime 200 in 30291ms
 GET /api/realtime 200 in 30291ms
 GET /api/realtime 200 in 30291ms
 GET /api/realtime 200 in 30293ms
 GET /api/realtime 200 in 30294ms
 GET /api/realtime 200 in 30244ms
 GET /api/realtime 200 in 30246ms
 GET /api/realtime 200 in 30252ms
 GET /api/realtime 200 in 30236ms
 GET /api/realtime 200 in 30201ms
 GET /api/realtime 200 in 30273ms
 GET /api/realtime 200 in 30202ms
 GET /api/realtime 200 in 30303ms
 GET /api/realtime 200 in 30304ms
 GET /api/realtime 200 in 30283ms
 GET /api/realtime 200 in 30275ms
 GET /api/realtime 200 in 30306ms
 GET /api/realtime 200 in 30277ms
 GET /api/realtime 200 in 30308ms
 GET /api/realtime 200 in 30254ms
 GET /api/realtime 200 in 30206ms
 GET /api/realtime 200 in 30207ms
 GET /api/realtime 200 in 30213ms
 GET /api/realtime 200 in 30180ms
 GET /api/realtime 200 in 30171ms
 GET /api/realtime 200 in 30178ms
 GET /api/realtime 200 in 30175ms
 GET /api/realtime 200 in 30170ms
 GET /api/realtime 200 in 30172ms
 GET /api/realtime 200 in 30175ms
 GET /api/realtime 200 in 30153ms
 GET /api/realtime 200 in 30205ms
 GET /api/realtime 200 in 30203ms
 GET /api/realtime 200 in 30194ms
 GET /api/realtime 200 in 30203ms
 GET /api/realtime 200 in 30207ms
 GET /api/realtime 200 in 30209ms
 GET /api/realtime 200 in 30256ms
 GET /api/realtime 200 in 30184ms
 GET /api/realtime 200 in 30172ms
 GET /api/realtime 200 in 30175ms
 GET /api/realtime 200 in 30174ms
 GET /api/realtime 200 in 30233ms
 GET /api/realtime 200 in 30180ms
 GET /api/realtime 200 in 30182ms
 GET /api/realtime 200 in 30197ms
 GET /api/realtime 200 in 30172ms
 GET /api/realtime 200 in 30171ms
 GET /api/realtime 200 in 30189ms
 GET /api/realtime 200 in 30265ms
 GET /api/realtime 200 in 30197ms
 GET /api/realtime 200 in 30198ms
 GET /api/realtime 200 in 30382ms
 GET /api/realtime 200 in 30315ms
 GET /api/realtime 200 in 30356ms
 GET /api/realtime 200 in 30349ms
 GET /api/realtime 200 in 30165ms
 GET /api/realtime 200 in 30193ms
 GET /api/realtime 200 in 30182ms
 GET /api/realtime 200 in 30210ms
 GET /api/realtime 200 in 30179ms
 GET /api/realtime 200 in 30156ms
 GET /api/realtime 200 in 30161ms
 GET /api/realtime 200 in 30181ms
 GET /api/realtime 200 in 30184ms
 GET /api/realtime 200 in 30195ms
 GET /api/realtime 200 in 30281ms
 GET /api/realtime 200 in 30235ms
 GET /api/realtime 200 in 30237ms
 GET /api/realtime 200 in 30082ms
 GET /api/realtime 200 in 30085ms
 GET /api/realtime 200 in 30133ms
 GET /api/realtime 200 in 30098ms
 GET /api/realtime 200 in 30079ms
 GET /api/realtime 200 in 30100ms
 GET /api/realtime 200 in 30088ms
 GET /api/realtime 200 in 30058ms
 GET /api/realtime 200 in 30059ms
 GET /api/realtime 200 in 30057ms
 GET /api/realtime 200 in 30056ms
 GET /api/realtime 200 in 30060ms
 GET /api/realtime 200 in 30059ms
 GET /api/realtime 200 in 30083ms
 GET /api/realtime 200 in 30056ms
 GET /api/realtime 200 in 30056ms
 GET /api/realtime 200 in 30056ms
 GET /api/realtime 200 in 30056ms
 GET /api/realtime 200 in 30055ms
 GET /api/realtime 200 in 30061ms
 GET /api/realtime 200 in 30058ms
 GET /api/realtime 200 in 30062ms
 GET /api/realtime 200 in 30059ms
 GET /api/realtime 200 in 30056ms
 GET /api/realtime 200 in 30057ms
 GET /api/realtime 200 in 30059ms
 GET /api/realtime 200 in 30057ms
 GET /api/realtime 200 in 30066ms
 GET /api/realtime 200 in 30058ms
 GET /api/realtime 200 in 30059ms
 GET /api/realtime 200 in 30056ms
 GET /api/realtime 200 in 30056ms
 GET /api/realtime 200 in 30061ms
 GET /api/realtime 200 in 30059ms
 GET /api/realtime 200 in 30059ms
 GET /api/realtime 200 in 30057ms
 GET /api/realtime 200 in 30058ms
 GET /api/realtime 200 in 30057ms
 GET /api/realtime 200 in 30061ms
 GET /api/realtime 200 in 30056ms
 GET /api/realtime 200 in 31185ms
 GET /api/realtime 200 in 31475ms
 GET /api/realtime 200 in 31240ms
 GET /api/realtime 200 in 29278ms
 GET /api/realtime 200 in 28440ms
 GET /api/realtime 200 in 28931ms
 GET /api/realtime 200 in 29460ms
 GET /api/realtime 200 in 29183ms
 GET /api/realtime 200 in 29001ms
 GET /api/realtime 200 in 30903ms
 GET /api/realtime 200 in 29130ms
 GET /api/realtime 200 in 29609ms
 GET /api/realtime 200 in 29619ms
 GET /api/realtime 200 in 25548ms
 GET /api/realtime 200 in 27329ms
 GET /api/realtime 200 in 31250ms
 GET /api/realtime 200 in 26574ms
 GET /api/realtime 200 in 27856ms
 GET /api/realtime 200 in 28837ms
 GET /api/realtime 200 in 26043ms
 GET /api/realtime 200 in 28085ms
 GET /api/realtime 200 in 27554ms
 GET /api/realtime 200 in 28838ms
 GET /api/realtime 200 in 26519ms
 GET /api/realtime 200 in 26161ms
 GET /api/realtime 200 in 24963ms
 GET /api/realtime 200 in 31284ms
 GET /api/realtime 200 in 27272ms
 GET /api/realtime 200 in 28584ms
 GET /api/realtime 200 in 25150ms
 GET /api/realtime 200 in 27467ms
 GET /api/realtime 200 in 25816ms
 GET /api/realtime 200 in 25970ms
 GET /api/realtime 200 in 25090ms
 GET /api/realtime 200 in 27966ms
 GET /api/realtime 200 in 27861ms
 GET /api/realtime 200 in 25769ms
 GET /api/realtime 200 in 24614ms
 GET /api/realtime 200 in 29406ms
 GET /api/realtime 200 in 26402ms
 GET /api/realtime 200 in 28463ms
 GET /api/realtime 200 in 28091ms
 GET /api/realtime 200 in 26987ms
 GET /api/realtime 200 in 30924ms
 GET /api/realtime 200 in 27851ms
 GET /api/realtime 200 in 26296ms
 GET /api/realtime 200 in 27039ms
 GET /api/realtime 200 in 26857ms
 GET /api/realtime 200 in 26683ms
 GET /api/realtime 200 in 25364ms
 GET /api/realtime 200 in 27391ms
 GET /api/realtime 200 in 24872ms
 GET /api/realtime 200 in 26224ms
 GET /api/realtime 200 in 25696ms
 GET /api/realtime 200 in 27688ms
 GET /api/realtime 200 in 27341ms
 GET /api/realtime 200 in 26952ms
 GET /api/realtime 200 in 28224ms
 GET /api/realtime 200 in 28635ms
 GET /api/realtime 200 in 25498ms
 GET /api/realtime 200 in 28273ms
 GET /api/realtime 200 in 27782ms
 GET /api/realtime 200 in 27559ms
 GET /api/realtime 200 in 25892ms
 GET /api/realtime 200 in 25648ms
 GET /api/realtime 200 in 28785ms
 GET /api/realtime 200 in 29075ms
 GET /api/realtime 200 in 28470ms
 GET /api/realtime 200 in 29213ms
 GET /api/realtime 200 in 28646ms
 GET /api/realtime 200 in 30932ms
 GET /api/realtime 200 in 28639ms
 GET /api/realtime 200 in 28041ms
 GET /api/realtime 200 in 29639ms
 GET /api/realtime 200 in 29032ms
 GET /api/realtime 200 in 29416ms
 GET /api/realtime 200 in 28271ms
 GET /api/realtime 200 in 28425ms
 GET /api/realtime 200 in 29643ms
 GET /api/realtime 200 in 29417ms
 GET /api/realtime 200 in 25036ms
 GET /api/realtime 200 in 27644ms
 GET /api/realtime 200 in 24906ms
 GET /api/realtime 200 in 26765ms
 GET /api/realtime 200 in 26600ms
 GET /api/realtime 200 in 26825ms
 GET /api/realtime 200 in 27206ms
 GET /api/realtime 200 in 25284ms
 GET /api/realtime 200 in 28286ms
 GET /api/realtime 200 in 27062ms
 GET /api/realtime 200 in 24759ms
 GET /api/realtime 200 in 26101ms
 GET /api/realtime 200 in 28863ms
 ✓ Compiled in 1876ms (1522 modules)
 ✓ Compiled in 638ms (1522 modules)
[?25h
