  ▲ Next.js 14.2.28
  - Local:        http://localhost:3000
  - Environments: .env
  - Experiments (use with caution):
    · outputFileTracingRoot

 ✓ Starting...
 ✓ Ready in 2s
 ○ Compiling / ...
 ✓ Compiled / in 2s (596 modules)
 GET / 200 in 2558ms
 ✓ Compiled in 511ms (296 modules)
 GET / 200 in 69ms
 GET / 200 in 61ms
 GET / 200 in 67ms
 ✓ Compiled /api/auth/[...nextauth] in 446ms (541 modules)
 GET /api/auth/session 200 in 928ms
 GET /api/auth/session 200 in 59ms
 GET / 200 in 105ms
 GET / 200 in 59ms
 GET / 200 in 64ms
 GET / 200 in 59ms
 GET / 200 in 60ms
 GET / 200 in 62ms
 GET / 200 in 64ms
 GET / 200 in 59ms
 GET / 200 in 63ms
 GET / 200 in 58ms
 GET / 200 in 59ms
 GET / 200 in 63ms
 GET / 200 in 64ms
 GET / 200 in 64ms
 GET / 200 in 62ms
 ✓ Compiled in 931ms (296 modules)
[?25h
