app/(dashboard)/projects/[id]/_components/certifications-tab.tsx(15,10): error TS2305: Module '"@/hooks/use-realtime"' has no exported member 'useRealtimeSubscription'.
app/(dashboard)/projects/[id]/_components/certifications-tab.tsx(278,47): error TS2345: Argument of type '({ worker, certs }: { worker: any; certs: any; }) => Element' is not assignable to parameter of type '(value: unknown, index: number, array: unknown[]) => Element'.
  Types of parameters '__0' and 'value' are incompatible.
    Type 'unknown' is not assignable to type '{ worker: any; certs: any; }'.
app/(dashboard)/projects/[id]/_components/certifications-tab.tsx(292,31): error TS7006: Parameter 'cert' implicitly has an 'any' type.
app/(dashboard)/projects/[id]/_components/lifting-operations-tab.tsx(17,10): error TS2305: Module '"@/hooks/use-realtime"' has no exported member 'useRealtimeSubscription'.
app/(dashboard)/projects/[id]/_components/lifting-operations-tab.tsx(495,17): error TS2322: Type '{ onSave: (sig: any) => void; onClear: () => void; }' is not assignable to type 'IntrinsicAttributes & SignaturePadProps'.
  Property 'onSave' does not exist on type 'IntrinsicAttributes & SignaturePadProps'.
app/(dashboard)/projects/[id]/_components/lifting-operations-tab.tsx(495,26): error TS7006: Parameter 'sig' implicitly has an 'any' type.
app/(dashboard)/projects/[id]/_components/permits-to-work-tab.tsx(17,10): error TS2305: Module '"@/hooks/use-realtime"' has no exported member 'useRealtimeSubscription'.
app/(dashboard)/projects/[id]/_components/permits-to-work-tab.tsx(451,17): error TS2322: Type '{ onSave: (sig: any) => void; onClear: () => void; }' is not assignable to type 'IntrinsicAttributes & SignaturePadProps'.
  Property 'onSave' does not exist on type 'IntrinsicAttributes & SignaturePadProps'.
app/(dashboard)/projects/[id]/_components/permits-to-work-tab.tsx(451,26): error TS7006: Parameter 'sig' implicitly has an 'any' type.
app/(dashboard)/projects/[id]/_components/risk-assessments-tab.tsx(16,10): error TS2305: Module '"@/hooks/use-realtime"' has no exported member 'useRealtimeSubscription'.
app/(dashboard)/projects/[id]/_components/risk-assessments-tab.tsx(659,15): error TS2322: Type '{ onSave: (signatureData: string) => Promise<void>; onClear: () => void; }' is not assignable to type 'IntrinsicAttributes & SignaturePadProps'.
  Property 'onSave' does not exist on type 'IntrinsicAttributes & SignaturePadProps'.
app/(dashboard)/projects/[id]/_components/site-access-tab.tsx(16,10): error TS2305: Module '"@/hooks/use-realtime"' has no exported member 'useRealtimeSubscription'.
app/(dashboard)/projects/[id]/_components/site-access-tab.tsx(386,17): error TS2322: Type '{ onSave: (sig: any) => void; onClear: () => void; }' is not assignable to type 'IntrinsicAttributes & SignaturePadProps'.
  Property 'onSave' does not exist on type 'IntrinsicAttributes & SignaturePadProps'.
app/(dashboard)/projects/[id]/_components/site-access-tab.tsx(386,26): error TS7006: Parameter 'sig' implicitly has an 'any' type.
app/(dashboard)/projects/[id]/_components/site-access-tab.tsx(418,15): error TS2322: Type '{ onSave: (signatureData: string) => Promise<void>; onClear: () => void; }' is not assignable to type 'IntrinsicAttributes & SignaturePadProps'.
  Property 'onSave' does not exist on type 'IntrinsicAttributes & SignaturePadProps'.
app/api/confined-space-permits/route.ts(24,18): error TS2322: Type 'string | null' is not assignable to type 'string | StringFilter<"Project"> | undefined'.
  Type 'null' is not assignable to type 'string | StringFilter<"Project"> | undefined'.
app/api/hot-work-permits/route.ts(24,18): error TS2322: Type 'string | null' is not assignable to type 'string | StringFilter<"Project"> | undefined'.
app/api/lifting-operations/route.ts(24,18): error TS2322: Type 'string | null' is not assignable to type 'string | StringFilter<"Project"> | undefined'.
app/api/risk-assessments/route.ts(25,18): error TS2322: Type 'string | null' is not assignable to type 'string | StringFilter<"Project"> | undefined'.
app/api/site-access/route.ts(26,18): error TS2322: Type 'string | null' is not assignable to type 'string | StringFilter<"Project"> | undefined'.
exit_code=2
