  ▲ Next.js 14.2.28
  - Local:        http://localhost:3000
  - Environments: .env
  - Experiments (use with caution):
    · outputFileTracingRoot

 ✓ Starting...
 ✓ Ready in 1546ms
 ○ Compiling / ...
 ✓ Compiled / in 2.2s (596 modules)
 GET / 200 in 2745ms
 ✓ Compiled in 521ms (296 modules)
 ✓ Compiled /api/auth/[...nextauth] in 407ms (541 modules)
 GET /api/auth/providers 200 in 875ms
 GET / 200 in 90ms
 GET /api/auth/session 200 in 59ms
 GET /api/auth/session 200 in 45ms
 ○ Compiling /signup ...
 ✓ Compiled /signup in 926ms (881 modules)
 GET /signup 200 in 1112ms
 GET /login 200 in 1114ms
 GET /api/auth/session 200 in 71ms
 GET /api/auth/session 200 in 46ms
 GET /api/auth/session 200 in 45ms
 GET /api/auth/session 200 in 44ms
 GET /api/auth/session 200 in 57ms
 GET /api/auth/csrf 200 in 74ms
 ✓ Compiled /api/signup in 134ms (597 modules)
 POST /api/signup 200 in 623ms
 GET / 200 in 102ms
 GET /api/auth/signin 302 in 65ms
 GET /login?callbackUrl=https://7d18e9f2f.preview.abacusai.app 200 in 57ms
 GET /api/auth/csrf 200 in 44ms
 POST /api/auth/callback/credentials 302 in 354ms
 ✓ Compiled /middleware in 164ms (174 modules)
 ○ Compiling /dashboard ...
 ✓ Compiled /dashboard in 2.1s (2849 modules)
 GET /dashboard 200 in 2350ms
 GET / 200 in 76ms
 GET /dashboard 200 in 87ms
 GET /api/auth/session 200 in 91ms
 ✓ Compiled /api/realtime in 322ms (1577 modules)
 ✓ Compiled (1580 modules)
 GET /api/auth/session 200 in 716ms
 GET /api/notifications?limit=10 200 in 739ms
 GET /api/realtime 200 in 395ms
 GET /api/auth/session 200 in 85ms
 GET /api/notifications?limit=10 200 in 107ms
 GET /api/realtime 200 in 123ms
 GET /api/auth/session 200 in 100ms
 GET /api/notifications?limit=10 200 in 104ms
 GET /api/realtime 200 in 83ms
 GET /api/auth/session 200 in 108ms
 GET /api/notifications?limit=10 200 in 100ms
 GET /api/realtime 200 in 99ms
 GET /api/auth/session 200 in 78ms
 GET /api/realtime 200 in 126ms
 GET /api/realtime 200 in 73ms
 GET /api/realtime 200 in 70ms
 GET /api/realtime 200 in 74ms
 GET /api/realtime 200 in 363ms
 GET /api/realtime 200 in 200ms
 GET /api/realtime 200 in 64ms
 GET /api/realtime 200 in 74ms
 GET /api/realtime 200 in 84ms
 GET /api/realtime 200 in 104ms
 GET /api/realtime 200 in 68ms
 GET /api/realtime 200 in 83ms
 GET /api/realtime 200 in 62ms
 GET /api/realtime 200 in 66ms
 GET /api/realtime 200 in 70ms
 GET /api/realtime 200 in 60ms
 GET /api/realtime 200 in 72ms
 GET /api/realtime 200 in 64ms
 GET /api/realtime 200 in 72ms
 GET /api/realtime 200 in 69ms
 GET /api/realtime 200 in 72ms
 GET /api/realtime 200 in 72ms
 GET /api/realtime 200 in 65ms
 GET /api/realtime 200 in 70ms
 GET /api/realtime 200 in 71ms
 GET /api/realtime 200 in 68ms
 GET /api/realtime 200 in 68ms
 GET /api/realtime 200 in 62ms
 GET /api/realtime 200 in 86ms
 GET /api/realtime 200 in 98ms
 GET /api/realtime 200 in 87ms
 GET /api/realtime 200 in 63ms
 GET /api/realtime 200 in 87ms
 GET /api/realtime 200 in 73ms
 GET /api/realtime 200 in 75ms
 GET /api/realtime 200 in 68ms
 GET /api/realtime 200 in 76ms
 GET /api/realtime 200 in 73ms
 GET /api/realtime 200 in 74ms
 GET /api/realtime 200 in 61ms
 GET /api/realtime 200 in 64ms
 GET /api/realtime 200 in 63ms
 GET /api/realtime 200 in 64ms
 GET /api/realtime 200 in 64ms
 GET /api/realtime 200 in 63ms
 GET /api/realtime 200 in 63ms
 GET /api/realtime 200 in 65ms
 GET /api/realtime 200 in 115ms
 GET /api/realtime 200 in 140ms
 GET /api/realtime 200 in 68ms
 GET /api/realtime 200 in 60ms
 GET /api/realtime 200 in 74ms
 GET /api/realtime 200 in 63ms
 GET /api/realtime 200 in 44ms
 GET /api/realtime 200 in 7000ms
 ○ Compiling /settings ...
 ✓ Compiled /settings in 2.7s (3352 modules)
prisma:error 
Invalid `_lib_db__WEBPACK_IMPORTED_MODULE_4__.prisma.rFI.findMany()` invocation in
/home/ubuntu/cortexbuild_pro/nextjs_space/.next/server/app/(dashboard)/rfis/page.js:5495:57

  5492         name: "asc"
  5493     }
  5494 }),
→ 5495 _lib_db__WEBPACK_IMPORTED_MODULE_4__.prisma.rFI.findMany(
Too many database connections opened: FATAL: too many connections for role "role_ddaacb0a0"
Prisma Accelerate has built-in connection pooling to prevent such errors: https://pris.ly/client/error-accelerate
prisma:error 
Invalid `_lib_db__WEBPACK_IMPORTED_MODULE_3__.prisma.task.findMany()` invocation in
/home/ubuntu/cortexbuild_pro/nextjs_space/.next/server/app/(dashboard)/tasks/page.js:5554:58

  5551 const session = await (0,next_auth__WEBPACK_IMPORTED_MODULE_1__.getServerSession)(_lib_auth_options__WEBPACK_IMPORTED_MODULE_2__.authOptions);
  5552 const orgId = session?.user?.organizationId;
  5553 const [tasks, projects] = await Promise.all([
→ 5554     _lib_db__WEBPACK_IMPORTED_MODULE_3__.prisma.task.findMany(
Too many database connections opened: FATAL: too many connections for role "role_ddaacb0a0"
Prisma Accelerate has built-in connection pooling to prevent such errors: https://pris.ly/client/error-accelerate
prisma:error 
Invalid `_lib_db__WEBPACK_IMPORTED_MODULE_3__.prisma.project.findMany()` invocation in
/home/ubuntu/cortexbuild_pro/nextjs_space/.next/server/app/(dashboard)/tasks/page.js:5579:61

  5576         createdAt: "desc"
  5577     }
  5578 }),
→ 5579 _lib_db__WEBPACK_IMPORTED_MODULE_3__.prisma.project.findMany(
Too many database connections opened: FATAL: too many connections for role "role_ddaacb0a0"
Prisma Accelerate has built-in connection pooling to prevent such errors: https://pris.ly/client/error-accelerate
prisma:error 
Invalid `_lib_db__WEBPACK_IMPORTED_MODULE_3__.prisma.document.findMany()` invocation in
/home/ubuntu/cortexbuild_pro/nextjs_space/.next/server/app/(dashboard)/documents/page.js:4857:62

  4854 const session = await (0,next_auth__WEBPACK_IMPORTED_MODULE_1__.getServerSession)(_lib_auth_options__WEBPACK_IMPORTED_MODULE_2__.authOptions);
  4855 const orgId = session?.user?.organizationId;
  4856 const [documents, projects] = await Promise.all([
→ 4857     _lib_db__WEBPACK_IMPORTED_MODULE_3__.prisma.document.findMany(
Too many database connections opened: FATAL: too many connections for role "role_ddaacb0a0"
Prisma Accelerate has built-in connection pooling to prevent such errors: https://pris.ly/client/error-accelerate
prisma:error 
Invalid `_lib_db__WEBPACK_IMPORTED_MODULE_3__.prisma.project.findMany()` invocation in
/home/ubuntu/cortexbuild_pro/nextjs_space/.next/server/app/(dashboard)/documents/page.js:4881:61

  4878         createdAt: "desc"
  4879     }
  4880 }),
→ 4881 _lib_db__WEBPACK_IMPORTED_MODULE_3__.prisma.project.findMany(
Too many database connections opened: FATAL: too many connections for role "role_ddaacb0a0"
Prisma Accelerate has built-in connection pooling to prevent such errors: https://pris.ly/client/error-accelerate
prisma:error 
Invalid `_lib_db__WEBPACK_IMPORTED_MODULE_6__.prisma.organization.findUnique()` invocation in
/home/ubuntu/cortexbuild_pro/nextjs_space/.next/server/app/(company)/company/page.js:3370:115

  3367     (0,next_navigation__WEBPACK_IMPORTED_MODULE_2__.redirect)("/dashboard");
  3368 }
  3369 // Fetch organization details
→ 3370 const organizationData = user.organizationId ? await _lib_db__WEBPACK_IMPORTED_MODULE_6__.prisma.organization.findUnique(
Too many database connections opened: FATAL: too many connections for role "role_ddaacb0a0"
Prisma Accelerate has built-in connection pooling to prevent such errors: https://pris.ly/client/error-accelerate
 GET /change-orders 200 in 3693ms
 GET /daily-reports 200 in 3694ms
 GET /submittals 200 in 3654ms
 GET /team 200 in 3627ms
 GET /projects/new 200 in 3586ms
 GET /inspections 200 in 3586ms
 GET /punch-lists 200 in 3592ms
 GET /meetings 200 in 3588ms
 GET /reports 200 in 3593ms
 GET /rfis 500 in 3703ms
 GET /tasks 500 in 3693ms
 GET /documents 500 in 3636ms
 GET /safety 200 in 3593ms
 GET /settings 200 in 3593ms
 GET /projects 200 in 3723ms
 GET /equipment 200 in 3602ms
 GET /company 500 in 3603ms
 GET /api/notifications?limit=10 200 in 261ms
 GET /api/realtime 200 in 219ms
 GET /api/realtime 200 in 271ms
 GET /api/auth/session 200 in 375ms
 GET /api/realtime 200 in 263ms
 GET /api/realtime 200 in 257ms
 GET /api/realtime 200 in 273ms
 GET /api/realtime 200 in 483ms
 GET /api/realtime 200 in 486ms
 GET /api/notifications?limit=10 200 in 593ms
 GET /api/realtime 200 in 520ms
 GET /api/realtime 200 in 461ms
 GET /api/realtime 200 in 558ms
 GET /api/realtime 200 in 449ms
 GET /api/realtime 200 in 446ms
 GET /api/auth/session 200 in 559ms
 GET /api/realtime 200 in 454ms
 GET /api/realtime 200 in 214ms
 GET /api/realtime 200 in 403ms
 GET /api/realtime 200 in 287ms
 GET /api/realtime 200 in 405ms
 GET /api/realtime 200 in 437ms
 GET /api/realtime 200 in 405ms
 GET /api/realtime 200 in 267ms
 GET /api/realtime 200 in 288ms
 GET /api/notifications?limit=10 200 in 324ms
 GET /api/realtime 200 in 287ms
 GET /api/realtime 200 in 288ms
 GET /api/realtime 200 in 243ms
 GET /api/realtime 200 in 286ms
 GET /api/realtime 200 in 258ms
 GET /api/auth/session 200 in 293ms
 GET /api/realtime 200 in 281ms
 GET /api/realtime 200 in 242ms
 GET /api/realtime 200 in 243ms
 GET /api/realtime 200 in 271ms
 GET /api/realtime 200 in 243ms
 GET /api/realtime 200 in 197ms
 GET /api/realtime 200 in 183ms
 GET /api/realtime 200 in 184ms
 GET /api/realtime 200 in 250ms
 GET /api/realtime 200 in 251ms
 GET /api/realtime 200 in 252ms
 GET /api/notifications?limit=10 200 in 239ms
 GET /api/realtime 200 in 164ms
 GET /api/realtime 200 in 168ms
 GET /api/auth/session 200 in 102ms
 GET /api/realtime 200 in 159ms
 GET /api/realtime 200 in 165ms
 GET /api/realtime 200 in 165ms
 GET /api/realtime 200 in 167ms
 GET /api/realtime 200 in 168ms
 GET /api/realtime 200 in 174ms
 GET /api/realtime 200 in 170ms
 GET /api/realtime 200 in 178ms
 GET /api/realtime 200 in 180ms
 GET /api/realtime 200 in 180ms
 GET /api/notifications?limit=10 200 in 172ms
 GET /api/realtime 200 in 203ms
 GET /api/realtime 200 in 161ms
 GET /api/realtime 200 in 209ms
 GET /api/realtime 200 in 183ms
 GET /api/auth/session 200 in 196ms
 GET /api/realtime 200 in 174ms
 GET /api/realtime 200 in 170ms
 GET /api/realtime 200 in 176ms
 GET /api/realtime 200 in 178ms
 GET /api/realtime 200 in 178ms
 GET /api/realtime 200 in 173ms
 GET /api/realtime 200 in 175ms
 GET /api/realtime 200 in 176ms
 GET /api/realtime 200 in 175ms
 GET /api/realtime 200 in 193ms
 GET /api/realtime 200 in 155ms
 GET /api/notifications?limit=10 200 in 221ms
 GET /api/realtime 200 in 225ms
 GET /api/realtime 200 in 230ms
 GET /api/auth/session 200 in 217ms
 GET /api/realtime 200 in 174ms
 GET /api/realtime 200 in 176ms
 GET /api/realtime 200 in 171ms
 GET /api/realtime 200 in 177ms
 GET /api/realtime 200 in 178ms
 GET /api/realtime 200 in 180ms
 GET /api/realtime 200 in 175ms
 GET /api/realtime 200 in 179ms
 GET /api/realtime 200 in 181ms
 GET /api/realtime 200 in 180ms
 GET /api/realtime 200 in 153ms
 GET /api/notifications?limit=10 200 in 158ms
 GET /api/realtime 200 in 167ms
 GET /api/realtime 200 in 187ms
 GET /api/realtime 200 in 173ms
 GET /api/auth/session 200 in 201ms
 GET /api/realtime 200 in 244ms
 GET /api/realtime 200 in 247ms
 GET /api/realtime 200 in 246ms
 GET /api/realtime 200 in 248ms
 GET /api/realtime 200 in 248ms
 GET /api/realtime 200 in 250ms
 GET /api/realtime 200 in 251ms
 GET /api/realtime 200 in 244ms
 GET /api/realtime 200 in 259ms
 GET /api/realtime 200 in 203ms
 GET /api/realtime 200 in 205ms
 GET /api/notifications?limit=10 200 in 222ms
 GET /api/realtime 200 in 227ms
 GET /api/realtime 200 in 228ms
 GET /api/auth/session 200 in 193ms
 GET /api/realtime 200 in 184ms
 GET /api/realtime 200 in 186ms
 GET /api/realtime 200 in 178ms
 GET /api/realtime 200 in 180ms
 GET /api/realtime 200 in 171ms
 GET /api/realtime 200 in 172ms
 GET /api/realtime 200 in 182ms
 GET /api/realtime 200 in 183ms
 GET /api/realtime 200 in 189ms
 GET /api/realtime 200 in 168ms
 GET /api/realtime 200 in 151ms
 GET /api/realtime 200 in 205ms
 GET /api/realtime 200 in 193ms
 GET /api/auth/session 200 in 179ms
 GET /api/notifications?limit=10 200 in 201ms
 GET /api/realtime 200 in 203ms
 GET /api/realtime 200 in 206ms
 GET /api/realtime 200 in 207ms
 GET /api/realtime 200 in 208ms
 GET /api/realtime 200 in 207ms
 GET /api/realtime 200 in 206ms
 GET /api/realtime 200 in 212ms
 GET /api/realtime 200 in 214ms
 GET /api/realtime 200 in 211ms
 GET /api/realtime 200 in 230ms
 GET /api/realtime 200 in 186ms
 GET /api/realtime 200 in 164ms
 GET /api/realtime 200 in 270ms
 GET /api/notifications?limit=10 200 in 235ms
 GET /api/auth/session 200 in 287ms
 GET /api/realtime 200 in 266ms
 GET /api/realtime 200 in 267ms
 GET /api/realtime 200 in 257ms
 GET /api/realtime 200 in 269ms
 GET /api/realtime 200 in 260ms
 GET /api/realtime 200 in 270ms
 GET /api/realtime 200 in 261ms
 GET /api/realtime 200 in 262ms
 GET /api/realtime 200 in 267ms
 GET /api/realtime 200 in 296ms
 GET /api/realtime 200 in 287ms
 GET /api/realtime 200 in 256ms
 GET /api/notifications?limit=10 200 in 154ms
 GET /api/realtime 200 in 162ms
 GET /api/realtime 200 in 204ms
 GET /api/realtime 200 in 190ms
 GET /api/realtime 200 in 203ms
 GET /api/realtime 200 in 224ms
 GET /api/realtime 200 in 194ms
 GET /api/realtime 200 in 208ms
 GET /api/realtime 200 in 240ms
 GET /api/realtime 200 in 241ms
 GET /api/realtime 200 in 241ms
 GET /api/auth/session 200 in 224ms
 GET /api/realtime 200 in 203ms
 GET /api/realtime 200 in 213ms
 GET /api/realtime 200 in 209ms
 GET /api/realtime 200 in 216ms
 GET /api/notifications?limit=10 200 in 204ms
 GET /api/auth/session 200 in 149ms
 GET /api/realtime 200 in 189ms
 GET /api/realtime 200 in 190ms
 GET /api/realtime 200 in 194ms
 GET /api/realtime 200 in 183ms
 GET /api/realtime 200 in 184ms
 GET /api/realtime 200 in 184ms
 GET /api/realtime 200 in 185ms
 GET /api/realtime 200 in 189ms
 GET /api/realtime 200 in 191ms
 GET /api/realtime 200 in 213ms
 GET /api/realtime 200 in 212ms
 GET /api/realtime 200 in 229ms
 GET /api/realtime 200 in 177ms
 GET /api/realtime 200 in 222ms
 GET /api/realtime 200 in 223ms
 GET /api/realtime 200 in 247ms
 GET /api/notifications?limit=10 200 in 282ms
 GET /api/realtime 200 in 250ms
 GET /api/realtime 200 in 254ms
 GET /api/realtime 200 in 325ms
 GET /api/realtime 200 in 323ms
 GET /api/realtime 200 in 325ms
 GET /api/realtime 200 in 387ms
 GET /api/auth/session 200 in 364ms
 GET /api/realtime 200 in 313ms
 GET /api/realtime 200 in 332ms
 GET /api/realtime 200 in 365ms
 GET /api/realtime 200 in 368ms
 GET /api/realtime 200 in 247ms
 GET /api/realtime 200 in 241ms
 GET /api/realtime 200 in 243ms
 GET /api/realtime 200 in 248ms
 GET /api/notifications?limit=10 200 in 264ms
 GET /api/realtime 200 in 281ms
 GET /api/realtime 200 in 218ms
 GET /api/realtime 200 in 4296ms
 GET /api/realtime 200 in 259ms
 GET /api/realtime 200 in 249ms
 GET /api/realtime 200 in 268ms
 GET /api/auth/session 200 in 261ms
 GET /api/realtime 200 in 229ms
 GET /api/realtime 200 in 231ms
 GET /api/realtime 200 in 246ms
 GET /api/realtime 200 in 4254ms
 GET /api/realtime 200 in 254ms
 GET /api/realtime 200 in 253ms
 GET /api/realtime 200 in 239ms
 GET /api/realtime 200 in 267ms
 GET /api/realtime 200 in 4529ms
 GET /api/realtime 200 in 3957ms
 GET /api/realtime 200 in 230ms
 GET /api/notifications?limit=10 200 in 268ms
 GET /api/realtime 200 in 4290ms
 GET /api/realtime 200 in 285ms
 GET /api/realtime 200 in 291ms
 GET /api/realtime 200 in 263ms
 GET /api/realtime 200 in 282ms
 GET /api/realtime 200 in 312ms
 GET /api/realtime 200 in 267ms
 GET /api/realtime 200 in 323ms
 GET /api/realtime 200 in 240ms
 GET /api/auth/session 200 in 226ms
 GET /api/notifications?limit=10 200 in 230ms
 GET /api/realtime 200 in 151ms
 GET /api/realtime 200 in 172ms
 GET /api/realtime 200 in 156ms
 GET /api/realtime 200 in 154ms
 GET /api/realtime 200 in 158ms
 GET /api/realtime 200 in 159ms
 GET /api/realtime 200 in 160ms
 GET /api/realtime 200 in 161ms
 GET /api/notifications?limit=10 200 in 144ms
 GET /api/realtime 200 in 196ms
 GET /api/auth/session 200 in 146ms
 GET /api/realtime 200 in 163ms
 GET /api/realtime 200 in 159ms
 GET /api/realtime 200 in 168ms
 GET /api/realtime 200 in 161ms
 GET /api/realtime 200 in 169ms
 GET /api/realtime 200 in 168ms
 GET /api/realtime 200 in 194ms
 GET /api/realtime 200 in 141ms
 GET /api/notifications?limit=10 200 in 151ms
 GET /api/realtime 200 in 182ms
 GET /api/auth/session 200 in 163ms
 GET /api/realtime 200 in 148ms
 GET /api/realtime 200 in 150ms
 GET /api/realtime 200 in 159ms
 GET /api/realtime 200 in 160ms
 GET /api/realtime 200 in 149ms
 GET /api/realtime 200 in 225ms
 GET /api/notifications?limit=10 200 in 179ms
 GET /api/realtime 200 in 155ms
 GET /api/auth/session 200 in 214ms
 GET /api/realtime 200 in 273ms
 GET /api/realtime 200 in 255ms
 GET /api/realtime 200 in 423ms
 GET /api/realtime 200 in 467ms
 GET /api/realtime 200 in 585ms
 GET /api/notifications?limit=10 200 in 321ms
 GET /api/realtime 200 in 326ms
 GET /api/realtime 200 in 559ms
 GET /api/auth/session 200 in 287ms
 GET /api/realtime 200 in 576ms
 GET /api/realtime 200 in 251ms
 GET /api/realtime 200 in 239ms
 GET /api/realtime 200 in 198ms
 GET /api/realtime 200 in 301ms
 GET /api/realtime 200 in 195ms
 GET /api/notifications?limit=10 200 in 222ms
 GET /api/realtime 200 in 202ms
 GET /api/realtime 200 in 236ms
 GET /api/realtime 200 in 205ms
 GET /api/realtime 200 in 212ms
 GET /api/realtime 200 in 214ms
 GET /api/auth/session 200 in 248ms
 GET /api/realtime 200 in 226ms
 GET /api/realtime 200 in 207ms
 GET /api/realtime 200 in 200ms
 GET /api/notifications?limit=10 200 in 178ms
 GET /api/realtime 200 in 161ms
 GET /api/realtime 200 in 162ms
 GET /api/realtime 200 in 153ms
 GET /api/realtime 200 in 6085ms
 GET /api/realtime 200 in 167ms
 GET /api/realtime 200 in 171ms
 GET /api/realtime 200 in 6429ms
 GET /api/realtime 200 in 86ms
 GET /api/realtime 200 in 6266ms
 GET /api/realtime 200 in 6402ms
 GET /api/realtime 200 in 5669ms
 GET /api/auth/session 200 in 142ms
 GET /api/realtime 200 in 102ms
 GET /api/realtime 200 in 6416ms
 GET /api/realtime 200 in 6121ms
 GET /api/realtime 200 in 166ms
 GET /api/realtime 200 in 183ms
 GET /api/notifications?limit=10 200 in 222ms
 GET /api/notifications?limit=10 200 in 219ms
 GET /api/notifications?limit=10 200 in 225ms
 GET /api/auth/session 200 in 213ms
 GET /api/auth/session 200 in 213ms
 GET /api/auth/session 200 in 214ms
 GET /api/auth/session 200 in 213ms
 GET /api/auth/session 200 in 207ms
 GET /api/auth/session 200 in 207ms
 GET /api/auth/session 200 in 208ms
 GET /api/auth/session 200 in 208ms
 GET /api/notifications?limit=10 200 in 231ms
 GET /api/realtime 200 in 119ms
 GET /api/realtime 200 in 76ms
 GET /api/realtime 200 in 72ms
 GET /api/realtime 200 in 79ms
 GET /api/realtime 200 in 70ms
 GET /api/realtime 200 in 65ms
 GET /api/realtime 200 in 65ms
 GET /api/realtime 200 in 67ms
 GET /api/realtime 200 in 65ms
 GET /api/realtime 200 in 66ms
 GET /api/realtime 200 in 61ms
 GET /api/realtime 200 in 60ms
 GET /api/realtime 200 in 72ms
 GET /api/realtime 200 in 65ms
 GET /api/realtime 200 in 66ms
 GET /api/realtime 200 in 73ms
 GET /api/realtime 200 in 74ms
 GET /api/realtime 200 in 69ms
 GET /api/realtime 200 in 68ms
 GET /api/realtime 200 in 77ms
 GET /api/realtime 200 in 80ms
 GET /api/realtime 200 in 73ms
 GET /api/realtime 200 in 88ms
 GET /api/realtime 200 in 79ms
 GET /api/realtime 200 in 71ms
 GET /api/realtime 200 in 69ms
 GET /api/realtime 200 in 68ms
 GET /api/realtime 200 in 62ms
 GET /api/realtime 200 in 61ms
 GET /api/realtime 200 in 73ms
 GET /api/realtime 200 in 88ms
 GET /api/realtime 200 in 65ms
 GET /api/realtime 200 in 63ms
 GET /api/realtime 200 in 62ms
 GET /api/realtime 200 in 65ms
 GET /api/realtime 200 in 64ms
 GET /api/realtime 200 in 60ms
 GET /api/realtime 200 in 146ms
 GET /api/realtime 200 in 93ms
 GET /api/realtime 200 in 66ms
 GET /api/realtime 200 in 65ms
 GET /api/realtime 200 in 68ms
 GET /api/realtime 200 in 71ms
 GET /api/realtime 200 in 48ms
 GET /api/realtime 200 in 10155ms
 ○ Compiling /projects/[id] ...
 ✓ Compiled /projects/[id] in 1649ms (3420 modules)
prisma:error 
Invalid `_lib_db__WEBPACK_IMPORTED_MODULE_4__.prisma.activityLog.findMany()` invocation in
/home/ubuntu/cortexbuild_pro/nextjs_space/.next/server/app/(dashboard)/projects/[id]/page.js:9071:65

  9068         }
  9069     }
  9070 }),
→ 9071 _lib_db__WEBPACK_IMPORTED_MODULE_4__.prisma.activityLog.findMany(
Too many database connections opened: FATAL: too many connections for role "role_ddaacb0a0"
Prisma Accelerate has built-in connection pooling to prevent such errors: https://pris.ly/client/error-accelerate
 GET /projects/project-mall-renovation 200 in 2339ms
 GET /projects/project-downtown-office 200 in 2286ms
 GET /projects/project-riverside-homes 500 in 2340ms
 GET /api/notifications?limit=10 200 in 152ms
 GET /api/realtime 200 in 229ms
 GET /api/auth/session 200 in 231ms
 GET /api/realtime 200 in 252ms
 GET /api/notifications?limit=10 200 in 194ms
 GET /api/auth/session 200 in 173ms
 GET /api/realtime 200 in 159ms
 GET /api/realtime 200 in 149ms
 GET /api/notifications?limit=10 200 in 120ms
 GET /api/auth/session 200 in 87ms
 GET /api/realtime 200 in 156ms
 GET /api/realtime 200 in 159ms
 GET /api/notifications?limit=10 200 in 134ms
 GET /api/auth/session 200 in 95ms
 GET /api/realtime 200 in 103ms
 GET /api/realtime 200 in 137ms
 GET /api/notifications?limit=10 200 in 170ms
 GET /api/auth/session 200 in 135ms
 GET /api/realtime 200 in 99ms
 GET /api/notifications?limit=10 200 in 97ms
 GET /api/realtime 200 in 113ms
 GET /api/realtime 200 in 150ms
 GET /api/realtime 200 in 111ms
 GET /api/realtime 200 in 131ms
 GET /api/notifications?limit=10 200 in 135ms
 GET /api/realtime 200 in 51ms
 GET /api/notifications?limit=10 200 in 117ms
 GET /api/realtime 200 in 144ms
 GET /api/realtime 200 in 118ms
 GET /api/realtime 200 in 93ms
 GET /api/realtime 200 in 106ms
 GET /api/realtime 200 in 93ms
 GET /api/realtime 200 in 87ms
 GET /api/realtime 200 in 72ms
 GET /api/realtime 200 in 75ms
 GET /api/realtime 200 in 75ms
 GET /api/realtime 200 in 70ms
 GET /api/realtime 200 in 86ms
 GET /api/realtime 200 in 78ms
 GET /api/realtime 200 in 74ms
 GET /api/realtime 200 in 88ms
 GET /api/realtime 200 in 84ms
 GET /api/realtime 200 in 73ms
 GET /api/realtime 200 in 86ms
 GET /api/realtime 200 in 74ms
 GET /api/realtime 200 in 91ms
 GET /api/realtime 200 in 100ms
 GET /api/realtime 200 in 92ms
 GET /api/realtime 200 in 98ms
 GET /api/realtime 200 in 83ms
 GET /api/realtime 200 in 88ms
 GET /api/realtime 200 in 79ms
 GET /api/realtime 200 in 79ms
 GET /api/realtime 200 in 78ms
 GET /api/realtime 200 in 66ms
 GET /api/realtime 200 in 74ms
 GET /api/realtime 200 in 74ms
 GET /api/realtime 200 in 78ms
 GET /api/realtime 200 in 77ms
 GET /api/realtime 200 in 73ms
 GET /api/realtime 200 in 75ms
 GET /api/realtime 200 in 74ms
 GET /api/realtime 200 in 67ms
 GET /api/realtime 200 in 73ms
 GET /api/realtime 200 in 74ms
 GET /api/realtime 200 in 76ms
 GET /api/realtime 200 in 73ms
 GET /api/realtime 200 in 81ms
 GET /api/realtime 200 in 81ms
 GET /api/realtime 200 in 76ms
 GET /api/realtime 200 in 66ms
 GET /api/realtime 200 in 73ms
 GET /api/realtime 200 in 64ms
 GET /api/realtime 200 in 65ms
 GET /api/realtime 200 in 68ms
 GET /api/realtime 200 in 73ms
 GET /api/realtime 200 in 74ms
 GET /api/realtime 200 in 69ms
 GET /api/realtime 200 in 64ms
 GET /api/realtime 200 in 65ms
 GET /api/realtime 200 in 67ms
 GET /api/realtime 200 in 61ms
 GET /api/realtime 200 in 76ms
 GET /api/realtime 200 in 69ms
 GET /api/realtime 200 in 67ms
 GET /api/realtime 200 in 67ms
 GET /api/realtime 200 in 72ms
 GET /api/realtime 200 in 74ms
 GET /api/realtime 200 in 71ms
 GET /api/realtime 200 in 77ms
 GET /api/realtime 200 in 72ms
 GET /api/realtime 200 in 74ms
 GET /api/realtime 200 in 72ms
 GET /api/realtime 200 in 77ms
 GET /api/realtime 200 in 69ms
 GET /api/realtime 200 in 72ms
 GET /api/realtime 200 in 73ms
 GET /api/realtime 200 in 89ms
 GET /api/realtime 200 in 71ms
 GET /api/realtime 200 in 77ms
 GET /api/realtime 200 in 78ms
 GET /api/realtime 200 in 82ms
 GET /api/realtime 200 in 95ms
 GET /api/realtime 200 in 81ms
 GET /api/realtime 200 in 80ms
 GET /api/realtime 200 in 79ms
 GET /api/realtime 200 in 75ms
 GET /api/realtime 200 in 81ms
 GET /api/realtime 200 in 87ms
 GET /api/realtime 200 in 79ms
 GET /api/realtime 200 in 86ms
 GET /api/realtime 200 in 73ms
 GET /api/realtime 200 in 78ms
 GET /api/realtime 200 in 84ms
 GET /api/realtime 200 in 81ms
 GET /api/realtime 200 in 92ms
 GET /api/realtime 200 in 80ms
 GET /api/realtime 200 in 92ms
 GET /api/realtime 200 in 92ms
 GET /api/realtime 200 in 80ms
 GET /api/realtime 200 in 78ms
 GET /api/realtime 200 in 189ms
 GET /api/realtime 200 in 216ms
 GET /api/realtime 200 in 88ms
 GET /api/realtime 200 in 81ms
 GET /api/realtime 200 in 97ms
 GET /api/realtime 200 in 77ms
 GET /api/realtime 200 in 74ms
 GET /api/realtime 200 in 75ms
 GET /api/realtime 200 in 81ms
 GET /api/realtime 200 in 79ms
 GET /api/realtime 200 in 85ms
 GET /api/realtime 200 in 73ms
 GET /api/realtime 200 in 7014ms
 GET /api/realtime 200 in 7042ms
[?25h
