  ▲ Next.js 14.2.28
  - Local:        http://localhost:3000
  - Environments: .env
  - Experiments (use with caution):
    · outputFileTracingRoot

 ✓ Starting...
 ✓ Ready in 1682ms
 ○ Compiling / ...
 ✓ Compiled / in 2.1s (598 modules)
 GET / 200 in 2710ms
 ✓ Compiled in 604ms (297 modules)
 ✓ Compiled /api/auth/[...nextauth] in 498ms (542 modules)
 GET /api/auth/providers 200 in 1045ms
 GET / 200 in 147ms
 GET /api/auth/session 200 in 106ms
 GET /api/auth/session 200 in 209ms
 ○ Compiling /signup ...
 ✓ Compiled /signup in 999ms (883 modules)
 GET /signup 200 in 1246ms
 GET /login 200 in 1268ms
 GET /api/auth/session 200 in 109ms
 GET /api/auth/session 200 in 73ms
 GET /api/auth/session 200 in 72ms
 GET /api/auth/session 200 in 80ms
 GET /api/auth/session 200 in 72ms
 GET /api/auth/csrf 200 in 104ms
 ✓ Compiled /api/signup in 145ms (598 modules)
 POST /api/signup 200 in 657ms
 GET / 200 in 117ms
 GET /api/auth/signin 302 in 89ms
 GET /login?callbackUrl=https://1905ad134.preview.abacusai.app 200 in 89ms
 GET /api/auth/csrf 200 in 76ms
 POST /api/auth/callback/credentials 302 in 375ms
 ✓ Compiled /middleware in 345ms (174 modules)
 ○ Compiling /dashboard ...
 ✓ Compiled /dashboard in 2.4s (3018 modules)
 GET /dashboard 200 in 2814ms
 GET / 200 in 138ms
 GET /dashboard 200 in 138ms
 GET /api/auth/session 200 in 132ms
 ✓ Compiled /api/realtime in 335ms (1662 modules)
 ✓ Compiled (1665 modules)
 GET /api/auth/session 200 in 784ms
 GET /api/notifications?limit=10 200 in 834ms
 GET /api/realtime 200 in 500ms
 GET /api/auth/session 200 in 158ms
 GET /api/notifications?limit=10 200 in 168ms
 GET /api/realtime 200 in 180ms
 GET /api/auth/session 200 in 169ms
 GET /api/realtime 200 in 230ms
 GET /api/notifications?limit=10 200 in 218ms
 GET /api/auth/session 200 in 145ms
 GET /api/realtime 200 in 281ms
 GET /api/notifications?limit=10 200 in 264ms
 GET /api/auth/session 200 in 201ms
 GET /api/realtime 200 in 680ms
 GET /api/realtime 200 in 109ms
 GET /api/realtime 200 in 96ms
 GET /api/realtime 200 in 104ms
 GET /api/realtime 200 in 100ms
 GET /api/realtime 200 in 117ms
 GET /api/realtime 200 in 211ms
 GET /api/realtime 200 in 160ms
 GET /api/realtime 200 in 87ms
 GET /api/realtime 200 in 92ms
 GET /api/realtime 200 in 128ms
 GET /api/realtime 200 in 4108ms
 GET /api/realtime 200 in 44ms
 ○ Compiling /projects/[id] ...
 ✓ Compiled /projects/[id] in 3.4s (3483 modules)
 GET /projects/new 200 in 4418ms
 GET /inspections 200 in 4351ms
 GET /equipment 200 in 4351ms
 GET /daily-reports 200 in 4353ms
 GET /meetings 200 in 4353ms
 GET /documents 200 in 4355ms
 GET /submittals 200 in 4357ms
 GET /punch-lists 200 in 4358ms
 GET /safety 200 in 4358ms
 GET /team 200 in 4360ms
 GET /reports 200 in 4357ms
 GET /rfis 200 in 4360ms
 GET /settings 200 in 4371ms
 GET /tasks 200 in 4371ms
 GET /company 200 in 4372ms
 GET /projects 200 in 4379ms
 GET /budget 200 in 4497ms
 GET /projects/project-downtown-office 200 in 5115ms
 GET /projects/project-mall-renovation 200 in 5119ms
 GET /projects/project-riverside-homes 200 in 5119ms
 GET /api/realtime 200 in 205ms
 GET /api/realtime 200 in 239ms
 GET /api/notifications?limit=10 200 in 410ms
 GET /api/realtime 200 in 214ms
 GET /api/realtime 200 in 236ms
 GET /api/auth/session 200 in 449ms
 GET /api/realtime 200 in 666ms
 GET /api/notifications?limit=10 200 in 666ms
 GET /api/realtime 200 in 737ms
 GET /api/realtime 200 in 686ms
 GET /api/realtime 200 in 677ms
 GET /api/realtime 200 in 217ms
 GET /api/realtime 200 in 655ms
 GET /api/auth/session 200 in 660ms
 GET /api/realtime 200 in 501ms
 GET /api/realtime 200 in 442ms
 GET /api/realtime 200 in 672ms
 GET /api/realtime 200 in 662ms
 GET /api/realtime 200 in 673ms
 GET /api/realtime 200 in 687ms
 ○ Compiling /api/company/stats ...
 GET /api/realtime 200 in 3295ms
 ✓ Compiled /api/company/stats in 1975ms (1926 modules)
 GET /api/realtime 200 in 3942ms
 GET /api/realtime 200 in 3963ms
 GET /api/realtime 200 in 2917ms
 GET /api/realtime 200 in 3140ms
 GET /api/notifications?limit=10 200 in 2926ms
 GET /api/realtime 200 in 3964ms
 GET /api/realtime 200 in 3031ms
 GET /api/realtime 200 in 2730ms
 GET /api/realtime 200 in 3421ms
 GET /api/realtime 200 in 2941ms
 GET /api/realtime 200 in 3249ms
 GET /api/notifications?limit=10 200 in 314ms
 GET /api/notifications?limit=10 200 in 327ms
 GET /api/notifications?limit=10 200 in 296ms
 GET /api/notifications?limit=10 200 in 294ms
 GET /api/realtime 200 in 2500ms
 GET /api/realtime 200 in 2806ms
 GET /api/notifications?limit=10 200 in 344ms
 GET /api/notifications?limit=10 200 in 343ms
 GET /api/realtime 200 in 3323ms
 GET /api/notifications?limit=10 200 in 343ms
 GET /api/auth/session 200 in 226ms
 GET /api/realtime 200 in 4319ms
 GET /api/notifications?limit=10 200 in 400ms
 GET /api/realtime 200 in 2906ms
 GET /api/realtime 200 in 3166ms
 GET /api/notifications?limit=10 200 in 339ms
 GET /api/notifications?limit=10 200 in 351ms
 GET /api/notifications?limit=10 200 in 325ms
 GET /api/notifications?limit=10 200 in 325ms
 GET /api/notifications?limit=10 200 in 338ms
 GET /api/notifications?limit=10 200 in 325ms
 GET /api/notifications?limit=10 200 in 354ms
 GET /api/notifications?limit=10 200 in 325ms
 GET /api/realtime 200 in 3228ms
 GET /api/realtime 200 in 3590ms
 GET /api/notifications?limit=10 200 in 307ms
 GET /api/notifications?limit=10 200 in 309ms
 GET /api/notifications?limit=10 200 in 309ms
 GET /api/realtime 200 in 3034ms
 GET /api/notifications?limit=10 200 in 308ms
 GET /api/realtime 200 in 3215ms
 GET /api/company/stats 200 in 3384ms
 GET /api/notifications?limit=10 200 in 325ms
 GET /api/realtime 200 in 2767ms
 GET /api/notifications?limit=10 200 in 346ms
 GET /api/notifications?limit=10 200 in 326ms
 GET /api/realtime 200 in 2440ms
 GET /api/notifications?limit=10 200 in 375ms
 GET /api/notifications?limit=10 200 in 372ms
 GET /api/notifications?limit=10 200 in 372ms
 GET /api/notifications?limit=10 200 in 330ms
 GET /api/realtime 200 in 3139ms
 GET /api/realtime 200 in 3768ms
 GET /api/notifications?limit=10 200 in 385ms
 GET /api/notifications?limit=10 200 in 723ms
 GET /api/notifications?limit=10 200 in 723ms
 GET /api/notifications?limit=10 200 in 744ms
 GET /api/notifications?limit=10 200 in 724ms
 GET /api/notifications?limit=10 200 in 722ms
 GET /api/notifications?limit=10 200 in 726ms
 GET /api/notifications?limit=10 200 in 723ms
 GET /api/realtime 200 in 2838ms
 GET /api/realtime 200 in 2775ms
 GET /api/notifications?limit=10 200 in 723ms
 GET /api/realtime 200 in 2545ms
 GET /api/notifications?limit=10 200 in 724ms
 GET /api/realtime 200 in 2695ms
 GET /api/realtime 200 in 2834ms
 GET /api/notifications?limit=10 200 in 724ms
 GET /api/realtime 200 in 2805ms
 GET /api/notifications?limit=10 200 in 723ms
 GET /api/notifications?limit=10 200 in 724ms
 GET /api/notifications?limit=10 200 in 791ms
 GET /api/notifications?limit=10 200 in 793ms
 GET /api/notifications?limit=10 200 in 794ms
 GET /api/notifications?limit=10 200 in 795ms
 GET /api/realtime 200 in 3225ms
 GET /api/auth/session 200 in 564ms
 GET /api/auth/session 200 in 566ms
 GET /api/realtime 200 in 192ms
 GET /api/realtime 200 in 96ms
 GET /api/realtime 200 in 485ms
 GET /api/realtime 200 in 116ms
 GET /api/realtime 200 in 95ms
 GET /api/realtime 200 in 97ms
 GET /api/realtime 200 in 95ms
 GET /api/realtime 200 in 91ms
 GET /api/realtime 200 in 93ms
 GET /api/realtime 200 in 107ms
 GET /api/realtime 200 in 88ms
 GET /api/realtime 200 in 89ms
 GET /api/realtime 200 in 86ms
 GET /api/realtime 200 in 92ms
 GET /api/realtime 200 in 117ms
 GET /api/realtime 200 in 100ms
 GET /api/realtime 200 in 205ms
 GET /api/realtime 200 in 93ms
 GET /api/realtime 200 in 89ms
 GET /api/realtime 200 in 89ms
 GET /api/realtime 200 in 60ms
 GET /api/realtime 200 in 6692ms
 ○ Compiling /company/settings ...
 ✓ Compiled /company/settings in 2.5s (3564 modules)
 GET /change-orders 200 in 2900ms
 GET /company/invitations 200 in 2866ms
 GET /company/usage 200 in 2866ms
 GET /company/settings 307 in 2866ms
 GET /company/team 200 in 2902ms
 GET /dashboard 200 in 214ms
 ○ Compiling /api/company/invitations ...
 ✓ Compiled /api/company/invitations in 770ms (1979 modules)
 GET /api/company/invitations? 200 in 1611ms
 GET /api/realtime 200 in 989ms
 GET /api/realtime 200 in 1258ms
 GET /api/auth/session 200 in 1581ms
 GET /api/notifications?limit=10 200 in 1610ms
 GET /api/realtime 200 in 139ms
 GET /api/auth/session 200 in 254ms
 GET /api/company/invitations? 200 in 270ms
 GET /api/realtime 200 in 302ms
 GET /api/notifications?limit=10 200 in 282ms
 GET /api/realtime 200 in 176ms
 GET /api/realtime 200 in 237ms
 GET /api/auth/session 200 in 231ms
 GET /api/company/invitations? 200 in 234ms
 GET /api/notifications?limit=10 200 in 225ms
 GET /api/realtime 200 in 205ms
 GET /api/company/invitations? 200 in 203ms
 GET /api/auth/session 200 in 201ms
 GET /api/realtime 200 in 234ms
 GET /api/notifications?limit=10 200 in 226ms
 GET /api/realtime 200 in 219ms
 GET /api/realtime 200 in 199ms
 GET /api/auth/session 200 in 197ms
 GET /api/notifications?limit=10 200 in 210ms
 GET /api/realtime 200 in 232ms
 GET /api/realtime 200 in 154ms
 GET /api/auth/session 200 in 162ms
 GET /api/notifications?limit=10 200 in 227ms
 GET /api/realtime 200 in 236ms
 GET /api/realtime 200 in 232ms
 GET /api/auth/session 200 in 173ms
 GET /api/notifications?limit=10 200 in 216ms
 GET /api/realtime 200 in 185ms
 GET /api/realtime 200 in 122ms
 GET /api/auth/session 200 in 151ms
 GET /api/notifications?limit=10 200 in 212ms
 GET /api/realtime 200 in 219ms
 GET /api/realtime 200 in 225ms
 GET /api/auth/session 200 in 194ms
 GET /api/realtime 200 in 167ms
 GET /api/auth/session 200 in 131ms
 GET /api/realtime 200 in 135ms
 GET /api/realtime 200 in 320ms
 GET /api/auth/session 200 in 104ms
 GET /api/realtime 200 in 3879ms
 GET /api/realtime 200 in 115ms
 GET /api/realtime 200 in 234ms
 GET /api/auth/session 200 in 105ms
 GET /api/realtime 200 in 148ms
 GET /api/auth/session 200 in 119ms
 GET /api/realtime 200 in 94ms
 GET /api/auth/session 200 in 67ms
 GET /api/realtime 200 in 4150ms
 GET /api/auth/session 200 in 76ms
 ✓ Compiled in 1435ms (1603 modules)
 ✓ Compiled in 724ms (1603 modules)
 ✓ Compiled in 741ms (1603 modules)
 ✓ Compiled in 778ms (1603 modules)
prisma:error Error in PostgreSQL connection: Error { kind: Db, cause: Some(DbError { severity: "FATAL", parsed_severity: Some(Fatal), code: SqlState(E57P05), message: "terminating connection due to idle-session timeout", detail: None, hint: None, position: None, where_: None, schema: None, table: None, column: None, datatype: None, constraint: None, file: Some("postgres.c"), line: Some(3472), routine: Some("ProcessInterrupts") }) }
prisma:error Error in PostgreSQL connection: Error { kind: Db, cause: Some(DbError { severity: "FATAL", parsed_severity: Some(Fatal), code: SqlState(E57P05), message: "terminating connection due to idle-session timeout", detail: None, hint: None, position: None, where_: None, schema: None, table: None, column: None, datatype: None, constraint: None, file: Some("postgres.c"), line: Some(3472), routine: Some("ProcessInterrupts") }) }
prisma:error Error in PostgreSQL connection: Error { kind: Db, cause: Some(DbError { severity: "FATAL", parsed_severity: Some(Fatal), code: SqlState(E57P05), message: "terminating connection due to idle-session timeout", detail: None, hint: None, position: None, where_: None, schema: None, table: None, column: None, datatype: None, constraint: None, file: Some("postgres.c"), line: Some(3472), routine: Some("ProcessInterrupts") }) }
[?25h
