  ▲ Next.js 14.2.28
  - Local:        http://localhost:3000
  - Environments: .env
  - Experiments (use with caution):
    · outputFileTracingRoot

 ✓ Starting...
 ✓ Ready in 1547ms
 ○ Compiling / ...
 ✓ Compiled / in 2.5s (596 modules)
 GET / 200 in 3113ms
 ✓ Compiled in 629ms (296 modules)
 ○ Compiling /api/auth/[...nextauth] ...
 ✓ Compiled /api/auth/[...nextauth] in 599ms (541 modules)
 GET /api/auth/providers 200 in 1114ms
 GET / 200 in 153ms
 GET /api/auth/session 200 in 85ms
 GET /api/auth/session 200 in 63ms
 ○ Compiling /signup ...
 ✓ Compiled /signup in 817ms (881 modules)
 GET /signup 200 in 993ms
 GET /login 200 in 1004ms
 GET /api/auth/session 200 in 72ms
 GET /api/auth/session 200 in 50ms
 GET /api/auth/session 200 in 51ms
 GET /api/auth/session 200 in 48ms
 GET /api/auth/session 200 in 65ms
 GET /api/auth/csrf 200 in 65ms
 ✓ Compiled /api/signup in 145ms (597 modules)
 POST /api/signup 200 in 641ms
 GET / 200 in 100ms
 GET /api/auth/signin 302 in 80ms
 GET /login?callbackUrl=https://7d18e9f2f.preview.abacusai.app 200 in 67ms
 GET /api/auth/csrf 200 in 52ms
 POST /api/auth/callback/credentials 302 in 364ms
 ✓ Compiled /middleware in 337ms (174 modules)
 ○ Compiling /dashboard ...
 ✓ Compiled /dashboard in 2s (2849 modules)
 GET /dashboard 200 in 2324ms
 GET / 200 in 82ms
 GET /dashboard 200 in 89ms
 GET /api/auth/session 200 in 84ms
 ✓ Compiled /api/realtime in 323ms (1577 modules)
 ✓ Compiled (1580 modules)
 GET /api/auth/session 200 in 699ms
 GET /api/notifications?limit=10 200 in 727ms
 GET /api/realtime 200 in 397ms
 GET /api/auth/session 200 in 95ms
 GET /api/notifications?limit=10 200 in 114ms
 GET /api/realtime 200 in 119ms
 GET /api/auth/session 200 in 64ms
 GET /api/notifications?limit=10 200 in 127ms
 GET /api/realtime 200 in 114ms
 GET /api/auth/session 200 in 92ms
 GET /api/notifications?limit=10 200 in 108ms
 GET /api/auth/session 200 in 90ms
 GET /api/realtime 200 in 131ms
 GET /api/realtime 200 in 65ms
 GET /api/realtime 200 in 69ms
 GET /api/realtime 200 in 65ms
 GET /api/realtime 200 in 67ms
 GET /api/realtime 200 in 63ms
 GET /api/realtime 200 in 72ms
 GET /api/realtime 200 in 69ms
 GET /api/realtime 200 in 79ms
 GET /api/realtime 200 in 62ms
 GET /api/realtime 200 in 73ms
 GET /api/realtime 200 in 66ms
 GET /api/realtime 200 in 66ms
 GET /api/realtime 200 in 63ms
 GET /api/realtime 200 in 68ms
 GET /api/realtime 200 in 64ms
 GET /api/realtime 200 in 74ms
 GET /api/realtime 200 in 66ms
 GET /api/realtime 200 in 71ms
 GET /api/realtime 200 in 68ms
 GET /api/realtime 200 in 66ms
 GET /api/realtime 200 in 68ms
 GET /api/realtime 200 in 64ms
 GET /api/realtime 200 in 65ms
 GET /api/realtime 200 in 66ms
 GET /api/realtime 200 in 63ms
 GET /api/realtime 200 in 65ms
 GET /api/realtime 200 in 66ms
 GET /api/realtime 200 in 63ms
 GET /api/realtime 200 in 68ms
 GET /api/realtime 200 in 76ms
 GET /api/realtime 200 in 77ms
 GET /api/realtime 200 in 66ms
 GET /api/realtime 200 in 71ms
 GET /api/realtime 200 in 66ms
 GET /api/realtime 200 in 79ms
 GET /api/realtime 200 in 78ms
 GET /api/realtime 200 in 67ms
 GET /api/realtime 200 in 71ms
 GET /api/realtime 200 in 111ms
 GET /api/realtime 200 in 67ms
 GET /api/realtime 200 in 70ms
 GET /api/realtime 200 in 70ms
 GET /api/realtime 200 in 70ms
 GET /api/realtime 200 in 73ms
 GET /api/realtime 200 in 69ms
 GET /api/realtime 200 in 67ms
 GET /api/realtime 200 in 69ms
 GET /api/realtime 200 in 66ms
 GET /api/realtime 200 in 67ms
 GET /api/realtime 200 in 72ms
 GET /api/realtime 200 in 67ms
 GET /api/realtime 200 in 72ms
 GET /api/realtime 200 in 92ms
 GET /api/realtime 200 in 84ms
 GET /api/realtime 200 in 132ms
 GET /api/realtime 200 in 74ms
 GET /api/realtime 200 in 66ms
 GET /api/realtime 200 in 79ms
 GET /api/realtime 200 in 66ms
 GET /api/realtime 200 in 27ms
 GET /api/realtime 200 in 6992ms
 ○ Compiling /meetings ...
 ✓ Compiled /meetings in 2.7s (3352 modules)
 GET /projects/new 200 in 3567ms
 GET /daily-reports 200 in 3650ms
 GET /punch-lists 200 in 3589ms
 GET /equipment 200 in 3591ms
 GET /change-orders 200 in 3591ms
 GET /rfis 200 in 3660ms
 GET /reports 200 in 3605ms
 GET /submittals 200 in 3606ms
 GET /safety 200 in 3606ms
 GET /settings 200 in 3607ms
 GET /documents 200 in 3607ms
 GET /meetings 200 in 3633ms
 GET /projects 200 in 3642ms
 GET /tasks 200 in 3654ms
 GET /inspections 200 in 3736ms
 GET /company 200 in 3681ms
 GET /team 200 in 3685ms
 GET /api/notifications?limit=10 200 in 264ms
 GET /api/realtime 200 in 222ms
 GET /api/realtime 200 in 274ms
 GET /api/auth/session 200 in 301ms
 GET /api/realtime 200 in 274ms
 GET /api/realtime 200 in 275ms
 GET /api/realtime 200 in 248ms
 GET /api/realtime 200 in 213ms
 GET /api/realtime 200 in 241ms
 GET /api/realtime 200 in 316ms
 GET /api/realtime 200 in 395ms
 GET /api/notifications?limit=10 200 in 592ms
 GET /api/realtime 200 in 472ms
 GET /api/realtime 200 in 456ms
 GET /api/auth/session 200 in 586ms
 GET /api/realtime 200 in 654ms
 GET /api/realtime 200 in 705ms
 GET /api/realtime 200 in 245ms
 GET /api/realtime 200 in 644ms
 GET /api/realtime 200 in 475ms
 GET /api/realtime 200 in 475ms
 GET /api/realtime 200 in 684ms
 GET /api/realtime 200 in 544ms
 GET /api/realtime 200 in 373ms
 GET /api/realtime 200 in 718ms
 ○ Compiling /api/company/stats ...
 ✓ Compiled /api/company/stats in 3s (1858 modules)
 GET /api/realtime 200 in 4186ms
 GET /api/realtime 200 in 3823ms
 GET /api/realtime 200 in 3741ms
 GET /api/realtime 200 in 3839ms
 GET /api/auth/session 200 in 4046ms
 GET /api/realtime 200 in 3761ms
 GET /api/realtime 200 in 3876ms
 GET /api/realtime 200 in 3755ms
prisma:error 
Invalid `_lib_db__WEBPACK_IMPORTED_MODULE_3__.prisma.activityLog.count()` invocation in
/home/ubuntu/cortexbuild_pro/nextjs_space/.next/server/app/api/company/stats/route.js:397:69

  394         }
  395     }
  396 }),
→ 397 _lib_db__WEBPACK_IMPORTED_MODULE_3__.prisma.activityLog.count(
Too many database connections opened: FATAL: too many connections for role "role_ddaacb0a0"
Prisma Accelerate has built-in connection pooling to prevent such errors: https://pris.ly/client/error-accelerate
 GET /api/company/stats 500 in 4292ms
prisma:error 
Invalid `_lib_db__WEBPACK_IMPORTED_MODULE_3__.prisma.task.groupBy()` invocation in
/home/ubuntu/cortexbuild_pro/nextjs_space/.next/server/app/api/company/stats/route.js:407:62

  404         }
  405     }
  406 }),
→ 407 _lib_db__WEBPACK_IMPORTED_MODULE_3__.prisma.task.groupBy(
Too many database connections opened: FATAL: too many connections for role "role_ddaacb0a0"
Prisma Accelerate has built-in connection pooling to prevent such errors: https://pris.ly/client/error-accelerate
prisma:error 
Invalid `prisma.$queryRaw()` invocation:


Too many database connections opened: FATAL: too many connections for role "role_ddaacb0a0"
Prisma Accelerate has built-in connection pooling to prevent such errors: https://pris.ly/client/error-accelerate
prisma:error 
Invalid `_lib_db__WEBPACK_IMPORTED_MODULE_3__.prisma.rFI.count()` invocation in
/home/ubuntu/cortexbuild_pro/nextjs_space/.next/server/app/api/company/stats/route.js:338:61

  335         }
  336     }
  337 }),
→ 338 _lib_db__WEBPACK_IMPORTED_MODULE_3__.prisma.rFI.count(
Too many database connections opened: FATAL: too many connections for role "role_ddaacb0a0"
Prisma Accelerate has built-in connection pooling to prevent such errors: https://pris.ly/client/error-accelerate
prisma:error 
Invalid `_lib_db__WEBPACK_IMPORTED_MODULE_3__.prisma.changeOrder.count()` invocation in
/home/ubuntu/cortexbuild_pro/nextjs_space/.next/server/app/api/company/stats/route.js:366:69

  363         }
  364     }
  365 }),
→ 366 _lib_db__WEBPACK_IMPORTED_MODULE_3__.prisma.changeOrder.count(
Too many database connections opened: FATAL: too many connections for role "role_ddaacb0a0"
Prisma Accelerate has built-in connection pooling to prevent such errors: https://pris.ly/client/error-accelerate
prisma:error 
Invalid `_lib_db__WEBPACK_IMPORTED_MODULE_3__.prisma.safetyIncident.count()` invocation in
/home/ubuntu/cortexbuild_pro/nextjs_space/.next/server/app/api/company/stats/route.js:373:72

  370         }
  371     }
  372 }),
→ 373 _lib_db__WEBPACK_IMPORTED_MODULE_3__.prisma.safetyIncident.count(
Too many database connections opened: FATAL: too many connections for role "role_ddaacb0a0"
Prisma Accelerate has built-in connection pooling to prevent such errors: https://pris.ly/client/error-accelerate
prisma:error 
Invalid `_lib_db__WEBPACK_IMPORTED_MODULE_3__.prisma.document.count()` invocation in
/home/ubuntu/cortexbuild_pro/nextjs_space/.next/server/app/api/company/stats/route.js:390:66

  387         }
  388     }
  389 }),
→ 390 _lib_db__WEBPACK_IMPORTED_MODULE_3__.prisma.document.count(
Too many database connections opened: FATAL: too many connections for role "role_ddaacb0a0"
Prisma Accelerate has built-in connection pooling to prevent such errors: https://pris.ly/client/error-accelerate
 GET /api/realtime 200 in 3783ms
 GET /api/realtime 200 in 3784ms
 GET /api/realtime 200 in 3784ms
 GET /api/notifications?limit=10 200 in 4155ms
 GET /api/realtime 200 in 3761ms
 GET /api/realtime 200 in 3744ms
 GET /api/realtime 200 in 128ms
 GET /api/realtime 200 in 3986ms
 GET /api/realtime 200 in 290ms
 GET /api/realtime 200 in 403ms
 GET /api/realtime 200 in 394ms
prisma:error 
Invalid `_lib_db__WEBPACK_IMPORTED_MODULE_3__.prisma.safetyIncident.count()` invocation in
/home/ubuntu/cortexbuild_pro/nextjs_space/.next/server/app/api/company/stats/route.js:373:72

  370         }
  371     }
  372 }),
→ 373 _lib_db__WEBPACK_IMPORTED_MODULE_3__.prisma.safetyIncident.count(
Too many database connections opened: FATAL: too many connections for role "role_ddaacb0a0"
Prisma Accelerate has built-in connection pooling to prevent such errors: https://pris.ly/client/error-accelerate
 GET /api/company/stats 500 in 404ms
prisma:error 
Invalid `_lib_db__WEBPACK_IMPORTED_MODULE_3__.prisma.safetyIncident.count()` invocation in
/home/ubuntu/cortexbuild_pro/nextjs_space/.next/server/app/api/company/stats/route.js:380:72

  377         }
  378     }
  379 }),
→ 380 _lib_db__WEBPACK_IMPORTED_MODULE_3__.prisma.safetyIncident.count(
Too many database connections opened: FATAL: too many connections for role "role_ddaacb0a0"
Prisma Accelerate has built-in connection pooling to prevent such errors: https://pris.ly/client/error-accelerate
prisma:error 
Invalid `_lib_db__WEBPACK_IMPORTED_MODULE_3__.prisma.document.count()` invocation in
/home/ubuntu/cortexbuild_pro/nextjs_space/.next/server/app/api/company/stats/route.js:390:66

  387         }
  388     }
  389 }),
→ 390 _lib_db__WEBPACK_IMPORTED_MODULE_3__.prisma.document.count(
Too many database connections opened: FATAL: too many connections for role "role_ddaacb0a0"
Prisma Accelerate has built-in connection pooling to prevent such errors: https://pris.ly/client/error-accelerate
prisma:error 
Invalid `_lib_db__WEBPACK_IMPORTED_MODULE_3__.prisma.activityLog.count()` invocation in
/home/ubuntu/cortexbuild_pro/nextjs_space/.next/server/app/api/company/stats/route.js:397:69

  394         }
  395     }
  396 }),
→ 397 _lib_db__WEBPACK_IMPORTED_MODULE_3__.prisma.activityLog.count(
Too many database connections opened: FATAL: too many connections for role "role_ddaacb0a0"
Prisma Accelerate has built-in connection pooling to prevent such errors: https://pris.ly/client/error-accelerate
prisma:error 
Invalid `_lib_db__WEBPACK_IMPORTED_MODULE_3__.prisma.task.groupBy()` invocation in
/home/ubuntu/cortexbuild_pro/nextjs_space/.next/server/app/api/company/stats/route.js:407:62

  404         }
  405     }
  406 }),
→ 407 _lib_db__WEBPACK_IMPORTED_MODULE_3__.prisma.task.groupBy(
Too many database connections opened: FATAL: too many connections for role "role_ddaacb0a0"
Prisma Accelerate has built-in connection pooling to prevent such errors: https://pris.ly/client/error-accelerate
prisma:error 
Invalid `_lib_db__WEBPACK_IMPORTED_MODULE_3__.prisma.project.groupBy()` invocation in
/home/ubuntu/cortexbuild_pro/nextjs_space/.next/server/app/api/company/stats/route.js:418:65

  415     },
  416     _count: true
  417 }),
→ 418 _lib_db__WEBPACK_IMPORTED_MODULE_3__.prisma.project.groupBy(
Too many database connections opened: FATAL: too many connections for role "role_ddaacb0a0"
Prisma Accelerate has built-in connection pooling to prevent such errors: https://pris.ly/client/error-accelerate
prisma:error 
Invalid `_lib_db__WEBPACK_IMPORTED_MODULE_3__.prisma.user.groupBy()` invocation in
/home/ubuntu/cortexbuild_pro/nextjs_space/.next/server/app/api/company/stats/route.js:427:62

  424     },
  425     _count: true
  426 }),
→ 427 _lib_db__WEBPACK_IMPORTED_MODULE_3__.prisma.user.groupBy(
Too many database connections opened: FATAL: too many connections for role "role_ddaacb0a0"
Prisma Accelerate has built-in connection pooling to prevent such errors: https://pris.ly/client/error-accelerate
 GET /api/realtime 200 in 590ms
 GET /api/auth/session 200 in 572ms
 GET /api/notifications?limit=10 200 in 561ms
 GET /api/realtime 200 in 633ms
 GET /api/realtime 200 in 603ms
 GET /api/realtime 200 in 742ms
 GET /api/realtime 200 in 782ms
 GET /api/realtime 200 in 795ms
 GET /api/realtime 200 in 580ms
 GET /api/notifications?limit=10 200 in 271ms
 GET /api/realtime 200 in 6169ms
 GET /api/realtime 200 in 411ms
 GET /api/realtime 200 in 413ms
 GET /api/realtime 200 in 618ms
 GET /api/realtime 200 in 371ms
prisma:error 
Invalid `_lib_db__WEBPACK_IMPORTED_MODULE_3__.prisma.project.groupBy()` invocation in
/home/ubuntu/cortexbuild_pro/nextjs_space/.next/server/app/api/company/stats/route.js:418:65

  415     },
  416     _count: true
  417 }),
→ 418 _lib_db__WEBPACK_IMPORTED_MODULE_3__.prisma.project.groupBy(
Too many database connections opened: FATAL: too many connections for role "role_ddaacb0a0"
Prisma Accelerate has built-in connection pooling to prevent such errors: https://pris.ly/client/error-accelerate
 GET /api/company/stats 500 in 476ms
prisma:error 
Invalid `_lib_db__WEBPACK_IMPORTED_MODULE_3__.prisma.user.groupBy()` invocation in
/home/ubuntu/cortexbuild_pro/nextjs_space/.next/server/app/api/company/stats/route.js:427:62

  424     },
  425     _count: true
  426 }),
→ 427 _lib_db__WEBPACK_IMPORTED_MODULE_3__.prisma.user.groupBy(
Too many database connections opened: FATAL: too many connections for role "role_ddaacb0a0"
Prisma Accelerate has built-in connection pooling to prevent such errors: https://pris.ly/client/error-accelerate
prisma:error 
Invalid `prisma.$queryRaw()` invocation:


Too many database connections opened: FATAL: too many connections for role "role_ddaacb0a0"
Prisma Accelerate has built-in connection pooling to prevent such errors: https://pris.ly/client/error-accelerate
prisma:error 
Invalid `_lib_db__WEBPACK_IMPORTED_MODULE_3__.prisma.project.findMany()` invocation in
/home/ubuntu/cortexbuild_pro/nextjs_space/.next/server/app/api/company/stats/route.js:444:65

  441   GROUP BY DATE("createdAt")
  442   ORDER BY date ASC
  443 `,
→ 444       _lib_db__WEBPACK_IMPORTED_MODULE_3__.prisma.project.findMany(
Too many database connections opened: FATAL: too many connections for role "role_ddaacb0a0"
Prisma Accelerate has built-in connection pooling to prevent such errors: https://pris.ly/client/error-accelerate
prisma:error 
Invalid `_lib_db__WEBPACK_IMPORTED_MODULE_3__.prisma.task.count()` invocation in
/home/ubuntu/cortexbuild_pro/nextjs_space/.next/server/app/api/company/stats/route.js:316:62

  313         status: "COMPLETE"
  314     }
  315 }),
→ 316 _lib_db__WEBPACK_IMPORTED_MODULE_3__.prisma.task.count(
Too many database connections opened: FATAL: too many connections for role "role_ddaacb0a0"
Prisma Accelerate has built-in connection pooling to prevent such errors: https://pris.ly/client/error-accelerate
prisma:error 
Invalid `_lib_db__WEBPACK_IMPORTED_MODULE_3__.prisma.submittal.count()` invocation in
/home/ubuntu/cortexbuild_pro/nextjs_space/.next/server/app/api/company/stats/route.js:353:67

  350         }
  351     }
  352 }),
→ 353 _lib_db__WEBPACK_IMPORTED_MODULE_3__.prisma.submittal.count(
Too many database connections opened: FATAL: too many connections for role "role_ddaacb0a0"
Prisma Accelerate has built-in connection pooling to prevent such errors: https://pris.ly/client/error-accelerate
prisma:error 
Invalid `_lib_db__WEBPACK_IMPORTED_MODULE_3__.prisma.task.groupBy()` invocation in
/home/ubuntu/cortexbuild_pro/nextjs_space/.next/server/app/api/company/stats/route.js:407:62

  404         }
  405     }
  406 }),
→ 407 _lib_db__WEBPACK_IMPORTED_MODULE_3__.prisma.task.groupBy(
Too many database connections opened: FATAL: too many connections for role "role_ddaacb0a0"
Prisma Accelerate has built-in connection pooling to prevent such errors: https://pris.ly/client/error-accelerate
 GET /api/realtime 200 in 378ms
 GET /api/auth/session 200 in 398ms
 GET /api/realtime 200 in 6324ms
 GET /api/realtime 200 in 146ms
 GET /api/realtime 200 in 384ms
 GET /api/realtime 200 in 414ms
 GET /api/realtime 200 in 341ms
 GET /api/realtime 200 in 6369ms
 GET /api/realtime 200 in 409ms
 GET /api/notifications?limit=10 200 in 185ms
 GET /api/realtime 200 in 6136ms
 GET /api/realtime 200 in 190ms
 GET /api/realtime 200 in 241ms
 GET /api/realtime 200 in 244ms
 GET /api/realtime 200 in 6423ms
 GET /api/realtime 200 in 154ms
 GET /api/realtime 200 in 6005ms
 GET /api/realtime 200 in 168ms
 GET /api/realtime 200 in 168ms
 GET /api/realtime 200 in 6603ms
 GET /api/notifications?limit=10 200 in 170ms
 GET /api/realtime 200 in 6279ms
 GET /api/realtime 200 in 197ms
prisma:error 
Invalid `prisma.$queryRaw()` invocation:


Too many database connections opened: FATAL: too many connections for role "role_ddaacb0a0"
Prisma Accelerate has built-in connection pooling to prevent such errors: https://pris.ly/client/error-accelerate
 GET /api/company/stats 500 in 319ms
prisma:error 
Invalid `_lib_db__WEBPACK_IMPORTED_MODULE_3__.prisma.project.findMany()` invocation in
/home/ubuntu/cortexbuild_pro/nextjs_space/.next/server/app/api/company/stats/route.js:444:65

  441   GROUP BY DATE("createdAt")
  442   ORDER BY date ASC
  443 `,
→ 444       _lib_db__WEBPACK_IMPORTED_MODULE_3__.prisma.project.findMany(
Too many database connections opened: FATAL: too many connections for role "role_ddaacb0a0"
Prisma Accelerate has built-in connection pooling to prevent such errors: https://pris.ly/client/error-accelerate
prisma:error 
Invalid `_lib_db__WEBPACK_IMPORTED_MODULE_3__.prisma.rFI.count()` invocation in
/home/ubuntu/cortexbuild_pro/nextjs_space/.next/server/app/api/company/stats/route.js:331:61

  328         }
  329     }
  330 }),
→ 331 _lib_db__WEBPACK_IMPORTED_MODULE_3__.prisma.rFI.count(
Too many database connections opened: FATAL: too many connections for role "role_ddaacb0a0"
Prisma Accelerate has built-in connection pooling to prevent such errors: https://pris.ly/client/error-accelerate
prisma:error 
Invalid `_lib_db__WEBPACK_IMPORTED_MODULE_3__.prisma.changeOrder.count()` invocation in
/home/ubuntu/cortexbuild_pro/nextjs_space/.next/server/app/api/company/stats/route.js:366:69

  363         }
  364     }
  365 }),
→ 366 _lib_db__WEBPACK_IMPORTED_MODULE_3__.prisma.changeOrder.count(
Too many database connections opened: FATAL: too many connections for role "role_ddaacb0a0"
Prisma Accelerate has built-in connection pooling to prevent such errors: https://pris.ly/client/error-accelerate
prisma:error 
Invalid `_lib_db__WEBPACK_IMPORTED_MODULE_3__.prisma.safetyIncident.count()` invocation in
/home/ubuntu/cortexbuild_pro/nextjs_space/.next/server/app/api/company/stats/route.js:373:72

  370         }
  371     }
  372 }),
→ 373 _lib_db__WEBPACK_IMPORTED_MODULE_3__.prisma.safetyIncident.count(
Too many database connections opened: FATAL: too many connections for role "role_ddaacb0a0"
Prisma Accelerate has built-in connection pooling to prevent such errors: https://pris.ly/client/error-accelerate
prisma:error 
Invalid `_lib_db__WEBPACK_IMPORTED_MODULE_3__.prisma.activityLog.count()` invocation in
/home/ubuntu/cortexbuild_pro/nextjs_space/.next/server/app/api/company/stats/route.js:397:69

  394         }
  395     }
  396 }),
→ 397 _lib_db__WEBPACK_IMPORTED_MODULE_3__.prisma.activityLog.count(
Too many database connections opened: FATAL: too many connections for role "role_ddaacb0a0"
Prisma Accelerate has built-in connection pooling to prevent such errors: https://pris.ly/client/error-accelerate
prisma:error 
Invalid `_lib_db__WEBPACK_IMPORTED_MODULE_3__.prisma.user.groupBy()` invocation in
/home/ubuntu/cortexbuild_pro/nextjs_space/.next/server/app/api/company/stats/route.js:427:62

  424     },
  425     _count: true
  426 }),
→ 427 _lib_db__WEBPACK_IMPORTED_MODULE_3__.prisma.user.groupBy(
Too many database connections opened: FATAL: too many connections for role "role_ddaacb0a0"
Prisma Accelerate has built-in connection pooling to prevent such errors: https://pris.ly/client/error-accelerate
 GET /api/realtime 200 in 5472ms
 GET /api/realtime 200 in 280ms
 GET /api/auth/session 200 in 176ms
 GET /api/auth/session 200 in 176ms
 GET /api/auth/session 200 in 169ms
 GET /api/auth/session 200 in 166ms
 GET /api/auth/session 200 in 167ms
 GET /api/auth/session 200 in 168ms
 GET /api/auth/session 200 in 168ms
 GET /api/auth/session 200 in 168ms
 GET /api/auth/session 200 in 169ms
 GET /api/auth/session 200 in 169ms
 GET /api/notifications?limit=10 200 in 205ms
 GET /api/realtime 200 in 123ms
 GET /api/auth/session 200 in 108ms
 GET /api/notifications?limit=10 200 in 101ms
 GET /api/realtime 200 in 117ms
 GET /api/notifications?limit=10 200 in 80ms
 GET /api/realtime 200 in 73ms
 GET /api/notifications?limit=10 200 in 80ms
 GET /api/realtime 200 in 99ms
 GET /api/realtime 200 in 65ms
 GET /api/realtime 200 in 69ms
 GET /api/realtime 200 in 68ms
 GET /api/realtime 200 in 81ms
 GET /api/realtime 200 in 69ms
 GET /api/realtime 200 in 75ms
 GET /api/realtime 200 in 90ms
 GET /api/realtime 200 in 74ms
 GET /api/realtime 200 in 68ms
 GET /api/realtime 200 in 76ms
 GET /api/realtime 200 in 66ms
 GET /api/realtime 200 in 68ms
 GET /api/realtime 200 in 81ms
 GET /api/realtime 200 in 74ms
 GET /api/realtime 200 in 79ms
 GET /api/realtime 200 in 80ms
 GET /api/realtime 200 in 73ms
 GET /api/realtime 200 in 70ms
 GET /api/realtime 200 in 73ms
 GET /api/realtime 200 in 86ms
 GET /api/realtime 200 in 72ms
 GET /api/realtime 200 in 72ms
 GET /api/realtime 200 in 82ms
 GET /api/realtime 200 in 72ms
 GET /api/realtime 200 in 74ms
 GET /api/realtime 200 in 69ms
 GET /api/realtime 200 in 118ms
 GET /api/realtime 200 in 93ms
 GET /api/realtime 200 in 68ms
 GET /api/realtime 200 in 76ms
 GET /api/realtime 200 in 79ms
 GET /api/realtime 200 in 83ms
 GET /api/realtime 200 in 169ms
 GET /api/realtime 200 in 82ms
 GET /api/realtime 200 in 73ms
 GET /api/realtime 200 in 68ms
 GET /api/realtime 200 in 70ms
 GET /api/realtime 200 in 9976ms
 ○ Compiling /company/settings ...
 ✓ Compiled /company/settings in 3.3s (3490 modules)
 GET /company/usage 200 in 3647ms
 GET /company/invitations 200 in 3647ms
 GET /company/settings 307 in 3603ms
 GET /company/team 200 in 3648ms
 GET /dashboard 200 in 250ms
 GET /projects/project-downtown-office 200 in 3993ms
 GET /projects/project-mall-renovation 200 in 3972ms
 GET /projects/project-riverside-homes 200 in 3903ms
 GET /api/auth/session 200 in 227ms
 ○ Compiling /api/company/invitations ...
 ✓ Compiled /api/company/invitations in 989ms (1940 modules)
 GET /api/realtime 200 in 1390ms
 GET /api/realtime 200 in 1087ms
 GET /api/realtime 200 in 1380ms
 GET /api/realtime 200 in 1120ms
 GET /api/auth/session 200 in 1838ms
 GET /api/notifications?limit=10 200 in 1784ms
 GET /api/company/invitations? 200 in 2048ms
 GET /api/realtime 200 in 134ms
 GET /api/notifications?limit=10 200 in 200ms
 GET /api/realtime 200 in 244ms
 GET /api/realtime 200 in 245ms
 GET /api/realtime 200 in 245ms
 GET /api/auth/session 200 in 222ms
 GET /api/company/invitations? 200 in 209ms
 GET /api/realtime 200 in 181ms
 GET /api/realtime 200 in 152ms
 GET /api/notifications?limit=10 200 in 288ms
 GET /api/realtime 200 in 301ms
 GET /api/realtime 200 in 316ms
 GET /api/auth/session 200 in 336ms
 GET /api/company/invitations? 200 in 377ms
 GET /api/notifications?limit=10 200 in 161ms
 GET /api/realtime 200 in 367ms
 GET /api/realtime 200 in 435ms
 GET /api/realtime 200 in 171ms
 GET /api/realtime 200 in 178ms
 GET /api/auth/session 200 in 207ms
 GET /api/company/invitations? 200 in 215ms
 GET /api/notifications?limit=10 200 in 180ms
 GET /api/realtime 200 in 195ms
 GET /api/realtime 200 in 199ms
 GET /api/realtime 200 in 196ms
 GET /api/realtime 200 in 148ms
 GET /api/auth/session 200 in 144ms
 GET /api/realtime 200 in 225ms
 GET /api/realtime 200 in 225ms
 GET /api/notifications?limit=10 200 in 193ms
 GET /api/realtime 200 in 211ms
 GET /api/realtime 200 in 224ms
 GET /api/auth/session 200 in 245ms
 GET /api/realtime 200 in 166ms
 GET /api/notifications?limit=10 200 in 188ms
 GET /api/realtime 200 in 209ms
 GET /api/realtime 200 in 268ms
 GET /api/realtime 200 in 216ms
 GET /api/realtime 200 in 73ms
 GET /api/auth/session 200 in 156ms
 GET /api/realtime 200 in 117ms
 GET /api/realtime 200 in 113ms
 GET /api/realtime 200 in 208ms
 GET /api/auth/session 200 in 189ms
 GET /api/notifications?limit=10 200 in 195ms
 GET /api/realtime 200 in 88ms
 GET /api/realtime 200 in 222ms
 GET /api/realtime 200 in 173ms
 GET /api/realtime 200 in 171ms
 GET /api/realtime 200 in 153ms
 GET /api/auth/session 200 in 194ms
 GET /api/notifications?limit=10 200 in 195ms
 GET /api/realtime 200 in 215ms
 GET /api/realtime 200 in 154ms
 GET /api/realtime 200 in 164ms
 GET /api/realtime 200 in 165ms
 GET /api/auth/session 200 in 189ms
 GET /api/realtime 200 in 214ms
 GET /api/notifications?limit=10 200 in 202ms
 GET /api/realtime 200 in 220ms
 GET /api/realtime 200 in 195ms
 GET /api/realtime 200 in 190ms
 GET /api/auth/session 200 in 136ms
 GET /api/realtime 200 in 176ms
 GET /api/notifications?limit=10 200 in 179ms
 GET /api/realtime 200 in 180ms
 GET /api/realtime 200 in 236ms
 GET /api/realtime 200 in 299ms
 GET /api/auth/session 200 in 300ms
 GET /api/notifications?limit=10 200 in 354ms
 GET /api/realtime 200 in 375ms
 GET /api/realtime 200 in 363ms
 GET /api/realtime 200 in 272ms
 GET /api/realtime 200 in 314ms
 GET /api/auth/session 200 in 248ms
 GET /api/notifications?limit=10 200 in 210ms
 GET /api/realtime 200 in 200ms
 GET /api/realtime 200 in 170ms
 GET /api/realtime 200 in 173ms
 GET /api/realtime 200 in 201ms
 GET /api/auth/session 200 in 197ms
 GET /api/realtime 200 in 5100ms
 GET /api/notifications?limit=10 200 in 188ms
 GET /api/realtime 200 in 5034ms
 GET /api/realtime 200 in 167ms
 GET /api/realtime 200 in 186ms
 GET /api/realtime 200 in 179ms
 GET /api/auth/session 200 in 132ms
 GET /api/notifications?limit=10 200 in 137ms
 GET /api/realtime 200 in 147ms
 GET /api/auth/session 200 in 138ms
 GET /api/notifications?limit=10 200 in 145ms
 GET /api/realtime 200 in 124ms
 GET /api/realtime 200 in 168ms
 GET /api/auth/session 200 in 117ms
 GET /api/realtime 200 in 111ms
 GET /api/realtime 200 in 181ms
 GET /api/auth/session 200 in 219ms
 GET /api/realtime 200 in 256ms
 GET /api/auth/session 200 in 124ms
 GET /api/realtime 200 in 183ms
 GET /api/realtime 200 in 128ms
 GET /api/auth/session 200 in 142ms
 GET /api/realtime 200 in 162ms
 GET /api/auth/session 200 in 90ms
 GET /api/auth/session 200 in 86ms
 GET /api/realtime 200 in 361ms
 GET /api/realtime 200 in 141ms
 GET /api/realtime 200 in 143ms
 GET /api/auth/session 200 in 139ms
 GET /api/realtime 200 in 192ms
 GET /api/realtime 200 in 86ms
 GET /api/realtime 200 in 134ms
 GET /api/auth/session 200 in 108ms
 GET /api/realtime 200 in 96ms
 GET /api/realtime 200 in 92ms
 GET /api/realtime 200 in 6869ms
 GET /api/auth/session 200 in 78ms
 GET /api/realtime 200 in 138ms
 GET /api/auth/session 200 in 74ms
 GET /api/realtime 200 in 6733ms
 GET /api/auth/session 200 in 78ms
[?25h
