  ▲ Next.js 14.2.28
  - Local:        http://localhost:3000
  - Environments: .env
  - Experiments (use with caution):
    · outputFileTracingRoot

 ✓ Starting...
 ✓ Ready in 2.5s
 ○ Compiling / ...
 ✓ Compiled / in 1905ms (596 modules)
 GET / 200 in 2464ms
 ✓ Compiled in 516ms (296 modules)
 GET / 200 in 76ms
 GET / 200 in 61ms
 GET / 200 in 89ms
 ✓ Compiled /api/auth/[...nextauth] in 475ms (541 modules)
 GET /api/auth/session 200 in 978ms
 GET /api/auth/session 200 in 63ms
 GET / 200 in 99ms
 GET / 200 in 62ms
 GET / 200 in 64ms
 GET / 200 in 62ms
 GET / 200 in 64ms
 GET / 200 in 67ms
 ✓ Compiled in 522ms (296 modules)
 ✓ Compiled in 398ms (296 modules)
 ✓ Compiled in 385ms (296 modules)
 ✓ Compiled in 523ms (296 modules)
 ✓ Compiled in 357ms (296 modules)
 ✓ Compiled in 462ms (296 modules)
 ✓ Compiled in 429ms (296 modules)
 ✓ Compiled in 424ms (296 modules)
 ✓ Compiled in 503ms (296 modules)
[?25h
