  ▲ Next.js 14.2.28
  - Local:        http://localhost:3000
  - Environments: .env
  - Experiments (use with caution):
    · outputFileTracingRoot

 ✓ Starting...
 ✓ Ready in 1366ms
 ○ Compiling / ...
 ✓ Compiled / in 3.1s (596 modules)
 GET / 200 in 3527ms
 ✓ Compiled in 485ms (296 modules)
 ○ Compiling /api/auth/[...nextauth] ...
 ✓ Compiled /api/auth/[...nextauth] in 673ms (541 modules)
 GET /api/auth/providers 200 in 1181ms
 GET / 200 in 103ms
 GET /api/auth/session 200 in 59ms
 GET /api/auth/session 200 in 47ms
 ○ Compiling /login ...
 ✓ Compiled /login in 790ms (881 modules)
 GET /signup 200 in 990ms
 GET /login 200 in 989ms
 GET /api/auth/session 200 in 75ms
 GET /api/auth/session 200 in 48ms
 GET /api/auth/session 200 in 48ms
 GET /api/auth/session 200 in 48ms
 GET /api/auth/session 200 in 55ms
 GET /api/auth/session 200 in 47ms
 GET /api/auth/csrf 200 in 55ms
 ✓ Compiled /api/signup in 200ms (597 modules)
 POST /api/signup 200 in 703ms
 GET / 200 in 96ms
 GET /api/auth/signin 302 in 79ms
 GET /login?callbackUrl=https://7d9c4eb47.preview.abacusai.app 200 in 70ms
 GET /api/auth/csrf 200 in 57ms
 POST /api/auth/callback/credentials 302 in 349ms
 ✓ Compiled /middleware in 220ms (174 modules)
 ○ Compiling /dashboard ...
 ✓ Compiled /dashboard in 2.8s (2849 modules)
 GET /dashboard 200 in 3168ms
 GET / 200 in 91ms
 GET /dashboard 200 in 87ms
 GET /api/auth/session 200 in 95ms
 GET /api/auth/session 200 in 64ms
 ✓ Compiled /api/realtime in 302ms (1577 modules)
 ✓ Compiled (1580 modules)
 GET /api/auth/session 200 in 652ms
 GET /api/notifications?limit=10 200 in 736ms
 GET /api/realtime 200 in 731ms
 GET /api/realtime 200 in 732ms
 GET /api/realtime 200 in 685ms
 GET /api/realtime 200 in 678ms
 GET /api/auth/session 200 in 94ms
 GET /api/notifications?limit=10 200 in 96ms
 GET /api/auth/session 200 in 73ms
 GET /api/notifications?limit=10 200 in 87ms
 GET /api/realtime 200 in 77ms
 GET /api/notifications?limit=10 200 in 74ms
 GET /api/realtime 200 in 96ms
 GET /api/realtime 200 in 59ms
 ○ Compiling /documents ...
 ✓ Compiled /documents in 5.2s (3318 modules)
 GET /projects/new 200 in 5993ms
 GET /inspections 200 in 6066ms
 GET /meetings 200 in 6051ms
 GET /equipment 200 in 6058ms
 GET /change-orders 200 in 5997ms
 GET /daily-reports 200 in 6044ms
 GET /rfis 200 in 6041ms
 GET /safety 200 in 6001ms
 GET /projects 200 in 6001ms
 GET /team 200 in 6001ms
 GET /tasks 200 in 6005ms
 GET /settings 200 in 6004ms
 GET /reports 200 in 6004ms
 GET /documents 200 in 6005ms
 GET /submittals 200 in 6007ms
 GET /company 200 in 6008ms
 GET /punch-lists 200 in 6089ms
 GET /api/notifications?limit=10 200 in 370ms
 GET /api/auth/session 200 in 414ms
 GET /api/realtime 200 in 479ms
 GET /api/realtime 200 in 377ms
 GET /api/realtime 200 in 516ms
 GET /api/realtime 200 in 504ms
 GET /api/realtime 200 in 476ms
 GET /api/realtime 200 in 470ms
 GET /api/realtime 200 in 519ms
 GET /api/realtime 200 in 418ms
 GET /api/realtime 200 in 486ms
 GET /api/notifications?limit=10 200 in 507ms
 GET /api/auth/session 200 in 489ms
 GET /api/realtime 200 in 393ms
 GET /api/realtime 200 in 366ms
 GET /api/realtime 200 in 367ms
 GET /api/realtime 200 in 369ms
 GET /api/notifications?limit=10 200 in 423ms
 GET /api/realtime 200 in 430ms
 GET /api/realtime 200 in 352ms
 GET /api/realtime 200 in 355ms
 GET /api/realtime 200 in 391ms
 GET /api/realtime 200 in 361ms
 GET /api/auth/session 200 in 468ms
 GET /api/realtime 200 in 355ms
 GET /api/realtime 200 in 335ms
 GET /api/notifications?limit=10 200 in 317ms
 GET /api/auth/session 200 in 386ms
 GET /api/realtime 200 in 299ms
 GET /api/notifications?limit=10 200 in 366ms
 GET /api/auth/session 200 in 314ms
 GET /api/notifications?limit=10 200 in 212ms
 GET /api/auth/session 200 in 152ms
 GET /api/notifications?limit=10 200 in 172ms
 GET /api/auth/session 200 in 261ms
 GET /api/notifications?limit=10 200 in 233ms
 GET /api/auth/session 200 in 220ms
 GET /api/notifications?limit=10 200 in 260ms
 GET /api/auth/session 200 in 172ms
 GET /api/notifications?limit=10 200 in 246ms
 GET /api/auth/session 200 in 161ms
 GET /api/notifications?limit=10 200 in 105ms
 GET /api/auth/session 200 in 209ms
 GET /api/notifications?limit=10 200 in 179ms
 GET /api/auth/session 200 in 272ms
 GET /api/notifications?limit=10 200 in 267ms
 GET /api/realtime 200 in 214ms
 GET /api/realtime 200 in 199ms
 GET /api/auth/session 200 in 150ms
 GET /api/notifications?limit=10 200 in 198ms
 GET /api/auth/session 200 in 151ms
 GET /api/notifications?limit=10 200 in 189ms
 GET /api/auth/session 200 in 143ms
 GET /api/realtime 200 in 161ms
 GET /api/notifications?limit=10 200 in 204ms
 GET /api/realtime 200 in 143ms
 GET /api/auth/session 200 in 290ms
 GET /api/notifications?limit=10 200 in 366ms
 GET /api/auth/session 200 in 425ms
 GET /api/realtime 200 in 505ms
 GET /api/notifications?limit=10 200 in 427ms
 GET /api/auth/session 200 in 421ms
 GET /api/realtime 200 in 401ms
 GET /api/notifications?limit=10 200 in 306ms
 GET /api/realtime 200 in 285ms
 GET /api/realtime 200 in 285ms
 GET /api/realtime 200 in 206ms
 GET /api/auth/session 200 in 221ms
 GET /api/realtime 200 in 202ms
 GET /api/realtime 200 in 204ms
 GET /api/realtime 200 in 204ms
 GET /api/realtime 200 in 204ms
 GET /api/auth/session 200 in 411ms
 GET /api/realtime 200 in 411ms
 GET /api/realtime 200 in 406ms
 GET /api/notifications?limit=10 200 in 461ms
 GET /api/notifications?limit=10 200 in 440ms
 GET /api/notifications?limit=10 200 in 439ms
 GET /api/notifications?limit=10 200 in 440ms
 GET /api/notifications?limit=10 200 in 441ms
 GET /api/notifications?limit=10 200 in 441ms
 GET /api/notifications?limit=10 200 in 442ms
 GET /api/notifications?limit=10 200 in 442ms
 GET /api/notifications?limit=10 200 in 442ms
 GET /api/notifications?limit=10 200 in 442ms
 GET /api/notifications?limit=10 200 in 443ms
 GET /api/notifications?limit=10 200 in 443ms
 GET /api/notifications?limit=10 200 in 444ms
 GET /api/notifications?limit=10 200 in 444ms
 GET /api/notifications?limit=10 200 in 445ms
 GET /api/notifications?limit=10 200 in 443ms
 GET /api/notifications?limit=10 200 in 443ms
 GET /api/notifications?limit=10 200 in 444ms
 GET /api/notifications?limit=10 200 in 444ms
 GET /api/notifications?limit=10 200 in 445ms
 GET /api/notifications?limit=10 200 in 446ms
 GET /api/notifications?limit=10 200 in 446ms
 GET /api/notifications?limit=10 200 in 446ms
 GET /api/notifications?limit=10 200 in 447ms
 GET /api/notifications?limit=10 200 in 447ms
 GET /api/notifications?limit=10 200 in 448ms
 GET /api/notifications?limit=10 200 in 448ms
 GET /api/realtime 200 in 425ms
 GET /api/notifications?limit=10 200 in 458ms
 GET /api/notifications?limit=10 500 in 465ms
 GET /api/notifications?limit=10 500 in 468ms
 GET /api/notifications?limit=10 500 in 471ms
 GET /api/notifications?limit=10 200 in 471ms
 GET /api/notifications?limit=10 500 in 475ms
 GET /api/notifications?limit=10 500 in 478ms
 GET /api/notifications?limit=10 500 in 481ms
 GET /api/notifications?limit=10 500 in 487ms
 GET /api/realtime 200 in 412ms
 GET /api/realtime 200 in 498ms
 GET /api/auth/session 200 in 420ms
 GET /api/auth/session 200 in 126ms
 GET /api/realtime 200 in 146ms
 GET /api/auth/session 200 in 131ms
 GET /api/auth/session 200 in 78ms
 GET /api/auth/session 200 in 80ms
 GET /api/auth/session 200 in 130ms
 GET /api/auth/session 200 in 77ms
 GET /api/auth/session 200 in 98ms
 GET /api/auth/session 200 in 99ms
 GET /api/realtime 200 in 66ms
 ○ Compiling /company/settings ...
 ✓ Compiled /company/settings in 3s (3395 modules)
 GET /company/team 200 in 3342ms
 GET /company/usage 200 in 3342ms
 GET /company/invitations 200 in 3362ms
 GET /company/settings 307 in 3342ms
 GET /dashboard 200 in 134ms
 GET /projects/project-downtown-office 200 in 3786ms
 GET /projects/project-mall-renovation 200 in 3766ms
 GET /projects/project-riverside-homes 200 in 3787ms
 ○ Compiling /api/company/invitations ...
 GET /api/realtime 200 in 30686ms
 GET /api/realtime 200 in 30381ms
 ✓ Compiled /api/company/invitations in 1142ms (1887 modules)
 GET /api/realtime 200 in 30127ms
 GET /api/realtime 200 in 30120ms
 GET /api/realtime 200 in 30056ms
 GET /api/realtime 200 in 30057ms
 GET /api/realtime 200 in 30140ms
 GET /api/auth/session 200 in 1862ms
 GET /api/realtime 200 in 30061ms
 GET /api/realtime 200 in 1829ms
 GET /api/realtime 200 in 30125ms
 GET /api/realtime 200 in 1728ms
 GET /api/realtime 200 in 1320ms
 GET /api/notifications?limit=10 200 in 1835ms
 GET /api/company/invitations? 200 in 2051ms
 GET /api/realtime 200 in 1323ms
 GET /api/realtime 200 in 1281ms
 GET /api/realtime 200 in 1282ms
 GET /api/realtime 200 in 1836ms
 GET /api/realtime 200 in 1282ms
 GET /api/realtime 200 in 1756ms
 GET /api/realtime 200 in 1284ms
 GET /api/realtime 200 in 1272ms
 GET /api/realtime 200 in 1285ms
 GET /api/realtime 200 in 1329ms
 GET /api/realtime 200 in 1328ms
 GET /api/realtime 200 in 1275ms
 GET /api/realtime 200 in 1282ms
 GET /api/realtime 200 in 30053ms
 GET /api/auth/session 200 in 80ms
 GET /api/realtime 200 in 30062ms
 GET /api/notifications?limit=10 200 in 133ms
 GET /api/company/invitations? 200 in 137ms
 GET /api/realtime 200 in 30056ms
 GET /api/auth/session 200 in 141ms
 GET /api/realtime 200 in 30066ms
 GET /api/realtime 200 in 30073ms
 GET /api/company/invitations? 200 in 186ms
 GET /api/notifications?limit=10 200 in 191ms
 GET /api/auth/session 200 in 144ms
 GET /api/realtime 200 in 30056ms
 GET /api/realtime 200 in 30066ms
 GET /api/realtime 200 in 120ms
 GET /api/company/invitations? 200 in 191ms
 GET /api/realtime 200 in 30060ms
 GET /api/auth/session 200 in 224ms
 GET /api/notifications?limit=10 200 in 246ms
 GET /api/realtime 200 in 30060ms
 GET /api/realtime 200 in 140ms
 GET /api/realtime 200 in 30054ms
 GET /api/realtime 200 in 30058ms
 GET /api/notifications?limit=10 200 in 176ms
 GET /api/auth/session 200 in 179ms
 GET /api/realtime 200 in 30055ms
 GET /api/notifications?limit=10 200 in 102ms
 GET /api/auth/session 200 in 150ms
 GET /api/realtime 200 in 30075ms
 GET /api/realtime 200 in 30056ms
 GET /api/notifications?limit=10 200 in 145ms
 GET /api/auth/session 200 in 107ms
 GET /api/realtime 200 in 30065ms
 GET /api/realtime 200 in 119ms
 GET /api/realtime 200 in 30054ms
 GET /api/notifications?limit=10 200 in 146ms
 GET /api/auth/session 200 in 185ms
 GET /api/realtime 200 in 30074ms
 GET /api/realtime 200 in 30082ms
 GET /api/realtime 200 in 175ms
 GET /api/notifications?limit=10 200 in 142ms
 GET /api/auth/session 200 in 149ms
 GET /api/realtime 200 in 30064ms
 GET /api/realtime 200 in 30063ms
 GET /api/notifications?limit=10 200 in 146ms
 GET /api/auth/session 200 in 155ms
 GET /api/realtime 200 in 30067ms
 GET /api/realtime 200 in 30056ms
 GET /api/notifications?limit=10 200 in 174ms
 GET /api/realtime 200 in 30057ms
 GET /api/auth/session 200 in 174ms
 GET /api/realtime 200 in 122ms
 GET /api/realtime 200 in 30061ms
 GET /api/notifications?limit=10 200 in 173ms
 GET /api/auth/session 200 in 156ms
 GET /api/realtime 200 in 30086ms
 GET /api/realtime 200 in 30056ms
 GET /api/auth/session 200 in 116ms
 GET /api/notifications?limit=10 200 in 128ms
 GET /api/realtime 200 in 30054ms
 GET /api/realtime 200 in 30053ms
 GET /api/realtime 200 in 152ms
 GET /api/auth/session 200 in 163ms
 GET /api/notifications?limit=10 200 in 186ms
 GET /api/realtime 200 in 30081ms
 GET /api/realtime 200 in 30053ms
 GET /api/realtime 200 in 30055ms
 GET /api/auth/session 200 in 168ms
 GET /api/notifications?limit=10 200 in 170ms
 GET /api/realtime 200 in 30054ms
 GET /api/realtime 200 in 161ms
 GET /api/realtime 200 in 30079ms
 GET /api/auth/session 200 in 154ms
 GET /api/notifications?limit=10 200 in 182ms
 GET /api/realtime 200 in 30056ms
 GET /api/realtime 200 in 30067ms
 GET /api/auth/session 200 in 128ms
 GET /api/realtime 200 in 112ms
 GET /api/realtime 200 in 30053ms
 GET /api/auth/session 200 in 138ms
 GET /api/realtime 200 in 30059ms
 GET /api/realtime 200 in 30061ms
 GET /api/auth/session 200 in 103ms
 GET /api/realtime 200 in 30057ms
 GET /api/auth/session 200 in 89ms
 GET /api/realtime 200 in 30057ms
 GET /api/realtime 200 in 30056ms
 GET /api/auth/session 200 in 111ms
 GET /api/realtime 200 in 121ms
 GET /api/realtime 200 in 30056ms
 GET /api/auth/session 200 in 93ms
 GET /api/realtime 200 in 30056ms
 GET /api/realtime 200 in 30055ms
 GET /api/auth/session 200 in 80ms
 GET /api/realtime 200 in 30057ms
 GET /api/auth/session 200 in 82ms
 GET /api/realtime 200 in 30054ms
 GET /api/auth/session 200 in 93ms
 GET /api/realtime 200 in 30057ms
 GET /api/realtime 200 in 30053ms
 GET /api/auth/session 200 in 84ms
 GET /api/realtime 200 in 30055ms
 GET /api/realtime 200 in 30055ms
 GET /api/realtime 200 in 30061ms
 GET /api/realtime 200 in 30059ms
 GET /api/realtime 200 in 30056ms
 GET /api/realtime 200 in 30054ms
 GET /api/realtime 200 in 30053ms
 GET /api/realtime 200 in 73ms
 GET /api/realtime 200 in 30056ms
 GET /api/realtime 200 in 70ms
 GET /api/realtime 200 in 30375ms
 GET /api/realtime 200 in 30507ms
 GET /api/realtime 200 in 30407ms
 GET /api/realtime 200 in 30515ms
 GET /api/realtime 200 in 30502ms
 GET /api/realtime 200 in 30469ms
 GET /api/realtime 200 in 30469ms
 GET /api/realtime 200 in 30415ms
 GET /api/realtime 200 in 30440ms
 GET /api/realtime 200 in 30478ms
 GET /api/realtime 200 in 30403ms
 GET /api/realtime 200 in 30404ms
 GET /api/realtime 200 in 30407ms
 GET /api/realtime 200 in 30391ms
 GET /api/realtime 200 in 30416ms
 GET /api/realtime 200 in 30494ms
 GET /api/realtime 200 in 30478ms
 GET /api/realtime 200 in 30402ms
 GET /api/realtime 200 in 30333ms
 GET /api/realtime 200 in 30424ms
 GET /api/realtime 200 in 30365ms
 GET /api/realtime 200 in 30353ms
 GET /api/realtime 200 in 30318ms
 GET /api/realtime 200 in 30330ms
 GET /api/realtime 200 in 30328ms
 GET /api/realtime 200 in 30306ms
 GET /api/realtime 200 in 30307ms
 GET /api/realtime 200 in 30366ms
 GET /api/realtime 200 in 30395ms
 GET /api/realtime 200 in 30356ms
 GET /api/realtime 200 in 30402ms
 GET /api/realtime 200 in 30395ms
 GET /api/realtime 200 in 30329ms
 GET /api/realtime 200 in 30327ms
 GET /api/realtime 200 in 30327ms
 GET /api/realtime 200 in 30408ms
 GET /api/realtime 200 in 30315ms
 GET /api/realtime 200 in 30411ms
 GET /api/realtime 200 in 30404ms
 GET /api/realtime 200 in 30411ms
 GET /api/realtime 200 in 30411ms
 GET /api/realtime 200 in 30312ms
 GET /api/realtime 200 in 30295ms
 GET /api/realtime 200 in 30385ms
 GET /api/realtime 200 in 30374ms
 GET /api/realtime 200 in 30375ms
 GET /api/realtime 200 in 30282ms
 GET /api/realtime 200 in 30258ms
 GET /api/realtime 200 in 30288ms
 GET /api/realtime 200 in 30404ms
 GET /api/realtime 200 in 30342ms
 GET /api/realtime 200 in 30342ms
 GET /api/realtime 200 in 30246ms
 GET /api/realtime 200 in 30343ms
 GET /api/realtime 200 in 30206ms
 GET /api/realtime 200 in 30304ms
 GET /api/realtime 200 in 30304ms
 GET /api/realtime 200 in 30305ms
 GET /api/realtime 200 in 30235ms
 GET /api/realtime 200 in 30310ms
 GET /api/realtime 200 in 30316ms
 GET /api/realtime 200 in 30316ms
 GET /api/realtime 200 in 30259ms
 GET /api/realtime 200 in 30317ms
 GET /api/realtime 200 in 30295ms
 GET /api/realtime 200 in 30318ms
 GET /api/realtime 200 in 30298ms
 GET /api/realtime 200 in 30338ms
 GET /api/realtime 200 in 30338ms
 GET /api/realtime 200 in 30272ms
 GET /api/realtime 200 in 30348ms
 GET /api/realtime 200 in 30263ms
 GET /api/realtime 200 in 30236ms
 GET /api/realtime 200 in 30238ms
 GET /api/realtime 200 in 30239ms
 GET /api/realtime 200 in 30313ms
 GET /api/realtime 200 in 30314ms
 GET /api/realtime 200 in 30253ms
 GET /api/realtime 200 in 30256ms
 GET /api/realtime 200 in 30256ms
 GET /api/realtime 200 in 30257ms
 GET /api/realtime 200 in 30256ms
 GET /api/realtime 200 in 30248ms
 GET /api/realtime 200 in 30244ms
 GET /api/realtime 200 in 30231ms
 GET /api/realtime 200 in 30232ms
 GET /api/realtime 200 in 30191ms
 GET /api/realtime 200 in 30191ms
 GET /api/realtime 200 in 30241ms
 GET /api/realtime 200 in 30196ms
 GET /api/realtime 200 in 30200ms
 GET /api/realtime 200 in 30180ms
 GET /api/realtime 200 in 30177ms
 GET /api/realtime 200 in 30179ms
 GET /api/realtime 200 in 30178ms
 GET /api/realtime 200 in 30177ms
 GET /api/realtime 200 in 30177ms
 GET /api/realtime 200 in 30179ms
 GET /api/realtime 200 in 30188ms
 GET /api/realtime 200 in 30189ms
 GET /api/realtime 200 in 30186ms
 GET /api/realtime 200 in 30186ms
 GET /api/realtime 200 in 30189ms
 GET /api/realtime 200 in 30188ms
 GET /api/realtime 200 in 30217ms
 GET /api/realtime 200 in 30265ms
 GET /api/realtime 200 in 30287ms
 GET /api/realtime 200 in 30266ms
 GET /api/realtime 200 in 30258ms
 GET /api/realtime 200 in 30259ms
 GET /api/realtime 200 in 30259ms
 GET /api/realtime 200 in 30260ms
 GET /api/realtime 200 in 30263ms
 GET /api/realtime 200 in 30262ms
 GET /api/realtime 200 in 30227ms
 GET /api/realtime 200 in 30228ms
 GET /api/realtime 200 in 30229ms
 GET /api/realtime 200 in 30230ms
 GET /api/realtime 200 in 30231ms
 GET /api/realtime 200 in 30235ms
 GET /api/realtime 200 in 30227ms
 GET /api/realtime 200 in 30227ms
 GET /api/realtime 200 in 30227ms
 GET /api/realtime 200 in 30151ms
 GET /api/realtime 200 in 30188ms
 GET /api/realtime 200 in 30258ms
 GET /api/realtime 200 in 30199ms
 GET /api/realtime 200 in 30253ms
 GET /api/realtime 200 in 30213ms
 GET /api/realtime 200 in 30200ms
 GET /api/realtime 200 in 30268ms
 GET /api/realtime 200 in 30217ms
 GET /api/realtime 200 in 30202ms
 GET /api/realtime 200 in 30198ms
 GET /api/realtime 200 in 30273ms
 GET /api/realtime 200 in 30267ms
 GET /api/realtime 200 in 30223ms
 GET /api/realtime 200 in 30208ms
 GET /api/realtime 200 in 30175ms
 GET /api/realtime 200 in 30179ms
 GET /api/realtime 200 in 30218ms
 GET /api/realtime 200 in 30226ms
 GET /api/realtime 200 in 30224ms
 GET /api/realtime 200 in 30224ms
 GET /api/realtime 200 in 30225ms
 GET /api/realtime 200 in 30225ms
 GET /api/realtime 200 in 30225ms
 GET /api/realtime 200 in 30259ms
 GET /api/realtime 200 in 30226ms
 GET /api/realtime 200 in 30227ms
 GET /api/realtime 200 in 30233ms
 GET /api/realtime 200 in 30222ms
 GET /api/realtime 200 in 30176ms
 GET /api/realtime 200 in 30177ms
 GET /api/realtime 200 in 30178ms
 GET /api/realtime 200 in 30181ms
 GET /api/realtime 200 in 30181ms
 GET /api/realtime 200 in 30206ms
 GET /api/realtime 200 in 30202ms
 GET /api/realtime 200 in 30208ms
 GET /api/realtime 200 in 30206ms
 GET /api/realtime 200 in 30207ms
 GET /api/realtime 200 in 30198ms
 GET /api/realtime 200 in 30199ms
 GET /api/realtime 200 in 30203ms
 GET /api/realtime 200 in 30164ms
 GET /api/realtime 200 in 30164ms
 GET /api/realtime 200 in 30165ms
 GET /api/realtime 200 in 30205ms
 GET /api/realtime 200 in 30164ms
 GET /api/realtime 200 in 30210ms
 GET /api/realtime 200 in 30170ms
 GET /api/realtime 200 in 30228ms
 GET /api/realtime 200 in 30189ms
 GET /api/realtime 200 in 30190ms
 GET /api/realtime 200 in 30189ms
 GET /api/realtime 200 in 30189ms
 GET /api/realtime 200 in 30189ms
 GET /api/realtime 200 in 30189ms
 GET /api/realtime 200 in 30190ms
 GET /api/realtime 200 in 30192ms
 GET /api/realtime 200 in 30207ms
 GET /api/realtime 200 in 30243ms
 GET /api/realtime 200 in 30243ms
 GET /api/realtime 200 in 30243ms
 GET /api/realtime 200 in 30221ms
 GET /api/realtime 200 in 30247ms
 GET /api/realtime 200 in 30227ms
 GET /api/realtime 200 in 30216ms
 GET /api/realtime 200 in 30203ms
 GET /api/realtime 200 in 30198ms
 GET /api/realtime 200 in 30198ms
 GET /api/realtime 200 in 30198ms
 GET /api/realtime 200 in 30198ms
 GET /api/realtime 200 in 30200ms
 GET /api/realtime 200 in 30200ms
 GET /api/realtime 200 in 30200ms
 GET /api/realtime 200 in 30227ms
 GET /api/realtime 200 in 30221ms
 GET /api/realtime 200 in 30222ms
 GET /api/realtime 200 in 30224ms
 GET /api/realtime 200 in 30224ms
 GET /api/realtime 200 in 30156ms
 GET /api/realtime 200 in 30157ms
 GET /api/realtime 200 in 30157ms
 GET /api/realtime 200 in 30158ms
 GET /api/realtime 200 in 30158ms
 GET /api/realtime 200 in 30159ms
 GET /api/realtime 200 in 30160ms
 GET /api/realtime 200 in 30164ms
 GET /api/realtime 200 in 30166ms
 GET /api/realtime 200 in 30170ms
 GET /api/realtime 200 in 30170ms
 GET /api/realtime 200 in 30175ms
 GET /api/realtime 200 in 30175ms
 GET /api/realtime 200 in 30177ms
 GET /api/realtime 200 in 30168ms
 GET /api/realtime 200 in 30167ms
 GET /api/realtime 200 in 30161ms
 GET /api/realtime 200 in 30162ms
 GET /api/realtime 200 in 30173ms
 GET /api/realtime 200 in 30172ms
 GET /api/realtime 200 in 30173ms
 GET /api/realtime 200 in 30179ms
 GET /api/realtime 200 in 30181ms
 GET /api/realtime 200 in 30189ms
 GET /api/realtime 200 in 30187ms
 GET /api/realtime 200 in 30190ms
 GET /api/realtime 200 in 30187ms
 GET /api/realtime 200 in 30193ms
 GET /api/realtime 200 in 30157ms
 GET /api/realtime 200 in 30157ms
 GET /api/realtime 200 in 30156ms
 GET /api/realtime 200 in 30160ms
 GET /api/realtime 200 in 30159ms
 GET /api/realtime 200 in 30152ms
 GET /api/realtime 200 in 30153ms
 GET /api/realtime 200 in 30165ms
 GET /api/realtime 200 in 30158ms
 GET /api/realtime 200 in 30169ms
 GET /api/realtime 200 in 30171ms
 GET /api/realtime 200 in 30173ms
 GET /api/realtime 200 in 30173ms
 GET /api/realtime 200 in 30213ms
 GET /api/realtime 200 in 30140ms
 GET /api/realtime 200 in 30141ms
 GET /api/realtime 200 in 30141ms
 GET /api/realtime 200 in 30141ms
 GET /api/realtime 200 in 30142ms
 GET /api/realtime 200 in 30143ms
 GET /api/realtime 200 in 30180ms
 GET /api/realtime 200 in 30151ms
 GET /api/realtime 200 in 30196ms
 GET /api/realtime 200 in 30200ms
 GET /api/realtime 200 in 30201ms
 GET /api/realtime 200 in 30305ms
 GET /api/realtime 200 in 30244ms
 GET /api/realtime 200 in 30307ms
 GET /api/realtime 200 in 30397ms
 GET /api/realtime 200 in 30398ms
 GET /api/realtime 200 in 30398ms
 GET /api/realtime 200 in 30399ms
 GET /api/realtime 200 in 30398ms
 GET /api/realtime 200 in 30315ms
 GET /api/realtime 200 in 30315ms
 GET /api/realtime 200 in 30403ms
 GET /api/realtime 200 in 30403ms
 GET /api/realtime 200 in 30333ms
 GET /api/realtime 200 in 30367ms
 GET /api/realtime 200 in 30322ms
 GET /api/realtime 200 in 30315ms
 GET /api/realtime 200 in 30486ms
 GET /api/realtime 200 in 30435ms
 GET /api/realtime 200 in 30434ms
 GET /api/realtime 200 in 30435ms
 GET /api/realtime 200 in 30403ms
 GET /api/realtime 200 in 30435ms
 GET /api/realtime 200 in 30354ms
 GET /api/realtime 200 in 30482ms
 GET /api/realtime 200 in 30432ms
 GET /api/realtime 200 in 30391ms
 GET /api/realtime 200 in 30367ms
 GET /api/realtime 200 in 30354ms
 GET /api/realtime 200 in 30403ms
 GET /api/realtime 200 in 30404ms
 GET /api/realtime 200 in 30284ms
 GET /api/realtime 200 in 30218ms
 GET /api/realtime 200 in 30288ms
 GET /api/realtime 200 in 30227ms
 GET /api/realtime 200 in 30181ms
 GET /api/realtime 200 in 30210ms
 GET /api/realtime 200 in 30418ms
 GET /api/realtime 200 in 30124ms
 GET /api/realtime 200 in 30138ms
 GET /api/realtime 200 in 30078ms
 GET /api/realtime 200 in 30085ms
 GET /api/realtime 200 in 30134ms
 GET /api/realtime 200 in 30084ms
 GET /api/realtime 200 in 30113ms
 GET /api/realtime 200 in 30120ms
 GET /api/realtime 200 in 30057ms
 GET /api/realtime 200 in 30059ms
 GET /api/realtime 200 in 30064ms
 GET /api/realtime 200 in 30062ms
 GET /api/realtime 200 in 30055ms
 GET /api/realtime 200 in 30058ms
 GET /api/realtime 200 in 30056ms
 GET /api/realtime 200 in 30061ms
 GET /api/realtime 200 in 30072ms
 GET /api/realtime 200 in 30064ms
 GET /api/realtime 200 in 30067ms
 GET /api/realtime 200 in 30064ms
 GET /api/realtime 200 in 30058ms
 GET /api/realtime 200 in 30062ms
 GET /api/realtime 200 in 30058ms
 GET /api/realtime 200 in 30056ms
 GET /api/realtime 200 in 30057ms
 GET /api/realtime 200 in 30058ms
 GET /api/realtime 200 in 30056ms
 GET /api/realtime 200 in 30055ms
 GET /api/realtime 200 in 30066ms
 GET /api/realtime 200 in 30056ms
 GET /api/realtime 200 in 30056ms
 GET /api/realtime 200 in 30057ms
 GET /api/realtime 200 in 30056ms
 GET /api/realtime 200 in 30054ms
 GET /api/realtime 200 in 30057ms
 GET /api/realtime 200 in 30057ms
 GET /api/realtime 200 in 30063ms
 GET /api/realtime 200 in 30057ms
 GET /api/realtime 200 in 30055ms
 GET /api/realtime 200 in 30053ms
 GET /api/realtime 200 in 29958ms
 GET /api/realtime 200 in 29855ms
 GET /api/realtime 200 in 27767ms
 GET /api/realtime 200 in 27758ms
 GET /api/realtime 200 in 27922ms
 GET /api/realtime 200 in 27808ms
 GET /api/realtime 200 in 28800ms
 GET /api/realtime 200 in 28662ms
 GET /api/realtime 200 in 28767ms
 GET /api/realtime 200 in 30146ms
 GET /api/realtime 200 in 24460ms
 GET /api/realtime 200 in 24683ms
 GET /api/realtime 200 in 26945ms
 GET /api/realtime 200 in 27366ms
 GET /api/realtime 200 in 25945ms
 GET /api/realtime 200 in 30101ms
 GET /api/realtime 200 in 26129ms
 GET /api/realtime 200 in 26127ms
 GET /api/realtime 200 in 28806ms
 GET /api/realtime 200 in 26739ms
 GET /api/realtime 200 in 26394ms
 GET /api/realtime 200 in 26460ms
 GET /api/realtime 200 in 24540ms
 GET /api/realtime 200 in 26208ms
 GET /api/realtime 200 in 25355ms
 GET /api/realtime 200 in 23779ms
 GET /api/realtime 200 in 30118ms
 GET /api/realtime 200 in 27327ms
 GET /api/realtime 200 in 25603ms
 GET /api/realtime 200 in 26558ms
 GET /api/realtime 200 in 24045ms
 GET /api/realtime 200 in 25537ms
 GET /api/realtime 200 in 28218ms
 GET /api/realtime 200 in 27559ms
 GET /api/realtime 200 in 28368ms
 GET /api/realtime 200 in 26953ms
 GET /api/realtime 200 in 28454ms
 GET /api/realtime 200 in 26743ms
 GET /api/realtime 200 in 30163ms
 GET /api/realtime 200 in 28593ms
 GET /api/realtime 200 in 28223ms
 GET /api/realtime 200 in 26729ms
 GET /api/realtime 200 in 27183ms
 GET /api/realtime 200 in 26401ms
 GET /api/realtime 200 in 28004ms
 GET /api/realtime 200 in 26687ms
 GET /api/realtime 200 in 27167ms
 GET /api/realtime 200 in 27075ms
 GET /api/realtime 200 in 25283ms
 GET /api/realtime 200 in 24345ms
 GET /api/realtime 200 in 25783ms
 GET /api/realtime 200 in 25653ms
 GET /api/realtime 200 in 26895ms
 GET /api/realtime 200 in 28820ms
 GET /api/realtime 200 in 28368ms
 GET /api/realtime 200 in 25017ms
 GET /api/realtime 200 in 25368ms
 GET /api/realtime 200 in 26334ms
 GET /api/realtime 200 in 30630ms
 GET /api/realtime 200 in 27646ms
 GET /api/realtime 200 in 24152ms
 GET /api/realtime 200 in 25165ms
 GET /api/realtime 200 in 26571ms
 GET /api/realtime 200 in 27585ms
 GET /api/realtime 200 in 24603ms
 GET /api/realtime 200 in 24841ms
 GET /api/realtime 200 in 23874ms
 GET /api/realtime 200 in 26966ms
 GET /api/realtime 200 in 24889ms
 GET /api/realtime 200 in 28643ms
 GET /api/realtime 200 in 28385ms
 GET /api/realtime 200 in 25911ms
 GET /api/realtime 200 in 27587ms
 GET /api/realtime 200 in 25619ms
 GET /api/realtime 200 in 28645ms
 GET /api/realtime 200 in 27848ms
 GET /api/realtime 200 in 27494ms
 GET /api/realtime 200 in 25070ms
 GET /api/realtime 200 in 25294ms
 GET /api/realtime 200 in 23973ms
 GET /api/realtime 200 in 24307ms
 GET /api/realtime 200 in 26083ms
 GET /api/realtime 200 in 26210ms
 GET /api/realtime 200 in 24260ms
 GET /api/realtime 200 in 28059ms
 GET /api/realtime 200 in 24761ms
 GET /api/realtime 200 in 25732ms
 GET /api/realtime 200 in 23908ms
 GET /api/realtime 200 in 29885ms
 GET /api/realtime 200 in 26580ms
 GET /api/realtime 200 in 25442ms
 GET /api/realtime 200 in 24954ms
 GET /api/realtime 200 in 28312ms
 GET /api/realtime 200 in 26382ms
 GET /api/realtime 200 in 25976ms
 GET /api/realtime 200 in 27405ms
 GET /api/realtime 200 in 27186ms
 GET /api/realtime 200 in 25446ms
 GET /api/realtime 200 in 24018ms
 GET /api/realtime 200 in 23702ms
 GET /api/realtime 200 in 25222ms
 GET /api/realtime 200 in 24446ms
 GET /api/realtime 200 in 25512ms
 GET /api/realtime 200 in 27270ms
 GET /api/realtime 200 in 27970ms
 GET /api/realtime 200 in 25979ms
[?25h
