  ▲ Next.js 14.2.28
  - Local:        http://localhost:3000
  - Environments: .env
  - Experiments (use with caution):
    · outputFileTracingRoot

 ✓ Starting...
 ✓ Ready in 2s
 ○ Compiling / ...
 ✓ Compiled / in 1694ms (596 modules)
 GET / 200 in 2203ms
 ✓ Compiled in 474ms (296 modules)
 GET / 200 in 71ms
 GET / 200 in 57ms
 GET / 200 in 55ms
 GET / 200 in 54ms
 GET / 200 in 51ms
 ✓ Compiled /api/auth/[...nextauth] in 466ms (541 modules)
 GET /api/auth/session 200 in 946ms
 GET /api/auth/session 200 in 62ms
 GET / 200 in 93ms
 GET / 200 in 58ms
 GET /api/auth/session 200 in 55ms
 GET /api/auth/session 200 in 45ms
 ○ Compiling /login ...
 ✓ Compiled /login in 526ms (871 modules)
 GET /api/auth/providers 200 in 89ms
 GET /api/auth/csrf 200 in 47ms
 POST /api/auth/callback/credentials 200 in 429ms
 GET /api/auth/session 200 in 57ms
 ✓ Compiled /middleware in 212ms (174 modules)
 ○ Compiling /dashboard ...
 ✓ Compiled /dashboard in 1652ms (2809 modules)
 GET /dashboard?_rsc=iqngu 200 in 99ms
 ✓ Compiled /api/realtime in 267ms (1567 modules)
 ✓ Compiled (1570 modules)
 GET /api/notifications?limit=10 200 in 718ms
 GET /api/realtime 200 in 864ms
 GET /api/realtime 200 in 839ms
 GET /api/notifications?limit=10 200 in 78ms
 GET / 200 in 91ms
 ○ Compiling /tasks ...
 ✓ Compiled /tasks in 1575ms (3039 modules)
 GET /api/realtime 200 in 30567ms
 GET /api/realtime 200 in 30216ms
 GET /tasks?_rsc=ynow8 200 in 60ms
 GET /api/realtime 200 in 30201ms
 GET /api/realtime 200 in 30232ms
 GET /api/realtime 200 in 30214ms
 GET /api/realtime 200 in 30191ms
 GET /api/realtime 200 in 30214ms
 GET /api/realtime 200 in 30241ms
 GET /api/realtime 200 in 30192ms
 GET /api/realtime 200 in 30196ms
 GET /api/realtime 200 in 30206ms
 GET /api/realtime 200 in 30227ms
 GET / 200 in 93ms
 GET /api/realtime 200 in 30220ms
 GET /api/realtime 200 in 30214ms
 GET /api/realtime 200 in 30195ms
 GET /api/realtime 200 in 30223ms
 GET /api/realtime 200 in 30209ms
 GET /api/realtime 200 in 30211ms
 GET /api/realtime 200 in 30215ms
 GET /api/realtime 200 in 30199ms
 GET /api/realtime 200 in 30218ms
 GET /api/realtime 200 in 30191ms
 GET /api/realtime 200 in 30211ms
 GET /api/realtime 200 in 30189ms
 GET /api/realtime 200 in 30211ms
 GET /api/realtime 200 in 30202ms
 GET /api/realtime 200 in 30242ms
 GET /api/realtime 200 in 30213ms
 GET /api/realtime 200 in 30206ms
 GET /api/realtime 200 in 30216ms
 GET /api/realtime 200 in 30217ms
 GET /api/realtime 200 in 30223ms
 GET /api/realtime 200 in 30223ms
 GET /api/realtime 200 in 30222ms
 GET /api/realtime 200 in 30220ms
 GET /api/realtime 200 in 30210ms
 GET /api/realtime 200 in 30200ms
 GET /api/realtime 200 in 30209ms
 GET /api/realtime 200 in 31415ms
 GET /api/realtime 200 in 30446ms
 GET /api/realtime 200 in 30226ms
 GET /api/realtime 200 in 30223ms
 GET /api/realtime 200 in 30213ms
 GET /api/realtime 200 in 30195ms
 GET /api/realtime 200 in 30229ms
 GET /api/realtime 200 in 30207ms
 GET /api/realtime 200 in 30220ms
 GET /api/realtime 200 in 30191ms
 GET / 200 in 58ms
 GET /api/realtime 200 in 30226ms
 GET /api/realtime 200 in 30195ms
 GET /api/realtime 200 in 30205ms
 GET /api/realtime 200 in 30199ms
 GET /api/realtime 200 in 30210ms
 GET /api/realtime 200 in 30194ms
 GET /api/realtime 200 in 30215ms
 GET /api/realtime 200 in 30211ms
 GET /api/realtime 200 in 30204ms
 GET /api/realtime 200 in 30208ms
 GET /api/realtime 200 in 30200ms
 GET /api/realtime 200 in 30197ms
 GET /api/realtime 200 in 30214ms
 GET /api/realtime 200 in 30224ms
 GET /api/realtime 200 in 30235ms
 GET /api/realtime 200 in 30188ms
 GET /api/realtime 200 in 30213ms
 GET /api/realtime 200 in 30212ms
 GET /api/realtime 200 in 30194ms
 GET /api/realtime 200 in 30190ms
 GET /api/realtime 200 in 30202ms
 GET /api/realtime 200 in 30218ms
 GET /api/realtime 200 in 30206ms
 GET /api/realtime 200 in 30197ms
 GET /api/realtime 200 in 30210ms
 GET /api/realtime 200 in 30206ms
 GET /api/realtime 200 in 30210ms
 GET /api/realtime 200 in 30230ms
 GET /api/realtime 200 in 30216ms
 GET /api/realtime 200 in 30231ms
 GET /api/realtime 200 in 30191ms
 GET /api/realtime 200 in 30195ms
 GET /api/realtime 200 in 30188ms
 GET /api/realtime 200 in 30194ms
 GET /api/realtime 200 in 30204ms
 GET /api/realtime 200 in 30231ms
 GET /api/realtime 200 in 30186ms
 GET /api/realtime 200 in 30200ms
 GET /api/realtime 200 in 30201ms
 GET /api/realtime 200 in 30192ms
 GET /api/realtime 200 in 30217ms
 GET / 200 in 56ms
 GET /api/realtime 200 in 30204ms
 GET /api/realtime 200 in 30223ms
 GET /api/realtime 200 in 30196ms
 GET /api/realtime 200 in 30203ms
 GET /api/realtime 200 in 30199ms
 GET /api/realtime 200 in 30220ms
 GET /api/realtime 200 in 30196ms
 GET /api/realtime 200 in 30186ms
 GET /api/realtime 200 in 30219ms
 GET /api/realtime 200 in 30205ms
 GET /api/realtime 200 in 30196ms
 GET /api/realtime 200 in 30190ms
 GET /api/realtime 200 in 30234ms
 GET /api/realtime 200 in 30194ms
 GET /api/realtime 200 in 30212ms
 GET /api/realtime 200 in 30232ms
 GET /api/realtime 200 in 30215ms
 GET /api/realtime 200 in 30196ms
 GET /api/realtime 200 in 30223ms
 GET /api/realtime 200 in 30185ms
 GET /api/realtime 200 in 30186ms
 GET /api/realtime 200 in 30209ms
 GET /api/realtime 200 in 30213ms
 GET /api/realtime 200 in 30200ms
 GET /api/realtime 200 in 30203ms
 GET /api/realtime 200 in 30189ms
 GET /api/realtime 200 in 30208ms
 GET /api/realtime 200 in 30208ms
 GET /api/realtime 200 in 30231ms
 GET /api/realtime 200 in 30206ms
 GET /api/realtime 200 in 30197ms
 GET /api/realtime 200 in 30193ms
 GET /api/realtime 200 in 30202ms
 GET /api/realtime 200 in 30204ms
 GET /api/realtime 200 in 30230ms
 GET /api/realtime 200 in 30195ms
 GET /api/realtime 200 in 30190ms
 GET /api/realtime 200 in 30190ms
 GET /api/realtime 200 in 30198ms
 GET /api/realtime 200 in 30199ms
 GET / 200 in 57ms
 GET /api/realtime 200 in 30210ms
 GET /api/realtime 200 in 30204ms
 GET /api/realtime 200 in 30214ms
 GET /api/realtime 200 in 30209ms
 GET /api/realtime 200 in 30231ms
 GET /api/realtime 200 in 30226ms
 GET /api/realtime 200 in 30236ms
 GET /api/realtime 200 in 30215ms
 GET /api/realtime 200 in 30221ms
 GET /api/realtime 200 in 30203ms
 GET /api/realtime 200 in 30229ms
 GET /api/realtime 200 in 30192ms
 GET /api/realtime 200 in 30199ms
 GET /api/realtime 200 in 30223ms
 GET /api/realtime 200 in 30207ms
 GET /api/realtime 200 in 30218ms
 GET /api/realtime 200 in 30204ms
 GET /api/realtime 200 in 30211ms
 GET /api/realtime 200 in 30199ms
 GET /api/realtime 200 in 30221ms
 GET /api/realtime 200 in 30230ms
 GET /api/realtime 200 in 30222ms
 GET /api/realtime 200 in 30210ms
 GET /api/realtime 200 in 30201ms
 GET /api/realtime 200 in 30218ms
 GET /api/realtime 200 in 30194ms
 GET /api/realtime 200 in 30198ms
 GET /api/realtime 200 in 30213ms
 GET /api/realtime 200 in 30203ms
 GET /api/realtime 200 in 30217ms
 GET /api/realtime 200 in 30203ms
 GET /api/realtime 200 in 30197ms
 GET /api/realtime 200 in 30191ms
 GET /api/realtime 200 in 30219ms
 GET /api/realtime 200 in 30206ms
 GET /api/realtime 200 in 30202ms
 GET /api/realtime 200 in 30209ms
 GET /api/realtime 200 in 30220ms
 GET /api/realtime 200 in 30202ms
 GET / 200 in 70ms
 GET /api/realtime 200 in 30241ms
 GET /api/realtime 200 in 30205ms
 GET /api/realtime 200 in 30363ms
 ○ Compiling /rfis ...
 GET /api/realtime 200 in 30203ms
 ✓ Compiled /rfis in 1597ms (2409 modules)
 GET /api/realtime 200 in 30278ms
 GET /api/realtime 200 in 30199ms
 GET /rfis?_rsc=2qk0r 200 in 70ms
 GET /api/realtime 200 in 30228ms
 GET /api/realtime 200 in 30205ms
 GET /api/realtime 200 in 30214ms
 GET /api/realtime 200 in 30227ms
 GET /api/realtime 200 in 30203ms
 GET /api/realtime 200 in 30211ms
 GET /api/realtime 200 in 30220ms
 GET /api/realtime 200 in 30200ms
 GET /api/realtime 200 in 30222ms
 GET /api/realtime 200 in 30228ms
 GET /api/realtime 200 in 30234ms
 GET /api/realtime 200 in 30212ms
 GET /api/realtime 200 in 30200ms
 GET /api/realtime 200 in 30197ms
 GET /api/realtime 200 in 30197ms
 GET /api/realtime 200 in 30192ms
 GET /api/realtime 200 in 30211ms
 GET /api/realtime 200 in 30197ms
 GET /api/realtime 200 in 30223ms
 GET /api/realtime 200 in 30230ms
 GET /api/realtime 200 in 30205ms
 GET /api/realtime 200 in 30205ms
 GET /api/realtime 200 in 30202ms
 GET /api/realtime 200 in 30240ms
 GET /api/realtime 200 in 30203ms
 GET /api/realtime 200 in 30214ms
 GET /api/realtime 200 in 30201ms
 GET /api/realtime 200 in 30190ms
 GET /api/realtime 200 in 30205ms
 GET /api/realtime 200 in 30225ms
 GET /api/realtime 200 in 30257ms
 GET /api/realtime 200 in 30222ms
 GET /api/realtime 200 in 30225ms
 GET / 200 in 97ms
 GET /api/realtime 200 in 30190ms
 GET /api/realtime 200 in 30206ms
 GET /api/realtime 200 in 31567ms
 GET /api/realtime 200 in 30211ms
 GET /api/realtime 200 in 30219ms
 GET /api/realtime 200 in 30211ms
 GET /api/realtime 200 in 30210ms
 GET /api/realtime 200 in 30211ms
 GET /api/realtime 200 in 30218ms
 GET /api/realtime 200 in 30196ms
 GET /api/realtime 200 in 30207ms
 GET /api/realtime 200 in 30209ms
 GET /api/realtime 200 in 30213ms
 GET /api/realtime 200 in 30240ms
 GET /api/realtime 200 in 30222ms
 GET /api/realtime 200 in 30196ms
 GET /api/realtime 200 in 30197ms
 GET /api/realtime 200 in 30231ms
 GET /api/realtime 200 in 30229ms
 GET /api/realtime 200 in 30208ms
 GET /api/realtime 200 in 30213ms
 GET /api/realtime 200 in 30203ms
 GET /api/realtime 200 in 30204ms
 GET /api/realtime 200 in 30204ms
 GET /api/realtime 200 in 30211ms
 GET /api/realtime 200 in 30206ms
 GET /api/realtime 200 in 30207ms
 GET /api/realtime 200 in 30225ms
 GET /api/realtime 200 in 30221ms
 GET /api/realtime 200 in 30201ms
 GET /api/realtime 200 in 30196ms
 GET /api/realtime 200 in 30202ms
 GET /api/realtime 200 in 30232ms
 GET /api/realtime 200 in 30233ms
 GET /api/realtime 200 in 30202ms
 GET /api/realtime 200 in 30234ms
 GET /api/realtime 200 in 30211ms
 GET /api/realtime 200 in 30204ms
 GET /api/realtime 200 in 30200ms
 GET / 200 in 55ms
 GET /api/realtime 200 in 30203ms
 GET /api/realtime 200 in 30222ms
 GET /api/realtime 200 in 30216ms
 GET /api/realtime 200 in 30213ms
 GET /api/realtime 200 in 30215ms
 GET /api/realtime 200 in 30206ms
 GET /api/realtime 200 in 30208ms
 GET /api/realtime 200 in 30223ms
 GET /api/realtime 200 in 30216ms
 GET /api/realtime 200 in 30209ms
 GET /api/realtime 200 in 30212ms
 GET /api/realtime 200 in 30197ms
 GET /api/realtime 200 in 30201ms
 GET /api/realtime 200 in 30195ms
 GET /api/realtime 200 in 30192ms
 GET /api/realtime 200 in 30211ms
 GET /api/realtime 200 in 30191ms
 GET /api/realtime 200 in 30196ms
 GET /api/realtime 200 in 30209ms
 GET /api/realtime 200 in 30201ms
 GET /api/realtime 200 in 30241ms
 GET /api/realtime 200 in 30224ms
 GET /api/realtime 200 in 30187ms
 GET /api/realtime 200 in 30209ms
 GET /api/realtime 200 in 30217ms
 GET /api/realtime 200 in 30215ms
 GET /api/realtime 200 in 30212ms
 GET /api/realtime 200 in 30196ms
 GET /api/realtime 200 in 30200ms
 GET /api/realtime 200 in 30194ms
 GET /api/realtime 200 in 30228ms
 GET /api/realtime 200 in 30212ms
 GET /api/realtime 200 in 30236ms
 GET /api/realtime 200 in 30198ms
 GET /api/realtime 200 in 30209ms
 GET /api/realtime 200 in 30190ms
 GET /api/realtime 200 in 30212ms
 GET /api/realtime 200 in 30218ms
 GET /api/realtime 200 in 30211ms
 GET /api/realtime 200 in 30213ms
 GET / 200 in 55ms
 GET /api/realtime 200 in 30219ms
 GET /api/realtime 200 in 30210ms
 GET /api/realtime 200 in 30201ms
 GET /api/realtime 200 in 30198ms
 GET /api/realtime 200 in 30449ms
 GET /api/realtime 200 in 30187ms
 GET /api/realtime 200 in 30233ms
 GET /api/realtime 200 in 30221ms
 GET /api/realtime 200 in 30216ms
 GET /api/realtime 200 in 30212ms
 GET /api/realtime 200 in 30201ms
 GET /api/realtime 200 in 30197ms
 GET /api/realtime 200 in 30202ms
 GET /api/realtime 200 in 30227ms
 GET /api/realtime 200 in 30197ms
 GET /api/realtime 200 in 30199ms
 GET /api/realtime 200 in 30203ms
 GET /api/realtime 200 in 30202ms
 GET /api/realtime 200 in 30202ms
 GET /api/realtime 200 in 30202ms
 GET /api/realtime 200 in 30226ms
 GET /api/realtime 200 in 30182ms
 GET /api/realtime 200 in 30217ms
 GET /api/realtime 200 in 30224ms
 GET /api/realtime 200 in 30220ms
 GET /api/realtime 200 in 30198ms
 GET /api/realtime 200 in 30201ms
 GET /api/realtime 200 in 30207ms
 GET /api/realtime 200 in 30204ms
 GET /api/realtime 200 in 30216ms
 GET /api/realtime 200 in 30207ms
 GET /api/realtime 200 in 30236ms
 GET /api/realtime 200 in 30203ms
 GET /api/realtime 200 in 30212ms
 GET /api/realtime 200 in 30196ms
 GET /api/realtime 200 in 30200ms
 GET /api/realtime 200 in 30212ms
 GET /api/realtime 200 in 30216ms
 GET / 200 in 51ms
 GET /api/realtime 200 in 30192ms
 GET /api/realtime 200 in 30203ms
 GET /api/realtime 200 in 30214ms
 GET /api/realtime 200 in 30209ms
 GET /api/realtime 200 in 30199ms
 GET /api/realtime 200 in 30214ms
 GET /api/realtime 200 in 30206ms
 GET /api/realtime 200 in 30205ms
 GET /api/realtime 200 in 30214ms
 GET /api/realtime 200 in 30216ms
 GET /api/realtime 200 in 30199ms
 GET /api/realtime 200 in 30201ms
 GET /api/realtime 200 in 30191ms
 GET /api/realtime 200 in 30211ms
 GET /api/realtime 200 in 30226ms
 GET /api/realtime 200 in 30220ms
 GET /api/realtime 200 in 30200ms
 GET /api/realtime 200 in 30222ms
 GET /api/realtime 200 in 30221ms
 GET /api/realtime 200 in 30220ms
 GET /api/realtime 200 in 30202ms
 GET /api/realtime 200 in 30206ms
 GET /api/realtime 200 in 30208ms
 GET /api/realtime 200 in 30210ms
 GET /api/realtime 200 in 30201ms
 GET /api/realtime 200 in 30215ms
 GET /api/realtime 200 in 30230ms
 GET /api/realtime 200 in 30194ms
 GET /api/realtime 200 in 30221ms
 GET /api/realtime 200 in 30190ms
 GET /api/realtime 200 in 30197ms
 GET /api/realtime 200 in 30202ms
 GET /api/realtime 200 in 30203ms
 GET /api/realtime 200 in 30218ms
 GET /api/realtime 200 in 30207ms
 GET /api/realtime 200 in 30204ms
 GET /api/realtime 200 in 30198ms
 GET /api/realtime 200 in 30231ms
 GET /api/realtime 200 in 30206ms
 GET /api/realtime 200 in 30200ms
 GET / 200 in 53ms
 GET /api/realtime 200 in 30221ms
 GET /api/realtime 200 in 30201ms
 GET /api/realtime 200 in 30192ms
 GET /api/realtime 200 in 30194ms
 GET /api/realtime 200 in 30200ms
 GET /api/realtime 200 in 30222ms
 GET /api/realtime 200 in 30226ms
 GET /api/realtime 200 in 30218ms
 GET /api/realtime 200 in 30206ms
 GET /api/realtime 200 in 30202ms
 GET /api/realtime 200 in 30218ms
 GET /api/realtime 200 in 30199ms
 GET /api/realtime 200 in 30203ms
 GET /api/realtime 200 in 30240ms
 GET /api/realtime 200 in 30200ms
 GET /api/realtime 200 in 30203ms
 GET /api/realtime 200 in 30197ms
 GET /api/realtime 200 in 30215ms
 GET /api/realtime 200 in 30203ms
 GET /api/realtime 200 in 30216ms
 GET /api/realtime 200 in 30230ms
 GET /api/realtime 200 in 30199ms
 GET /api/realtime 200 in 30201ms
 GET /api/realtime 200 in 30188ms
 GET /api/realtime 200 in 30193ms
 GET /api/realtime 200 in 30222ms
 GET /api/realtime 200 in 30223ms
 GET /api/realtime 200 in 30201ms
 GET /api/realtime 200 in 30200ms
 GET /api/realtime 200 in 30206ms
 GET /api/realtime 200 in 30188ms
 GET /api/realtime 200 in 30217ms
 GET /api/realtime 200 in 30201ms
 GET /api/realtime 200 in 30232ms
 GET /api/realtime 200 in 30207ms
 GET /api/realtime 200 in 30217ms
 GET /api/realtime 200 in 30213ms
 GET /api/realtime 200 in 30206ms
 GET /api/realtime 200 in 30206ms
 GET / 200 in 54ms
 GET /api/realtime 200 in 30207ms
 GET /api/realtime 200 in 30192ms
 GET /api/realtime 200 in 30199ms
 GET /api/realtime 200 in 30217ms
 GET /api/realtime 200 in 30213ms
 GET /api/realtime 200 in 30206ms
 GET /api/realtime 200 in 30219ms
 GET /api/realtime 200 in 30212ms
 GET /api/realtime 200 in 30212ms
 GET /api/realtime 200 in 30216ms
 GET /api/realtime 200 in 30219ms
 GET /api/realtime 200 in 30223ms
 GET /api/realtime 200 in 30204ms
 GET /api/realtime 200 in 30200ms
 GET /api/realtime 200 in 30203ms
 GET /api/realtime 200 in 30201ms
 GET /api/realtime 200 in 30200ms
 GET /api/realtime 200 in 30206ms
 GET /api/realtime 200 in 30216ms
 GET /api/realtime 200 in 30200ms
 GET /api/realtime 200 in 30202ms
 GET /api/realtime 200 in 30207ms
 GET /api/realtime 200 in 30204ms
 GET /api/realtime 200 in 30206ms
 GET /api/realtime 200 in 30215ms
 GET /api/realtime 200 in 30217ms
 GET /api/realtime 200 in 30209ms
 GET /api/realtime 200 in 30223ms
 GET /api/realtime 200 in 30208ms
 GET /api/realtime 200 in 30199ms
 GET /api/realtime 200 in 30204ms
 GET /api/realtime 200 in 30201ms
 GET /api/realtime 200 in 30205ms
 GET /api/realtime 200 in 30220ms
 GET /api/realtime 200 in 30222ms
 GET /api/realtime 200 in 30195ms
 GET /api/realtime 200 in 30193ms
 GET /api/realtime 200 in 30224ms
 GET /api/realtime 200 in 30222ms
 GET / 200 in 52ms
 GET /api/realtime 200 in 30215ms
 GET /api/realtime 200 in 30228ms
 GET /api/realtime 200 in 30229ms
 GET /api/realtime 200 in 30208ms
 GET /api/realtime 200 in 30201ms
 GET /api/realtime 200 in 30218ms
 GET /api/realtime 200 in 30214ms
 GET /api/realtime 200 in 30192ms
 GET /api/realtime 200 in 30213ms
 GET /api/realtime 200 in 30202ms
 GET /api/realtime 200 in 30211ms
 GET /api/realtime 200 in 30186ms
 GET /api/realtime 200 in 30207ms
 GET /api/realtime 200 in 30207ms
 GET /api/realtime 200 in 30193ms
 GET /api/realtime 200 in 30218ms
 GET /api/realtime 200 in 30194ms
 GET /api/realtime 200 in 30210ms
 GET /api/realtime 200 in 30217ms
 GET /api/realtime 200 in 30197ms
 GET /api/realtime 200 in 30227ms
 GET /api/realtime 200 in 30236ms
 GET /api/realtime 200 in 30400ms
 GET /api/realtime 200 in 30193ms
 GET /api/realtime 200 in 30206ms
 GET /api/realtime 200 in 30220ms
 GET /api/realtime 200 in 30205ms
 GET /api/realtime 200 in 30218ms
 GET /api/realtime 200 in 30212ms
 GET /api/realtime 200 in 30200ms
 GET /api/realtime 200 in 30210ms
 GET /api/realtime 200 in 30211ms
 GET /api/realtime 200 in 30195ms
 GET /api/realtime 200 in 30212ms
 GET /api/realtime 200 in 30211ms
 GET /api/realtime 200 in 30201ms
 GET /api/realtime 200 in 30191ms
 GET /api/realtime 200 in 30218ms
 GET /api/realtime 200 in 30202ms
 GET / 200 in 56ms
 GET /api/realtime 200 in 30193ms
 GET /api/realtime 200 in 30218ms
 GET /api/realtime 200 in 30184ms
 GET /api/realtime 200 in 30209ms
 GET /api/realtime 200 in 30216ms
 GET /api/realtime 200 in 30225ms
 GET /api/realtime 200 in 30194ms
 GET /api/realtime 200 in 30226ms
 GET /api/realtime 200 in 30189ms
 GET /api/realtime 200 in 30210ms
 GET /api/realtime 200 in 30215ms
 GET /api/realtime 200 in 30205ms
 GET /api/realtime 200 in 30193ms
 GET /api/realtime 200 in 30206ms
 GET /api/realtime 200 in 30199ms
 GET /api/realtime 200 in 30212ms
 GET /api/realtime 200 in 30186ms
 GET /api/realtime 200 in 30204ms
 GET /api/realtime 200 in 30222ms
 GET /api/realtime 200 in 30188ms
 GET /api/realtime 200 in 30227ms
 GET /api/realtime 200 in 30203ms
 GET /api/realtime 200 in 30188ms
 GET /api/realtime 200 in 30202ms
 GET /api/realtime 200 in 30196ms
 GET /api/realtime 200 in 30194ms
 GET /api/realtime 200 in 30222ms
 GET /api/realtime 200 in 30226ms
 GET /api/realtime 200 in 30192ms
 GET /api/realtime 200 in 30226ms
 GET /api/realtime 200 in 30194ms
 GET /api/realtime 200 in 30192ms
 GET /api/realtime 200 in 30223ms
 GET /api/realtime 200 in 30195ms
 GET /api/realtime 200 in 30225ms
 GET /api/realtime 200 in 30223ms
 GET /api/realtime 200 in 30230ms
 GET /api/realtime 200 in 30216ms
 GET /api/realtime 200 in 30197ms
 GET / 200 in 63ms
 GET /api/realtime 200 in 30207ms
 GET /api/realtime 200 in 30194ms
 GET /api/realtime 200 in 30260ms
 GET /api/realtime 200 in 30199ms
 GET /api/realtime 200 in 30213ms
 GET /api/realtime 200 in 30217ms
 GET /api/realtime 200 in 30227ms
 GET /api/realtime 200 in 30213ms
 GET /api/realtime 200 in 30210ms
 GET /api/realtime 200 in 30207ms
 GET /api/realtime 200 in 30209ms
 GET /api/realtime 200 in 30222ms
 GET /api/realtime 200 in 30210ms
 GET /api/realtime 200 in 30202ms
 GET /api/realtime 200 in 30223ms
 GET /api/realtime 200 in 30192ms
 GET /api/realtime 200 in 30202ms
 GET /api/realtime 200 in 30199ms
 GET /api/realtime 200 in 30201ms
 GET /api/realtime 200 in 30210ms
 GET /api/realtime 200 in 30188ms
 GET /api/realtime 200 in 30199ms
 GET /api/realtime 200 in 30242ms
 GET /api/realtime 200 in 30211ms
 GET /api/realtime 200 in 30202ms
 GET /api/realtime 200 in 30195ms
 GET /api/realtime 200 in 30206ms
 GET /api/realtime 200 in 30195ms
 GET /api/realtime 200 in 30202ms
 GET /api/realtime 200 in 30222ms
 GET /api/realtime 200 in 30208ms
 GET /api/realtime 200 in 30199ms
 GET /api/realtime 200 in 30208ms
 GET /api/realtime 200 in 30210ms
 GET /api/realtime 200 in 30203ms
 GET /api/realtime 200 in 30195ms
 GET /api/realtime 200 in 30190ms
 GET /api/realtime 200 in 30216ms
 GET /api/realtime 200 in 30209ms
 GET /api/realtime 200 in 30225ms
 GET / 200 in 66ms
 GET /api/realtime 200 in 30222ms
 GET /api/realtime 200 in 30194ms
 GET /api/realtime 200 in 30213ms
 GET /api/realtime 200 in 30228ms
 GET /api/realtime 200 in 30200ms
 GET /api/realtime 200 in 30215ms
 GET /api/realtime 200 in 30203ms
 GET /api/realtime 200 in 30195ms
 GET /api/realtime 200 in 30201ms
 GET /api/realtime 200 in 30221ms
 GET /api/realtime 200 in 30206ms
 GET /api/realtime 200 in 30206ms
 GET /api/realtime 200 in 30199ms
 GET /api/realtime 200 in 30221ms
 GET /api/realtime 200 in 30214ms
 GET /api/realtime 200 in 30223ms
 GET /api/realtime 200 in 30197ms
 GET /api/realtime 200 in 30203ms
 GET /api/realtime 200 in 30208ms
 GET /api/realtime 200 in 30205ms
 GET /api/realtime 200 in 30195ms
 GET /api/realtime 200 in 30219ms
 GET /api/realtime 200 in 30211ms
 GET /api/realtime 200 in 30213ms
 GET /api/realtime 200 in 30207ms
 GET /api/realtime 200 in 30217ms
 GET /api/realtime 200 in 30205ms
 GET /api/realtime 200 in 30233ms
 GET /api/realtime 200 in 30206ms
 GET /api/realtime 200 in 30216ms
 GET /api/realtime 200 in 30200ms
 GET /api/realtime 200 in 30207ms
 GET /api/realtime 200 in 30198ms
 GET /api/realtime 200 in 30221ms
 GET /api/realtime 200 in 30208ms
 GET /api/realtime 200 in 30195ms
 GET /api/realtime 200 in 30209ms
 GET /api/realtime 200 in 30219ms
 GET /api/realtime 200 in 30218ms
 GET /api/realtime 200 in 30216ms
 GET /api/realtime 200 in 30214ms
 GET /api/realtime 200 in 30211ms
 GET /api/realtime 200 in 30225ms
 GET /api/realtime 200 in 30231ms
 GET /api/realtime 200 in 30208ms
 GET /api/realtime 200 in 30200ms
 GET /api/realtime 200 in 30205ms
 GET /api/realtime 200 in 30209ms
 GET /api/realtime 200 in 30195ms
 GET /api/realtime 200 in 30213ms
 GET /api/realtime 200 in 30223ms
 GET /api/realtime 200 in 30188ms
 GET /api/realtime 200 in 30207ms
 GET /api/realtime 200 in 30210ms
 GET /api/realtime 200 in 30208ms
 GET /api/realtime 200 in 30205ms
 GET /api/realtime 200 in 30229ms
 GET /api/realtime 200 in 30213ms
 GET /api/realtime 200 in 30198ms
 GET /api/realtime 200 in 30211ms
 GET /api/realtime 200 in 30218ms
 GET /api/realtime 200 in 30185ms
 GET /api/realtime 200 in 30197ms
 GET /api/realtime 200 in 30200ms
 GET /api/realtime 200 in 30210ms
 GET /api/realtime 200 in 30193ms
 GET /api/realtime 200 in 30208ms
 GET /api/realtime 200 in 30215ms
 GET /api/realtime 200 in 30205ms
 GET /api/realtime 200 in 30185ms
 GET /api/realtime 200 in 30198ms
 GET /api/realtime 200 in 30188ms
 GET /api/realtime 200 in 30199ms
 GET /api/realtime 200 in 30209ms
 GET /api/realtime 200 in 30203ms
 GET /api/realtime 200 in 30196ms
 GET /api/realtime 200 in 30203ms
 GET /api/realtime 200 in 30209ms
 GET /api/realtime 200 in 30189ms
 GET /api/realtime 200 in 30208ms
 GET /api/realtime 200 in 30197ms
 GET /api/realtime 200 in 30209ms
 GET /api/realtime 200 in 30222ms
 GET /api/realtime 200 in 30209ms
 GET /api/realtime 200 in 30213ms
 GET /api/realtime 200 in 30214ms
 GET /api/realtime 200 in 30231ms
 GET /api/realtime 200 in 30191ms
 GET /api/realtime 200 in 30219ms
 GET /api/realtime 200 in 30201ms
 GET /api/realtime 200 in 30215ms
 GET /api/realtime 200 in 30192ms
 GET /api/realtime 200 in 30199ms
 GET /api/realtime 200 in 30223ms
 ✓ Compiled in 574ms (1390 modules)
 GET /api/realtime 200 in 30217ms
 GET /api/realtime 200 in 30200ms
 GET /api/realtime 200 in 30212ms
 GET /api/realtime 200 in 30213ms
 GET /api/realtime 200 in 30191ms
 GET /api/realtime 200 in 30214ms
 GET /api/realtime 200 in 30201ms
 GET /api/realtime 200 in 30194ms
 GET /api/realtime 200 in 30200ms
 ✓ Compiled in 358ms (1390 modules)
 GET /api/realtime 200 in 30249ms
 GET /api/realtime 200 in 30205ms
 GET /api/realtime 200 in 30195ms
 GET /api/realtime 200 in 30234ms
 GET /api/realtime 200 in 30219ms
 GET /api/realtime 200 in 30219ms
 GET /api/realtime 200 in 30193ms
 GET /api/realtime 200 in 30185ms
 GET /api/realtime 200 in 30198ms
 GET /api/realtime 200 in 30374ms
 GET /api/realtime 200 in 30233ms
 GET /api/realtime 200 in 30213ms
 GET /api/realtime 200 in 30212ms
 ✓ Compiled in 371ms (1390 modules)
 GET /api/realtime 200 in 30204ms
 GET /api/realtime 200 in 30196ms
 GET /api/realtime 200 in 30219ms
 GET /api/realtime 200 in 30196ms
 GET /api/realtime 200 in 30236ms
 GET /api/realtime 200 in 30201ms
 GET /api/realtime 200 in 30200ms
 GET /api/realtime 200 in 30218ms
 GET /api/realtime 200 in 30332ms
 ✓ Compiled in 465ms (1390 modules)
 GET /api/realtime 200 in 30210ms
 GET /api/realtime 200 in 30210ms
 GET /api/realtime 200 in 30213ms
 GET /api/realtime 200 in 30198ms
 GET /api/realtime 200 in 30211ms
 GET /api/realtime 200 in 30220ms
 GET /api/realtime 200 in 30212ms
 GET /api/realtime 200 in 30192ms
 GET /api/realtime 200 in 30237ms
 GET /api/realtime 200 in 30203ms
 GET /api/realtime 200 in 30205ms
 GET /api/realtime 200 in 30211ms
 GET /api/realtime 200 in 30202ms
 ✓ Compiled in 472ms (1390 modules)
 GET /api/realtime 200 in 30251ms
 GET /api/realtime 200 in 30235ms
 GET /api/realtime 200 in 30199ms
 GET /api/realtime 200 in 30233ms
 GET /api/realtime 200 in 30244ms
 GET /api/realtime 200 in 30213ms
 GET /api/realtime 200 in 30201ms
 GET /api/realtime 200 in 30212ms
 GET /api/realtime 200 in 30225ms
 GET /api/realtime 200 in 30208ms
 GET /api/realtime 200 in 30212ms
 GET /api/realtime 200 in 30200ms
 GET /api/realtime 200 in 30205ms
 GET /api/realtime 200 in 30184ms
 GET /api/realtime 200 in 30213ms
 ✓ Compiled in 431ms (1650 modules)
 GET /api/realtime 200 in 30210ms
 GET /api/realtime 200 in 30334ms
 GET /api/realtime 200 in 30228ms
 GET /api/realtime 200 in 30190ms
 GET /api/realtime 200 in 30184ms
 GET /api/realtime 200 in 30201ms
 GET /api/realtime 200 in 30229ms
 GET /api/realtime 200 in 30198ms
 GET /api/realtime 200 in 30215ms
 GET /api/realtime 200 in 30196ms
 GET /api/realtime 200 in 30363ms
 GET /api/realtime 200 in 30201ms
 GET /api/realtime 200 in 30190ms
 ✓ Compiled in 635ms (1390 modules)
 GET /api/realtime 200 in 30214ms
 GET /api/realtime 200 in 30191ms
 GET /api/realtime 200 in 30234ms
 GET /api/realtime 200 in 30227ms
 GET /api/realtime 200 in 30209ms
 GET /api/realtime 200 in 30198ms
 GET /api/realtime 200 in 30212ms
 GET /api/realtime 200 in 30226ms
 GET /api/realtime 200 in 30229ms
 GET /api/realtime 200 in 30207ms
 GET /api/realtime 200 in 30389ms
 GET /api/realtime 200 in 30200ms
 GET /api/realtime 200 in 30211ms
 GET /api/realtime 200 in 30194ms
 GET /api/realtime 200 in 30192ms
 GET /api/realtime 200 in 30208ms
 GET /api/realtime 200 in 30199ms
 GET /api/realtime 200 in 30217ms
 GET /api/realtime 200 in 30233ms
 GET /api/realtime 200 in 30214ms
 GET /api/realtime 200 in 30194ms
 GET /api/realtime 200 in 30191ms
 GET /api/realtime 200 in 30207ms
 GET /api/realtime 200 in 30213ms
 GET /api/realtime 200 in 30212ms
 ✓ Compiled in 525ms (1390 modules)
 GET /api/realtime 200 in 30501ms
 GET /api/realtime 200 in 30203ms
 GET /api/realtime 200 in 30193ms
 GET /api/realtime 200 in 30219ms
 GET /api/realtime 200 in 30203ms
 GET /api/realtime 200 in 30211ms
 GET /api/realtime 200 in 30223ms
 GET /api/realtime 200 in 30233ms
 GET /api/realtime 200 in 30216ms
 GET /api/realtime 200 in 30225ms
 GET /api/realtime 200 in 30221ms
 GET /api/realtime 200 in 30206ms
 GET /api/realtime 200 in 30298ms
 ✓ Compiled in 458ms (1390 modules)
 GET /api/realtime 200 in 30205ms
 GET /api/realtime 200 in 30229ms
 GET /api/realtime 200 in 30212ms
 GET /api/realtime 200 in 30334ms
 GET /api/realtime 200 in 30208ms
 GET /api/realtime 200 in 30199ms
 GET /api/realtime 200 in 30200ms
 GET /api/realtime 200 in 30212ms
 GET /api/realtime 200 in 30186ms
 GET /api/realtime 200 in 30228ms
 GET /api/realtime 200 in 30224ms
 GET /api/realtime 200 in 30195ms
 GET /api/realtime 200 in 30198ms
 GET /api/realtime 200 in 30200ms
 GET /api/realtime 200 in 30203ms
 GET /api/realtime 200 in 30192ms
 GET /api/realtime 200 in 30218ms
 GET /api/realtime 200 in 30207ms
 GET /api/realtime 200 in 30205ms
 GET /api/realtime 200 in 30197ms
[?25h
