  ▲ Next.js 14.2.28
  - Local:        http://localhost:3000
  - Environments: .env
  - Experiments (use with caution):
    · outputFileTracingRoot

 ✓ Starting...
 ✓ Ready in 1997ms
 ○ Compiling /api/realtime ...
 ✓ Compiled /api/realtime in 3.6s (838 modules)
 GET / 200 in 4157ms
 GET /api/realtime 200 in 1290ms
 ✓ Compiled in 1395ms (296 modules)
 ✓ Compiled /api/auth/[...nextauth] in 164ms (544 modules)
 GET /api/auth/providers 200 in 683ms
 GET / 200 in 86ms
 GET /api/auth/session 200 in 59ms
 GET /api/auth/session 200 in 47ms
 GET /api/realtime 200 in 31032ms
 GET /api/realtime 200 in 30231ms
 GET /api/realtime 200 in 30220ms
 GET /api/realtime 200 in 30215ms
 GET /api/realtime 200 in 30200ms
 GET /api/realtime 200 in 30223ms
 GET /api/realtime 200 in 30218ms
 GET /api/realtime 200 in 30198ms
 GET /api/realtime 200 in 30223ms
 ○ Compiling /signup ...
 GET /api/realtime 200 in 30195ms
 ✓ Compiled /signup in 790ms (884 modules)
 GET /login 200 in 982ms
 GET /signup 200 in 973ms
 GET /api/realtime 200 in 30210ms
 GET /api/auth/session 200 in 67ms
 GET /api/auth/session 200 in 47ms
 GET /api/auth/session 200 in 48ms
 GET /api/auth/session 200 in 46ms
 GET /api/auth/session 200 in 69ms
 GET /api/realtime 200 in 30209ms
 GET /api/auth/session 200 in 50ms
 GET /api/realtime 200 in 30201ms
 GET /api/realtime 200 in 30213ms
 GET /api/realtime 200 in 30215ms
 GET /api/realtime 200 in 30199ms
 GET /api/realtime 200 in 30235ms
 GET /api/realtime 200 in 30203ms
 GET /api/realtime 200 in 30198ms
 GET /api/auth/csrf 200 in 59ms
 ✓ Compiled /api/signup in 226ms (600 modules)
 GET /api/realtime 200 in 30349ms
 POST /api/signup 200 in 715ms
 GET / 200 in 119ms
 GET /api/auth/signin 302 in 71ms
 GET /login?callbackUrl=https://267ef8e6d.preview.abacusai.app 200 in 70ms
 GET /api/auth/csrf 200 in 55ms
 GET /api/realtime 200 in 30208ms
 POST /api/auth/callback/credentials 302 in 378ms
 ✓ Compiled /middleware in 202ms (174 modules)
 GET /api/realtime 200 in 30250ms
 ○ Compiling /dashboard ...
 GET /api/realtime 200 in 30246ms
 GET /api/realtime 200 in 30224ms
 GET /api/realtime 200 in 30282ms
 GET /api/realtime 200 in 30325ms
 ✓ Compiled /dashboard in 3s (2852 modules)
 GET /api/realtime 200 in 30301ms
 GET /dashboard 200 in 3350ms
 GET / 200 in 86ms
 GET /dashboard 200 in 86ms
 GET /api/realtime 200 in 30200ms
 GET /api/auth/session 200 in 117ms
 ✓ Compiled /api/notifications in 281ms (1580 modules)
 GET /api/realtime 200 in 30216ms
 GET /api/auth/session 200 in 648ms
 GET /api/notifications?limit=10 200 in 700ms
 GET /api/realtime 200 in 682ms
 GET /api/realtime 200 in 703ms
 GET /api/realtime 200 in 641ms
 GET /api/realtime 200 in 700ms
 GET /api/auth/session 200 in 118ms
 GET /api/notifications?limit=10 200 in 151ms
 GET /api/auth/session 200 in 93ms
 GET /api/notifications?limit=10 200 in 86ms
 GET /api/auth/session 200 in 81ms
 GET /api/realtime 200 in 157ms
 GET /api/realtime 200 in 30228ms
 GET /api/notifications?limit=10 200 in 135ms
 GET /api/realtime 200 in 163ms
 GET /api/auth/session 200 in 108ms
 GET /api/realtime 200 in 30216ms
 GET /api/realtime 200 in 30307ms
 GET /api/realtime 200 in 30202ms
 GET /api/realtime 200 in 30220ms
 GET /api/realtime 200 in 30205ms
 GET /api/realtime 200 in 30196ms
 GET /api/realtime 200 in 30190ms
 GET /api/realtime 200 in 30191ms
 GET /api/realtime 200 in 78ms
 GET /api/realtime 200 in 30232ms
 ○ Compiling /projects/new ...
 GET /api/realtime 200 in 30200ms
 GET /api/realtime 200 in 30265ms
 GET /api/realtime 200 in 30481ms
 GET /api/realtime 200 in 30347ms
 GET /api/realtime 200 in 30299ms
 ✓ Compiled /projects/new in 3.7s (3318 modules)
 GET /inspections 200 in 4422ms
 GET /equipment 200 in 4424ms
 GET /meetings 200 in 4423ms
 GET /change-orders 200 in 4391ms
 GET /daily-reports 200 in 4347ms
 GET /documents 200 in 4348ms
 GET /punch-lists 200 in 4438ms
 GET /safety 200 in 4349ms
 GET /projects 200 in 4351ms
 GET /reports 200 in 4352ms
 GET /team 200 in 4352ms
 GET /rfis 200 in 4352ms
 GET /projects/new 200 in 4353ms
 GET /settings 200 in 4356ms
 GET /tasks 200 in 4358ms
 GET /submittals 200 in 4360ms
 GET /company 200 in 4362ms
 GET /api/realtime 200 in 30463ms
 GET /api/realtime 200 in 30539ms
 GET /api/realtime 200 in 30242ms
 GET /api/realtime 200 in 30223ms
 GET /api/notifications?limit=10 200 in 339ms
 GET /api/realtime 200 in 392ms
 GET /api/auth/session 200 in 670ms
 GET /api/realtime 200 in 30271ms
 GET /api/realtime 200 in 646ms
 GET /api/realtime 200 in 641ms
 GET /api/realtime 200 in 548ms
 GET /api/realtime 200 in 566ms
 GET /api/realtime 200 in 557ms
 GET /api/realtime 200 in 554ms
 GET /api/notifications?limit=10 200 in 591ms
 GET /api/realtime 200 in 561ms
 GET /api/realtime 200 in 534ms
 GET /api/realtime 200 in 535ms
 GET /api/realtime 200 in 449ms
 GET /api/realtime 200 in 480ms
 GET /api/realtime 200 in 339ms
 GET /api/realtime 200 in 341ms
 GET /api/realtime 200 in 274ms
 GET /api/realtime 200 in 269ms
 GET /api/realtime 200 in 270ms
 GET /api/realtime 200 in 263ms
 GET /api/auth/session 200 in 360ms
 GET /api/realtime 200 in 357ms
 GET /api/notifications?limit=10 200 in 352ms
 GET /api/auth/session 200 in 215ms
 GET /api/notifications?limit=10 200 in 171ms
 GET /api/realtime 200 in 30217ms
 GET /api/auth/session 200 in 213ms
 GET /api/notifications?limit=10 200 in 189ms
 GET /api/auth/session 200 in 250ms
 GET /api/realtime 200 in 30211ms
 GET /api/notifications?limit=10 200 in 232ms
 GET /api/auth/session 200 in 201ms
 GET /api/notifications?limit=10 200 in 270ms
 GET /api/realtime 200 in 30201ms
 GET /api/auth/session 200 in 212ms
 GET /api/notifications?limit=10 200 in 207ms
 GET /api/auth/session 200 in 196ms
 GET /api/notifications?limit=10 200 in 167ms
 GET /api/realtime 200 in 157ms
 GET /api/auth/session 200 in 213ms
 GET /api/notifications?limit=10 200 in 240ms
 GET /api/realtime 200 in 30222ms
 GET /api/auth/session 200 in 182ms
 GET /api/notifications?limit=10 200 in 193ms
 GET /api/auth/session 200 in 205ms
 GET /api/realtime 200 in 219ms
 GET /api/notifications?limit=10 200 in 208ms
 GET /api/auth/session 200 in 256ms
 GET /api/notifications?limit=10 200 in 266ms
 GET /api/realtime 200 in 30189ms
 GET /api/realtime 200 in 181ms
 GET /api/auth/session 200 in 263ms
 GET /api/notifications?limit=10 200 in 249ms
 GET /api/realtime 200 in 207ms
 GET /api/auth/session 200 in 133ms
 GET /api/notifications?limit=10 200 in 164ms
 GET /api/realtime 200 in 157ms
 GET /api/auth/session 200 in 144ms
 GET /api/realtime 200 in 194ms
 GET /api/realtime 200 in 30218ms
 GET /api/notifications?limit=10 200 in 202ms
 GET /api/auth/session 200 in 175ms
 GET /api/notifications?limit=10 200 in 213ms
 GET /api/auth/session 200 in 217ms
 GET /api/notifications?limit=10 200 in 261ms
 GET /api/auth/session 200 in 435ms
 GET /api/realtime 200 in 30811ms
 GET /api/notifications?limit=10 200 in 618ms
 GET /api/realtime 200 in 325ms
 GET /api/auth/session 200 in 458ms
 GET /api/realtime 200 in 203ms
 GET /api/realtime 200 in 207ms
 GET /api/notifications?limit=10 200 in 253ms
 GET /api/notifications?limit=10 200 in 178ms
 GET /api/auth/session 200 in 165ms
 GET /api/realtime 200 in 146ms
 GET /api/realtime 200 in 147ms
 GET /api/realtime 200 in 150ms
 GET /api/notifications?limit=10 200 in 174ms
 GET /api/realtime 200 in 180ms
 GET /api/realtime 200 in 30222ms
 GET /api/auth/session 200 in 226ms
 GET /api/realtime 200 in 173ms
 GET /api/realtime 200 in 152ms
 GET /api/realtime 200 in 181ms
 GET /api/realtime 200 in 182ms
 GET /api/notifications?limit=10 200 in 156ms
 GET /api/realtime 200 in 165ms
 GET /api/realtime 200 in 169ms
 GET /api/notifications?limit=10 200 in 167ms
 GET /api/notifications?limit=10 200 in 156ms
 GET /api/notifications?limit=10 200 in 157ms
 GET /api/notifications?limit=10 200 in 158ms
 GET /api/notifications?limit=10 200 in 158ms
 GET /api/notifications?limit=10 200 in 158ms
 GET /api/notifications?limit=10 200 in 171ms
 GET /api/notifications?limit=10 200 in 164ms
 GET /api/notifications?limit=10 200 in 161ms
 GET /api/auth/session 200 in 171ms
 GET /api/realtime 200 in 114ms
 GET /api/realtime 200 in 112ms
 GET /api/realtime 200 in 73ms
 GET /api/auth/session 200 in 107ms
 GET /api/auth/session 200 in 81ms
 GET /api/auth/session 200 in 75ms
 GET /api/auth/session 200 in 92ms
 GET /api/realtime 200 in 30228ms
 GET /api/auth/session 200 in 67ms
 GET /api/auth/session 200 in 89ms
 GET /api/auth/session 200 in 96ms
 GET /api/realtime 200 in 30213ms
 GET /api/realtime 200 in 30200ms
 GET /api/realtime 200 in 30219ms
 GET /api/realtime 200 in 94ms
 GET /api/realtime 200 in 30263ms
 ○ Compiling /projects/[id] ...
 GET /api/realtime 200 in 30283ms
 GET /api/realtime 200 in 30301ms
 ✓ Compiled /projects/[id] in 2.3s (3395 modules)
 GET /company/invitations 200 in 2624ms
 GET /company/usage 200 in 2610ms
 GET /company/team 200 in 2627ms
 GET /company/settings 307 in 2628ms
 GET /dashboard 200 in 145ms
 GET /projects/project-riverside-homes 200 in 3038ms
 GET /projects/project-mall-renovation 200 in 3033ms
 GET /projects/project-downtown-office 200 in 3007ms
 ○ Compiling /api/company/invitations ...
 GET /api/realtime 200 in 33635ms
 GET /api/realtime 200 in 30424ms
 GET /api/realtime 200 in 30678ms
 GET /api/realtime 200 in 30370ms
 GET /api/realtime 200 in 30221ms
 GET /api/realtime 200 in 30288ms
 GET /api/realtime 200 in 30107ms
 GET /api/realtime 200 in 30071ms
 GET /api/realtime 200 in 30203ms
 GET /api/realtime 200 in 30108ms
 GET /api/realtime 200 in 30081ms
 GET /api/realtime 200 in 30213ms
 ✓ Compiled /api/company/invitations in 3.9s (1887 modules)
 GET /api/realtime 200 in 30641ms
 GET /api/realtime 200 in 30107ms
 GET /api/realtime 200 in 30065ms
 GET /api/realtime 200 in 30242ms
 GET /api/realtime 200 in 30134ms
 GET /api/realtime 200 in 30246ms
 GET /api/auth/session 200 in 4853ms
 GET /api/auth/session 200 in 1225ms
 GET /api/realtime 200 in 30165ms
 GET /api/realtime 200 in 4265ms
 GET /api/realtime 200 in 30071ms
 GET /api/realtime 200 in 4204ms
 GET /api/realtime 200 in 4193ms
 GET /api/realtime 200 in 4238ms
 GET /api/realtime 200 in 4196ms
 GET /api/realtime 200 in 4239ms
 GET /api/realtime 200 in 4218ms
 GET /api/realtime 200 in 4226ms
 GET /api/realtime 200 in 4268ms
 GET /api/realtime 200 in 4240ms
 GET /api/realtime 200 in 4390ms
 GET /api/realtime 200 in 4244ms
 GET /api/realtime 200 in 4244ms
 GET /api/realtime 200 in 4334ms
 GET /api/realtime 200 in 4391ms
 GET /api/realtime 200 in 4360ms
 GET /api/notifications?limit=10 200 in 4410ms
 GET /api/company/invitations? 200 in 5454ms
 GET /api/realtime 200 in 30054ms
 GET /api/auth/session 200 in 176ms
 GET /api/realtime 200 in 30097ms
 GET /api/notifications?limit=10 200 in 184ms
 GET /api/realtime 200 in 30057ms
 GET /api/auth/session 200 in 158ms
 GET /api/realtime 200 in 30083ms
 GET /api/notifications?limit=10 200 in 189ms
 GET /api/realtime 200 in 30058ms
 GET /api/realtime 200 in 153ms
 GET /api/realtime 200 in 30051ms
 GET /api/realtime 200 in 30247ms
 GET /api/auth/session 200 in 128ms
 GET /api/notifications?limit=10 200 in 151ms
 GET /api/realtime 200 in 30054ms
 GET /api/realtime 200 in 30056ms
 GET /api/auth/session 200 in 192ms
 GET /api/realtime 200 in 30059ms
 GET /api/realtime 200 in 206ms
 GET /api/notifications?limit=10 200 in 210ms
 GET /api/realtime 200 in 197ms
 GET /api/realtime 200 in 30062ms
 GET /api/auth/session 200 in 132ms
 GET /api/realtime 200 in 30059ms
 GET /api/notifications?limit=10 200 in 147ms
 GET /api/auth/session 200 in 139ms
 GET /api/realtime 200 in 30104ms
 GET /api/notifications?limit=10 200 in 160ms
 GET /api/realtime 200 in 30065ms
 GET /api/realtime 200 in 30206ms
 GET /api/auth/session 200 in 113ms
 GET /api/realtime 200 in 30062ms
 GET /api/notifications?limit=10 200 in 106ms
 GET /api/realtime 200 in 30058ms
 GET /api/realtime 200 in 125ms
 GET /api/realtime 200 in 125ms
 GET /api/auth/session 200 in 188ms
 GET /api/realtime 200 in 30081ms
 GET /api/realtime 200 in 30054ms
 GET /api/auth/session 200 in 93ms
 GET /api/realtime 200 in 99ms
 GET /api/realtime 200 in 30052ms
 GET /api/realtime 200 in 30057ms
 GET /api/realtime 200 in 56ms
 GET /api/realtime 200 in 30069ms
 GET /api/realtime 200 in 30055ms
 GET /api/realtime 200 in 30232ms
 GET /api/realtime 200 in 30060ms
 GET /api/realtime 200 in 30053ms
 GET /api/realtime 200 in 30053ms
 GET /api/realtime 200 in 30053ms
 GET /api/realtime 200 in 30058ms
 GET /api/realtime 200 in 30053ms
 GET /api/realtime 200 in 30063ms
 GET /api/realtime 200 in 30054ms
 GET /api/realtime 200 in 30052ms
 GET /api/realtime 200 in 30219ms
 GET /api/realtime 200 in 30054ms
 GET /api/realtime 200 in 30053ms
 GET /api/realtime 200 in 30052ms
 GET /api/realtime 200 in 30057ms
 GET /api/realtime 200 in 30052ms
 GET /api/realtime 200 in 30053ms
 GET /api/realtime 200 in 30064ms
 GET /api/realtime 200 in 30205ms
 GET /api/realtime 200 in 30064ms
 GET /api/realtime 200 in 30063ms
 GET /api/realtime 200 in 30063ms
 GET /api/realtime 200 in 30060ms
 GET /api/realtime 200 in 30054ms
 GET /api/realtime 200 in 30056ms
 GET /api/realtime 200 in 30240ms
 GET /api/realtime 200 in 33613ms
 GET /api/realtime 200 in 30551ms
 GET /api/realtime 200 in 30372ms
 GET /api/realtime 200 in 30649ms
 GET /api/realtime 200 in 30638ms
 GET /api/realtime 200 in 30560ms
 GET /api/realtime 200 in 30647ms
 GET /api/realtime 200 in 30545ms
 GET /api/realtime 200 in 30546ms
 GET /api/realtime 200 in 30547ms
 GET /api/realtime 200 in 30558ms
 GET /api/realtime 200 in 30570ms
 GET /api/realtime 200 in 30532ms
 GET /api/realtime 200 in 30482ms
 GET /api/realtime 200 in 30482ms
 GET /api/realtime 200 in 30475ms
 GET /api/realtime 200 in 30446ms
 GET /api/realtime 200 in 30563ms
 GET /api/realtime 200 in 30450ms
 GET /api/realtime 200 in 30541ms
 GET /api/realtime 200 in 30494ms
 GET /api/realtime 200 in 30334ms
 GET /api/realtime 200 in 30337ms
 GET /api/realtime 200 in 30348ms
 GET /api/realtime 200 in 30299ms
 GET /api/realtime 200 in 30307ms
 GET /api/realtime 200 in 30305ms
 GET /api/realtime 200 in 30322ms
 GET /api/realtime 200 in 30285ms
 GET /api/realtime 200 in 30268ms
 GET /api/realtime 200 in 30256ms
 GET /api/realtime 200 in 30259ms
 GET /api/realtime 200 in 30270ms
 GET /api/realtime 200 in 30274ms
 GET /api/realtime 200 in 30356ms
 GET /api/realtime 200 in 30258ms
 GET /api/realtime 200 in 30248ms
 GET /api/realtime 200 in 30234ms
 GET /api/realtime 200 in 30236ms
 GET /api/realtime 200 in 30236ms
 GET /api/realtime 200 in 30264ms
 GET /api/realtime 200 in 30237ms
 GET /api/realtime 200 in 30241ms
 GET /api/realtime 200 in 30255ms
 GET /api/realtime 200 in 30257ms
 GET /api/realtime 200 in 30249ms
 GET /api/realtime 200 in 30187ms
 GET /api/realtime 200 in 30182ms
 GET /api/realtime 200 in 30185ms
 GET /api/realtime 200 in 30193ms
 GET /api/realtime 200 in 30170ms
 GET /api/realtime 200 in 30170ms
 GET /api/realtime 200 in 30161ms
 GET /api/realtime 200 in 30314ms
 GET /api/realtime 200 in 30171ms
 GET /api/realtime 200 in 30172ms
 GET /api/realtime 200 in 30173ms
 GET /api/realtime 200 in 30158ms
 GET /api/realtime 200 in 30175ms
 GET /api/realtime 200 in 30176ms
 GET /api/realtime 200 in 30176ms
 GET /api/realtime 200 in 30176ms
 GET /api/realtime 200 in 30180ms
 GET /api/realtime 200 in 30186ms
 GET /api/realtime 200 in 30186ms
 GET /api/realtime 200 in 30188ms
 GET /api/realtime 200 in 30186ms
 GET /api/realtime 200 in 30195ms
 GET /api/realtime 200 in 30173ms
 GET /api/realtime 200 in 30195ms
 GET /api/realtime 200 in 30196ms
 GET /api/realtime 200 in 30208ms
 GET /api/realtime 200 in 30209ms
 GET /api/realtime 200 in 30210ms
 GET /api/realtime 200 in 30211ms
 GET /api/realtime 200 in 30211ms
 GET /api/realtime 200 in 30212ms
 GET /api/realtime 200 in 30181ms
 GET /api/realtime 200 in 30215ms
 GET /api/realtime 200 in 30217ms
 GET /api/realtime 200 in 30227ms
 GET /api/realtime 200 in 30228ms
 GET /api/realtime 200 in 30176ms
 GET /api/realtime 200 in 30181ms
 GET /api/realtime 200 in 30188ms
 GET /api/realtime 200 in 30221ms
 GET /api/realtime 200 in 30215ms
 GET /api/realtime 200 in 30200ms
 GET /api/realtime 200 in 30255ms
 GET /api/realtime 200 in 30256ms
 GET /api/realtime 200 in 30218ms
 GET /api/realtime 200 in 30257ms
 GET /api/realtime 200 in 30219ms
 GET /api/realtime 200 in 30219ms
 GET /api/realtime 200 in 30220ms
 GET /api/realtime 200 in 30199ms
 GET /api/realtime 200 in 30228ms
 GET /api/realtime 200 in 30227ms
 GET /api/realtime 200 in 30181ms
 GET /api/realtime 200 in 30184ms
 GET /api/realtime 200 in 30232ms
 GET /api/realtime 200 in 30213ms
 GET /api/realtime 200 in 30202ms
 GET /api/realtime 200 in 30230ms
 GET /api/realtime 200 in 30240ms
 GET /api/realtime 200 in 30283ms
 GET /api/realtime 200 in 30272ms
 GET /api/realtime 200 in 30274ms
 GET /api/realtime 200 in 30276ms
 GET /api/realtime 200 in 30275ms
 GET /api/realtime 200 in 30276ms
 GET /api/realtime 200 in 30277ms
 GET /api/realtime 200 in 30290ms
 GET /api/realtime 200 in 30246ms
 GET /api/realtime 200 in 30247ms
 GET /api/realtime 200 in 30249ms
 GET /api/realtime 200 in 30215ms
 GET /api/realtime 200 in 30251ms
 GET /api/realtime 200 in 30439ms
 GET /api/realtime 200 in 30230ms
 GET /api/realtime 200 in 30224ms
 GET /api/realtime 200 in 30232ms
 GET /api/realtime 200 in 30170ms
 GET /api/realtime 200 in 30172ms
 GET /api/realtime 200 in 30172ms
 GET /api/realtime 200 in 30173ms
 GET /api/realtime 200 in 30177ms
 GET /api/realtime 200 in 30179ms
 GET /api/realtime 200 in 30181ms
 GET /api/realtime 200 in 30183ms
 GET /api/realtime 200 in 30167ms
 GET /api/realtime 200 in 30168ms
 GET /api/realtime 200 in 30170ms
 GET /api/realtime 200 in 30162ms
 GET /api/realtime 200 in 30183ms
 GET /api/realtime 200 in 30151ms
 GET /api/realtime 200 in 30155ms
 GET /api/realtime 200 in 30151ms
 GET /api/realtime 200 in 30155ms
 GET /api/realtime 200 in 30150ms
 GET /api/realtime 200 in 30157ms
 GET /api/realtime 200 in 30151ms
 GET /api/realtime 200 in 30157ms
 GET /api/realtime 200 in 30152ms
 GET /api/realtime 200 in 30160ms
 GET /api/realtime 200 in 30153ms
 GET /api/realtime 200 in 30157ms
 GET /api/realtime 200 in 30163ms
 GET /api/realtime 200 in 30248ms
 GET /api/realtime 200 in 30192ms
 GET /api/realtime 200 in 30175ms
 GET /api/realtime 200 in 30182ms
 GET /api/realtime 200 in 30204ms
 GET /api/realtime 200 in 30252ms
 GET /api/realtime 200 in 30242ms
 GET /api/realtime 200 in 30235ms
 GET /api/realtime 200 in 30245ms
 GET /api/realtime 200 in 30200ms
 GET /api/realtime 200 in 30200ms
 GET /api/realtime 200 in 30231ms
 GET /api/realtime 200 in 30226ms
 GET /api/realtime 200 in 30201ms
 GET /api/realtime 200 in 30248ms
 GET /api/realtime 200 in 30203ms
 GET /api/realtime 200 in 30249ms
 GET /api/realtime 200 in 30256ms
 GET /api/realtime 200 in 30202ms
 GET /api/realtime 200 in 30202ms
 GET /api/realtime 200 in 30149ms
 GET /api/realtime 200 in 30155ms
 GET /api/realtime 200 in 30159ms
 GET /api/realtime 200 in 30346ms
 GET /api/realtime 200 in 30238ms
 GET /api/realtime 200 in 30220ms
 GET /api/realtime 200 in 30216ms
 GET /api/realtime 200 in 30173ms
 GET /api/realtime 200 in 30217ms
 GET /api/realtime 200 in 30218ms
 GET /api/realtime 200 in 30220ms
 GET /api/realtime 200 in 30221ms
 GET /api/realtime 200 in 30223ms
 GET /api/realtime 200 in 30225ms
 GET /api/realtime 200 in 30227ms
 GET /api/realtime 200 in 30229ms
 GET /api/realtime 200 in 30191ms
 GET /api/realtime 200 in 30213ms
 GET /api/realtime 200 in 30239ms
 GET /api/realtime 200 in 30191ms
 GET /api/realtime 200 in 30232ms
 GET /api/realtime 200 in 30207ms
 GET /api/realtime 200 in 30233ms
 GET /api/realtime 200 in 30208ms
 GET /api/realtime 200 in 30209ms
 GET /api/realtime 200 in 30209ms
 GET /api/realtime 200 in 30209ms
 GET /api/realtime 200 in 30210ms
 GET /api/realtime 200 in 30210ms
 GET /api/realtime 200 in 30211ms
 GET /api/realtime 200 in 30214ms
 GET /api/realtime 200 in 30218ms
 GET /api/realtime 200 in 30280ms
 GET /api/realtime 200 in 30259ms
 GET /api/realtime 200 in 30138ms
 GET /api/realtime 200 in 30139ms
 GET /api/realtime 200 in 30179ms
 GET /api/realtime 200 in 30177ms
 GET /api/realtime 200 in 30178ms
 GET /api/realtime 200 in 30180ms
 GET /api/realtime 200 in 30179ms
 GET /api/realtime 200 in 30181ms
 GET /api/realtime 200 in 30180ms
 GET /api/realtime 200 in 30182ms
 GET /api/realtime 200 in 30183ms
 GET /api/realtime 200 in 30183ms
 GET /api/realtime 200 in 30159ms
 GET /api/realtime 200 in 30207ms
 GET /api/realtime 200 in 30193ms
 GET /api/realtime 200 in 30176ms
 GET /api/realtime 200 in 30176ms
 GET /api/realtime 200 in 30207ms
 GET /api/realtime 200 in 30248ms
 GET /api/realtime 200 in 30208ms
 GET /api/realtime 200 in 30210ms
 GET /api/realtime 200 in 30209ms
 GET /api/realtime 200 in 30210ms
 GET /api/realtime 200 in 30210ms
 GET /api/realtime 200 in 30211ms
 GET /api/realtime 200 in 30206ms
 GET /api/realtime 200 in 30206ms
 GET /api/realtime 200 in 30348ms
 GET /api/realtime 200 in 30142ms
 GET /api/realtime 200 in 30220ms
 GET /api/realtime 200 in 30144ms
 GET /api/realtime 200 in 30168ms
 GET /api/realtime 200 in 30150ms
 GET /api/realtime 200 in 30144ms
 GET /api/realtime 200 in 30152ms
 GET /api/realtime 200 in 30145ms
 GET /api/realtime 200 in 30144ms
 GET /api/realtime 200 in 30177ms
 GET /api/realtime 200 in 30145ms
 GET /api/realtime 200 in 30147ms
 GET /api/realtime 200 in 30146ms
 GET /api/realtime 200 in 30146ms
 GET /api/realtime 200 in 30156ms
 GET /api/realtime 200 in 30155ms
 GET /api/realtime 200 in 30162ms
 GET /api/realtime 200 in 30125ms
 GET /api/realtime 200 in 30191ms
 GET /api/realtime 200 in 30191ms
 GET /api/realtime 200 in 30190ms
 GET /api/realtime 200 in 30183ms
 GET /api/realtime 200 in 30184ms
 GET /api/realtime 200 in 30186ms
 GET /api/realtime 200 in 30196ms
 GET /api/realtime 200 in 30195ms
 GET /api/realtime 200 in 30212ms
 GET /api/realtime 200 in 30194ms
 GET /api/realtime 200 in 30191ms
 GET /api/realtime 200 in 30192ms
 GET /api/realtime 200 in 30141ms
 GET /api/realtime 200 in 30152ms
 GET /api/realtime 200 in 30187ms
 GET /api/realtime 200 in 30188ms
 GET /api/realtime 200 in 30179ms
 GET /api/realtime 200 in 30179ms
 GET /api/realtime 200 in 30181ms
 GET /api/realtime 200 in 30192ms
 GET /api/realtime 200 in 30212ms
 GET /api/realtime 200 in 30200ms
 GET /api/realtime 200 in 30203ms
 GET /api/realtime 200 in 30204ms
 GET /api/realtime 200 in 30204ms
 GET /api/realtime 200 in 30168ms
 GET /api/realtime 200 in 30347ms
 GET /api/realtime 200 in 30201ms
 GET /api/realtime 200 in 30202ms
 GET /api/realtime 200 in 30202ms
 GET /api/realtime 200 in 30239ms
 GET /api/realtime 200 in 30203ms
 GET /api/realtime 200 in 30203ms
 GET /api/realtime 200 in 30205ms
 GET /api/realtime 200 in 30268ms
 GET /api/realtime 200 in 30269ms
 GET /api/realtime 200 in 30268ms
 GET /api/realtime 200 in 30268ms
 GET /api/realtime 200 in 30260ms
 GET /api/realtime 200 in 30342ms
 GET /api/realtime 200 in 30405ms
 GET /api/realtime 200 in 30407ms
 GET /api/realtime 200 in 30363ms
 GET /api/realtime 200 in 30386ms
 GET /api/realtime 200 in 30405ms
 GET /api/realtime 200 in 30422ms
 GET /api/realtime 200 in 30417ms
 GET /api/realtime 200 in 30528ms
 GET /api/realtime 200 in 30536ms
 GET /api/realtime 200 in 30406ms
 GET /api/realtime 200 in 30409ms
 GET /api/realtime 200 in 30542ms
 GET /api/realtime 200 in 30457ms
 GET /api/realtime 200 in 30366ms
 GET /api/realtime 200 in 30198ms
 GET /api/realtime 200 in 30538ms
 GET /api/realtime 200 in 30240ms
 GET /api/realtime 200 in 30206ms
 GET /api/realtime 200 in 30241ms
 GET /api/realtime 200 in 30196ms
 GET /api/realtime 200 in 30190ms
 GET /api/realtime 200 in 30198ms
 GET /api/realtime 200 in 30201ms
 GET /api/realtime 200 in 30289ms
 GET /api/realtime 200 in 30196ms
 GET /api/realtime 200 in 30162ms
 GET /api/realtime 200 in 30148ms
 GET /api/realtime 200 in 30149ms
 GET /api/realtime 200 in 30145ms
 GET /api/realtime 200 in 30150ms
 GET /api/realtime 200 in 30206ms
 GET /api/realtime 200 in 30207ms
 GET /api/realtime 200 in 30157ms
 GET /api/realtime 200 in 30172ms
 GET /api/realtime 200 in 30165ms
 GET /api/realtime 200 in 30131ms
 GET /api/realtime 200 in 30296ms
 GET /api/realtime 200 in 30095ms
 GET /api/realtime 200 in 30120ms
 GET /api/realtime 200 in 30088ms
 GET /api/realtime 200 in 30084ms
 GET /api/realtime 200 in 30111ms
 GET /api/realtime 200 in 30108ms
 GET /api/realtime 200 in 30245ms
 GET /api/realtime 200 in 30055ms
 GET /api/realtime 200 in 30064ms
 GET /api/realtime 200 in 30053ms
 GET /api/realtime 200 in 30062ms
 GET /api/realtime 200 in 30054ms
 GET /api/realtime 200 in 30084ms
 GET /api/realtime 200 in 30061ms
 GET /api/realtime 200 in 30232ms
 GET /api/realtime 200 in 30075ms
 GET /api/realtime 200 in 30059ms
 GET /api/realtime 200 in 30057ms
 GET /api/realtime 200 in 30070ms
 GET /api/realtime 200 in 30056ms
 GET /api/realtime 200 in 30081ms
 GET /api/realtime 200 in 30054ms
 GET /api/realtime 200 in 30221ms
 GET /api/realtime 200 in 30052ms
 GET /api/realtime 200 in 30053ms
 GET /api/realtime 200 in 30053ms
 GET /api/realtime 200 in 30054ms
 GET /api/realtime 200 in 30052ms
 GET /api/realtime 200 in 30054ms
 GET /api/realtime 200 in 30070ms
 GET /api/realtime 200 in 30054ms
 GET /api/realtime 200 in 30055ms
 GET /api/realtime 200 in 30214ms
 GET /api/realtime 200 in 30065ms
 GET /api/realtime 200 in 30066ms
 GET /api/realtime 200 in 30061ms
 GET /api/realtime 200 in 30063ms
 GET /api/realtime 200 in 30063ms
 GET /api/realtime 200 in 30253ms
 GET /api/realtime 200 in 31986ms
 GET /api/realtime 200 in 28510ms
 GET /api/realtime 200 in 28478ms
 GET /api/realtime 200 in 24264ms
 GET /api/realtime 200 in 24252ms
 GET /api/realtime 200 in 23737ms
 GET /api/realtime 200 in 22847ms
 GET /api/realtime 200 in 23674ms
 GET /api/realtime 200 in 23674ms
 GET /api/realtime 200 in 28641ms
 GET /api/realtime 200 in 23517ms
 GET /api/realtime 200 in 23946ms
 GET /api/realtime 200 in 24079ms
 GET /api/realtime 200 in 28471ms
 GET /api/realtime 200 in 28170ms
 GET /api/realtime 200 in 23334ms
 GET /api/realtime 200 in 24246ms
 GET /api/realtime 200 in 23074ms
 GET /api/realtime 200 in 22608ms
 GET /api/realtime 200 in 28204ms
 GET /api/realtime 200 in 24144ms
 GET /api/realtime 200 in 23501ms
 GET /api/realtime 200 in 23012ms
 GET /api/realtime 200 in 22500ms
 GET /api/realtime 200 in 23558ms
 GET /api/realtime 200 in 23775ms
 GET /api/realtime 200 in 24083ms
 GET /api/realtime 200 in 23291ms
 GET /api/realtime 200 in 28346ms
 GET /api/realtime 200 in 22789ms
 GET /api/realtime 200 in 23864ms
 GET /api/realtime 200 in 24268ms
 GET /api/realtime 200 in 28198ms
 GET /api/realtime 200 in 23885ms
 GET /api/realtime 200 in 34806ms
 GET /api/realtime 200 in 30309ms
 GET /api/realtime 200 in 30343ms
 GET /api/realtime 200 in 30210ms
 GET /api/realtime 200 in 30200ms
 GET /api/realtime 200 in 30215ms
 GET /api/realtime 200 in 30240ms
 GET /api/realtime 200 in 30219ms
 GET /api/realtime 200 in 30236ms
 GET /api/realtime 200 in 30211ms
 GET /api/realtime 200 in 30210ms
 GET /api/realtime 200 in 30210ms
 GET /api/realtime 200 in 30193ms
 GET /api/realtime 200 in 30204ms
 GET /api/realtime 200 in 30213ms
 GET /api/realtime 200 in 30204ms
 GET /api/realtime 200 in 30236ms
 GET /api/realtime 200 in 30202ms
 GET /api/realtime 200 in 30214ms
 GET /api/realtime 200 in 30190ms
 GET /api/realtime 200 in 30191ms
 GET /api/realtime 200 in 30219ms
 GET /api/realtime 200 in 30232ms
 GET /api/realtime 200 in 30221ms
 GET /api/realtime 200 in 30210ms
 GET /api/realtime 200 in 30226ms
 GET /api/realtime 200 in 30201ms
 GET /api/realtime 200 in 30200ms
 GET /api/realtime 200 in 30214ms
 GET /api/realtime 200 in 30243ms
 GET /api/realtime 200 in 30191ms
 GET /api/realtime 200 in 30235ms
 GET /api/realtime 200 in 30220ms
 GET /api/realtime 200 in 30197ms
 GET /api/realtime 200 in 30221ms
 GET /api/realtime 200 in 30219ms
[?25h
