[master (root-commit) 8d246c4] Complete CortexBuildPro construction management app
 112 files changed, 9035 insertions(+)
 create mode 100644 .abacus.donotdelete
 create mode 100644 .gitignore
 create mode 100644 nextjs_space/.env
 create mode 100644 nextjs_space/.yarnrc.yml
 create mode 100644 nextjs_space/app/(auth)/login/page.tsx
 create mode 100644 nextjs_space/app/(auth)/signup/page.tsx
 create mode 100644 nextjs_space/app/(dashboard)/dashboard/_components/dashboard-client.tsx
 create mode 100644 nextjs_space/app/(dashboard)/dashboard/_components/project-status-chart.tsx
 create mode 100644 nextjs_space/app/(dashboard)/dashboard/page.tsx
 create mode 100644 nextjs_space/app/(dashboard)/documents/_components/documents-client.tsx
 create mode 100644 nextjs_space/app/(dashboard)/documents/page.tsx
 create mode 100644 nextjs_space/app/(dashboard)/layout.tsx
 create mode 100644 nextjs_space/app/(dashboard)/projects/[id]/_components/project-detail-client.tsx
 create mode 100644 nextjs_space/app/(dashboard)/projects/[id]/page.tsx
 create mode 100644 nextjs_space/app/(dashboard)/projects/_components/projects-client.tsx
 create mode 100644 nextjs_space/app/(dashboard)/projects/new/page.tsx
 create mode 100644 nextjs_space/app/(dashboard)/projects/page.tsx
 create mode 100644 nextjs_space/app/(dashboard)/settings/_components/settings-client.tsx
 create mode 100644 nextjs_space/app/(dashboard)/settings/page.tsx
 create mode 100644 nextjs_space/app/(dashboard)/tasks/_components/tasks-client.tsx
 create mode 100644 nextjs_space/app/(dashboard)/tasks/page.tsx
 create mode 100644 nextjs_space/app/(dashboard)/team/_components/team-client.tsx
 create mode 100644 nextjs_space/app/(dashboard)/team/page.tsx
 create mode 100644 nextjs_space/app/api/auth/[...nextauth]/route.ts
 create mode 100644 nextjs_space/app/api/documents/[id]/download/route.ts
 create mode 100644 nextjs_space/app/api/documents/[id]/route.ts
 create mode 100644 nextjs_space/app/api/documents/route.ts
 create mode 100644 nextjs_space/app/api/projects/[id]/route.ts
 create mode 100644 nextjs_space/app/api/projects/route.ts
 create mode 100644 nextjs_space/app/api/signup/route.ts
 create mode 100644 nextjs_space/app/api/tasks/[id]/route.ts
 create mode 100644 nextjs_space/app/api/tasks/route.ts
 create mode 100644 nextjs_space/app/api/team/route.ts
 create mode 100644 nextjs_space/app/api/upload/presigned/route.ts
 create mode 100644 nextjs_space/app/globals.css
 create mode 100644 nextjs_space/app/layout.tsx
 create mode 100644 nextjs_space/app/page.tsx
 create mode 100644 nextjs_space/app/providers.tsx
 create mode 100644 nextjs_space/components.json
 create mode 100644 nextjs_space/components/dashboard/header.tsx
 create mode 100644 nextjs_space/components/dashboard/sidebar.tsx
 create mode 100644 nextjs_space/components/theme-provider.tsx
 create mode 100644 nextjs_space/components/ui/accordion.tsx
 create mode 100644 nextjs_space/components/ui/alert-dialog.tsx
 create mode 100644 nextjs_space/components/ui/alert.tsx
 create mode 100644 nextjs_space/components/ui/aspect-ratio.tsx
 create mode 100644 nextjs_space/components/ui/avatar.tsx
 create mode 100644 nextjs_space/components/ui/badge.tsx
 create mode 100644 nextjs_space/components/ui/breadcrumb.tsx
 create mode 100644 nextjs_space/components/ui/button.tsx
 create mode 100644 nextjs_space/components/ui/calendar.tsx
 create mode 100644 nextjs_space/components/ui/card.tsx
 create mode 100644 nextjs_space/components/ui/carousel.tsx
 create mode 100644 nextjs_space/components/ui/checkbox.tsx
 create mode 100644 nextjs_space/components/ui/collapsible.tsx
 create mode 100644 nextjs_space/components/ui/command.tsx
 create mode 100644 nextjs_space/components/ui/context-menu.tsx
 create mode 100644 nextjs_space/components/ui/date-range-picker.tsx
 create mode 100644 nextjs_space/components/ui/dialog.tsx
 create mode 100644 nextjs_space/components/ui/drawer.tsx
 create mode 100644 nextjs_space/components/ui/dropdown-menu.tsx
 create mode 100644 nextjs_space/components/ui/form.tsx
 create mode 100644 nextjs_space/components/ui/hover-card.tsx
 create mode 100644 nextjs_space/components/ui/input-otp.tsx
 create mode 100644 nextjs_space/components/ui/input.tsx
 create mode 100644 nextjs_space/components/ui/label.tsx
 create mode 100644 nextjs_space/components/ui/menubar.tsx
 create mode 100644 nextjs_space/components/ui/navigation-menu.tsx
 create mode 100644 nextjs_space/components/ui/pagination.tsx
 create mode 100644 nextjs_space/components/ui/popover.tsx
 create mode 100644 nextjs_space/components/ui/progress.tsx
 create mode 100644 nextjs_space/components/ui/radio-group.tsx
 create mode 100644 nextjs_space/components/ui/resizable.tsx
 create mode 100644 nextjs_space/components/ui/scroll-area.tsx
 create mode 100644 nextjs_space/components/ui/select.tsx
 create mode 100644 nextjs_space/components/ui/separator.tsx
 create mode 100644 nextjs_space/components/ui/sheet.tsx
 create mode 100644 nextjs_space/components/ui/skeleton.tsx
 create mode 100644 nextjs_space/components/ui/slider.tsx
 create mode 100644 nextjs_space/components/ui/sonner.tsx
 create mode 100644 nextjs_space/components/ui/switch.tsx
 create mode 100644 nextjs_space/components/ui/table.tsx
 create mode 100644 nextjs_space/components/ui/tabs.tsx
 create mode 100644 nextjs_space/components/ui/task-card.tsx
 create mode 100644 nextjs_space/components/ui/textarea.tsx
 create mode 100644 nextjs_space/components/ui/toast.tsx
 create mode 100644 nextjs_space/components/ui/toaster.tsx
 create mode 100644 nextjs_space/components/ui/toggle-group.tsx
 create mode 100644 nextjs_space/components/ui/toggle.tsx
 create mode 100644 nextjs_space/components/ui/tooltip.tsx
 create mode 100644 nextjs_space/components/ui/use-toast.ts
 create mode 100644 nextjs_space/hooks/use-toast.ts
 create mode 100644 nextjs_space/lib/auth-options.ts
 create mode 100644 nextjs_space/lib/aws-config.ts
 create mode 100644 nextjs_space/lib/db.ts
 create mode 100644 nextjs_space/lib/s3.ts
 create mode 100644 nextjs_space/lib/types.ts
 create mode 100644 nextjs_space/lib/utils.ts
 create mode 100644 nextjs_space/middleware.ts
 create mode 100644 nextjs_space/next-env.d.ts
 create mode 100644 nextjs_space/next.config.js
 create mode 100644 nextjs_space/package.json
 create mode 100644 nextjs_space/postcss.config.js
 create mode 100644 nextjs_space/prisma/schema.prisma
 create mode 100644 nextjs_space/public/favicon.svg
 create mode 100644 nextjs_space/public/og-image.png
 create mode 100644 nextjs_space/public/robots.txt
 create mode 100644 nextjs_space/scripts/seed.ts
 create mode 100644 nextjs_space/tailwind.config.ts
 create mode 100644 nextjs_space/tsconfig.json
 create mode 100644 nextjs_space/types/next-auth.d.ts
 create mode 120000 nextjs_space/yarn.lock
###8d246c400c7a0e543557633aa14080fc4c963595###
