  ▲ Next.js 14.2.28
  - Local:        http://localhost:3000
  - Environments: .env
  - Experiments (use with caution):
    · outputFileTracingRoot

 ✓ Starting...
 ✓ Ready in 1597ms
 ○ Compiling / ...
 ✓ Compiled / in 1845ms (596 modules)
 GET / 200 in 2399ms
 ✓ Compiled in 499ms (296 modules)
 GET / 200 in 79ms
 ✓ Compiled /api/auth/[...nextauth] in 416ms (541 modules)
 GET /api/auth/session 200 in 907ms
 GET /api/auth/session 200 in 78ms
 GET / 200 in 125ms
 GET / 200 in 89ms
 GET / 200 in 93ms
 GET / 200 in 88ms
 GET / 200 in 114ms
 GET / 200 in 86ms
 GET / 200 in 83ms
 GET / 200 in 87ms
 GET / 200 in 83ms
 GET / 200 in 93ms
 GET / 200 in 85ms
 GET / 200 in 77ms
 GET /api/auth/session 200 in 84ms
 GET /api/auth/session 200 in 57ms
 GET / 200 in 90ms
 GET / 200 in 67ms
 GET /api/auth/session 200 in 70ms
 GET /api/auth/session 200 in 69ms
 GET / 200 in 120ms
 GET / 200 in 84ms
