  ▲ Next.js 14.2.28
  - Local:        http://localhost:3000
  - Environments: .env
  - Experiments (use with caution):
    · outputFileTracingRoot

 ✓ Starting...
 ✓ Ready in 1669ms
 ○ Compiling / ...
 ✓ Compiled / in 2.2s (596 modules)
 GET / 200 in 2702ms
 ✓ Compiled in 492ms (296 modules)
 ✓ Compiled /api/auth/[...nextauth] in 431ms (541 modules)
 GET /api/auth/providers 200 in 906ms
 GET / 200 in 108ms
 GET /api/auth/session 200 in 68ms
 GET /api/auth/session 200 in 52ms
 ○ Compiling /signup ...
 ✓ Compiled /signup in 708ms (881 modules)
 GET /signup 200 in 937ms
 GET /login 200 in 940ms
 GET /api/auth/session 200 in 84ms
 GET /api/auth/session 200 in 53ms
 GET /api/auth/session 200 in 54ms
 GET /api/auth/session 200 in 60ms
 GET /api/auth/session 200 in 82ms
 GET /api/auth/csrf 200 in 62ms
 ✓ Compiled /api/signup in 131ms (597 modules)
 POST /api/signup 200 in 616ms
 GET / 200 in 90ms
 GET /api/auth/signin 302 in 67ms
 GET /login?callbackUrl=https://7d18e9f2f.preview.abacusai.app 200 in 59ms
 GET /api/auth/csrf 200 in 46ms
 POST /api/auth/callback/credentials 302 in 382ms
 ✓ Compiled /middleware in 161ms (174 modules)
 ○ Compiling /dashboard ...
 ✓ Compiled /dashboard in 2.2s (2849 modules)
 GET /dashboard 200 in 2458ms
 GET / 200 in 79ms
 GET /dashboard 200 in 92ms
 GET /api/auth/session 200 in 88ms
 GET /api/auth/session 200 in 97ms
 ✓ Compiled /api/realtime in 288ms (1577 modules)
 ✓ Compiled (1580 modules)
 GET /api/auth/session 200 in 585ms
 GET /api/notifications?limit=10 200 in 718ms
 GET /api/realtime 200 in 381ms
 GET /api/notifications?limit=10 200 in 101ms
 GET /api/auth/session 200 in 123ms
 GET /api/realtime 200 in 128ms
 GET /api/notifications?limit=10 200 in 107ms
 GET /api/auth/session 200 in 110ms
 GET /api/realtime 200 in 92ms
 GET /api/notifications?limit=10 200 in 92ms
 GET /api/realtime 200 in 112ms
 GET /api/realtime 200 in 78ms
 GET /api/realtime 200 in 95ms
 GET /api/realtime 200 in 81ms
 GET /api/realtime 200 in 83ms
 GET /api/realtime 200 in 191ms
 GET /api/realtime 200 in 104ms
 GET /api/realtime 200 in 88ms
 GET /api/realtime 200 in 73ms
 GET /api/realtime 200 in 77ms
 GET /api/realtime 200 in 68ms
 GET /api/realtime 200 in 67ms
 GET /api/realtime 200 in 93ms
 GET /api/realtime 200 in 68ms
 GET /api/realtime 200 in 72ms
 GET /api/realtime 200 in 73ms
 GET /api/realtime 200 in 84ms
 GET /api/realtime 200 in 77ms
 GET /api/realtime 200 in 65ms
 GET /api/realtime 200 in 67ms
 GET /api/realtime 200 in 66ms
 GET /api/realtime 200 in 72ms
 GET /api/realtime 200 in 69ms
 GET /api/realtime 200 in 67ms
 GET /api/realtime 200 in 79ms
 GET /api/realtime 200 in 68ms
 GET /api/realtime 200 in 78ms
 GET /api/realtime 200 in 66ms
 GET /api/realtime 200 in 66ms
 GET /api/realtime 200 in 65ms
 GET /api/realtime 200 in 69ms
 GET /api/realtime 200 in 68ms
 GET /api/realtime 200 in 68ms
 GET /api/realtime 200 in 71ms
 GET /api/realtime 200 in 72ms
 GET /api/realtime 200 in 73ms
 GET /api/realtime 200 in 70ms
 GET /api/realtime 200 in 73ms
 GET /api/realtime 200 in 68ms
 GET /api/realtime 200 in 72ms
 GET /api/realtime 200 in 66ms
 GET /api/realtime 200 in 68ms
 GET /api/realtime 200 in 68ms
 GET /api/realtime 200 in 69ms
 GET /api/realtime 200 in 64ms
 GET /api/realtime 200 in 63ms
 GET /api/realtime 200 in 70ms
 GET /api/realtime 200 in 66ms
 GET /api/realtime 200 in 101ms
 GET /api/realtime 200 in 127ms
 GET /api/realtime 200 in 65ms
 GET /api/realtime 200 in 68ms
 GET /api/realtime 200 in 64ms
 GET /api/realtime 200 in 61ms
 GET /api/realtime 200 in 6918ms
 GET /api/realtime 200 in 53ms
 ○ Compiling /tasks ...
 ✓ Compiled /tasks in 2.9s (3352 modules)
prisma:error 
Invalid `_lib_db__WEBPACK_IMPORTED_MODULE_4__.prisma.rFI.findMany()` invocation in
/home/ubuntu/cortexbuild_pro/nextjs_space/.next/server/app/(dashboard)/rfis/page.js:5495:57

  5492         name: "asc"
  5493     }
  5494 }),
→ 5495 _lib_db__WEBPACK_IMPORTED_MODULE_4__.prisma.rFI.findMany(
Too many database connections opened: FATAL: too many connections for role "role_ddaacb0a0"
Prisma Accelerate has built-in connection pooling to prevent such errors: https://pris.ly/client/error-accelerate
prisma:error 
Invalid `_lib_db__WEBPACK_IMPORTED_MODULE_4__.prisma.dailyReport.findMany()` invocation in
/home/ubuntu/cortexbuild_pro/nextjs_space/.next/server/app/(dashboard)/daily-reports/page.js:5233:65

  5230         name: "asc"
  5231     }
  5232 }),
→ 5233 _lib_db__WEBPACK_IMPORTED_MODULE_4__.prisma.dailyReport.findMany(
Too many database connections opened: FATAL: too many connections for role "role_ddaacb0a0"
Prisma Accelerate has built-in connection pooling to prevent such errors: https://pris.ly/client/error-accelerate
prisma:error 
Invalid `_lib_db__WEBPACK_IMPORTED_MODULE_4__.prisma.submittal.findMany()` invocation in
/home/ubuntu/cortexbuild_pro/nextjs_space/.next/server/app/(dashboard)/submittals/page.js:5008:63

  5005         name: "asc"
  5006     }
  5007 }),
→ 5008 _lib_db__WEBPACK_IMPORTED_MODULE_4__.prisma.submittal.findMany(
Too many database connections opened: FATAL: too many connections for role "role_ddaacb0a0"
Prisma Accelerate has built-in connection pooling to prevent such errors: https://pris.ly/client/error-accelerate
prisma:error 
Invalid `_lib_db__WEBPACK_IMPORTED_MODULE_4__.prisma.teamMember.findMany()` invocation in
/home/ubuntu/cortexbuild_pro/nextjs_space/.next/server/app/(dashboard)/submittals/page.js:5045:64

  5042         createdAt: "desc"
  5043     }
  5044 }),
→ 5045 _lib_db__WEBPACK_IMPORTED_MODULE_4__.prisma.teamMember.findMany(
Too many database connections opened: FATAL: too many connections for role "role_ddaacb0a0"
Prisma Accelerate has built-in connection pooling to prevent such errors: https://pris.ly/client/error-accelerate
prisma:error 
Invalid `_lib_db__WEBPACK_IMPORTED_MODULE_4__.prisma.organization.findUnique()` invocation in
/home/ubuntu/cortexbuild_pro/nextjs_space/.next/server/app/(company)/company/page.js:3220:66

  3217 }
  3218 // Fetch organization with all related data
  3219 const [organizationData, teamMembers, projects, recentActivity, pendingInvitations] = await Promise.all([
→ 3220     _lib_db__WEBPACK_IMPORTED_MODULE_4__.prisma.organization.findUnique(
Too many database connections opened: FATAL: too many connections for role "role_ddaacb0a0"
Prisma Accelerate has built-in connection pooling to prevent such errors: https://pris.ly/client/error-accelerate
prisma:error 
Invalid `_lib_db__WEBPACK_IMPORTED_MODULE_6__.prisma.organization.findUnique()` invocation in
/home/ubuntu/cortexbuild_pro/nextjs_space/.next/server/app/(company)/company/page.js:3370:115

  3367     (0,next_navigation__WEBPACK_IMPORTED_MODULE_2__.redirect)("/dashboard");
  3368 }
  3369 // Fetch organization details
→ 3370 const organizationData = user.organizationId ? await _lib_db__WEBPACK_IMPORTED_MODULE_6__.prisma.organization.findUnique(
Too many database connections opened: FATAL: too many connections for role "role_ddaacb0a0"
Prisma Accelerate has built-in connection pooling to prevent such errors: https://pris.ly/client/error-accelerate
 GET /meetings 200 in 3822ms
 GET /punch-lists 200 in 3808ms
 GET /documents 200 in 3825ms
 GET /change-orders 200 in 3765ms
 GET /inspections 200 in 3765ms
 GET /team 200 in 3813ms
 GET /reports 200 in 3808ms
 GET /projects/new 200 in 3769ms
 GET /company 500 in 3814ms
 GET /daily-reports 500 in 3772ms
 GET /rfis 500 in 3772ms
 GET /settings 200 in 3772ms
 GET /submittals 500 in 3772ms
 GET /equipment 200 in 3838ms
 GET /projects 200 in 3776ms
 GET /safety 200 in 3779ms
 GET /tasks 200 in 3782ms
 GET /api/notifications?limit=10 200 in 218ms
 GET /api/realtime 200 in 233ms
 GET /api/auth/session 200 in 295ms
 GET /api/realtime 200 in 245ms
 GET /api/realtime 200 in 261ms
 GET /api/realtime 200 in 253ms
 GET /api/realtime 200 in 264ms
 GET /api/realtime 200 in 213ms
 GET /api/realtime 200 in 281ms
 GET /api/realtime 200 in 329ms
 GET /api/notifications?limit=10 200 in 349ms
 GET /api/auth/session 200 in 398ms
 GET /api/realtime 200 in 401ms
 GET /api/realtime 200 in 296ms
 GET /api/realtime 200 in 283ms
 GET /api/realtime 200 in 551ms
 GET /api/realtime 200 in 497ms
 GET /api/realtime 200 in 568ms
 GET /api/realtime 200 in 534ms
 GET /api/realtime 200 in 522ms
 GET /api/realtime 200 in 508ms
 GET /api/notifications?limit=10 200 in 572ms
 GET /api/realtime 200 in 449ms
 GET /api/realtime 200 in 415ms
 GET /api/auth/session 200 in 452ms
 GET /api/realtime 200 in 369ms
 GET /api/realtime 200 in 364ms
 GET /api/realtime 200 in 421ms
 GET /api/realtime 200 in 371ms
 GET /api/realtime 200 in 324ms
 GET /api/realtime 200 in 321ms
 GET /api/realtime 200 in 290ms
 GET /api/realtime 200 in 313ms
 GET /api/realtime 200 in 175ms
 GET /api/notifications?limit=10 200 in 285ms
 GET /api/realtime 200 in 270ms
 GET /api/realtime 200 in 271ms
 GET /api/realtime 200 in 302ms
 GET /api/realtime 200 in 266ms
 GET /api/auth/session 200 in 290ms
 GET /api/realtime 200 in 267ms
 GET /api/realtime 200 in 238ms
 GET /api/realtime 200 in 271ms
 GET /api/realtime 200 in 240ms
 GET /api/realtime 200 in 284ms
 GET /api/realtime 200 in 249ms
 GET /api/realtime 200 in 299ms
 GET /api/realtime 200 in 283ms
 GET /api/realtime 200 in 243ms
 GET /api/realtime 200 in 283ms
 GET /api/realtime 200 in 231ms
 GET /api/realtime 200 in 231ms
 GET /api/realtime 200 in 226ms
 GET /api/auth/session 200 in 208ms
 GET /api/notifications?limit=10 200 in 271ms
 GET /api/realtime 200 in 231ms
 GET /api/realtime 200 in 240ms
 GET /api/realtime 200 in 226ms
 GET /api/realtime 200 in 210ms
 GET /api/realtime 200 in 286ms
 GET /api/realtime 200 in 216ms
 GET /api/realtime 200 in 293ms
 GET /api/realtime 200 in 223ms
 GET /api/realtime 200 in 231ms
 GET /api/realtime 200 in 185ms
 GET /api/realtime 200 in 186ms
 GET /api/realtime 200 in 196ms
 GET /api/realtime 200 in 192ms
 GET /api/auth/session 200 in 236ms
 GET /api/realtime 200 in 240ms
 GET /api/realtime 200 in 246ms
 GET /api/realtime 200 in 262ms
 GET /api/notifications?limit=10 200 in 267ms
 GET /api/realtime 200 in 231ms
 GET /api/realtime 200 in 232ms
 GET /api/realtime 200 in 234ms
 GET /api/realtime 200 in 234ms
 GET /api/realtime 200 in 232ms
 GET /api/realtime 200 in 236ms
 GET /api/realtime 200 in 214ms
 GET /api/realtime 200 in 221ms
 GET /api/realtime 200 in 220ms
 GET /api/realtime 200 in 237ms
 GET /api/auth/session 200 in 190ms
 GET /api/realtime 200 in 254ms
 GET /api/notifications?limit=10 200 in 270ms
 GET /api/realtime 200 in 306ms
 GET /api/realtime 200 in 306ms
 GET /api/realtime 200 in 268ms
 GET /api/realtime 200 in 267ms
 GET /api/realtime 200 in 270ms
 GET /api/realtime 200 in 265ms
 GET /api/realtime 200 in 274ms
 GET /api/realtime 200 in 265ms
 GET /api/realtime 200 in 252ms
 GET /api/realtime 200 in 245ms
 GET /api/realtime 200 in 258ms
 GET /api/realtime 200 in 258ms
 GET /api/auth/session 200 in 272ms
 GET /api/realtime 200 in 258ms
 GET /api/realtime 200 in 246ms
 GET /api/realtime 200 in 298ms
 GET /api/realtime 200 in 252ms
 GET /api/realtime 200 in 269ms
 GET /api/realtime 200 in 255ms
 GET /api/realtime 200 in 261ms
 GET /api/notifications?limit=10 200 in 300ms
 GET /api/realtime 200 in 308ms
 GET /api/realtime 200 in 311ms
 GET /api/realtime 200 in 338ms
 GET /api/realtime 200 in 340ms
 GET /api/realtime 200 in 339ms
 GET /api/realtime 200 in 349ms
 GET /api/auth/session 200 in 329ms
 GET /api/realtime 200 in 323ms
 GET /api/realtime 200 in 244ms
 GET /api/realtime 200 in 273ms
 GET /api/realtime 200 in 307ms
 GET /api/realtime 200 in 294ms
 GET /api/realtime 200 in 284ms
 GET /api/realtime 200 in 275ms
 GET /api/realtime 200 in 279ms
 GET /api/notifications?limit=10 200 in 276ms
 GET /api/realtime 200 in 129ms
 GET /api/realtime 200 in 252ms
 GET /api/realtime 200 in 200ms
 GET /api/realtime 200 in 188ms
 GET /api/realtime 200 in 200ms
 GET /api/realtime 200 in 188ms
 GET /api/auth/session 200 in 210ms
 GET /api/realtime 200 in 223ms
 GET /api/realtime 200 in 227ms
 GET /api/realtime 200 in 235ms
 GET /api/realtime 200 in 238ms
 GET /api/realtime 200 in 229ms
 GET /api/realtime 200 in 276ms
 GET /api/realtime 200 in 275ms
 GET /api/realtime 200 in 266ms
 GET /api/realtime 200 in 220ms
 GET /api/realtime 200 in 180ms
 GET /api/realtime 200 in 184ms
 GET /api/notifications?limit=10 200 in 267ms
 GET /api/realtime 200 in 265ms
 GET /api/realtime 200 in 230ms
 GET /api/auth/session 200 in 264ms
 GET /api/realtime 200 in 228ms
 GET /api/realtime 200 in 231ms
 GET /api/realtime 200 in 233ms
 GET /api/realtime 200 in 237ms
 GET /api/realtime 200 in 212ms
 GET /api/realtime 200 in 254ms
 GET /api/realtime 200 in 299ms
 GET /api/realtime 200 in 314ms
 GET /api/realtime 200 in 316ms
 GET /api/realtime 200 in 317ms
 GET /api/notifications?limit=10 200 in 316ms
 GET /api/realtime 200 in 358ms
 GET /api/realtime 200 in 275ms
 GET /api/auth/session 200 in 242ms
 GET /api/realtime 200 in 334ms
 GET /api/realtime 200 in 343ms
 GET /api/realtime 200 in 383ms
 GET /api/realtime 200 in 384ms
 GET /api/realtime 200 in 648ms
 GET /api/realtime 200 in 437ms
 GET /api/realtime 200 in 450ms
 GET /api/realtime 200 in 438ms
 GET /api/realtime 200 in 612ms
 GET /api/notifications?limit=10 200 in 421ms
 GET /api/realtime 200 in 523ms
 GET /api/realtime 200 in 455ms
 GET /api/realtime 200 in 293ms
 GET /api/realtime 200 in 294ms
 GET /api/realtime 200 in 294ms
 GET /api/realtime 200 in 294ms
 GET /api/realtime 200 in 494ms
 GET /api/auth/session 200 in 355ms
 GET /api/realtime 200 in 752ms
 GET /api/realtime 200 in 238ms
 GET /api/realtime 200 in 239ms
 GET /api/realtime 200 in 270ms
 GET /api/realtime 200 in 271ms
 GET /api/realtime 200 in 256ms
 GET /api/realtime 200 in 284ms
 GET /api/realtime 200 in 265ms
 GET /api/realtime 200 in 259ms
 GET /api/realtime 200 in 269ms
 GET /api/realtime 200 in 268ms
 GET /api/notifications?limit=10 200 in 280ms
 GET /api/realtime 200 in 246ms
 GET /api/realtime 200 in 328ms
 GET /api/realtime 200 in 329ms
 GET /api/auth/session 200 in 297ms
 GET /api/realtime 200 in 194ms
 GET /api/realtime 200 in 4911ms
 GET /api/realtime 200 in 4841ms
 GET /api/realtime 200 in 148ms
 GET /api/realtime 200 in 218ms
 GET /api/realtime 200 in 4176ms
 GET /api/realtime 200 in 3846ms
 GET /api/realtime 200 in 4868ms
 GET /api/realtime 200 in 149ms
 GET /api/realtime 200 in 4786ms
 GET /api/realtime 200 in 241ms
 GET /api/realtime 200 in 242ms
 GET /api/realtime 200 in 229ms
 GET /api/realtime 200 in 231ms
 GET /api/realtime 200 in 197ms
 GET /api/realtime 200 in 3766ms
 GET /api/realtime 200 in 251ms
 GET /api/realtime 200 in 274ms
 GET /api/auth/session 200 in 250ms
 GET /api/notifications?limit=10 200 in 246ms
 GET /api/realtime 200 in 223ms
 GET /api/realtime 200 in 146ms
 GET /api/realtime 200 in 239ms
 GET /api/realtime 200 in 176ms
 GET /api/realtime 200 in 152ms
 GET /api/realtime 200 in 171ms
 GET /api/realtime 200 in 166ms
 GET /api/auth/session 200 in 184ms
 GET /api/realtime 200 in 176ms
 GET /api/realtime 200 in 192ms
 GET /api/notifications?limit=10 200 in 206ms
 GET /api/realtime 200 in 195ms
 GET /api/realtime 200 in 241ms
 GET /api/realtime 200 in 279ms
 GET /api/realtime 200 in 322ms
 GET /api/auth/session 200 in 266ms
 GET /api/realtime 200 in 313ms
 GET /api/realtime 200 in 381ms
 GET /api/notifications?limit=10 200 in 365ms
 GET /api/realtime 200 in 329ms
 GET /api/realtime 200 in 243ms
 GET /api/realtime 200 in 458ms
 GET /api/realtime 200 in 297ms
 GET /api/auth/session 200 in 308ms
 GET /api/realtime 200 in 251ms
 GET /api/realtime 200 in 243ms
 GET /api/notifications?limit=10 200 in 261ms
 GET /api/realtime 200 in 286ms
 GET /api/realtime 200 in 6006ms
 GET /api/realtime 200 in 270ms
 GET /api/realtime 200 in 183ms
 GET /api/realtime 200 in 241ms
 GET /api/auth/session 200 in 168ms
 GET /api/realtime 200 in 182ms
 GET /api/realtime 200 in 186ms
 GET /api/realtime 200 in 6327ms
 GET /api/realtime 200 in 6215ms
 GET /api/notifications?limit=10 200 in 182ms
 GET /api/realtime 200 in 5884ms
 GET /api/realtime 200 in 5681ms
 GET /api/realtime 200 in 158ms
 GET /api/realtime 200 in 143ms
 GET /api/notifications?limit=10 200 in 222ms
 GET /api/auth/session 200 in 170ms
 GET /api/auth/session 200 in 167ms
 GET /api/auth/session 200 in 167ms
 GET /api/auth/session 200 in 167ms
 GET /api/auth/session 200 in 168ms
 GET /api/realtime 200 in 209ms
 GET /api/notifications?limit=10 200 in 79ms
 GET /api/realtime 200 in 132ms
 GET /api/notifications?limit=10 200 in 67ms
 GET /api/realtime 200 in 83ms
 GET /api/notifications?limit=10 200 in 94ms
 GET /api/realtime 200 in 108ms
 GET /api/realtime 200 in 71ms
 GET /api/realtime 200 in 71ms
 GET /api/realtime 200 in 74ms
 GET /api/realtime 200 in 70ms
 GET /api/realtime 200 in 71ms
 GET /api/realtime 200 in 68ms
 GET /api/realtime 200 in 64ms
 GET /api/realtime 200 in 62ms
 GET /api/realtime 200 in 64ms
 GET /api/realtime 200 in 72ms
 GET /api/realtime 200 in 70ms
 GET /api/realtime 200 in 69ms
 GET /api/realtime 200 in 75ms
 GET /api/realtime 200 in 64ms
 GET /api/realtime 200 in 74ms
 GET /api/realtime 200 in 65ms
 GET /api/realtime 200 in 72ms
 GET /api/realtime 200 in 64ms
 GET /api/realtime 200 in 61ms
 GET /api/realtime 200 in 61ms
 GET /api/realtime 200 in 72ms
 GET /api/realtime 200 in 64ms
 GET /api/realtime 200 in 64ms
 GET /api/realtime 200 in 70ms
 GET /api/realtime 200 in 69ms
 GET /api/realtime 200 in 67ms
 GET /api/realtime 200 in 67ms
 GET /api/realtime 200 in 69ms
 GET /api/realtime 200 in 61ms
 GET /api/realtime 200 in 65ms
 GET /api/realtime 200 in 61ms
 GET /api/realtime 200 in 64ms
 GET /api/realtime 200 in 62ms
 GET /api/realtime 200 in 64ms
 GET /api/realtime 200 in 66ms
 GET /api/realtime 200 in 69ms
 GET /api/realtime 200 in 92ms
 GET /api/realtime 200 in 66ms
 GET /api/realtime 200 in 70ms
 GET /api/realtime 200 in 64ms
 GET /api/realtime 200 in 62ms
 GET /api/realtime 200 in 10599ms
 GET /api/realtime 200 in 69ms
 ○ Compiling /projects/[id] ...
 ✓ Compiled /projects/[id] in 1420ms (3420 modules)
prisma:error 
Invalid `_lib_db__WEBPACK_IMPORTED_MODULE_4__.prisma.activityLog.findMany()` invocation in
/home/ubuntu/cortexbuild_pro/nextjs_space/.next/server/app/(dashboard)/projects/[id]/page.js:9071:65

  9068         }
  9069     }
  9070 }),
→ 9071 _lib_db__WEBPACK_IMPORTED_MODULE_4__.prisma.activityLog.findMany(
Too many database connections opened: FATAL: too many connections for role "role_ddaacb0a0"
Prisma Accelerate has built-in connection pooling to prevent such errors: https://pris.ly/client/error-accelerate
 GET /projects/project-riverside-homes 200 in 2046ms
 GET /projects/project-mall-renovation 200 in 2046ms
 GET /projects/project-downtown-office 500 in 2047ms
 GET /api/notifications?limit=10 200 in 137ms
 GET /api/realtime 200 in 155ms
 GET /api/realtime 200 in 189ms
 GET /api/auth/session 200 in 181ms
 GET /api/realtime 200 in 82ms
 GET /api/notifications?limit=10 200 in 173ms
 GET /api/auth/session 200 in 130ms
 GET /api/realtime 200 in 135ms
 GET /api/realtime 200 in 129ms
 GET /api/notifications?limit=10 200 in 101ms
 GET /api/auth/session 200 in 132ms
 GET /api/realtime 200 in 134ms
 GET /api/realtime 200 in 135ms
 GET /api/notifications?limit=10 200 in 117ms
 GET /api/auth/session 200 in 62ms
 GET /api/notifications?limit=10 200 in 93ms
 GET /api/realtime 200 in 123ms
 GET /api/realtime 200 in 125ms
 GET /api/auth/session 200 in 83ms
 GET /api/realtime 200 in 130ms
 GET /api/notifications?limit=10 200 in 131ms
 GET /api/realtime 200 in 144ms
 GET /api/realtime 200 in 85ms
 GET /api/realtime 200 in 101ms
 GET /api/notifications?limit=10 200 in 85ms
 GET /api/realtime 200 in 55ms
 GET /api/realtime 200 in 113ms
 GET /api/notifications?limit=10 200 in 112ms
 GET /api/realtime 200 in 116ms
 GET /api/realtime 200 in 98ms
 GET /api/realtime 200 in 99ms
 GET /api/realtime 200 in 76ms
 GET /api/realtime 200 in 87ms
 GET /api/realtime 200 in 83ms
 GET /api/realtime 200 in 78ms
 GET /api/realtime 200 in 79ms
 GET /api/realtime 200 in 89ms
 GET /api/realtime 200 in 90ms
 GET /api/realtime 200 in 91ms
 GET /api/realtime 200 in 106ms
 GET /api/realtime 200 in 84ms
 GET /api/realtime 200 in 96ms
 GET /api/realtime 200 in 81ms
 GET /api/realtime 200 in 83ms
 GET /api/realtime 200 in 79ms
 GET /api/realtime 200 in 82ms
 GET /api/realtime 200 in 68ms
 GET /api/realtime 200 in 84ms
 GET /api/realtime 200 in 81ms
 GET /api/realtime 200 in 84ms
 GET /api/realtime 200 in 72ms
 GET /api/realtime 200 in 100ms
 GET /api/realtime 200 in 88ms
 GET /api/realtime 200 in 83ms
 GET /api/realtime 200 in 84ms
 GET /api/realtime 200 in 79ms
 GET /api/realtime 200 in 73ms
 GET /api/realtime 200 in 85ms
 GET /api/realtime 200 in 83ms
 GET /api/realtime 200 in 85ms
 GET /api/realtime 200 in 87ms
 GET /api/realtime 200 in 79ms
 GET /api/realtime 200 in 79ms
 GET /api/realtime 200 in 79ms
 GET /api/realtime 200 in 78ms
 GET /api/realtime 200 in 79ms
 GET /api/realtime 200 in 71ms
 GET /api/realtime 200 in 77ms
 GET /api/realtime 200 in 78ms
 GET /api/realtime 200 in 81ms
 GET /api/realtime 200 in 77ms
 GET /api/realtime 200 in 78ms
 GET /api/realtime 200 in 80ms
 GET /api/realtime 200 in 78ms
 GET /api/realtime 200 in 68ms
 GET /api/realtime 200 in 86ms
 GET /api/realtime 200 in 71ms
 GET /api/realtime 200 in 77ms
 GET /api/realtime 200 in 78ms
 GET /api/realtime 200 in 71ms
 GET /api/realtime 200 in 69ms
 GET /api/realtime 200 in 70ms
 GET /api/realtime 200 in 68ms
 GET /api/realtime 200 in 79ms
 GET /api/realtime 200 in 69ms
 GET /api/realtime 200 in 83ms
 GET /api/realtime 200 in 94ms
 GET /api/realtime 200 in 85ms
 GET /api/realtime 200 in 76ms
 GET /api/realtime 200 in 84ms
 GET /api/realtime 200 in 73ms
 GET /api/realtime 200 in 92ms
 GET /api/realtime 200 in 84ms
 GET /api/realtime 200 in 77ms
 GET /api/realtime 200 in 73ms
 GET /api/realtime 200 in 95ms
 GET /api/realtime 200 in 85ms
 GET /api/realtime 200 in 93ms
 GET /api/realtime 200 in 95ms
 GET /api/realtime 200 in 96ms
 GET /api/realtime 200 in 88ms
 GET /api/realtime 200 in 86ms
 GET /api/realtime 200 in 94ms
 GET /api/realtime 200 in 89ms
 GET /api/realtime 200 in 96ms
 GET /api/realtime 200 in 86ms
 GET /api/realtime 200 in 72ms
 GET /api/realtime 200 in 79ms
 GET /api/realtime 200 in 81ms
 GET /api/realtime 200 in 74ms
 GET /api/realtime 200 in 79ms
 GET /api/realtime 200 in 77ms
 GET /api/realtime 200 in 84ms
 GET /api/realtime 200 in 80ms
 GET /api/realtime 200 in 75ms
 GET /api/realtime 200 in 91ms
 GET /api/realtime 200 in 126ms
 GET /api/realtime 200 in 74ms
 GET /api/realtime 200 in 78ms
 GET /api/realtime 200 in 88ms
 GET /api/realtime 200 in 131ms
 GET /api/realtime 200 in 79ms
 GET /api/realtime 200 in 128ms
 GET /api/realtime 200 in 118ms
 GET /api/realtime 200 in 114ms
 GET /api/realtime 200 in 101ms
 GET /api/realtime 200 in 131ms
 GET /api/realtime 200 in 147ms
 GET /api/realtime 200 in 90ms
 GET /api/realtime 200 in 111ms
 GET /api/realtime 200 in 6949ms
 GET /api/realtime 200 in 6986ms
[?25h
