  ▲ Next.js 14.2.28
  - Local:        http://localhost:3000
  - Environments: .env
  - Experiments (use with caution):
    · outputFileTracingRoot

 ✓ Starting...
 ✓ Ready in 2s
 ○ Compiling / ...
 ✓ Compiled / in 2s (596 modules)
 GET / 200 in 2566ms
 ✓ Compiled in 539ms (296 modules)
 ✓ Compiled /api/auth/[...nextauth] in 475ms (541 modules)
 GET /api/auth/providers 200 in 966ms
 GET / 200 in 104ms
 GET /api/auth/session 200 in 58ms
 GET /api/auth/session 200 in 38ms
 ○ Compiling /signup ...
 ✓ Compiled /signup in 932ms (881 modules)
 GET /signup 200 in 1140ms
 GET /login 200 in 1151ms
 GET /api/auth/session 200 in 62ms
 GET /api/auth/session 200 in 36ms
 GET /api/auth/session 200 in 43ms
 GET /api/auth/session 200 in 35ms
 GET /api/auth/session 200 in 37ms
 GET /api/auth/csrf 200 in 62ms
 ✓ Compiled /api/signup in 294ms (597 modules)
 POST /api/signup 200 in 811ms
 GET / 200 in 86ms
 GET /api/auth/signin 302 in 65ms
 GET /login?callbackUrl=https://4b8f6bc33.preview.abacusai.app 200 in 53ms
 GET /api/auth/csrf 200 in 38ms
 POST /api/auth/callback/credentials 302 in 340ms
 ✓ Compiled /middleware in 183ms (174 modules)
 ○ Compiling /dashboard ...
 ✓ Compiled /dashboard in 1484ms (2857 modules)
 GET /dashboard 200 in 1798ms
 GET / 200 in 98ms
 GET /dashboard 200 in 130ms
 GET /api/auth/session 200 in 396ms
 ○ Compiling /api/realtime ...
 ✓ Compiled /api/realtime in 594ms (1581 modules)
 ✓ Compiled (1584 modules)
 GET /api/realtime 200 in 742ms
 GET /api/auth/session 200 in 881ms
 GET /api/notifications?limit=10 200 in 1122ms
 GET /api/auth/session 200 in 81ms
 GET /api/notifications?limit=10 200 in 84ms
 GET /api/realtime 200 in 112ms
 GET /api/auth/session 200 in 66ms
 GET /api/realtime 200 in 96ms
 GET /api/notifications?limit=10 200 in 70ms
 GET /api/realtime 200 in 24ms
 GET /api/auth/session 200 in 111ms
 GET /api/notifications?limit=10 200 in 98ms
 GET /api/realtime 200 in 127ms
 GET /api/auth/session 200 in 61ms
 GET /api/realtime 200 in 67ms
 GET /api/realtime 200 in 63ms
 GET /api/realtime 200 in 55ms
 GET /api/realtime 200 in 58ms
 GET /api/realtime 200 in 53ms
 GET /api/realtime 200 in 74ms
 GET /api/realtime 200 in 174ms
 GET /api/realtime 200 in 58ms
 GET /api/realtime 200 in 74ms
 GET /api/realtime 200 in 83ms
 GET /api/realtime 200 in 66ms
 GET /api/realtime 200 in 54ms
 GET /api/realtime 200 in 60ms
 GET /api/realtime 200 in 56ms
 GET /api/realtime 200 in 51ms
 GET /api/realtime 200 in 55ms
 GET /api/realtime 200 in 61ms
 GET /api/realtime 200 in 56ms
 GET /api/realtime 200 in 57ms
 GET /api/realtime 200 in 58ms
 GET /api/realtime 200 in 61ms
 GET /api/realtime 200 in 63ms
 GET /api/realtime 200 in 65ms
 GET /api/realtime 200 in 61ms
 GET /api/realtime 200 in 62ms
 GET /api/realtime 200 in 59ms
 GET /api/realtime 200 in 62ms
 GET /api/realtime 200 in 64ms
 GET /api/realtime 200 in 65ms
 GET /api/realtime 200 in 70ms
 GET /api/realtime 200 in 69ms
 GET /api/realtime 200 in 58ms
 GET /api/realtime 200 in 80ms
 GET /api/realtime 200 in 59ms
 GET /api/realtime 200 in 77ms
 GET /api/realtime 200 in 62ms
 GET /api/realtime 200 in 60ms
 GET /api/realtime 200 in 64ms
 GET /api/realtime 200 in 62ms
 GET /api/realtime 200 in 68ms
 GET /api/realtime 200 in 61ms
 GET /api/realtime 200 in 60ms
 GET /api/realtime 200 in 57ms
 GET /api/realtime 200 in 64ms
 GET /api/realtime 200 in 54ms
 GET /api/realtime 200 in 59ms
 GET /api/realtime 200 in 56ms
 GET /api/realtime 200 in 58ms
 GET /api/realtime 200 in 61ms
 GET /api/realtime 200 in 95ms
 GET /api/realtime 200 in 134ms
 GET /api/realtime 200 in 71ms
 GET /api/realtime 200 in 68ms
 GET /api/realtime 200 in 60ms
 GET /api/realtime 200 in 55ms
 GET /api/realtime 200 in 61ms
 GET /api/realtime 200 in 6725ms
 ○ Compiling /tasks ...
 ✓ Compiled /tasks in 3.4s (3457 modules)
 GET /materials 200 in 4484ms
 GET /milestones 200 in 4490ms
 GET /daily-reports 200 in 4439ms
 GET /change-orders 200 in 4439ms
 GET /projects/new 200 in 4415ms
 GET /equipment 200 in 4440ms
 GET /meetings 200 in 4441ms
 GET /subcontractors 200 in 4518ms
 GET /time-tracking 200 in 4531ms
 GET /punch-lists 200 in 4475ms
 GET /submittals 200 in 4476ms
 GET /settings 200 in 4471ms
 GET /inspections 200 in 4471ms
 GET /reports 200 in 4476ms
 GET /rfis 200 in 4570ms
 GET /safety 200 in 4573ms
 GET /documents 200 in 4568ms
 GET /team 200 in 4578ms
 GET /budget 200 in 4634ms
 GET /tasks 200 in 4556ms
 GET /company 200 in 4563ms
 GET /projects 200 in 4563ms
 GET /api/notifications?limit=10 200 in 636ms
 GET /api/auth/session 200 in 911ms
 GET /api/realtime 200 in 737ms
 GET /api/realtime 200 in 657ms
 GET /api/notifications?limit=10 200 in 761ms
 GET /api/realtime 200 in 663ms
 GET /api/realtime 200 in 462ms
 GET /api/realtime 200 in 728ms
 GET /api/realtime 200 in 726ms
 GET /api/realtime 200 in 463ms
 GET /api/realtime 200 in 731ms
 GET /api/realtime 200 in 480ms
 GET /api/realtime 200 in 475ms
 GET /api/realtime 200 in 477ms
 GET /api/realtime 200 in 460ms
 GET /api/realtime 200 in 472ms
 GET /api/auth/session 200 in 702ms
 GET /api/realtime 200 in 653ms
 GET /api/realtime 200 in 718ms
 GET /api/notifications?limit=10 200 in 631ms
 GET /api/realtime 200 in 648ms
 GET /api/realtime 200 in 663ms
 ○ Compiling /api/company/stats ...
 ✓ Compiled /api/company/stats in 1124ms (1918 modules)
 GET /api/realtime 200 in 2094ms
 GET /api/realtime 200 in 2095ms
 GET /api/realtime 200 in 2096ms
 GET /api/realtime 200 in 2096ms
 GET /api/realtime 200 in 2098ms
 GET /api/realtime 200 in 2201ms
 GET /api/realtime 200 in 2029ms
 GET /api/realtime 200 in 2104ms
 GET /api/realtime 200 in 2064ms
 GET /api/realtime 200 in 2103ms
 GET /api/realtime 200 in 2104ms
 GET /api/realtime 200 in 2036ms
 GET /api/notifications?limit=10 200 in 1750ms
 GET /api/realtime 200 in 1388ms
 GET /api/realtime 200 in 1919ms
 GET /api/realtime 200 in 1711ms
 GET /api/realtime 200 in 1752ms
 GET /api/realtime 200 in 1776ms
 GET /api/realtime 200 in 1997ms
 GET /api/realtime 200 in 1791ms
 GET /api/realtime 200 in 1792ms
 GET /api/realtime 200 in 2032ms
 GET /api/auth/session 200 in 1968ms
 GET /api/company/stats 200 in 2314ms
 GET /api/realtime 200 in 276ms
 GET /api/realtime 200 in 291ms
 GET /api/realtime 200 in 298ms
 GET /api/realtime 200 in 386ms
 GET /api/realtime 200 in 430ms
 GET /api/realtime 200 in 432ms
 GET /api/realtime 200 in 439ms
 GET /api/realtime 200 in 447ms
 GET /api/realtime 200 in 449ms
 GET /api/realtime 200 in 454ms
 GET /api/realtime 200 in 455ms
 GET /api/realtime 200 in 442ms
 GET /api/realtime 200 in 435ms
 GET /api/realtime 200 in 434ms
 GET /api/realtime 200 in 445ms
 GET /api/realtime 200 in 437ms
 GET /api/realtime 200 in 445ms
 GET /api/realtime 200 in 441ms
 GET /api/notifications?limit=10 200 in 447ms
 GET /api/realtime 200 in 547ms
 GET /api/realtime 200 in 521ms
 GET /api/auth/session 200 in 518ms
 GET /api/company/stats 200 in 515ms
 GET /api/realtime 200 in 459ms
 GET /api/realtime 200 in 607ms
 GET /api/realtime 200 in 340ms
 GET /api/realtime 200 in 343ms
 GET /api/realtime 200 in 249ms
 GET /api/realtime 200 in 159ms
 GET /api/realtime 200 in 3377ms
 GET /api/realtime 200 in 3601ms
 GET /api/realtime 200 in 518ms
 GET /api/realtime 200 in 582ms
 GET /api/realtime 200 in 558ms
 GET /api/realtime 200 in 3190ms
 GET /api/realtime 200 in 3527ms
 GET /api/realtime 200 in 561ms
 GET /api/realtime 200 in 3827ms
 GET /api/realtime 200 in 819ms
 GET /api/realtime 200 in 823ms
 GET /api/realtime 200 in 830ms
 GET /api/realtime 200 in 835ms
 GET /api/realtime 200 in 853ms
 GET /api/realtime 200 in 828ms
 GET /api/realtime 200 in 854ms
 GET /api/realtime 200 in 824ms
 GET /api/realtime 200 in 831ms
 GET /api/realtime 200 in 826ms
 GET /api/realtime 200 in 3083ms
 GET /api/realtime 200 in 966ms
 GET /api/auth/session 200 in 921ms
 GET /api/company/stats 200 in 937ms
 GET /api/notifications?limit=10 200 in 949ms
 GET /api/realtime 200 in 917ms
 GET /api/realtime 200 in 927ms
 GET /api/realtime 200 in 471ms
 GET /api/realtime 200 in 937ms
 GET /api/realtime 200 in 500ms
 GET /api/realtime 200 in 192ms
 GET /api/auth/session 200 in 373ms
 GET /api/realtime 200 in 404ms
 GET /api/realtime 200 in 409ms
 GET /api/realtime 200 in 387ms
 GET /api/realtime 200 in 387ms
 GET /api/realtime 200 in 394ms
 GET /api/company/stats 200 in 452ms
 GET /api/realtime 200 in 465ms
 GET /api/realtime 200 in 465ms
 GET /api/realtime 200 in 479ms
 GET /api/notifications?limit=10 200 in 477ms
 GET /api/realtime 200 in 682ms
 GET /api/realtime 200 in 779ms
 GET /api/realtime 200 in 488ms
 GET /api/realtime 200 in 454ms
 GET /api/realtime 200 in 711ms
 GET /api/realtime 200 in 1126ms
 GET /api/realtime 200 in 699ms
 GET /api/realtime 200 in 699ms
 GET /api/realtime 200 in 1198ms
 GET /api/realtime 200 in 1133ms
 GET /api/realtime 200 in 772ms
 GET /api/auth/session 200 in 678ms
 GET /api/notifications?limit=10 200 in 683ms
 GET /api/realtime 200 in 794ms
 GET /api/realtime 200 in 1160ms
 GET /api/realtime 200 in 1331ms
 GET /api/realtime 200 in 877ms
 GET /api/realtime 200 in 424ms
 GET /api/realtime 200 in 180ms
 GET /api/realtime 200 in 299ms
 GET /api/realtime 200 in 292ms
 GET /api/realtime 200 in 292ms
 GET /api/realtime 200 in 317ms
 GET /api/realtime 200 in 294ms
 GET /api/realtime 200 in 284ms
 GET /api/realtime 200 in 321ms
 GET /api/realtime 200 in 292ms
 GET /api/realtime 200 in 307ms
 GET /api/realtime 200 in 306ms
 GET /api/notifications?limit=10 200 in 292ms
 GET /api/realtime 200 in 315ms
 GET /api/auth/session 200 in 326ms
 GET /api/realtime 200 in 320ms
 GET /api/realtime 200 in 361ms
 GET /api/realtime 200 in 298ms
 GET /api/realtime 200 in 6577ms
 GET /api/realtime 200 in 276ms
 GET /api/realtime 200 in 6829ms
 GET /api/realtime 200 in 6530ms
 GET /api/realtime 200 in 149ms
 GET /api/realtime 200 in 6200ms
 GET /api/realtime 200 in 249ms
 GET /api/realtime 200 in 249ms
 GET /api/realtime 200 in 6792ms
 GET /api/realtime 200 in 170ms
 GET /api/realtime 200 in 6697ms
 GET /api/realtime 200 in 276ms
 GET /api/realtime 200 in 291ms
 GET /api/realtime 200 in 276ms
 GET /api/realtime 200 in 6358ms
 GET /api/realtime 200 in 286ms
 GET /api/notifications?limit=10 200 in 288ms
 GET /api/realtime 200 in 291ms
 GET /api/realtime 200 in 291ms
 GET /api/realtime 200 in 6817ms
 GET /api/realtime 200 in 6733ms
 GET /api/realtime 200 in 6746ms
 GET /api/realtime 200 in 6378ms
 GET /api/realtime 200 in 6806ms
 GET /api/realtime 200 in 6687ms
 GET /api/realtime 200 in 339ms
 GET /api/auth/session 200 in 261ms
 GET /api/auth/session 200 in 277ms
 GET /api/auth/session 200 in 262ms
 GET /api/realtime 200 in 339ms
 GET /api/realtime 200 in 6457ms
 GET /api/auth/session 200 in 465ms
 GET /api/auth/session 200 in 467ms
 GET /api/auth/session 200 in 463ms
 GET /api/auth/session 200 in 537ms
 GET /api/auth/session 200 in 528ms
 GET /api/auth/session 200 in 485ms
 GET /api/notifications?limit=10 200 in 404ms
 GET /api/notifications?limit=10 200 in 405ms
 GET /api/notifications?limit=10 200 in 406ms
 GET /api/notifications?limit=10 200 in 405ms
 GET /api/auth/session 200 in 364ms
 GET /api/realtime 200 in 432ms
 GET /api/realtime 200 in 83ms
 GET /api/realtime 200 in 72ms
 GET /api/realtime 200 in 71ms
 GET /api/realtime 200 in 76ms
 GET /api/realtime 200 in 76ms
 GET /api/realtime 200 in 69ms
 GET /api/realtime 200 in 58ms
 GET /api/realtime 200 in 103ms
 GET /api/realtime 200 in 102ms
 GET /api/realtime 200 in 125ms
 GET /api/realtime 200 in 82ms
 GET /api/realtime 200 in 64ms
 GET /api/realtime 200 in 66ms
 GET /api/realtime 200 in 58ms
 GET /api/realtime 200 in 7533ms
 GET /api/realtime 200 in 58ms
 ○ Compiling /company/team ...
 ✓ Compiled /company/team in 2.9s (3585 modules)
 GET /company/invitations 200 in 3248ms
 GET /company/usage 200 in 3248ms
 GET /company/team 200 in 3237ms
 GET /company/settings 307 in 3248ms
 GET /dashboard 200 in 245ms
 GET /projects/project-riverside-homes 200 in 3555ms
 GET /projects/project-mall-renovation 200 in 3556ms
 GET /projects/project-downtown-office 200 in 3558ms
 ○ Compiling /api/company/invitations ...
 ✓ Compiled /api/company/invitations in 802ms (1995 modules)
 GET /api/company/invitations? 200 in 1743ms
 GET /api/auth/session 200 in 1684ms
 GET /api/notifications?limit=10 200 in 1411ms
 GET /api/realtime 200 in 1007ms
 GET /api/realtime 200 in 979ms
 GET /api/realtime 200 in 1008ms
 GET /api/realtime 200 in 1013ms
 GET /api/realtime 200 in 156ms
 GET /api/realtime 200 in 159ms
 GET /api/realtime 200 in 158ms
 GET /api/auth/session 200 in 150ms
 GET /api/company/invitations? 200 in 173ms
 GET /api/notifications?limit=10 200 in 154ms
 GET /api/realtime 200 in 175ms
 GET /api/realtime 200 in 82ms
 GET /api/auth/session 200 in 144ms
 GET /api/company/invitations? 200 in 149ms
 GET /api/realtime 200 in 179ms
 GET /api/realtime 200 in 180ms
 GET /api/realtime 200 in 189ms
 GET /api/notifications?limit=10 200 in 158ms
 GET /api/realtime 200 in 159ms
 GET /api/company/invitations? 200 in 116ms
 GET /api/auth/session 200 in 127ms
 GET /api/realtime 200 in 148ms
 GET /api/realtime 200 in 136ms
 GET /api/notifications?limit=10 200 in 121ms
 GET /api/realtime 200 in 152ms
 GET /api/realtime 200 in 118ms
 GET /api/realtime 200 in 167ms
 GET /api/realtime 200 in 166ms
 GET /api/auth/session 200 in 144ms
 GET /api/notifications?limit=10 200 in 170ms
 GET /api/realtime 200 in 157ms
 GET /api/realtime 200 in 166ms
 GET /api/realtime 200 in 140ms
 GET /api/realtime 200 in 149ms
 GET /api/auth/session 200 in 100ms
 GET /api/notifications?limit=10 200 in 84ms
 GET /api/realtime 200 in 78ms
 GET /api/realtime 200 in 98ms
 GET /api/realtime 200 in 126ms
 GET /api/realtime 200 in 131ms
 GET /api/auth/session 200 in 164ms
 GET /api/notifications?limit=10 200 in 182ms
 GET /api/realtime 200 in 159ms
 GET /api/realtime 200 in 200ms
 GET /api/auth/session 200 in 91ms
 GET /api/realtime 200 in 132ms
 GET /api/realtime 200 in 122ms
 GET /api/realtime 200 in 187ms
 GET /api/notifications?limit=10 200 in 154ms
 GET /api/realtime 200 in 162ms
 GET /api/realtime 200 in 207ms
 GET /api/auth/session 200 in 144ms
 GET /api/realtime 200 in 183ms
 GET /api/realtime 200 in 178ms
 GET /api/realtime 200 in 190ms
 GET /api/notifications?limit=10 200 in 216ms
 GET /api/realtime 200 in 89ms
 GET /api/realtime 200 in 195ms
 GET /api/auth/session 200 in 151ms
 GET /api/realtime 200 in 145ms
 GET /api/realtime 200 in 109ms
 GET /api/realtime 200 in 166ms
 GET /api/realtime 200 in 193ms
 GET /api/auth/session 200 in 164ms
 GET /api/notifications?limit=10 200 in 174ms
 GET /api/realtime 200 in 202ms
 GET /api/realtime 200 in 177ms
 GET /api/auth/session 200 in 96ms
 GET /api/realtime 200 in 147ms
 GET /api/notifications?limit=10 200 in 111ms
 GET /api/realtime 200 in 184ms
 GET /api/realtime 200 in 95ms
 GET /api/realtime 200 in 98ms
 GET /api/realtime 200 in 200ms
 GET /api/realtime 200 in 163ms
 GET /api/auth/session 200 in 165ms
 GET /api/notifications?limit=10 200 in 175ms
 GET /api/realtime 200 in 197ms
 GET /api/realtime 200 in 210ms
 GET /api/realtime 200 in 141ms
 GET /api/auth/session 200 in 138ms
 GET /api/notifications?limit=10 200 in 149ms
 GET /api/realtime 200 in 174ms
 GET /api/realtime 200 in 128ms
 GET /api/realtime 200 in 141ms
 GET /api/realtime 200 in 117ms
 GET /api/auth/session 200 in 152ms
 GET /api/realtime 200 in 168ms
 GET /api/notifications?limit=10 200 in 182ms
 GET /api/realtime 200 in 182ms
 GET /api/realtime 200 in 186ms
 GET /api/realtime 200 in 105ms
 GET /api/realtime 200 in 122ms
 GET /api/auth/session 200 in 109ms
 GET /api/realtime 200 in 114ms
 GET /api/notifications?limit=10 200 in 141ms
 GET /api/realtime 200 in 123ms
 GET /api/realtime 200 in 156ms
 GET /api/realtime 200 in 186ms
 GET /api/auth/session 200 in 207ms
 GET /api/realtime 200 in 237ms
 GET /api/notifications?limit=10 200 in 243ms
 GET /api/realtime 200 in 203ms
 GET /api/realtime 200 in 334ms
 GET /api/realtime 200 in 191ms
 GET /api/auth/session 200 in 142ms
 GET /api/realtime 200 in 107ms
 GET /api/realtime 200 in 106ms
 GET /api/realtime 200 in 172ms
 GET /api/realtime 200 in 173ms
 GET /api/auth/session 200 in 158ms
 GET /api/realtime 200 in 198ms
 GET /api/realtime 200 in 197ms
 GET /api/realtime 200 in 127ms
 GET /api/realtime 200 in 129ms
 GET /api/auth/session 200 in 98ms
 GET /api/realtime 200 in 4869ms
 GET /api/realtime 200 in 108ms
 GET /api/realtime 200 in 111ms
 GET /api/realtime 200 in 104ms
 GET /api/auth/session 200 in 152ms
 GET /api/realtime 200 in 5070ms
 GET /api/realtime 200 in 168ms
 GET /api/realtime 200 in 200ms
 GET /api/auth/session 200 in 79ms
 GET /api/realtime 200 in 74ms
 GET /api/realtime 200 in 78ms
 GET /api/auth/session 200 in 45ms
 GET /api/realtime 200 in 67ms
 GET /api/realtime 200 in 80ms
 GET /api/auth/session 200 in 84ms
 GET /api/realtime 200 in 111ms
 GET /api/auth/session 200 in 60ms
 GET /api/realtime 200 in 92ms
 GET /api/realtime 200 in 70ms
 GET /api/realtime 200 in 77ms
 GET /api/realtime 200 in 73ms
 GET /api/realtime 200 in 72ms
 GET /api/realtime 200 in 59ms
 GET /api/realtime 200 in 56ms
 GET /api/realtime 200 in 72ms
 GET /api/realtime 200 in 66ms
 GET /api/realtime 200 in 225ms
 GET /api/realtime 200 in 226ms
 GET /api/realtime 200 in 71ms
 GET /api/realtime 200 in 87ms
 GET /api/realtime 200 in 58ms
 GET /api/realtime 200 in 73ms
 GET /api/realtime 200 in 79ms
 GET /api/realtime 200 in 62ms
 GET /api/realtime 200 in 70ms
 GET /api/realtime 200 in 65ms
 GET /api/realtime 200 in 6603ms
 GET /api/realtime 200 in 6613ms
 GET /api/realtime 200 in 38ms
 GET /api/realtime 200 in 75ms
 ✓ Compiled in 1284ms (3380 modules)
 ✓ Compiled in 591ms (1608 modules)
[?25h
