  ▲ Next.js 14.2.28
  - Local:        http://localhost:3000
  - Environments: .env
  - Experiments (use with caution):
    · outputFileTracingRoot

 ✓ Starting...
 ✓ Ready in 1737ms
 ○ Compiling / ...
 ✓ Compiled / in 2.2s (596 modules)
 GET / 200 in 2684ms
 ✓ Compiled in 518ms (296 modules)
 ✓ Compiled /api/auth/[...nextauth] in 479ms (541 modules)
 GET /api/auth/providers 200 in 936ms
 GET / 200 in 95ms
 GET /api/auth/session 200 in 55ms
 GET /api/auth/session 200 in 47ms
 ○ Compiling /signup ...
 ✓ Compiled /signup in 685ms (881 modules)
 GET /signup 200 in 847ms
 GET /login 200 in 855ms
 GET /api/auth/session 200 in 60ms
 GET /api/auth/session 200 in 47ms
 GET /api/auth/session 200 in 64ms
 GET /api/auth/session 200 in 61ms
 GET /api/auth/session 200 in 69ms
 GET /api/auth/csrf 200 in 71ms
 ✓ Compiled /api/signup in 295ms (597 modules)
 POST /api/signup 200 in 775ms
 GET / 200 in 82ms
 GET /api/auth/signin 302 in 78ms
 GET /login?callbackUrl=https://4b8f6bc33.preview.abacusai.app 200 in 62ms
 GET /api/auth/csrf 200 in 39ms
 POST /api/auth/callback/credentials 302 in 340ms
 ✓ Compiled /middleware in 187ms (174 modules)
 ○ Compiling /dashboard ...
 ✓ Compiled /dashboard in 1443ms (2857 modules)
 GET /dashboard 200 in 1772ms
 GET / 200 in 97ms
 GET /dashboard 200 in 86ms
 GET /api/auth/session 200 in 72ms
 GET /api/auth/session 200 in 57ms
 ✓ Compiled /api/realtime in 367ms (1581 modules)
 ✓ Compiled (1584 modules)
 GET /api/auth/session 200 in 633ms
 GET /api/notifications?limit=10 200 in 764ms
 GET /api/realtime 200 in 414ms
 GET /api/auth/session 200 in 82ms
 GET /api/notifications?limit=10 200 in 77ms
 GET /api/realtime 200 in 105ms
 GET /api/auth/session 200 in 65ms
 GET /api/notifications?limit=10 200 in 74ms
 GET /api/realtime 200 in 126ms
 GET /api/notifications?limit=10 200 in 81ms
 GET /api/realtime 200 in 113ms
 GET /api/realtime 200 in 61ms
 GET /api/realtime 200 in 61ms
 GET /api/realtime 200 in 60ms
 GET /api/realtime 200 in 60ms
 GET /api/realtime 200 in 72ms
 GET /api/realtime 200 in 66ms
 GET /api/realtime 200 in 62ms
 GET /api/realtime 200 in 60ms
 GET /api/realtime 200 in 71ms
 GET /api/realtime 200 in 62ms
 GET /api/realtime 200 in 62ms
 GET /api/realtime 200 in 68ms
 GET /api/realtime 200 in 67ms
 GET /api/realtime 200 in 58ms
 GET /api/realtime 200 in 62ms
 GET /api/realtime 200 in 59ms
 GET /api/realtime 200 in 67ms
 GET /api/realtime 200 in 64ms
 GET /api/realtime 200 in 60ms
 GET /api/realtime 200 in 62ms
 GET /api/realtime 200 in 57ms
 GET /api/realtime 200 in 58ms
 GET /api/realtime 200 in 59ms
 GET /api/realtime 200 in 62ms
 GET /api/realtime 200 in 56ms
 GET /api/realtime 200 in 57ms
 GET /api/realtime 200 in 60ms
 GET /api/realtime 200 in 67ms
 GET /api/realtime 200 in 65ms
 GET /api/realtime 200 in 64ms
 GET /api/realtime 200 in 64ms
 GET /api/realtime 200 in 59ms
 GET /api/realtime 200 in 59ms
 GET /api/realtime 200 in 59ms
 GET /api/realtime 200 in 59ms
 GET /api/realtime 200 in 62ms
 GET /api/realtime 200 in 63ms
 GET /api/realtime 200 in 67ms
 GET /api/realtime 200 in 102ms
 GET /api/realtime 200 in 71ms
 GET /api/realtime 200 in 65ms
 GET /api/realtime 200 in 63ms
 GET /api/realtime 200 in 61ms
 GET /api/realtime 200 in 60ms
 GET /api/realtime 200 in 74ms
 GET /api/realtime 200 in 73ms
 GET /api/realtime 200 in 67ms
 GET /api/realtime 200 in 59ms
 GET /api/realtime 200 in 64ms
 GET /api/realtime 200 in 66ms
 GET /api/realtime 200 in 61ms
 GET /api/realtime 200 in 72ms
 GET /api/realtime 200 in 57ms
 GET /api/realtime 200 in 60ms
 GET /api/realtime 200 in 224ms
 GET /api/realtime 200 in 81ms
 GET /api/realtime 200 in 61ms
 GET /api/realtime 200 in 59ms
 GET /api/realtime 200 in 68ms
 GET /api/realtime 200 in 6978ms
 GET /api/realtime 200 in 35ms
 ○ Compiling /company ...
 ✓ Compiled /company in 3.8s (3457 modules)
 GET /projects/new 200 in 4733ms
 GET /milestones 200 in 4823ms
 GET /materials 200 in 4824ms
 GET /budget 200 in 4826ms
 GET /equipment 200 in 4783ms
 GET /inspections 200 in 4783ms
 GET /daily-reports 200 in 4783ms
 GET /change-orders 200 in 4783ms
 GET /time-tracking 200 in 4838ms
 GET /documents 200 in 4785ms
 GET /settings 200 in 4786ms
 GET /rfis 200 in 4787ms
 GET /safety 200 in 4788ms
 GET /projects 200 in 4789ms
 GET /submittals 200 in 4745ms
 GET /reports 200 in 4746ms
 GET /meetings 200 in 4740ms
 GET /tasks 200 in 4792ms
 GET /team 200 in 4792ms
 GET /punch-lists 200 in 4749ms
 GET /company 200 in 4753ms
 GET /subcontractors 200 in 4871ms
 GET /api/notifications?limit=10 200 in 491ms
 GET /api/auth/session 200 in 931ms
 GET /api/realtime 200 in 774ms
 GET /api/realtime 200 in 781ms
 ○ Compiling /api/company/stats ...
 ✓ Compiled /api/company/stats in 2.1s (1918 modules)
 GET /api/notifications?limit=10 200 in 3503ms
 GET /api/realtime 200 in 3438ms
 GET /api/realtime 200 in 3345ms
 GET /api/realtime 200 in 3305ms
 GET /api/realtime 200 in 3469ms
 GET /api/realtime 200 in 3306ms
 GET /api/realtime 200 in 3499ms
 GET /api/auth/session 200 in 2988ms
 GET /api/realtime 200 in 3373ms
 GET /api/realtime 200 in 3145ms
 GET /api/company/stats 200 in 3562ms
 GET /api/realtime 200 in 3377ms
 GET /api/realtime 200 in 3093ms
 GET /api/realtime 200 in 2950ms
 GET /api/realtime 200 in 3379ms
 GET /api/realtime 200 in 2372ms
 GET /api/realtime 200 in 3163ms
 GET /api/realtime 200 in 2952ms
 GET /api/realtime 200 in 2701ms
 GET /api/realtime 200 in 2930ms
 GET /api/realtime 200 in 2530ms
 GET /api/realtime 200 in 2320ms
 GET /api/realtime 200 in 3175ms
 GET /api/realtime 200 in 308ms
 GET /api/realtime 200 in 2413ms
 GET /api/realtime 200 in 337ms
 GET /api/realtime 200 in 338ms
 GET /api/realtime 200 in 348ms
 GET /api/realtime 200 in 374ms
 GET /api/realtime 200 in 194ms
 GET /api/realtime 200 in 2947ms
 GET /api/realtime 200 in 3298ms
 GET /api/realtime 200 in 3142ms
 GET /api/notifications?limit=10 200 in 406ms
 GET /api/realtime 200 in 232ms
 GET /api/realtime 200 in 214ms
 GET /api/realtime 200 in 229ms
 GET /api/realtime 200 in 3414ms
 GET /api/realtime 200 in 220ms
 GET /api/realtime 200 in 343ms
 GET /api/realtime 200 in 2974ms
 GET /api/realtime 200 in 354ms
 GET /api/realtime 200 in 357ms
 GET /api/realtime 200 in 359ms
 GET /api/realtime 200 in 353ms
 GET /api/realtime 200 in 314ms
 GET /api/realtime 200 in 325ms
 GET /api/realtime 200 in 362ms
 GET /api/auth/session 200 in 386ms
 GET /api/company/stats 200 in 405ms
 GET /api/realtime 200 in 408ms
 GET /api/realtime 200 in 366ms
 GET /api/realtime 200 in 379ms
 GET /api/realtime 200 in 381ms
 GET /api/realtime 200 in 385ms
 GET /api/notifications?limit=10 200 in 303ms
 GET /api/realtime 200 in 417ms
 GET /api/realtime 200 in 304ms
 GET /api/realtime 200 in 384ms
 GET /api/realtime 200 in 325ms
 GET /api/realtime 200 in 249ms
 GET /api/realtime 200 in 248ms
 GET /api/realtime 200 in 232ms
 GET /api/realtime 200 in 235ms
 GET /api/realtime 200 in 234ms
 GET /api/realtime 200 in 250ms
 GET /api/realtime 200 in 255ms
 GET /api/auth/session 200 in 217ms
 GET /api/company/stats 200 in 238ms
 GET /api/realtime 200 in 195ms
 GET /api/realtime 200 in 197ms
 GET /api/realtime 200 in 199ms
 GET /api/realtime 200 in 203ms
 GET /api/realtime 200 in 201ms
 GET /api/realtime 200 in 232ms
 GET /api/realtime 200 in 208ms
 GET /api/realtime 200 in 213ms
 GET /api/notifications?limit=10 200 in 206ms
 GET /api/realtime 200 in 217ms
 GET /api/realtime 200 in 167ms
 GET /api/realtime 200 in 167ms
 GET /api/realtime 200 in 169ms
 GET /api/realtime 200 in 169ms
 GET /api/realtime 200 in 172ms
 GET /api/realtime 200 in 174ms
 GET /api/realtime 200 in 181ms
 GET /api/auth/session 200 in 235ms
 GET /api/company/stats 200 in 259ms
 GET /api/realtime 200 in 266ms
 GET /api/realtime 200 in 265ms
 GET /api/realtime 200 in 278ms
 GET /api/realtime 200 in 281ms
 GET /api/realtime 200 in 338ms
 GET /api/realtime 200 in 364ms
 GET /api/realtime 200 in 371ms
 GET /api/realtime 200 in 394ms
 GET /api/notifications?limit=10 200 in 386ms
 GET /api/realtime 200 in 493ms
 GET /api/realtime 200 in 552ms
 GET /api/realtime 200 in 553ms
 GET /api/realtime 200 in 553ms
 GET /api/auth/session 200 in 694ms
 GET /api/realtime 200 in 716ms
 GET /api/realtime 200 in 718ms
 GET /api/realtime 200 in 696ms
 GET /api/realtime 200 in 923ms
 GET /api/notifications?limit=10 200 in 778ms
 GET /api/realtime 200 in 1162ms
 GET /api/realtime 200 in 656ms
 GET /api/realtime 200 in 893ms
 GET /api/realtime 200 in 928ms
 GET /api/realtime 200 in 1288ms
 GET /api/realtime 200 in 1299ms
 GET /api/realtime 200 in 700ms
 GET /api/realtime 200 in 1152ms
 GET /api/realtime 200 in 606ms
 GET /api/realtime 200 in 1362ms
 GET /api/realtime 200 in 1301ms
 GET /api/auth/session 200 in 561ms
 GET /api/realtime 200 in 534ms
 GET /api/realtime 200 in 538ms
 GET /api/realtime 200 in 471ms
 GET /api/realtime 200 in 6548ms
 GET /api/realtime 200 in 6552ms
 GET /api/realtime 200 in 880ms
 GET /api/realtime 200 in 443ms
 GET /api/realtime 200 in 383ms
 GET /api/notifications?limit=10 200 in 418ms
 GET /api/realtime 200 in 430ms
 GET /api/realtime 200 in 338ms
 GET /api/realtime 200 in 336ms
 GET /api/realtime 200 in 342ms
 GET /api/realtime 200 in 347ms
 GET /api/realtime 200 in 342ms
 GET /api/realtime 200 in 344ms
 GET /api/realtime 200 in 428ms
 GET /api/realtime 200 in 372ms
 GET /api/realtime 200 in 286ms
 GET /api/realtime 200 in 236ms
 GET /api/realtime 200 in 216ms
 GET /api/realtime 200 in 6782ms
 GET /api/realtime 200 in 190ms
 GET /api/realtime 200 in 6576ms
 GET /api/realtime 200 in 259ms
 GET /api/auth/session 200 in 259ms
 GET /api/realtime 200 in 6910ms
 GET /api/realtime 200 in 6782ms
 GET /api/realtime 200 in 6577ms
 GET /api/realtime 200 in 359ms
 GET /api/realtime 200 in 6581ms
 GET /api/realtime 200 in 206ms
 GET /api/realtime 200 in 6800ms
 GET /api/realtime 200 in 281ms
 GET /api/realtime 200 in 6662ms
 GET /api/realtime 200 in 6504ms
 GET /api/realtime 200 in 289ms
 GET /api/realtime 200 in 227ms
 GET /api/realtime 200 in 7000ms
 GET /api/realtime 200 in 290ms
 GET /api/realtime 200 in 5740ms
 GET /api/realtime 200 in 295ms
 GET /api/realtime 200 in 366ms
 GET /api/realtime 200 in 275ms
 GET /api/realtime 200 in 6867ms
 GET /api/realtime 200 in 6328ms
 GET /api/realtime 200 in 386ms
 GET /api/auth/session 200 in 310ms
 GET /api/auth/session 200 in 312ms
 GET /api/auth/session 200 in 312ms
 GET /api/auth/session 200 in 299ms
 GET /api/auth/session 200 in 356ms
 GET /api/auth/session 200 in 357ms
 GET /api/notifications?limit=10 200 in 358ms
 GET /api/notifications?limit=10 200 in 349ms
 GET /api/notifications?limit=10 200 in 350ms
 GET /api/notifications?limit=10 200 in 351ms
 GET /api/realtime 200 in 305ms
 GET /api/realtime 200 in 63ms
 GET /api/realtime 200 in 59ms
 GET /api/realtime 200 in 57ms
 GET /api/realtime 200 in 60ms
 GET /api/realtime 200 in 63ms
 GET /api/realtime 200 in 63ms
 GET /api/realtime 200 in 70ms
 GET /api/realtime 200 in 65ms
 GET /api/realtime 200 in 126ms
 GET /api/realtime 200 in 116ms
 GET /api/realtime 200 in 62ms
 GET /api/realtime 200 in 60ms
 GET /api/realtime 200 in 58ms
 GET /api/realtime 200 in 58ms
 GET /api/realtime 200 in 61ms
 GET /api/realtime 200 in 41ms
 GET /api/realtime 200 in 7537ms
 ○ Compiling /company/settings ...
 ✓ Compiled /company/settings in 3s (3585 modules)
 GET /company/team 200 in 3345ms
 GET /company/settings 307 in 3341ms
 GET /company/invitations 200 in 3342ms
 GET /company/usage 200 in 3348ms
 GET /dashboard 200 in 220ms
 GET /projects/project-mall-renovation 200 in 3643ms
 GET /projects/project-riverside-homes 200 in 3643ms
 GET /projects/project-downtown-office 200 in 3626ms
 ○ Compiling /api/company/invitations ...
 ✓ Compiled /api/company/invitations in 989ms (1995 modules)
 GET /api/auth/session 200 in 1902ms
 GET /api/company/invitations? 200 in 1943ms
 GET /api/notifications?limit=10 200 in 1621ms
 GET /api/realtime 200 in 1057ms
 GET /api/realtime 200 in 1078ms
 GET /api/realtime 200 in 1065ms
 GET /api/realtime 200 in 1086ms
 GET /api/realtime 200 in 90ms
 GET /api/realtime 200 in 148ms
 GET /api/auth/session 200 in 165ms
 GET /api/notifications?limit=10 200 in 167ms
 GET /api/realtime 200 in 187ms
 GET /api/realtime 200 in 194ms
 GET /api/company/invitations? 200 in 188ms
 GET /api/realtime 200 in 149ms
 GET /api/auth/session 200 in 197ms
 GET /api/notifications?limit=10 200 in 210ms
 GET /api/realtime 200 in 276ms
 GET /api/realtime 200 in 209ms
 GET /api/realtime 200 in 276ms
 GET /api/company/invitations? 200 in 260ms
 GET /api/realtime 200 in 179ms
 GET /api/notifications?limit=10 200 in 212ms
 GET /api/realtime 200 in 482ms
 GET /api/auth/session 200 in 216ms
 GET /api/realtime 200 in 196ms
 GET /api/realtime 200 in 228ms
 GET /api/realtime 200 in 165ms
 GET /api/realtime 200 in 251ms
 GET /api/company/invitations? 200 in 150ms
 GET /api/notifications?limit=10 200 in 151ms
 GET /api/auth/session 200 in 147ms
 GET /api/realtime 200 in 231ms
 GET /api/realtime 200 in 215ms
 GET /api/realtime 200 in 198ms
 GET /api/realtime 200 in 212ms
 GET /api/notifications?limit=10 200 in 180ms
 GET /api/auth/session 200 in 124ms
 GET /api/realtime 200 in 151ms
 GET /api/realtime 200 in 118ms
 GET /api/realtime 200 in 122ms
 GET /api/realtime 200 in 123ms
 GET /api/auth/session 200 in 118ms
 GET /api/notifications?limit=10 200 in 152ms
 GET /api/realtime 200 in 133ms
 GET /api/realtime 200 in 144ms
 GET /api/realtime 200 in 145ms
 GET /api/auth/session 200 in 134ms
 GET /api/notifications?limit=10 200 in 146ms
 GET /api/realtime 200 in 123ms
 GET /api/realtime 200 in 131ms
 GET /api/realtime 200 in 103ms
 GET /api/realtime 200 in 156ms
 GET /api/auth/session 200 in 130ms
 GET /api/realtime 200 in 162ms
 GET /api/notifications?limit=10 200 in 158ms
 GET /api/realtime 200 in 145ms
 GET /api/realtime 200 in 86ms
 GET /api/realtime 200 in 123ms
 GET /api/auth/session 200 in 146ms
 GET /api/realtime 200 in 125ms
 GET /api/realtime 200 in 150ms
 GET /api/notifications?limit=10 200 in 142ms
 GET /api/realtime 200 in 137ms
 GET /api/realtime 200 in 155ms
 GET /api/auth/session 200 in 169ms
 GET /api/realtime 200 in 184ms
 GET /api/realtime 200 in 189ms
 GET /api/realtime 200 in 184ms
 GET /api/notifications?limit=10 200 in 135ms
 GET /api/realtime 200 in 183ms
 GET /api/auth/session 200 in 134ms
 GET /api/realtime 200 in 147ms
 GET /api/realtime 200 in 134ms
 GET /api/notifications?limit=10 200 in 142ms
 GET /api/realtime 200 in 194ms
 GET /api/realtime 200 in 154ms
 GET /api/auth/session 200 in 184ms
 GET /api/realtime 200 in 183ms
 GET /api/realtime 200 in 158ms
 GET /api/realtime 200 in 172ms
 GET /api/notifications?limit=10 200 in 157ms
 GET /api/auth/session 200 in 210ms
 GET /api/realtime 200 in 264ms
 GET /api/realtime 200 in 199ms
 GET /api/realtime 200 in 198ms
 GET /api/notifications?limit=10 200 in 183ms
 GET /api/realtime 200 in 149ms
 GET /api/auth/session 200 in 146ms
 GET /api/realtime 200 in 290ms
 GET /api/realtime 200 in 160ms
 GET /api/realtime 200 in 162ms
 GET /api/notifications?limit=10 200 in 120ms
 GET /api/realtime 200 in 133ms
 GET /api/realtime 200 in 120ms
 GET /api/auth/session 200 in 139ms
 GET /api/realtime 200 in 154ms
 GET /api/notifications?limit=10 200 in 136ms
 GET /api/realtime 200 in 121ms
 GET /api/realtime 200 in 172ms
 GET /api/realtime 200 in 172ms
 GET /api/auth/session 200 in 128ms
 GET /api/realtime 200 in 131ms
 GET /api/realtime 200 in 4796ms
 GET /api/realtime 200 in 64ms
 GET /api/realtime 200 in 4832ms
 GET /api/realtime 200 in 101ms
 GET /api/realtime 200 in 153ms
 GET /api/auth/session 200 in 91ms
 GET /api/realtime 200 in 89ms
 GET /api/realtime 200 in 96ms
 GET /api/auth/session 200 in 59ms
 GET /api/realtime 200 in 79ms
 GET /api/realtime 200 in 79ms
 GET /api/auth/session 200 in 102ms
 GET /api/realtime 200 in 132ms
 GET /api/realtime 200 in 93ms
 GET /api/auth/session 200 in 62ms
 GET /api/realtime 200 in 77ms
 GET /api/realtime 200 in 84ms
 GET /api/auth/session 200 in 54ms
 GET /api/realtime 200 in 83ms
 GET /api/realtime 200 in 117ms
 GET /api/auth/session 200 in 99ms
 GET /api/realtime 200 in 112ms
 GET /api/auth/session 200 in 62ms
 GET /api/realtime 200 in 97ms
 GET /api/realtime 200 in 81ms
 GET /api/realtime 200 in 76ms
 GET /api/auth/session 200 in 44ms
 GET /api/realtime 200 in 103ms
 GET /api/realtime 200 in 137ms
 GET /api/auth/session 200 in 101ms
 GET /api/realtime 200 in 158ms
 GET /api/realtime 200 in 251ms
 GET /api/realtime 200 in 176ms
 GET /api/realtime 200 in 77ms
 GET /api/realtime 200 in 106ms
 GET /api/realtime 200 in 96ms
 GET /api/realtime 200 in 87ms
 GET /api/realtime 200 in 78ms
 GET /api/realtime 200 in 6657ms
 GET /api/realtime 200 in 87ms
 GET /api/realtime 200 in 136ms
 GET /api/realtime 200 in 6534ms
 ✓ Compiled in 602ms (1608 modules)
[?25h
