  ▲ Next.js 14.2.28
  - Local:        http://localhost:3000
  - Environments: .env
  - Experiments (use with caution):
    · outputFileTracingRoot

 ✓ Starting...
 ✓ Ready in 1700ms
 ○ Compiling / ...
 ✓ Compiled / in 2.2s (596 modules)
 GET / 200 in 2439ms
 ✓ Compiled in 400ms (296 modules)
 ✓ Compiled /api/auth/[...nextauth] in 434ms (541 modules)
 GET /api/auth/providers 200 in 904ms
 GET / 200 in 84ms
 GET /api/auth/session 200 in 42ms
 GET /api/auth/session 200 in 29ms
 ○ Compiling /signup ...
 ✓ Compiled /signup in 863ms (881 modules)
 GET /login 200 in 1026ms
 GET /signup 200 in 1020ms
 GET /api/auth/session 200 in 52ms
 GET /api/auth/session 200 in 28ms
 GET /api/auth/session 200 in 29ms
 GET /api/auth/session 200 in 27ms
 GET /api/auth/session 200 in 31ms
 GET /api/auth/csrf 200 in 43ms
 ✓ Compiled /api/signup in 195ms (597 modules)
 POST /api/signup 200 in 646ms
 GET / 200 in 76ms
 GET /api/auth/signin 302 in 52ms
 GET /login?callbackUrl=https://267ef8e6d.preview.abacusai.app 200 in 52ms
 GET /api/auth/csrf 200 in 30ms
 POST /api/auth/callback/credentials 302 in 327ms
 ✓ Compiled /middleware in 192ms (174 modules)
 ○ Compiling /dashboard ...
 ✓ Compiled /dashboard in 1976ms (2784 modules)
 GET /dashboard 200 in 2275ms
 GET / 200 in 59ms
 GET /dashboard 200 in 55ms
 GET /api/auth/session 200 in 64ms
 ✓ Compiled /api/realtime in 339ms (1543 modules)
 ✓ Compiled (1546 modules)
 GET /api/auth/session 200 in 713ms
 GET /api/notifications?limit=10 200 in 728ms
 GET /api/realtime 200 in 666ms
 GET /api/realtime 200 in 721ms
 GET /api/realtime 200 in 685ms
 GET /api/auth/session 200 in 60ms
 GET /api/notifications?limit=10 200 in 65ms
 GET /api/auth/session 200 in 49ms
 GET /api/notifications?limit=10 200 in 47ms
 GET /api/realtime 200 in 51ms
 GET /api/auth/session 200 in 77ms
 GET /api/notifications?limit=10 200 in 88ms
 GET /api/auth/session 200 in 46ms
 GET /api/realtime 200 in 40ms
 ○ Compiling /settings ...
 ✓ Compiled /settings in 2.2s (3176 modules)
 GET /projects/new 200 in 2569ms
 GET /daily-reports 200 in 2616ms
 GET /team 200 in 2597ms
 GET /safety 200 in 2627ms
 GET /rfis 200 in 2627ms
 GET /documents 200 in 2598ms
 GET /projects 200 in 2598ms
 GET /tasks 200 in 2603ms
 GET /settings 200 in 2580ms
 GET /reports 200 in 2627ms
 GET /api/notifications?limit=10 200 in 108ms
 GET /api/auth/session 200 in 164ms
 GET /api/notifications?limit=10 200 in 89ms
 GET /api/auth/session 200 in 127ms
 GET /api/realtime 200 in 224ms
 GET /api/notifications?limit=10 200 in 217ms
 GET /api/realtime 200 in 222ms
 GET /api/auth/session 200 in 238ms
 GET /api/realtime 200 in 202ms
 GET /api/realtime 200 in 171ms
 GET /api/realtime 200 in 174ms
 GET /api/notifications?limit=10 200 in 180ms
 GET /api/realtime 200 in 164ms
 GET /api/realtime 200 in 166ms
 GET /api/realtime 200 in 160ms
 GET /api/auth/session 200 in 132ms
 GET /api/realtime 200 in 119ms
 GET /api/realtime 200 in 90ms
 GET /api/realtime 200 in 92ms
 GET /api/notifications?limit=10 200 in 112ms
 GET /api/realtime 200 in 120ms
 GET /api/realtime 200 in 136ms
 GET /api/realtime 200 in 141ms
 GET /api/auth/session 200 in 156ms
 GET /api/notifications?limit=10 200 in 137ms
 GET /api/auth/session 200 in 100ms
 GET /api/notifications?limit=10 200 in 150ms
 GET /api/auth/session 200 in 160ms
 GET /api/realtime 200 in 156ms
 GET /api/notifications?limit=10 200 in 121ms
 GET /api/auth/session 200 in 96ms
 GET /api/realtime 200 in 95ms
 GET /api/notifications?limit=10 200 in 105ms
 GET /api/auth/session 200 in 124ms
 GET /api/notifications?limit=10 200 in 106ms
 GET /api/auth/session 200 in 87ms
 GET /api/notifications?limit=10 200 in 110ms
 GET /api/auth/session 200 in 131ms
 GET /api/notifications?limit=10 200 in 108ms
 GET /api/auth/session 200 in 79ms
 GET /api/notifications?limit=10 200 in 92ms
 GET /api/auth/session 200 in 70ms
 GET /api/realtime 200 in 83ms
 GET /api/auth/session 200 in 113ms
 GET /api/notifications?limit=10 200 in 123ms
 GET /api/realtime 200 in 99ms
 GET /api/auth/session 200 in 83ms
 GET /api/notifications?limit=10 200 in 89ms
 GET /api/realtime 200 in 94ms
 GET /api/notifications?limit=10 200 in 102ms
 GET /api/realtime 200 in 132ms
 GET /api/auth/session 200 in 128ms
 GET /api/notifications?limit=10 200 in 120ms
 GET /api/auth/session 200 in 118ms
 GET /api/notifications?limit=10 200 in 88ms
 GET /api/auth/session 200 in 103ms
 GET /api/notifications?limit=10 200 in 113ms
 GET /api/auth/session 200 in 117ms
 GET /api/realtime 200 in 124ms
 GET /api/auth/session 200 in 111ms
 GET /api/notifications?limit=10 200 in 132ms
 GET /api/realtime 200 in 125ms
 GET /api/auth/session 200 in 114ms
 GET /api/notifications?limit=10 200 in 112ms
 GET /api/auth/session 200 in 130ms
 GET /api/notifications?limit=10 200 in 145ms
 GET /api/notifications?limit=10 200 in 91ms
 GET /api/auth/session 200 in 106ms
 GET /api/notifications?limit=10 200 in 132ms
 GET /api/auth/session 200 in 141ms
 GET /api/realtime 200 in 141ms
 GET /api/notifications?limit=10 200 in 110ms
 GET /api/auth/session 200 in 121ms
 GET /api/realtime 200 in 129ms
 GET /api/notifications?limit=10 200 in 121ms
 GET /api/auth/session 200 in 118ms
 GET /api/notifications?limit=10 200 in 124ms
 GET /api/auth/session 200 in 80ms
 GET /api/notifications?limit=10 200 in 115ms
 GET /api/realtime 200 in 94ms
 GET /api/auth/session 200 in 92ms
 GET /api/notifications?limit=10 200 in 114ms
 GET /api/auth/session 200 in 101ms
 GET /api/realtime 200 in 128ms
 GET /api/notifications?limit=10 200 in 107ms
 GET /api/auth/session 200 in 95ms
 GET /api/realtime 200 in 92ms
 GET /api/notifications?limit=10 200 in 93ms
 GET /api/auth/session 200 in 120ms
 GET /api/realtime 200 in 117ms
 GET /api/notifications?limit=10 200 in 144ms
 GET /api/auth/session 200 in 124ms
 GET /api/realtime 200 in 95ms
 GET /api/notifications?limit=10 200 in 108ms
 GET /api/auth/session 200 in 133ms
 GET /api/notifications?limit=10 200 in 109ms
 GET /api/auth/session 200 in 90ms
 GET /api/notifications?limit=10 200 in 125ms
 GET /api/auth/session 200 in 214ms
 GET /api/notifications?limit=10 200 in 218ms
 GET /api/auth/session 200 in 186ms
 GET /api/notifications?limit=10 200 in 135ms
 GET /api/auth/session 200 in 134ms
 GET /api/notifications?limit=10 200 in 141ms
 GET /api/realtime 200 in 102ms
 GET /api/realtime 200 in 112ms
 GET /api/auth/session 200 in 137ms
 GET /api/notifications?limit=10 200 in 130ms
 GET /api/realtime 200 in 149ms
 GET /api/realtime 200 in 151ms
 GET /api/auth/session 200 in 125ms
 GET /api/realtime 200 in 85ms
 GET /api/notifications?limit=10 200 in 93ms
 GET /api/realtime 200 in 109ms
 GET /api/realtime 200 in 110ms
 GET /api/auth/session 200 in 95ms
 GET /api/realtime 200 in 76ms
 GET /api/auth/session 200 in 89ms
 GET /api/realtime 200 in 68ms
 GET /api/realtime 200 in 68ms
 GET /api/auth/session 200 in 66ms
 GET /api/auth/session 200 in 44ms
 GET /api/realtime 200 in 46ms
 ○ Compiling /projects/[id] ...
 ✓ Compiled /projects/[id] in 1079ms (3189 modules)
 GET /projects/project-riverside-homes 200 in 1590ms
 GET /projects/project-mall-renovation 200 in 1591ms
 GET /projects/project-downtown-office 200 in 1584ms
 GET /api/notifications?limit=10 200 in 68ms
 GET /api/realtime 200 in 74ms
 GET /api/realtime 200 in 119ms
 GET /api/auth/session 200 in 120ms
 GET /api/realtime 200 in 113ms
 GET /api/realtime 200 in 140ms
 GET /api/realtime 200 in 87ms
 GET /api/realtime 200 in 131ms
 GET /api/notifications?limit=10 200 in 95ms
 GET /api/auth/session 200 in 67ms
 GET /api/realtime 200 in 54ms
 GET /api/notifications?limit=10 200 in 61ms
 GET /api/auth/session 200 in 56ms
 GET /api/realtime 200 in 84ms
 GET /api/realtime 200 in 66ms
 GET /api/realtime 200 in 86ms
 GET /api/notifications?limit=10 200 in 82ms
 GET /api/realtime 200 in 79ms
 GET /api/auth/session 200 in 81ms
 GET /api/notifications?limit=10 200 in 62ms
 GET /api/auth/session 200 in 59ms
 GET /api/notifications?limit=10 200 in 62ms
 GET /api/auth/session 200 in 51ms
 GET /api/auth/session 200 in 76ms
 GET /api/notifications?limit=10 200 in 90ms
 GET /api/realtime 200 in 102ms
 GET /api/notifications?limit=10 200 in 44ms
 GET /api/realtime 200 in 54ms
 GET /api/auth/session 200 in 54ms
 GET /api/notifications?limit=10 200 in 70ms
 GET /api/auth/session 200 in 54ms
 GET /api/notifications?limit=10 200 in 64ms
 GET /api/auth/session 200 in 60ms
 GET /api/notifications?limit=10 200 in 66ms
 GET /api/realtime 200 in 64ms
 GET /api/notifications?limit=10 200 in 52ms
 GET /api/realtime 200 in 21820ms
 GET /api/realtime 200 in 30382ms
 GET /api/realtime 200 in 30060ms
 GET /api/realtime 200 in 30051ms
 GET /api/realtime 200 in 40ms
 GET /api/realtime 200 in 29765ms
 GET /api/realtime 200 in 30049ms
 GET /api/realtime 200 in 29589ms
 GET /api/realtime 200 in 28993ms
 GET /api/realtime 200 in 28354ms
 GET /api/realtime 200 in 28915ms
 GET /api/realtime 200 in 29168ms
 GET /api/realtime 200 in 28671ms
 GET /api/realtime 200 in 25516ms
 GET /api/realtime 200 in 25984ms
 GET /api/realtime 200 in 27967ms
 GET /api/realtime 200 in 27722ms
 GET /api/realtime 200 in 28192ms
 GET /api/realtime 200 in 27407ms
 GET /api/realtime 200 in 24671ms
 GET /api/realtime 200 in 25673ms
 GET /api/realtime 200 in 29076ms
 GET /api/realtime 200 in 28120ms
 GET /api/realtime 200 in 26069ms
 GET /api/realtime 200 in 25909ms
 GET /api/realtime 200 in 27164ms
 GET /api/realtime 200 in 27877ms
 GET /api/realtime 200 in 28515ms
 GET /api/realtime 200 in 24564ms
 GET /api/realtime 200 in 28836ms
 GET /api/realtime 200 in 28439ms
 GET /api/realtime 200 in 29680ms
 GET /api/realtime 200 in 24109ms
 GET /api/realtime 200 in 29855ms
 GET /api/realtime 200 in 18853ms
 GET /api/realtime 200 in 19318ms
 GET /api/realtime 200 in 26550ms
 GET /api/realtime 200 in 20277ms
 GET /api/realtime 200 in 19500ms
 GET /api/realtime 200 in 19981ms
 GET /api/realtime 200 in 19391ms
 GET /api/realtime 200 in 24984ms
 GET /api/realtime 200 in 18396ms
 GET /api/realtime 200 in 19782ms
 GET /api/realtime 200 in 26706ms
 GET /api/realtime 200 in 25216ms
 GET /api/realtime 200 in 26172ms
 GET /api/realtime 200 in 24827ms
 GET /api/realtime 200 in 24431ms
 GET /api/realtime 200 in 19015ms
 GET /api/realtime 200 in 19506ms
 GET /api/realtime 200 in 19468ms
 GET /api/realtime 200 in 20124ms
 GET /api/realtime 200 in 17285ms
 GET /api/realtime 200 in 17420ms
 GET /api/realtime 200 in 27340ms
 GET /api/realtime 200 in 28606ms
 GET /api/realtime 200 in 19218ms
 GET /api/realtime 200 in 25614ms
 GET /api/realtime 200 in 25379ms
 GET /api/realtime 200 in 25844ms
 GET /api/realtime 200 in 19330ms
 GET /api/realtime 200 in 19727ms
 GET /api/realtime 200 in 18675ms
 GET /api/realtime 200 in 24764ms
 GET /api/realtime 200 in 19726ms
 GET /api/realtime 200 in 26492ms
 GET /api/realtime 200 in 19221ms
 GET /api/realtime 200 in 19570ms
 GET /api/realtime 200 in 18748ms
 GET /api/realtime 200 in 27504ms
 GET /api/realtime 200 in 19861ms
 GET /api/realtime 200 in 19173ms
 GET /api/realtime 200 in 17623ms
 GET /api/realtime 200 in 20094ms
 GET /api/realtime 200 in 28299ms
 GET /api/realtime 200 in 24287ms
 GET /api/realtime 200 in 26869ms
 GET /api/realtime 200 in 18176ms
 GET /api/realtime 200 in 27668ms
 GET /api/realtime 200 in 19820ms
 GET /api/realtime 200 in 26948ms
 GET /api/realtime 200 in 28067ms
 GET /api/realtime 200 in 25147ms
 GET /api/realtime 200 in 27107ms
 GET /api/realtime 200 in 18845ms
 GET /api/realtime 200 in 25773ms
 GET /api/realtime 200 in 26421ms
 GET /api/realtime 200 in 19401ms
 GET /api/realtime 200 in 18875ms
 GET /api/realtime 200 in 27589ms
 GET /api/realtime 200 in 28780ms
 GET /api/realtime 200 in 20003ms
 GET /api/realtime 200 in 18564ms
 GET /api/realtime 200 in 15174ms
 GET /api/realtime 200 in 15295ms
 GET /api/realtime 200 in 14799ms
 GET /api/realtime 200 in 19641ms
 GET /api/realtime 200 in 16004ms
 GET /api/realtime 200 in 17871ms
 GET /api/realtime 200 in 18484ms
 GET /api/realtime 200 in 16089ms
 GET /api/realtime 200 in 15670ms
 GET /api/realtime 200 in 18222ms
 GET /api/realtime 200 in 15180ms
 GET /api/realtime 200 in 17923ms
 GET /api/realtime 200 in 17767ms
 GET /api/realtime 200 in 18241ms
 GET /api/realtime 200 in 17624ms
 GET /api/realtime 200 in 15468ms
 GET /api/realtime 200 in 17592ms
 GET /api/realtime 200 in 9802ms
 GET /api/realtime 200 in 19651ms
 GET /api/realtime 200 in 19748ms
 GET /api/realtime 200 in 9632ms
 GET /api/realtime 200 in 16094ms
 GET /api/realtime 200 in 17555ms
 GET /api/realtime 200 in 18077ms
 GET /api/realtime 200 in 16555ms
 GET /api/realtime 200 in 17437ms
 GET /api/realtime 200 in 18541ms
 GET /api/realtime 200 in 25089ms
 GET /api/realtime 200 in 13657ms
 GET /api/realtime 200 in 19718ms
 GET /api/realtime 200 in 17293ms
 GET /api/realtime 200 in 18390ms
 GET /api/realtime 200 in 19538ms
 GET /api/realtime 200 in 18574ms
 GET /api/realtime 200 in 18127ms
 GET /api/realtime 200 in 25327ms
 GET /api/realtime 200 in 18826ms
 GET /api/realtime 200 in 16848ms
 GET /api/realtime 200 in 19045ms
 GET /api/realtime 200 in 24384ms
 GET /api/realtime 200 in 17318ms
 GET /api/realtime 200 in 14527ms
 GET /api/realtime 200 in 16971ms
 GET /api/realtime 200 in 19477ms
 GET /api/realtime 200 in 17241ms
 GET /api/realtime 200 in 15476ms
 GET /api/realtime 200 in 15937ms
 GET /api/realtime 200 in 17046ms
 GET /api/realtime 200 in 18742ms
 GET /api/realtime 200 in 19884ms
 GET /api/realtime 200 in 17321ms
 GET /api/realtime 200 in 19503ms
 GET /api/realtime 200 in 17958ms
 GET /api/realtime 200 in 18820ms
 GET /api/realtime 200 in 16338ms
 GET /api/realtime 200 in 19544ms
 GET /api/realtime 200 in 16649ms
 GET /api/realtime 200 in 17886ms
 GET /api/realtime 200 in 18262ms
 GET /api/realtime 200 in 17308ms
 GET /api/realtime 200 in 19355ms
 GET /api/realtime 200 in 14979ms
 GET /api/realtime 200 in 18833ms
 GET /api/realtime 200 in 16750ms
 GET /api/realtime 200 in 17552ms
 GET /api/realtime 200 in 17381ms
 GET /api/realtime 200 in 15480ms
 GET /api/realtime 200 in 16430ms
 GET /api/realtime 200 in 19003ms
 GET /api/realtime 200 in 16171ms
 GET /api/realtime 200 in 18782ms
 GET /api/realtime 200 in 18565ms
 GET /api/realtime 200 in 17893ms
 GET /api/realtime 200 in 16921ms
 GET /api/realtime 200 in 15256ms
 GET /api/realtime 200 in 18437ms
 GET /api/realtime 200 in 19295ms
 GET /api/realtime 200 in 18098ms
 GET /api/realtime 200 in 18711ms
 GET /api/realtime 200 in 17566ms
 GET /api/realtime 200 in 15957ms
 GET /api/realtime 200 in 18542ms
 GET /api/realtime 200 in 26680ms
 GET /api/realtime 200 in 18442ms
 GET /api/realtime 200 in 18055ms
 GET /api/realtime 200 in 18908ms
 GET /api/realtime 200 in 17754ms
 GET /api/realtime 200 in 24955ms
 GET /api/realtime 200 in 19230ms
 GET /api/realtime 200 in 18908ms
 GET /api/realtime 200 in 17789ms
 GET /api/realtime 200 in 19210ms
 GET /api/realtime 200 in 19065ms
 GET /api/realtime 200 in 19431ms
 GET /api/realtime 200 in 19555ms
 GET /api/realtime 200 in 27861ms
 GET /api/realtime 200 in 17003ms
 GET /api/realtime 200 in 17464ms
 GET /api/realtime 200 in 18716ms
 GET /api/realtime 200 in 19417ms
 GET /api/realtime 200 in 26299ms
 GET /api/realtime 200 in 27062ms
 GET /api/realtime 200 in 24254ms
 GET /api/realtime 200 in 18063ms
 GET /api/realtime 200 in 19774ms
 GET /api/realtime 200 in 19676ms
 GET /api/realtime 200 in 27305ms
 GET /api/realtime 200 in 19024ms
 GET /api/realtime 200 in 18025ms
 GET /api/realtime 200 in 19215ms
 GET /api/realtime 200 in 15798ms
 GET /api/realtime 200 in 4575ms
 GET /api/realtime 200 in 1507ms
 GET /api/realtime 200 in 2339ms
 GET /api/realtime 200 in 13384ms
 GET /api/realtime 200 in 15994ms
 GET /api/realtime 200 in 18406ms
 GET /api/realtime 200 in 1799ms
 GET /api/realtime 200 in 5881ms
 GET /api/realtime 200 in 16766ms
 GET /api/realtime 200 in 16661ms
 GET /api/realtime 200 in 961ms
 GET /api/realtime 200 in 2630ms
 GET /api/realtime 200 in 5295ms
 GET /api/realtime 200 in 3241ms
 GET /api/realtime 200 in 15512ms
 GET /api/realtime 200 in 17875ms
 GET /api/realtime 200 in 6243ms
 GET /api/realtime 200 in 13068ms
 GET /api/realtime 200 in 11946ms
 GET /api/realtime 200 in 13895ms
 GET /api/realtime 200 in 3936ms
 GET /api/realtime 200 in 2943ms
 GET /api/realtime 200 in 17250ms
 GET /api/realtime 200 in 14524ms
 GET /api/realtime 200 in 4138ms
 GET /api/realtime 200 in 16253ms
 GET /api/realtime 200 in 4796ms
 GET /api/realtime 200 in 17126ms
 GET /api/realtime 200 in 15808ms
 GET /api/realtime 200 in 1985ms
 GET /api/realtime 200 in 851ms
 GET /api/realtime 200 in 2179ms
 GET /api/realtime 200 in 2822ms
 GET /api/realtime 200 in 15128ms
 GET /api/realtime 200 in 1287ms
 GET /api/realtime 200 in 15135ms
 GET /api/realtime 200 in 6153ms
 GET /api/realtime 200 in 16144ms
 GET /api/realtime 200 in 14214ms
 GET /api/realtime 200 in 4035ms
 GET /api/realtime 200 in 4174ms
 GET /api/realtime 200 in 454ms
 GET /api/realtime 200 in 15811ms
 GET /api/realtime 200 in 12852ms
 GET /api/realtime 200 in 3601ms
 GET /api/realtime 200 in 15355ms
 GET /api/realtime 200 in 15023ms
 GET /api/realtime 200 in 18624ms
 GET /api/realtime 200 in 16128ms
 GET /api/realtime 200 in 6233ms
 GET /api/realtime 200 in 5494ms
 GET /api/realtime 200 in 6635ms
 GET /api/realtime 200 in 16845ms
 GET /api/realtime 200 in 302ms
 GET /api/realtime 200 in 499ms
 GET /api/realtime 200 in 5390ms
 GET /api/realtime 200 in 1222ms
 GET /api/realtime 200 in 5326ms
 GET /api/realtime 200 in 13782ms
 GET /api/realtime 200 in 1807ms
 GET /api/realtime 200 in 4070ms
 GET /api/realtime 200 in 4346ms
 GET /api/realtime 200 in 16461ms
 GET /api/realtime 200 in 2441ms
 GET /api/realtime 200 in 14642ms
 GET /api/realtime 200 in 6341ms
 GET /api/realtime 200 in 6549ms
 GET /api/realtime 200 in 17039ms
 GET /api/realtime 200 in 7155ms
 GET /api/realtime 200 in 16371ms
 GET /api/realtime 200 in 13008ms
 GET /api/realtime 200 in 4972ms
 GET /api/realtime 200 in 13909ms
 GET /api/realtime 200 in 4661ms
 GET /api/realtime 200 in 5937ms
 GET /api/realtime 200 in 17133ms
 GET /api/realtime 200 in 5035ms
 GET /api/realtime 200 in 15298ms
 GET /api/realtime 200 in 18486ms
 GET /api/realtime 200 in 14677ms
 GET /api/realtime 200 in 5432ms
 GET /api/realtime 200 in 3294ms
 GET /api/realtime 200 in 13143ms
 GET /api/realtime 200 in 878ms
 GET /api/realtime 200 in 16545ms
 GET /api/realtime 200 in 1746ms
 GET /api/realtime 200 in 2489ms
 GET /api/realtime 200 in 19261ms
 GET /api/realtime 200 in 4506ms
 GET /api/realtime 200 in 15689ms
 GET /api/realtime 200 in 12041ms
 GET /api/realtime 200 in 13358ms
 GET /api/realtime 200 in 15742ms
 GET /api/realtime 200 in 4874ms
 GET /api/realtime 200 in 17301ms
 GET /api/realtime 200 in 14587ms
 GET /api/realtime 200 in 17502ms
 GET /api/realtime 200 in 17482ms
 GET /api/realtime 200 in 12638ms
 GET /api/realtime 200 in 14730ms
 GET /api/realtime 200 in 18445ms
 GET /api/realtime 200 in 11220ms
 GET /api/realtime 200 in 5487ms
 GET /api/realtime 200 in 4094ms
 GET /api/realtime 200 in 5150ms
 GET /api/realtime 200 in 3789ms
 GET /api/realtime 200 in 16504ms
 GET /api/realtime 200 in 5726ms
 GET /api/realtime 200 in 2112ms
 GET /api/realtime 200 in 16666ms
 GET /api/realtime 200 in 15839ms
 GET /api/realtime 200 in 17862ms
 GET /api/realtime 200 in 12950ms
 GET /api/realtime 200 in 15082ms
 GET /api/realtime 200 in 4626ms
 GET /api/realtime 200 in 14634ms
 GET /api/realtime 200 in 13566ms
 GET /api/realtime 200 in 4281ms
 GET /api/realtime 200 in 25555ms
 GET /api/realtime 200 in 9422ms
 GET /api/realtime 200 in 3605ms
 GET /api/realtime 200 in 13935ms
 GET /api/realtime 200 in 15159ms
 GET /api/realtime 200 in 6940ms
 GET /api/realtime 200 in 11376ms
 GET /api/realtime 200 in 10698ms
 GET /api/realtime 200 in 237ms
 GET /api/realtime 200 in 1052ms
 GET /api/realtime 200 in 15532ms
 GET /api/realtime 200 in 16869ms
 GET /api/realtime 200 in 15224ms
 GET /api/realtime 200 in 2936ms
 GET /api/realtime 200 in 18905ms
 GET /api/realtime 200 in 17706ms
 GET /api/realtime 200 in 15223ms
 GET /api/realtime 200 in 16720ms
 GET /api/realtime 200 in 14742ms
 GET /api/realtime 200 in 13981ms
 GET /api/realtime 200 in 17061ms
 GET /api/realtime 200 in 13588ms
 GET /api/realtime 200 in 15341ms
 GET /api/realtime 200 in 14810ms
 GET /api/realtime 200 in 11906ms
 GET /api/realtime 200 in 18326ms
 GET /api/realtime 200 in 18326ms
 GET /api/realtime 200 in 18149ms
 GET /api/realtime 200 in 17396ms
 GET /api/realtime 200 in 15492ms
 GET /api/realtime 200 in 16991ms
 GET /api/realtime 200 in 13894ms
 GET /api/realtime 200 in 16242ms
 GET /api/realtime 200 in 16367ms
 GET /api/realtime 200 in 18334ms
 GET /api/realtime 200 in 4594ms
 GET /api/realtime 200 in 6616ms
 GET /api/realtime 200 in 12364ms
 GET /api/realtime 200 in 9533ms
 GET /api/realtime 200 in 19328ms
 GET /api/realtime 200 in 16538ms
 GET /api/realtime 200 in 17735ms
 GET /api/realtime 200 in 18658ms
 GET /api/realtime 200 in 16724ms
 GET /api/realtime 200 in 2759ms
 GET /api/realtime 200 in 15713ms
 GET /api/realtime 200 in 6530ms
 GET /api/realtime 200 in 16400ms
 GET /api/realtime 200 in 1964ms
 GET /api/realtime 200 in 9359ms
 GET /api/realtime 200 in 16708ms
 GET /api/realtime 200 in 6372ms
 GET /api/realtime 200 in 3115ms
 GET /api/realtime 200 in 14824ms
 GET /api/realtime 200 in 13677ms
 GET /api/realtime 200 in 7061ms
 GET /api/realtime 200 in 19079ms
 GET /api/realtime 200 in 17827ms
 GET /api/realtime 200 in 11612ms
 GET /api/realtime 200 in 18310ms
 GET /api/realtime 200 in 16256ms
 GET /api/realtime 200 in 18173ms
 GET /api/realtime 200 in 11319ms
 GET /api/realtime 200 in 16138ms
 GET /api/realtime 200 in 3179ms
 GET /api/realtime 200 in 16034ms
 GET /api/realtime 200 in 15973ms
 GET /api/realtime 200 in 7130ms
 GET /api/realtime 200 in 20049ms
 GET /api/realtime 200 in 16088ms
 GET /api/realtime 200 in 15912ms
 GET /api/realtime 200 in 18789ms
 GET /api/realtime 200 in 6697ms
 GET /api/realtime 200 in 18289ms
 GET /api/realtime 200 in 16499ms
 GET /api/realtime 200 in 19130ms
 GET /api/realtime 200 in 10350ms
 GET /api/realtime 200 in 16037ms
 GET /api/realtime 200 in 11467ms
 GET /api/realtime 200 in 13820ms
 GET /api/realtime 200 in 17539ms
 GET /api/realtime 200 in 17502ms
 GET /api/realtime 200 in 17810ms
 GET /api/realtime 200 in 10426ms
 GET /api/realtime 200 in 11099ms
 GET /api/realtime 200 in 18523ms
 GET /api/realtime 200 in 26448ms
 GET /api/realtime 200 in 1894ms
 GET /api/realtime 200 in 18920ms
 GET /api/realtime 200 in 18049ms
 GET /api/realtime 200 in 17702ms
 GET /api/realtime 200 in 17080ms
 GET /api/realtime 200 in 18306ms
 GET /api/realtime 200 in 16891ms
 GET /api/realtime 200 in 17226ms
 GET /api/realtime 200 in 19080ms
 GET /api/realtime 200 in 10284ms
 GET /api/realtime 200 in 16381ms
 GET /api/realtime 200 in 18050ms
 GET /api/realtime 200 in 15834ms
 GET /api/realtime 200 in 19289ms
 GET /api/realtime 200 in 19454ms
 GET /api/realtime 200 in 1168ms
 GET /api/realtime 200 in 3560ms
 GET /api/realtime 200 in 19144ms
 GET /api/realtime 200 in 19400ms
 GET /api/realtime 200 in 16543ms
 GET /api/realtime 200 in 15855ms
 GET /api/realtime 200 in 4474ms
 GET /api/realtime 200 in 19086ms
 GET /api/realtime 200 in 15827ms
 GET /api/realtime 200 in 18677ms
 GET /api/realtime 200 in 18173ms
 GET /api/realtime 200 in 14835ms
 GET /api/realtime 200 in 16746ms
 GET /api/realtime 200 in 20121ms
 GET /api/realtime 200 in 16546ms
 GET /api/realtime 200 in 17734ms
 GET /api/realtime 200 in 14115ms
 GET /api/realtime 200 in 2937ms
 GET /api/realtime 200 in 5323ms
 GET /api/realtime 200 in 17885ms
 GET /api/realtime 200 in 15193ms
 GET /api/realtime 200 in 18059ms
 GET /api/realtime 200 in 17588ms
 GET /api/realtime 200 in 18057ms
 GET /api/realtime 200 in 18739ms
 GET /api/realtime 200 in 18316ms
 GET /api/realtime 200 in 18498ms
 GET /api/realtime 200 in 18173ms
 GET /api/realtime 200 in 13909ms
 GET /api/realtime 200 in 14950ms
 GET /api/realtime 200 in 18843ms
 GET /api/realtime 200 in 17516ms
 GET /api/realtime 200 in 16904ms
 GET /api/realtime 200 in 6115ms
 GET /api/realtime 200 in 17269ms
 GET /api/realtime 200 in 15003ms
 GET /api/realtime 200 in 17270ms
 GET /api/realtime 200 in 14121ms
 GET /api/realtime 200 in 19460ms
 GET /api/realtime 200 in 14670ms
 GET /api/realtime 200 in 18197ms
 GET /api/realtime 200 in 7085ms
 GET /api/realtime 200 in 17850ms
 GET /api/realtime 200 in 17222ms
 GET /api/realtime 200 in 18847ms
 GET /api/realtime 200 in 19692ms
 GET /api/realtime 200 in 17095ms
 GET /api/realtime 200 in 18885ms
 GET /api/realtime 200 in 16077ms
 GET /api/realtime 200 in 6293ms
 GET /api/realtime 200 in 2349ms
 GET /api/realtime 200 in 1395ms
 GET /api/realtime 200 in 3107ms
 GET /api/realtime 200 in 5909ms
 GET /api/realtime 200 in 12784ms
 GET /api/realtime 200 in 1126ms
 GET /api/realtime 200 in 16164ms
 GET /api/realtime 200 in 1207ms
 GET /api/realtime 200 in 2304ms
 GET /api/realtime 200 in 16925ms
 GET /api/realtime 200 in 690ms
 GET /api/realtime 200 in 891ms
 GET /api/realtime 200 in 1555ms
 GET /api/realtime 200 in 5323ms
 GET /api/realtime 200 in 1479ms
 GET /api/realtime 200 in 4961ms
 GET /api/realtime 200 in 5757ms
 GET /api/realtime 200 in 4810ms
 GET /api/realtime 200 in 5270ms
 GET /api/realtime 200 in 417ms
 GET /api/realtime 200 in 464ms
 GET /api/realtime 200 in 5029ms
 GET /api/realtime 200 in 2373ms
 GET /api/realtime 200 in 6831ms
 GET /api/realtime 200 in 7033ms
 GET /api/realtime 200 in 2857ms
 GET /api/realtime 200 in 3051ms
 GET /api/realtime 200 in 13304ms
 GET /api/realtime 200 in 14754ms
 GET /api/realtime 200 in 4553ms
 GET /api/realtime 200 in 2278ms
 GET /api/realtime 200 in 15317ms
 GET /api/realtime 200 in 5850ms
 GET /api/realtime 200 in 14802ms
 GET /api/realtime 200 in 13632ms
 GET /api/realtime 200 in 13797ms
 GET /api/realtime 200 in 2948ms
 GET /api/realtime 200 in 3492ms
 GET /api/realtime 200 in 5933ms
 GET /api/realtime 200 in 4278ms
 GET /api/realtime 200 in 1719ms
 GET /api/realtime 200 in 4473ms
 GET /api/realtime 200 in 1400ms
 GET /api/realtime 200 in 12641ms
 GET /api/realtime 200 in 5137ms
 GET /api/realtime 200 in 2651ms
 GET /api/realtime 200 in 6128ms
 GET /api/realtime 200 in 2050ms
 GET /api/realtime 200 in 6885ms
 GET /api/realtime 200 in 3922ms
 GET /api/realtime 200 in 12197ms
 GET /api/realtime 200 in 9339ms
 GET /api/realtime 200 in 17302ms
 GET /api/realtime 200 in 749ms
 GET /api/realtime 200 in 6786ms
 GET /api/realtime 200 in 988ms
 GET /api/realtime 200 in 1318ms
 GET /api/realtime 200 in 1036ms
 GET /api/realtime 200 in 4940ms
 GET /api/realtime 200 in 15048ms
 GET /api/realtime 200 in 14055ms
 GET /api/realtime 200 in 2684ms
 GET /api/realtime 200 in 30141ms
 GET /api/realtime 200 in 16580ms
 GET /api/realtime 200 in 4059ms
 GET /api/realtime 200 in 18030ms
 GET /api/realtime 200 in 3729ms
 GET /api/realtime 200 in 15451ms
 GET /api/realtime 200 in 16353ms
 GET /api/realtime 200 in 4209ms
 GET /api/realtime 200 in 15026ms
 GET /api/realtime 200 in 1675ms
 GET /api/realtime 200 in 1647ms
 GET /api/realtime 200 in 1125ms
 GET /api/realtime 200 in 16734ms
 GET /api/realtime 200 in 13493ms
 GET /api/realtime 200 in 13656ms
 GET /api/realtime 200 in 4874ms
 GET /api/realtime 200 in 3089ms
 GET /api/realtime 200 in 1465ms
 GET /api/realtime 200 in 336ms
 GET /api/realtime 200 in 17055ms
 GET /api/realtime 200 in 16892ms
 GET /api/realtime 200 in 15747ms
 GET /api/realtime 200 in 2615ms
 GET /api/realtime 200 in 14688ms
 GET /api/realtime 200 in 18668ms
 GET /api/realtime 200 in 11004ms
 GET /api/realtime 200 in 550ms
 GET /api/realtime 200 in 6564ms
 GET /api/realtime 200 in 675ms
 GET /api/realtime 200 in 430ms
 GET /api/realtime 200 in 18581ms
 GET /api/realtime 200 in 6011ms
 GET /api/realtime 200 in 5026ms
 GET /api/realtime 200 in 4380ms
 GET /api/realtime 200 in 19202ms
 GET /api/realtime 200 in 16251ms
 GET /api/realtime 200 in 17638ms
 GET /api/realtime 200 in 6237ms
 GET /api/realtime 200 in 2503ms
 GET /api/realtime 200 in 3984ms
 GET /api/realtime 200 in 4399ms
 GET /api/realtime 200 in 9684ms
 GET /api/realtime 200 in 3431ms
 GET /api/realtime 200 in 13663ms
 GET /api/realtime 200 in 14469ms
 GET /api/realtime 200 in 3661ms
 GET /api/realtime 200 in 3411ms
 GET /api/realtime 200 in 1991ms
 GET /api/realtime 200 in 16565ms
 GET /api/realtime 200 in 14064ms
 GET /api/realtime 200 in 10199ms
 GET /api/realtime 200 in 1828ms
 GET /api/realtime 200 in 11759ms
 GET /api/realtime 200 in 10937ms
 GET /api/realtime 200 in 12888ms
 GET /api/realtime 200 in 11614ms
 GET /api/realtime 200 in 1056ms
 GET /api/realtime 200 in 14269ms
 GET /api/realtime 200 in 16047ms
 GET /api/realtime 200 in 3336ms
 GET /api/realtime 200 in 12521ms
 GET /api/realtime 200 in 5113ms
 GET /api/realtime 200 in 14010ms
 GET /api/realtime 200 in 2123ms
 GET /api/realtime 200 in 11835ms
 GET /api/realtime 200 in 3284ms
 GET /api/realtime 200 in 2491ms
 GET /api/realtime 200 in 9896ms
 GET /api/realtime 200 in 14689ms
 GET /api/realtime 200 in 14070ms
 GET /api/realtime 200 in 12596ms
 GET /api/realtime 200 in 16263ms
 GET /api/realtime 200 in 4032ms
 GET /api/realtime 200 in 10048ms
 GET /api/realtime 200 in 15102ms
 GET /api/realtime 200 in 653ms
 GET /api/realtime 200 in 10131ms
 GET /api/realtime 200 in 3797ms
 GET /api/realtime 200 in 5332ms
 GET /api/realtime 200 in 16372ms
 GET /api/realtime 200 in 18500ms
 GET /api/realtime 200 in 16654ms
 GET /api/realtime 200 in 19061ms
 GET /api/realtime 200 in 17407ms
 GET /api/realtime 200 in 651ms
 GET /api/realtime 200 in 4115ms
 GET /api/realtime 200 in 13564ms
 GET /api/realtime 200 in 5904ms
 GET /api/realtime 200 in 3865ms
 GET /api/realtime 200 in 5750ms
 GET /api/realtime 200 in 15992ms
 GET /api/realtime 200 in 5524ms
 GET /api/realtime 200 in 3915ms
 GET /api/realtime 200 in 10578ms
 GET /api/realtime 200 in 15937ms
 GET /api/realtime 200 in 17911ms
 GET /api/realtime 200 in 3829ms
 GET /api/realtime 200 in 17333ms
 GET /api/realtime 200 in 2823ms
 GET /api/realtime 200 in 17489ms
 GET /api/realtime 200 in 15310ms
 GET /api/realtime 200 in 15191ms
 GET /api/realtime 200 in 15480ms
 GET /api/realtime 200 in 11254ms
 GET /api/realtime 200 in 840ms
 GET /api/realtime 200 in 3651ms
 GET /api/realtime 200 in 15755ms
 GET /api/realtime 200 in 4490ms
 GET /api/realtime 200 in 3494ms
 GET /api/realtime 200 in 5289ms
 GET /api/realtime 200 in 5630ms
 GET /api/realtime 200 in 16816ms
 GET /api/realtime 200 in 3608ms
 GET /api/realtime 200 in 2434ms
 GET /api/realtime 200 in 14559ms
 GET /api/realtime 200 in 14659ms
 GET /api/realtime 200 in 4808ms
 GET /api/realtime 200 in 1534ms
 GET /api/realtime 200 in 15590ms
 GET /api/realtime 200 in 14796ms
 GET /api/realtime 200 in 16732ms
 GET /api/realtime 200 in 4885ms
 GET /api/realtime 200 in 2586ms
 GET /api/realtime 200 in 10656ms
 GET /api/realtime 200 in 5796ms
 GET /api/realtime 200 in 10877ms
 GET /api/realtime 200 in 2875ms
 GET /api/realtime 200 in 18709ms
 GET /api/realtime 200 in 13948ms
 GET /api/realtime 200 in 12311ms
 GET /api/realtime 200 in 1830ms
 GET /api/realtime 200 in 1743ms
 GET /api/realtime 200 in 1634ms
 GET /api/realtime 200 in 16924ms
 GET /api/realtime 200 in 5716ms
 GET /api/realtime 200 in 15810ms
 GET /api/realtime 200 in 17789ms
 GET /api/realtime 200 in 15581ms
 GET /api/realtime 200 in 14980ms
 GET /api/realtime 200 in 307ms
 GET /api/realtime 200 in 3243ms
 GET /api/realtime 200 in 2801ms
 GET /api/realtime 200 in 10736ms
 GET /api/realtime 200 in 17169ms
 GET /api/realtime 200 in 3582ms
 GET /api/realtime 200 in 2206ms
 GET /api/realtime 200 in 16188ms
 GET /api/realtime 200 in 16499ms
 GET /api/realtime 200 in 10297ms
 GET /api/realtime 200 in 3802ms
 GET /api/realtime 200 in 15494ms
 GET /api/realtime 200 in 6143ms
 GET /api/realtime 200 in 16981ms
 GET /api/realtime 200 in 14204ms
 GET /api/realtime 200 in 4835ms
 GET /api/realtime 200 in 14891ms
 GET /api/realtime 200 in 11935ms
 GET /api/realtime 200 in 6260ms
 GET /api/realtime 200 in 15754ms
 GET /api/realtime 200 in 15039ms
 GET /api/realtime 200 in 1798ms
 GET /api/realtime 200 in 16984ms
 GET /api/realtime 200 in 13849ms
 GET /api/realtime 200 in 3994ms
 GET /api/realtime 200 in 17268ms
 GET /api/realtime 200 in 15660ms
 GET /api/realtime 200 in 11118ms
 GET /api/realtime 200 in 15090ms
 GET /api/realtime 200 in 5217ms
 GET /api/realtime 200 in 907ms
 GET /api/realtime 200 in 14999ms
 GET /api/realtime 200 in 4665ms
 GET /api/realtime 200 in 1274ms
 GET /api/realtime 200 in 13848ms
 GET /api/realtime 200 in 5891ms
 GET /api/realtime 200 in 15499ms
 GET /api/realtime 200 in 17320ms
 GET /api/realtime 200 in 13918ms
 GET /api/realtime 200 in 395ms
 GET /api/realtime 200 in 18273ms
 GET /api/realtime 200 in 5733ms
 GET /api/realtime 200 in 15436ms
 GET /api/realtime 200 in 4591ms
 GET /api/realtime 200 in 15720ms
 GET /api/realtime 200 in 1583ms
 GET /api/realtime 200 in 1920ms
 GET /api/realtime 200 in 16529ms
 GET /api/realtime 200 in 2765ms
 GET /api/realtime 200 in 6589ms
 GET /api/realtime 200 in 562ms
 GET /api/realtime 200 in 15047ms
 GET /api/realtime 200 in 15778ms
 GET /api/realtime 200 in 15207ms
 GET /api/realtime 200 in 6689ms
 GET /api/realtime 200 in 2952ms
 GET /api/realtime 200 in 2059ms
 GET /api/realtime 200 in 2184ms
 GET /api/realtime 200 in 15825ms
 GET /api/realtime 200 in 3358ms
 GET /api/realtime 200 in 15610ms
 GET /api/realtime 200 in 2294ms
 GET /api/realtime 200 in 2692ms
 GET /api/realtime 200 in 16019ms
 GET /api/realtime 200 in 2263ms
 GET /api/realtime 200 in 3211ms
 GET /api/realtime 200 in 5702ms
 GET /api/realtime 200 in 4367ms
 GET /api/realtime 200 in 5254ms
 GET /api/realtime 200 in 3548ms
 GET /api/realtime 200 in 12407ms
 GET /api/realtime 200 in 15832ms
 GET /api/realtime 200 in 17981ms
 GET /api/realtime 200 in 1355ms
 GET /api/realtime 200 in 5495ms
 GET /api/realtime 200 in 928ms
[?25h
