  ▲ Next.js 14.2.28
  - Local:        http://localhost:3000
  - Environments: .env
  - Experiments (use with caution):
    · outputFileTracingRoot

 ✓ Starting...
 ✓ Ready in 2.4s
 ○ Compiling / ...
 ✓ Compiled / in 2.3s (596 modules)
 GET / 200 in 2817ms
 ✓ Compiled in 493ms (296 modules)
 GET / 200 in 72ms
 ✓ Compiled /api/auth/[...nextauth] in 436ms (541 modules)
 GET /api/auth/session 200 in 916ms
 GET /api/auth/session 200 in 63ms
 GET / 200 in 119ms
 GET / 200 in 90ms
 GET / 200 in 90ms
 GET / 200 in 76ms
 GET /api/auth/session 200 in 63ms
 GET /api/auth/session 200 in 54ms
 GET / 200 in 64ms
[?25h
