  ▲ Next.js 14.2.28
  - Local:        http://localhost:3000
  - Environments: .env
  - Experiments (use with caution):
    · outputFileTracingRoot

 ✓ Starting...
 ✓ Ready in 1739ms
 ○ Compiling / ...
 ✓ Compiled / in 2s (596 modules)
 GET / 200 in 2547ms
 ✓ Compiled in 513ms (296 modules)
 ✓ Compiled /api/auth/[...nextauth] in 462ms (541 modules)
 GET /api/auth/providers 200 in 952ms
 GET / 200 in 111ms
 GET /api/auth/session 200 in 66ms
 GET /api/auth/session 200 in 54ms
 ○ Compiling /signup ...
 ✓ Compiled /signup in 693ms (881 modules)
 GET /signup 200 in 887ms
 GET /login 200 in 898ms
 GET /api/auth/session 200 in 85ms
 GET /api/auth/session 200 in 66ms
 GET /api/auth/session 200 in 65ms
 GET /api/auth/session 200 in 122ms
 GET /api/auth/session 200 in 57ms
 GET /api/auth/session 200 in 54ms
 GET /api/auth/csrf 200 in 62ms
 ✓ Compiled /api/signup in 309ms (597 modules)
 POST /api/signup 200 in 832ms
 GET / 200 in 106ms
 GET /api/auth/signin 302 in 78ms
 GET /login?callbackUrl=https://614a7c077.preview.abacusai.app 200 in 67ms
 GET /api/auth/csrf 200 in 50ms
 POST /api/auth/callback/credentials 302 in 360ms
 ✓ Compiled /middleware in 203ms (174 modules)
 ○ Compiling /dashboard ...
 ✓ Compiled /dashboard in 1456ms (2857 modules)
 GET /dashboard 200 in 1811ms
 GET / 200 in 90ms
 GET /dashboard 200 in 97ms
 GET /api/auth/session 200 in 86ms
 ✓ Compiled /api/realtime in 455ms (1581 modules)
 ✓ Compiled (1584 modules)
 GET /api/auth/session 200 in 835ms
 GET /api/notifications?limit=10 200 in 872ms
 GET /api/realtime 200 in 509ms
 GET /api/auth/session 200 in 108ms
 GET /api/realtime 200 in 148ms
 GET /api/notifications?limit=10 200 in 139ms
 GET /api/auth/session 200 in 91ms
 GET /api/notifications?limit=10 200 in 136ms
 GET /api/realtime 200 in 145ms
 GET /api/auth/session 200 in 83ms
 GET /api/notifications?limit=10 200 in 151ms
 GET /api/realtime 200 in 171ms
 GET /api/auth/session 200 in 148ms
 GET /api/realtime 200 in 82ms
 GET /api/realtime 200 in 82ms
 GET /api/realtime 200 in 79ms
 GET /api/realtime 200 in 182ms
 GET /api/realtime 200 in 96ms
 GET /api/realtime 200 in 94ms
 GET /api/realtime 200 in 78ms
 GET /api/realtime 200 in 89ms
 GET /api/realtime 200 in 89ms
 GET /api/realtime 200 in 82ms
 GET /api/realtime 200 in 86ms
 GET /api/realtime 200 in 91ms
 GET /api/realtime 200 in 85ms
 GET /api/realtime 200 in 78ms
 GET /api/realtime 200 in 85ms
 GET /api/realtime 200 in 103ms
 GET /api/realtime 200 in 88ms
 GET /api/realtime 200 in 84ms
 GET /api/realtime 200 in 129ms
 GET /api/realtime 200 in 103ms
 GET /api/realtime 200 in 88ms
 GET /api/realtime 200 in 88ms
 GET /api/realtime 200 in 79ms
 GET /api/realtime 200 in 85ms
 GET /api/realtime 200 in 97ms
 GET /api/realtime 200 in 88ms
 GET /api/realtime 200 in 74ms
 GET /api/realtime 200 in 79ms
 GET /api/realtime 200 in 72ms
 GET /api/realtime 200 in 74ms
 GET /api/realtime 200 in 73ms
 GET /api/realtime 200 in 75ms
 GET /api/realtime 200 in 77ms
 GET /api/realtime 200 in 74ms
 GET /api/realtime 200 in 81ms
 GET /api/realtime 200 in 76ms
 GET /api/realtime 200 in 81ms
 GET /api/realtime 200 in 72ms
 GET /api/realtime 200 in 77ms
 GET /api/realtime 200 in 88ms
 GET /api/realtime 200 in 138ms
 GET /api/realtime 200 in 125ms
 GET /api/realtime 200 in 72ms
 GET /api/realtime 200 in 70ms
 GET /api/realtime 200 in 80ms
 GET /api/realtime 200 in 72ms
 GET /api/realtime 200 in 6976ms
 ○ Compiling /projects/new ...
 ✓ Compiled /projects/new in 3.6s (3457 modules)
 GET /settings 200 in 4968ms
 GET /projects/new 200 in 4817ms
 GET /milestones 200 in 5031ms
 GET /budget 200 in 5040ms
 GET /equipment 200 in 4975ms
 GET /daily-reports 200 in 4976ms
 GET /change-orders 200 in 4979ms
 GET /inspections 200 in 4979ms
 GET /documents 200 in 4980ms
 GET /time-tracking 200 in 5048ms
 GET /subcontractors 200 in 5049ms
 GET /safety 200 in 4989ms
 GET /reports 200 in 4984ms
 GET /punch-lists 200 in 4987ms
 GET /rfis 200 in 4987ms
 GET /submittals 200 in 4989ms
 GET /team 200 in 4990ms
 GET /materials 200 in 5076ms
 GET /meetings 200 in 4835ms
 GET /projects 200 in 4994ms
 GET /company 200 in 4993ms
 GET /tasks 200 in 4998ms
 GET /api/realtime 200 in 230ms
 GET /api/realtime 200 in 214ms
 GET /api/notifications?limit=10 200 in 365ms
 GET /api/realtime 200 in 373ms
 GET /api/auth/session 200 in 520ms
 GET /api/realtime 200 in 572ms
 GET /api/realtime 200 in 571ms
 GET /api/realtime 200 in 575ms
 GET /api/realtime 200 in 631ms
 GET /api/realtime 200 in 609ms
 GET /api/realtime 200 in 603ms
 GET /api/realtime 200 in 603ms
 GET /api/realtime 200 in 624ms
 GET /api/realtime 200 in 574ms
 GET /api/notifications?limit=10 200 in 651ms
 GET /api/realtime 200 in 316ms
 GET /api/auth/session 200 in 618ms
 GET /api/realtime 200 in 550ms
 ○ Compiling /api/company/stats ...
 ✓ Compiled /api/company/stats in 2.1s (1918 modules)
 GET /api/realtime 200 in 3088ms
 GET /api/realtime 200 in 3105ms
 GET /api/realtime 200 in 3106ms
 GET /api/company/stats 200 in 3450ms
 GET /api/notifications?limit=10 200 in 3047ms
 GET /api/realtime 200 in 2315ms
 GET /api/realtime 200 in 2377ms
 GET /api/realtime 200 in 2206ms
 GET /api/realtime 200 in 2711ms
 GET /api/realtime 200 in 2538ms
 GET /api/realtime 200 in 3054ms
 GET /api/realtime 200 in 2578ms
 GET /api/realtime 200 in 2917ms
 GET /api/realtime 200 in 3164ms
 GET /api/realtime 200 in 3165ms
 GET /api/realtime 200 in 2974ms
 GET /api/realtime 200 in 3023ms
 GET /api/realtime 200 in 3165ms
 GET /api/realtime 200 in 3166ms
 GET /api/realtime 200 in 3156ms
 GET /api/realtime 200 in 3167ms
 GET /api/auth/session 200 in 3020ms
 GET /api/realtime 200 in 3228ms
 GET /api/realtime 200 in 2222ms
 GET /api/realtime 200 in 459ms
 GET /api/realtime 200 in 255ms
 GET /api/realtime 200 in 264ms
 GET /api/realtime 200 in 3485ms
 GET /api/realtime 200 in 267ms
 GET /api/realtime 200 in 265ms
 GET /api/realtime 200 in 2764ms
 GET /api/realtime 200 in 3079ms
 GET /api/realtime 200 in 2931ms
 GET /api/realtime 200 in 2902ms
 GET /api/realtime 200 in 282ms
 GET /api/realtime 200 in 306ms
 GET /api/realtime 200 in 305ms
 GET /api/realtime 200 in 308ms
 GET /api/realtime 200 in 291ms
 GET /api/realtime 200 in 314ms
 GET /api/realtime 200 in 327ms
 GET /api/realtime 200 in 309ms
 GET /api/realtime 200 in 295ms
 GET /api/realtime 200 in 295ms
 GET /api/realtime 200 in 329ms
 GET /api/realtime 200 in 298ms
 GET /api/realtime 200 in 289ms
 GET /api/realtime 200 in 316ms
 GET /api/realtime 200 in 313ms
 GET /api/company/stats 200 in 338ms
 GET /api/notifications?limit=10 200 in 341ms
 GET /api/realtime 200 in 3474ms
 GET /api/auth/session 200 in 371ms
 GET /api/realtime 200 in 358ms
 GET /api/realtime 200 in 2938ms
 GET /api/realtime 200 in 375ms
 GET /api/realtime 200 in 329ms
 GET /api/realtime 200 in 329ms
 GET /api/realtime 200 in 330ms
 GET /api/realtime 200 in 330ms
 GET /api/realtime 200 in 330ms
 GET /api/realtime 200 in 335ms
 GET /api/realtime 200 in 336ms
 GET /api/realtime 200 in 337ms
 GET /api/realtime 200 in 322ms
 GET /api/realtime 200 in 337ms
 GET /api/realtime 200 in 344ms
 GET /api/realtime 200 in 343ms
 GET /api/company/stats 200 in 299ms
 GET /api/notifications?limit=10 200 in 254ms
 GET /api/realtime 200 in 341ms
 GET /api/auth/session 200 in 332ms
 GET /api/realtime 200 in 280ms
 GET /api/realtime 200 in 480ms
 GET /api/notifications?limit=10 200 in 452ms
 GET /api/realtime 200 in 469ms
 GET /api/realtime 200 in 471ms
 GET /api/realtime 200 in 465ms
 GET /api/realtime 200 in 472ms
 GET /api/realtime 200 in 464ms
 GET /api/realtime 200 in 473ms
 GET /api/realtime 200 in 473ms
 GET /api/company/stats 200 in 458ms
 GET /api/realtime 200 in 475ms
 GET /api/realtime 200 in 513ms
 GET /api/realtime 200 in 539ms
 GET /api/realtime 200 in 670ms
 GET /api/realtime 200 in 843ms
 GET /api/auth/session 200 in 615ms
 GET /api/realtime 200 in 886ms
 GET /api/realtime 200 in 728ms
 GET /api/realtime 200 in 728ms
 GET /api/notifications?limit=10 200 in 702ms
 GET /api/realtime 200 in 751ms
 GET /api/realtime 200 in 637ms
 GET /api/realtime 200 in 754ms
 GET /api/realtime 200 in 639ms
 GET /api/realtime 200 in 733ms
 GET /api/realtime 200 in 744ms
 GET /api/realtime 200 in 719ms
 GET /api/realtime 200 in 756ms
 GET /api/realtime 200 in 584ms
 GET /api/realtime 200 in 497ms
 GET /api/realtime 200 in 852ms
 GET /api/auth/session 200 in 390ms
 GET /api/realtime 200 in 315ms
 GET /api/realtime 200 in 232ms
 GET /api/realtime 200 in 203ms
 GET /api/realtime 200 in 220ms
 GET /api/notifications?limit=10 200 in 280ms
 GET /api/realtime 200 in 299ms
 GET /api/realtime 200 in 290ms
 GET /api/realtime 200 in 290ms
 GET /api/realtime 200 in 286ms
 GET /api/realtime 200 in 299ms
 GET /api/realtime 200 in 313ms
 GET /api/realtime 200 in 263ms
 GET /api/realtime 200 in 296ms
 GET /api/realtime 200 in 6661ms
 GET /api/realtime 200 in 6337ms
 GET /api/realtime 200 in 197ms
 GET /api/realtime 200 in 240ms
 GET /api/auth/session 200 in 230ms
 GET /api/realtime 200 in 206ms
 GET /api/realtime 200 in 247ms
 GET /api/realtime 200 in 208ms
 GET /api/realtime 200 in 215ms
 GET /api/realtime 200 in 6061ms
 GET /api/realtime 200 in 114ms
 GET /api/realtime 200 in 117ms
 GET /api/realtime 200 in 6862ms
 GET /api/realtime 200 in 157ms
 GET /api/realtime 200 in 6748ms
 GET /api/notifications?limit=10 200 in 123ms
 GET /api/realtime 200 in 5935ms
 GET /api/realtime 200 in 145ms
 GET /api/realtime 200 in 6704ms
 GET /api/realtime 200 in 6546ms
 GET /api/realtime 200 in 6645ms
 GET /api/realtime 200 in 6644ms
 GET /api/realtime 200 in 5829ms
 GET /api/realtime 200 in 6429ms
 GET /api/realtime 200 in 5497ms
 GET /api/realtime 200 in 216ms
 GET /api/realtime 200 in 224ms
 GET /api/realtime 200 in 238ms
 GET /api/realtime 200 in 203ms
 GET /api/notifications?limit=10 200 in 327ms
 GET /api/notifications?limit=10 200 in 302ms
 GET /api/notifications?limit=10 200 in 330ms
 GET /api/realtime 200 in 220ms
 GET /api/notifications?limit=10 200 in 423ms
 GET /api/auth/session 200 in 443ms
 GET /api/auth/session 200 in 437ms
 GET /api/auth/session 200 in 437ms
 GET /api/auth/session 200 in 374ms
 GET /api/auth/session 200 in 375ms
 GET /api/realtime 200 in 165ms
 GET /api/realtime 200 in 79ms
 GET /api/realtime 200 in 88ms
 GET /api/realtime 200 in 91ms
 GET /api/realtime 200 in 91ms
 GET /api/realtime 200 in 74ms
 GET /api/realtime 200 in 84ms
 GET /api/realtime 200 in 82ms
 GET /api/realtime 200 in 82ms
 GET /api/realtime 200 in 99ms
 GET /api/realtime 200 in 84ms
 GET /api/realtime 200 in 74ms
 GET /api/realtime 200 in 72ms
 GET /api/realtime 200 in 82ms
 GET /api/realtime 200 in 77ms
 GET /api/realtime 200 in 8863ms
 ○ Compiling /company/usage ...
 ✓ Compiled /company/usage in 2.7s (3585 modules)
 GET /company/settings 307 in 3141ms
 GET /company/invitations 200 in 3142ms
 GET /company/usage 200 in 3142ms
 GET /company/team 200 in 3169ms
 GET /dashboard 200 in 234ms
 GET /projects/project-mall-renovation 200 in 3431ms
 GET /projects/project-downtown-office 200 in 3431ms
 GET /projects/project-riverside-homes 200 in 3417ms
 ○ Compiling /api/company/invitations ...
 ✓ Compiled /api/company/invitations in 901ms (1995 modules)
 GET /api/auth/session 200 in 1844ms
 GET /api/company/invitations? 200 in 1886ms
 GET /api/notifications?limit=10 200 in 1521ms
 GET /api/realtime 200 in 1088ms
 GET /api/realtime 200 in 1122ms
 GET /api/realtime 200 in 1106ms
 GET /api/realtime 200 in 1108ms
 GET /api/company/invitations? 200 in 134ms
 GET /api/auth/session 200 in 170ms
 GET /api/realtime 200 in 200ms
 GET /api/realtime 200 in 200ms
 GET /api/notifications?limit=10 200 in 184ms
 GET /api/realtime 200 in 189ms
 GET /api/realtime 200 in 199ms
 GET /api/company/invitations? 200 in 137ms
 GET /api/realtime 200 in 139ms
 GET /api/auth/session 200 in 213ms
 GET /api/realtime 200 in 266ms
 GET /api/realtime 200 in 256ms
 GET /api/realtime 200 in 217ms
 GET /api/notifications?limit=10 200 in 229ms
 GET /api/company/invitations? 200 in 222ms
 GET /api/realtime 200 in 211ms
 GET /api/realtime 200 in 132ms
 GET /api/realtime 200 in 139ms
 GET /api/auth/session 200 in 193ms
 GET /api/notifications?limit=10 200 in 178ms
 GET /api/realtime 200 in 207ms
 GET /api/realtime 200 in 153ms
 GET /api/realtime 200 in 151ms
 GET /api/realtime 200 in 155ms
 GET /api/auth/session 200 in 201ms
 GET /api/notifications?limit=10 200 in 224ms
 GET /api/realtime 200 in 206ms
 GET /api/realtime 200 in 255ms
 GET /api/realtime 200 in 196ms
 GET /api/realtime 200 in 197ms
 GET /api/auth/session 200 in 176ms
 GET /api/notifications?limit=10 200 in 161ms
 GET /api/realtime 200 in 194ms
 GET /api/realtime 200 in 149ms
 GET /api/realtime 200 in 166ms
 GET /api/realtime 200 in 164ms
 GET /api/auth/session 200 in 194ms
 GET /api/realtime 200 in 184ms
 GET /api/notifications?limit=10 200 in 214ms
 GET /api/realtime 200 in 226ms
 GET /api/realtime 200 in 160ms
 GET /api/realtime 200 in 201ms
 GET /api/auth/session 200 in 133ms
 GET /api/realtime 200 in 167ms
 GET /api/notifications?limit=10 200 in 175ms
 GET /api/realtime 200 in 81ms
 GET /api/realtime 200 in 167ms
 GET /api/realtime 200 in 160ms
 GET /api/auth/session 200 in 179ms
 GET /api/notifications?limit=10 200 in 176ms
 GET /api/realtime 200 in 192ms
 GET /api/realtime 200 in 181ms
 GET /api/realtime 200 in 199ms
 GET /api/realtime 200 in 145ms
 GET /api/auth/session 200 in 144ms
 GET /api/realtime 200 in 164ms
 GET /api/notifications?limit=10 200 in 149ms
 GET /api/realtime 200 in 133ms
 GET /api/realtime 200 in 176ms
 GET /api/realtime 200 in 205ms
 GET /api/auth/session 200 in 157ms
 GET /api/realtime 200 in 204ms
 GET /api/realtime 200 in 210ms
 GET /api/notifications?limit=10 200 in 209ms
 GET /api/realtime 200 in 189ms
 GET /api/realtime 200 in 110ms
 GET /api/auth/session 200 in 127ms
 GET /api/realtime 200 in 123ms
 GET /api/realtime 200 in 109ms
 GET /api/realtime 200 in 121ms
 GET /api/notifications?limit=10 200 in 165ms
 GET /api/realtime 200 in 178ms
 GET /api/auth/session 200 in 187ms
 GET /api/realtime 200 in 168ms
 GET /api/realtime 200 in 171ms
 GET /api/realtime 200 in 178ms
 GET /api/notifications?limit=10 200 in 203ms
 GET /api/auth/session 200 in 127ms
 GET /api/realtime 200 in 223ms
 GET /api/realtime 200 in 134ms
 GET /api/realtime 200 in 135ms
 GET /api/notifications?limit=10 200 in 144ms
 GET /api/realtime 200 in 287ms
 GET /api/auth/session 200 in 185ms
 GET /api/realtime 200 in 179ms
 GET /api/realtime 200 in 189ms
 GET /api/realtime 200 in 237ms
 GET /api/notifications?limit=10 200 in 193ms
 GET /api/realtime 200 in 129ms
 GET /api/realtime 200 in 230ms
 GET /api/auth/session 200 in 168ms
 GET /api/realtime 200 in 175ms
 GET /api/realtime 200 in 160ms
 GET /api/realtime 200 in 153ms
 GET /api/auth/session 200 in 105ms
 GET /api/notifications?limit=10 200 in 160ms
 GET /api/realtime 200 in 148ms
 GET /api/realtime 200 in 204ms
 GET /api/realtime 200 in 4893ms
 GET /api/realtime 200 in 4929ms
 GET /api/realtime 200 in 182ms
 GET /api/auth/session 200 in 134ms
 GET /api/realtime 200 in 135ms
 GET /api/realtime 200 in 109ms
 GET /api/auth/session 200 in 97ms
 GET /api/realtime 200 in 105ms
 GET /api/realtime 200 in 144ms
 GET /api/auth/session 200 in 121ms
 GET /api/realtime 200 in 162ms
 GET /api/realtime 200 in 122ms
 GET /api/auth/session 200 in 95ms
 GET /api/realtime 200 in 98ms
 GET /api/realtime 200 in 112ms
 GET /api/auth/session 200 in 140ms
 GET /api/realtime 200 in 153ms
 GET /api/realtime 200 in 129ms
 GET /api/auth/session 200 in 108ms
 GET /api/realtime 200 in 180ms
 GET /api/auth/session 200 in 142ms
 GET /api/realtime 200 in 271ms
 GET /api/auth/session 200 in 90ms
 GET /api/realtime 200 in 101ms
 GET /api/auth/session 200 in 62ms
 GET /api/realtime 200 in 282ms
 GET /api/realtime 200 in 108ms
 GET /api/auth/session 200 in 130ms
 GET /api/realtime 200 in 143ms
 GET /api/realtime 200 in 94ms
 GET /api/realtime 200 in 6535ms
 GET /api/realtime 200 in 98ms
 GET /api/realtime 200 in 87ms
 GET /api/realtime 200 in 6693ms
 GET /api/realtime 200 in 34ms
[?25h
