  ▲ Next.js 14.2.28
  - Local:        http://localhost:3000
  - Environments: .env
  - Experiments (use with caution):
    · outputFileTracingRoot

 ✓ Starting...
 ✓ Ready in 1689ms
 ○ Compiling / ...
 ✓ Compiled / in 1970ms (596 modules)
 GET / 200 in 2489ms
 ✓ Compiled in 527ms (296 modules)
 ○ Compiling /api/auth/[...nextauth] ...
 ✓ Compiled /api/auth/[...nextauth] in 507ms (541 modules)
 GET /api/auth/providers 200 in 1022ms
 GET / 200 in 121ms
 GET /api/auth/session 200 in 82ms
 GET /api/auth/session 200 in 70ms
 ○ Compiling /signup ...
 ✓ Compiled /signup in 756ms (881 modules)
 GET /signup 200 in 965ms
 GET /login 200 in 970ms
 GET /api/auth/session 200 in 81ms
 GET /api/auth/session 200 in 54ms
 GET /api/auth/session 200 in 67ms
 GET /api/auth/session 200 in 55ms
 GET /api/auth/session 200 in 69ms
 GET /api/auth/csrf 200 in 71ms
 ✓ Compiled /api/signup in 311ms (597 modules)
 POST /api/signup 200 in 813ms
 GET / 200 in 111ms
 GET /api/auth/signin 302 in 86ms
 GET /login?callbackUrl=https://614a7c077.preview.abacusai.app 200 in 84ms
 GET /api/auth/csrf 200 in 65ms
 POST /api/auth/callback/credentials 302 in 371ms
 ✓ Compiled /middleware in 199ms (174 modules)
 ○ Compiling /dashboard ...
 ✓ Compiled /dashboard in 2.4s (2915 modules)
 GET /dashboard 200 in 2874ms
 GET / 200 in 112ms
 GET /dashboard 200 in 103ms
 ✓ Compiled /api/realtime in 462ms (1610 modules)
 ✓ Compiled (1613 modules)
 GET /api/auth/session 200 in 905ms
 GET /api/notifications?limit=10 200 in 930ms
 GET /api/realtime 200 in 659ms
 GET /api/notifications?limit=10 200 in 118ms
 GET /api/realtime 200 in 139ms
 GET /api/auth/session 200 in 110ms
 GET /api/realtime 200 in 115ms
 GET /api/notifications?limit=10 200 in 134ms
 GET /api/auth/session 200 in 175ms
 GET /api/notifications?limit=10 200 in 152ms
 GET /api/realtime 200 in 170ms
 GET /api/auth/session 200 in 117ms
 GET /api/realtime 200 in 137ms
 GET /api/auth/session 200 in 114ms
 GET /api/realtime 200 in 77ms
 GET /api/realtime 200 in 90ms
 GET /api/realtime 200 in 77ms
 GET /api/realtime 200 in 73ms
 GET /api/realtime 200 in 79ms
 GET /api/realtime 200 in 79ms
 GET /api/realtime 200 in 79ms
 GET /api/realtime 200 in 72ms
 GET /api/realtime 200 in 75ms
 GET /api/realtime 200 in 70ms
 GET /api/realtime 200 in 70ms
 GET /api/realtime 200 in 81ms
 GET /api/realtime 200 in 75ms
 GET /api/realtime 200 in 85ms
 GET /api/realtime 200 in 78ms
 GET /api/realtime 200 in 73ms
 GET /api/realtime 200 in 81ms
 GET /api/realtime 200 in 84ms
 GET /api/realtime 200 in 79ms
 GET /api/realtime 200 in 71ms
 GET /api/realtime 200 in 77ms
 GET /api/realtime 200 in 69ms
 GET /api/realtime 200 in 74ms
 GET /api/realtime 200 in 78ms
 GET /api/realtime 200 in 82ms
 GET /api/realtime 200 in 78ms
 GET /api/realtime 200 in 70ms
 GET /api/realtime 200 in 74ms
 GET /api/realtime 200 in 86ms
 GET /api/realtime 200 in 74ms
 GET /api/realtime 200 in 74ms
 GET /api/realtime 200 in 78ms
 GET /api/realtime 200 in 78ms
 GET /api/realtime 200 in 93ms
 GET /api/realtime 200 in 86ms
 GET /api/realtime 200 in 90ms
 GET /api/realtime 200 in 77ms
 GET /api/realtime 200 in 74ms
 GET /api/realtime 200 in 73ms
 GET /api/realtime 200 in 71ms
 GET /api/realtime 200 in 81ms
 GET /api/realtime 200 in 73ms
 GET /api/realtime 200 in 75ms
 GET /api/realtime 200 in 127ms
 GET /api/realtime 200 in 187ms
 GET /api/realtime 200 in 68ms
 GET /api/realtime 200 in 72ms
 GET /api/realtime 200 in 92ms
 GET /api/realtime 200 in 74ms
 GET /api/realtime 200 in 6999ms
 ○ Compiling /projects/[id] ...
 ✓ Compiled /projects/[id] in 4.5s (3586 modules)
 GET /projects/new 200 in 6016ms
 GET /inspections 200 in 6080ms
 GET /meetings 200 in 6104ms
 GET /milestones 200 in 6099ms
 GET /drawings 200 in 6089ms
 GET /materials 200 in 6089ms
 GET /equipment 200 in 6096ms
 GET /budget 200 in 6107ms
 GET /permits 200 in 6108ms
 GET /site-diary 200 in 6113ms
 GET /punch-lists 200 in 6130ms
 GET /settings 200 in 6094ms
 GET /documents 200 in 6107ms
 GET /change-orders 200 in 6044ms
 GET /time-tracking 200 in 6117ms
 GET /daily-reports 200 in 6049ms
 GET /subcontractors 200 in 6122ms
 GET /reports 200 in 6052ms
 GET /team 200 in 6142ms
 GET /defects 200 in 6126ms
 GET /submittals 200 in 6058ms
 GET /progress-claims 200 in 6128ms
 GET /company 200 in 6108ms
 GET /rfis 200 in 6058ms
 GET /projects 200 in 6062ms
 GET /safety 200 in 6153ms
 GET /tasks 200 in 6066ms
 GET /projects/project-downtown-office 200 in 6090ms
 GET /projects/project-riverside-homes 200 in 6096ms
 GET /projects/project-mall-renovation 200 in 6096ms
 GET /api/notifications?limit=10 200 in 367ms
 GET /api/auth/session 200 in 628ms
 GET /api/realtime 200 in 186ms
 GET /api/realtime 200 in 186ms
 GET /api/realtime 200 in 161ms
 GET /api/realtime 200 in 593ms
 GET /api/realtime 200 in 601ms
 GET /api/notifications?limit=10 200 in 526ms
 GET /api/realtime 200 in 251ms
 GET /api/auth/session 200 in 405ms
 GET /api/realtime 200 in 469ms
 GET /api/realtime 200 in 288ms
 GET /api/realtime 200 in 495ms
 GET /api/realtime 200 in 476ms
 GET /api/realtime 200 in 468ms
 GET /api/realtime 200 in 507ms
 GET /api/realtime 200 in 503ms
 GET /api/notifications?limit=10 200 in 612ms
 GET /api/realtime 200 in 574ms
 GET /api/auth/session 200 in 715ms
 GET /api/realtime 200 in 775ms
 GET /api/realtime 200 in 693ms
 GET /api/realtime 200 in 784ms
 GET /api/realtime 200 in 786ms
 GET /api/realtime 200 in 809ms
 GET /api/realtime 200 in 810ms
 GET /api/realtime 200 in 630ms
 GET /api/realtime 200 in 632ms
 GET /api/realtime 200 in 763ms
 GET /api/realtime 200 in 813ms
 GET /api/notifications?limit=10 200 in 720ms
 GET /api/realtime 200 in 650ms
 GET /api/realtime 200 in 762ms
 GET /api/realtime 200 in 500ms
 GET /api/realtime 200 in 508ms
 GET /api/realtime 200 in 675ms
 GET /api/realtime 200 in 530ms
 GET /api/auth/session 200 in 573ms
 GET /api/realtime 200 in 573ms
 GET /api/realtime 200 in 573ms
 GET /api/realtime 200 in 559ms
 GET /api/realtime 200 in 562ms
 GET /api/realtime 200 in 561ms
 GET /api/realtime 200 in 567ms
 GET /api/realtime 200 in 569ms
 GET /api/realtime 200 in 570ms
 GET /api/realtime 200 in 636ms
 GET /api/realtime 200 in 580ms
 GET /api/realtime 200 in 584ms
 GET /api/realtime 200 in 626ms
 GET /api/realtime 200 in 449ms
 GET /api/realtime 200 in 503ms
 GET /api/realtime 200 in 445ms
 GET /api/notifications?limit=10 200 in 681ms
 GET /api/realtime 200 in 469ms
 ○ Compiling /api/company/stats ...
 GET /api/realtime 200 in 4518ms
 GET /api/realtime 200 in 3353ms
 GET /api/realtime 200 in 3392ms
 GET /api/realtime 200 in 3983ms
 GET /api/realtime 200 in 2321ms
 GET /api/realtime 200 in 2584ms
 GET /api/realtime 200 in 2831ms
 GET /api/realtime 200 in 3241ms
 GET /api/realtime 200 in 2812ms
 GET /api/realtime 200 in 3076ms
 GET /api/realtime 200 in 2617ms
 GET /api/realtime 200 in 3490ms
 GET /api/realtime 200 in 3243ms
 GET /api/realtime 200 in 2693ms
 GET /api/realtime 200 in 3677ms
 GET /api/realtime 200 in 5818ms
 GET /api/realtime 200 in 6678ms
 ✓ Compiled /api/company/stats in 3.9s (1992 modules)
 GET /api/realtime 200 in 6421ms
 GET /api/realtime 200 in 5600ms
 GET /api/realtime 200 in 6479ms
 GET /api/realtime 200 in 6510ms
 GET /api/realtime 200 in 6598ms
 GET /api/realtime 200 in 6086ms
 GET /api/realtime 200 in 5887ms
 GET /api/auth/session 200 in 638ms
 GET /api/auth/session 200 in 638ms
 GET /api/auth/session 200 in 631ms
 GET /api/notifications?limit=10 200 in 876ms
 GET /api/notifications?limit=10 200 in 867ms
 GET /api/notifications?limit=10 200 in 866ms
 GET /api/notifications?limit=10 200 in 867ms
 GET /api/realtime 200 in 5130ms
 GET /api/realtime 200 in 99ms
 GET /api/realtime 200 in 70ms
 GET /api/realtime 200 in 66ms
 GET /api/realtime 200 in 76ms
 GET /api/realtime 200 in 68ms
 GET /api/realtime 200 in 73ms
 GET /api/realtime 200 in 84ms
 GET /api/realtime 200 in 79ms
 GET /api/realtime 200 in 75ms
 GET /api/realtime 200 in 82ms
 GET /api/realtime 200 in 72ms
 GET /api/realtime 200 in 80ms
 GET /api/realtime 200 in 68ms
 GET /api/realtime 200 in 72ms
 GET /api/realtime 200 in 69ms
 GET /api/realtime 200 in 72ms
 GET /api/realtime 200 in 78ms
 GET /api/realtime 200 in 76ms
 GET /api/realtime 200 in 79ms
 GET /api/realtime 200 in 76ms
 GET /api/realtime 200 in 80ms
 GET /api/realtime 200 in 72ms
 GET /api/realtime 200 in 74ms
 GET /api/realtime 200 in 75ms
 GET /api/realtime 200 in 71ms
 GET /api/realtime 200 in 73ms
 GET /api/realtime 200 in 74ms
 GET /api/realtime 200 in 71ms
 GET /api/realtime 200 in 77ms
 GET /api/realtime 200 in 75ms
 GET /api/realtime 200 in 73ms
 GET /api/realtime 200 in 71ms
 GET /api/realtime 200 in 118ms
 GET /api/realtime 200 in 113ms
 GET /api/realtime 200 in 74ms
 GET /api/realtime 200 in 78ms
 GET /api/realtime 200 in 72ms
 GET /api/realtime 200 in 68ms
 GET /api/realtime 200 in 9383ms
 ○ Compiling /company/settings ...
 ✓ Compiled /company/settings in 2.7s (3640 modules)
 GET /company/invitations 200 in 2875ms
 GET /company/usage 200 in 2876ms
 GET /company/team 200 in 2925ms
 GET /company/settings 307 in 2878ms
 GET /dashboard 200 in 171ms
 ○ Compiling /api/company/invitations ...
 ✓ Compiled /api/company/invitations in 776ms (2030 modules)
 GET /api/auth/session 200 in 1681ms
 GET /api/company/invitations? 200 in 1706ms
 GET /api/notifications?limit=10 200 in 1566ms
 GET /api/realtime 200 in 1094ms
 GET /api/auth/session 200 in 146ms
 GET /api/company/invitations? 200 in 144ms
 GET /api/notifications?limit=10 200 in 145ms
 GET /api/realtime 200 in 176ms
 GET /api/auth/session 200 in 168ms
 GET /api/company/invitations? 200 in 174ms
 GET /api/notifications?limit=10 200 in 179ms
 GET /api/realtime 200 in 176ms
 GET /api/auth/session 200 in 105ms
 GET /api/company/invitations? 200 in 139ms
 GET /api/notifications?limit=10 200 in 154ms
 GET /api/realtime 200 in 172ms
 GET /api/auth/session 200 in 86ms
 GET /api/realtime 200 in 93ms
 GET /api/auth/session 200 in 106ms
 GET /api/auth/session 200 in 75ms
 GET /api/realtime 200 in 109ms
 GET /api/realtime 200 in 87ms
 GET /api/auth/session 200 in 76ms
 GET /api/realtime 200 in 142ms
 GET /api/auth/session 200 in 124ms
 GET /api/realtime 200 in 98ms
 GET /api/auth/session 200 in 80ms
 GET /api/auth/session 200 in 84ms
 GET /api/realtime 200 in 113ms
 GET /api/realtime 200 in 136ms
 GET /api/auth/session 200 in 112ms
 GET /api/realtime 200 in 97ms
 GET /api/auth/session 200 in 76ms
 GET /api/auth/session 200 in 95ms
 GET /api/realtime 200 in 138ms
 GET /api/realtime 200 in 76ms
 GET /api/realtime 200 in 71ms
 GET /api/realtime 200 in 70ms
 GET /api/realtime 200 in 71ms
 GET /api/realtime 200 in 72ms
 GET /api/realtime 200 in 70ms
 GET /api/realtime 200 in 72ms
 GET /api/realtime 200 in 69ms
 GET /api/realtime 200 in 76ms
 GET /api/realtime 200 in 83ms
 GET /api/realtime 200 in 72ms
 GET /api/realtime 200 in 79ms
 GET /api/realtime 200 in 77ms
 GET /api/realtime 200 in 78ms
 GET /api/realtime 200 in 69ms
 GET /api/realtime 200 in 74ms
 GET /api/realtime 200 in 82ms
 GET /api/realtime 200 in 67ms
 GET /api/realtime 200 in 74ms
 GET /api/realtime 200 in 80ms
 GET /api/realtime 200 in 77ms
 GET /api/realtime 200 in 68ms
 GET /api/realtime 200 in 71ms
 GET /api/realtime 200 in 68ms
 GET /api/realtime 200 in 73ms
 GET /api/realtime 200 in 72ms
 GET /api/realtime 200 in 77ms
 GET /api/realtime 200 in 74ms
 GET /api/realtime 200 in 75ms
 GET /api/realtime 200 in 298ms
 GET /api/realtime 200 in 75ms
 GET /api/realtime 200 in 73ms
 GET /api/realtime 200 in 73ms
 GET /api/realtime 200 in 76ms
 GET /api/realtime 200 in 7064ms
[?25h
