  ▲ Next.js 14.2.28
  - Local:        http://localhost:3000
  - Environments: .env
  - Experiments (use with caution):
    · outputFileTracingRoot

 ✓ Starting...
 ✓ Ready in 2.3s
 ○ Compiling / ...
 ✓ Compiled / in 1615ms (596 modules)
 GET / 200 in 2149ms
 ✓ Compiled in 492ms (296 modules)
 ○ Compiling /api/auth/[...nextauth] ...
 ✓ Compiled /_not-found in 1062ms (840 modules)
 GET /api/auth/session 404 in 1255ms
 POST /api/auth/_log 404 in 1250ms
 POST /api/auth/_log 200 in 448ms
 GET / 200 in 74ms
 GET / 200 in 63ms
 GET / 200 in 82ms
 GET / 200 in 66ms
 GET / 200 in 67ms
 GET /api/auth/session 200 in 66ms
 GET /api/auth/session 200 in 56ms
 GET /api/auth/session 200 in 70ms
 GET /api/auth/session 200 in 49ms
 GET / 200 in 66ms
 GET / 200 in 64ms
 GET / 200 in 63ms
 GET / 200 in 62ms
 GET / 200 in 62ms
[?25h
