  ▲ Next.js 14.2.28
  - Local:        http://localhost:3000
  - Environments: .env
  - Experiments (use with caution):
    · outputFileTracingRoot

 ✓ Starting...
 ✓ Ready in 1493ms
 ○ Compiling / ...
 ✓ Compiled / in 1823ms (596 modules)
 GET / 200 in 2278ms
 ✓ Compiled in 474ms (296 modules)
 ✓ Compiled /api/auth/[...nextauth] in 463ms (541 modules)
 GET /api/auth/providers 200 in 924ms
 GET / 200 in 106ms
 GET /api/auth/session 200 in 52ms
 GET /api/auth/session 200 in 38ms
 ○ Compiling /signup ...
 ✓ Compiled /signup in 759ms (881 modules)
 GET /login 200 in 942ms
 GET /signup 200 in 941ms
 GET /api/auth/session 200 in 60ms
 GET /api/auth/session 200 in 40ms
 GET /api/auth/session 200 in 43ms
 GET /api/auth/session 200 in 36ms
 GET /api/auth/session 200 in 47ms
 GET /api/auth/csrf 200 in 48ms
 ✓ Compiled /api/signup in 286ms (597 modules)
 POST /api/signup 200 in 762ms
 GET / 200 in 107ms
 GET /api/auth/signin 302 in 72ms
 GET /login?callbackUrl=https://4b8f6bc33.preview.abacusai.app 200 in 61ms
 GET /api/auth/csrf 200 in 41ms
 POST /api/auth/callback/credentials 302 in 333ms
 ✓ Compiled /middleware in 198ms (174 modules)
 ○ Compiling /dashboard ...
 ✓ Compiled /dashboard in 1467ms (2857 modules)
 GET /dashboard 200 in 1917ms
 GET /dashboard 200 in 146ms
 GET / 200 in 116ms
 ✓ Compiled /api/realtime in 394ms (1581 modules)
 ✓ Compiled (1584 modules)
 GET /api/auth/session 200 in 824ms
 GET /api/notifications?limit=10 200 in 809ms
 GET /api/realtime 200 in 521ms
 GET /api/auth/session 200 in 49ms
 GET /api/notifications?limit=10 200 in 56ms
 GET /api/auth/session 200 in 59ms
 GET /api/realtime 200 in 85ms
 GET /api/notifications?limit=10 200 in 67ms
 GET /api/realtime 200 in 57ms
 GET /api/auth/session 200 in 92ms
 GET /api/realtime 200 in 103ms
 GET /api/notifications?limit=10 200 in 85ms
 GET /api/auth/session 200 in 60ms
 GET /api/auth/session 200 in 39ms
 GET /api/realtime 200 in 83ms
 GET /api/realtime 200 in 54ms
 GET /api/realtime 200 in 57ms
 GET /api/realtime 200 in 65ms
 GET /api/realtime 200 in 66ms
 GET /api/realtime 200 in 69ms
 GET /api/realtime 200 in 72ms
 GET /api/realtime 200 in 70ms
 GET /api/realtime 200 in 66ms
 GET /api/realtime 200 in 70ms
 GET /api/realtime 200 in 71ms
 GET /api/realtime 200 in 69ms
 GET /api/realtime 200 in 67ms
 GET /api/realtime 200 in 62ms
 GET /api/realtime 200 in 57ms
 GET /api/realtime 200 in 65ms
 GET /api/realtime 200 in 58ms
 GET /api/realtime 200 in 53ms
 GET /api/realtime 200 in 51ms
 GET /api/realtime 200 in 50ms
 GET /api/realtime 200 in 57ms
 GET /api/realtime 200 in 53ms
 GET /api/realtime 200 in 56ms
 GET /api/realtime 200 in 54ms
 GET /api/realtime 200 in 52ms
 GET /api/realtime 200 in 62ms
 GET /api/realtime 200 in 54ms
 GET /api/realtime 200 in 56ms
 GET /api/realtime 200 in 64ms
 GET /api/realtime 200 in 59ms
 GET /api/realtime 200 in 56ms
 GET /api/realtime 200 in 56ms
 GET /api/realtime 200 in 59ms
 GET /api/realtime 200 in 66ms
 GET /api/realtime 200 in 53ms
 GET /api/realtime 200 in 54ms
 GET /api/realtime 200 in 56ms
 GET /api/realtime 200 in 61ms
 GET /api/realtime 200 in 54ms
 GET /api/realtime 200 in 56ms
 GET /api/realtime 200 in 52ms
 GET /api/realtime 200 in 63ms
 GET /api/realtime 200 in 64ms
 GET /api/realtime 200 in 67ms
 GET /api/realtime 200 in 62ms
 GET /api/realtime 200 in 66ms
 GET /api/realtime 200 in 76ms
 GET /api/realtime 200 in 74ms
 GET /api/realtime 200 in 68ms
 GET /api/realtime 200 in 54ms
 GET /api/realtime 200 in 62ms
 GET /api/realtime 200 in 68ms
 GET /api/realtime 200 in 75ms
 GET /api/realtime 200 in 69ms
 GET /api/realtime 200 in 69ms
 GET /api/realtime 200 in 72ms
 GET /api/realtime 200 in 71ms
 GET /api/realtime 200 in 93ms
 GET /api/realtime 200 in 123ms
 GET /api/realtime 200 in 63ms
 GET /api/realtime 200 in 58ms
 GET /api/realtime 200 in 71ms
 GET /api/realtime 200 in 114ms
 GET /api/realtime 200 in 6947ms
 ○ Compiling /documents ...
 ✓ Compiled /documents in 3.6s (3457 modules)
 GET /projects/new 200 in 4516ms
 GET /budget 200 in 4573ms
 GET /materials 200 in 4569ms
 GET /meetings 200 in 4519ms
 GET /milestones 200 in 4570ms
 GET /inspections 200 in 4519ms
 GET /change-orders 200 in 4520ms
 GET /daily-reports 200 in 4520ms
 GET /equipment 200 in 4522ms
 GET /subcontractors 200 in 4578ms
 GET /punch-lists 200 in 4525ms
 GET /submittals 200 in 4527ms
 GET /documents 200 in 4515ms
 GET /rfis 200 in 4528ms
 GET /reports 200 in 4529ms
 GET /company 200 in 4530ms
 GET /team 200 in 4530ms
 GET /settings 200 in 4529ms
 GET /projects 200 in 4534ms
 GET /tasks 200 in 4536ms
 GET /time-tracking 200 in 4613ms
 GET /safety 200 in 4529ms
 GET /api/notifications?limit=10 200 in 374ms
 GET /api/realtime 200 in 212ms
 GET /api/auth/session 200 in 520ms
 GET /api/realtime 200 in 328ms
 GET /api/realtime 200 in 200ms
 GET /api/realtime 200 in 390ms
 GET /api/realtime 200 in 360ms
 GET /api/realtime 200 in 394ms
 GET /api/realtime 200 in 441ms
 GET /api/notifications?limit=10 200 in 446ms
 GET /api/realtime 200 in 459ms
 GET /api/auth/session 200 in 399ms
 GET /api/realtime 200 in 420ms
 GET /api/realtime 200 in 389ms
 ○ Compiling /api/company/stats ...
 ✓ Compiled /api/company/stats in 2.1s (1918 modules)
 GET /api/realtime 200 in 2948ms
 GET /api/realtime 200 in 2954ms
 GET /api/realtime 200 in 2955ms
 GET /api/auth/session 200 in 2801ms
 GET /api/company/stats 200 in 3184ms
 GET /api/realtime 200 in 2551ms
 GET /api/realtime 200 in 2562ms
 GET /api/realtime 200 in 2867ms
 GET /api/realtime 200 in 3076ms
 GET /api/realtime 200 in 2260ms
 GET /api/realtime 200 in 2869ms
 GET /api/realtime 200 in 2966ms
 GET /api/realtime 200 in 3067ms
 GET /api/realtime 200 in 2966ms
 GET /api/realtime 200 in 3077ms
 GET /api/realtime 200 in 3123ms
 GET /api/notifications?limit=10 200 in 2977ms
 GET /api/realtime 200 in 2140ms
 GET /api/realtime 200 in 2780ms
 GET /api/realtime 200 in 2158ms
 GET /api/realtime 200 in 2397ms
 GET /api/realtime 200 in 2027ms
 GET /api/realtime 200 in 1976ms
 GET /api/realtime 200 in 2277ms
 GET /api/realtime 200 in 363ms
 GET /api/realtime 200 in 291ms
 GET /api/realtime 200 in 266ms
 GET /api/realtime 200 in 280ms
 GET /api/realtime 200 in 283ms
 GET /api/realtime 200 in 281ms
 GET /api/realtime 200 in 282ms
 GET /api/realtime 200 in 282ms
 GET /api/realtime 200 in 283ms
 GET /api/realtime 200 in 282ms
 GET /api/realtime 200 in 284ms
 GET /api/realtime 200 in 283ms
 GET /api/realtime 200 in 302ms
 GET /api/realtime 200 in 283ms
 GET /api/realtime 200 in 292ms
 GET /api/realtime 200 in 340ms
 GET /api/realtime 200 in 287ms
 GET /api/realtime 200 in 286ms
 GET /api/realtime 200 in 295ms
 GET /api/realtime 200 in 297ms
 GET /api/auth/session 200 in 290ms
 GET /api/company/stats 200 in 296ms
 GET /api/realtime 200 in 3447ms
 GET /api/realtime 200 in 2719ms
 GET /api/notifications?limit=10 200 in 319ms
 GET /api/realtime 200 in 276ms
 GET /api/realtime 200 in 280ms
 GET /api/realtime 200 in 204ms
 GET /api/realtime 200 in 211ms
 GET /api/realtime 200 in 205ms
 GET /api/realtime 200 in 212ms
 GET /api/realtime 200 in 220ms
 GET /api/realtime 200 in 219ms
 GET /api/realtime 200 in 214ms
 GET /api/realtime 200 in 208ms
 GET /api/realtime 200 in 216ms
 GET /api/realtime 200 in 221ms
 GET /api/realtime 200 in 223ms
 GET /api/realtime 200 in 216ms
 GET /api/realtime 200 in 222ms
 GET /api/auth/session 200 in 184ms
 GET /api/realtime 200 in 225ms
 GET /api/realtime 200 in 219ms
 GET /api/realtime 200 in 208ms
 GET /api/realtime 200 in 198ms
 GET /api/company/stats 200 in 193ms
 GET /api/notifications?limit=10 200 in 205ms
 GET /api/realtime 200 in 157ms
 GET /api/realtime 200 in 2896ms
 GET /api/realtime 200 in 2839ms
 GET /api/realtime 200 in 182ms
 GET /api/realtime 200 in 148ms
 GET /api/realtime 200 in 150ms
 GET /api/realtime 200 in 143ms
 GET /api/realtime 200 in 152ms
 GET /api/auth/session 200 in 234ms
 GET /api/realtime 200 in 275ms
 GET /api/realtime 200 in 268ms
 GET /api/realtime 200 in 282ms
 GET /api/realtime 200 in 266ms
 GET /api/realtime 200 in 267ms
 GET /api/realtime 200 in 267ms
 GET /api/realtime 200 in 272ms
 GET /api/realtime 200 in 272ms
 GET /api/realtime 200 in 273ms
 GET /api/realtime 200 in 280ms
 GET /api/company/stats 200 in 247ms
 GET /api/realtime 200 in 278ms
 GET /api/notifications?limit=10 200 in 244ms
 GET /api/realtime 200 in 240ms
 GET /api/realtime 200 in 238ms
 GET /api/realtime 200 in 231ms
 GET /api/realtime 200 in 232ms
 GET /api/realtime 200 in 224ms
 GET /api/realtime 200 in 238ms
 GET /api/realtime 200 in 166ms
 GET /api/realtime 200 in 173ms
 GET /api/realtime 200 in 184ms
 GET /api/realtime 200 in 164ms
 GET /api/realtime 200 in 163ms
 GET /api/realtime 200 in 165ms
 GET /api/realtime 200 in 166ms
 GET /api/realtime 200 in 166ms
 GET /api/realtime 200 in 182ms
 GET /api/realtime 200 in 195ms
 GET /api/auth/session 200 in 182ms
 GET /api/notifications?limit=10 200 in 212ms
 GET /api/realtime 200 in 281ms
 GET /api/realtime 200 in 250ms
 GET /api/realtime 200 in 299ms
 GET /api/realtime 200 in 269ms
 GET /api/realtime 200 in 277ms
 GET /api/realtime 200 in 278ms
 GET /api/realtime 200 in 510ms
 GET /api/realtime 200 in 591ms
 GET /api/realtime 200 in 512ms
 GET /api/realtime 200 in 528ms
 GET /api/realtime 200 in 513ms
 GET /api/realtime 200 in 525ms
 GET /api/realtime 200 in 513ms
 GET /api/realtime 200 in 513ms
 GET /api/realtime 200 in 514ms
 GET /api/realtime 200 in 529ms
 GET /api/auth/session 200 in 520ms
 GET /api/realtime 200 in 536ms
 GET /api/realtime 200 in 587ms
 GET /api/notifications?limit=10 200 in 693ms
 GET /api/realtime 200 in 668ms
 GET /api/realtime 200 in 604ms
 GET /api/realtime 200 in 607ms
 GET /api/realtime 200 in 613ms
 GET /api/realtime 200 in 669ms
 GET /api/realtime 200 in 6174ms
 GET /api/realtime 200 in 6301ms
 GET /api/realtime 200 in 620ms
 GET /api/realtime 200 in 501ms
 GET /api/realtime 200 in 622ms
 GET /api/realtime 200 in 6104ms
 GET /api/realtime 200 in 622ms
 GET /api/auth/session 200 in 608ms
 GET /api/realtime 200 in 328ms
 GET /api/realtime 200 in 1000ms
 GET /api/realtime 200 in 748ms
 GET /api/realtime 200 in 787ms
 GET /api/notifications?limit=10 200 in 503ms
 GET /api/realtime 200 in 798ms
 GET /api/realtime 200 in 810ms
 GET /api/realtime 200 in 1285ms
 GET /api/realtime 200 in 1217ms
 GET /api/realtime 200 in 1315ms
 GET /api/realtime 200 in 250ms
 GET /api/realtime 200 in 249ms
 GET /api/realtime 200 in 254ms
 GET /api/realtime 200 in 301ms
 GET /api/realtime 200 in 356ms
 GET /api/realtime 200 in 356ms
 GET /api/auth/session 200 in 409ms
 GET /api/auth/session 200 in 406ms
 GET /api/auth/session 200 in 393ms
 GET /api/auth/session 200 in 387ms
 GET /api/auth/session 200 in 388ms
 GET /api/auth/session 200 in 383ms
 GET /api/auth/session 200 in 378ms
 GET /api/auth/session 200 in 379ms
 GET /api/auth/session 200 in 379ms
 GET /api/auth/session 200 in 380ms
 GET /api/auth/session 200 in 381ms
 GET /api/auth/session 200 in 380ms
 GET /api/auth/session 200 in 381ms
 GET /api/auth/session 200 in 382ms
 GET /api/auth/session 200 in 382ms
 GET /api/auth/session 200 in 386ms
 GET /api/auth/session 200 in 385ms
 GET /api/auth/session 200 in 386ms
 GET /api/auth/session 200 in 387ms
 GET /api/auth/session 200 in 382ms
 GET /api/auth/session 200 in 376ms
 GET /api/auth/session 200 in 348ms
 GET /api/auth/session 200 in 336ms
 GET /api/auth/session 200 in 310ms
 GET /api/auth/session 200 in 311ms
 GET /api/auth/session 200 in 299ms
 GET /api/auth/session 200 in 299ms
 GET /api/realtime 200 in 6676ms
 GET /api/auth/session 200 in 486ms
 GET /api/auth/session 200 in 485ms
 GET /api/auth/session 200 in 467ms
 GET /api/realtime 200 in 5715ms
 GET /api/auth/session 200 in 472ms
 GET /api/auth/session 200 in 468ms
 GET /api/auth/session 200 in 486ms
 GET /api/auth/session 200 in 469ms
 GET /api/auth/session 200 in 488ms
 GET /api/realtime 200 in 332ms
 GET /api/auth/session 200 in 488ms
 GET /api/realtime 200 in 7141ms
 GET /api/auth/session 200 in 489ms
 GET /api/realtime 200 in 5786ms
 GET /api/auth/session 200 in 448ms
 GET /api/auth/session 200 in 487ms
 GET /api/auth/session 200 in 486ms
 GET /api/auth/session 200 in 490ms
 GET /api/realtime 200 in 7008ms
 GET /api/auth/session 200 in 489ms
 GET /api/auth/session 200 in 470ms
 GET /api/auth/session 200 in 487ms
 GET /api/realtime 200 in 531ms
 GET /api/auth/session 200 in 492ms
 GET /api/auth/session 200 in 494ms
 GET /api/auth/session 200 in 494ms
 GET /api/auth/session 200 in 494ms
 GET /api/auth/session 200 in 496ms
 GET /api/auth/session 200 in 497ms
 GET /api/auth/session 200 in 497ms
 GET /api/auth/session 200 in 498ms
 GET /api/auth/session 200 in 499ms
 GET /api/auth/session 200 in 499ms
 GET /api/auth/session 200 in 500ms
 GET /api/auth/session 200 in 499ms
 GET /api/auth/session 200 in 500ms
 GET /api/auth/session 200 in 501ms
 GET /api/auth/session 200 in 502ms
 GET /api/auth/session 200 in 504ms
 GET /api/auth/session 200 in 504ms
 GET /api/auth/session 200 in 505ms
 GET /api/auth/session 200 in 512ms
 GET /api/auth/session 200 in 514ms
 GET /api/auth/session 200 in 515ms
 GET /api/auth/session 200 in 516ms
 GET /api/auth/session 200 in 517ms
 GET /api/auth/session 200 in 517ms
 GET /api/auth/session 200 in 517ms
 GET /api/auth/session 200 in 518ms
 GET /api/auth/session 200 in 519ms
 GET /api/auth/session 200 in 509ms
 GET /api/auth/session 200 in 506ms
 GET /api/auth/session 200 in 506ms
 GET /api/auth/session 200 in 507ms
 GET /api/auth/session 200 in 507ms
 GET /api/auth/session 200 in 508ms
 GET /api/auth/session 200 in 509ms
 GET /api/realtime 200 in 6617ms
 GET /api/realtime 200 in 5685ms
 GET /api/realtime 200 in 328ms
 GET /api/realtime 200 in 6675ms
 GET /api/realtime 200 in 329ms
 GET /api/realtime 200 in 486ms
 GET /api/realtime 200 in 5601ms
 GET /api/realtime 200 in 489ms
 GET /api/realtime 200 in 6805ms
 GET /api/realtime 200 in 6678ms
 GET /api/realtime 200 in 490ms
 GET /api/realtime 200 in 490ms
 GET /api/realtime 200 in 6196ms
 GET /api/realtime 200 in 327ms
 GET /api/realtime 200 in 6837ms
 GET /api/realtime 200 in 442ms
 GET /api/notifications?limit=10 200 in 430ms
 GET /api/notifications?limit=10 200 in 423ms
 GET /api/notifications?limit=10 200 in 422ms
 GET /api/notifications?limit=10 200 in 416ms
 GET /api/auth/session 200 in 293ms
 GET /api/auth/session 200 in 292ms
 GET /api/realtime 200 in 208ms
 GET /api/realtime 200 in 56ms
 GET /api/realtime 200 in 67ms
 GET /api/realtime 200 in 53ms
 GET /api/realtime 200 in 55ms
 GET /api/realtime 200 in 63ms
 GET /api/realtime 200 in 58ms
 GET /api/realtime 200 in 51ms
 GET /api/realtime 200 in 61ms
 GET /api/realtime 200 in 57ms
 GET /api/realtime 200 in 128ms
 GET /api/realtime 200 in 128ms
 GET /api/realtime 200 in 62ms
 GET /api/realtime 200 in 59ms
 GET /api/realtime 200 in 55ms
 GET /api/realtime 200 in 56ms
 GET /api/realtime 200 in 61ms
 GET /api/realtime 200 in 58ms
 GET /api/realtime 200 in 7911ms
 GET /api/realtime 200 in 35ms
 ○ Compiling /company/team ...
 ✓ Compiled /company/team in 2.8s (3585 modules)
 GET /company/invitations 200 in 3154ms
 GET /company/usage 200 in 3155ms
 GET /company/team 200 in 3141ms
 GET /company/settings 307 in 3141ms
 GET /dashboard 200 in 226ms
 GET /projects/project-mall-renovation 200 in 3424ms
 GET /projects/project-riverside-homes 200 in 3424ms
 GET /projects/project-downtown-office 200 in 3426ms
 ○ Compiling /api/company/invitations ...
 ✓ Compiled /api/company/invitations in 858ms (1995 modules)
 GET /api/realtime 200 in 941ms
 GET /api/realtime 200 in 940ms
 GET /api/realtime 200 in 942ms
 GET /api/realtime 200 in 941ms
 GET /api/auth/session 200 in 1696ms
 GET /api/notifications?limit=10 200 in 1396ms
 GET /api/company/invitations? 200 in 1781ms
 GET /api/realtime 200 in 103ms
 GET /api/realtime 200 in 175ms
 GET /api/realtime 200 in 184ms
 GET /api/realtime 200 in 184ms
 GET /api/notifications?limit=10 200 in 169ms
 GET /api/company/invitations? 200 in 163ms
 GET /api/auth/session 200 in 158ms
 GET /api/realtime 200 in 125ms
 GET /api/notifications?limit=10 200 in 141ms
 GET /api/realtime 200 in 160ms
 GET /api/realtime 200 in 159ms
 GET /api/realtime 200 in 161ms
 GET /api/auth/session 200 in 136ms
 GET /api/company/invitations? 200 in 140ms
 GET /api/realtime 200 in 149ms
 GET /api/realtime 200 in 137ms
 GET /api/notifications?limit=10 200 in 139ms
 GET /api/realtime 200 in 173ms
 GET /api/realtime 200 in 175ms
 GET /api/auth/session 200 in 144ms
 GET /api/company/invitations? 200 in 143ms
 GET /api/realtime 200 in 154ms
 GET /api/realtime 200 in 126ms
 GET /api/notifications?limit=10 200 in 130ms
 GET /api/realtime 200 in 171ms
 GET /api/realtime 200 in 193ms
 GET /api/auth/session 200 in 155ms
 GET /api/realtime 200 in 127ms
 GET /api/realtime 200 in 124ms
 GET /api/notifications?limit=10 200 in 126ms
 GET /api/realtime 200 in 130ms
 GET /api/realtime 200 in 135ms
 GET /api/realtime 200 in 56ms
 GET /api/auth/session 200 in 144ms
 GET /api/realtime 200 in 110ms
 GET /api/notifications?limit=10 200 in 118ms
 GET /api/realtime 200 in 141ms
 GET /api/realtime 200 in 135ms
 GET /api/realtime 200 in 166ms
 GET /api/auth/session 200 in 127ms
 GET /api/realtime 200 in 136ms
 GET /api/notifications?limit=10 200 in 127ms
 GET /api/realtime 200 in 129ms
 GET /api/realtime 200 in 169ms
 GET /api/realtime 200 in 132ms
 GET /api/auth/session 200 in 133ms
 GET /api/realtime 200 in 111ms
 GET /api/realtime 200 in 100ms
 GET /api/notifications?limit=10 200 in 123ms
 GET /api/realtime 200 in 139ms
 GET /api/realtime 200 in 130ms
 GET /api/auth/session 200 in 170ms
 GET /api/realtime 200 in 166ms
 GET /api/realtime 200 in 209ms
 GET /api/notifications?limit=10 200 in 155ms
 GET /api/realtime 200 in 156ms
 GET /api/realtime 200 in 206ms
 GET /api/auth/session 200 in 153ms
 GET /api/realtime 200 in 100ms
 GET /api/realtime 200 in 169ms
 GET /api/realtime 200 in 130ms
 GET /api/notifications?limit=10 200 in 149ms
 GET /api/realtime 200 in 62ms
 GET /api/realtime 200 in 153ms
 GET /api/auth/session 200 in 167ms
 GET /api/realtime 200 in 154ms
 GET /api/realtime 200 in 154ms
 GET /api/notifications?limit=10 200 in 143ms
 GET /api/realtime 200 in 113ms
 GET /api/realtime 200 in 134ms
 GET /api/auth/session 200 in 91ms
 GET /api/realtime 200 in 111ms
 GET /api/notifications?limit=10 200 in 135ms
 GET /api/realtime 200 in 149ms
 GET /api/realtime 200 in 158ms
 GET /api/realtime 200 in 169ms
 GET /api/auth/session 200 in 183ms
 GET /api/realtime 200 in 181ms
 GET /api/realtime 200 in 182ms
 GET /api/notifications?limit=10 200 in 172ms
 GET /api/realtime 200 in 158ms
 GET /api/auth/session 200 in 129ms
 GET /api/realtime 200 in 105ms
 GET /api/realtime 200 in 161ms
 GET /api/realtime 200 in 125ms
 GET /api/notifications?limit=10 200 in 123ms
 GET /api/realtime 200 in 68ms
 GET /api/realtime 200 in 129ms
 GET /api/realtime 200 in 154ms
 GET /api/auth/session 200 in 129ms
 GET /api/notifications?limit=10 200 in 129ms
 GET /api/realtime 200 in 144ms
 GET /api/realtime 200 in 124ms
 GET /api/realtime 200 in 145ms
 GET /api/realtime 200 in 132ms
 GET /api/auth/session 200 in 95ms
 GET /api/realtime 200 in 111ms
 GET /api/realtime 200 in 89ms
 GET /api/realtime 200 in 112ms
 GET /api/auth/session 200 in 83ms
 GET /api/realtime 200 in 102ms
 GET /api/realtime 200 in 134ms
 GET /api/realtime 200 in 95ms
 GET /api/realtime 200 in 134ms
 GET /api/auth/session 200 in 93ms
 GET /api/realtime 200 in 124ms
 GET /api/realtime 200 in 276ms
 GET /api/realtime 200 in 156ms
 GET /api/auth/session 200 in 122ms
 GET /api/realtime 200 in 89ms
 GET /api/realtime 200 in 250ms
 GET /api/realtime 200 in 92ms
 GET /api/auth/session 200 in 68ms
 GET /api/realtime 200 in 84ms
 GET /api/realtime 200 in 80ms
 GET /api/realtime 200 in 103ms
 GET /api/realtime 200 in 114ms
 GET /api/realtime 200 in 124ms
 GET /api/auth/session 200 in 92ms
 GET /api/realtime 200 in 109ms
 GET /api/realtime 200 in 95ms
 GET /api/realtime 200 in 91ms
 GET /api/realtime 200 in 143ms
 GET /api/auth/session 200 in 70ms
 GET /api/realtime 200 in 57ms
 GET /api/realtime 200 in 4888ms
 GET /api/auth/session 200 in 62ms
 GET /api/realtime 200 in 92ms
 GET /api/realtime 200 in 94ms
 GET /api/realtime 200 in 96ms
 GET /api/realtime 200 in 85ms
 GET /api/realtime 200 in 112ms
 GET /api/realtime 200 in 5093ms
 GET /api/auth/session 200 in 101ms
 GET /api/realtime 200 in 145ms
 GET /api/auth/session 200 in 78ms
 GET /api/realtime 200 in 116ms
 GET /api/realtime 200 in 86ms
 GET /api/realtime 200 in 75ms
 GET /api/auth/session 200 in 60ms
 GET /api/realtime 200 in 88ms
 GET /api/realtime 200 in 68ms
 GET /api/auth/session 200 in 79ms
 GET /api/realtime 200 in 126ms
 GET /api/realtime 200 in 84ms
 GET /api/auth/session 200 in 63ms
 GET /api/realtime 200 in 109ms
 GET /api/auth/session 200 in 105ms
 GET /api/realtime 200 in 146ms
 GET /api/realtime 200 in 81ms
 GET /api/realtime 200 in 81ms
 GET /api/realtime 200 in 133ms
 GET /api/realtime 200 in 265ms
 GET /api/realtime 200 in 141ms
 GET /api/realtime 200 in 72ms
 GET /api/realtime 200 in 86ms
 GET /api/realtime 200 in 72ms
 GET /api/realtime 200 in 67ms
 GET /api/realtime 200 in 70ms
 GET /api/realtime 200 in 67ms
 GET /api/realtime 200 in 76ms
 GET /api/realtime 200 in 66ms
 GET /api/realtime 200 in 6572ms
 GET /api/realtime 200 in 36ms
 GET /api/realtime 200 in 6572ms
 GET /api/realtime 200 in 70ms
 ✓ Compiled in 1497ms (3378 modules)
[?25h
