  ▲ Next.js 14.2.28
  - Local:        http://localhost:3000
  - Environments: .env
  - Experiments (use with caution):
    · outputFileTracingRoot

 ✓ Starting...
 ✓ Ready in 2.3s
 ○ Compiling / ...
 ✓ Compiled / in 2.1s (611 modules)
 GET / 200 in 2777ms
 ✓ Compiled in 666ms (297 modules)
 ✓ Compiled /api/auth/[...nextauth] in 493ms (555 modules)
 GET /api/auth/providers 200 in 1038ms
 GET / 200 in 147ms
 GET /api/auth/session 200 in 100ms
 GET /api/auth/session 200 in 80ms
 ○ Compiling /signup ...
 ✓ Compiled /signup in 1582ms (912 modules)
 GET / 200 in 1848ms
 GET /signup 200 in 1932ms
 GET /login 200 in 1947ms
 GET / 200 in 128ms
 GET / 200 in 131ms
 GET /api/auth/session 200 in 146ms
 GET /api/auth/session 200 in 98ms
 GET /api/auth/session 200 in 239ms
 GET /api/auth/session 200 in 91ms
 GET /api/auth/session 200 in 81ms
 GET /api/auth/session 200 in 98ms
 GET /api/auth/session 200 in 79ms
 GET /api/auth/session 200 in 79ms
 GET /api/auth/session 200 in 91ms
 GET /api/auth/session 200 in 73ms
 GET /api/auth/session 200 in 78ms
 GET /api/auth/session 200 in 91ms
 GET /api/auth/session 200 in 73ms
 GET /api/auth/session 200 in 80ms
 GET /api/auth/session 200 in 92ms
 GET /api/auth/session 200 in 83ms
 GET /api/auth/session 200 in 81ms
 GET /api/auth/session 200 in 99ms
 GET /api/auth/csrf 200 in 92ms
 ✓ Compiled /api/signup in 172ms (619 modules)
 POST /api/signup 200 in 692ms
 GET / 200 in 147ms
 GET /api/auth/signin 302 in 117ms
 GET /login?callbackUrl=https://2aa0dff87.preview.abacusai.app 200 in 111ms
 GET /api/auth/csrf 200 in 87ms
 POST /api/auth/callback/credentials 302 in 406ms
 ✓ Compiled /middleware in 400ms (174 modules)
 ○ Compiling /dashboard ...
 ✓ Compiled /dashboard in 1543ms (1897 modules)
 GET /dashboard 200 in 1892ms
 GET / 200 in 187ms
 GET /dashboard 200 in 170ms
 GET /api/auth/session 200 in 205ms
 ✓ Compiled /api/realtime in 322ms (1108 modules)
 ✓ Compiled (1111 modules)
 GET /api/auth/session 200 in 798ms
 GET /api/notifications?limit=10 200 in 915ms
 GET /api/realtime 200 in 712ms
 GET /api/auth/session 200 in 163ms
 GET /api/notifications?limit=10 200 in 165ms
 GET /api/realtime 200 in 175ms
 GET /api/auth/session 200 in 207ms
 GET /api/notifications?limit=10 200 in 191ms
 GET /api/realtime 200 in 232ms
 GET /api/auth/session 200 in 161ms
 GET /api/notifications?limit=10 200 in 165ms
 GET /api/realtime 200 in 170ms
 GET /api/auth/session 200 in 154ms
 GET /api/realtime 200 in 158ms
 GET /api/realtime 200 in 106ms
 GET /api/realtime 200 in 132ms
 GET /api/realtime 200 in 137ms
 GET /api/realtime 200 in 102ms
 GET /api/realtime 200 in 109ms
 GET /api/realtime 200 in 118ms
 GET /api/realtime 200 in 111ms
 GET /api/realtime 200 in 106ms
 GET /api/realtime 200 in 102ms
 GET /api/realtime 200 in 102ms
 GET /api/realtime 200 in 103ms
 GET /api/realtime 200 in 342ms
 GET /api/realtime 200 in 115ms
 GET /api/realtime 200 in 115ms
 GET /api/realtime 200 in 99ms
 GET /api/realtime 200 in 4094ms
 GET /api/realtime 200 in 39ms
 ○ Compiling /tasks ...
 ✓ Compiled /tasks in 3.9s (3551 modules)
 GET /meetings 200 in 5170ms
 GET /projects/new 200 in 5024ms
 GET /budget 200 in 5144ms
 GET /documents 200 in 5091ms
 GET /settings 200 in 5026ms
 GET /equipment 200 in 5091ms
 GET /safety 200 in 5094ms
 GET /team 200 in 5095ms
 GET /rfis 200 in 5029ms
 GET /company 200 in 5097ms
 GET /reports 200 in 5097ms
 GET /daily-reports 200 in 5030ms
 GET /projects 200 in 5181ms
 GET /tasks 200 in 5038ms
 GET /projects/project-mall-renovation 200 in 5112ms
 GET /projects/project-riverside-homes 200 in 5039ms
 GET /projects/project-downtown-office 200 in 5053ms
 GET /api/notifications?limit=10 200 in 455ms
 GET /api/realtime 200 in 255ms
 GET /api/auth/session 200 in 483ms
 GET /api/realtime 200 in 595ms
 ○ Compiling /api/company/stats ...
 ✓ Compiled /api/company/stats in 2.3s (1962 modules)
 GET /api/realtime 200 in 3267ms
 GET /api/realtime 200 in 3463ms
 GET /api/realtime 200 in 3296ms
 GET /api/realtime 200 in 3345ms
 GET /api/notifications?limit=10 200 in 3281ms
 GET /api/realtime 200 in 3505ms
 GET /api/realtime 200 in 3505ms
 GET /api/realtime 200 in 3595ms
 GET /api/realtime 200 in 3347ms
 GET /api/realtime 200 in 3546ms
 GET /api/realtime 200 in 3978ms
 GET /api/notifications?limit=10 200 in 587ms
 GET /api/notifications?limit=10 200 in 587ms
 GET /api/realtime 200 in 3233ms
 GET /api/realtime 200 in 2974ms
 GET /api/notifications?limit=10 200 in 587ms
 GET /api/notifications?limit=10 200 in 589ms
 GET /api/auth/session 200 in 609ms
 GET /api/auth/session 200 in 626ms
 GET /api/notifications?limit=10 200 in 596ms
 GET /api/notifications?limit=10 200 in 596ms
 GET /api/realtime 200 in 2812ms
 GET /api/notifications?limit=10 200 in 596ms
 GET /api/auth/session 200 in 582ms
 GET /api/notifications?limit=10 200 in 596ms
 GET /api/realtime 200 in 3555ms
 GET /api/realtime 200 in 3893ms
 GET /api/notifications?limit=10 200 in 676ms
 GET /api/notifications?limit=10 200 in 664ms
 GET /api/realtime 200 in 3100ms
 GET /api/notifications?limit=10 200 in 677ms
 GET /api/auth/session 200 in 648ms
 GET /api/auth/session 200 in 647ms
 GET /api/auth/session 200 in 646ms
 GET /api/auth/session 200 in 646ms
 GET /api/notifications?limit=10 200 in 700ms
 GET /api/auth/session 200 in 648ms
 GET /api/realtime 200 in 3916ms
 GET /api/notifications?limit=10 200 in 702ms
 GET /api/notifications?limit=10 200 in 703ms
 GET /api/notifications?limit=10 200 in 699ms
 GET /api/realtime 200 in 4212ms
 GET /api/notifications?limit=10 200 in 679ms
 GET /api/auth/session 200 in 648ms
 GET /api/auth/session 200 in 594ms
 GET /api/company/stats 200 in 3981ms
 GET /api/realtime 200 in 4070ms
 GET /api/auth/session 200 in 629ms
 GET /api/realtime 200 in 2926ms
 GET /api/realtime 200 in 3194ms
 GET /api/auth/session 200 in 657ms
 GET /api/auth/session 200 in 659ms
 GET /api/realtime 200 in 4041ms
 GET /api/notifications?limit=10 200 in 711ms
 GET /api/auth/session 200 in 659ms
 GET /api/notifications?limit=10 200 in 712ms
 GET /api/notifications?limit=10 200 in 621ms
 GET /api/notifications?limit=10 200 in 621ms
 GET /api/notifications?limit=10 200 in 712ms
 GET /api/notifications?limit=10 200 in 712ms
 GET /api/auth/session 200 in 661ms
 GET /api/realtime 200 in 3853ms
 GET /api/auth/session 200 in 661ms
 GET /api/notifications?limit=10 200 in 622ms
 GET /api/notifications?limit=10 200 in 623ms
 GET /api/auth/session 200 in 663ms
 GET /api/auth/session 200 in 647ms
 GET /api/notifications?limit=10 200 in 627ms
 GET /api/realtime 200 in 3165ms
 GET /api/notifications?limit=10 200 in 628ms
 GET /api/notifications?limit=10 200 in 628ms
 GET /api/auth/session 200 in 637ms
 GET /api/auth/session 200 in 615ms
 GET /api/realtime 200 in 2882ms
 GET /api/notifications?limit=10 200 in 638ms
 GET /api/realtime 200 in 3795ms
 GET /api/notifications?limit=10 200 in 1180ms
 GET /api/notifications?limit=10 200 in 1156ms
 GET /api/realtime 200 in 3969ms
 GET /api/notifications?limit=10 200 in 1171ms
 GET /api/auth/session 200 in 1172ms
 GET /api/notifications?limit=10 200 in 1184ms
 GET /api/auth/session 200 in 1173ms
 GET /api/auth/session 200 in 1211ms
 GET /api/auth/session 200 in 1213ms
 GET /api/auth/session 200 in 1215ms
 GET /api/notifications?limit=10 200 in 1362ms
 GET /api/notifications?limit=10 200 in 1313ms
 GET /api/notifications?limit=10 200 in 1312ms
 GET /api/notifications?limit=10 200 in 1312ms
 GET /api/realtime 200 in 155ms
 GET /api/realtime 200 in 106ms
 GET /api/realtime 200 in 107ms
 GET /api/realtime 200 in 108ms
 GET /api/realtime 200 in 103ms
 GET /api/realtime 200 in 108ms
 GET /api/realtime 200 in 114ms
 GET /api/realtime 200 in 110ms
 GET /api/realtime 200 in 107ms
 GET /api/realtime 200 in 110ms
 GET /api/realtime 200 in 114ms
 GET /api/realtime 200 in 91ms
 GET /api/realtime 200 in 93ms
 GET /api/realtime 200 in 97ms
 GET /api/realtime 200 in 97ms
 GET /api/realtime 200 in 97ms
 GET /api/realtime 200 in 206ms
 GET /api/realtime 200 in 103ms
 GET /api/realtime 200 in 102ms
 GET /api/realtime 200 in 107ms
 GET /api/realtime 200 in 7603ms
 ○ Compiling /change-orders ...
 ✓ Compiled /change-orders in 2.7s (3639 modules)
 GET /change-orders 200 in 3144ms
 GET /company/invitations 200 in 3185ms
 GET /submittals 200 in 3185ms
 GET /company/team 200 in 3169ms
 GET /company/usage 200 in 3186ms
 GET /company/settings 307 in 3186ms
 GET /dashboard 200 in 254ms
 ○ Compiling /api/company/invitations ...
 ✓ Compiled /api/company/invitations in 863ms (2020 modules)
 GET /api/auth/session 200 in 1715ms
 GET /api/company/invitations? 200 in 1775ms
 GET /api/notifications?limit=10 200 in 1775ms
 GET /api/realtime 200 in 1433ms
 GET /api/realtime 200 in 1095ms
 GET /api/realtime 200 in 1364ms
 GET /api/realtime 200 in 283ms
 GET /api/realtime 200 in 285ms
 GET /api/realtime 200 in 300ms
 GET /api/auth/session 200 in 271ms
 GET /api/company/invitations? 200 in 292ms
 GET /api/notifications?limit=10 200 in 294ms
 GET /api/realtime 200 in 144ms
 GET /api/auth/session 200 in 238ms
 GET /api/company/invitations? 200 in 255ms
 GET /api/notifications?limit=10 200 in 263ms
 GET /api/realtime 200 in 297ms
 GET /api/realtime 200 in 299ms
 GET /api/realtime 200 in 155ms
 GET /api/realtime 200 in 268ms
 GET /api/realtime 200 in 269ms
 GET /api/auth/session 200 in 256ms
 GET /api/company/invitations? 200 in 260ms
 GET /api/notifications?limit=10 200 in 251ms
 GET /api/realtime 200 in 259ms
 GET /api/auth/session 200 in 206ms
 GET /api/realtime 200 in 259ms
 GET /api/realtime 200 in 260ms
 GET /api/notifications?limit=10 200 in 244ms
 GET /api/realtime 200 in 251ms
 GET /api/auth/session 200 in 219ms
 GET /api/realtime 200 in 268ms
 GET /api/notifications?limit=10 200 in 358ms
 GET /api/realtime 200 in 404ms
 GET /api/realtime 200 in 216ms
 GET /api/realtime 200 in 516ms
 GET /api/auth/session 200 in 353ms
 GET /api/notifications?limit=10 200 in 258ms
 GET /api/realtime 200 in 170ms
 GET /api/realtime 200 in 347ms
 GET /api/realtime 200 in 3848ms
 GET /api/notifications?limit=10 200 in 242ms
 GET /api/realtime 200 in 3921ms
 GET /api/realtime 200 in 240ms
 GET /api/auth/session 200 in 383ms
 GET /api/realtime 200 in 486ms
 GET /api/auth/session 200 in 156ms
 GET /api/notifications?limit=10 200 in 175ms
 GET /api/realtime 200 in 169ms
 GET /api/auth/session 200 in 205ms
 GET /api/notifications?limit=10 200 in 250ms
 GET /api/realtime 200 in 218ms
 GET /api/realtime 200 in 4335ms
 GET /api/auth/session 200 in 135ms
 GET /api/auth/session 200 in 121ms
 GET /api/auth/session 200 in 82ms
[?25h
