  ▲ Next.js 14.2.28
  - Local:        http://localhost:3000
  - Environments: .env
  - Experiments (use with caution):
    · outputFileTracingRoot

 ✓ Starting...
 ✓ Ready in 1620ms
 ○ Compiling / ...
 ✓ Compiled / in 1854ms (596 modules)
 GET / 200 in 2351ms
 ✓ Compiled in 506ms (296 modules)
 ✓ Compiled /api/auth/[...nextauth] in 478ms (541 modules)
 GET /api/auth/providers 200 in 959ms
 GET / 200 in 111ms
 GET /api/auth/session 200 in 63ms
 GET /api/auth/session 200 in 61ms
 ○ Compiling /signup ...
 ✓ Compiled /signup in 683ms (881 modules)
 GET /login 200 in 887ms
 GET /signup 200 in 877ms
 GET /api/auth/session 200 in 67ms
 GET /api/auth/session 200 in 49ms
 GET /api/auth/session 200 in 49ms
 GET /api/auth/session 200 in 53ms
 GET /api/auth/session 200 in 60ms
 GET /api/auth/csrf 200 in 60ms
 ✓ Compiled /api/signup in 297ms (597 modules)
 POST /api/signup 200 in 780ms
 GET / 200 in 91ms
 GET /api/auth/signin 302 in 73ms
 GET /login?callbackUrl=https://4b8f6bc33.preview.abacusai.app 200 in 64ms
 GET /api/auth/csrf 200 in 46ms
 POST /api/auth/callback/credentials 302 in 344ms
 ✓ Compiled /middleware in 199ms (174 modules)
 ○ Compiling /dashboard ...
 ✓ Compiled /dashboard in 1547ms (2857 modules)
 GET /dashboard 200 in 1892ms
 GET / 200 in 85ms
 GET /dashboard 200 in 94ms
 GET /api/auth/session 200 in 80ms
 ✓ Compiled /api/realtime in 379ms (1581 modules)
 ✓ Compiled (1584 modules)
 GET /api/auth/session 200 in 733ms
 GET /api/notifications?limit=10 200 in 792ms
 GET /api/realtime 200 in 457ms
 GET /api/auth/session 200 in 87ms
 GET /api/realtime 200 in 103ms
 GET /api/notifications?limit=10 200 in 110ms
 GET /api/auth/session 200 in 67ms
 GET /api/notifications?limit=10 200 in 102ms
 GET /api/realtime 200 in 136ms
 GET /api/auth/session 200 in 92ms
 GET /api/notifications?limit=10 200 in 94ms
 GET /api/realtime 200 in 116ms
 GET /api/auth/session 200 in 101ms
 GET /api/realtime 200 in 88ms
 GET /api/realtime 200 in 72ms
 GET /api/realtime 200 in 74ms
 GET /api/realtime 200 in 65ms
 GET /api/realtime 200 in 279ms
 GET /api/realtime 200 in 70ms
 GET /api/realtime 200 in 81ms
 GET /api/realtime 200 in 69ms
 GET /api/realtime 200 in 65ms
 GET /api/realtime 200 in 68ms
 GET /api/realtime 200 in 74ms
 GET /api/realtime 200 in 66ms
 GET /api/realtime 200 in 66ms
 GET /api/realtime 200 in 66ms
 GET /api/realtime 200 in 67ms
 GET /api/realtime 200 in 68ms
 GET /api/realtime 200 in 68ms
 GET /api/realtime 200 in 69ms
 GET /api/realtime 200 in 64ms
 GET /api/realtime 200 in 68ms
 GET /api/realtime 200 in 63ms
 GET /api/realtime 200 in 63ms
 GET /api/realtime 200 in 67ms
 GET /api/realtime 200 in 69ms
 GET /api/realtime 200 in 65ms
 GET /api/realtime 200 in 77ms
 GET /api/realtime 200 in 64ms
 GET /api/realtime 200 in 64ms
 GET /api/realtime 200 in 63ms
 GET /api/realtime 200 in 80ms
 GET /api/realtime 200 in 82ms
 GET /api/realtime 200 in 85ms
 GET /api/realtime 200 in 80ms
 GET /api/realtime 200 in 82ms
 GET /api/realtime 200 in 92ms
 GET /api/realtime 200 in 71ms
 GET /api/realtime 200 in 74ms
 GET /api/realtime 200 in 72ms
 GET /api/realtime 200 in 73ms
 GET /api/realtime 200 in 67ms
 GET /api/realtime 200 in 67ms
 GET /api/realtime 200 in 69ms
 GET /api/realtime 200 in 65ms
 GET /api/realtime 200 in 66ms
 GET /api/realtime 200 in 65ms
 GET /api/realtime 200 in 63ms
 GET /api/realtime 200 in 69ms
 GET /api/realtime 200 in 67ms
 GET /api/realtime 200 in 63ms
 GET /api/realtime 200 in 85ms
 GET /api/realtime 200 in 139ms
 GET /api/realtime 200 in 69ms
 GET /api/realtime 200 in 64ms
 GET /api/realtime 200 in 66ms
 GET /api/realtime 200 in 70ms
 GET /api/realtime 200 in 48ms
 GET /api/realtime 200 in 6996ms
 ○ Compiling /punch-lists ...
 ✓ Compiled /punch-lists in 4.2s (3457 modules)
 GET /projects/new 200 in 5654ms
 GET /meetings 200 in 5700ms
 GET /milestones 200 in 5771ms
 GET /materials 200 in 5757ms
 GET /budget 200 in 5757ms
 GET /change-orders 200 in 5712ms
 GET /equipment 200 in 5716ms
 GET /daily-reports 200 in 5717ms
 GET /inspections 200 in 5718ms
 GET /settings 200 in 5719ms
 GET /documents 200 in 5719ms
 GET /time-tracking 200 in 5786ms
 GET /rfis 200 in 5723ms
 GET /reports 200 in 5726ms
 GET /submittals 200 in 5726ms
 GET /safety 200 in 5728ms
 GET /team 200 in 5729ms
 GET /projects 200 in 5730ms
 GET /company 200 in 5742ms
 GET /tasks 200 in 5752ms
 GET /punch-lists 200 in 5724ms
 GET /subcontractors 200 in 5837ms
 GET /api/notifications?limit=10 200 in 770ms
 GET /api/realtime 200 in 721ms
 GET /api/auth/session 200 in 932ms
 GET /api/notifications?limit=10 200 in 501ms
 GET /api/realtime 200 in 635ms
 GET /api/realtime 200 in 634ms
 GET /api/realtime 200 in 638ms
 GET /api/realtime 200 in 513ms
 GET /api/realtime 200 in 507ms
 GET /api/realtime 200 in 532ms
 GET /api/realtime 200 in 640ms
 GET /api/realtime 200 in 640ms
 GET /api/realtime 200 in 620ms
 GET /api/realtime 200 in 641ms
 GET /api/realtime 200 in 642ms
 GET /api/auth/session 200 in 585ms
 ○ Compiling /api/company/stats ...
 ✓ Compiled /api/company/stats in 1647ms (1918 modules)
 GET /api/notifications?limit=10 200 in 2813ms
 GET /api/realtime 200 in 2468ms
 GET /api/auth/session 200 in 2871ms
 GET /api/realtime 200 in 2966ms
 GET /api/realtime 200 in 2967ms
 GET /api/realtime 200 in 2967ms
 GET /api/realtime 200 in 2969ms
 GET /api/realtime 200 in 2953ms
 GET /api/realtime 200 in 2945ms
 GET /api/realtime 200 in 2959ms
 GET /api/realtime 200 in 2971ms
 GET /api/realtime 200 in 2971ms
 GET /api/realtime 200 in 2972ms
 GET /api/company/stats 200 in 3202ms
 GET /api/realtime 200 in 2790ms
 GET /api/realtime 200 in 2957ms
 GET /api/realtime 200 in 2072ms
 GET /api/realtime 200 in 2831ms
 GET /api/realtime 200 in 2616ms
 GET /api/realtime 200 in 2635ms
 GET /api/notifications?limit=10 200 in 255ms
 GET /api/realtime 200 in 282ms
 GET /api/realtime 200 in 2465ms
 GET /api/realtime 200 in 3168ms
 GET /api/realtime 200 in 2376ms
 GET /api/realtime 200 in 339ms
 GET /api/realtime 200 in 350ms
 GET /api/realtime 200 in 347ms
 GET /api/realtime 200 in 349ms
 GET /api/realtime 200 in 354ms
 GET /api/realtime 200 in 339ms
 GET /api/realtime 200 in 352ms
 GET /api/realtime 200 in 351ms
 GET /api/realtime 200 in 352ms
 GET /api/realtime 200 in 352ms
 GET /api/realtime 200 in 342ms
 GET /api/realtime 200 in 359ms
 GET /api/company/stats 200 in 404ms
 GET /api/realtime 200 in 366ms
 GET /api/realtime 200 in 389ms
 GET /api/realtime 200 in 2799ms
 GET /api/auth/session 200 in 456ms
 GET /api/realtime 200 in 441ms
 GET /api/realtime 200 in 358ms
 GET /api/realtime 200 in 551ms
 GET /api/realtime 200 in 346ms
 GET /api/realtime 200 in 4056ms
 GET /api/notifications?limit=10 200 in 521ms
 GET /api/realtime 200 in 3462ms
 GET /api/realtime 200 in 3196ms
 GET /api/realtime 200 in 3811ms
 GET /api/realtime 200 in 522ms
 GET /api/realtime 200 in 3324ms
 GET /api/realtime 200 in 3661ms
 GET /api/realtime 200 in 536ms
 GET /api/realtime 200 in 541ms
 GET /api/realtime 200 in 557ms
 GET /api/realtime 200 in 540ms
 GET /api/realtime 200 in 541ms
 GET /api/realtime 200 in 546ms
 GET /api/realtime 200 in 542ms
 GET /api/realtime 200 in 542ms
 GET /api/realtime 200 in 548ms
 GET /api/realtime 200 in 547ms
 GET /api/realtime 200 in 547ms
 GET /api/realtime 200 in 548ms
 GET /api/realtime 200 in 4090ms
 GET /api/realtime 200 in 3356ms
 GET /api/company/stats 200 in 508ms
 GET /api/realtime 200 in 598ms
 GET /api/realtime 200 in 448ms
 GET /api/realtime 200 in 3478ms
 GET /api/auth/session 200 in 585ms
 GET /api/realtime 200 in 511ms
 GET /api/notifications?limit=10 200 in 529ms
 GET /api/realtime 200 in 580ms
 GET /api/company/stats 200 in 572ms
 GET /api/realtime 200 in 582ms
 GET /api/realtime 200 in 688ms
 GET /api/realtime 200 in 704ms
 GET /api/realtime 200 in 6415ms
 GET /api/realtime 200 in 739ms
 GET /api/realtime 200 in 529ms
 GET /api/realtime 200 in 828ms
 GET /api/realtime 200 in 913ms
 GET /api/realtime 200 in 914ms
 GET /api/realtime 200 in 914ms
 GET /api/auth/session 200 in 634ms
 GET /api/realtime 200 in 978ms
 GET /api/notifications?limit=10 200 in 415ms
 GET /api/realtime 200 in 417ms
 GET /api/realtime 200 in 324ms
 GET /api/realtime 200 in 267ms
 GET /api/realtime 200 in 328ms
 GET /api/realtime 200 in 1085ms
 GET /api/realtime 200 in 6098ms
 GET /api/realtime 200 in 349ms
 GET /api/realtime 200 in 283ms
 GET /api/realtime 200 in 288ms
 GET /api/realtime 200 in 291ms
 GET /api/realtime 200 in 289ms
 GET /api/auth/session 200 in 312ms
 GET /api/realtime 200 in 301ms
 GET /api/realtime 200 in 268ms
 GET /api/realtime 200 in 288ms
 GET /api/realtime 200 in 6298ms
 GET /api/notifications?limit=10 200 in 340ms
 GET /api/realtime 200 in 341ms
 GET /api/realtime 200 in 298ms
 GET /api/realtime 200 in 6359ms
 GET /api/realtime 200 in 251ms
 GET /api/realtime 200 in 216ms
 GET /api/realtime 200 in 252ms
 GET /api/realtime 200 in 292ms
 GET /api/realtime 200 in 265ms
 GET /api/realtime 200 in 6502ms
 GET /api/realtime 200 in 6408ms
 GET /api/realtime 200 in 6239ms
 GET /api/realtime 200 in 6457ms
 GET /api/notifications?limit=10 200 in 151ms
 GET /api/auth/session 200 in 192ms
 GET /api/realtime 200 in 6288ms
 GET /api/realtime 200 in 240ms
 GET /api/realtime 200 in 5668ms
 GET /api/realtime 200 in 6518ms
 GET /api/realtime 200 in 110ms
 GET /api/realtime 200 in 246ms
 GET /api/realtime 200 in 170ms
 GET /api/auth/session 200 in 165ms
 GET /api/notifications?limit=10 200 in 172ms
 GET /api/realtime 200 in 82ms
 GET /api/auth/session 200 in 68ms
 GET /api/notifications?limit=10 200 in 91ms
 GET /api/realtime 200 in 123ms
 GET /api/auth/session 200 in 105ms
 GET /api/notifications?limit=10 200 in 106ms
 GET /api/auth/session 200 in 156ms
 GET /api/notifications?limit=10 200 in 169ms
 GET /api/realtime 200 in 171ms
 GET /api/auth/session 200 in 94ms
 GET /api/realtime 200 in 93ms
 GET /api/realtime 200 in 66ms
 GET /api/realtime 200 in 149ms
 GET /api/auth/session 200 in 130ms
 GET /api/realtime 200 in 82ms
 GET /api/auth/session 200 in 52ms
 GET /api/realtime 200 in 66ms
 GET /api/realtime 200 in 65ms
 GET /api/realtime 200 in 68ms
 GET /api/realtime 200 in 83ms
 GET /api/realtime 200 in 137ms
 GET /api/realtime 200 in 89ms
 GET /api/realtime 200 in 149ms
 GET /api/realtime 200 in 72ms
 GET /api/realtime 200 in 65ms
 GET /api/realtime 200 in 74ms
 GET /api/realtime 200 in 8741ms
 ○ Compiling /projects/[id] ...
 ✓ Compiled /projects/[id] in 3.9s (3585 modules)
 GET /company/usage 200 in 4292ms
 GET /company/team 200 in 4293ms
 GET /company/invitations 200 in 4293ms
 GET /company/settings 307 in 4276ms
 GET /dashboard 200 in 273ms
 GET /projects/project-riverside-homes 200 in 4607ms
 GET /projects/project-mall-renovation 200 in 4609ms
 GET /projects/project-downtown-office 200 in 4610ms
 ○ Compiling /api/company/invitations ...
 ✓ Compiled /api/company/invitations in 1026ms (1995 modules)
 GET /api/realtime 200 in 1143ms
 GET /api/realtime 200 in 1165ms
 GET /api/realtime 200 in 1143ms
 GET /api/realtime 200 in 1144ms
 GET /api/auth/session 200 in 1991ms
 GET /api/company/invitations? 200 in 2068ms
 GET /api/notifications?limit=10 200 in 1689ms
 GET /api/realtime 200 in 116ms
 GET /api/realtime 200 in 226ms
 GET /api/realtime 200 in 227ms
 GET /api/realtime 200 in 215ms
 GET /api/company/invitations? 200 in 303ms
 GET /api/notifications?limit=10 200 in 320ms
 GET /api/auth/session 200 in 306ms
 GET /api/realtime 200 in 300ms
 GET /api/realtime 200 in 149ms
 GET /api/realtime 200 in 150ms
 GET /api/realtime 200 in 153ms
 GET /api/auth/session 200 in 168ms
 GET /api/company/invitations? 200 in 191ms
 GET /api/notifications?limit=10 200 in 178ms
 GET /api/realtime 200 in 180ms
 GET /api/realtime 200 in 181ms
 GET /api/realtime 200 in 183ms
 GET /api/realtime 200 in 190ms
 GET /api/auth/session 200 in 162ms
 GET /api/company/invitations? 200 in 170ms
 GET /api/notifications?limit=10 200 in 175ms
 GET /api/realtime 200 in 127ms
 GET /api/realtime 200 in 128ms
 GET /api/realtime 200 in 127ms
 GET /api/realtime 200 in 129ms
 GET /api/auth/session 200 in 150ms
 GET /api/notifications?limit=10 200 in 149ms
 GET /api/realtime 200 in 177ms
 GET /api/realtime 200 in 264ms
 GET /api/realtime 200 in 268ms
 GET /api/auth/session 200 in 214ms
 GET /api/notifications?limit=10 200 in 217ms
 GET /api/realtime 200 in 189ms
 GET /api/realtime 200 in 217ms
 GET /api/realtime 200 in 136ms
 GET /api/realtime 200 in 138ms
 GET /api/realtime 200 in 127ms
 GET /api/auth/session 200 in 183ms
 GET /api/notifications?limit=10 200 in 198ms
 GET /api/realtime 200 in 214ms
 GET /api/realtime 200 in 149ms
 GET /api/realtime 200 in 175ms
 GET /api/realtime 200 in 140ms
 GET /api/auth/session 200 in 141ms
 GET /api/notifications?limit=10 200 in 133ms
 GET /api/realtime 200 in 166ms
 GET /api/realtime 200 in 139ms
 GET /api/realtime 200 in 150ms
 GET /api/realtime 200 in 179ms
 GET /api/auth/session 200 in 205ms
 GET /api/notifications?limit=10 200 in 184ms
 GET /api/realtime 200 in 223ms
 GET /api/realtime 200 in 199ms
 GET /api/realtime 200 in 228ms
 GET /api/realtime 200 in 171ms
 GET /api/realtime 200 in 151ms
 GET /api/auth/session 200 in 193ms
 GET /api/realtime 200 in 185ms
 GET /api/notifications?limit=10 200 in 203ms
 GET /api/realtime 200 in 151ms
 GET /api/realtime 200 in 150ms
 GET /api/realtime 200 in 147ms
 GET /api/auth/session 200 in 167ms
 GET /api/realtime 200 in 182ms
 GET /api/notifications?limit=10 200 in 212ms
 GET /api/realtime 200 in 197ms
 GET /api/realtime 200 in 205ms
 GET /api/realtime 200 in 196ms
 GET /api/auth/session 200 in 168ms
 GET /api/realtime 200 in 249ms
 GET /api/notifications?limit=10 200 in 218ms
 GET /api/realtime 200 in 206ms
 GET /api/realtime 200 in 211ms
 GET /api/auth/session 200 in 162ms
 GET /api/realtime 200 in 336ms
 GET /api/realtime 200 in 170ms
 GET /api/realtime 200 in 217ms
 GET /api/notifications?limit=10 200 in 200ms
 GET /api/auth/session 200 in 136ms
 GET /api/realtime 200 in 282ms
 GET /api/notifications?limit=10 200 in 137ms
 GET /api/realtime 200 in 154ms
 GET /api/realtime 200 in 147ms
 GET /api/realtime 200 in 162ms
 GET /api/auth/session 200 in 181ms
 GET /api/realtime 200 in 211ms
 GET /api/realtime 200 in 170ms
 GET /api/realtime 200 in 171ms
 GET /api/realtime 200 in 213ms
 GET /api/notifications?limit=10 200 in 167ms
 GET /api/realtime 200 in 4907ms
 GET /api/auth/session 200 in 120ms
 GET /api/realtime 200 in 140ms
 GET /api/realtime 200 in 4917ms
 GET /api/realtime 200 in 161ms
 GET /api/notifications?limit=10 200 in 186ms
 GET /api/realtime 200 in 173ms
 GET /api/auth/session 200 in 150ms
 GET /api/realtime 200 in 142ms
 GET /api/realtime 200 in 150ms
 GET /api/auth/session 200 in 92ms
 GET /api/realtime 200 in 99ms
 GET /api/realtime 200 in 101ms
 GET /api/auth/session 200 in 80ms
 GET /api/realtime 200 in 90ms
 GET /api/realtime 200 in 129ms
 GET /api/auth/session 200 in 109ms
 GET /api/realtime 200 in 114ms
 GET /api/realtime 200 in 175ms
 GET /api/auth/session 200 in 92ms
 GET /api/auth/session 200 in 97ms
 GET /api/realtime 200 in 123ms
 GET /api/realtime 200 in 133ms
 GET /api/realtime 200 in 95ms
 GET /api/auth/session 200 in 162ms
 GET /api/realtime 200 in 285ms
 GET /api/realtime 200 in 190ms
 GET /api/auth/session 200 in 79ms
 GET /api/auth/session 200 in 104ms
 GET /api/realtime 200 in 135ms
 GET /api/realtime 200 in 162ms
 GET /api/realtime 200 in 138ms
 GET /api/auth/session 200 in 114ms
 GET /api/realtime 200 in 131ms
 GET /api/realtime 200 in 80ms
 GET /api/realtime 200 in 6602ms
 GET /api/realtime 200 in 89ms
 GET /api/realtime 200 in 79ms
 GET /api/realtime 200 in 6690ms
 GET /api/realtime 200 in 49ms
 ✓ Compiled in 1333ms (3380 modules)
 ✓ Compiled in 791ms (1608 modules)
 ✓ Compiled in 662ms (1608 modules)
[?25h
