  ▲ Next.js 14.2.28
  - Environments: .env
  - Experiments (use with caution):
    · outputFileTracingRoot

   Creating an optimized production build ...
 ✓ Compiled successfully
   Skipping linting
   Checking validity of types ...
   Collecting page data ...
   Generating static pages (0/13) ...
   Generating static pages (3/13) 
   Generating static pages (6/13) 
   Generating static pages (9/13) 
 ✓ Generating static pages (13/13)
   Finalizing page optimization ...
   Collecting build traces ...

Route (app)                              Size     First Load JS
┌ ƒ /                                    177 B          96.4 kB
├ ƒ /_not-found                          877 B          88.3 kB
├ ƒ /api/auth/[...nextauth]              0 B                0 B
├ ƒ /api/documents                       0 B                0 B
├ ƒ /api/documents/[id]                  0 B                0 B
├ ƒ /api/documents/[id]/download         0 B                0 B
├ ƒ /api/projects                        0 B                0 B
├ ƒ /api/projects/[id]                   0 B                0 B
├ ƒ /api/signup                          0 B                0 B
├ ƒ /api/tasks                           0 B                0 B
├ ƒ /api/tasks/[id]                      0 B                0 B
├ ƒ /api/team                            0 B                0 B
├ ƒ /api/upload/presigned                0 B                0 B
├ ƒ /dashboard                           102 kB          238 kB
├ ƒ /documents                           5.54 kB         168 kB
├ ƒ /login                               2.94 kB         125 kB
├ ƒ /projects                            4.27 kB         164 kB
├ ƒ /projects/[id]                       6.36 kB         178 kB
├ ƒ /projects/new                        3.76 kB         172 kB
├ ƒ /settings                            1.76 kB         129 kB
├ ƒ /signup                              3.3 kB          125 kB
├ ƒ /tasks                               4.91 kB         167 kB
└ ƒ /team                                4.77 kB         167 kB
+ First Load JS shared by all            87.5 kB
  ├ chunks/156-4f76040174220d11.js       31.8 kB
  ├ chunks/ceb5afef-8966806fab663eb9.js  53.6 kB
  └ other shared chunks (total)          2.01 kB


ƒ Middleware                             49.5 kB

ƒ  (Dynamic)  server-rendered on demand

exit_code=0
