  ▲ Next.js 14.2.28
  - Local:        http://localhost:3000
  - Environments: .env
  - Experiments (use with caution):
    · outputFileTracingRoot

 ✓ Starting...
 ✓ Ready in 1531ms
 ○ Compiling / ...
 ✓ Compiled / in 1907ms (596 modules)
 GET / 200 in 2472ms
 ✓ Compiled in 545ms (296 modules)
 ○ Compiling /api/auth/[...nextauth] ...
 ✓ Compiled /api/auth/[...nextauth] in 529ms (541 modules)
 GET /api/auth/providers 200 in 1070ms
 GET / 200 in 126ms
 GET /api/auth/session 200 in 86ms
 GET /api/auth/session 200 in 73ms
 ○ Compiling /signup ...
 ✓ Compiled /signup in 922ms (881 modules)
 GET /signup 200 in 1161ms
 GET /login 200 in 1174ms
 GET /api/auth/session 200 in 105ms
 GET /api/auth/session 200 in 79ms
 GET /api/auth/session 200 in 86ms
 GET /api/auth/session 200 in 261ms
 GET /api/auth/session 200 in 140ms
 GET /api/auth/session 200 in 77ms
 GET /api/auth/csrf 200 in 70ms
 ✓ Compiled /api/signup in 306ms (597 modules)
 POST /api/signup 200 in 816ms
 GET / 200 in 238ms
 GET /api/auth/signin 302 in 96ms
 GET /login?callbackUrl=https://614a7c077.preview.abacusai.app 200 in 72ms
 GET /api/auth/csrf 200 in 65ms
 POST /api/auth/callback/credentials 302 in 377ms
 ✓ Compiled /middleware in 225ms (174 modules)
 ○ Compiling /dashboard ...
 ✓ Compiled /dashboard in 2.1s (2893 modules)
 GET /dashboard 200 in 2563ms
 GET / 200 in 121ms
 GET /dashboard 200 in 143ms
 GET /api/auth/session 200 in 262ms
 ○ Compiling /api/realtime ...
 ✓ Compiled /api/realtime in 814ms (1599 modules)
 ✓ Compiled (1602 modules)
 GET /api/notifications?limit=10 200 in 1430ms
 GET /api/realtime 200 in 1082ms
 GET /api/auth/session 200 in 1117ms
 GET /api/auth/session 200 in 129ms
 GET /api/notifications?limit=10 200 in 149ms
 GET /api/realtime 200 in 166ms
 GET /api/realtime 200 in 264ms
 GET /api/auth/session 200 in 233ms
 GET /api/notifications?limit=10 200 in 231ms
 GET /api/auth/session 200 in 146ms
 GET /api/notifications?limit=10 200 in 167ms
 GET /api/realtime 200 in 171ms
 GET /api/auth/session 200 in 111ms
 GET /api/realtime 200 in 142ms
 GET /api/realtime 200 in 107ms
 GET /api/realtime 200 in 181ms
 GET /api/realtime 200 in 93ms
 GET /api/realtime 200 in 102ms
 GET /api/realtime 200 in 111ms
 GET /api/realtime 200 in 111ms
 GET /api/realtime 200 in 133ms
 GET /api/realtime 200 in 115ms
 GET /api/realtime 200 in 110ms
 GET /api/realtime 200 in 99ms
 GET /api/realtime 200 in 102ms
 GET /api/realtime 200 in 104ms
 GET /api/realtime 200 in 95ms
 GET /api/realtime 200 in 107ms
 GET /api/realtime 200 in 93ms
 GET /api/realtime 200 in 100ms
 GET /api/realtime 200 in 99ms
 GET /api/realtime 200 in 99ms
 GET /api/realtime 200 in 105ms
 GET /api/realtime 200 in 98ms
 GET /api/realtime 200 in 79ms
 GET /api/realtime 200 in 92ms
 GET /api/realtime 200 in 90ms
 GET /api/realtime 200 in 97ms
 GET /api/realtime 200 in 91ms
 GET /api/realtime 200 in 82ms
 GET /api/realtime 200 in 84ms
 GET /api/realtime 200 in 85ms
 GET /api/realtime 200 in 89ms
 GET /api/realtime 200 in 98ms
 GET /api/realtime 200 in 96ms
 GET /api/realtime 200 in 374ms
 GET /api/realtime 200 in 117ms
 GET /api/realtime 200 in 105ms
 GET /api/realtime 200 in 80ms
 GET /api/realtime 200 in 7061ms
 GET /api/realtime 200 in 59ms
 ○ Compiling /settings ...
 ✓ Compiled /settings in 4.5s (3462 modules)
 GET /budget 200 in 6170ms
 GET /meetings 200 in 6172ms
 GET /daily-reports 200 in 6067ms
 GET /projects/new 200 in 6065ms
 GET /equipment 200 in 6067ms
 GET /punch-lists 200 in 6182ms
 GET /submittals 200 in 6073ms
 GET /projects 200 in 6141ms
 GET /safety 200 in 6073ms
 GET /documents 200 in 6074ms
 GET /team 200 in 6075ms
 GET /settings 200 in 6077ms
 GET /tasks 200 in 6147ms
 GET /reports 200 in 6079ms
 GET /company 200 in 6083ms
 GET /inspections 200 in 6199ms
 GET /rfis 200 in 6092ms
 GET /projects/project-riverside-homes 200 in 6169ms
 GET /projects/project-downtown-office 200 in 6172ms
 GET /projects/project-mall-renovation 200 in 6102ms
 GET /api/notifications?limit=10 200 in 413ms
 GET /api/auth/session 200 in 406ms
 GET /api/realtime 200 in 727ms
 GET /api/notifications?limit=10 200 in 907ms
 GET /api/realtime 200 in 880ms
 GET /api/realtime 200 in 749ms
 GET /api/realtime 200 in 763ms
 GET /api/realtime 200 in 778ms
 GET /api/auth/session 200 in 865ms
 GET /api/realtime 200 in 740ms
 GET /api/realtime 200 in 784ms
 GET /api/realtime 200 in 634ms
 GET /api/realtime 200 in 636ms
 GET /api/realtime 200 in 633ms
 GET /api/realtime 200 in 800ms
 ○ Compiling /api/company/stats ...
 ✓ Compiled /api/company/stats in 2.4s (1915 modules)
 GET /api/notifications?limit=10 200 in 3773ms
 GET /api/realtime 200 in 3741ms
 GET /api/realtime 200 in 3742ms
 GET /api/realtime 200 in 3724ms
 GET /api/realtime 200 in 3687ms
 GET /api/realtime 200 in 3286ms
 GET /api/realtime 200 in 3657ms
 GET /api/realtime 200 in 3355ms
 GET /api/realtime 200 in 3670ms
 GET /api/realtime 200 in 3987ms
 GET /api/realtime 200 in 3643ms
 GET /api/auth/session 200 in 3746ms
 GET /api/realtime 200 in 3802ms
 GET /api/realtime 200 in 3613ms
 GET /api/realtime 200 in 3616ms
 GET /api/realtime 200 in 3803ms
 GET /api/realtime 200 in 3266ms
 GET /api/realtime 200 in 3516ms
 GET /api/realtime 200 in 3353ms
 GET /api/realtime 200 in 3144ms
 GET /api/realtime 200 in 2968ms
 GET /api/realtime 200 in 3279ms
 GET /api/realtime 200 in 2877ms
 GET /api/realtime 200 in 4185ms
 GET /api/realtime 200 in 3381ms
 GET /api/realtime 200 in 3199ms
 GET /api/realtime 200 in 3858ms
 GET /api/realtime 200 in 3268ms
 GET /api/realtime 200 in 3516ms
 GET /api/realtime 200 in 526ms
 GET /api/realtime 200 in 529ms
 GET /api/realtime 200 in 514ms
 GET /api/notifications?limit=10 200 in 528ms
 GET /api/realtime 200 in 563ms
 GET /api/realtime 200 in 596ms
 GET /api/realtime 200 in 306ms
 GET /api/realtime 200 in 274ms
 GET /api/realtime 200 in 284ms
 GET /api/realtime 200 in 298ms
 GET /api/realtime 200 in 280ms
 GET /api/realtime 200 in 286ms
 GET /api/auth/session 200 in 302ms
 GET /api/realtime 200 in 290ms
 GET /api/realtime 200 in 414ms
 GET /api/realtime 200 in 515ms
 GET /api/notifications?limit=10 200 in 512ms
 GET /api/realtime 200 in 512ms
 GET /api/realtime 200 in 6130ms
 GET /api/realtime 200 in 271ms
 GET /api/realtime 200 in 548ms
 GET /api/realtime 200 in 553ms
 GET /api/auth/session 200 in 569ms
 GET /api/realtime 200 in 662ms
 GET /api/realtime 200 in 717ms
 GET /api/realtime 200 in 363ms
 GET /api/realtime 200 in 398ms
 GET /api/realtime 200 in 933ms
 GET /api/realtime 200 in 6401ms
 GET /api/notifications?limit=10 200 in 301ms
 GET /api/notifications?limit=10 200 in 301ms
 GET /api/notifications?limit=10 200 in 309ms
 GET /api/realtime 200 in 442ms
 GET /api/realtime 200 in 6704ms
 GET /api/realtime 200 in 961ms
 GET /api/notifications?limit=10 200 in 423ms
 GET /api/notifications?limit=10 200 in 423ms
 GET /api/notifications?limit=10 200 in 422ms
 GET /api/notifications?limit=10 200 in 422ms
 GET /api/realtime 200 in 6384ms
 GET /api/notifications?limit=10 200 in 462ms
 GET /api/notifications?limit=10 200 in 464ms
 GET /api/notifications?limit=10 200 in 456ms
 GET /api/notifications?limit=10 200 in 452ms
 GET /api/notifications?limit=10 200 in 450ms
 GET /api/notifications?limit=10 200 in 453ms
 GET /api/notifications?limit=10 200 in 451ms
 GET /api/notifications?limit=10 200 in 452ms
 GET /api/notifications?limit=10 200 in 453ms
 GET /api/notifications?limit=10 200 in 452ms
 GET /api/notifications?limit=10 200 in 482ms
 GET /api/notifications?limit=10 200 in 481ms
 GET /api/notifications?limit=10 200 in 463ms
 GET /api/realtime 200 in 373ms
 GET /api/realtime 200 in 393ms
 GET /api/realtime 200 in 1162ms
 GET /api/realtime 200 in 6510ms
 GET /api/notifications?limit=10 200 in 574ms
 GET /api/notifications?limit=10 200 in 520ms
 GET /api/realtime 200 in 6201ms
 GET /api/notifications?limit=10 200 in 633ms
 GET /api/notifications?limit=10 200 in 569ms
 GET /api/notifications?limit=10 200 in 546ms
 GET /api/notifications?limit=10 200 in 526ms
 GET /api/notifications?limit=10 200 in 527ms
 GET /api/notifications?limit=10 200 in 528ms
 GET /api/notifications?limit=10 200 in 528ms
 GET /api/notifications?limit=10 200 in 529ms
 GET /api/notifications?limit=10 200 in 530ms
 GET /api/notifications?limit=10 200 in 530ms
 GET /api/notifications?limit=10 200 in 530ms
 GET /api/notifications?limit=10 200 in 530ms
 GET /api/notifications?limit=10 200 in 531ms
 GET /api/realtime 200 in 538ms
 GET /api/realtime 200 in 6653ms
 GET /api/auth/session 200 in 367ms
 GET /api/realtime 200 in 6983ms
 GET /api/realtime 200 in 295ms
 GET /api/realtime 200 in 305ms
 GET /api/realtime 200 in 6257ms
 GET /api/auth/session 200 in 160ms
 GET /api/auth/session 200 in 161ms
 GET /api/auth/session 200 in 161ms
 GET /api/auth/session 200 in 162ms
 GET /api/auth/session 200 in 137ms
 GET /api/realtime 200 in 432ms
 GET /api/auth/session 200 in 290ms
 GET /api/auth/session 200 in 290ms
 GET /api/auth/session 200 in 292ms
 GET /api/auth/session 200 in 283ms
 GET /api/auth/session 200 in 292ms
 GET /api/realtime 200 in 6806ms
 GET /api/auth/session 200 in 294ms
 GET /api/auth/session 200 in 295ms
 GET /api/auth/session 200 in 268ms
 GET /api/auth/session 200 in 297ms
 GET /api/realtime 200 in 106ms
 GET /api/realtime 200 in 84ms
 GET /api/realtime 200 in 91ms
 GET /api/realtime 200 in 79ms
 GET /api/realtime 200 in 90ms
 GET /api/realtime 200 in 79ms
 GET /api/realtime 200 in 80ms
 GET /api/realtime 200 in 80ms
 GET /api/realtime 200 in 87ms
 GET /api/realtime 200 in 94ms
 GET /api/realtime 200 in 77ms
 GET /api/realtime 200 in 82ms
 GET /api/realtime 200 in 80ms
 GET /api/realtime 200 in 82ms
 GET /api/realtime 200 in 79ms
 GET /api/realtime 200 in 82ms
 GET /api/realtime 200 in 76ms
 GET /api/realtime 200 in 75ms
 GET /api/realtime 200 in 86ms
 GET /api/realtime 200 in 82ms
 GET /api/realtime 200 in 72ms
 GET /api/realtime 200 in 82ms
 GET /api/realtime 200 in 73ms
 GET /api/realtime 200 in 76ms
 GET /api/realtime 200 in 77ms
 GET /api/realtime 200 in 75ms
 GET /api/realtime 200 in 74ms
 GET /api/realtime 200 in 191ms
 GET /api/realtime 200 in 81ms
 GET /api/realtime 200 in 72ms
 GET /api/realtime 200 in 76ms
 GET /api/realtime 200 in 73ms
 GET /api/realtime 200 in 9286ms
 ○ Compiling /change-orders ...
 ✓ Compiled /change-orders in 2.8s (3543 modules)
 GET /change-orders 200 in 3127ms
 GET /company/usage 200 in 3130ms
 GET /company/invitations 200 in 3152ms
 GET /company/settings 307 in 3131ms
 GET /company/team 200 in 3152ms
 GET /dashboard 200 in 223ms
 ○ Compiling /api/company/invitations ...
 ✓ Compiled /api/company/invitations in 894ms (1968 modules)
 GET /api/auth/session 200 in 1735ms
 GET /api/company/invitations? 200 in 1787ms
 GET /api/notifications?limit=10 200 in 1777ms
 GET /api/realtime 200 in 986ms
 GET /api/realtime 200 in 1447ms
 GET /api/company/invitations? 200 in 156ms
 GET /api/auth/session 200 in 171ms
 GET /api/notifications?limit=10 200 in 177ms
 GET /api/realtime 200 in 191ms
 GET /api/realtime 200 in 171ms
 GET /api/company/invitations? 200 in 151ms
 GET /api/realtime 200 in 144ms
 GET /api/auth/session 200 in 198ms
 GET /api/notifications?limit=10 200 in 221ms
 GET /api/realtime 200 in 233ms
 GET /api/company/invitations? 200 in 181ms
 GET /api/auth/session 200 in 184ms
 GET /api/notifications?limit=10 200 in 143ms
 GET /api/realtime 200 in 180ms
 GET /api/realtime 200 in 150ms
 GET /api/auth/session 200 in 181ms
 GET /api/notifications?limit=10 200 in 184ms
 GET /api/realtime 200 in 196ms
 GET /api/realtime 200 in 236ms
 GET /api/auth/session 200 in 185ms
 GET /api/realtime 200 in 197ms
 GET /api/notifications?limit=10 200 in 158ms
 GET /api/realtime 200 in 165ms
 GET /api/realtime 200 in 232ms
 GET /api/auth/session 200 in 229ms
 GET /api/notifications?limit=10 200 in 238ms
 GET /api/realtime 200 in 222ms
 GET /api/auth/session 200 in 218ms
 GET /api/notifications?limit=10 200 in 213ms
 GET /api/realtime 200 in 197ms
 GET /api/realtime 200 in 178ms
 GET /api/auth/session 200 in 171ms
 GET /api/realtime 200 in 194ms
 GET /api/realtime 200 in 172ms
 GET /api/auth/session 200 in 127ms
 GET /api/realtime 200 in 127ms
 GET /api/realtime 200 in 140ms
 GET /api/auth/session 200 in 132ms
 GET /api/realtime 200 in 162ms
 GET /api/auth/session 200 in 116ms
 GET /api/realtime 200 in 209ms
 GET /api/realtime 200 in 142ms
 GET /api/realtime 200 in 173ms
 GET /api/auth/session 200 in 146ms
 GET /api/realtime 200 in 151ms
 GET /api/realtime 200 in 117ms
 GET /api/auth/session 200 in 127ms
 GET /api/realtime 200 in 171ms
 GET /api/realtime 200 in 233ms
 GET /api/auth/session 200 in 169ms
 GET /api/realtime 200 in 211ms
 GET /api/auth/session 200 in 125ms
 GET /api/realtime 200 in 144ms
 GET /api/realtime 200 in 131ms
 GET /api/realtime 200 in 237ms
 GET /api/auth/session 200 in 184ms
 GET /api/realtime 200 in 218ms
 GET /api/auth/session 200 in 125ms
 GET /api/realtime 200 in 158ms
 GET /api/realtime 200 in 130ms
 GET /api/auth/session 200 in 185ms
 GET /api/realtime 200 in 196ms
 GET /api/realtime 200 in 161ms
 GET /api/realtime 200 in 111ms
 GET /api/realtime 200 in 99ms
 GET /api/realtime 200 in 114ms
 GET /api/realtime 200 in 109ms
 GET /api/realtime 200 in 119ms
 GET /api/realtime 200 in 115ms
 GET /api/realtime 200 in 118ms
 GET /api/realtime 200 in 136ms
 GET /api/realtime 200 in 98ms
 GET /api/realtime 200 in 171ms
 GET /api/realtime 200 in 167ms
 GET /api/realtime 200 in 170ms
 GET /api/realtime 200 in 124ms
 GET /api/realtime 200 in 98ms
 GET /api/realtime 200 in 6756ms
 GET /api/realtime 200 in 62ms
 GET /api/realtime 200 in 404ms
 GET /api/realtime 200 in 115ms
 GET /api/realtime 200 in 89ms
 GET /api/realtime 200 in 98ms
 GET /api/realtime 200 in 96ms
 GET /api/realtime 200 in 6902ms
 ✓ Compiled in 1428ms (1593 modules)
 ✓ Compiled in 675ms (1593 modules)
[?25h
