  ▲ Next.js 14.2.28
  - Local:        http://localhost:3000
  - Environments: .env
  - Experiments (use with caution):
    · outputFileTracingRoot

 ✓ Starting...
 ✓ Ready in 1451ms
 ○ Compiling /api/realtime ...
 ✓ Compiled /api/realtime in 2.2s (838 modules)
 GET / 200 in 2700ms
 ✓ Compiled in 511ms (296 modules)
 GET /api/realtime 200 in 215ms
 ✓ Compiled /api/auth/[...nextauth] in 283ms (544 modules)
 GET /api/auth/providers 200 in 661ms
 GET / 200 in 75ms
 GET /api/auth/session 200 in 56ms
 GET /api/auth/session 200 in 53ms
 ○ Compiling /signup ...
 ✓ Compiled /signup in 811ms (884 modules)
 GET /login 200 in 1003ms
 GET /signup 200 in 995ms
 GET /api/auth/session 200 in 64ms
 GET /api/auth/session 200 in 42ms
 GET /api/auth/session 200 in 42ms
 GET /api/auth/session 200 in 44ms
 GET /api/auth/session 200 in 43ms
 GET /api/auth/csrf 200 in 53ms
 ✓ Compiled /api/signup in 260ms (600 modules)
 POST /api/signup 200 in 748ms
 GET / 200 in 96ms
 GET /api/realtime 200 in 30230ms
 GET /api/auth/signin 302 in 68ms
 GET /login?callbackUrl=https://267ef8e6d.preview.abacusai.app 200 in 65ms
 GET /api/auth/csrf 200 in 63ms
 GET /api/realtime 200 in 30442ms
 POST /api/auth/callback/credentials 302 in 337ms
 ✓ Compiled /middleware in 208ms (174 modules)
 GET /api/realtime 200 in 30223ms
 ○ Compiling /dashboard ...
 GET /api/realtime 200 in 30261ms
 GET /api/realtime 200 in 30204ms
 GET /api/realtime 200 in 30309ms
 GET /api/realtime 200 in 30218ms
 GET /api/realtime 200 in 30226ms
 ✓ Compiled /dashboard in 3.2s (2852 modules)
 GET /dashboard 200 in 3582ms
 GET /api/realtime 200 in 30211ms
 GET / 200 in 86ms
 GET /dashboard 200 in 83ms
 GET /api/auth/session 200 in 90ms
 GET /api/realtime 200 in 30208ms
 ✓ Compiled /api/notifications in 320ms (1580 modules)
 GET /api/realtime 200 in 652ms
 GET /api/realtime 200 in 653ms
 GET /api/realtime 200 in 30224ms
 GET /api/auth/session 200 in 697ms
 GET /api/notifications?limit=10 200 in 748ms
 GET /api/realtime 200 in 719ms
 GET /api/realtime 200 in 678ms
 GET /api/auth/session 200 in 99ms
 GET /api/notifications?limit=10 200 in 107ms
 GET /api/auth/session 200 in 83ms
 GET /api/realtime 200 in 30207ms
 GET /api/notifications?limit=10 200 in 81ms
 GET /api/auth/session 200 in 82ms
 GET /api/realtime 200 in 105ms
 GET /api/notifications?limit=10 200 in 121ms
 GET /api/realtime 200 in 94ms
 GET /api/realtime 200 in 30434ms
 GET /api/realtime 200 in 30308ms
 GET /api/realtime 200 in 30355ms
 GET /api/realtime 200 in 30197ms
 GET /api/realtime 200 in 30214ms
 GET /api/realtime 200 in 30193ms
 GET /api/realtime 200 in 30200ms
 GET /api/realtime 200 in 30201ms
 GET /api/realtime 200 in 30191ms
 GET /api/realtime 200 in 30200ms
 GET /api/realtime 200 in 30211ms
 GET /api/realtime 200 in 60ms
 GET /api/realtime 200 in 30228ms
 ○ Compiling /tasks ...
 GET /api/realtime 200 in 30219ms
 GET /api/realtime 200 in 30216ms
 GET /api/realtime 200 in 30308ms
 GET /api/realtime 200 in 30402ms
 GET /api/realtime 200 in 30241ms
 ✓ Compiled /tasks in 3.8s (3318 modules)
 GET /api/realtime 200 in 30379ms
 GET /projects/new 200 in 4537ms
 GET /meetings 200 in 4616ms
 GET /inspections 200 in 4607ms
 GET /equipment 200 in 4600ms
 GET /documents 200 in 4547ms
 GET /reports 200 in 4547ms
 GET /daily-reports 200 in 4547ms
 GET /change-orders 200 in 4547ms
 GET /punch-lists 200 in 4608ms
 GET /submittals 200 in 4551ms
 GET /settings 200 in 4552ms
 GET /rfis 200 in 4553ms
 GET /safety 200 in 4553ms
 GET /team 200 in 4557ms
 GET /projects 200 in 4559ms
 GET /company 200 in 4559ms
 GET /tasks 200 in 4561ms
 GET /api/realtime 200 in 30245ms
 GET /api/realtime 200 in 30233ms
 GET /api/realtime 200 in 30268ms
 GET /api/realtime 200 in 30224ms
 GET /api/realtime 200 in 30259ms
 GET /api/realtime 200 in 320ms
 GET /api/realtime 200 in 327ms
 GET /api/notifications?limit=10 200 in 424ms
 GET /api/realtime 200 in 30259ms
 GET /api/realtime 200 in 516ms
 GET /api/auth/session 200 in 617ms
 GET /api/realtime 200 in 30204ms
 GET /api/realtime 200 in 544ms
 GET /api/realtime 200 in 622ms
 GET /api/realtime 200 in 456ms
 GET /api/realtime 200 in 628ms
 GET /api/realtime 200 in 556ms
 GET /api/realtime 200 in 30255ms
 GET /api/realtime 200 in 586ms
 GET /api/realtime 200 in 589ms
 GET /api/realtime 200 in 600ms
 GET /api/realtime 200 in 516ms
 GET /api/realtime 200 in 409ms
 GET /api/realtime 200 in 394ms
 GET /api/realtime 200 in 395ms
 GET /api/realtime 200 in 425ms
 GET /api/realtime 200 in 625ms
 GET /api/notifications?limit=10 200 in 623ms
 GET /api/realtime 200 in 549ms
 GET /api/auth/session 200 in 442ms
 GET /api/realtime 200 in 374ms
 GET /api/notifications?limit=10 200 in 356ms
 GET /api/auth/session 200 in 264ms
 GET /api/realtime 200 in 30217ms
 GET /api/notifications?limit=10 200 in 236ms
 GET /api/auth/session 200 in 248ms
 GET /api/realtime 200 in 30198ms
 GET /api/notifications?limit=10 200 in 212ms
 GET /api/auth/session 200 in 185ms
 GET /api/realtime 200 in 30193ms
 GET /api/notifications?limit=10 200 in 204ms
 GET /api/auth/session 200 in 153ms
 GET /api/notifications?limit=10 200 in 227ms
 GET /api/auth/session 200 in 161ms
 GET /api/notifications?limit=10 200 in 179ms
 GET /api/auth/session 200 in 128ms
 GET /api/realtime 200 in 119ms
 GET /api/auth/session 200 in 244ms
 GET /api/notifications?limit=10 200 in 267ms
 GET /api/realtime 200 in 30210ms
 GET /api/auth/session 200 in 210ms
 GET /api/notifications?limit=10 200 in 219ms
 GET /api/realtime 200 in 228ms
 GET /api/auth/session 200 in 246ms
 GET /api/notifications?limit=10 200 in 249ms
 GET /api/realtime 200 in 30212ms
 GET /api/auth/session 200 in 170ms
 GET /api/notifications?limit=10 200 in 206ms
 GET /api/auth/session 200 in 207ms
 GET /api/notifications?limit=10 200 in 202ms
 GET /api/realtime 200 in 30234ms
 GET /api/realtime 200 in 177ms
 GET /api/realtime 200 in 173ms
 GET /api/notifications?limit=10 200 in 175ms
 GET /api/auth/session 200 in 181ms
 GET /api/realtime 200 in 193ms
 GET /api/notifications?limit=10 200 in 181ms
 GET /api/auth/session 200 in 138ms
 GET /api/realtime 200 in 214ms
 GET /api/notifications?limit=10 200 in 156ms
 GET /api/auth/session 200 in 139ms
 GET /api/realtime 200 in 172ms
 GET /api/auth/session 200 in 160ms
 GET /api/notifications?limit=10 200 in 249ms
 GET /api/auth/session 200 in 218ms
 GET /api/notifications?limit=10 200 in 319ms
 GET /api/realtime 200 in 31098ms
 GET /api/auth/session 200 in 598ms
 GET /api/notifications?limit=10 200 in 612ms
 GET /api/auth/session 200 in 212ms
 GET /api/notifications?limit=10 200 in 238ms
 GET /api/realtime 200 in 172ms
 GET /api/auth/session 200 in 236ms
 GET /api/realtime 200 in 229ms
 GET /api/realtime 200 in 30245ms
 GET /api/notifications?limit=10 200 in 239ms
 GET /api/realtime 200 in 230ms
 GET /api/auth/session 200 in 262ms
 GET /api/realtime 200 in 213ms
 GET /api/realtime 200 in 199ms
 GET /api/realtime 200 in 205ms
 GET /api/notifications?limit=10 200 in 253ms
 GET /api/realtime 200 in 220ms
 GET /api/realtime 200 in 226ms
 GET /api/realtime 200 in 224ms
 GET /api/realtime 200 in 223ms
 GET /api/realtime 200 in 225ms
 GET /api/realtime 200 in 30196ms
 GET /api/realtime 200 in 177ms
 GET /api/realtime 200 in 262ms
 GET /api/realtime 200 in 231ms
 GET /api/notifications?limit=10 200 in 233ms
 GET /api/auth/session 200 in 242ms
 GET /api/auth/session 200 in 212ms
 GET /api/realtime 200 in 185ms
 GET /api/auth/session 200 in 72ms
 GET /api/notifications?limit=10 200 in 94ms
 GET /api/realtime 200 in 30216ms
 GET /api/auth/session 200 in 60ms
 GET /api/notifications?limit=10 200 in 77ms
 GET /api/auth/session 200 in 47ms
 GET /api/auth/session 200 in 83ms
 GET /api/auth/session 200 in 51ms
 GET /api/realtime 200 in 30188ms
 GET /api/auth/session 200 in 69ms
 GET /api/realtime 200 in 30200ms
 GET /api/realtime 200 in 30202ms
 ○ Compiling /projects/[id] ...
 GET /api/realtime 200 in 30226ms
 GET /api/realtime 200 in 30250ms
 ✓ Compiled /projects/[id] in 2.3s (3395 modules)
 GET /api/realtime 200 in 30302ms
 GET /company/invitations 200 in 2611ms
 GET /company/usage 200 in 2611ms
 GET /company/team 200 in 2613ms
 GET /company/settings 307 in 2604ms
 GET /dashboard 200 in 135ms
 GET /projects/project-riverside-homes 200 in 3590ms
 GET /projects/project-mall-renovation 200 in 3593ms
 GET /projects/project-downtown-office 200 in 3593ms
 ○ Compiling /api/company/invitations ...
 ✓ Compiled /api/company/invitations in 2.1s (1887 modules)
 GET /api/auth/session 200 in 3208ms
 GET /api/realtime 200 in 2927ms
 GET /api/realtime 200 in 2937ms
 GET /api/company/invitations? 200 in 3448ms
 GET /api/realtime 200 in 2404ms
 GET /api/realtime 200 in 2425ms
 GET /api/realtime 200 in 2405ms
 GET /api/realtime 200 in 2380ms
 GET /api/realtime 200 in 2404ms
 GET /api/realtime 200 in 2382ms
 GET /api/notifications?limit=10 200 in 2967ms
 GET /api/realtime 200 in 2358ms
 GET /api/realtime 200 in 2385ms
 GET /api/realtime 200 in 2385ms
 GET /api/realtime 200 in 2969ms
 GET /api/realtime 200 in 2357ms
 GET /api/realtime 200 in 2432ms
 GET /api/realtime 200 in 2977ms
 GET /api/realtime 200 in 2441ms
 GET /api/realtime 200 in 33396ms
 GET /api/auth/session 200 in 122ms
 GET /api/company/invitations? 200 in 163ms
 GET /api/notifications?limit=10 200 in 167ms
 GET /api/auth/session 200 in 140ms
 GET /api/company/invitations? 200 in 179ms
 GET /api/notifications?limit=10 200 in 180ms
 GET /api/realtime 200 in 127ms
 GET /api/auth/session 200 in 179ms
 GET /api/notifications?limit=10 200 in 174ms
 GET /api/company/invitations? 200 in 165ms
 GET /api/realtime 200 in 30202ms
 GET /api/auth/session 200 in 201ms
 GET /api/realtime 200 in 145ms
 GET /api/notifications?limit=10 200 in 183ms
 GET /api/auth/session 200 in 148ms
 GET /api/notifications?limit=10 200 in 126ms
 GET /api/auth/session 200 in 133ms
 GET /api/notifications?limit=10 200 in 152ms
 GET /api/auth/session 200 in 108ms
 GET /api/realtime 200 in 30400ms
 GET /api/realtime 200 in 30713ms
 GET /api/notifications?limit=10 200 in 164ms
 GET /api/auth/session 200 in 86ms
 GET /api/realtime 200 in 30736ms
 GET /api/realtime 200 in 30120ms
 GET /api/notifications?limit=10 200 in 119ms
 GET /api/auth/session 200 in 102ms
 GET /api/realtime 200 in 30101ms
 GET /api/notifications?limit=10 200 in 90ms
 GET /api/auth/session 200 in 89ms
 GET /api/realtime 200 in 30100ms
 GET /api/notifications?limit=10 200 in 109ms
 GET /api/realtime 200 in 30099ms
 GET /api/realtime 200 in 131ms
 GET /api/realtime 200 in 140ms
 GET /api/auth/session 200 in 165ms
 GET /api/realtime 200 in 30066ms
 GET /api/notifications?limit=10 200 in 175ms
 GET /api/realtime 200 in 30057ms
 GET /api/auth/session 200 in 127ms
 GET /api/notifications?limit=10 200 in 138ms
 GET /api/realtime 200 in 30061ms
 GET /api/realtime 200 in 134ms
 GET /api/realtime 200 in 30225ms
 GET /api/auth/session 200 in 128ms
 GET /api/notifications?limit=10 200 in 132ms
 GET /api/realtime 200 in 137ms
 GET /api/auth/session 200 in 121ms
 GET /api/notifications?limit=10 200 in 119ms
 GET /api/realtime 200 in 98ms
 GET /api/auth/session 200 in 134ms
 GET /api/notifications?limit=10 200 in 130ms
 GET /api/realtime 200 in 30129ms
 GET /api/realtime 200 in 158ms
 GET /api/realtime 200 in 167ms
 GET /api/auth/session 200 in 105ms
 GET /api/realtime 200 in 30062ms
 GET /api/auth/session 200 in 64ms
 GET /api/auth/session 200 in 98ms
 GET /api/auth/session 200 in 80ms
 GET /api/realtime 200 in 30117ms
 GET /api/auth/session 200 in 79ms
 GET /api/realtime 200 in 30502ms
 GET /api/realtime 200 in 30059ms
 GET /api/auth/session 200 in 102ms
 GET /api/realtime 200 in 30055ms
 GET /api/realtime 200 in 30051ms
 GET /api/realtime 200 in 30052ms
 GET /api/realtime 200 in 30063ms
 GET /api/realtime 200 in 30053ms
 GET /api/realtime 200 in 30075ms
 GET /api/realtime 200 in 30064ms
 GET /api/realtime 200 in 30050ms
 GET /api/realtime 200 in 30215ms
 GET /api/realtime 200 in 30048ms
 GET /api/realtime 200 in 30052ms
 GET /api/realtime 200 in 30061ms
 GET /api/realtime 200 in 30050ms
 GET /api/realtime 200 in 66ms
 GET /api/realtime 200 in 58ms
 GET /api/realtime 200 in 30054ms
 GET /api/realtime 200 in 30055ms
 GET /api/realtime 200 in 30052ms
 GET /api/realtime 200 in 30214ms
 GET /api/realtime 200 in 30058ms
 GET /api/realtime 200 in 30062ms
 GET /api/realtime 200 in 30058ms
 GET /api/realtime 200 in 30051ms
 GET /api/realtime 200 in 30054ms
 GET /api/realtime 200 in 30050ms
 GET /api/realtime 200 in 30049ms
 GET /api/realtime 200 in 30053ms
 GET /api/realtime 200 in 30199ms
 GET /api/realtime 200 in 30052ms
 GET /api/realtime 200 in 30050ms
 GET /api/realtime 200 in 30051ms
 GET /api/realtime 200 in 30052ms
 GET /api/realtime 200 in 30061ms
 GET /api/realtime 200 in 30063ms
 GET /api/realtime 200 in 30062ms
 GET /api/realtime 200 in 30219ms
 GET /api/realtime 200 in 30052ms
 GET /api/realtime 200 in 30057ms
 GET /api/realtime 200 in 30049ms
 GET /api/realtime 200 in 30052ms
 GET /api/realtime 200 in 30051ms
 GET /api/realtime 200 in 30051ms
 GET /api/realtime 200 in 30067ms
 GET /api/realtime 200 in 30053ms
 GET /api/realtime 200 in 30061ms
 GET /api/realtime 200 in 30216ms
 GET /api/realtime 200 in 30054ms
 GET /api/realtime 200 in 30052ms
 GET /api/realtime 200 in 30051ms
 GET /api/realtime 200 in 30052ms
 GET /api/realtime 200 in 30052ms
 GET /api/realtime 200 in 30213ms
 GET /api/realtime 200 in 33951ms
 GET /api/realtime 200 in 30618ms
 GET /api/realtime 200 in 30388ms
 GET /api/realtime 200 in 30514ms
 GET /api/realtime 200 in 30532ms
 GET /api/realtime 200 in 30615ms
 GET /api/realtime 200 in 30547ms
 GET /api/realtime 200 in 30623ms
 GET /api/realtime 200 in 30521ms
 GET /api/realtime 200 in 30589ms
 GET /api/realtime 200 in 30581ms
 GET /api/realtime 200 in 30580ms
 GET /api/realtime 200 in 30580ms
 GET /api/realtime 200 in 30511ms
 GET /api/realtime 200 in 30505ms
 GET /api/realtime 200 in 30512ms
 GET /api/realtime 200 in 30408ms
 GET /api/realtime 200 in 30587ms
 GET /api/realtime 200 in 30509ms
 GET /api/realtime 200 in 30515ms
 GET /api/realtime 200 in 30411ms
 GET /api/realtime 200 in 30392ms
 GET /api/realtime 200 in 30394ms
 GET /api/realtime 200 in 30394ms
 GET /api/realtime 200 in 30393ms
 GET /api/realtime 200 in 30394ms
 GET /api/realtime 200 in 30395ms
 GET /api/realtime 200 in 30392ms
 GET /api/realtime 200 in 30355ms
 GET /api/realtime 200 in 30420ms
 GET /api/realtime 200 in 30395ms
 GET /api/realtime 200 in 30371ms
 GET /api/realtime 200 in 30353ms
 GET /api/realtime 200 in 30452ms
 GET /api/realtime 200 in 30512ms
 GET /api/realtime 200 in 30244ms
 GET /api/realtime 200 in 30237ms
 GET /api/realtime 200 in 30247ms
 GET /api/realtime 200 in 30284ms
 GET /api/realtime 200 in 30303ms
 GET /api/realtime 200 in 30312ms
 GET /api/realtime 200 in 30306ms
 GET /api/realtime 200 in 30305ms
 GET /api/realtime 200 in 30266ms
 GET /api/realtime 200 in 30266ms
 GET /api/realtime 200 in 30273ms
 GET /api/realtime 200 in 30310ms
 GET /api/realtime 200 in 30312ms
 GET /api/realtime 200 in 30289ms
 GET /api/realtime 200 in 30301ms
 GET /api/realtime 200 in 30254ms
 GET /api/realtime 200 in 30270ms
 GET /api/realtime 200 in 30255ms
 GET /api/realtime 200 in 30255ms
 GET /api/realtime 200 in 30304ms
 GET /api/realtime 200 in 30247ms
 GET /api/realtime 200 in 30233ms
 GET /api/realtime 200 in 30216ms
 GET /api/realtime 200 in 30217ms
 GET /api/realtime 200 in 30214ms
 GET /api/realtime 200 in 30214ms
 GET /api/realtime 200 in 30215ms
 GET /api/realtime 200 in 30226ms
 GET /api/realtime 200 in 30260ms
 GET /api/realtime 200 in 30252ms
 GET /api/realtime 200 in 30177ms
 GET /api/realtime 200 in 30185ms
 GET /api/realtime 200 in 30201ms
 GET /api/realtime 200 in 30192ms
 GET /api/realtime 200 in 30168ms
 GET /api/realtime 200 in 30187ms
 GET /api/realtime 200 in 30187ms
 GET /api/realtime 200 in 30169ms
 GET /api/realtime 200 in 30187ms
 GET /api/realtime 200 in 30169ms
 GET /api/realtime 200 in 30169ms
 GET /api/realtime 200 in 30170ms
 GET /api/realtime 200 in 30170ms
 GET /api/realtime 200 in 30171ms
 GET /api/realtime 200 in 30176ms
 GET /api/realtime 200 in 30222ms
 GET /api/realtime 200 in 30198ms
 GET /api/realtime 200 in 30371ms
 GET /api/realtime 200 in 30211ms
 GET /api/realtime 200 in 30210ms
 GET /api/realtime 200 in 30211ms
 GET /api/realtime 200 in 30212ms
 GET /api/realtime 200 in 30212ms
 GET /api/realtime 200 in 30212ms
 GET /api/realtime 200 in 30211ms
 GET /api/realtime 200 in 30213ms
 GET /api/realtime 200 in 30210ms
 GET /api/realtime 200 in 30217ms
 GET /api/realtime 200 in 30219ms
 GET /api/realtime 200 in 30259ms
 GET /api/realtime 200 in 30216ms
 GET /api/realtime 200 in 30222ms
 GET /api/realtime 200 in 30182ms
 GET /api/realtime 200 in 30146ms
 GET /api/realtime 200 in 30192ms
 GET /api/realtime 200 in 30185ms
 GET /api/realtime 200 in 30187ms
 GET /api/realtime 200 in 30186ms
 GET /api/realtime 200 in 30185ms
 GET /api/realtime 200 in 30186ms
 GET /api/realtime 200 in 30187ms
 GET /api/realtime 200 in 30186ms
 GET /api/realtime 200 in 30187ms
 GET /api/realtime 200 in 30187ms
 GET /api/realtime 200 in 30190ms
 GET /api/realtime 200 in 30193ms
 GET /api/realtime 200 in 30188ms
 GET /api/realtime 200 in 30189ms
 GET /api/realtime 200 in 30137ms
 GET /api/realtime 200 in 30235ms
 GET /api/realtime 200 in 30184ms
 GET /api/realtime 200 in 30184ms
 GET /api/realtime 200 in 30185ms
 GET /api/realtime 200 in 30186ms
 GET /api/realtime 200 in 30186ms
 GET /api/realtime 200 in 30185ms
 GET /api/realtime 200 in 30187ms
 GET /api/realtime 200 in 30187ms
 GET /api/realtime 200 in 30187ms
 GET /api/realtime 200 in 30188ms
 GET /api/realtime 200 in 30187ms
 GET /api/realtime 200 in 30187ms
 GET /api/realtime 200 in 30188ms
 GET /api/realtime 200 in 30194ms
 GET /api/realtime 200 in 30176ms
 GET /api/realtime 200 in 30177ms
 GET /api/realtime 200 in 30113ms
 GET /api/realtime 200 in 30114ms
 GET /api/realtime 200 in 30205ms
 GET /api/realtime 200 in 30205ms
 GET /api/realtime 200 in 30205ms
 GET /api/realtime 200 in 30206ms
 GET /api/realtime 200 in 30206ms
 GET /api/realtime 200 in 30209ms
 GET /api/realtime 200 in 30208ms
 GET /api/realtime 200 in 30210ms
 GET /api/realtime 200 in 30210ms
 GET /api/realtime 200 in 30213ms
 GET /api/realtime 200 in 30217ms
 GET /api/realtime 200 in 30182ms
 GET /api/realtime 200 in 30228ms
 GET /api/realtime 200 in 30235ms
 GET /api/realtime 200 in 30340ms
 GET /api/realtime 200 in 30199ms
 GET /api/realtime 200 in 30198ms
 GET /api/realtime 200 in 30207ms
 GET /api/realtime 200 in 30207ms
 GET /api/realtime 200 in 30207ms
 GET /api/realtime 200 in 30202ms
 GET /api/realtime 200 in 30208ms
 GET /api/realtime 200 in 30209ms
 GET /api/realtime 200 in 30209ms
 GET /api/realtime 200 in 30211ms
 GET /api/realtime 200 in 30205ms
 GET /api/realtime 200 in 30206ms
 GET /api/realtime 200 in 30212ms
 GET /api/realtime 200 in 30204ms
 GET /api/realtime 200 in 30221ms
 GET /api/realtime 200 in 30224ms
 GET /api/realtime 200 in 30162ms
 GET /api/realtime 200 in 30169ms
 GET /api/realtime 200 in 30203ms
 GET /api/realtime 200 in 30197ms
 GET /api/realtime 200 in 30204ms
 GET /api/realtime 200 in 30197ms
 GET /api/realtime 200 in 30198ms
 GET /api/realtime 200 in 30199ms
 GET /api/realtime 200 in 30206ms
 GET /api/realtime 200 in 30200ms
 GET /api/realtime 200 in 30200ms
 GET /api/realtime 200 in 30202ms
 GET /api/realtime 200 in 30202ms
 GET /api/realtime 200 in 30205ms
 GET /api/realtime 200 in 30218ms
 GET /api/realtime 200 in 30265ms
 GET /api/realtime 200 in 30186ms
 GET /api/realtime 200 in 30185ms
 GET /api/realtime 200 in 30205ms
 GET /api/realtime 200 in 30204ms
 GET /api/realtime 200 in 30205ms
 GET /api/realtime 200 in 30205ms
 GET /api/realtime 200 in 30204ms
 GET /api/realtime 200 in 30205ms
 GET /api/realtime 200 in 30205ms
 GET /api/realtime 200 in 30207ms
 GET /api/realtime 200 in 30208ms
 GET /api/realtime 200 in 30208ms
 GET /api/realtime 200 in 30212ms
 GET /api/realtime 200 in 30212ms
 GET /api/realtime 200 in 30155ms
 GET /api/realtime 200 in 30156ms
 GET /api/realtime 200 in 30158ms
 GET /api/realtime 200 in 30167ms
 GET /api/realtime 200 in 30162ms
 GET /api/realtime 200 in 30163ms
 GET /api/realtime 200 in 30174ms
 GET /api/realtime 200 in 30163ms
 GET /api/realtime 200 in 30163ms
 GET /api/realtime 200 in 30165ms
 GET /api/realtime 200 in 30165ms
 GET /api/realtime 200 in 30164ms
 GET /api/realtime 200 in 30171ms
 GET /api/realtime 200 in 30164ms
 GET /api/realtime 200 in 30165ms
 GET /api/realtime 200 in 30157ms
 GET /api/realtime 200 in 30172ms
 GET /api/realtime 200 in 30360ms
 GET /api/realtime 200 in 30136ms
 GET /api/realtime 200 in 30138ms
 GET /api/realtime 200 in 30170ms
 GET /api/realtime 200 in 30171ms
 GET /api/realtime 200 in 30170ms
 GET /api/realtime 200 in 30173ms
 GET /api/realtime 200 in 30173ms
 GET /api/realtime 200 in 30168ms
 GET /api/realtime 200 in 30168ms
 GET /api/realtime 200 in 30168ms
 GET /api/realtime 200 in 30169ms
 GET /api/realtime 200 in 30171ms
 GET /api/realtime 200 in 30175ms
 GET /api/realtime 200 in 30171ms
 GET /api/realtime 200 in 30123ms
 GET /api/realtime 200 in 30131ms
 GET /api/realtime 200 in 30163ms
 GET /api/realtime 200 in 30163ms
 GET /api/realtime 200 in 30164ms
 GET /api/realtime 200 in 30164ms
 GET /api/realtime 200 in 30164ms
 GET /api/realtime 200 in 30165ms
 GET /api/realtime 200 in 30166ms
 GET /api/realtime 200 in 30166ms
 GET /api/realtime 200 in 30171ms
 GET /api/realtime 200 in 30169ms
 GET /api/realtime 200 in 30172ms
 GET /api/realtime 200 in 30180ms
 GET /api/realtime 200 in 30190ms
 GET /api/realtime 200 in 30212ms
 GET /api/realtime 200 in 30155ms
 GET /api/realtime 200 in 30156ms
 GET /api/realtime 200 in 30157ms
 GET /api/realtime 200 in 30157ms
 GET /api/realtime 200 in 30158ms
 GET /api/realtime 200 in 30158ms
 GET /api/realtime 200 in 30158ms
 GET /api/realtime 200 in 30158ms
 GET /api/realtime 200 in 30161ms
 GET /api/realtime 200 in 30162ms
 GET /api/realtime 200 in 30165ms
 GET /api/realtime 200 in 30167ms
 GET /api/realtime 200 in 30200ms
 GET /api/realtime 200 in 30171ms
 GET /api/realtime 200 in 30176ms
 GET /api/realtime 200 in 30171ms
 GET /api/realtime 200 in 30177ms
 GET /api/realtime 200 in 30172ms
 GET /api/realtime 200 in 30172ms
 GET /api/realtime 200 in 30172ms
 GET /api/realtime 200 in 30171ms
 GET /api/realtime 200 in 30172ms
 GET /api/realtime 200 in 30174ms
 GET /api/realtime 200 in 30181ms
 GET /api/realtime 200 in 30182ms
 GET /api/realtime 200 in 30299ms
 GET /api/realtime 200 in 30187ms
 GET /api/realtime 200 in 30165ms
 GET /api/realtime 200 in 30142ms
 GET /api/realtime 200 in 30143ms
 GET /api/realtime 200 in 30143ms
 GET /api/realtime 200 in 30144ms
 GET /api/realtime 200 in 30198ms
 GET /api/realtime 200 in 30193ms
 GET /api/realtime 200 in 30193ms
 GET /api/realtime 200 in 30188ms
 GET /api/realtime 200 in 30195ms
 GET /api/realtime 200 in 30184ms
 GET /api/realtime 200 in 30196ms
 GET /api/realtime 200 in 30200ms
 GET /api/realtime 200 in 30187ms
 GET /api/realtime 200 in 30196ms
 GET /api/realtime 200 in 30226ms
 GET /api/realtime 200 in 30229ms
 GET /api/realtime 200 in 30229ms
 GET /api/realtime 200 in 30234ms
 GET /api/realtime 200 in 30354ms
 GET /api/realtime 200 in 30357ms
 GET /api/realtime 200 in 30351ms
 GET /api/realtime 200 in 30355ms
 GET /api/realtime 200 in 30335ms
 GET /api/realtime 200 in 30358ms
 GET /api/realtime 200 in 30338ms
 GET /api/realtime 200 in 30340ms
 GET /api/realtime 200 in 30311ms
 GET /api/realtime 200 in 30389ms
 GET /api/realtime 200 in 30516ms
 GET /api/realtime 200 in 30395ms
 GET /api/realtime 200 in 30584ms
 GET /api/realtime 200 in 30525ms
 GET /api/realtime 200 in 30534ms
 GET /api/realtime 200 in 30580ms
 GET /api/realtime 200 in 30540ms
 GET /api/realtime 200 in 30497ms
 GET /api/realtime 200 in 30255ms
 GET /api/realtime 200 in 30737ms
 GET /api/realtime 200 in 30167ms
 GET /api/realtime 200 in 30167ms
 GET /api/realtime 200 in 30167ms
 GET /api/realtime 200 in 30165ms
 GET /api/realtime 200 in 30165ms
 GET /api/realtime 200 in 30166ms
 GET /api/realtime 200 in 30165ms
 GET /api/realtime 200 in 30169ms
 GET /api/realtime 200 in 30175ms
 GET /api/realtime 200 in 30241ms
 GET /api/realtime 200 in 30249ms
 GET /api/realtime 200 in 30196ms
 GET /api/realtime 200 in 30218ms
 GET /api/realtime 200 in 30142ms
 GET /api/realtime 200 in 30143ms
 GET /api/realtime 200 in 30143ms
 GET /api/realtime 200 in 30144ms
 GET /api/realtime 200 in 30144ms
 GET /api/realtime 200 in 30148ms
 GET /api/realtime 200 in 30219ms
 GET /api/realtime 200 in 30220ms
 GET /api/realtime 200 in 30162ms
 GET /api/realtime 200 in 30173ms
 GET /api/realtime 200 in 30167ms
 GET /api/realtime 200 in 30237ms
 GET /api/realtime 200 in 30193ms
 GET /api/realtime 200 in 30199ms
 GET /api/realtime 200 in 30193ms
 GET /api/realtime 200 in 30194ms
 GET /api/realtime 200 in 30194ms
 GET /api/realtime 200 in 30193ms
 GET /api/realtime 200 in 30202ms
 GET /api/realtime 200 in 30146ms
 GET /api/realtime 200 in 30162ms
 GET /api/realtime 200 in 30231ms
 GET /api/realtime 200 in 30227ms
 GET /api/realtime 200 in 30227ms
 GET /api/realtime 200 in 30181ms
 GET /api/realtime 200 in 30100ms
 GET /api/realtime 200 in 30354ms
 GET /api/realtime 200 in 30084ms
 GET /api/realtime 200 in 30070ms
 GET /api/realtime 200 in 30066ms
 GET /api/realtime 200 in 30083ms
 GET /api/realtime 200 in 30054ms
 GET /api/realtime 200 in 30079ms
 GET /api/realtime 200 in 30062ms
 GET /api/realtime 200 in 30215ms
 GET /api/realtime 200 in 30053ms
 GET /api/realtime 200 in 30059ms
 GET /api/realtime 200 in 30058ms
 GET /api/realtime 200 in 30061ms
 GET /api/realtime 200 in 30063ms
 GET /api/realtime 200 in 30056ms
 GET /api/realtime 200 in 30205ms
 GET /api/realtime 200 in 30067ms
 GET /api/realtime 200 in 30060ms
 GET /api/realtime 200 in 30050ms
 GET /api/realtime 200 in 30051ms
 GET /api/realtime 200 in 27796ms
 GET /api/realtime 200 in 27307ms
 GET /api/realtime 200 in 24932ms
 GET /api/realtime 200 in 24055ms
 GET /api/realtime 200 in 24119ms
 GET /api/realtime 200 in 24378ms
 GET /api/realtime 200 in 24755ms
 GET /api/realtime 200 in 24560ms
 GET /api/realtime 200 in 27038ms
 GET /api/realtime 200 in 27890ms
 GET /api/realtime 200 in 24926ms
 GET /api/realtime 200 in 27000ms
 GET /api/realtime 200 in 27332ms
 GET /api/realtime 200 in 22824ms
 GET /api/realtime 200 in 22652ms
 GET /api/realtime 200 in 24674ms
 GET /api/realtime 200 in 23008ms
 GET /api/realtime 200 in 23955ms
 GET /api/realtime 200 in 23304ms
 GET /api/realtime 200 in 22657ms
 GET /api/realtime 200 in 22217ms
 GET /api/realtime 200 in 24213ms
 GET /api/realtime 200 in 20798ms
 GET /api/realtime 200 in 23612ms
 GET /api/realtime 200 in 20699ms
 GET /api/realtime 200 in 23614ms
 GET /api/realtime 200 in 23317ms
 GET /api/realtime 200 in 23046ms
 GET /api/realtime 200 in 23776ms
 GET /api/realtime 200 in 21673ms
 GET /api/realtime 200 in 21008ms
 GET /api/realtime 200 in 24343ms
 GET /api/realtime 200 in 22821ms
 GET /api/realtime 200 in 24771ms
 GET /api/realtime 200 in 21913ms
 GET /api/realtime 200 in 24520ms
 GET /api/realtime 200 in 24130ms
 GET /api/realtime 200 in 23960ms
 GET /api/realtime 200 in 21825ms
 GET /api/realtime 200 in 23714ms
 GET /api/realtime 200 in 27341ms
 GET /api/realtime 200 in 23476ms
 GET /api/realtime 200 in 23781ms
 GET /api/realtime 200 in 24909ms
 GET /api/realtime 200 in 24256ms
 GET /api/realtime 200 in 24485ms
 GET /api/realtime 200 in 23844ms
 GET /api/realtime 200 in 22097ms
 GET /api/realtime 200 in 21714ms
 GET /api/realtime 200 in 23479ms
 GET /api/realtime 200 in 21302ms
 GET /api/realtime 200 in 22520ms
 GET /api/realtime 200 in 20908ms
 GET /api/realtime 200 in 20975ms
 GET /api/realtime 200 in 22068ms
 GET /api/realtime 200 in 23327ms
 GET /api/realtime 200 in 20875ms
 GET /api/realtime 200 in 23144ms
 GET /api/realtime 200 in 23482ms
 GET /api/realtime 200 in 22197ms
 GET /api/realtime 200 in 21980ms
 GET /api/realtime 200 in 24736ms
 GET /api/realtime 200 in 23471ms
 GET /api/realtime 200 in 24458ms
 GET /api/realtime 200 in 21338ms
 GET /api/realtime 200 in 22490ms
 GET /api/realtime 200 in 21553ms
 GET /api/realtime 200 in 23904ms
 GET /api/realtime 200 in 21224ms
 GET /api/realtime 200 in 20571ms
 GET /api/realtime 200 in 23183ms
 GET /api/realtime 200 in 21421ms
 GET /api/realtime 200 in 22378ms
 GET /api/realtime 200 in 20786ms
 GET /api/realtime 200 in 23333ms
 GET /api/realtime 200 in 27021ms
 GET /api/realtime 200 in 20663ms
 GET /api/realtime 200 in 23669ms
 GET /api/realtime 200 in 20618ms
 GET /api/realtime 200 in 24028ms
 GET /api/realtime 200 in 22978ms
 GET /api/realtime 200 in 21146ms
 GET /api/realtime 200 in 24925ms
 GET /api/realtime 200 in 21608ms
 GET /api/realtime 200 in 21112ms
 GET /api/realtime 200 in 21489ms
 GET /api/realtime 200 in 21798ms
 GET /api/realtime 200 in 32404ms
 GET /api/realtime 200 in 33106ms
 GET /api/realtime 200 in 30289ms
 GET /api/realtime 200 in 30306ms
 GET /api/realtime 200 in 30270ms
 GET /api/realtime 200 in 30244ms
 GET /api/realtime 200 in 30240ms
 GET /api/realtime 200 in 30240ms
 GET /api/realtime 200 in 30202ms
 GET /api/realtime 200 in 30198ms
 GET /api/realtime 200 in 30207ms
 GET /api/realtime 200 in 30210ms
 GET /api/realtime 200 in 30215ms
 GET /api/realtime 200 in 30214ms
 GET /api/realtime 200 in 30278ms
 GET /api/realtime 200 in 30204ms
 GET /api/realtime 200 in 30214ms
 GET /api/realtime 200 in 30196ms
 GET /api/realtime 200 in 30193ms
 GET /api/realtime 200 in 30229ms
 GET /api/realtime 200 in 30199ms
 GET /api/realtime 200 in 30208ms
 GET /api/realtime 200 in 30217ms
 GET /api/realtime 200 in 30196ms
 GET /api/realtime 200 in 30211ms
 GET /api/realtime 200 in 30213ms
 GET /api/realtime 200 in 30223ms
 GET /api/realtime 200 in 30213ms
 GET /api/realtime 200 in 30219ms
 GET /api/realtime 200 in 30232ms
 GET /api/realtime 200 in 30201ms
 GET /api/realtime 200 in 30214ms
 GET /api/realtime 200 in 30210ms
 GET /api/realtime 200 in 30227ms
 GET /api/realtime 200 in 30886ms
 GET /api/realtime 200 in 30457ms
 GET /api/realtime 200 in 30205ms
 GET /api/realtime 200 in 30196ms
[?25h
