  ▲ Next.js 14.2.28
  - Local:        http://localhost:3000
  - Environments: .env
  - Experiments (use with caution):
    · outputFileTracingRoot

 ✓ Starting...
 ✓ Ready in 1868ms
 ○ Compiling / ...
 ✓ Compiled / in 1730ms (596 modules)
 GET / 200 in 2228ms
 ✓ Compiled in 517ms (296 modules)
 ○ Compiling /api/auth/[...nextauth] ...
 ✓ Compiled /api/auth/[...nextauth] in 588ms (541 modules)
 GET /api/auth/providers 200 in 1156ms
 GET / 200 in 140ms
 GET /api/auth/session 200 in 68ms
 GET /api/auth/session 200 in 60ms
 ○ Compiling /signup ...
 ✓ Compiled /signup in 1105ms (881 modules)
 GET /login 200 in 1304ms
 GET /signup 200 in 1302ms
 GET /api/auth/session 200 in 84ms
 GET /api/auth/session 200 in 80ms
 GET /api/auth/session 200 in 65ms
 GET /api/auth/session 200 in 57ms
 GET /api/auth/session 200 in 65ms
 GET /api/auth/session 200 in 263ms
 GET /api/auth/csrf 200 in 68ms
 ✓ Compiled /api/signup in 183ms (597 modules)
 POST /api/signup 200 in 684ms
 GET / 200 in 103ms
 GET /api/auth/signin 302 in 92ms
 GET /login?callbackUrl=https://7d9c4eb47.preview.abacusai.app 200 in 74ms
 GET /api/auth/csrf 200 in 60ms
 POST /api/auth/callback/credentials 302 in 366ms
 ✓ Compiled /middleware in 236ms (174 modules)
 ○ Compiling /dashboard ...
 ✓ Compiled /dashboard in 1522ms (2849 modules)
 GET /dashboard 200 in 2086ms
 GET / 200 in 110ms
 GET /dashboard 200 in 124ms
 GET /api/auth/session 200 in 110ms
 ○ Compiling /api/realtime ...
 ✓ Compiled /api/realtime in 713ms (1577 modules)
 ✓ Compiled (1580 modules)
 GET /api/realtime 200 in 989ms
 GET /api/realtime 200 in 1016ms
 GET /api/realtime 200 in 1071ms
 GET /api/realtime 200 in 1103ms
 GET /api/auth/session 200 in 1073ms
 GET /api/notifications?limit=10 200 in 1128ms
 GET /api/auth/session 200 in 126ms
 GET /api/notifications?limit=10 200 in 130ms
 GET /api/auth/session 200 in 100ms
 GET /api/notifications?limit=10 200 in 100ms
 GET /api/realtime 200 in 138ms
 GET /api/auth/session 200 in 121ms
 GET /api/notifications?limit=10 200 in 148ms
 GET /api/realtime 200 in 166ms
 GET /api/auth/session 200 in 72ms
 GET /api/realtime 200 in 101ms
 ○ Compiling /settings ...
 ✓ Compiled /settings in 5.4s (3348 modules)
 GET /equipment 200 in 6299ms
 GET /inspections 200 in 6295ms
 GET /change-orders 200 in 6277ms
 GET /punch-lists 200 in 6316ms
 GET /daily-reports 200 in 6214ms
 GET /team 200 in 6299ms
 GET /rfis 200 in 6281ms
 GET /safety 200 in 6217ms
 GET /projects/new 200 in 6216ms
 GET /submittals 200 in 6269ms
 GET /reports 200 in 6218ms
 GET /settings 200 in 6221ms
 GET /projects 200 in 6273ms
 GET /documents 200 in 6222ms
 GET /meetings 200 in 6327ms
 GET /company 200 in 6229ms
 GET /tasks 200 in 6231ms
 GET /api/notifications?limit=10 200 in 236ms
 GET /api/auth/session 200 in 434ms
 GET /api/realtime 200 in 444ms
 GET /api/notifications?limit=10 200 in 449ms
 GET /api/realtime 200 in 418ms
 GET /api/realtime 200 in 308ms
 GET /api/realtime 200 in 468ms
 GET /api/realtime 200 in 311ms
 GET /api/realtime 200 in 317ms
 GET /api/auth/session 200 in 388ms
 GET /api/realtime 200 in 499ms
 GET /api/realtime 200 in 504ms
 GET /api/notifications?limit=10 200 in 556ms
 GET /api/realtime 200 in 510ms
 GET /api/realtime 200 in 513ms
 GET /api/auth/session 200 in 643ms
 GET /api/realtime 200 in 487ms
 GET /api/realtime 200 in 582ms
 GET /api/realtime 200 in 458ms
 GET /api/realtime 200 in 451ms
 GET /api/realtime 200 in 460ms
 GET /api/realtime 200 in 441ms
 GET /api/notifications?limit=10 200 in 458ms
 GET /api/realtime 200 in 396ms
 GET /api/realtime 200 in 212ms
 GET /api/realtime 200 in 229ms
 GET /api/realtime 200 in 233ms
 GET /api/auth/session 200 in 329ms
 GET /api/realtime 200 in 374ms
 GET /api/notifications?limit=10 200 in 376ms
 GET /api/auth/session 200 in 323ms
 GET /api/notifications?limit=10 200 in 291ms
 GET /api/auth/session 200 in 327ms
 GET /api/notifications?limit=10 200 in 314ms
 GET /api/realtime 200 in 285ms
 GET /api/auth/session 200 in 313ms
 GET /api/notifications?limit=10 200 in 338ms
 GET /api/auth/session 200 in 249ms
 GET /api/realtime 200 in 266ms
 GET /api/notifications?limit=10 200 in 273ms
 GET /api/auth/session 200 in 307ms
 GET /api/notifications?limit=10 200 in 358ms
 GET /api/auth/session 200 in 258ms
 GET /api/notifications?limit=10 200 in 326ms
 GET /api/auth/session 200 in 370ms
 GET /api/realtime 200 in 390ms
 GET /api/notifications?limit=10 200 in 365ms
 GET /api/realtime 200 in 232ms
 GET /api/auth/session 200 in 210ms
 GET /api/notifications?limit=10 200 in 199ms
 GET /api/auth/session 200 in 227ms
 GET /api/realtime 200 in 219ms
 GET /api/realtime 200 in 236ms
 GET /api/notifications?limit=10 200 in 225ms
 GET /api/realtime 200 in 182ms
 GET /api/auth/session 200 in 171ms
 GET /api/notifications?limit=10 200 in 156ms
 GET /api/realtime 200 in 165ms
 GET /api/notifications?limit=10 200 in 188ms
 GET /api/auth/session 200 in 246ms
 GET /api/notifications?limit=10 200 in 265ms
 GET /api/auth/session 200 in 247ms
 GET /api/notifications?limit=10 200 in 381ms
 GET /api/auth/session 200 in 638ms
 GET /api/notifications?limit=10 200 in 249ms
 GET /api/auth/session 200 in 259ms
 GET /api/realtime 200 in 230ms
 GET /api/realtime 200 in 228ms
 GET /api/notifications?limit=10 200 in 252ms
 GET /api/auth/session 200 in 312ms
 GET /api/realtime 200 in 304ms
 GET /api/realtime 200 in 307ms
 GET /api/realtime 200 in 307ms
 GET /api/realtime 200 in 331ms
 GET /api/realtime 200 in 333ms
 GET /api/realtime 200 in 336ms
 GET /api/realtime 200 in 339ms
 GET /api/notifications?limit=10 200 in 425ms
 GET /api/notifications?limit=10 200 in 408ms
 GET /api/notifications?limit=10 200 in 405ms
 GET /api/notifications?limit=10 200 in 404ms
 GET /api/notifications?limit=10 200 in 408ms
 GET /api/notifications?limit=10 200 in 353ms
 GET /api/notifications?limit=10 200 in 341ms
 GET /api/notifications?limit=10 200 in 339ms
 GET /api/notifications?limit=10 200 in 340ms
 GET /api/notifications?limit=10 200 in 341ms
 GET /api/notifications?limit=10 500 in 349ms
 GET /api/notifications?limit=10 500 in 351ms
 GET /api/notifications?limit=10 500 in 355ms
 GET /api/notifications?limit=10 200 in 355ms
 GET /api/notifications?limit=10 500 in 358ms
 GET /api/notifications?limit=10 200 in 359ms
 GET /api/notifications?limit=10 200 in 360ms
 GET /api/notifications?limit=10 200 in 360ms
 GET /api/notifications?limit=10 200 in 364ms
 GET /api/notifications?limit=10 200 in 365ms
 GET /api/notifications?limit=10 200 in 366ms
 GET /api/notifications?limit=10 200 in 366ms
 GET /api/notifications?limit=10 200 in 367ms
 GET /api/notifications?limit=10 200 in 367ms
 GET /api/notifications?limit=10 200 in 367ms
 GET /api/notifications?limit=10 500 in 444ms
 GET /api/notifications?limit=10 500 in 376ms
 GET /api/notifications?limit=10 500 in 377ms
 GET /api/realtime 200 in 461ms
 GET /api/realtime 200 in 522ms
 GET /api/realtime 200 in 373ms
 GET /api/auth/session 200 in 380ms
 GET /api/notifications?limit=10 200 in 441ms
 GET /api/realtime 200 in 351ms
 GET /api/realtime 200 in 133ms
 GET /api/auth/session 200 in 52ms
 GET /api/auth/session 200 in 71ms
 GET /api/auth/session 200 in 160ms
 GET /api/auth/session 200 in 129ms
 GET /api/auth/session 200 in 87ms
 GET /api/realtime 200 in 60ms
 ○ Compiling /company/usage ...
 ✓ Compiled /company/usage in 2.4s (3447 modules)
 GET /company/invitations 200 in 2760ms
 GET /company/usage 200 in 2739ms
 GET /company/settings 307 in 2739ms
 GET /company/team 200 in 2781ms
 GET /dashboard 200 in 294ms
 GET /projects/project-riverside-homes 200 in 3137ms
 GET /projects/project-mall-renovation 200 in 3121ms
 GET /projects/project-downtown-office 200 in 3122ms
 ○ Compiling /api/company/invitations ...
 ✓ Compiled /api/company/invitations in 1347ms (1913 modules)
 GET /api/realtime 200 in 1581ms
 GET /api/realtime 200 in 1615ms
 GET /api/realtime 200 in 1599ms
 GET /api/realtime 200 in 1587ms
 GET /api/realtime 200 in 1600ms
 GET /api/realtime 200 in 1606ms
 GET /api/realtime 200 in 1601ms
 GET /api/realtime 200 in 1775ms
 GET /api/realtime 200 in 1617ms
 GET /api/realtime 200 in 1775ms
 GET /api/realtime 200 in 1619ms
 GET /api/realtime 200 in 1794ms
 GET /api/realtime 200 in 1612ms
 GET /api/realtime 200 in 1802ms
 GET /api/realtime 200 in 1802ms
 GET /api/realtime 200 in 1803ms
 GET /api/auth/session 200 in 2257ms
 GET /api/company/invitations? 200 in 2335ms
 GET /api/notifications?limit=10 200 in 1836ms
 GET /api/auth/session 200 in 170ms
 GET /api/company/invitations? 200 in 175ms
 GET /api/notifications?limit=10 200 in 177ms
 GET /api/company/invitations? 200 in 194ms
 GET /api/auth/session 200 in 192ms
 GET /api/notifications?limit=10 200 in 195ms
 GET /api/realtime 200 in 31007ms
 GET /api/realtime 200 in 30699ms
 GET /api/auth/session 200 in 164ms
 GET /api/company/invitations? 200 in 179ms
 GET /api/realtime 200 in 30126ms
 GET /api/notifications?limit=10 200 in 178ms
 GET /api/realtime 200 in 156ms
 GET /api/realtime 200 in 30094ms
 GET /api/auth/session 200 in 227ms
 GET /api/notifications?limit=10 200 in 223ms
 GET /api/auth/session 200 in 145ms
 GET /api/realtime 200 in 30078ms
 GET /api/notifications?limit=10 200 in 159ms
 GET /api/realtime 200 in 30060ms
 GET /api/auth/session 200 in 99ms
 GET /api/realtime 200 in 30056ms
 GET /api/realtime 200 in 131ms
 GET /api/notifications?limit=10 200 in 164ms
 GET /api/realtime 200 in 30056ms
 GET /api/auth/session 200 in 198ms
 GET /api/realtime 200 in 30057ms
 GET /api/realtime 200 in 30054ms
 GET /api/notifications?limit=10 200 in 217ms
 GET /api/auth/session 200 in 112ms
 GET /api/realtime 200 in 30057ms
 GET /api/realtime 200 in 30064ms
 GET /api/notifications?limit=10 200 in 146ms
 GET /api/auth/session 200 in 137ms
 GET /api/realtime 200 in 30085ms
 GET /api/realtime 200 in 154ms
 GET /api/realtime 200 in 30056ms
 GET /api/realtime 200 in 30064ms
 GET /api/notifications?limit=10 200 in 230ms
 GET /api/auth/session 200 in 208ms
 GET /api/realtime 200 in 30062ms
 GET /api/realtime 200 in 30053ms
 GET /api/notifications?limit=10 200 in 165ms
 GET /api/realtime 200 in 177ms
 GET /api/auth/session 200 in 197ms
 GET /api/realtime 200 in 30062ms
 GET /api/realtime 200 in 213ms
 GET /api/realtime 200 in 30056ms
 GET /api/auth/session 200 in 174ms
 GET /api/realtime 200 in 30055ms
 GET /api/notifications?limit=10 200 in 258ms
 GET /api/realtime 200 in 30055ms
 GET /api/auth/session 200 in 166ms
 GET /api/realtime 200 in 30067ms
 GET /api/notifications?limit=10 200 in 154ms
 GET /api/realtime 200 in 30060ms
 GET /api/realtime 200 in 183ms
 GET /api/realtime 200 in 30062ms
 GET /api/auth/session 200 in 156ms
 GET /api/notifications?limit=10 200 in 165ms
 GET /api/realtime 200 in 30059ms
 GET /api/realtime 200 in 30060ms
 GET /api/auth/session 200 in 221ms
 GET /api/realtime 200 in 30059ms
 GET /api/notifications?limit=10 200 in 246ms
 GET /api/realtime 200 in 240ms
 GET /api/realtime 200 in 30056ms
 GET /api/realtime 200 in 208ms
 GET /api/auth/session 200 in 246ms
 GET /api/realtime 200 in 30060ms
 GET /api/realtime 200 in 205ms
 GET /api/notifications?limit=10 200 in 134ms
 GET /api/realtime 200 in 30054ms
 GET /api/auth/session 200 in 138ms
 GET /api/realtime 200 in 30055ms
 GET /api/auth/session 200 in 71ms
 GET /api/realtime 200 in 30058ms
 GET /api/realtime 200 in 30057ms
 GET /api/auth/session 200 in 83ms
 GET /api/realtime 200 in 30053ms
 GET /api/auth/session 200 in 136ms
 GET /api/realtime 200 in 30060ms
 GET /api/auth/session 200 in 73ms
 GET /api/realtime 200 in 30068ms
 GET /api/realtime 200 in 30074ms
 GET /api/auth/session 200 in 103ms
 GET /api/realtime 200 in 30063ms
 GET /api/realtime 200 in 30056ms
 GET /api/realtime 200 in 30068ms
 GET /api/auth/session 200 in 195ms
 GET /api/realtime 200 in 30057ms
 GET /api/auth/session 200 in 58ms
 GET /api/realtime 200 in 30055ms
 GET /api/auth/session 200 in 99ms
 GET /api/realtime 200 in 30061ms
 GET /api/realtime 200 in 30071ms
 GET /api/realtime 200 in 30061ms
 GET /api/realtime 200 in 72ms
 GET /api/realtime 200 in 30066ms
 GET /api/realtime 200 in 30056ms
 GET /api/realtime 200 in 30058ms
 GET /api/realtime 200 in 30076ms
 GET /api/realtime 200 in 30063ms
 GET /api/realtime 200 in 30061ms
 GET /api/realtime 200 in 30067ms
 GET /api/realtime 200 in 30076ms
 GET /api/realtime 200 in 30066ms
 GET /api/realtime 200 in 30068ms
 GET /api/realtime 200 in 30061ms
 GET /api/realtime 200 in 30060ms
 GET /api/realtime 200 in 30438ms
 GET /api/realtime 200 in 30408ms
 GET /api/realtime 200 in 30372ms
 GET /api/realtime 200 in 30352ms
 GET /api/realtime 200 in 30299ms
 GET /api/realtime 200 in 30305ms
 GET /api/realtime 200 in 30300ms
 GET /api/realtime 200 in 30306ms
 GET /api/realtime 200 in 30372ms
 GET /api/realtime 200 in 30498ms
 GET /api/realtime 200 in 30481ms
 GET /api/realtime 200 in 30480ms
 GET /api/realtime 200 in 30488ms
 GET /api/realtime 200 in 30502ms
 GET /api/realtime 200 in 30503ms
 GET /api/realtime 200 in 30496ms
 GET /api/realtime 200 in 30497ms
 GET /api/realtime 200 in 30509ms
 GET /api/realtime 200 in 30490ms
 GET /api/realtime 200 in 30461ms
 GET /api/realtime 200 in 30498ms
 GET /api/realtime 200 in 30563ms
 GET /api/realtime 200 in 30492ms
 GET /api/realtime 200 in 30545ms
 GET /api/realtime 200 in 30472ms
 GET /api/realtime 200 in 30473ms
 GET /api/realtime 200 in 30455ms
 GET /api/realtime 200 in 30469ms
 GET /api/realtime 200 in 30426ms
 GET /api/realtime 200 in 30437ms
 GET /api/realtime 200 in 30438ms
 GET /api/realtime 200 in 30426ms
 GET /api/realtime 200 in 30381ms
 GET /api/realtime 200 in 30398ms
 GET /api/realtime 200 in 30223ms
 GET /api/realtime 200 in 30224ms
 GET /api/realtime 200 in 30224ms
 GET /api/realtime 200 in 30238ms
 GET /api/realtime 200 in 30203ms
 GET /api/realtime 200 in 30240ms
 GET /api/realtime 200 in 30206ms
 GET /api/realtime 200 in 30205ms
 GET /api/realtime 200 in 30243ms
 GET /api/realtime 200 in 30244ms
 GET /api/realtime 200 in 30245ms
 GET /api/realtime 200 in 30223ms
 GET /api/realtime 200 in 30353ms
 GET /api/realtime 200 in 30354ms
 GET /api/realtime 200 in 30344ms
 GET /api/realtime 200 in 30345ms
 GET /api/realtime 200 in 30361ms
 GET /api/realtime 200 in 30365ms
 GET /api/realtime 200 in 30364ms
 GET /api/realtime 200 in 30329ms
 GET /api/realtime 200 in 30318ms
 GET /api/realtime 200 in 30318ms
 GET /api/realtime 200 in 30319ms
 GET /api/realtime 200 in 30327ms
 GET /api/realtime 200 in 30247ms
 GET /api/realtime 200 in 30233ms
 GET /api/realtime 200 in 30233ms
 GET /api/realtime 200 in 30234ms
 GET /api/realtime 200 in 30218ms
 GET /api/realtime 200 in 30221ms
 GET /api/realtime 200 in 30222ms
 GET /api/realtime 200 in 30246ms
 GET /api/realtime 200 in 30258ms
 GET /api/realtime 200 in 30295ms
 GET /api/realtime 200 in 30297ms
 GET /api/realtime 200 in 30289ms
 GET /api/realtime 200 in 30298ms
 GET /api/realtime 200 in 30290ms
 GET /api/realtime 200 in 30290ms
 GET /api/realtime 200 in 30262ms
 GET /api/realtime 200 in 30300ms
 GET /api/realtime 200 in 30284ms
 GET /api/realtime 200 in 30284ms
 GET /api/realtime 200 in 30285ms
 GET /api/realtime 200 in 30186ms
 GET /api/realtime 200 in 30314ms
 GET /api/realtime 200 in 30316ms
 GET /api/realtime 200 in 30247ms
 GET /api/realtime 200 in 30249ms
 GET /api/realtime 200 in 30271ms
 GET /api/realtime 200 in 30258ms
 GET /api/realtime 200 in 30260ms
 GET /api/realtime 200 in 30261ms
 GET /api/realtime 200 in 30262ms
 GET /api/realtime 200 in 30263ms
 GET /api/realtime 200 in 30273ms
 GET /api/realtime 200 in 30265ms
 GET /api/realtime 200 in 30300ms
 GET /api/realtime 200 in 30302ms
 GET /api/realtime 200 in 30296ms
 GET /api/realtime 200 in 30307ms
 GET /api/realtime 200 in 30283ms
 GET /api/realtime 200 in 30284ms
 GET /api/realtime 200 in 30285ms
 GET /api/realtime 200 in 30301ms
 GET /api/realtime 200 in 30302ms
 GET /api/realtime 200 in 30306ms
 GET /api/realtime 200 in 30284ms
 GET /api/realtime 200 in 30315ms
 GET /api/realtime 200 in 30327ms
 GET /api/realtime 200 in 30433ms
 GET /api/realtime 200 in 30357ms
 GET /api/realtime 200 in 30418ms
 GET /api/realtime 200 in 30357ms
 GET /api/realtime 200 in 30358ms
 GET /api/realtime 200 in 30358ms
 GET /api/realtime 200 in 30445ms
 GET /api/realtime 200 in 30216ms
 GET /api/realtime 200 in 30216ms
 GET /api/realtime 200 in 30203ms
 GET /api/realtime 200 in 30219ms
 GET /api/realtime 200 in 30207ms
 GET /api/realtime 200 in 30280ms
 GET /api/realtime 200 in 30266ms
 GET /api/realtime 200 in 30261ms
 GET /api/realtime 200 in 30263ms
 GET /api/realtime 200 in 30217ms
 GET /api/realtime 200 in 30199ms
 GET /api/realtime 200 in 30183ms
 GET /api/realtime 200 in 30182ms
 GET /api/realtime 200 in 30166ms
 GET /api/realtime 200 in 30184ms
 GET /api/realtime 200 in 30183ms
 GET /api/realtime 200 in 30174ms
 GET /api/realtime 200 in 30167ms
 GET /api/realtime 200 in 30168ms
 GET /api/realtime 200 in 30169ms
 GET /api/realtime 200 in 30173ms
 GET /api/realtime 200 in 30190ms
 GET /api/realtime 200 in 30346ms
 GET /api/realtime 200 in 30348ms
 GET /api/realtime 200 in 30350ms
 GET /api/realtime 200 in 30315ms
 GET /api/realtime 200 in 30304ms
 GET /api/realtime 200 in 30305ms
 GET /api/realtime 200 in 30305ms
 GET /api/realtime 200 in 30306ms
 GET /api/realtime 200 in 30306ms
 GET /api/realtime 200 in 30308ms
 GET /api/realtime 200 in 30307ms
 GET /api/realtime 200 in 30322ms
 GET /api/realtime 200 in 30310ms
 GET /api/realtime 200 in 30310ms
 GET /api/realtime 200 in 30311ms
 GET /api/realtime 200 in 30234ms
 GET /api/realtime 200 in 30231ms
 GET /api/realtime 200 in 30213ms
 GET /api/realtime 200 in 30227ms
 GET /api/realtime 200 in 30287ms
 GET /api/realtime 200 in 30278ms
 GET /api/realtime 200 in 30268ms
 GET /api/realtime 200 in 30292ms
 GET /api/realtime 200 in 30257ms
 GET /api/realtime 200 in 30410ms
 GET /api/realtime 200 in 30410ms
 GET /api/realtime 200 in 30410ms
 GET /api/realtime 200 in 30411ms
 GET /api/realtime 200 in 30411ms
 GET /api/realtime 200 in 30412ms
 GET /api/realtime 200 in 30412ms
 GET /api/realtime 200 in 30380ms
 GET /api/realtime 200 in 30358ms
 GET /api/realtime 200 in 30335ms
 GET /api/realtime 200 in 30338ms
 GET /api/realtime 200 in 30387ms
 GET /api/realtime 200 in 30401ms
 GET /api/realtime 200 in 30229ms
 GET /api/realtime 200 in 30223ms
 GET /api/realtime 200 in 30225ms
 GET /api/realtime 200 in 30231ms
 GET /api/realtime 200 in 30234ms
 GET /api/realtime 200 in 30232ms
 GET /api/realtime 200 in 30165ms
 GET /api/realtime 200 in 30164ms
 GET /api/realtime 200 in 30165ms
 GET /api/realtime 200 in 30166ms
 GET /api/realtime 200 in 30167ms
 GET /api/realtime 200 in 30168ms
 GET /api/realtime 200 in 30161ms
 GET /api/realtime 200 in 30161ms
 GET /api/realtime 200 in 30220ms
 GET /api/realtime 200 in 30144ms
 GET /api/realtime 200 in 30139ms
 GET /api/realtime 200 in 30140ms
 GET /api/realtime 200 in 30141ms
 GET /api/realtime 200 in 30126ms
 GET /api/realtime 200 in 30142ms
 GET /api/realtime 200 in 30142ms
 GET /api/realtime 200 in 30176ms
 GET /api/realtime 200 in 30177ms
 GET /api/realtime 200 in 30177ms
 GET /api/realtime 200 in 30180ms
 GET /api/realtime 200 in 30213ms
 GET /api/realtime 200 in 30212ms
 GET /api/realtime 200 in 30213ms
 GET /api/realtime 200 in 30260ms
 GET /api/realtime 200 in 30261ms
 GET /api/realtime 200 in 30262ms
 GET /api/realtime 200 in 30179ms
 GET /api/realtime 200 in 30263ms
 GET /api/realtime 200 in 30256ms
 GET /api/realtime 200 in 30174ms
 GET /api/realtime 200 in 30174ms
 GET /api/realtime 200 in 30264ms
 GET /api/realtime 200 in 30258ms
 GET /api/realtime 200 in 30186ms
 GET /api/realtime 200 in 30160ms
 GET /api/realtime 200 in 30111ms
 GET /api/realtime 200 in 30217ms
 GET /api/realtime 200 in 30191ms
 GET /api/realtime 200 in 30192ms
 GET /api/realtime 200 in 30192ms
 GET /api/realtime 200 in 30193ms
 GET /api/realtime 200 in 30193ms
 GET /api/realtime 200 in 30194ms
 GET /api/realtime 200 in 30201ms
 GET /api/realtime 200 in 30202ms
 GET /api/realtime 200 in 30178ms
 GET /api/realtime 200 in 30236ms
 GET /api/realtime 200 in 30240ms
 GET /api/realtime 200 in 30213ms
 GET /api/realtime 200 in 30215ms
 GET /api/realtime 200 in 30218ms
 GET /api/realtime 200 in 30219ms
 GET /api/realtime 200 in 30220ms
 GET /api/realtime 200 in 30221ms
 GET /api/realtime 200 in 30221ms
 GET /api/realtime 200 in 30220ms
 GET /api/realtime 200 in 30223ms
 GET /api/realtime 200 in 30267ms
 GET /api/realtime 200 in 30245ms
 GET /api/realtime 200 in 30253ms
 GET /api/realtime 200 in 30339ms
 GET /api/realtime 200 in 30342ms
 GET /api/realtime 200 in 30332ms
 GET /api/realtime 200 in 30328ms
 GET /api/realtime 200 in 30329ms
 GET /api/realtime 200 in 30329ms
 GET /api/realtime 200 in 30335ms
 GET /api/realtime 200 in 30594ms
 GET /api/realtime 200 in 30595ms
 GET /api/realtime 200 in 30570ms
 GET /api/realtime 200 in 30630ms
 GET /api/realtime 200 in 30434ms
 GET /api/realtime 200 in 30212ms
 GET /api/realtime 200 in 30209ms
 GET /api/realtime 200 in 30209ms
 GET /api/realtime 200 in 30202ms
 GET /api/realtime 200 in 30202ms
 GET /api/realtime 200 in 30215ms
 GET /api/realtime 200 in 30250ms
 GET /api/realtime 200 in 30253ms
 GET /api/realtime 200 in 30237ms
 GET /api/realtime 200 in 30208ms
 GET /api/realtime 200 in 30263ms
 GET /api/realtime 200 in 30267ms
 GET /api/realtime 200 in 30222ms
 GET /api/realtime 200 in 30186ms
 GET /api/realtime 200 in 30215ms
 GET /api/realtime 200 in 30234ms
 GET /api/realtime 200 in 30227ms
 GET /api/realtime 200 in 30187ms
 GET /api/realtime 200 in 30195ms
 GET /api/realtime 200 in 30305ms
 GET /api/realtime 200 in 30135ms
 GET /api/realtime 200 in 30063ms
 GET /api/realtime 200 in 30071ms
 GET /api/realtime 200 in 30126ms
 GET /api/realtime 200 in 30131ms
 GET /api/realtime 200 in 30095ms
 GET /api/realtime 200 in 30058ms
 GET /api/realtime 200 in 30056ms
 GET /api/realtime 200 in 30057ms
 GET /api/realtime 200 in 30054ms
 GET /api/realtime 200 in 30072ms
 GET /api/realtime 200 in 30063ms
 GET /api/realtime 200 in 30056ms
 GET /api/realtime 200 in 30054ms
 GET /api/realtime 200 in 30055ms
 GET /api/realtime 200 in 30057ms
 GET /api/realtime 200 in 30059ms
 GET /api/realtime 200 in 31563ms
 GET /api/realtime 200 in 31726ms
 GET /api/realtime 200 in 31542ms
 GET /api/realtime 200 in 31236ms
 GET /api/realtime 200 in 31237ms
 GET /api/realtime 200 in 31223ms
 GET /api/realtime 200 in 31296ms
 GET /api/realtime 200 in 31566ms
 GET /api/realtime 200 in 30105ms
 GET /api/realtime 200 in 30183ms
 GET /api/realtime 200 in 30185ms
 GET /api/realtime 200 in 30195ms
 GET /api/realtime 200 in 30126ms
 GET /api/realtime 200 in 30112ms
 GET /api/realtime 200 in 30165ms
 GET /api/realtime 200 in 30165ms
 GET /api/realtime 200 in 30159ms
 GET /api/realtime 200 in 30149ms
 GET /api/realtime 200 in 30121ms
 GET /api/realtime 200 in 30203ms
 GET /api/realtime 200 in 30174ms
 GET /api/realtime 200 in 30133ms
 GET /api/realtime 200 in 30162ms
 GET /api/realtime 200 in 30175ms
 GET /api/realtime 200 in 30220ms
 GET /api/realtime 200 in 30176ms
 GET /api/realtime 200 in 30151ms
 GET /api/realtime 200 in 30124ms
 GET /api/realtime 200 in 30125ms
 GET /api/realtime 200 in 30145ms
 GET /api/realtime 200 in 30115ms
 GET /api/realtime 200 in 30137ms
 GET /api/realtime 200 in 30158ms
 GET /api/realtime 200 in 30170ms
 GET /api/realtime 200 in 30156ms
 GET /api/realtime 200 in 30227ms
 GET /api/realtime 200 in 30160ms
 GET /api/realtime 200 in 30204ms
 GET /api/realtime 200 in 30144ms
 GET /api/realtime 200 in 30122ms
 GET /api/realtime 200 in 30122ms
 GET /api/realtime 200 in 30134ms
 GET /api/realtime 200 in 30141ms
 GET /api/realtime 200 in 30152ms
 GET /api/realtime 200 in 30156ms
 GET /api/realtime 200 in 30157ms
 GET /api/realtime 200 in 30231ms
 GET /api/realtime 200 in 30149ms
 GET /api/realtime 200 in 30151ms
 GET /api/realtime 200 in 30146ms
 GET /api/realtime 200 in 30177ms
 GET /api/realtime 200 in 30222ms
 GET /api/realtime 200 in 30224ms
 GET /api/realtime 200 in 30179ms
 GET /api/realtime 200 in 30224ms
 GET /api/realtime 200 in 30210ms
 GET /api/realtime 200 in 30187ms
 GET /api/realtime 200 in 30169ms
 GET /api/realtime 200 in 30174ms
 GET /api/realtime 200 in 30185ms
 GET /api/realtime 200 in 30183ms
 GET /api/realtime 200 in 30117ms
 GET /api/realtime 200 in 30119ms
 GET /api/realtime 200 in 30121ms
 GET /api/realtime 200 in 30110ms
 GET /api/realtime 200 in 30154ms
 GET /api/realtime 200 in 30205ms
 GET /api/realtime 200 in 30147ms
 GET /api/realtime 200 in 30126ms
 GET /api/realtime 200 in 30131ms
 GET /api/realtime 200 in 30130ms
 GET /api/realtime 200 in 30095ms
 GET /api/realtime 200 in 30104ms
 GET /api/realtime 200 in 30091ms
 GET /api/realtime 200 in 30099ms
 GET /api/realtime 200 in 30125ms
 GET /api/realtime 200 in 30097ms
 GET /api/realtime 200 in 30124ms
 GET /api/realtime 200 in 30106ms
 GET /api/realtime 200 in 30123ms
 GET /api/realtime 200 in 30157ms
 GET /api/realtime 200 in 30081ms
 GET /api/realtime 200 in 30108ms
 GET /api/realtime 200 in 30117ms
 GET /api/realtime 200 in 30074ms
 GET /api/realtime 200 in 30080ms
 GET /api/realtime 200 in 30060ms
[?25h
