  ▲ Next.js 14.2.28
  - Environments: .env
  - Experiments (use with caution):
    · outputFileTracingRoot

   Creating an optimized production build ...
 ✓ Compiled successfully
   Skipping linting
   Checking validity of types ...
   Collecting page data ...
   Generating static pages (0/28) ...
   Generating static pages (7/28) 
   Generating static pages (14/28) 
   Generating static pages (21/28) 
 ✓ Generating static pages (28/28)
   Finalizing page optimization ...
   Collecting build traces ...

Route (app)                              Size     First Load JS
┌ ƒ /                                    177 B          96.4 kB
├ ƒ /_not-found                          877 B          88.3 kB
├ ƒ /api/activity                        0 B                0 B
├ ƒ /api/auth/[...nextauth]              0 B                0 B
├ ƒ /api/change-orders                   0 B                0 B
├ ƒ /api/change-orders/[id]              0 B                0 B
├ ƒ /api/daily-reports                   0 B                0 B
├ ƒ /api/daily-reports/[id]              0 B                0 B
├ ƒ /api/documents                       0 B                0 B
├ ƒ /api/documents/[id]                  0 B                0 B
├ ƒ /api/documents/[id]/download         0 B                0 B
├ ƒ /api/notifications                   0 B                0 B
├ ƒ /api/projects                        0 B                0 B
├ ƒ /api/projects/[id]                   0 B                0 B
├ ƒ /api/realtime                        0 B                0 B
├ ƒ /api/rfis                            0 B                0 B
├ ƒ /api/rfis/[id]                       0 B                0 B
├ ƒ /api/safety                          0 B                0 B
├ ƒ /api/safety/[id]                     0 B                0 B
├ ƒ /api/search                          0 B                0 B
├ ƒ /api/signup                          0 B                0 B
├ ƒ /api/submittals                      0 B                0 B
├ ƒ /api/submittals/[id]                 0 B                0 B
├ ƒ /api/tasks                           0 B                0 B
├ ƒ /api/tasks/[id]                      0 B                0 B
├ ƒ /api/tasks/[id]/comments             0 B                0 B
├ ƒ /api/team                            0 B                0 B
├ ƒ /api/team/[id]                       0 B                0 B
├ ƒ /api/team/[id]/projects              0 B                0 B
├ ƒ /api/upload/presigned                0 B                0 B
├ ƒ /change-orders                       7.04 kB         176 kB
├ ƒ /daily-reports                       6.3 kB          175 kB
├ ƒ /dashboard                           3.68 kB         243 kB
├ ƒ /documents                           8.45 kB         168 kB
├ ƒ /login                               2.37 kB         125 kB
├ ƒ /projects                            4.27 kB         165 kB
├ ƒ /projects/[id]                       7.18 kB         185 kB
├ ƒ /projects/new                        3.76 kB         172 kB
├ ƒ /reports                             13.3 kB         208 kB
├ ƒ /rfis                                9.47 kB         173 kB
├ ƒ /safety                              6.59 kB         175 kB
├ ƒ /settings                            10.2 kB         146 kB
├ ƒ /signup                              2.72 kB         125 kB
├ ƒ /submittals                          6.78 kB         176 kB
├ ƒ /tasks                               7.97 kB         176 kB
└ ƒ /team                                7.63 kB         167 kB
+ First Load JS shared by all            87.5 kB
  ├ chunks/156-4f76040174220d11.js       31.8 kB
  ├ chunks/ceb5afef-8966806fab663eb9.js  53.6 kB
  └ other shared chunks (total)          2.01 kB


ƒ Middleware                             49.5 kB

ƒ  (Dynamic)  server-rendered on demand

exit_code=0
