  ▲ Next.js 14.2.28
  - Local:        http://localhost:3000
  - Environments: .env
  - Experiments (use with caution):
    · outputFileTracingRoot

 ✓ Starting...
 ✓ Ready in 1487ms
 ○ Compiling / ...
 ✓ Compiled / in 1653ms (596 modules)
 GET / 200 in 2142ms
 ✓ Compiled in 471ms (296 modules)
 ✓ Compiled /api/auth/[...nextauth] in 334ms (541 modules)
 GET /api/auth/providers 200 in 799ms
 GET / 200 in 112ms
 GET /api/auth/session 200 in 64ms
 GET /api/auth/session 200 in 54ms
 ○ Compiling /signup ...
 ✓ Compiled /signup in 953ms (881 modules)
 GET /signup 200 in 1141ms
 GET /login 200 in 1146ms
 GET /api/auth/session 200 in 91ms
 GET /api/auth/session 200 in 50ms
 GET /api/auth/session 200 in 55ms
 GET /api/auth/session 200 in 51ms
 GET /api/auth/session 200 in 60ms
 GET /api/auth/csrf 200 in 59ms
 ✓ Compiled /api/signup in 135ms (597 modules)
 POST /api/signup 200 in 625ms
 GET / 200 in 87ms
 GET /api/auth/signin 302 in 64ms
 GET /login?callbackUrl=https://7d18e9f2f.preview.abacusai.app 200 in 59ms
 GET /api/auth/csrf 200 in 44ms
 POST /api/auth/callback/credentials 302 in 684ms
 ✓ Compiled /middleware in 407ms (174 modules)
 ○ Compiling /dashboard ...
 ✓ Compiled /dashboard in 2.4s (2849 modules)
 GET /dashboard 200 in 2742ms
 GET / 200 in 137ms
 GET /dashboard 200 in 120ms
 GET /api/auth/session 200 in 103ms
 ✓ Compiled /api/realtime in 360ms (1577 modules)
 ✓ Compiled (1580 modules)
 GET /api/auth/session 200 in 827ms
 GET /api/notifications?limit=10 200 in 867ms
 GET /api/realtime 200 in 497ms
 GET /api/auth/session 200 in 121ms
 GET /api/notifications?limit=10 200 in 135ms
 GET /api/realtime 200 in 138ms
 GET /api/auth/session 200 in 133ms
 GET /api/realtime 200 in 145ms
 GET /api/notifications?limit=10 200 in 136ms
 GET /api/auth/session 200 in 120ms
 GET /api/notifications?limit=10 200 in 154ms
 GET /api/realtime 200 in 142ms
 GET /api/auth/session 200 in 123ms
 GET /api/realtime 200 in 155ms
 GET /api/realtime 200 in 110ms
 GET /api/realtime 200 in 98ms
 GET /api/realtime 200 in 99ms
 GET /api/realtime 200 in 99ms
 GET /api/realtime 200 in 387ms
 GET /api/realtime 200 in 65ms
 GET /api/realtime 200 in 65ms
 GET /api/realtime 200 in 72ms
 GET /api/realtime 200 in 68ms
 GET /api/realtime 200 in 71ms
 GET /api/realtime 200 in 64ms
 GET /api/realtime 200 in 112ms
 GET /api/realtime 200 in 70ms
 GET /api/realtime 200 in 65ms
 GET /api/realtime 200 in 71ms
 GET /api/realtime 200 in 67ms
 GET /api/realtime 200 in 65ms
 GET /api/realtime 200 in 70ms
 GET /api/realtime 200 in 65ms
 GET /api/realtime 200 in 72ms
 GET /api/realtime 200 in 73ms
 GET /api/realtime 200 in 68ms
 GET /api/realtime 200 in 75ms
 GET /api/realtime 200 in 76ms
 GET /api/realtime 200 in 81ms
 GET /api/realtime 200 in 76ms
 GET /api/realtime 200 in 69ms
 GET /api/realtime 200 in 68ms
 GET /api/realtime 200 in 71ms
 GET /api/realtime 200 in 65ms
 GET /api/realtime 200 in 80ms
 GET /api/realtime 200 in 65ms
 GET /api/realtime 200 in 61ms
 GET /api/realtime 200 in 66ms
 GET /api/realtime 200 in 71ms
 GET /api/realtime 200 in 71ms
 GET /api/realtime 200 in 70ms
 GET /api/realtime 200 in 70ms
 GET /api/realtime 200 in 75ms
 GET /api/realtime 200 in 62ms
 GET /api/realtime 200 in 73ms
 GET /api/realtime 200 in 63ms
 GET /api/realtime 200 in 63ms
 GET /api/realtime 200 in 111ms
 GET /api/realtime 200 in 125ms
 GET /api/realtime 200 in 66ms
 GET /api/realtime 200 in 65ms
 GET /api/realtime 200 in 67ms
 GET /api/realtime 200 in 65ms
 GET /api/realtime 200 in 42ms
 GET /api/realtime 200 in 6942ms
 ○ Compiling /documents ...
 ✓ Compiled /documents in 2.7s (3352 modules)
 GET /projects/new 200 in 3785ms
 GET /meetings 200 in 3786ms
 GET /daily-reports 200 in 3786ms
 GET /inspections 200 in 3787ms
 GET /punch-lists 200 in 3791ms
 GET /submittals 200 in 3794ms
 GET /rfis 200 in 3794ms
 GET /equipment 200 in 3796ms
 GET /change-orders 200 in 3797ms
 GET /safety 200 in 3797ms
 GET /settings 200 in 3800ms
 GET /company 200 in 3799ms
 GET /reports 200 in 3800ms
 GET /documents 200 in 3786ms
 GET /team 200 in 3807ms
 GET /projects 200 in 3862ms
 GET /tasks 200 in 3814ms
 GET /api/notifications?limit=10 200 in 520ms
 GET /api/realtime 200 in 279ms
 GET /api/auth/session 200 in 493ms
 ○ Compiling /api/company/stats ...
 ✓ Compiled /api/company/stats in 1546ms (1858 modules)
 GET /api/realtime 200 in 2288ms
 GET /api/realtime 200 in 2381ms
 GET /api/realtime 200 in 2455ms
prisma:error 
Invalid `_lib_db__WEBPACK_IMPORTED_MODULE_3__.prisma.task.count()` invocation in
/home/ubuntu/cortexbuild_pro/nextjs_space/.next/server/app/api/company/stats/route.js:308:62

  305         }
  306     }
  307 }),
→ 308 _lib_db__WEBPACK_IMPORTED_MODULE_3__.prisma.task.count(
Too many database connections opened: FATAL: too many connections for role "role_ddaacb0a0"
Prisma Accelerate has built-in connection pooling to prevent such errors: https://pris.ly/client/error-accelerate
 GET /api/company/stats 500 in 2600ms
prisma:error 
Invalid `_lib_db__WEBPACK_IMPORTED_MODULE_3__.prisma.safetyIncident.count()` invocation in
/home/ubuntu/cortexbuild_pro/nextjs_space/.next/server/app/api/company/stats/route.js:373:72

  370         }
  371     }
  372 }),
→ 373 _lib_db__WEBPACK_IMPORTED_MODULE_3__.prisma.safetyIncident.count(
Too many database connections opened: FATAL: too many connections for role "role_ddaacb0a0"
Prisma Accelerate has built-in connection pooling to prevent such errors: https://pris.ly/client/error-accelerate
prisma:error 
Invalid `_lib_db__WEBPACK_IMPORTED_MODULE_3__.prisma.document.count()` invocation in
/home/ubuntu/cortexbuild_pro/nextjs_space/.next/server/app/api/company/stats/route.js:390:66

  387         }
  388     }
  389 }),
→ 390 _lib_db__WEBPACK_IMPORTED_MODULE_3__.prisma.document.count(
Too many database connections opened: FATAL: too many connections for role "role_ddaacb0a0"
Prisma Accelerate has built-in connection pooling to prevent such errors: https://pris.ly/client/error-accelerate
prisma:error 
Invalid `_lib_db__WEBPACK_IMPORTED_MODULE_3__.prisma.activityLog.count()` invocation in
/home/ubuntu/cortexbuild_pro/nextjs_space/.next/server/app/api/company/stats/route.js:397:69

  394         }
  395     }
  396 }),
→ 397 _lib_db__WEBPACK_IMPORTED_MODULE_3__.prisma.activityLog.count(
Too many database connections opened: FATAL: too many connections for role "role_ddaacb0a0"
Prisma Accelerate has built-in connection pooling to prevent such errors: https://pris.ly/client/error-accelerate
prisma:error 
Invalid `_lib_db__WEBPACK_IMPORTED_MODULE_3__.prisma.task.groupBy()` invocation in
/home/ubuntu/cortexbuild_pro/nextjs_space/.next/server/app/api/company/stats/route.js:407:62

  404         }
  405     }
  406 }),
→ 407 _lib_db__WEBPACK_IMPORTED_MODULE_3__.prisma.task.groupBy(
Too many database connections opened: FATAL: too many connections for role "role_ddaacb0a0"
Prisma Accelerate has built-in connection pooling to prevent such errors: https://pris.ly/client/error-accelerate
prisma:error 
Invalid `_lib_db__WEBPACK_IMPORTED_MODULE_3__.prisma.project.groupBy()` invocation in
/home/ubuntu/cortexbuild_pro/nextjs_space/.next/server/app/api/company/stats/route.js:418:65

  415     },
  416     _count: true
  417 }),
→ 418 _lib_db__WEBPACK_IMPORTED_MODULE_3__.prisma.project.groupBy(
Too many database connections opened: FATAL: too many connections for role "role_ddaacb0a0"
Prisma Accelerate has built-in connection pooling to prevent such errors: https://pris.ly/client/error-accelerate
prisma:error 
Invalid `prisma.$queryRaw()` invocation:


Too many database connections opened: FATAL: too many connections for role "role_ddaacb0a0"
Prisma Accelerate has built-in connection pooling to prevent such errors: https://pris.ly/client/error-accelerate
 GET /api/realtime 200 in 1389ms
 GET /api/realtime 200 in 1412ms
 GET /api/realtime 200 in 2217ms
 GET /api/realtime 200 in 1529ms
 GET /api/realtime 200 in 2102ms
 GET /api/realtime 200 in 2113ms
 GET /api/realtime 200 in 2121ms
 GET /api/realtime 200 in 1970ms
 GET /api/realtime 200 in 2364ms
 GET /api/realtime 200 in 2336ms
 GET /api/realtime 200 in 2216ms
 GET /api/realtime 200 in 2396ms
 GET /api/auth/session 200 in 2100ms
 GET /api/notifications?limit=10 200 in 2340ms
 GET /api/realtime 200 in 1875ms
 GET /api/realtime 200 in 196ms
 GET /api/realtime 200 in 216ms
prisma:error 
Invalid `_lib_db__WEBPACK_IMPORTED_MODULE_3__.prisma.project.findMany()` invocation in
/home/ubuntu/cortexbuild_pro/nextjs_space/.next/server/app/api/company/stats/route.js:444:65

  441   GROUP BY DATE("createdAt")
  442   ORDER BY date ASC
  443 `,
→ 444       _lib_db__WEBPACK_IMPORTED_MODULE_3__.prisma.project.findMany(
Too many database connections opened: FATAL: too many connections for role "role_ddaacb0a0"
Prisma Accelerate has built-in connection pooling to prevent such errors: https://pris.ly/client/error-accelerate
 GET /api/company/stats 500 in 215ms
 GET /api/realtime 200 in 221ms
 GET /api/realtime 200 in 221ms
prisma:error 
Invalid `_lib_db__WEBPACK_IMPORTED_MODULE_3__.prisma.submittal.count()` invocation in
/home/ubuntu/cortexbuild_pro/nextjs_space/.next/server/app/api/company/stats/route.js:346:67

  343         status: "OPEN"
  344     }
  345 }),
→ 346 _lib_db__WEBPACK_IMPORTED_MODULE_3__.prisma.submittal.count(
Too many database connections opened: FATAL: too many connections for role "role_ddaacb0a0"
Prisma Accelerate has built-in connection pooling to prevent such errors: https://pris.ly/client/error-accelerate
prisma:error 
Invalid `_lib_db__WEBPACK_IMPORTED_MODULE_3__.prisma.activityLog.count()` invocation in
/home/ubuntu/cortexbuild_pro/nextjs_space/.next/server/app/api/company/stats/route.js:397:69

  394         }
  395     }
  396 }),
→ 397 _lib_db__WEBPACK_IMPORTED_MODULE_3__.prisma.activityLog.count(
Too many database connections opened: FATAL: too many connections for role "role_ddaacb0a0"
Prisma Accelerate has built-in connection pooling to prevent such errors: https://pris.ly/client/error-accelerate
prisma:error 
Invalid `_lib_db__WEBPACK_IMPORTED_MODULE_3__.prisma.project.groupBy()` invocation in
/home/ubuntu/cortexbuild_pro/nextjs_space/.next/server/app/api/company/stats/route.js:418:65

  415     },
  416     _count: true
  417 }),
→ 418 _lib_db__WEBPACK_IMPORTED_MODULE_3__.prisma.project.groupBy(
Too many database connections opened: FATAL: too many connections for role "role_ddaacb0a0"
Prisma Accelerate has built-in connection pooling to prevent such errors: https://pris.ly/client/error-accelerate
prisma:error 
Invalid `_lib_db__WEBPACK_IMPORTED_MODULE_3__.prisma.user.groupBy()` invocation in
/home/ubuntu/cortexbuild_pro/nextjs_space/.next/server/app/api/company/stats/route.js:427:62

  424     },
  425     _count: true
  426 }),
→ 427 _lib_db__WEBPACK_IMPORTED_MODULE_3__.prisma.user.groupBy(
Too many database connections opened: FATAL: too many connections for role "role_ddaacb0a0"
Prisma Accelerate has built-in connection pooling to prevent such errors: https://pris.ly/client/error-accelerate
prisma:error 
Invalid `prisma.$queryRaw()` invocation:


Too many database connections opened: FATAL: too many connections for role "role_ddaacb0a0"
Prisma Accelerate has built-in connection pooling to prevent such errors: https://pris.ly/client/error-accelerate
 GET /api/realtime 200 in 230ms
 GET /api/realtime 200 in 231ms
prisma:error 
Invalid `_lib_db__WEBPACK_IMPORTED_MODULE_3__.prisma.rFI.count()` invocation in
/home/ubuntu/cortexbuild_pro/nextjs_space/.next/server/app/api/company/stats/route.js:338:61

  335         }
  336     }
  337 }),
→ 338 _lib_db__WEBPACK_IMPORTED_MODULE_3__.prisma.rFI.count(
Too many database connections opened: FATAL: too many connections for role "role_ddaacb0a0"
Prisma Accelerate has built-in connection pooling to prevent such errors: https://pris.ly/client/error-accelerate
 GET /api/realtime 200 in 235ms
 GET /api/realtime 200 in 235ms
 GET /api/realtime 200 in 235ms
 GET /api/realtime 200 in 235ms
 GET /api/realtime 200 in 236ms
 GET /api/notifications?limit=10 200 in 222ms
 GET /api/realtime 200 in 241ms
 GET /api/realtime 200 in 242ms
 GET /api/realtime 200 in 241ms
 GET /api/realtime 200 in 242ms
 GET /api/realtime 200 in 242ms
 GET /api/auth/session 200 in 260ms
 GET /api/realtime 200 in 246ms
 GET /api/realtime 200 in 172ms
 GET /api/realtime 200 in 228ms
 GET /api/realtime 200 in 235ms
 GET /api/realtime 200 in 252ms
 GET /api/realtime 200 in 225ms
 GET /api/realtime 200 in 226ms
 GET /api/realtime 200 in 226ms
 GET /api/realtime 200 in 230ms
 GET /api/realtime 200 in 239ms
 GET /api/realtime 200 in 256ms
 GET /api/realtime 200 in 246ms
 GET /api/realtime 200 in 241ms
 GET /api/realtime 200 in 265ms
 GET /api/realtime 200 in 248ms
prisma:error 
Invalid `_lib_db__WEBPACK_IMPORTED_MODULE_3__.prisma.safetyIncident.count()` invocation in
/home/ubuntu/cortexbuild_pro/nextjs_space/.next/server/app/api/company/stats/route.js:380:72

  377         }
  378     }
  379 }),
→ 380 _lib_db__WEBPACK_IMPORTED_MODULE_3__.prisma.safetyIncident.count(
Too many database connections opened: FATAL: too many connections for role "role_ddaacb0a0"
Prisma Accelerate has built-in connection pooling to prevent such errors: https://pris.ly/client/error-accelerate
 GET /api/company/stats 500 in 319ms
prisma:error 
Invalid `_lib_db__WEBPACK_IMPORTED_MODULE_3__.prisma.activityLog.count()` invocation in
/home/ubuntu/cortexbuild_pro/nextjs_space/.next/server/app/api/company/stats/route.js:397:69

  394         }
  395     }
  396 }),
→ 397 _lib_db__WEBPACK_IMPORTED_MODULE_3__.prisma.activityLog.count(
Too many database connections opened: FATAL: too many connections for role "role_ddaacb0a0"
Prisma Accelerate has built-in connection pooling to prevent such errors: https://pris.ly/client/error-accelerate
prisma:error 
Invalid `_lib_db__WEBPACK_IMPORTED_MODULE_3__.prisma.project.groupBy()` invocation in
/home/ubuntu/cortexbuild_pro/nextjs_space/.next/server/app/api/company/stats/route.js:418:65

  415     },
  416     _count: true
  417 }),
→ 418 _lib_db__WEBPACK_IMPORTED_MODULE_3__.prisma.project.groupBy(
Too many database connections opened: FATAL: too many connections for role "role_ddaacb0a0"
Prisma Accelerate has built-in connection pooling to prevent such errors: https://pris.ly/client/error-accelerate
prisma:error 
Invalid `_lib_db__WEBPACK_IMPORTED_MODULE_3__.prisma.user.groupBy()` invocation in
/home/ubuntu/cortexbuild_pro/nextjs_space/.next/server/app/api/company/stats/route.js:427:62

  424     },
  425     _count: true
  426 }),
→ 427 _lib_db__WEBPACK_IMPORTED_MODULE_3__.prisma.user.groupBy(
Too many database connections opened: FATAL: too many connections for role "role_ddaacb0a0"
Prisma Accelerate has built-in connection pooling to prevent such errors: https://pris.ly/client/error-accelerate
prisma:error 
Invalid `prisma.$queryRaw()` invocation:


Too many database connections opened: FATAL: too many connections for role "role_ddaacb0a0"
Prisma Accelerate has built-in connection pooling to prevent such errors: https://pris.ly/client/error-accelerate
prisma:error 
Invalid `_lib_db__WEBPACK_IMPORTED_MODULE_3__.prisma.project.findMany()` invocation in
/home/ubuntu/cortexbuild_pro/nextjs_space/.next/server/app/api/company/stats/route.js:444:65

  441   GROUP BY DATE("createdAt")
  442   ORDER BY date ASC
  443 `,
→ 444       _lib_db__WEBPACK_IMPORTED_MODULE_3__.prisma.project.findMany(
Too many database connections opened: FATAL: too many connections for role "role_ddaacb0a0"
Prisma Accelerate has built-in connection pooling to prevent such errors: https://pris.ly/client/error-accelerate
prisma:error 
Invalid `_lib_db__WEBPACK_IMPORTED_MODULE_3__.prisma.submittal.count()` invocation in
/home/ubuntu/cortexbuild_pro/nextjs_space/.next/server/app/api/company/stats/route.js:353:67

  350         }
  351     }
  352 }),
→ 353 _lib_db__WEBPACK_IMPORTED_MODULE_3__.prisma.submittal.count(
Too many database connections opened: FATAL: too many connections for role "role_ddaacb0a0"
Prisma Accelerate has built-in connection pooling to prevent such errors: https://pris.ly/client/error-accelerate
 GET /api/realtime 200 in 325ms
 GET /api/notifications?limit=10 200 in 279ms
 GET /api/auth/session 200 in 287ms
 GET /api/realtime 200 in 312ms
 GET /api/realtime 200 in 287ms
 GET /api/realtime 200 in 311ms
 GET /api/realtime 200 in 312ms
 GET /api/realtime 200 in 307ms
 GET /api/realtime 200 in 292ms
 GET /api/realtime 200 in 293ms
 GET /api/realtime 200 in 294ms
 GET /api/realtime 200 in 294ms
 GET /api/realtime 200 in 294ms
 GET /api/realtime 200 in 296ms
 GET /api/realtime 200 in 296ms
 GET /api/realtime 200 in 296ms
 GET /api/realtime 200 in 296ms
 GET /api/realtime 200 in 308ms
prisma:error 
Invalid `_lib_db__WEBPACK_IMPORTED_MODULE_3__.prisma.task.count()` invocation in
/home/ubuntu/cortexbuild_pro/nextjs_space/.next/server/app/api/company/stats/route.js:301:62

  298         status: "COMPLETED"
  299     }
  300 }),
→ 301 _lib_db__WEBPACK_IMPORTED_MODULE_3__.prisma.task.count(
Too many database connections opened: FATAL: too many connections for role "role_ddaacb0a0"
Prisma Accelerate has built-in connection pooling to prevent such errors: https://pris.ly/client/error-accelerate
 GET /api/company/stats 500 in 364ms
prisma:error 
Invalid `_lib_db__WEBPACK_IMPORTED_MODULE_3__.prisma.safetyIncident.count()` invocation in
/home/ubuntu/cortexbuild_pro/nextjs_space/.next/server/app/api/company/stats/route.js:373:72

  370         }
  371     }
  372 }),
→ 373 _lib_db__WEBPACK_IMPORTED_MODULE_3__.prisma.safetyIncident.count(
Too many database connections opened: FATAL: too many connections for role "role_ddaacb0a0"
Prisma Accelerate has built-in connection pooling to prevent such errors: https://pris.ly/client/error-accelerate
prisma:error 
Invalid `_lib_db__WEBPACK_IMPORTED_MODULE_3__.prisma.task.groupBy()` invocation in
/home/ubuntu/cortexbuild_pro/nextjs_space/.next/server/app/api/company/stats/route.js:407:62

  404         }
  405     }
  406 }),
→ 407 _lib_db__WEBPACK_IMPORTED_MODULE_3__.prisma.task.groupBy(
Too many database connections opened: FATAL: too many connections for role "role_ddaacb0a0"
Prisma Accelerate has built-in connection pooling to prevent such errors: https://pris.ly/client/error-accelerate
prisma:error 
Invalid `prisma.$queryRaw()` invocation:


Too many database connections opened: FATAL: too many connections for role "role_ddaacb0a0"
Prisma Accelerate has built-in connection pooling to prevent such errors: https://pris.ly/client/error-accelerate
prisma:error 
Invalid `_lib_db__WEBPACK_IMPORTED_MODULE_3__.prisma.project.findMany()` invocation in
/home/ubuntu/cortexbuild_pro/nextjs_space/.next/server/app/api/company/stats/route.js:444:65

  441   GROUP BY DATE("createdAt")
  442   ORDER BY date ASC
  443 `,
→ 444       _lib_db__WEBPACK_IMPORTED_MODULE_3__.prisma.project.findMany(
Too many database connections opened: FATAL: too many connections for role "role_ddaacb0a0"
Prisma Accelerate has built-in connection pooling to prevent such errors: https://pris.ly/client/error-accelerate
prisma:error 
Invalid `_lib_db__WEBPACK_IMPORTED_MODULE_3__.prisma.task.count()` invocation in
/home/ubuntu/cortexbuild_pro/nextjs_space/.next/server/app/api/company/stats/route.js:308:62

  305         }
  306     }
  307 }),
→ 308 _lib_db__WEBPACK_IMPORTED_MODULE_3__.prisma.task.count(
Too many database connections opened: FATAL: too many connections for role "role_ddaacb0a0"
Prisma Accelerate has built-in connection pooling to prevent such errors: https://pris.ly/client/error-accelerate
prisma:error 
Invalid `_lib_db__WEBPACK_IMPORTED_MODULE_3__.prisma.submittal.count()` invocation in
/home/ubuntu/cortexbuild_pro/nextjs_space/.next/server/app/api/company/stats/route.js:346:67

  343         status: "OPEN"
  344     }
  345 }),
→ 346 _lib_db__WEBPACK_IMPORTED_MODULE_3__.prisma.submittal.count(
Too many database connections opened: FATAL: too many connections for role "role_ddaacb0a0"
Prisma Accelerate has built-in connection pooling to prevent such errors: https://pris.ly/client/error-accelerate
 GET /api/notifications?limit=10 200 in 383ms
 GET /api/realtime 200 in 463ms
 GET /api/auth/session 200 in 365ms
 GET /api/realtime 200 in 412ms
 GET /api/realtime 200 in 512ms
 GET /api/realtime 200 in 507ms
 GET /api/realtime 200 in 513ms
 GET /api/realtime 200 in 579ms
 GET /api/realtime 200 in 515ms
 GET /api/realtime 200 in 514ms
 GET /api/realtime 200 in 516ms
 GET /api/realtime 200 in 562ms
 GET /api/realtime 200 in 610ms
 GET /api/realtime 200 in 613ms
 GET /api/realtime 200 in 683ms
 GET /api/realtime 200 in 714ms
 GET /api/realtime 200 in 716ms
 GET /api/notifications?limit=10 200 in 528ms
 GET /api/realtime 200 in 731ms
 GET /api/realtime 200 in 576ms
 GET /api/auth/session 200 in 501ms
 GET /api/realtime 200 in 337ms
 GET /api/realtime 200 in 339ms
 GET /api/realtime 200 in 349ms
 GET /api/realtime 200 in 350ms
 GET /api/realtime 200 in 571ms
 GET /api/realtime 200 in 354ms
 GET /api/realtime 200 in 356ms
 GET /api/realtime 200 in 426ms
 GET /api/realtime 200 in 339ms
 GET /api/realtime 200 in 338ms
 GET /api/realtime 200 in 352ms
 GET /api/realtime 200 in 479ms
 GET /api/notifications?limit=10 200 in 312ms
 GET /api/realtime 200 in 336ms
 GET /api/realtime 200 in 339ms
 GET /api/realtime 200 in 353ms
 GET /api/realtime 200 in 167ms
 GET /api/realtime 200 in 4575ms
 GET /api/realtime 200 in 342ms
 GET /api/auth/session 200 in 306ms
 GET /api/realtime 200 in 3887ms
 GET /api/realtime 200 in 151ms
 GET /api/realtime 200 in 152ms
 GET /api/realtime 200 in 4501ms
 GET /api/realtime 200 in 4551ms
 GET /api/realtime 200 in 4682ms
 GET /api/realtime 200 in 4649ms
 GET /api/realtime 200 in 164ms
 GET /api/realtime 200 in 4568ms
 GET /api/realtime 200 in 313ms
 GET /api/realtime 200 in 312ms
 GET /api/realtime 200 in 309ms
 GET /api/realtime 200 in 293ms
 GET /api/realtime 200 in 311ms
 GET /api/realtime 200 in 334ms
 GET /api/realtime 200 in 269ms
 GET /api/realtime 200 in 242ms
 GET /api/realtime 200 in 4082ms
 GET /api/realtime 200 in 4876ms
 GET /api/realtime 200 in 256ms
 GET /api/notifications?limit=10 200 in 272ms
 GET /api/auth/session 200 in 186ms
 GET /api/realtime 200 in 200ms
 GET /api/realtime 200 in 201ms
 GET /api/realtime 200 in 203ms
 GET /api/realtime 200 in 196ms
 GET /api/realtime 200 in 203ms
 GET /api/realtime 200 in 285ms
 GET /api/realtime 200 in 4236ms
 GET /api/realtime 200 in 4615ms
 GET /api/realtime 200 in 210ms
 GET /api/notifications?limit=10 200 in 176ms
 GET /api/auth/session 200 in 239ms
 GET /api/realtime 200 in 240ms
 GET /api/realtime 200 in 243ms
 GET /api/realtime 200 in 245ms
 GET /api/notifications?limit=10 200 in 189ms
 GET /api/realtime 200 in 254ms
 GET /api/realtime 200 in 187ms
 GET /api/auth/session 200 in 173ms
 GET /api/realtime 200 in 161ms
 GET /api/realtime 200 in 173ms
 GET /api/realtime 200 in 165ms
 GET /api/notifications?limit=10 200 in 127ms
 GET /api/realtime 200 in 171ms
 GET /api/realtime 200 in 205ms
 GET /api/auth/session 200 in 183ms
 GET /api/realtime 200 in 5840ms
 GET /api/realtime 200 in 189ms
 GET /api/realtime 200 in 180ms
 GET /api/realtime 200 in 5790ms
 GET /api/realtime 200 in 207ms
 GET /api/realtime 200 in 5896ms
 GET /api/realtime 200 in 178ms
 GET /api/auth/session 200 in 151ms
 GET /api/notifications?limit=10 200 in 126ms
 GET /api/realtime 200 in 6040ms
 GET /api/realtime 200 in 184ms
 GET /api/auth/session 200 in 112ms
 GET /api/notifications?limit=10 200 in 116ms
 GET /api/realtime 200 in 126ms
 GET /api/auth/session 200 in 87ms
 GET /api/notifications?limit=10 200 in 98ms
 GET /api/realtime 200 in 57ms
 GET /api/auth/session 200 in 83ms
 GET /api/notifications?limit=10 200 in 105ms
 GET /api/realtime 200 in 111ms
 GET /api/auth/session 200 in 77ms
 GET /api/realtime 200 in 98ms
 GET /api/auth/session 200 in 46ms
 GET /api/realtime 200 in 74ms
 GET /api/auth/session 200 in 49ms
 GET /api/realtime 200 in 71ms
 GET /api/auth/session 200 in 67ms
 GET /api/auth/session 200 in 49ms
 GET /api/realtime 200 in 118ms
 GET /api/realtime 200 in 72ms
 GET /api/realtime 200 in 68ms
 GET /api/realtime 200 in 83ms
 GET /api/realtime 200 in 72ms
 GET /api/realtime 200 in 73ms
 GET /api/realtime 200 in 69ms
 GET /api/realtime 200 in 76ms
 GET /api/realtime 200 in 63ms
 GET /api/realtime 200 in 63ms
 GET /api/realtime 200 in 70ms
 GET /api/realtime 200 in 63ms
 GET /api/realtime 200 in 63ms
 GET /api/realtime 200 in 63ms
 GET /api/realtime 200 in 62ms
 GET /api/realtime 200 in 65ms
 GET /api/realtime 200 in 66ms
 GET /api/realtime 200 in 63ms
 GET /api/realtime 200 in 77ms
 GET /api/realtime 200 in 65ms
 GET /api/realtime 200 in 71ms
 GET /api/realtime 200 in 66ms
 GET /api/realtime 200 in 67ms
 GET /api/realtime 200 in 65ms
 GET /api/realtime 200 in 72ms
 GET /api/realtime 200 in 69ms
 GET /api/realtime 200 in 67ms
 GET /api/realtime 200 in 82ms
 GET /api/realtime 200 in 65ms
 GET /api/realtime 200 in 67ms
 GET /api/realtime 200 in 66ms
 GET /api/realtime 200 in 64ms
 GET /api/realtime 200 in 65ms
 GET /api/realtime 200 in 62ms
 GET /api/realtime 200 in 68ms
 GET /api/realtime 200 in 77ms
 GET /api/realtime 200 in 96ms
 GET /api/realtime 200 in 63ms
 GET /api/realtime 200 in 63ms
 GET /api/realtime 200 in 63ms
 GET /api/realtime 200 in 63ms
 GET /api/realtime 200 in 10608ms
 GET /api/realtime 200 in 60ms
 ○ Compiling /company/usage ...
 ✓ Compiled /company/usage in 2.9s (3490 modules)
 GET /company/invitations 200 in 3249ms
 GET /company/settings 307 in 3258ms
 GET /company/usage 200 in 3249ms
 GET /company/team 200 in 3276ms
 GET /dashboard 200 in 136ms
 GET /projects/project-riverside-homes 200 in 3540ms
 GET /projects/project-mall-renovation 200 in 3541ms
 GET /projects/project-downtown-office 200 in 3517ms
 ○ Compiling /api/company/invitations ...
 ✓ Compiled /api/company/invitations in 871ms (1940 modules)
 GET /api/realtime 200 in 1201ms
 GET /api/realtime 200 in 938ms
 GET /api/realtime 200 in 944ms
 GET /api/realtime 200 in 941ms
 GET /api/auth/session 200 in 1664ms
 GET /api/company/invitations? 200 in 1705ms
 GET /api/notifications?limit=10 200 in 1564ms
 GET /api/realtime 200 in 118ms
 GET /api/realtime 200 in 199ms
 GET /api/realtime 200 in 188ms
 GET /api/realtime 200 in 200ms
 GET /api/notifications?limit=10 200 in 181ms
 GET /api/company/invitations? 200 in 173ms
 GET /api/auth/session 200 in 175ms
 GET /api/realtime 200 in 110ms
 GET /api/company/invitations? 200 in 143ms
 GET /api/notifications?limit=10 200 in 141ms
 GET /api/realtime 200 in 155ms
 GET /api/realtime 200 in 170ms
 GET /api/realtime 200 in 183ms
 GET /api/auth/session 200 in 158ms
 GET /api/realtime 200 in 146ms
 GET /api/notifications?limit=10 200 in 139ms
 GET /api/realtime 200 in 156ms
 GET /api/realtime 200 in 157ms
 GET /api/company/invitations? 200 in 136ms
 GET /api/realtime 200 in 156ms
 GET /api/auth/session 200 in 145ms
 GET /api/realtime 200 in 141ms
 GET /api/realtime 200 in 112ms
 GET /api/notifications?limit=10 200 in 133ms
 GET /api/realtime 200 in 139ms
 GET /api/realtime 200 in 150ms
 GET /api/auth/session 200 in 137ms
 GET /api/realtime 200 in 161ms
 GET /api/realtime 200 in 145ms
 GET /api/realtime 200 in 131ms
 GET /api/notifications?limit=10 200 in 130ms
 GET /api/realtime 200 in 149ms
 GET /api/auth/session 200 in 135ms
 GET /api/realtime 200 in 130ms
 GET /api/realtime 200 in 139ms
 GET /api/realtime 200 in 142ms
 GET /api/notifications?limit=10 200 in 136ms
 GET /api/realtime 200 in 131ms
 GET /api/realtime 200 in 90ms
 GET /api/auth/session 200 in 136ms
 GET /api/realtime 200 in 152ms
 GET /api/realtime 200 in 145ms
 GET /api/notifications?limit=10 200 in 121ms
 GET /api/realtime 200 in 130ms
 GET /api/realtime 200 in 173ms
 GET /api/auth/session 200 in 106ms
 GET /api/realtime 200 in 106ms
 GET /api/realtime 200 in 109ms
 GET /api/notifications?limit=10 200 in 197ms
 GET /api/realtime 200 in 207ms
 GET /api/realtime 200 in 194ms
 GET /api/auth/session 200 in 187ms
 GET /api/realtime 200 in 191ms
 GET /api/realtime 200 in 198ms
 GET /api/notifications?limit=10 200 in 143ms
 GET /api/realtime 200 in 129ms
 GET /api/realtime 200 in 128ms
 GET /api/realtime 200 in 115ms
 GET /api/auth/session 200 in 119ms
 GET /api/realtime 200 in 138ms
 GET /api/notifications?limit=10 200 in 121ms
 GET /api/realtime 200 in 118ms
 GET /api/realtime 200 in 134ms
 GET /api/realtime 200 in 155ms
 GET /api/auth/session 200 in 177ms
 GET /api/realtime 200 in 158ms
 GET /api/notifications?limit=10 200 in 209ms
 GET /api/realtime 200 in 185ms
 GET /api/realtime 200 in 173ms
 GET /api/realtime 200 in 183ms
 GET /api/auth/session 200 in 120ms
 GET /api/notifications?limit=10 200 in 138ms
 GET /api/realtime 200 in 155ms
 GET /api/realtime 200 in 157ms
 GET /api/realtime 200 in 158ms
 GET /api/realtime 200 in 133ms
 GET /api/auth/session 200 in 104ms
 GET /api/notifications?limit=10 200 in 155ms
 GET /api/realtime 200 in 143ms
 GET /api/realtime 200 in 144ms
 GET /api/realtime 200 in 146ms
 GET /api/realtime 200 in 185ms
 GET /api/auth/session 200 in 106ms
 GET /api/notifications?limit=10 200 in 123ms
 GET /api/realtime 200 in 165ms
 GET /api/realtime 200 in 197ms
 GET /api/realtime 200 in 204ms
 GET /api/auth/session 200 in 180ms
 GET /api/notifications?limit=10 200 in 140ms
 GET /api/realtime 200 in 164ms
 GET /api/realtime 200 in 159ms
 GET /api/realtime 200 in 120ms
 GET /api/realtime 200 in 120ms
 GET /api/auth/session 200 in 104ms
 GET /api/realtime 200 in 114ms
 GET /api/realtime 200 in 90ms
 GET /api/realtime 200 in 122ms
 GET /api/realtime 200 in 118ms
 GET /api/auth/session 200 in 139ms
 GET /api/realtime 200 in 116ms
 GET /api/realtime 200 in 225ms
 GET /api/realtime 200 in 108ms
 GET /api/auth/session 200 in 83ms
 GET /api/realtime 200 in 187ms
 GET /api/realtime 200 in 105ms
 GET /api/realtime 200 in 116ms
 GET /api/auth/session 200 in 113ms
 GET /api/realtime 200 in 147ms
 GET /api/realtime 200 in 140ms
 GET /api/realtime 200 in 149ms
 GET /api/realtime 200 in 142ms
 GET /api/realtime 200 in 168ms
 GET /api/auth/session 200 in 165ms
 GET /api/realtime 200 in 163ms
 GET /api/realtime 200 in 147ms
 GET /api/realtime 200 in 196ms
 GET /api/realtime 200 in 5002ms
 GET /api/realtime 200 in 4991ms
 GET /api/realtime 200 in 153ms
 GET /api/realtime 200 in 108ms
 GET /api/auth/session 200 in 141ms
 GET /api/realtime 200 in 139ms
 GET /api/realtime 200 in 134ms
 GET /api/auth/session 200 in 109ms
 GET /api/realtime 200 in 131ms
 GET /api/realtime 200 in 97ms
 GET /api/auth/session 200 in 70ms
 GET /api/realtime 200 in 90ms
 GET /api/auth/session 200 in 99ms
 GET /api/realtime 200 in 150ms
 GET /api/realtime 200 in 127ms
 GET /api/realtime 200 in 133ms
 GET /api/auth/session 200 in 109ms
 GET /api/realtime 200 in 134ms
 GET /api/realtime 200 in 113ms
 GET /api/auth/session 200 in 88ms
 GET /api/realtime 200 in 95ms
 GET /api/auth/session 200 in 85ms
 GET /api/realtime 200 in 111ms
 GET /api/realtime 200 in 93ms
 GET /api/realtime 200 in 171ms
 GET /api/realtime 200 in 92ms
 GET /api/realtime 200 in 224ms
 GET /api/realtime 200 in 76ms
 GET /api/realtime 200 in 112ms
 GET /api/realtime 200 in 96ms
 GET /api/realtime 200 in 89ms
 GET /api/realtime 200 in 104ms
 GET /api/realtime 200 in 6765ms
 GET /api/realtime 200 in 76ms
 GET /api/realtime 200 in 39ms
 GET /api/realtime 200 in 6842ms
[?25h
