  ▲ Next.js 14.2.28
  - Local:        http://localhost:3000
  - Environments: .env
  - Experiments (use with caution):
    · outputFileTracingRoot

 ✓ Starting...
 ✓ Ready in 1894ms
 ○ Compiling / ...
 ✓ Compiled / in 2.1s (611 modules)
 GET / 200 in 2763ms
 ✓ Compiled in 637ms (297 modules)
 ✓ Compiled /api/auth/[...nextauth] in 481ms (555 modules)
 GET /api/auth/providers 200 in 1037ms
 GET / 200 in 144ms
 GET /api/auth/session 200 in 86ms
 GET /api/auth/session 200 in 72ms
 ○ Compiling /login ...
 ✓ Compiled /login in 1517ms (912 modules)
 GET / 200 in 1796ms
 GET /login 200 in 1885ms
 GET /signup 200 in 1887ms
 GET / 200 in 136ms
 GET / 200 in 207ms
 GET /api/auth/session 200 in 134ms
 GET /api/auth/session 200 in 185ms
 GET /api/auth/session 200 in 100ms
 GET /api/auth/session 200 in 86ms
 GET /api/auth/session 200 in 78ms
 GET /api/auth/session 200 in 103ms
 GET /api/auth/session 200 in 81ms
 GET /api/auth/session 200 in 89ms
 GET /api/auth/session 200 in 95ms
 GET /api/auth/session 200 in 75ms
 GET /api/auth/session 200 in 78ms
 GET /api/auth/session 200 in 119ms
 GET /api/auth/session 200 in 71ms
 GET /api/auth/session 200 in 81ms
 GET /api/auth/session 200 in 94ms
 GET /api/auth/session 200 in 95ms
 GET /api/auth/session 200 in 90ms
 GET /api/auth/session 200 in 106ms
 GET /api/auth/csrf 200 in 94ms
 ✓ Compiled /api/signup in 176ms (619 modules)
 POST /api/signup 200 in 703ms
 GET / 200 in 124ms
 GET /api/auth/signin 302 in 108ms
 GET /login?callbackUrl=https://2aa0dff87.preview.abacusai.app 200 in 90ms
 GET /api/auth/csrf 200 in 93ms
 POST /api/auth/callback/credentials 302 in 386ms
 ✓ Compiled /middleware in 212ms (174 modules)
 ○ Compiling /dashboard ...
 ✓ Compiled /dashboard in 1552ms (1897 modules)
 GET /dashboard 200 in 1861ms
 GET / 200 in 130ms
 GET /dashboard 200 in 126ms
 GET /api/auth/session 200 in 119ms
 ○ Compiling /api/realtime ...
 ✓ Compiled /api/realtime in 505ms (1108 modules)
 ✓ Compiled (1111 modules)
 GET /api/notifications?limit=10 200 in 955ms
 GET /api/auth/session 200 in 922ms
 GET /api/realtime 200 in 635ms
 GET /api/auth/session 200 in 173ms
 GET /api/notifications?limit=10 200 in 207ms
 GET /api/realtime 200 in 208ms
 GET /api/realtime 200 in 174ms
 GET /api/auth/session 200 in 206ms
 GET /api/notifications?limit=10 200 in 234ms
 GET /api/auth/session 200 in 182ms
 GET /api/notifications?limit=10 200 in 190ms
 GET /api/realtime 200 in 193ms
 GET /api/auth/session 200 in 172ms
 GET /api/realtime 200 in 173ms
 GET /api/realtime 200 in 93ms
 GET /api/realtime 200 in 96ms
 GET /api/realtime 200 in 114ms
 GET /api/realtime 200 in 105ms
 GET /api/realtime 200 in 118ms
 GET /api/realtime 200 in 128ms
 GET /api/realtime 200 in 102ms
 GET /api/realtime 200 in 98ms
 GET /api/realtime 200 in 117ms
 GET /api/realtime 200 in 102ms
 GET /api/realtime 200 in 98ms
 GET /api/realtime 200 in 363ms
 GET /api/realtime 200 in 97ms
 GET /api/realtime 200 in 111ms
 GET /api/realtime 200 in 94ms
 GET /api/realtime 200 in 90ms
 GET /api/realtime 200 in 4264ms
 ○ Compiling /projects/[id] ...
 ✓ Compiled /projects/[id] in 3.9s (3549 modules)
 GET /projects/new 200 in 5249ms
 GET /budget 200 in 5285ms
 GET /meetings 200 in 5257ms
 GET /equipment 200 in 5203ms
 GET /daily-reports 200 in 5205ms
 GET /settings 200 in 5207ms
 GET /documents 200 in 5205ms
 GET /projects 200 in 5279ms
 GET /rfis 200 in 5207ms
 GET /company 200 in 5212ms
 GET /team 200 in 5213ms
 GET /reports 200 in 5212ms
 GET /tasks 200 in 5215ms
 GET /safety 200 in 5297ms
 GET /projects/project-riverside-homes 200 in 5662ms
 GET /projects/project-mall-renovation 200 in 5666ms
 GET /projects/project-downtown-office 200 in 5672ms
 GET /api/notifications?limit=10 200 in 314ms
 GET /api/auth/session 200 in 554ms
 ○ Compiling /api/company/stats ...
 ✓ Compiled /api/company/stats in 2.5s (1961 modules)
 GET /api/realtime 200 in 3406ms
 GET /api/realtime 200 in 3534ms
 GET /api/realtime 200 in 3591ms
 GET /api/realtime 200 in 3813ms
 GET /api/notifications?limit=10 200 in 3591ms
 GET /api/realtime 200 in 3909ms
 GET /api/realtime 200 in 3615ms
 GET /api/realtime 200 in 3525ms
 GET /api/realtime 200 in 2826ms
 GET /api/notifications?limit=10 200 in 333ms
 GET /api/notifications?limit=10 200 in 334ms
 GET /api/auth/session 200 in 302ms
 GET /api/notifications?limit=10 200 in 335ms
 GET /api/notifications?limit=10 200 in 373ms
 GET /api/auth/session 200 in 313ms
 GET /api/notifications?limit=10 200 in 354ms
 GET /api/auth/session 200 in 319ms
 GET /api/auth/session 200 in 319ms
 GET /api/notifications?limit=10 200 in 477ms
 GET /api/auth/session 200 in 434ms
 GET /api/auth/session 200 in 452ms
 GET /api/company/stats 200 in 4074ms
 GET /api/auth/session 200 in 434ms
 GET /api/auth/session 200 in 452ms
 GET /api/notifications?limit=10 200 in 485ms
 GET /api/notifications?limit=10 200 in 518ms
 GET /api/realtime 200 in 3460ms
 GET /api/realtime 200 in 3971ms
 GET /api/notifications?limit=10 200 in 517ms
 GET /api/auth/session 200 in 452ms
 GET /api/auth/session 200 in 434ms
 GET /api/auth/session 200 in 452ms
 GET /api/realtime 200 in 3241ms
 GET /api/notifications?limit=10 200 in 484ms
 GET /api/realtime 200 in 3701ms
 GET /api/notifications?limit=10 200 in 484ms
 GET /api/notifications?limit=10 200 in 521ms
 GET /api/notifications?limit=10 200 in 481ms
 GET /api/auth/session 200 in 450ms
 GET /api/notifications?limit=10 200 in 519ms
 GET /api/realtime 200 in 3029ms
 GET /api/notifications?limit=10 200 in 484ms
 GET /api/notifications?limit=10 200 in 519ms
 GET /api/realtime 200 in 3312ms
 GET /api/realtime 200 in 3236ms
 GET /api/auth/session 200 in 440ms
 GET /api/auth/session 200 in 440ms
 GET /api/auth/session 200 in 438ms
 GET /api/auth/session 200 in 439ms
 GET /api/auth/session 200 in 439ms
 GET /api/auth/session 200 in 440ms
 GET /api/auth/session 200 in 440ms
 GET /api/auth/session 200 in 440ms
 GET /api/auth/session 200 in 440ms
 GET /api/auth/session 200 in 441ms
 GET /api/auth/session 200 in 438ms
 GET /api/realtime 200 in 4174ms
 GET /api/notifications?limit=10 200 in 742ms
 GET /api/realtime 200 in 3251ms
 GET /api/notifications?limit=10 200 in 745ms
 GET /api/realtime 200 in 3014ms
 GET /api/notifications?limit=10 200 in 744ms
 GET /api/notifications?limit=10 200 in 746ms
 GET /api/notifications?limit=10 200 in 751ms
 GET /api/notifications?limit=10 200 in 789ms
 GET /api/notifications?limit=10 200 in 752ms
 GET /api/notifications?limit=10 200 in 789ms
 GET /api/realtime 200 in 3961ms
 GET /api/realtime 200 in 3170ms
 GET /api/notifications?limit=10 200 in 745ms
 GET /api/realtime 200 in 3350ms
 GET /api/notifications?limit=10 200 in 744ms
 GET /api/notifications?limit=10 200 in 744ms
 GET /api/notifications?limit=10 200 in 749ms
 GET /api/notifications?limit=10 200 in 746ms
 GET /api/realtime 200 in 3264ms
 GET /api/realtime 200 in 3060ms
 GET /api/notifications?limit=10 200 in 748ms
 GET /api/notifications?limit=10 200 in 745ms
 GET /api/notifications?limit=10 200 in 745ms
 GET /api/notifications?limit=10 200 in 807ms
 GET /api/realtime 200 in 3063ms
 GET /api/notifications?limit=10 200 in 808ms
 GET /api/notifications?limit=10 200 in 808ms
 GET /api/notifications?limit=10 200 in 810ms
 GET /api/realtime 200 in 3367ms
 ○ Compiling /company/invitations ...
 ✓ Compiled /company/invitations in 2.6s (3635 modules)
 GET /company/invitations 200 in 2988ms
 GET /submittals 200 in 2989ms
 GET /change-orders 200 in 2989ms
 GET /company/team 200 in 2989ms
 GET /company/usage 200 in 2990ms
 GET /company/settings 307 in 2966ms
 GET /dashboard 200 in 255ms
 GET /api/notifications?limit=10 200 in 257ms
 ○ Compiling /api/company/invitations ...
 ✓ Compiled /api/company/invitations in 789ms (2018 modules)
 GET /api/auth/session 200 in 1599ms
 GET /api/company/invitations? 200 in 1735ms
 GET /api/notifications?limit=10 200 in 1453ms
 GET /api/realtime 200 in 1219ms
 GET /api/realtime 200 in 1383ms
 GET /api/realtime 200 in 1426ms
 GET /api/auth/session 200 in 148ms
 GET /api/notifications?limit=10 200 in 215ms
 GET /api/company/invitations? 200 in 201ms
 GET /api/realtime 200 in 236ms
 GET /api/realtime 200 in 238ms
 GET /api/realtime 200 in 242ms
 GET /api/auth/session 200 in 235ms
 GET /api/realtime 200 in 199ms
 GET /api/realtime 200 in 201ms
 GET /api/notifications?limit=10 200 in 275ms
 GET /api/company/invitations? 200 in 282ms
 GET /api/realtime 200 in 297ms
 GET /api/auth/session 200 in 327ms
 GET /api/realtime 200 in 231ms
 GET /api/notifications?limit=10 200 in 247ms
 GET /api/realtime 200 in 267ms
 GET /api/realtime 200 in 267ms
 GET /api/company/invitations? 200 in 310ms
 GET /api/auth/session 200 in 255ms
 GET /api/notifications?limit=10 200 in 222ms
 GET /api/realtime 200 in 291ms
 GET /api/realtime 200 in 243ms
 GET /api/realtime 200 in 229ms
 GET /api/auth/session 200 in 174ms
 GET /api/notifications?limit=10 200 in 176ms
 GET /api/realtime 200 in 195ms
 GET /api/realtime 200 in 142ms
 GET /api/realtime 200 in 154ms
 GET /api/auth/session 200 in 269ms
 GET /api/notifications?limit=10 200 in 283ms
 GET /api/realtime 200 in 339ms
 GET /api/realtime 200 in 290ms
 GET /api/realtime 200 in 292ms
 GET /api/auth/session 200 in 176ms
 GET /api/notifications?limit=10 200 in 179ms
 GET /api/realtime 200 in 193ms
 GET /api/realtime 200 in 183ms
 GET /api/auth/session 200 in 184ms
 GET /api/notifications?limit=10 200 in 185ms
 GET /api/realtime 200 in 368ms
 GET /api/realtime 200 in 167ms
 GET /api/realtime 200 in 172ms
 GET /api/realtime 200 in 3856ms
 GET /api/auth/session 200 in 167ms
 GET /api/notifications?limit=10 200 in 196ms
 GET /api/realtime 200 in 4000ms
 GET /api/realtime 200 in 82ms
 GET /api/realtime 200 in 110ms
 GET /api/auth/session 200 in 195ms
 GET /api/notifications?limit=10 200 in 209ms
 GET /api/realtime 200 in 205ms
 GET /api/realtime 200 in 4128ms
 GET /api/auth/session 200 in 147ms
 GET /api/auth/session 200 in 119ms
 GET /api/auth/session 200 in 82ms
 ✓ Compiled in 1333ms (1635 modules)
prisma:error Error in PostgreSQL connection: Error { kind: Db, cause: Some(DbError { severity: "FATAL", parsed_severity: Some(Fatal), code: SqlState(E57P05), message: "terminating connection due to idle-session timeout", detail: None, hint: None, position: None, where_: None, schema: None, table: None, column: None, datatype: None, constraint: None, file: Some("postgres.c"), line: Some(3472), routine: Some("ProcessInterrupts") }) }
prisma:error Error in PostgreSQL connection: Error { kind: Db, cause: Some(DbError { severity: "FATAL", parsed_severity: Some(Fatal), code: SqlState(E57P05), message: "terminating connection due to idle-session timeout", detail: None, hint: None, position: None, where_: None, schema: None, table: None, column: None, datatype: None, constraint: None, file: Some("postgres.c"), line: Some(3472), routine: Some("ProcessInterrupts") }) }
prisma:error Error in PostgreSQL connection: Error { kind: Db, cause: Some(DbError { severity: "FATAL", parsed_severity: Some(Fatal), code: SqlState(E57P05), message: "terminating connection due to idle-session timeout", detail: None, hint: None, position: None, where_: None, schema: None, table: None, column: None, datatype: None, constraint: None, file: Some("postgres.c"), line: Some(3472), routine: Some("ProcessInterrupts") }) }
prisma:error Error in PostgreSQL connection: Error { kind: Db, cause: Some(DbError { severity: "FATAL", parsed_severity: Some(Fatal), code: SqlState(E57P05), message: "terminating connection due to idle-session timeout", detail: None, hint: None, position: None, where_: None, schema: None, table: None, column: None, datatype: None, constraint: None, file: Some("postgres.c"), line: Some(3472), routine: Some("ProcessInterrupts") }) }
prisma:error Error in PostgreSQL connection: Error { kind: Db, cause: Some(DbError { severity: "FATAL", parsed_severity: Some(Fatal), code: SqlState(E57P05), message: "terminating connection due to idle-session timeout", detail: None, hint: None, position: None, where_: None, schema: None, table: None, column: None, datatype: None, constraint: None, file: Some("postgres.c"), line: Some(3472), routine: Some("ProcessInterrupts") }) }
 ✓ Compiled / in 245ms (314 modules)
 GET / 200 in 455ms
 GET / 200 in 132ms
 GET / 200 in 127ms
 GET / 200 in 100ms
 ✓ Compiled /api/auth/[...nextauth] in 119ms (555 modules)
 GET /api/auth/session 200 in 323ms
 GET /api/auth/session 200 in 122ms
 GET / 200 in 141ms
 GET / 200 in 103ms
 GET / 200 in 103ms
 GET / 200 in 96ms
 GET / 200 in 100ms
 GET / 200 in 99ms
 GET / 200 in 105ms
 GET / 200 in 94ms
 GET / 200 in 100ms
 GET / 200 in 97ms
 GET / 200 in 116ms
 GET / 200 in 98ms
 GET / 200 in 92ms
 GET / 200 in 93ms
 GET / 200 in 99ms
 GET / 200 in 93ms
 GET / 200 in 108ms
 GET / 200 in 106ms
 GET / 200 in 120ms
 GET / 200 in 108ms
 GET / 200 in 106ms
 GET / 200 in 97ms
 GET / 200 in 93ms
 GET / 200 in 96ms
 GET / 200 in 103ms
 GET / 200 in 96ms
 GET / 200 in 103ms
 GET / 200 in 106ms
 GET / 200 in 113ms
 GET / 200 in 113ms
 GET / 200 in 114ms
 GET / 200 in 143ms
 GET / 200 in 98ms
 GET / 200 in 103ms
 GET / 200 in 126ms
 GET / 200 in 97ms
 GET / 200 in 97ms
 GET / 200 in 106ms
 GET / 200 in 103ms
 GET / 200 in 95ms
 GET / 200 in 93ms
 GET / 200 in 107ms
 GET / 200 in 105ms
 ✓ Compiled /login in 316ms (343 modules)
 ✓ Compiled /api/auth/[...nextauth] in 160ms (584 modules)
 GET /api/auth/providers 200 in 371ms
 GET /api/auth/csrf 200 in 104ms
 POST /api/auth/callback/credentials 200 in 412ms
 GET /api/auth/session 200 in 101ms
 ○ Compiling /dashboard ...
 ✓ Compiled /dashboard in 1136ms (1074 modules)
 GET / 200 in 853ms
 GET /dashboard?_rsc=iqngu 200 in 121ms
 ✓ Compiled /api/realtime in 251ms (1100 modules)
 ✓ Compiled (1103 modules)
 GET /api/notifications?limit=10 200 in 655ms
 GET /api/realtime 200 in 105ms
 GET /api/notifications?limit=10 200 in 100ms
 GET /api/realtime 200 in 267ms
 GET /api/realtime 200 in 247ms
 GET /api/realtime 200 in 272ms
 GET /api/realtime 200 in 264ms
 GET /api/realtime 200 in 274ms
 GET /api/realtime 200 in 252ms
 GET /api/realtime 200 in 274ms
 GET /api/realtime 200 in 284ms
 GET /api/realtime 200 in 240ms
 GET /api/realtime 200 in 285ms
 ✓ Compiled /projects in 408ms (1129 modules)
 GET /api/realtime 200 in 558ms
 GET /projects?_rsc=x7vz2 200 in 93ms
 GET /api/realtime 200 in 282ms
 GET /api/realtime 200 in 252ms
 GET /api/realtime 200 in 262ms
 GET /api/realtime 200 in 272ms
 GET /api/realtime 200 in 305ms
 GET /api/realtime 200 in 328ms
 GET /api/realtime 200 in 344ms
 GET /api/realtime 200 in 281ms
 GET /api/realtime 200 in 240ms
 GET /api/realtime 200 in 251ms
 GET /api/realtime 200 in 238ms
 ○ Compiling /projects/[id] ...
 ✓ Compiled /projects/[id] in 558ms (1236 modules)
 GET /api/realtime 200 in 813ms
 GET /projects/project-mall-renovation?_rsc=1o8h7 200 in 122ms
 GET /api/realtime 200 in 270ms
 GET /api/realtime 200 in 262ms
 GET /api/realtime 200 in 254ms
 GET /api/realtime 200 in 254ms
 GET /api/realtime 200 in 259ms
 GET /api/realtime 200 in 241ms
 GET /api/realtime 200 in 260ms
 GET /api/realtime 200 in 256ms
 GET /api/realtime 200 in 249ms
 GET /api/realtime 200 in 252ms
 GET /api/realtime 200 in 295ms
 ○ Compiling /admin ...
 ✓ Compiled /admin in 1260ms (2899 modules)
 GET /api/realtime 200 in 725ms
 GET / 200 in 222ms
 GET /api/realtime 200 in 350ms
 GET /admin?_rsc=16s51 200 in 80ms
 GET /api/realtime 200 in 263ms
 GET /api/realtime 200 in 147ms
 GET /api/realtime 200 in 29243ms
 ✓ Compiled /api/admin/live-feed in 262ms (1264 modules)
 ✓ Compiled /api/admin/stats in 1ms (1266 modules)
 ✓ Compiled in 1ms (1268 modules)
 ✓ Compiled in 0ms (1268 modules)
 GET /api/admin/system-health 200 in 1324ms
 ✓ Compiled in 1ms (1268 modules)
 GET /api/admin/live-feed?limit=20 200 in 1707ms
 ✓ Compiled in 0ms (1268 modules)
 GET /api/admin/stats 200 in 1576ms
 ✓ Compiled in 0ms (1268 modules)
 GET /api/admin/system-health 200 in 932ms
 GET /api/admin/live-feed?limit=20 200 in 857ms
 GET /api/admin/stats 200 in 532ms
 ○ Compiling /admin/system-health ...
 ✓ Compiled /admin/system-health in 1288ms (2914 modules)
 ○ Compiling /admin/platform-settings ...
 ✓ Compiled /admin/platform-settings in 1211ms (2934 modules)
 ✓ Compiled /api/admin/platform-config in 347ms (1291 modules)
 GET /api/admin/platform-config 200 in 464ms
 GET /api/admin/platform-config 200 in 79ms
 GET / 200 in 144ms
 GET / 200 in 125ms
 GET / 200 in 102ms
 GET / 200 in 95ms
prisma:error Error in PostgreSQL connection: Error { kind: Db, cause: Some(DbError { severity: "FATAL", parsed_severity: Some(Fatal), code: SqlState(E57P05), message: "terminating connection due to idle-session timeout", detail: None, hint: None, position: None, where_: None, schema: None, table: None, column: None, datatype: None, constraint: None, file: Some("postgres.c"), line: Some(3472), routine: Some("ProcessInterrupts") }) }
prisma:error Error in PostgreSQL connection: Error { kind: Db, cause: Some(DbError { severity: "FATAL", parsed_severity: Some(Fatal), code: SqlState(E57P05), message: "terminating connection due to idle-session timeout", detail: None, hint: None, position: None, where_: None, schema: None, table: None, column: None, datatype: None, constraint: None, file: Some("postgres.c"), line: Some(3472), routine: Some("ProcessInterrupts") }) }
prisma:error Error in PostgreSQL connection: Error { kind: Db, cause: Some(DbError { severity: "FATAL", parsed_severity: Some(Fatal), code: SqlState(E57P05), message: "terminating connection due to idle-session timeout", detail: None, hint: None, position: None, where_: None, schema: None, table: None, column: None, datatype: None, constraint: None, file: Some("postgres.c"), line: Some(3472), routine: Some("ProcessInterrupts") }) }
prisma:error Error in PostgreSQL connection: Error { kind: Db, cause: Some(DbError { severity: "FATAL", parsed_severity: Some(Fatal), code: SqlState(E57P05), message: "terminating connection due to idle-session timeout", detail: None, hint: None, position: None, where_: None, schema: None, table: None, column: None, datatype: None, constraint: None, file: Some("postgres.c"), line: Some(3472), routine: Some("ProcessInterrupts") }) }
prisma:error Error in PostgreSQL connection: Error { kind: Db, cause: Some(DbError { severity: "FATAL", parsed_severity: Some(Fatal), code: SqlState(E57P05), message: "terminating connection due to idle-session timeout", detail: None, hint: None, position: None, where_: None, schema: None, table: None, column: None, datatype: None, constraint: None, file: Some("postgres.c"), line: Some(3472), routine: Some("ProcessInterrupts") }) }
 GET / 200 in 100ms
