  ▲ Next.js 14.2.28
  - Local:        http://localhost:3000
  - Environments: .env
  - Experiments (use with caution):
    · outputFileTracingRoot

 ✓ Starting...
 ✓ Ready in 1777ms
 ○ Compiling / ...
 ✓ Compiled / in 1441ms (596 modules)
 GET / 200 in 1945ms
 ✓ Compiled in 435ms (296 modules)
 GET / 200 in 46ms
 GET / 200 in 39ms
 GET / 200 in 35ms
 ✓ Compiled /api/auth/[...nextauth] in 397ms (541 modules)
 GET /api/auth/session 200 in 845ms
 GET /api/auth/session 200 in 35ms
 GET / 200 in 79ms
 GET / 200 in 39ms
 GET / 200 in 39ms
 GET / 200 in 40ms
 GET / 200 in 39ms
 GET / 200 in 35ms
 GET /api/auth/session 200 in 35ms
 ✓ Compiled in 683ms (296 modules)
 ✓ Compiled in 253ms (296 modules)
 ✓ Compiled in 677ms (296 modules)
 ✓ Compiled in 653ms (296 modules)
 ✓ Compiled in 330ms (296 modules)
 ✓ Compiled in 251ms (296 modules)
 ✓ Compiled in 293ms (296 modules)
 ✓ Compiled in 227ms (296 modules)
 ✓ Compiled in 323ms (296 modules)
 ✓ Compiled in 233ms (296 modules)
 ✓ Compiled in 298ms (296 modules)
[?25h
