  ▲ Next.js 14.2.28
  - Local:        http://localhost:3000
  - Environments: .env
  - Experiments (use with caution):
    · outputFileTracingRoot

 ✓ Starting...
 ✓ Ready in 2.1s
 ○ Compiling / ...
 ✓ Compiled / in 1971ms (596 modules)
 GET / 200 in 2437ms
 ✓ Compiled in 490ms (296 modules)
 ✓ Compiled /api/auth/[...nextauth] in 491ms (541 modules)
 GET /api/auth/providers 200 in 973ms
 GET / 200 in 101ms
 GET /api/auth/session 200 in 54ms
 GET /api/auth/session 200 in 40ms
 ○ Compiling /signup ...
 ✓ Compiled /signup in 678ms (881 modules)
 GET /signup 200 in 855ms
 GET /login 200 in 865ms
 GET /api/auth/session 200 in 64ms
 GET /api/auth/session 200 in 43ms
 GET /api/auth/session 200 in 38ms
 GET /api/auth/session 200 in 43ms
 GET /api/auth/session 200 in 50ms
 GET /api/auth/csrf 200 in 52ms
 ✓ Compiled /api/signup in 302ms (597 modules)
 POST /api/signup 200 in 774ms
 GET / 200 in 81ms
 GET /api/auth/signin 302 in 75ms
 GET /login?callbackUrl=https://4b8f6bc33.preview.abacusai.app 200 in 58ms
 GET /api/auth/csrf 200 in 42ms
 POST /api/auth/callback/credentials 302 in 336ms
 ✓ Compiled /middleware in 180ms (174 modules)
 ○ Compiling /dashboard ...
 ✓ Compiled /dashboard in 1376ms (2857 modules)
 GET /dashboard 200 in 1707ms
 GET / 200 in 76ms
 GET /dashboard 200 in 67ms
 GET /api/auth/session 200 in 71ms
 ✓ Compiled /api/notifications in 376ms (1582 modules)
 ✓ Compiled (1584 modules)
 GET /api/auth/session 200 in 736ms
 GET /api/notifications?limit=10 200 in 798ms
 GET /api/realtime 200 in 451ms
 GET /api/auth/session 200 in 60ms
 GET /api/notifications?limit=10 200 in 90ms
 GET /api/realtime 200 in 116ms
 GET /api/auth/session 200 in 67ms
 GET /api/notifications?limit=10 200 in 81ms
 GET /api/realtime 200 in 129ms
 GET /api/auth/session 200 in 76ms
 GET /api/notifications?limit=10 200 in 82ms
 GET /api/realtime 200 in 81ms
 GET /api/realtime 200 in 62ms
 GET /api/realtime 200 in 63ms
 GET /api/realtime 200 in 75ms
 GET /api/realtime 200 in 74ms
 GET /api/realtime 200 in 82ms
 GET /api/realtime 200 in 76ms
 GET /api/realtime 200 in 73ms
 GET /api/realtime 200 in 71ms
 GET /api/realtime 200 in 73ms
 GET /api/realtime 200 in 68ms
 GET /api/realtime 200 in 69ms
 GET /api/realtime 200 in 72ms
 GET /api/realtime 200 in 79ms
 GET /api/realtime 200 in 75ms
 GET /api/realtime 200 in 62ms
 GET /api/realtime 200 in 64ms
 GET /api/realtime 200 in 70ms
 GET /api/realtime 200 in 63ms
 GET /api/realtime 200 in 86ms
 GET /api/realtime 200 in 61ms
 GET /api/realtime 200 in 75ms
 GET /api/realtime 200 in 64ms
 GET /api/realtime 200 in 67ms
 GET /api/realtime 200 in 94ms
 GET /api/realtime 200 in 78ms
 GET /api/realtime 200 in 101ms
 GET /api/realtime 200 in 80ms
 GET /api/realtime 200 in 78ms
 GET /api/realtime 200 in 82ms
 GET /api/realtime 200 in 97ms
 GET /api/realtime 200 in 64ms
 GET /api/realtime 200 in 62ms
 GET /api/realtime 200 in 74ms
 GET /api/realtime 200 in 76ms
 GET /api/realtime 200 in 77ms
 GET /api/realtime 200 in 104ms
 GET /api/realtime 200 in 69ms
 GET /api/realtime 200 in 67ms
 GET /api/realtime 200 in 72ms
 GET /api/realtime 200 in 81ms
 GET /api/realtime 200 in 79ms
 GET /api/realtime 200 in 71ms
 GET /api/realtime 200 in 70ms
 GET /api/realtime 200 in 64ms
 GET /api/realtime 200 in 71ms
 GET /api/realtime 200 in 78ms
 GET /api/realtime 200 in 77ms
 GET /api/realtime 200 in 77ms
 GET /api/realtime 200 in 69ms
 GET /api/realtime 200 in 73ms
 GET /api/realtime 200 in 228ms
 GET /api/realtime 200 in 165ms
 GET /api/realtime 200 in 71ms
 GET /api/realtime 200 in 71ms
 GET /api/realtime 200 in 6977ms
 GET /api/realtime 200 in 38ms
 ○ Compiling /team ...
 ✓ Compiled /team in 3.6s (3457 modules)
 GET /projects/new 200 in 4562ms
 GET /milestones 200 in 4661ms
 GET /budget 200 in 4646ms
 GET /inspections 200 in 4610ms
 GET /change-orders 200 in 4611ms
 GET /equipment 200 in 4611ms
 GET /meetings 200 in 4568ms
 GET /time-tracking 200 in 4670ms
 GET /daily-reports 200 in 4574ms
 GET /settings 200 in 4581ms
 GET /subcontractors 200 in 4668ms
 GET /documents 200 in 4583ms
 GET /rfis 200 in 4583ms
 GET /punch-lists 200 in 4628ms
 GET /reports 200 in 4583ms
 GET /projects 200 in 4649ms
 GET /safety 200 in 4608ms
 GET /submittals 200 in 4653ms
 GET /company 200 in 4608ms
 GET /tasks 200 in 4691ms
 GET /materials 200 in 4749ms
 GET /team 200 in 4683ms
 GET /api/notifications?limit=10 200 in 262ms
 GET /api/realtime 200 in 210ms
 GET /api/realtime 200 in 227ms
 GET /api/realtime 200 in 211ms
 GET /api/auth/session 200 in 715ms
 GET /api/notifications?limit=10 200 in 757ms
 GET /api/realtime 200 in 723ms
 GET /api/realtime 200 in 727ms
 GET /api/realtime 200 in 731ms
 GET /api/realtime 200 in 733ms
 GET /api/realtime 200 in 261ms
 GET /api/realtime 200 in 559ms
 GET /api/realtime 200 in 560ms
 GET /api/realtime 200 in 415ms
 GET /api/realtime 200 in 570ms
 GET /api/auth/session 200 in 419ms
 GET /api/realtime 200 in 277ms
 ○ Compiling /api/company/stats ...
 ✓ Compiled /api/company/stats in 2.2s (1918 modules)
 GET /api/realtime 200 in 3450ms
 GET /api/notifications?limit=10 200 in 3584ms
 GET /api/realtime 200 in 3531ms
 GET /api/realtime 200 in 3533ms
 GET /api/realtime 200 in 3695ms
 GET /api/realtime 200 in 3695ms
 GET /api/realtime 200 in 3605ms
 GET /api/realtime 200 in 2999ms
 GET /api/realtime 200 in 3272ms
 GET /api/realtime 200 in 4574ms
 GET /api/realtime 200 in 2710ms
 GET /api/realtime 200 in 2981ms
 GET /api/auth/session 200 in 3406ms
 GET /api/company/stats 200 in 3849ms
 GET /api/realtime 200 in 2503ms
 GET /api/realtime 200 in 2503ms
 GET /api/realtime 200 in 2573ms
 GET /api/realtime 200 in 3655ms
 GET /api/realtime 200 in 3649ms
 GET /api/realtime 200 in 3650ms
 GET /api/realtime 200 in 3039ms
 GET /api/realtime 200 in 3220ms
 GET /api/realtime 200 in 2706ms
 GET /api/realtime 200 in 2568ms
 GET /api/realtime 200 in 2460ms
 GET /api/realtime 200 in 3064ms
 GET /api/realtime 200 in 252ms
 GET /api/realtime 200 in 301ms
 GET /api/realtime 200 in 300ms
 GET /api/realtime 200 in 3100ms
 GET /api/realtime 200 in 370ms
 GET /api/realtime 200 in 3779ms
 GET /api/realtime 200 in 3590ms
 GET /api/realtime 200 in 317ms
 GET /api/realtime 200 in 3068ms
 GET /api/realtime 200 in 3243ms
 GET /api/realtime 200 in 359ms
 GET /api/notifications?limit=10 200 in 459ms
 GET /api/auth/session 200 in 439ms
 GET /api/company/stats 200 in 495ms
 GET /api/realtime 200 in 495ms
 GET /api/realtime 200 in 501ms
 GET /api/realtime 200 in 565ms
 GET /api/realtime 200 in 598ms
 GET /api/realtime 200 in 643ms
 GET /api/realtime 200 in 664ms
 GET /api/realtime 200 in 646ms
 GET /api/realtime 200 in 735ms
 GET /api/notifications?limit=10 200 in 305ms
 GET /api/realtime 200 in 301ms
 GET /api/realtime 200 in 301ms
 GET /api/realtime 200 in 404ms
 GET /api/realtime 200 in 509ms
 GET /api/auth/session 200 in 396ms
 GET /api/company/stats 200 in 381ms
 GET /api/realtime 200 in 287ms
 GET /api/realtime 200 in 288ms
 GET /api/realtime 200 in 321ms
 GET /api/realtime 200 in 523ms
 GET /api/realtime 200 in 276ms
 GET /api/realtime 200 in 180ms
 GET /api/realtime 200 in 179ms
 GET /api/realtime 200 in 240ms
 GET /api/realtime 200 in 250ms
 GET /api/notifications?limit=10 200 in 283ms
 GET /api/realtime 200 in 271ms
 GET /api/auth/session 200 in 325ms
 GET /api/realtime 200 in 264ms
 GET /api/realtime 200 in 256ms
 GET /api/realtime 200 in 5579ms
 GET /api/realtime 200 in 6144ms
 GET /api/realtime 200 in 6163ms
 GET /api/realtime 200 in 6146ms
 GET /api/company/stats 200 in 335ms
 GET /api/realtime 200 in 6027ms
 GET /api/realtime 200 in 251ms
 GET /api/realtime 200 in 173ms
 GET /api/realtime 200 in 5655ms
 GET /api/realtime 200 in 6192ms
 GET /api/realtime 200 in 299ms
 GET /api/realtime 200 in 285ms
 GET /api/auth/session 200 in 156ms
 GET /api/auth/session 200 in 155ms
 GET /api/auth/session 200 in 156ms
 GET /api/auth/session 200 in 157ms
 GET /api/auth/session 200 in 158ms
 GET /api/auth/session 200 in 154ms
 GET /api/notifications?limit=10 200 in 163ms
 GET /api/notifications?limit=10 200 in 161ms
 GET /api/auth/session 200 in 195ms
 GET /api/notifications?limit=10 200 in 181ms
 GET /api/auth/session 200 in 195ms
 GET /api/realtime 200 in 173ms
 GET /api/realtime 200 in 4538ms
 GET /api/notifications?limit=10 200 in 196ms
 GET /api/notifications?limit=10 200 in 196ms
 GET /api/auth/session 200 in 269ms
 GET /api/auth/session 200 in 270ms
 GET /api/auth/session 200 in 271ms
 GET /api/auth/session 200 in 272ms
 GET /api/auth/session 200 in 272ms
 GET /api/notifications?limit=10 200 in 319ms
 GET /api/notifications?limit=10 200 in 320ms
 GET /api/notifications?limit=10 200 in 311ms
 GET /api/realtime 200 in 146ms
 GET /api/auth/session 200 in 192ms
 GET /api/realtime 200 in 86ms
 GET /api/realtime 200 in 65ms
 GET /api/realtime 200 in 64ms
 GET /api/realtime 200 in 69ms
 GET /api/realtime 200 in 59ms
 GET /api/realtime 200 in 70ms
 GET /api/realtime 200 in 62ms
 GET /api/realtime 200 in 64ms
 GET /api/realtime 200 in 73ms
 GET /api/realtime 200 in 63ms
 GET /api/realtime 200 in 67ms
 GET /api/realtime 200 in 59ms
 GET /api/realtime 200 in 66ms
 GET /api/realtime 200 in 65ms
 GET /api/realtime 200 in 60ms
 GET /api/realtime 200 in 67ms
 GET /api/realtime 200 in 65ms
 GET /api/realtime 200 in 59ms
 GET /api/realtime 200 in 59ms
 GET /api/realtime 200 in 65ms
 GET /api/realtime 200 in 65ms
 GET /api/realtime 200 in 63ms
 GET /api/realtime 200 in 69ms
 GET /api/realtime 200 in 72ms
 GET /api/realtime 200 in 70ms
 GET /api/realtime 200 in 67ms
 GET /api/realtime 200 in 68ms
 GET /api/realtime 200 in 60ms
 GET /api/realtime 200 in 66ms
 GET /api/realtime 200 in 64ms
 GET /api/realtime 200 in 63ms
 GET /api/realtime 200 in 62ms
 GET /api/realtime 200 in 80ms
 GET /api/realtime 200 in 64ms
 GET /api/realtime 200 in 62ms
 GET /api/realtime 200 in 67ms
 GET /api/realtime 200 in 59ms
 GET /api/realtime 200 in 67ms
 GET /api/realtime 200 in 72ms
 GET /api/realtime 200 in 233ms
 GET /api/realtime 200 in 113ms
 GET /api/realtime 200 in 79ms
 GET /api/realtime 200 in 86ms
 GET /api/realtime 200 in 73ms
 GET /api/realtime 200 in 68ms
 GET /api/realtime 200 in 73ms
 GET /api/realtime 200 in 8858ms
 ○ Compiling /company/team ...
 ✓ Compiled /company/team in 2.9s (3585 modules)
 GET /company/team 200 in 3330ms
 GET /company/invitations 200 in 3348ms
 GET /company/usage 200 in 3331ms
 GET /company/settings 307 in 3332ms
 GET /dashboard 200 in 176ms
 GET /projects/project-riverside-homes 200 in 3624ms
 GET /projects/project-mall-renovation 200 in 3645ms
 GET /projects/project-downtown-office 200 in 3591ms
 GET /api/auth/session 200 in 231ms
 ○ Compiling /api/company/invitations ...
 ✓ Compiled /api/company/invitations in 995ms (1995 modules)
 GET /api/auth/session 200 in 1665ms
 GET /api/notifications?limit=10 200 in 1748ms
 GET /api/realtime 200 in 1339ms
 GET /api/company/invitations? 200 in 1953ms
 GET /api/realtime 200 in 1077ms
 GET /api/realtime 200 in 1066ms
 GET /api/realtime 200 in 1365ms
 GET /api/auth/session 200 in 95ms
 GET /api/realtime 200 in 112ms
 GET /api/realtime 200 in 120ms
 GET /api/realtime 200 in 121ms
 GET /api/company/invitations? 200 in 150ms
 GET /api/notifications?limit=10 200 in 156ms
 GET /api/realtime 200 in 178ms
 GET /api/realtime 200 in 135ms
 GET /api/realtime 200 in 136ms
 GET /api/realtime 200 in 137ms
 GET /api/auth/session 200 in 138ms
 GET /api/notifications?limit=10 200 in 177ms
 GET /api/realtime 200 in 212ms
 GET /api/company/invitations? 200 in 213ms
 GET /api/realtime 200 in 203ms
 GET /api/realtime 200 in 197ms
 GET /api/realtime 200 in 208ms
 GET /api/auth/session 200 in 146ms
 GET /api/notifications?limit=10 200 in 117ms
 GET /api/company/invitations? 200 in 110ms
 GET /api/realtime 200 in 126ms
 GET /api/realtime 200 in 177ms
 GET /api/realtime 200 in 178ms
 GET /api/realtime 200 in 178ms
 GET /api/auth/session 200 in 161ms
 GET /api/notifications?limit=10 200 in 154ms
 GET /api/realtime 200 in 168ms
 GET /api/realtime 200 in 196ms
 GET /api/realtime 200 in 196ms
 GET /api/auth/session 200 in 184ms
 GET /api/notifications?limit=10 200 in 175ms
 GET /api/realtime 200 in 166ms
 GET /api/realtime 200 in 175ms
 GET /api/realtime 200 in 141ms
 GET /api/realtime 200 in 142ms
 GET /api/auth/session 200 in 169ms
 GET /api/notifications?limit=10 200 in 191ms
 GET /api/realtime 200 in 189ms
 GET /api/realtime 200 in 191ms
 GET /api/realtime 200 in 154ms
 GET /api/notifications?limit=10 200 in 159ms
 GET /api/realtime 200 in 179ms
 GET /api/realtime 200 in 220ms
 GET /api/auth/session 200 in 174ms
 GET /api/realtime 200 in 119ms
 GET /api/realtime 200 in 153ms
 GET /api/realtime 200 in 156ms
 GET /api/notifications?limit=10 200 in 157ms
 GET /api/realtime 200 in 170ms
 GET /api/auth/session 200 in 180ms
 GET /api/realtime 200 in 165ms
 GET /api/realtime 200 in 88ms
 GET /api/notifications?limit=10 200 in 160ms
 GET /api/realtime 200 in 172ms
 GET /api/realtime 200 in 178ms
 GET /api/auth/session 200 in 149ms
 GET /api/realtime 200 in 187ms
 GET /api/realtime 200 in 211ms
 GET /api/realtime 200 in 192ms
 GET /api/realtime 200 in 165ms
 GET /api/notifications?limit=10 200 in 171ms
 GET /api/auth/session 200 in 224ms
 GET /api/realtime 200 in 232ms
 GET /api/realtime 200 in 194ms
 GET /api/realtime 200 in 244ms
 GET /api/notifications?limit=10 200 in 207ms
 GET /api/realtime 200 in 209ms
 GET /api/auth/session 200 in 180ms
 GET /api/realtime 200 in 153ms
 GET /api/realtime 200 in 152ms
 GET /api/realtime 200 in 157ms
 GET /api/notifications?limit=10 200 in 160ms
 GET /api/realtime 200 in 154ms
 GET /api/realtime 200 in 185ms
 GET /api/auth/session 200 in 229ms
 GET /api/notifications?limit=10 200 in 170ms
 GET /api/realtime 200 in 216ms
 GET /api/realtime 200 in 227ms
 GET /api/realtime 200 in 225ms
 GET /api/auth/session 200 in 113ms
 GET /api/realtime 200 in 177ms
 GET /api/realtime 200 in 127ms
 GET /api/realtime 200 in 145ms
 GET /api/notifications?limit=10 200 in 151ms
 GET /api/realtime 200 in 131ms
 GET /api/realtime 200 in 173ms
 GET /api/realtime 200 in 159ms
 GET /api/auth/session 200 in 176ms
 GET /api/realtime 200 in 181ms
 GET /api/realtime 200 in 194ms
 GET /api/realtime 200 in 218ms
 GET /api/notifications?limit=10 200 in 234ms
 GET /api/realtime 200 in 190ms
 GET /api/auth/session 200 in 197ms
 GET /api/realtime 200 in 159ms
 GET /api/realtime 200 in 146ms
 GET /api/realtime 200 in 4889ms
 GET /api/realtime 200 in 137ms
 GET /api/realtime 200 in 141ms
 GET /api/realtime 200 in 159ms
 GET /api/auth/session 200 in 178ms
 GET /api/realtime 200 in 174ms
 GET /api/realtime 200 in 165ms
 GET /api/realtime 200 in 193ms
 GET /api/auth/session 200 in 114ms
 GET /api/realtime 200 in 129ms
 GET /api/realtime 200 in 144ms
 GET /api/realtime 200 in 216ms
 GET /api/auth/session 200 in 197ms
 GET /api/realtime 200 in 236ms
 GET /api/realtime 200 in 216ms
 GET /api/auth/session 200 in 128ms
 GET /api/realtime 200 in 175ms
 GET /api/realtime 200 in 102ms
 GET /api/realtime 200 in 170ms
 GET /api/realtime 200 in 143ms
 GET /api/auth/session 200 in 145ms
 GET /api/realtime 200 in 142ms
 GET /api/realtime 200 in 311ms
 GET /api/auth/session 200 in 132ms
 GET /api/realtime 200 in 198ms
 GET /api/realtime 200 in 175ms
 GET /api/auth/session 200 in 168ms
 GET /api/realtime 200 in 275ms
 GET /api/realtime 200 in 206ms
 GET /api/realtime 200 in 123ms
 GET /api/realtime 200 in 139ms
 GET /api/auth/session 200 in 149ms
 GET /api/realtime 200 in 146ms
 GET /api/realtime 200 in 6608ms
 GET /api/realtime 200 in 98ms
 GET /api/realtime 200 in 6629ms
 GET /api/realtime 200 in 155ms
 GET /api/realtime 200 in 6683ms
 GET /api/realtime 200 in 86ms
 GET /api/auth/session 200 in 143ms
 GET /api/auth/session 200 in 48ms
 GET /api/auth/session 200 in 57ms
 ✓ Compiled in 576ms (1608 modules)
 ✓ Compiled in 555ms (1608 modules)
 ✓ Compiled in 905ms (1608 modules)
[?25h
