  ▲ Next.js 14.2.28
  - Local:        http://localhost:3000
  - Environments: .env
  - Experiments (use with caution):
    · outputFileTracingRoot

 ✓ Starting...
 ✓ Ready in 2.1s
 ○ Compiling / ...
 ✓ Compiled / in 3.6s (596 modules)
 GET / 200 in 4241ms
 ✓ Compiled in 611ms (296 modules)
 GET / 200 in 169ms
 GET / 200 in 113ms
 GET / 200 in 85ms
 GET / 200 in 82ms
 GET / 200 in 97ms
 ○ Compiling /api/auth/[...nextauth] ...
 ✓ Compiled /api/auth/[...nextauth] in 758ms (541 modules)
 GET /api/auth/session 200 in 1303ms
 GET /api/auth/session 200 in 87ms
 GET / 200 in 136ms
 ✓ Compiled in 1224ms (297 modules)
 ✓ Compiled in 983ms (297 modules)
 ✓ Compiled in 730ms (297 modules)
 ✓ Compiled in 568ms (297 modules)
 ✓ Compiled in 799ms (297 modules)
 ✓ Compiled in 570ms (297 modules)
 ✓ Compiled in 473ms (297 modules)
 ✓ Compiled in 459ms (297 modules)
 ✓ Compiled in 460ms (297 modules)
 ✓ Compiled in 510ms (297 modules)
[?25h
