  ▲ Next.js 14.2.28
  - Local:        http://localhost:3000
  - Environments: .env
  - Experiments (use with caution):
    · outputFileTracingRoot

 ✓ Starting...
 ✓ Ready in 1641ms
 ○ Compiling / ...
 ✓ Compiled / in 1901ms (596 modules)
 GET / 200 in 2487ms
 ✓ Compiled in 542ms (296 modules)
 GET / 200 in 118ms
 GET / 200 in 108ms
 GET / 200 in 66ms
 ✓ Compiled /api/auth/[...nextauth] in 499ms (541 modules)
 GET /api/auth/session 200 in 1012ms
 GET /api/auth/session 200 in 64ms
 GET / 200 in 109ms
 GET / 200 in 73ms
 ✓ Compiled in 572ms (296 modules)
 ✓ Compiled in 447ms (296 modules)
 ✓ Compiled in 416ms (296 modules)
 ✓ Compiled in 415ms (296 modules)
 ✓ Compiled in 407ms (296 modules)
 ✓ Compiled in 437ms (296 modules)
 ✓ Compiled in 474ms (296 modules)
 ✓ Compiled in 437ms (296 modules)
 ✓ Compiled in 434ms (296 modules)
 ✓ Compiled in 463ms (296 modules)
 ✓ Compiled in 509ms (296 modules)
 ✓ Compiled in 495ms (296 modules)
 ✓ Compiled in 443ms (296 modules)
 GET / 200 in 88ms
 GET / 200 in 65ms
 GET / 200 in 64ms
 GET / 200 in 65ms
 GET /api/auth/session 200 in 75ms
 GET /api/auth/session 200 in 51ms
 GET / 200 in 82ms
 GET / 200 in 84ms
 GET / 200 in 63ms
 GET /api/auth/session 200 in 63ms
 GET /api/auth/session 200 in 62ms
 GET / 200 in 63ms
 GET / 200 in 62ms
 GET / 200 in 64ms
 GET / 200 in 63ms
 GET / 200 in 66ms
 GET / 200 in 67ms
 GET / 200 in 61ms
 GET / 200 in 62ms
 GET / 200 in 60ms
 GET / 200 in 61ms
[?25h
