  ▲ Next.js 14.2.28
  - Local:        http://localhost:3000
  - Environments: .env
  - Experiments (use with caution):
    · outputFileTracingRoot

 ✓ Starting...
 ✓ Ready in 2.1s
 ○ Compiling / ...
 ✓ Compiled / in 2.2s (598 modules)
 GET / 200 in 2910ms
 ✓ Compiled in 662ms (297 modules)
 ○ Compiling /api/auth/[...nextauth] ...
 ✓ Compiled /api/auth/[...nextauth] in 517ms (542 modules)
 GET /api/auth/providers 200 in 1087ms
 GET / 200 in 158ms
 GET /api/auth/session 200 in 97ms
 GET /api/auth/session 200 in 84ms
 ○ Compiling /signup ...
 ✓ Compiled /signup in 1172ms (883 modules)
 GET /signup 200 in 1407ms
 GET /login 200 in 1423ms
 GET /api/auth/session 200 in 134ms
 GET /api/auth/session 200 in 81ms
 GET /api/auth/session 200 in 81ms
 GET /api/auth/session 200 in 110ms
 GET /api/auth/session 200 in 146ms
 GET /api/auth/csrf 200 in 94ms
 ✓ Compiled /api/signup in 172ms (598 modules)
 POST /api/signup 200 in 697ms
 GET / 200 in 124ms
 GET /api/auth/signin 302 in 110ms
 GET /login?callbackUrl=https://1905ad134.preview.abacusai.app 200 in 113ms
 GET /api/auth/csrf 200 in 76ms
 POST /api/auth/callback/credentials 302 in 393ms
 ✓ Compiled /middleware in 231ms (174 modules)
 ○ Compiling /dashboard ...
 ✓ Compiled /dashboard in 1775ms (3030 modules)
 GET /dashboard 200 in 2217ms
 GET / 200 in 149ms
 GET /dashboard 200 in 153ms
 GET /api/auth/session 200 in 115ms
 ✓ Compiled /api/realtime in 384ms (1668 modules)
 ✓ Compiled (1679 modules)
 GET /api/auth/session 200 in 951ms
 GET /api/dashboard/agenda 200 in 983ms
 GET /api/notifications?limit=10 200 in 1001ms
 GET /api/realtime 200 in 637ms
 GET /api/auth/session 200 in 197ms
 GET /api/dashboard/agenda 200 in 212ms
 GET /api/realtime 200 in 234ms
 GET /api/notifications?limit=10 200 in 245ms
 GET /api/auth/session 200 in 217ms
 GET /api/dashboard/agenda 200 in 203ms
 GET /api/realtime 200 in 236ms
 GET /api/notifications?limit=10 200 in 222ms
 GET /api/realtime 200 in 60ms
 GET /api/auth/session 200 in 184ms
 GET /api/dashboard/agenda 200 in 173ms
 GET /api/notifications?limit=10 200 in 200ms
 GET /api/realtime 200 in 199ms
 GET /api/auth/session 200 in 123ms
 GET /api/realtime 200 in 123ms
 GET /api/realtime 200 in 98ms
 GET /api/realtime 200 in 98ms
 GET /api/realtime 200 in 96ms
 GET /api/realtime 200 in 92ms
 GET /api/realtime 200 in 121ms
 GET /api/realtime 200 in 101ms
 GET /api/realtime 200 in 96ms
 GET /api/realtime 200 in 101ms
 GET /api/realtime 200 in 99ms
 GET /api/realtime 200 in 92ms
 GET /api/realtime 200 in 95ms
 GET /api/realtime 200 in 132ms
 GET /api/realtime 200 in 177ms
 GET /api/realtime 200 in 96ms
 GET /api/realtime 200 in 103ms
 GET /api/realtime 200 in 96ms
 GET /api/realtime 200 in 98ms
 GET /api/realtime 200 in 4205ms
 GET /api/realtime 200 in 48ms
 ○ Compiling /projects/[id] ...
 ✓ Compiled /projects/[id] in 3.7s (3573 modules)
 GET /projects/new 200 in 5120ms
 GET /equipment 200 in 5171ms
 GET /meetings 200 in 5172ms
 GET /budget 200 in 5167ms
 GET /daily-reports 200 in 5121ms
 GET /settings 200 in 5127ms
 GET /documents 200 in 5132ms
 GET /reports 200 in 5139ms
 GET /inspections 200 in 5090ms
 GET /safety 200 in 5140ms
 GET /team 200 in 5162ms
 GET /submittals 200 in 5113ms
 GET /company 200 in 5169ms
 GET /rfis 200 in 5121ms
 GET /punch-lists 200 in 5125ms
 GET /projects 200 in 5238ms
 GET /tasks 200 in 5154ms
 GET /projects/project-riverside-homes 200 in 5219ms
 GET /projects/project-downtown-office 200 in 5227ms
 GET /projects/project-mall-renovation 200 in 5247ms
 GET /api/notifications?limit=10 200 in 527ms
 GET /api/auth/session 200 in 591ms
 GET /api/realtime 200 in 780ms
 GET /api/realtime 200 in 763ms
 GET /api/notifications?limit=10 200 in 746ms
 GET /api/realtime 200 in 601ms
 GET /api/realtime 200 in 669ms
 GET /api/realtime 200 in 581ms
 GET /api/realtime 200 in 646ms
 GET /api/auth/session 200 in 774ms
 ○ Compiling /api/company/stats ...
 GET /api/realtime 200 in 3448ms
 GET /api/realtime 200 in 4439ms
 GET /api/realtime 200 in 4010ms
 GET /api/realtime 200 in 4296ms
 GET /api/realtime 200 in 3461ms
 GET /api/realtime 200 in 4160ms
 GET /api/realtime 200 in 3421ms
 GET /api/realtime 200 in 4220ms
 GET /api/realtime 200 in 3682ms
 GET /api/realtime 200 in 4136ms
 ✓ Compiled /api/company/stats in 3.6s (1975 modules)
 GET /api/auth/session 200 in 1567ms
 GET /api/auth/session 200 in 1568ms
 GET /api/auth/session 200 in 1547ms
 GET /api/notifications?limit=10 200 in 1643ms
 GET /api/notifications?limit=10 200 in 1644ms
 GET /api/notifications?limit=10 200 in 1644ms
 GET /api/notifications?limit=10 200 in 1645ms
 GET /api/realtime 200 in 5016ms
 GET /api/realtime 200 in 153ms
 GET /api/realtime 200 in 103ms
 GET /api/realtime 200 in 96ms
 GET /api/realtime 200 in 103ms
 GET /api/realtime 200 in 95ms
 GET /api/realtime 200 in 105ms
 GET /api/realtime 200 in 105ms
 GET /api/realtime 200 in 171ms
 GET /api/realtime 200 in 100ms
 GET /api/realtime 200 in 97ms
 GET /api/realtime 200 in 110ms
 GET /api/realtime 200 in 108ms
 GET /api/realtime 200 in 7039ms
 GET /api/realtime 200 in 122ms
 ○ Compiling /change-orders ...
 ✓ Compiled /change-orders in 3.5s (3652 modules)
 GET /change-orders 200 in 3900ms
 GET /company/usage 200 in 3900ms
 GET /company/team 200 in 3903ms
 GET /company/settings 307 in 3903ms
 GET /company/invitations 200 in 3936ms
 GET /dashboard 200 in 238ms
 ○ Compiling /api/company/invitations ...
 ✓ Compiled /api/company/invitations in 882ms (2027 modules)
 GET /api/dashboard/agenda 200 in 1599ms
 GET /api/notifications?limit=10 200 in 1818ms
 GET /api/realtime 200 in 1191ms
 GET /api/realtime 200 in 1498ms
 GET /api/auth/session 200 in 1764ms
 GET /api/company/invitations? 200 in 1828ms
 GET /api/dashboard/agenda 200 in 233ms
 GET /api/realtime 200 in 272ms
 GET /api/realtime 200 in 273ms
 GET /api/auth/session 200 in 241ms
 GET /api/notifications?limit=10 200 in 251ms
 GET /api/company/invitations? 200 in 281ms
 GET /api/dashboard/agenda 200 in 241ms
 GET /api/notifications?limit=10 200 in 274ms
 GET /api/realtime 200 in 351ms
 GET /api/realtime 200 in 352ms
 GET /api/auth/session 200 in 323ms
 GET /api/company/invitations? 200 in 299ms
 GET /api/dashboard/agenda 200 in 244ms
 GET /api/notifications?limit=10 200 in 190ms
 GET /api/realtime 200 in 209ms
 GET /api/realtime 200 in 209ms
 GET /api/company/invitations? 200 in 232ms
 GET /api/auth/session 200 in 287ms
 GET /api/notifications?limit=10 200 in 204ms
 GET /api/realtime 200 in 222ms
 GET /api/realtime 200 in 223ms
 GET /api/auth/session 200 in 127ms
 GET /api/realtime 200 in 179ms
 GET /api/notifications?limit=10 200 in 205ms
 GET /api/auth/session 200 in 268ms
 GET /api/realtime 200 in 237ms
 GET /api/realtime 200 in 497ms
 GET /api/notifications?limit=10 200 in 299ms
 GET /api/auth/session 200 in 242ms
 GET /api/realtime 200 in 333ms
 GET /api/notifications?limit=10 200 in 301ms
 GET /api/auth/session 200 in 197ms
 GET /api/realtime 200 in 382ms
 GET /api/realtime 200 in 3946ms
 GET /api/realtime 200 in 105ms
 GET /api/auth/session 200 in 167ms
 GET /api/realtime 200 in 206ms
 GET /api/auth/session 200 in 182ms
 GET /api/realtime 200 in 178ms
 GET /api/realtime 200 in 4155ms
 GET /api/auth/session 200 in 92ms
 GET /api/auth/session 200 in 79ms
 GET /api/auth/session 200 in 114ms
 GET /api/auth/session 200 in 80ms
[?25h
