  ▲ Next.js 14.2.28
  - Local:        http://localhost:3000
  - Environments: .env
  - Experiments (use with caution):
    · outputFileTracingRoot

 ✓ Starting...
 ✓ Ready in 2.2s
 ○ Compiling / ...
 ✓ Compiled / in 2.9s (596 modules)
 GET / 200 in 3580ms
 ✓ Compiled in 595ms (296 modules)
 GET / 200 in 75ms
 GET / 200 in 64ms
 GET / 200 in 72ms
 ✓ Compiled /api/auth/[...nextauth] in 478ms (541 modules)
 GET /api/auth/session 200 in 979ms
 GET /api/auth/session 200 in 73ms
 GET / 200 in 121ms
 GET / 200 in 69ms
 GET / 200 in 70ms
 GET / 200 in 68ms
 GET / 200 in 65ms
 GET / 200 in 70ms
 GET / 200 in 73ms
 GET / 200 in 64ms
 GET / 200 in 66ms
 GET / 200 in 76ms
 GET / 200 in 69ms
 GET / 200 in 78ms
 GET / 200 in 86ms
 GET / 200 in 68ms
 GET / 200 in 64ms
 GET / 200 in 66ms
 GET / 200 in 59ms
 GET /api/auth/session 200 in 64ms
 GET /api/auth/session 200 in 64ms
 GET / 200 in 60ms
 GET / 200 in 68ms
 GET / 200 in 62ms
 GET / 200 in 65ms
 GET / 200 in 67ms
 GET / 200 in 67ms
 GET / 200 in 64ms
 GET / 200 in 63ms
 GET / 200 in 91ms
 GET / 200 in 74ms
 GET / 200 in 63ms
 GET / 200 in 67ms
 GET / 200 in 59ms
 GET / 200 in 64ms
 GET / 200 in 74ms
 ✓ Compiled in 642ms (296 modules)
 ✓ Compiled in 793ms (284 modules)
 ✓ Compiled in 403ms (296 modules)
 ✓ Compiled in 811ms (284 modules)
 ✓ Compiled in 394ms (296 modules)
 ✓ Compiled in 374ms (296 modules)
 ✓ Compiled in 405ms (296 modules)
[?25h
