  ▲ Next.js 14.2.28
  - Local:        http://localhost:3000
  - Environments: .env
  - Experiments (use with caution):
    · outputFileTracingRoot

 ✓ Starting...
 ✓ Ready in 1694ms
 ○ Compiling / ...
 ✓ Compiled / in 1987ms (596 modules)
 GET / 200 in 2568ms
 ✓ Compiled in 568ms (296 modules)
 ○ Compiling /api/auth/[...nextauth] ...
 ✓ Compiled /api/auth/[...nextauth] in 523ms (541 modules)
 GET /api/auth/providers 200 in 1015ms
 GET / 200 in 116ms
 GET /api/auth/session 200 in 92ms
 GET /api/auth/session 200 in 73ms
 ○ Compiling /signup ...
 ✓ Compiled /signup in 823ms (881 modules)
 GET /signup 200 in 1015ms
 GET /login 200 in 1036ms
 GET /api/auth/session 200 in 82ms
 GET /api/auth/session 200 in 75ms
 GET /api/auth/session 200 in 81ms
 GET /api/auth/session 200 in 75ms
 GET /api/auth/session 200 in 62ms
 GET /api/auth/csrf 200 in 76ms
 ✓ Compiled /api/signup in 311ms (597 modules)
 POST /api/signup 200 in 832ms
 GET / 200 in 147ms
 GET /api/auth/signin 302 in 84ms
 GET /login?callbackUrl=https://614a7c077.preview.abacusai.app 200 in 73ms
 GET /api/auth/csrf 200 in 60ms
 POST /api/auth/callback/credentials 302 in 402ms
 ✓ Compiled /middleware in 214ms (174 modules)
 ○ Compiling /dashboard ...
 ✓ Compiled /dashboard in 1965ms (2915 modules)
 GET /dashboard 200 in 2339ms
 GET / 200 in 95ms
 GET /dashboard 200 in 108ms
 ✓ Compiled /api/realtime in 305ms (1610 modules)
 ✓ Compiled (1613 modules)
 GET /api/auth/session 200 in 743ms
 GET /api/notifications?limit=10 200 in 811ms
 GET /api/realtime 200 in 547ms
 GET /api/auth/session 200 in 84ms
 GET /api/notifications?limit=10 200 in 99ms
 GET /api/realtime 200 in 172ms
 GET /api/auth/session 200 in 143ms
 GET /api/notifications?limit=10 200 in 164ms
 GET /api/realtime 200 in 71ms
 GET /api/auth/session 200 in 107ms
 GET /api/notifications?limit=10 200 in 126ms
 GET /api/realtime 200 in 111ms
 GET /api/auth/session 200 in 119ms
 GET /api/realtime 200 in 107ms
 GET /api/auth/session 200 in 54ms
 GET /api/realtime 200 in 73ms
 GET /api/realtime 200 in 118ms
 GET /api/realtime 200 in 182ms
 GET /api/realtime 200 in 92ms
 GET /api/realtime 200 in 91ms
 GET /api/realtime 200 in 104ms
 GET /api/realtime 200 in 79ms
 GET /api/realtime 200 in 71ms
 GET /api/realtime 200 in 73ms
 GET /api/realtime 200 in 264ms
 GET /api/realtime 200 in 74ms
 GET /api/realtime 200 in 82ms
 GET /api/realtime 200 in 74ms
 GET /api/realtime 200 in 71ms
 GET /api/realtime 200 in 91ms
 GET /api/realtime 200 in 78ms
 GET /api/realtime 200 in 74ms
 GET /api/realtime 200 in 85ms
 GET /api/realtime 200 in 79ms
 GET /api/realtime 200 in 82ms
 GET /api/realtime 200 in 87ms
 GET /api/realtime 200 in 75ms
 GET /api/realtime 200 in 80ms
 GET /api/realtime 200 in 86ms
 GET /api/realtime 200 in 117ms
 GET /api/realtime 200 in 91ms
 GET /api/realtime 200 in 88ms
 GET /api/realtime 200 in 85ms
 GET /api/realtime 200 in 90ms
 GET /api/realtime 200 in 109ms
 GET /api/realtime 200 in 86ms
 GET /api/realtime 200 in 79ms
 GET /api/realtime 200 in 81ms
 GET /api/realtime 200 in 96ms
 GET /api/realtime 200 in 92ms
 GET /api/realtime 200 in 96ms
 GET /api/realtime 200 in 92ms
 GET /api/realtime 200 in 296ms
 GET /api/realtime 200 in 94ms
 GET /api/realtime 200 in 85ms
 GET /api/realtime 200 in 84ms
 GET /api/realtime 200 in 65ms
 GET /api/realtime 200 in 6965ms
 ○ Compiling /projects/[id] ...
 ✓ Compiled /projects/[id] in 5.1s (3586 modules)
 GET /projects/new 200 in 6573ms
 GET /site-diary 200 in 6654ms
 GET /meetings 200 in 6644ms
 GET /drawings 200 in 6655ms
 GET /budget 200 in 6655ms
 GET /permits 200 in 6656ms
 GET /materials 200 in 6671ms
 GET /milestones 200 in 6672ms
 GET /equipment 200 in 6594ms
 GET /settings 200 in 6663ms
 GET /change-orders 200 in 6620ms
 GET /progress-claims 200 in 6702ms
 GET /safety 200 in 6691ms
 GET /inspections 200 in 6623ms
 GET /daily-reports 200 in 6623ms
 GET /documents 200 in 6623ms
 GET /reports 200 in 6627ms
 GET /subcontractors 200 in 6711ms
 GET /team 200 in 6702ms
 GET /defects 200 in 6703ms
 GET /time-tracking 200 in 6715ms
 GET /rfis 200 in 6642ms
 GET /projects 200 in 6643ms
 GET /tasks 200 in 6647ms
 GET /punch-lists 200 in 6751ms
 GET /company 200 in 6653ms
 GET /submittals 200 in 6674ms
 GET /projects/project-riverside-homes 200 in 6695ms
 GET /projects/project-mall-renovation 200 in 6701ms
 GET /projects/project-downtown-office 200 in 6704ms
 GET /api/notifications?limit=10 200 in 595ms
 GET /api/auth/session 200 in 727ms
 ○ Compiling /api/company/stats ...
 GET /api/realtime 200 in 3205ms
 ✓ Compiled /api/company/stats in 4.1s (1992 modules)
 GET /api/realtime 200 in 6079ms
 GET /api/realtime 200 in 5842ms
 GET /api/realtime 200 in 6013ms
 GET /api/realtime 200 in 5889ms
 GET /api/realtime 200 in 6275ms
 GET /api/realtime 200 in 5991ms
 GET /api/realtime 200 in 6109ms
 GET /api/auth/session 200 in 6363ms
 GET /api/company/stats 200 in 6907ms
 GET /api/realtime 200 in 5564ms
 GET /api/realtime 200 in 5902ms
 GET /api/realtime 200 in 6431ms
 GET /api/realtime 200 in 5807ms
 GET /api/realtime 200 in 6390ms
 GET /api/realtime 200 in 6638ms
 GET /api/realtime 200 in 6642ms
 GET /api/realtime 200 in 6640ms
 GET /api/notifications?limit=10 200 in 6649ms
 GET /api/realtime 200 in 5098ms
 GET /api/realtime 200 in 4836ms
 GET /api/realtime 200 in 7124ms
 GET /api/realtime 200 in 4805ms
 GET /api/realtime 200 in 7090ms
 GET /api/realtime 200 in 4702ms
 GET /api/realtime 200 in 930ms
 GET /api/realtime 200 in 5019ms
 GET /api/realtime 200 in 4908ms
 GET /api/realtime 200 in 4614ms
 GET /api/auth/session 200 in 311ms
 GET /api/realtime 200 in 421ms
 GET /api/realtime 200 in 7187ms
 GET /api/notifications?limit=10 200 in 317ms
 GET /api/realtime 200 in 407ms
 GET /api/realtime 200 in 407ms
 GET /api/realtime 200 in 407ms
 GET /api/realtime 200 in 7504ms
 GET /api/realtime 200 in 7311ms
 GET /api/realtime 200 in 6536ms
 GET /api/realtime 200 in 7229ms
 GET /api/realtime 200 in 5688ms
 GET /api/realtime 200 in 425ms
 GET /api/realtime 200 in 350ms
 GET /api/realtime 200 in 334ms
 GET /api/realtime 200 in 422ms
 GET /api/realtime 200 in 5485ms
 GET /api/realtime 200 in 6255ms
 GET /api/realtime 200 in 338ms
 GET /api/realtime 200 in 5548ms
 GET /api/realtime 200 in 395ms
 GET /api/realtime 200 in 430ms
 GET /api/realtime 200 in 7110ms
 GET /api/realtime 200 in 431ms
 GET /api/realtime 200 in 6599ms
 GET /api/realtime 200 in 5395ms
 GET /api/realtime 200 in 417ms
 GET /api/realtime 200 in 440ms
 GET /api/realtime 200 in 359ms
 GET /api/company/stats 200 in 414ms
 GET /api/realtime 200 in 7267ms
 GET /api/realtime 200 in 5708ms
 GET /api/realtime 200 in 472ms
 GET /api/notifications?limit=10 200 in 179ms
 GET /api/realtime 200 in 5415ms
 GET /api/auth/session 200 in 335ms
 GET /api/auth/session 200 in 336ms
 GET /api/notifications?limit=10 200 in 364ms
 GET /api/notifications?limit=10 200 in 365ms
 GET /api/notifications?limit=10 200 in 366ms
 GET /api/notifications?limit=10 200 in 363ms
 GET /api/realtime 200 in 371ms
 GET /api/realtime 200 in 89ms
 GET /api/realtime 200 in 81ms
 GET /api/realtime 200 in 91ms
 GET /api/realtime 200 in 98ms
 GET /api/realtime 200 in 228ms
 GET /api/realtime 200 in 82ms
 GET /api/realtime 200 in 82ms
 GET /api/realtime 200 in 83ms
 GET /api/realtime 200 in 82ms
 GET /api/realtime 200 in 7365ms
 ○ Compiling /company/invitations ...
 ✓ Compiled /company/invitations in 2.8s (3640 modules)
 GET /company/invitations 200 in 3138ms
 GET /company/usage 200 in 3138ms
 GET /company/team 200 in 3146ms
 GET /company/settings 307 in 3155ms
 GET /dashboard 200 in 161ms
 ○ Compiling /api/company/invitations ...
 ✓ Compiled /api/company/invitations in 839ms (2030 modules)
 GET /api/realtime 200 in 1475ms
 GET /api/auth/session 200 in 1855ms
 GET /api/notifications?limit=10 200 in 1833ms
 GET /api/company/invitations? 200 in 1893ms
 GET /api/realtime 200 in 97ms
 GET /api/auth/session 200 in 102ms
 GET /api/notifications?limit=10 200 in 112ms
 GET /api/company/invitations? 200 in 132ms
 GET /api/realtime 200 in 114ms
 GET /api/auth/session 200 in 193ms
 GET /api/notifications?limit=10 200 in 205ms
 GET /api/company/invitations? 200 in 185ms
 GET /api/realtime 200 in 127ms
 GET /api/notifications?limit=10 200 in 142ms
 GET /api/realtime 200 in 165ms
 GET /api/auth/session 200 in 166ms
 GET /api/company/invitations? 200 in 145ms
 GET /api/realtime 200 in 103ms
 GET /api/auth/session 200 in 124ms
 GET /api/realtime 200 in 88ms
 GET /api/auth/session 200 in 62ms
 GET /api/auth/session 200 in 82ms
 GET /api/realtime 200 in 130ms
 GET /api/realtime 200 in 182ms
 GET /api/auth/session 200 in 155ms
 GET /api/realtime 200 in 104ms
 GET /api/auth/session 200 in 73ms
 GET /api/auth/session 200 in 106ms
 GET /api/realtime 200 in 141ms
 GET /api/realtime 200 in 173ms
 GET /api/auth/session 200 in 141ms
 GET /api/realtime 200 in 106ms
 GET /api/auth/session 200 in 82ms
 GET /api/auth/session 200 in 105ms
 GET /api/realtime 200 in 140ms
 GET /api/realtime 200 in 101ms
 GET /api/auth/session 200 in 121ms
 GET /api/realtime 200 in 101ms
 GET /api/auth/session 200 in 88ms
 GET /api/realtime 200 in 85ms
 GET /api/realtime 200 in 86ms
 GET /api/realtime 200 in 84ms
 GET /api/realtime 200 in 78ms
 GET /api/realtime 200 in 75ms
 GET /api/realtime 200 in 91ms
 GET /api/realtime 200 in 91ms
 GET /api/realtime 200 in 91ms
 GET /api/realtime 200 in 89ms
 GET /api/realtime 200 in 99ms
 GET /api/realtime 200 in 84ms
 GET /api/realtime 200 in 78ms
 GET /api/realtime 200 in 82ms
 GET /api/realtime 200 in 75ms
 GET /api/realtime 200 in 78ms
 GET /api/realtime 200 in 74ms
 GET /api/realtime 200 in 128ms
 GET /api/realtime 200 in 76ms
 GET /api/realtime 200 in 75ms
 GET /api/realtime 200 in 288ms
 GET /api/realtime 200 in 78ms
 GET /api/realtime 200 in 79ms
 GET /api/realtime 200 in 84ms
 GET /api/realtime 200 in 7031ms
 GET /api/realtime 200 in 85ms
[?25h
