  ▲ Next.js 14.2.28
  - Local:        http://localhost:3000
  - Environments: .env
  - Experiments (use with caution):
    · outputFileTracingRoot

 ✓ Starting...
 ✓ Ready in 2.3s
 ○ Compiling / ...
 ✓ Compiled / in 1731ms (596 modules)
 GET / 200 in 2305ms
 ✓ Compiled in 567ms (296 modules)
 ○ Compiling /api/auth/[...nextauth] ...
 ✓ Compiled /api/auth/[...nextauth] in 534ms (541 modules)
 GET /api/auth/providers 200 in 1051ms
 GET / 200 in 114ms
 GET /api/auth/session 200 in 105ms
 GET /api/auth/session 200 in 57ms
 ○ Compiling /signup ...
 ✓ Compiled /signup in 1101ms (881 modules)
 GET /login 200 in 1325ms
 GET /signup 200 in 1325ms
 GET /api/auth/session 200 in 83ms
 GET /api/auth/session 200 in 52ms
 GET /api/auth/session 200 in 57ms
 GET /api/auth/session 200 in 48ms
 GET /api/auth/session 200 in 79ms
 GET /api/auth/csrf 200 in 77ms
 ✓ Compiled /api/signup in 172ms (597 modules)
 POST /api/signup 200 in 695ms
 GET / 200 in 93ms
 GET /api/auth/signin 302 in 83ms
 GET /login?callbackUrl=https://7d9c4eb47.preview.abacusai.app 200 in 65ms
 GET /api/auth/csrf 200 in 48ms
 POST /api/auth/callback/credentials 302 in 346ms
 ✓ Compiled /middleware in 225ms (174 modules)
 ○ Compiling /dashboard ...
 ✓ Compiled /dashboard in 1213ms (2849 modules)
 GET /dashboard 200 in 1533ms
 GET / 200 in 79ms
 GET /dashboard 200 in 89ms
 GET /api/auth/session 200 in 82ms
 GET /api/auth/session 200 in 442ms
 ○ Compiling /api/realtime ...
 ✓ Compiled /api/realtime in 511ms (1577 modules)
 ✓ Compiled (1580 modules)
 GET /api/auth/session 200 in 895ms
 GET /api/notifications?limit=10 200 in 1394ms
 GET /api/realtime 200 in 1376ms
 GET /api/realtime 200 in 1089ms
 GET /api/realtime 200 in 1370ms
 GET /api/realtime 200 in 1083ms
 GET /api/auth/session 200 in 121ms
 GET /api/notifications?limit=10 200 in 125ms
 GET /api/auth/session 200 in 124ms
 GET /api/notifications?limit=10 200 in 135ms
 GET /api/realtime 200 in 127ms
 GET /api/notifications?limit=10 200 in 88ms
 GET /api/realtime 200 in 72ms
 ○ Compiling /projects/new ...
 ✓ Compiled /projects/new in 3.3s (3336 modules)
 GET /inspections 200 in 4408ms
 GET /meetings 200 in 4409ms
 GET /change-orders 200 in 4348ms
 GET /daily-reports 200 in 4349ms
 GET /documents 200 in 4350ms
 GET /submittals 200 in 4353ms
 GET /rfis 200 in 4354ms
 GET /reports 200 in 4353ms
 GET /punch-lists 200 in 4418ms
 GET /company 200 in 4357ms
 GET /safety 200 in 4356ms
 GET /projects/new 200 in 4357ms
 GET /settings 200 in 4361ms
 GET /projects 200 in 4365ms
 GET /equipment 200 in 4441ms
 GET /team 200 in 4367ms
 GET /tasks 200 in 4371ms
 GET /api/notifications?limit=10 200 in 207ms
 GET /api/notifications?limit=10 200 in 352ms
 GET /api/auth/session 200 in 322ms
 GET /api/realtime 200 in 343ms
 GET /api/realtime 200 in 321ms
 GET /api/realtime 200 in 332ms
 GET /api/realtime 200 in 372ms
 GET /api/realtime 200 in 376ms
 GET /api/realtime 200 in 380ms
 GET /api/realtime 200 in 478ms
 GET /api/notifications?limit=10 200 in 423ms
 GET /api/auth/session 200 in 443ms
 GET /api/realtime 200 in 482ms
 GET /api/realtime 200 in 514ms
 GET /api/realtime 200 in 463ms
 GET /api/realtime 200 in 482ms
 GET /api/notifications?limit=10 200 in 448ms
 GET /api/auth/session 200 in 412ms
 GET /api/realtime 200 in 398ms
 GET /api/realtime 200 in 406ms
 GET /api/realtime 200 in 293ms
 GET /api/realtime 200 in 296ms
 GET /api/realtime 200 in 304ms
 GET /api/realtime 200 in 305ms
 GET /api/realtime 200 in 316ms
 GET /api/realtime 200 in 285ms
 GET /api/auth/session 200 in 334ms
 GET /api/notifications?limit=10 200 in 401ms
 GET /api/realtime 200 in 298ms
 GET /api/realtime 200 in 300ms
 GET /api/auth/session 200 in 295ms
 GET /api/notifications?limit=10 200 in 308ms
 GET /api/auth/session 200 in 203ms
 GET /api/notifications?limit=10 200 in 225ms
 GET /api/auth/session 200 in 332ms
 GET /api/notifications?limit=10 200 in 359ms
 GET /api/auth/session 200 in 155ms
 GET /api/notifications?limit=10 200 in 181ms
 GET /api/realtime 200 in 221ms
 GET /api/auth/session 200 in 208ms
 GET /api/notifications?limit=10 200 in 244ms
 GET /api/realtime 200 in 298ms
 GET /api/auth/session 200 in 301ms
 GET /api/notifications?limit=10 200 in 247ms
 GET /api/auth/session 200 in 293ms
 GET /api/realtime 200 in 420ms
 GET /api/notifications?limit=10 200 in 438ms
 GET /api/realtime 200 in 319ms
 GET /api/auth/session 200 in 348ms
 GET /api/realtime 200 in 364ms
 GET /api/notifications?limit=10 200 in 396ms
 GET /api/realtime 200 in 322ms
 GET /api/auth/session 200 in 293ms
 GET /api/realtime 200 in 295ms
 GET /api/realtime 200 in 247ms
 GET /api/realtime 200 in 248ms
 GET /api/notifications?limit=10 200 in 282ms
 GET /api/auth/session 200 in 248ms
 GET /api/notifications?limit=10 200 in 232ms
 GET /api/auth/session 200 in 245ms
 GET /api/notifications?limit=10 200 in 416ms
 GET /api/auth/session 200 in 534ms
 GET /api/notifications?limit=10 200 in 406ms
 GET /api/auth/session 200 in 244ms
 GET /api/realtime 200 in 193ms
 GET /api/notifications?limit=10 200 in 240ms
 GET /api/realtime 200 in 221ms
 GET /api/auth/session 200 in 236ms
 GET /api/realtime 200 in 315ms
 GET /api/realtime 200 in 317ms
 GET /api/realtime 200 in 258ms
 GET /api/auth/session 200 in 326ms
 GET /api/notifications?limit=10 200 in 310ms
 GET /api/realtime 200 in 315ms
 GET /api/realtime 200 in 318ms
 GET /api/realtime 200 in 326ms
 GET /api/notifications?limit=10 200 in 229ms
 GET /api/realtime 200 in 308ms
 GET /api/realtime 200 in 289ms
 GET /api/realtime 200 in 289ms
 GET /api/realtime 200 in 291ms
 GET /api/notifications?limit=10 200 in 332ms
 GET /api/notifications?limit=10 200 in 327ms
 GET /api/notifications?limit=10 200 in 330ms
 GET /api/notifications?limit=10 200 in 331ms
 GET /api/notifications?limit=10 200 in 332ms
 GET /api/notifications?limit=10 200 in 332ms
 GET /api/notifications?limit=10 200 in 333ms
 GET /api/notifications?limit=10 200 in 334ms
 GET /api/notifications?limit=10 200 in 332ms
 GET /api/notifications?limit=10 200 in 333ms
 GET /api/notifications?limit=10 500 in 424ms
 GET /api/notifications?limit=10 200 in 425ms
 GET /api/notifications?limit=10 500 in 428ms
 GET /api/notifications?limit=10 500 in 431ms
 GET /api/notifications?limit=10 500 in 438ms
 GET /api/notifications?limit=10 200 in 439ms
 GET /api/auth/session 200 in 415ms
 GET /api/auth/session 200 in 413ms
 GET /api/auth/session 200 in 413ms
 GET /api/auth/session 200 in 413ms
 GET /api/auth/session 200 in 414ms
 GET /api/auth/session 200 in 415ms
 GET /api/auth/session 200 in 415ms
 GET /api/auth/session 200 in 416ms
 GET /api/realtime 200 in 351ms
 GET /api/realtime 200 in 60ms
 ○ Compiling /projects/[id] ...
 ✓ Compiled /projects/[id] in 2.4s (3413 modules)
 GET /company/usage 200 in 2745ms
 GET /company/invitations 200 in 2746ms
 GET /company/team 200 in 2767ms
 GET /company/settings 307 in 2747ms
 GET /dashboard 200 in 193ms
 GET /projects/project-downtown-office 200 in 3841ms
 GET /projects/project-mall-renovation 200 in 3843ms
 GET /projects/project-riverside-homes 200 in 3846ms
 ○ Compiling /api/company/invitations ...
 ✓ Compiled /api/company/invitations in 1976ms (1896 modules)
 GET /api/auth/session 200 in 3021ms
 GET /api/notifications?limit=10 200 in 2410ms
 GET /api/realtime 200 in 2272ms
 GET /api/realtime 200 in 2276ms
 GET /api/realtime 200 in 2362ms
 GET /api/realtime 200 in 2314ms
 GET /api/realtime 200 in 2316ms
 GET /api/realtime 200 in 2279ms
 GET /api/realtime 200 in 2317ms
 GET /api/realtime 200 in 2374ms
 GET /api/realtime 200 in 2338ms
 GET /api/realtime 200 in 2349ms
 GET /api/realtime 200 in 2349ms
 GET /api/realtime 200 in 2386ms
 GET /api/realtime 200 in 2387ms
 GET /api/realtime 200 in 2273ms
 GET /api/realtime 200 in 2339ms
 GET /api/realtime 200 in 2263ms
 GET /api/company/invitations? 200 in 3205ms
 GET /api/realtime 200 in 31083ms
 GET /api/realtime 200 in 30990ms
 GET /api/auth/session 200 in 128ms
 GET /api/realtime 200 in 30131ms
 GET /api/company/invitations? 200 in 206ms
 GET /api/notifications?limit=10 200 in 214ms
 GET /api/auth/session 200 in 144ms
 GET /api/company/invitations? 200 in 172ms
 GET /api/notifications?limit=10 200 in 173ms
 GET /api/realtime 200 in 30109ms
 GET /api/auth/session 200 in 101ms
 GET /api/realtime 200 in 30071ms
 GET /api/notifications?limit=10 200 in 184ms
 GET /api/realtime 200 in 30087ms
 GET /api/auth/session 200 in 182ms
 GET /api/realtime 200 in 30067ms
 GET /api/notifications?limit=10 200 in 214ms
 GET /api/realtime 200 in 30179ms
 GET /api/auth/session 200 in 188ms
 GET /api/notifications?limit=10 200 in 126ms
 GET /api/realtime 200 in 30128ms
 GET /api/auth/session 200 in 195ms
 GET /api/realtime 200 in 30069ms
 GET /api/notifications?limit=10 200 in 200ms
 GET /api/realtime 200 in 30065ms
 GET /api/realtime 200 in 184ms
 GET /api/realtime 200 in 30067ms
 GET /api/auth/session 200 in 244ms
 GET /api/realtime 200 in 30060ms
 GET /api/notifications?limit=10 200 in 256ms
 GET /api/realtime 200 in 30064ms
 GET /api/realtime 200 in 30056ms
 GET /api/auth/session 200 in 212ms
 GET /api/realtime 200 in 200ms
 GET /api/notifications?limit=10 200 in 199ms
 GET /api/realtime 200 in 30057ms
 GET /api/realtime 200 in 193ms
 GET /api/realtime 200 in 30061ms
 GET /api/auth/session 200 in 158ms
 GET /api/notifications?limit=10 200 in 164ms
 GET /api/realtime 200 in 30069ms
 GET /api/realtime 200 in 30056ms
 GET /api/auth/session 200 in 134ms
 GET /api/notifications?limit=10 200 in 149ms
 GET /api/realtime 200 in 30080ms
 GET /api/realtime 200 in 30063ms
 GET /api/auth/session 200 in 121ms
 GET /api/notifications?limit=10 200 in 114ms
 GET /api/realtime 200 in 133ms
 GET /api/realtime 200 in 30056ms
 GET /api/auth/session 200 in 165ms
 GET /api/realtime 200 in 30084ms
 GET /api/notifications?limit=10 200 in 158ms
 GET /api/realtime 200 in 30059ms
 GET /api/realtime 200 in 30066ms
 GET /api/realtime 200 in 30059ms
 GET /api/realtime 200 in 266ms
 GET /api/auth/session 200 in 234ms
 GET /api/notifications?limit=10 200 in 250ms
 GET /api/realtime 200 in 191ms
 GET /api/realtime 200 in 30059ms
 GET /api/realtime 200 in 30069ms
 GET /api/auth/session 200 in 201ms
 GET /api/realtime 200 in 30081ms
 GET /api/realtime 200 in 185ms
 GET /api/notifications?limit=10 200 in 201ms
 GET /api/realtime 200 in 30064ms
 GET /api/realtime 200 in 147ms
 GET /api/auth/session 200 in 126ms
 GET /api/realtime 200 in 30062ms
 GET /api/notifications?limit=10 200 in 159ms
 GET /api/realtime 200 in 30065ms
 GET /api/auth/session 200 in 152ms
 GET /api/realtime 200 in 30062ms
 GET /api/realtime 200 in 163ms
 GET /api/realtime 200 in 30059ms
 GET /api/realtime 200 in 30058ms
 GET /api/auth/session 200 in 179ms
 GET /api/realtime 200 in 30061ms
 GET /api/realtime 200 in 248ms
 GET /api/realtime 200 in 30120ms
 GET /api/auth/session 200 in 208ms
 GET /api/auth/session 200 in 206ms
 GET /api/auth/session 200 in 206ms
 GET /api/auth/session 200 in 206ms
 GET /api/auth/session 200 in 201ms
 GET /api/realtime 200 in 30066ms
 GET /api/auth/session 200 in 314ms
 GET /api/auth/session 200 in 311ms
 GET /api/auth/session 200 in 312ms
 GET /api/realtime 200 in 30068ms
 GET /api/realtime 200 in 30061ms
 GET /api/realtime 200 in 30077ms
 GET /api/realtime 200 in 30056ms
 GET /api/realtime 200 in 30056ms
 GET /api/realtime 200 in 82ms
 GET /api/realtime 200 in 30061ms
 GET /api/realtime 200 in 30056ms
 GET /api/realtime 200 in 89ms
 GET /api/realtime 200 in 30056ms
 GET /api/realtime 200 in 30058ms
 GET /api/realtime 200 in 30061ms
 GET /api/realtime 200 in 30057ms
 GET /api/realtime 200 in 30058ms
 GET /api/realtime 200 in 30059ms
 GET /api/realtime 200 in 30059ms
 GET /api/realtime 200 in 30057ms
 GET /api/realtime 200 in 30329ms
 GET /api/realtime 200 in 30324ms
 GET /api/realtime 200 in 30312ms
 GET /api/realtime 200 in 30362ms
 GET /api/realtime 200 in 30368ms
 GET /api/realtime 200 in 30346ms
 GET /api/realtime 200 in 30361ms
 GET /api/realtime 200 in 30353ms
 GET /api/realtime 200 in 30347ms
 GET /api/realtime 200 in 30349ms
 GET /api/realtime 200 in 30450ms
 GET /api/realtime 200 in 30363ms
 GET /api/realtime 200 in 30373ms
 GET /api/realtime 200 in 30481ms
 GET /api/realtime 200 in 30515ms
 GET /api/realtime 200 in 30400ms
 GET /api/realtime 200 in 30392ms
 GET /api/realtime 200 in 30468ms
 GET /api/realtime 200 in 30406ms
 GET /api/realtime 200 in 30388ms
 GET /api/realtime 200 in 30395ms
 GET /api/realtime 200 in 30395ms
 GET /api/realtime 200 in 30463ms
 GET /api/realtime 200 in 30371ms
 GET /api/realtime 200 in 30443ms
 GET /api/realtime 200 in 30389ms
 GET /api/realtime 200 in 30398ms
 GET /api/realtime 200 in 30400ms
 GET /api/realtime 200 in 30451ms
 GET /api/realtime 200 in 30355ms
 GET /api/realtime 200 in 30291ms
 GET /api/realtime 200 in 30281ms
 GET /api/realtime 200 in 30263ms
 GET /api/realtime 200 in 30281ms
 GET /api/realtime 200 in 30350ms
 GET /api/realtime 200 in 30351ms
 GET /api/realtime 200 in 30267ms
 GET /api/realtime 200 in 30267ms
 GET /api/realtime 200 in 30305ms
 GET /api/realtime 200 in 30301ms
 GET /api/realtime 200 in 30300ms
 GET /api/realtime 200 in 30368ms
 GET /api/realtime 200 in 30280ms
 GET /api/realtime 200 in 30278ms
 GET /api/realtime 200 in 30370ms
 GET /api/realtime 200 in 30380ms
 GET /api/realtime 200 in 30325ms
 GET /api/realtime 200 in 30340ms
 GET /api/realtime 200 in 30304ms
 GET /api/realtime 200 in 30296ms
 GET /api/realtime 200 in 30297ms
 GET /api/realtime 200 in 30298ms
 GET /api/realtime 200 in 30288ms
 GET /api/realtime 200 in 30279ms
 GET /api/realtime 200 in 30302ms
 GET /api/realtime 200 in 30285ms
 GET /api/realtime 200 in 30235ms
 GET /api/realtime 200 in 30314ms
 GET /api/realtime 200 in 30264ms
 GET /api/realtime 200 in 30264ms
 GET /api/realtime 200 in 30264ms
 GET /api/realtime 200 in 30266ms
 GET /api/realtime 200 in 30267ms
 GET /api/realtime 200 in 30225ms
 GET /api/realtime 200 in 30220ms
 GET /api/realtime 200 in 30220ms
 GET /api/realtime 200 in 30221ms
 GET /api/realtime 200 in 30219ms
 GET /api/realtime 200 in 30222ms
 GET /api/realtime 200 in 30222ms
 GET /api/realtime 200 in 30222ms
 GET /api/realtime 200 in 30286ms
 GET /api/realtime 200 in 30224ms
 GET /api/realtime 200 in 30227ms
 GET /api/realtime 200 in 30183ms
 GET /api/realtime 200 in 30187ms
 GET /api/realtime 200 in 30194ms
 GET /api/realtime 200 in 30205ms
 GET /api/realtime 200 in 30196ms
 GET /api/realtime 200 in 30209ms
 GET /api/realtime 200 in 30209ms
 GET /api/realtime 200 in 30210ms
 GET /api/realtime 200 in 30219ms
 GET /api/realtime 200 in 30211ms
 GET /api/realtime 200 in 30211ms
 GET /api/realtime 200 in 30212ms
 GET /api/realtime 200 in 30231ms
 GET /api/realtime 200 in 30212ms
 GET /api/realtime 200 in 30186ms
 GET /api/realtime 200 in 30299ms
 GET /api/realtime 200 in 30339ms
 GET /api/realtime 200 in 30347ms
 GET /api/realtime 200 in 30342ms
 GET /api/realtime 200 in 30314ms
 GET /api/realtime 200 in 30297ms
 GET /api/realtime 200 in 30315ms
 GET /api/realtime 200 in 30297ms
 GET /api/realtime 200 in 30297ms
 GET /api/realtime 200 in 30298ms
 GET /api/realtime 200 in 30299ms
 GET /api/realtime 200 in 30292ms
 GET /api/realtime 200 in 30349ms
 GET /api/realtime 200 in 30296ms
 GET /api/realtime 200 in 30353ms
 GET /api/realtime 200 in 30282ms
 GET /api/realtime 200 in 30239ms
 GET /api/realtime 200 in 30232ms
 GET /api/realtime 200 in 30232ms
 GET /api/realtime 200 in 30236ms
 GET /api/realtime 200 in 30234ms
 GET /api/realtime 200 in 30234ms
 GET /api/realtime 200 in 30234ms
 GET /api/realtime 200 in 30219ms
 GET /api/realtime 200 in 30220ms
 GET /api/realtime 200 in 30239ms
 GET /api/realtime 200 in 30229ms
 GET /api/realtime 200 in 30221ms
 GET /api/realtime 200 in 30221ms
 GET /api/realtime 200 in 30222ms
 GET /api/realtime 200 in 30224ms
 GET /api/realtime 200 in 30207ms
 GET /api/realtime 200 in 30237ms
 GET /api/realtime 200 in 30304ms
 GET /api/realtime 200 in 30305ms
 GET /api/realtime 200 in 30297ms
 GET /api/realtime 200 in 30295ms
 GET /api/realtime 200 in 30297ms
 GET /api/realtime 200 in 30297ms
 GET /api/realtime 200 in 30298ms
 GET /api/realtime 200 in 30298ms
 GET /api/realtime 200 in 30300ms
 GET /api/realtime 200 in 30294ms
 GET /api/realtime 200 in 30305ms
 GET /api/realtime 200 in 30304ms
 GET /api/realtime 200 in 30332ms
 GET /api/realtime 200 in 30272ms
 GET /api/realtime 200 in 30277ms
 GET /api/realtime 200 in 30217ms
 GET /api/realtime 200 in 30241ms
 GET /api/realtime 200 in 30217ms
 GET /api/realtime 200 in 30218ms
 GET /api/realtime 200 in 30260ms
 GET /api/realtime 200 in 30262ms
 GET /api/realtime 200 in 30249ms
 GET /api/realtime 200 in 30251ms
 GET /api/realtime 200 in 30252ms
 GET /api/realtime 200 in 30250ms
 GET /api/realtime 200 in 30251ms
 GET /api/realtime 200 in 30228ms
 GET /api/realtime 200 in 30238ms
 GET /api/realtime 200 in 30225ms
 GET /api/realtime 200 in 30232ms
 GET /api/realtime 200 in 30311ms
 GET /api/realtime 200 in 30404ms
 GET /api/realtime 200 in 30404ms
 GET /api/realtime 200 in 30358ms
 GET /api/realtime 200 in 30358ms
 GET /api/realtime 200 in 30357ms
 GET /api/realtime 200 in 30359ms
 GET /api/realtime 200 in 30362ms
 GET /api/realtime 200 in 30365ms
 GET /api/realtime 200 in 30363ms
 GET /api/realtime 200 in 30412ms
 GET /api/realtime 200 in 30367ms
 GET /api/realtime 200 in 30363ms
 GET /api/realtime 200 in 30364ms
 GET /api/realtime 200 in 30417ms
 GET /api/realtime 200 in 30301ms
 GET /api/realtime 200 in 30222ms
 GET /api/realtime 200 in 30218ms
 GET /api/realtime 200 in 30219ms
 GET /api/realtime 200 in 30220ms
 GET /api/realtime 200 in 30384ms
 GET /api/realtime 200 in 30372ms
 GET /api/realtime 200 in 30373ms
 GET /api/realtime 200 in 30373ms
 GET /api/realtime 200 in 30368ms
 GET /api/realtime 200 in 30362ms
 GET /api/realtime 200 in 30364ms
 GET /api/realtime 200 in 30366ms
 GET /api/realtime 200 in 30384ms
 GET /api/realtime 200 in 30316ms
 GET /api/realtime 200 in 30304ms
 GET /api/realtime 200 in 30322ms
 GET /api/realtime 200 in 30313ms
 GET /api/realtime 200 in 30317ms
 GET /api/realtime 200 in 30224ms
 GET /api/realtime 200 in 30238ms
 GET /api/realtime 200 in 30300ms
 GET /api/realtime 200 in 30291ms
 GET /api/realtime 200 in 30292ms
 GET /api/realtime 200 in 30292ms
 GET /api/realtime 200 in 30293ms
 GET /api/realtime 200 in 30301ms
 GET /api/realtime 200 in 30218ms
 GET /api/realtime 200 in 30215ms
 GET /api/realtime 200 in 30210ms
 GET /api/realtime 200 in 30272ms
 GET /api/realtime 200 in 30277ms
 GET /api/realtime 200 in 30201ms
 GET /api/realtime 200 in 30226ms
 GET /api/realtime 200 in 30221ms
 GET /api/realtime 200 in 30221ms
 GET /api/realtime 200 in 30228ms
 GET /api/realtime 200 in 30223ms
 GET /api/realtime 200 in 30210ms
 GET /api/realtime 200 in 30211ms
 GET /api/realtime 200 in 30215ms
 GET /api/realtime 200 in 30220ms
 GET /api/realtime 200 in 30225ms
 GET /api/realtime 200 in 30231ms
 GET /api/realtime 200 in 30252ms
 GET /api/realtime 200 in 30235ms
 GET /api/realtime 200 in 30234ms
 GET /api/realtime 200 in 30238ms
 GET /api/realtime 200 in 30321ms
 GET /api/realtime 200 in 30277ms
 GET /api/realtime 200 in 30411ms
 GET /api/realtime 200 in 30379ms
 GET /api/realtime 200 in 30387ms
 GET /api/realtime 200 in 30480ms
 GET /api/realtime 200 in 30410ms
 GET /api/realtime 200 in 30420ms
 GET /api/realtime 200 in 30409ms
 GET /api/realtime 200 in 30417ms
 GET /api/realtime 200 in 30523ms
 GET /api/realtime 200 in 30252ms
 GET /api/realtime 200 in 30196ms
 GET /api/realtime 200 in 30197ms
 GET /api/realtime 200 in 30286ms
 GET /api/realtime 200 in 30196ms
 GET /api/realtime 200 in 30213ms
 GET /api/realtime 200 in 30269ms
 GET /api/realtime 200 in 30226ms
 GET /api/realtime 200 in 30218ms
 GET /api/realtime 200 in 30210ms
 GET /api/realtime 200 in 30183ms
 GET /api/realtime 200 in 30184ms
 GET /api/realtime 200 in 30218ms
 GET /api/realtime 200 in 30217ms
 GET /api/realtime 200 in 30218ms
 GET /api/realtime 200 in 30218ms
 GET /api/realtime 200 in 30223ms
 GET /api/realtime 200 in 30224ms
 GET /api/realtime 200 in 30226ms
 GET /api/realtime 200 in 30227ms
 GET /api/realtime 200 in 30317ms
 GET /api/realtime 200 in 30062ms
 GET /api/realtime 200 in 30060ms
 GET /api/realtime 200 in 30061ms
 GET /api/realtime 200 in 30058ms
 GET /api/realtime 200 in 30058ms
 GET /api/realtime 200 in 30059ms
 GET /api/realtime 200 in 30061ms
 GET /api/realtime 200 in 30073ms
 GET /api/realtime 200 in 30077ms
 GET /api/realtime 200 in 30068ms
 GET /api/realtime 200 in 30056ms
 GET /api/realtime 200 in 30059ms
 GET /api/realtime 200 in 30065ms
 GET /api/realtime 200 in 30059ms
 GET /api/realtime 200 in 30064ms
 GET /api/realtime 200 in 30065ms
 GET /api/realtime 200 in 30058ms
 GET /api/realtime 200 in 30068ms
 GET /api/realtime 200 in 30060ms
 GET /api/realtime 200 in 30059ms
 GET /api/realtime 200 in 30070ms
 GET /api/realtime 200 in 30057ms
 GET /api/realtime 200 in 30067ms
 GET /api/realtime 200 in 30063ms
 GET /api/realtime 200 in 30056ms
 GET /api/realtime 200 in 30057ms
 GET /api/realtime 200 in 30057ms
 GET /api/realtime 200 in 30065ms
 GET /api/realtime 200 in 30058ms
 GET /api/realtime 200 in 30061ms
 GET /api/realtime 200 in 30057ms
 GET /api/realtime 200 in 30060ms
 GET /api/realtime 200 in 30058ms
 GET /api/realtime 200 in 30056ms
 GET /api/realtime 200 in 30063ms
 GET /api/realtime 200 in 30058ms
 GET /api/realtime 200 in 30059ms
 GET /api/realtime 200 in 30066ms
 GET /api/realtime 200 in 30070ms
 GET /api/realtime 200 in 30055ms
 GET /api/realtime 200 in 32329ms
 GET /api/realtime 200 in 32273ms
 GET /api/realtime 200 in 32256ms
 GET /api/realtime 200 in 32009ms
 GET /api/realtime 200 in 31969ms
 GET /api/realtime 200 in 32027ms
 GET /api/realtime 200 in 32335ms
 GET /api/realtime 200 in 31843ms
 GET /api/realtime 200 in 30207ms
 GET /api/realtime 200 in 30181ms
 GET /api/realtime 200 in 30181ms
 GET /api/realtime 200 in 30209ms
 GET /api/realtime 200 in 30185ms
 GET /api/realtime 200 in 30186ms
 GET /api/realtime 200 in 30186ms
 GET /api/realtime 200 in 30188ms
 GET /api/realtime 200 in 30145ms
 GET /api/realtime 200 in 30179ms
 GET /api/realtime 200 in 30184ms
 GET /api/realtime 200 in 30190ms
 GET /api/realtime 200 in 30169ms
 GET /api/realtime 200 in 30175ms
 GET /api/realtime 200 in 30177ms
 GET /api/realtime 200 in 30181ms
 GET /api/realtime 200 in 30128ms
 GET /api/realtime 200 in 30124ms
 GET /api/realtime 200 in 30124ms
 GET /api/realtime 200 in 30132ms
 GET /api/realtime 200 in 30207ms
 GET /api/realtime 200 in 30173ms
 GET /api/realtime 200 in 30178ms
 GET /api/realtime 200 in 30202ms
 GET /api/realtime 200 in 30219ms
 GET /api/realtime 200 in 30269ms
 GET /api/realtime 200 in 30107ms
 GET /api/realtime 200 in 30192ms
 GET /api/realtime 200 in 30190ms
 GET /api/realtime 200 in 30248ms
 GET /api/realtime 200 in 30199ms
 GET /api/realtime 200 in 30100ms
 GET /api/realtime 200 in 30101ms
 GET /api/realtime 200 in 30100ms
 GET /api/realtime 200 in 30163ms
 GET /api/realtime 200 in 30149ms
 GET /api/realtime 200 in 30153ms
 GET /api/realtime 200 in 30154ms
 GET /api/realtime 200 in 30132ms
 GET /api/realtime 200 in 30163ms
 GET /api/realtime 200 in 30167ms
 GET /api/realtime 200 in 30169ms
 GET /api/realtime 200 in 30166ms
 GET /api/realtime 200 in 30134ms
 GET /api/realtime 200 in 30258ms
 GET /api/realtime 200 in 30127ms
 GET /api/realtime 200 in 30225ms
 GET /api/realtime 200 in 30121ms
 GET /api/realtime 200 in 30127ms
 GET /api/realtime 200 in 30197ms
 GET /api/realtime 200 in 30136ms
 GET /api/realtime 200 in 30134ms
 GET /api/realtime 200 in 30150ms
 GET /api/realtime 200 in 30161ms
 GET /api/realtime 200 in 30191ms
 GET /api/realtime 200 in 30180ms
 GET /api/realtime 200 in 30164ms
 GET /api/realtime 200 in 30148ms
 GET /api/realtime 200 in 30332ms
 GET /api/realtime 200 in 30195ms
 GET /api/realtime 200 in 30093ms
 GET /api/realtime 200 in 30086ms
 GET /api/realtime 200 in 30081ms
 GET /api/realtime 200 in 30084ms
 GET /api/realtime 200 in 30080ms
 GET /api/realtime 200 in 30071ms
 GET /api/realtime 200 in 30093ms
[?25h
