  ▲ Next.js 14.2.28
  - Local:        http://localhost:3000
  - Environments: .env
  - Experiments (use with caution):
    · outputFileTracingRoot

 ✓ Starting...
 ✓ Ready in 1515ms
 ○ Compiling / ...
 ✓ Compiled / in 1868ms (596 modules)
 GET / 200 in 2331ms
 ✓ Compiled in 466ms (296 modules)
 ✓ Compiled /api/auth/[...nextauth] in 430ms (541 modules)
 GET /api/auth/providers 200 in 878ms
 GET / 200 in 112ms
 GET /api/auth/session 200 in 65ms
 GET /api/auth/session 200 in 50ms
 ○ Compiling /signup ...
 ✓ Compiled /signup in 673ms (881 modules)
 GET /login 200 in 845ms
 GET /signup 200 in 844ms
 GET /api/auth/session 200 in 62ms
 GET /api/auth/session 200 in 35ms
 GET /api/auth/session 200 in 38ms
 GET /api/auth/session 200 in 34ms
 GET /api/auth/session 200 in 46ms
 GET /api/auth/csrf 200 in 51ms
 ✓ Compiled /api/signup in 283ms (597 modules)
 POST /api/signup 200 in 765ms
 GET / 200 in 79ms
 GET /api/auth/signin 302 in 63ms
 GET /login?callbackUrl=https://4b8f6bc33.preview.abacusai.app 200 in 48ms
 GET /api/auth/csrf 200 in 37ms
 POST /api/auth/callback/credentials 302 in 344ms
 ✓ Compiled /middleware in 193ms (174 modules)
 ○ Compiling /dashboard ...
 ✓ Compiled /dashboard in 1392ms (2857 modules)
 GET /dashboard 200 in 1699ms
 GET / 200 in 91ms
 GET /dashboard 200 in 104ms
 GET /api/auth/session 200 in 69ms
 ✓ Compiled /api/realtime in 359ms (1581 modules)
 ✓ Compiled (1584 modules)
 GET /api/auth/session 200 in 629ms
 GET /api/notifications?limit=10 200 in 699ms
 GET /api/realtime 200 in 354ms
 GET /api/auth/session 200 in 56ms
 GET /api/notifications?limit=10 200 in 86ms
 GET /api/realtime 200 in 117ms
 GET /api/auth/session 200 in 52ms
 GET /api/realtime 200 in 75ms
 GET /api/notifications?limit=10 200 in 66ms
 GET /api/auth/session 200 in 69ms
 GET /api/notifications?limit=10 200 in 77ms
 GET /api/realtime 200 in 100ms
 GET /api/realtime 200 in 55ms
 GET /api/realtime 200 in 54ms
 GET /api/realtime 200 in 55ms
 GET /api/realtime 200 in 64ms
 GET /api/realtime 200 in 66ms
 GET /api/realtime 200 in 100ms
 GET /api/realtime 200 in 219ms
 GET /api/realtime 200 in 69ms
 GET /api/realtime 200 in 93ms
 GET /api/realtime 200 in 71ms
 GET /api/realtime 200 in 82ms
 GET /api/realtime 200 in 71ms
 GET /api/realtime 200 in 55ms
 GET /api/realtime 200 in 61ms
 GET /api/realtime 200 in 64ms
 GET /api/realtime 200 in 56ms
 GET /api/realtime 200 in 65ms
 GET /api/realtime 200 in 58ms
 GET /api/realtime 200 in 62ms
 GET /api/realtime 200 in 82ms
 GET /api/realtime 200 in 71ms
 GET /api/realtime 200 in 71ms
 GET /api/realtime 200 in 59ms
 GET /api/realtime 200 in 63ms
 GET /api/realtime 200 in 90ms
 GET /api/realtime 200 in 71ms
 GET /api/realtime 200 in 73ms
 GET /api/realtime 200 in 62ms
 GET /api/realtime 200 in 58ms
 GET /api/realtime 200 in 67ms
 GET /api/realtime 200 in 70ms
 GET /api/realtime 200 in 72ms
 GET /api/realtime 200 in 84ms
 GET /api/realtime 200 in 75ms
 GET /api/realtime 200 in 59ms
 GET /api/realtime 200 in 75ms
 GET /api/realtime 200 in 87ms
 GET /api/realtime 200 in 73ms
 GET /api/realtime 200 in 60ms
 GET /api/realtime 200 in 68ms
 GET /api/realtime 200 in 61ms
 GET /api/realtime 200 in 59ms
 GET /api/realtime 200 in 61ms
 GET /api/realtime 200 in 59ms
 GET /api/realtime 200 in 60ms
 GET /api/realtime 200 in 60ms
 GET /api/realtime 200 in 63ms
 GET /api/realtime 200 in 69ms
 GET /api/realtime 200 in 71ms
 GET /api/realtime 200 in 56ms
 GET /api/realtime 200 in 135ms
 GET /api/realtime 200 in 141ms
 GET /api/realtime 200 in 64ms
 GET /api/realtime 200 in 62ms
 GET /api/realtime 200 in 78ms
 GET /api/realtime 200 in 62ms
 GET /api/realtime 200 in 6954ms
 ○ Compiling /reports ...
 ✓ Compiled /reports in 3.8s (3457 modules)
 GET /projects/new 200 in 4824ms
 GET /daily-reports 200 in 4933ms
 GET /change-orders 200 in 4894ms
 GET /milestones 200 in 4958ms
 GET /meetings 200 in 4852ms
 GET /subcontractors 200 in 4952ms
 GET /equipment 200 in 4852ms
 GET /materials 200 in 4960ms
 GET /inspections 200 in 4854ms
 GET /settings 200 in 4854ms
 GET /documents 200 in 4855ms
 GET /time-tracking 200 in 4948ms
 GET /rfis 200 in 4917ms
 GET /submittals 200 in 4912ms
 GET /projects 200 in 4912ms
 GET /punch-lists 200 in 4913ms
 GET /safety 200 in 4868ms
 GET /budget 200 in 4977ms
 GET /team 200 in 4871ms
 GET /company 200 in 4873ms
 GET /reports 200 in 4850ms
 GET /tasks 200 in 4981ms
 GET /api/realtime 200 in 302ms
 GET /api/notifications?limit=10 200 in 408ms
 GET /api/auth/session 200 in 602ms
 GET /api/realtime 200 in 522ms
 GET /api/notifications?limit=10 200 in 534ms
 GET /api/realtime 200 in 564ms
 GET /api/realtime 200 in 205ms
 GET /api/realtime 200 in 466ms
 GET /api/realtime 200 in 454ms
 GET /api/realtime 200 in 455ms
 GET /api/realtime 200 in 416ms
 GET /api/realtime 200 in 433ms
 GET /api/realtime 200 in 461ms
 GET /api/realtime 200 in 466ms
 GET /api/auth/session 200 in 416ms
 GET /api/realtime 200 in 254ms
 GET /api/realtime 200 in 259ms
 GET /api/realtime 200 in 229ms
 GET /api/realtime 200 in 402ms
 GET /api/realtime 200 in 471ms
 GET /api/realtime 200 in 464ms
 GET /api/realtime 200 in 246ms
 GET /api/notifications?limit=10 200 in 510ms
 GET /api/realtime 200 in 357ms
 GET /api/realtime 200 in 349ms
 GET /api/realtime 200 in 359ms
 GET /api/realtime 200 in 350ms
 GET /api/realtime 200 in 351ms
 GET /api/realtime 200 in 353ms
 GET /api/realtime 200 in 354ms
 ○ Compiling /api/company/stats ...
 ✓ Compiled /api/company/stats in 1752ms (1918 modules)
 GET /api/realtime 200 in 2735ms
 GET /api/realtime 200 in 2789ms
 GET /api/auth/session 200 in 2904ms
 GET /api/company/stats 200 in 2980ms
 GET /api/realtime 200 in 2652ms
 GET /api/realtime 200 in 2078ms
 GET /api/realtime 200 in 2625ms
 GET /api/realtime 200 in 2628ms
 GET /api/realtime 200 in 2770ms
 GET /api/realtime 200 in 2654ms
 GET /api/realtime 200 in 2541ms
 GET /api/realtime 200 in 2627ms
 GET /api/realtime 200 in 2771ms
 GET /api/realtime 200 in 2800ms
 GET /api/realtime 200 in 2662ms
 GET /api/realtime 200 in 2636ms
 GET /api/realtime 200 in 2675ms
 GET /api/realtime 200 in 2785ms
 GET /api/realtime 200 in 2812ms
 GET /api/realtime 200 in 2446ms
 GET /api/notifications?limit=10 200 in 2666ms
 GET /api/realtime 200 in 2026ms
 GET /api/realtime 200 in 2070ms
 GET /api/realtime 200 in 116ms
 GET /api/realtime 200 in 375ms
 GET /api/realtime 200 in 3457ms
 GET /api/realtime 200 in 158ms
 GET /api/realtime 200 in 3659ms
 GET /api/realtime 200 in 186ms
 GET /api/realtime 200 in 189ms
 GET /api/realtime 200 in 192ms
 GET /api/auth/session 200 in 191ms
 GET /api/company/stats 200 in 243ms
 GET /api/realtime 200 in 3420ms
 GET /api/realtime 200 in 263ms
 GET /api/realtime 200 in 2361ms
 GET /api/realtime 200 in 296ms
 GET /api/realtime 200 in 289ms
 GET /api/realtime 200 in 284ms
 GET /api/realtime 200 in 291ms
 GET /api/realtime 200 in 301ms
 GET /api/realtime 200 in 292ms
 GET /api/realtime 200 in 292ms
 GET /api/realtime 200 in 292ms
 GET /api/realtime 200 in 293ms
 GET /api/realtime 200 in 302ms
 GET /api/realtime 200 in 254ms
 GET /api/realtime 200 in 296ms
 GET /api/notifications?limit=10 200 in 259ms
 GET /api/realtime 200 in 273ms
 GET /api/realtime 200 in 3050ms
 GET /api/realtime 200 in 194ms
 GET /api/realtime 200 in 2797ms
 GET /api/realtime 200 in 2686ms
 GET /api/realtime 200 in 104ms
 GET /api/auth/session 200 in 163ms
 GET /api/realtime 200 in 2817ms
 GET /api/realtime 200 in 141ms
 GET /api/realtime 200 in 188ms
 GET /api/realtime 200 in 195ms
 GET /api/realtime 200 in 202ms
 GET /api/realtime 200 in 209ms
 GET /api/realtime 200 in 210ms
 GET /api/realtime 200 in 218ms
 GET /api/realtime 200 in 210ms
 GET /api/realtime 200 in 211ms
 GET /api/realtime 200 in 213ms
 GET /api/realtime 200 in 215ms
 GET /api/realtime 200 in 214ms
 GET /api/realtime 200 in 217ms
 GET /api/company/stats 200 in 261ms
 GET /api/notifications?limit=10 200 in 229ms
 GET /api/realtime 200 in 241ms
 GET /api/realtime 200 in 195ms
 GET /api/realtime 200 in 167ms
 GET /api/realtime 200 in 156ms
 GET /api/realtime 200 in 158ms
 GET /api/auth/session 200 in 151ms
 GET /api/realtime 200 in 3008ms
 GET /api/realtime 200 in 212ms
 GET /api/realtime 200 in 214ms
 GET /api/realtime 200 in 219ms
 GET /api/realtime 200 in 215ms
 GET /api/realtime 200 in 217ms
 GET /api/realtime 200 in 217ms
 GET /api/realtime 200 in 221ms
 GET /api/realtime 200 in 226ms
 GET /api/realtime 200 in 234ms
 GET /api/company/stats 200 in 221ms
 GET /api/realtime 200 in 235ms
 GET /api/notifications?limit=10 200 in 239ms
 GET /api/realtime 200 in 266ms
 GET /api/realtime 200 in 299ms
 GET /api/realtime 200 in 285ms
 GET /api/auth/session 200 in 326ms
 GET /api/realtime 200 in 516ms
 GET /api/realtime 200 in 645ms
 GET /api/notifications?limit=10 200 in 579ms
 GET /api/realtime 200 in 723ms
 GET /api/realtime 200 in 619ms
 GET /api/realtime 200 in 575ms
 GET /api/realtime 200 in 872ms
 GET /api/auth/session 200 in 398ms
 GET /api/realtime 200 in 857ms
 GET /api/realtime 200 in 863ms
 GET /api/realtime 200 in 930ms
 GET /api/realtime 200 in 931ms
 GET /api/realtime 200 in 343ms
 GET /api/realtime 200 in 889ms
 GET /api/realtime 200 in 1034ms
 GET /api/realtime 200 in 1059ms
 GET /api/realtime 200 in 412ms
 GET /api/notifications?limit=10 200 in 363ms
 GET /api/realtime 200 in 6225ms
 GET /api/realtime 200 in 114ms
 GET /api/realtime 200 in 388ms
 GET /api/realtime 200 in 326ms
 GET /api/realtime 200 in 351ms
 GET /api/realtime 200 in 298ms
 GET /api/realtime 200 in 291ms
 GET /api/realtime 200 in 283ms
 GET /api/realtime 200 in 255ms
 GET /api/realtime 200 in 342ms
 GET /api/auth/session 200 in 251ms
 GET /api/realtime 200 in 272ms
 GET /api/realtime 200 in 238ms
 GET /api/realtime 200 in 6339ms
 GET /api/realtime 200 in 6205ms
 GET /api/notifications?limit=10 200 in 242ms
 GET /api/realtime 200 in 162ms
 GET /api/realtime 200 in 168ms
 GET /api/realtime 200 in 274ms
 GET /api/realtime 200 in 329ms
 GET /api/realtime 200 in 6306ms
 GET /api/realtime 200 in 262ms
 GET /api/realtime 200 in 271ms
 GET /api/realtime 200 in 6325ms
 GET /api/realtime 200 in 268ms
 GET /api/realtime 200 in 270ms
 GET /api/realtime 200 in 277ms
 GET /api/realtime 200 in 279ms
 GET /api/realtime 200 in 6320ms
 GET /api/notifications?limit=10 200 in 181ms
 GET /api/notifications?limit=10 200 in 180ms
 GET /api/realtime 200 in 260ms
 GET /api/notifications?limit=10 200 in 180ms
 GET /api/realtime 200 in 5817ms
 GET /api/realtime 200 in 307ms
 GET /api/notifications?limit=10 200 in 280ms
 GET /api/realtime 200 in 293ms
 GET /api/notifications?limit=10 200 in 305ms
 GET /api/realtime 200 in 6438ms
 GET /api/notifications?limit=10 200 in 290ms
 GET /api/notifications?limit=10 200 in 309ms
 GET /api/auth/session 200 in 335ms
 GET /api/notifications?limit=10 200 in 298ms
 GET /api/notifications?limit=10 200 in 314ms
 GET /api/notifications?limit=10 200 in 292ms
 GET /api/realtime 200 in 6448ms
 GET /api/realtime 200 in 6520ms
 GET /api/notifications?limit=10 200 in 318ms
 GET /api/notifications?limit=10 200 in 296ms
 GET /api/notifications?limit=10 200 in 295ms
 GET /api/realtime 200 in 298ms
 GET /api/notifications?limit=10 200 in 295ms
 GET /api/notifications?limit=10 200 in 295ms
 GET /api/realtime 200 in 5646ms
 GET /api/realtime 200 in 5486ms
 GET /api/notifications?limit=10 200 in 304ms
 GET /api/notifications?limit=10 200 in 304ms
 GET /api/notifications?limit=10 200 in 320ms
 GET /api/notifications?limit=10 200 in 321ms
 GET /api/notifications?limit=10 200 in 322ms
 GET /api/notifications?limit=10 200 in 319ms
 GET /api/notifications?limit=10 200 in 320ms
 GET /api/notifications?limit=10 200 in 312ms
 GET /api/notifications?limit=10 200 in 332ms
 GET /api/notifications?limit=10 200 in 333ms
 GET /api/notifications?limit=10 200 in 396ms
 GET /api/notifications?limit=10 200 in 391ms
 GET /api/auth/session 200 in 159ms
 GET /api/auth/session 200 in 161ms
 GET /api/auth/session 200 in 154ms
 GET /api/auth/session 200 in 158ms
 GET /api/auth/session 200 in 173ms
 GET /api/auth/session 200 in 154ms
 GET /api/auth/session 200 in 167ms
 GET /api/auth/session 200 in 165ms
 GET /api/auth/session 200 in 162ms
 GET /api/auth/session 200 in 163ms
 GET /api/auth/session 200 in 213ms
 GET /api/auth/session 200 in 214ms
 GET /api/realtime 200 in 210ms
 GET /api/realtime 200 in 71ms
 GET /api/realtime 200 in 60ms
 GET /api/realtime 200 in 57ms
 GET /api/realtime 200 in 61ms
 GET /api/realtime 200 in 57ms
 GET /api/realtime 200 in 63ms
 GET /api/realtime 200 in 60ms
 GET /api/realtime 200 in 57ms
 GET /api/realtime 200 in 64ms
 GET /api/realtime 200 in 52ms
 GET /api/realtime 200 in 59ms
 GET /api/realtime 200 in 57ms
 GET /api/realtime 200 in 60ms
 GET /api/realtime 200 in 58ms
 GET /api/realtime 200 in 55ms
 GET /api/realtime 200 in 69ms
 GET /api/realtime 200 in 57ms
 GET /api/realtime 200 in 66ms
 GET /api/realtime 200 in 55ms
 GET /api/realtime 200 in 58ms
 GET /api/realtime 200 in 60ms
 GET /api/realtime 200 in 54ms
 GET /api/realtime 200 in 55ms
 GET /api/realtime 200 in 59ms
 GET /api/realtime 200 in 60ms
 GET /api/realtime 200 in 68ms
 GET /api/realtime 200 in 69ms
 GET /api/realtime 200 in 60ms
 GET /api/realtime 200 in 58ms
 GET /api/realtime 200 in 56ms
 GET /api/realtime 200 in 58ms
 GET /api/realtime 200 in 57ms
 GET /api/realtime 200 in 58ms
 GET /api/realtime 200 in 82ms
 GET /api/realtime 200 in 82ms
 GET /api/realtime 200 in 61ms
 GET /api/realtime 200 in 58ms
 GET /api/realtime 200 in 58ms
 GET /api/realtime 200 in 62ms
 GET /api/realtime 200 in 9563ms
 GET /api/realtime 200 in 58ms
 ○ Compiling /company/team ...
 ✓ Compiled /company/team in 2.7s (3585 modules)
 GET /company/team 200 in 3024ms
 GET /company/usage 200 in 3041ms
 GET /company/invitations 200 in 3041ms
 GET /company/settings 307 in 3026ms
 GET /dashboard 200 in 193ms
 GET /projects/project-downtown-office 200 in 3330ms
 GET /projects/project-riverside-homes 200 in 3317ms
 GET /projects/project-mall-renovation 200 in 3332ms
 GET /api/auth/session 200 in 225ms
 ○ Compiling /api/company/invitations ...
 ✓ Compiled /api/company/invitations in 901ms (1995 modules)
 GET /api/auth/session 200 in 1545ms
 GET /api/company/invitations? 200 in 1837ms
 GET /api/notifications?limit=10 200 in 1538ms
 GET /api/realtime 200 in 1029ms
 GET /api/realtime 200 in 1032ms
 GET /api/realtime 200 in 1035ms
 GET /api/realtime 200 in 1039ms
 GET /api/auth/session 200 in 78ms
 GET /api/realtime 200 in 99ms
 GET /api/realtime 200 in 105ms
 GET /api/realtime 200 in 100ms
 GET /api/company/invitations? 200 in 121ms
 GET /api/notifications?limit=10 200 in 132ms
 GET /api/realtime 200 in 142ms
 GET /api/auth/session 200 in 112ms
 GET /api/realtime 200 in 133ms
 GET /api/realtime 200 in 137ms
 GET /api/realtime 200 in 144ms
 GET /api/notifications?limit=10 200 in 151ms
 GET /api/realtime 200 in 161ms
 GET /api/company/invitations? 200 in 117ms
 GET /api/auth/session 200 in 120ms
 GET /api/realtime 200 in 127ms
 GET /api/realtime 200 in 140ms
 GET /api/realtime 200 in 143ms
 GET /api/realtime 200 in 124ms
 GET /api/notifications?limit=10 200 in 125ms
 GET /api/company/invitations? 200 in 103ms
 GET /api/auth/session 200 in 159ms
 GET /api/realtime 200 in 142ms
 GET /api/realtime 200 in 146ms
 GET /api/realtime 200 in 171ms
 GET /api/notifications?limit=10 200 in 133ms
 GET /api/realtime 200 in 159ms
 GET /api/realtime 200 in 87ms
 GET /api/realtime 200 in 121ms
 GET /api/auth/session 200 in 199ms
 GET /api/realtime 200 in 190ms
 GET /api/notifications?limit=10 200 in 177ms
 GET /api/realtime 200 in 185ms
 GET /api/realtime 200 in 160ms
 GET /api/realtime 200 in 152ms
 GET /api/realtime 200 in 120ms
 GET /api/auth/session 200 in 166ms
 GET /api/realtime 200 in 200ms
 GET /api/notifications?limit=10 200 in 189ms
 GET /api/realtime 200 in 163ms
 GET /api/realtime 200 in 183ms
 GET /api/realtime 200 in 136ms
 GET /api/auth/session 200 in 86ms
 GET /api/realtime 200 in 164ms
 GET /api/notifications?limit=10 200 in 162ms
 GET /api/realtime 200 in 213ms
 GET /api/realtime 200 in 221ms
 GET /api/realtime 200 in 196ms
 GET /api/auth/session 200 in 141ms
 GET /api/realtime 200 in 164ms
 GET /api/realtime 200 in 120ms
 GET /api/realtime 200 in 122ms
 GET /api/notifications?limit=10 200 in 127ms
 GET /api/realtime 200 in 144ms
 GET /api/auth/session 200 in 109ms
 GET /api/realtime 200 in 88ms
 GET /api/realtime 200 in 118ms
 GET /api/realtime 200 in 119ms
 GET /api/notifications?limit=10 200 in 161ms
 GET /api/realtime 200 in 210ms
 GET /api/auth/session 200 in 176ms
 GET /api/realtime 200 in 165ms
 GET /api/realtime 200 in 158ms
 GET /api/realtime 200 in 150ms
 GET /api/auth/session 200 in 115ms
 GET /api/notifications?limit=10 200 in 145ms
 GET /api/realtime 200 in 163ms
 GET /api/realtime 200 in 117ms
 GET /api/realtime 200 in 101ms
 GET /api/realtime 200 in 108ms
 GET /api/realtime 200 in 126ms
 GET /api/auth/session 200 in 155ms
 GET /api/realtime 200 in 167ms
 GET /api/notifications?limit=10 200 in 202ms
 GET /api/realtime 200 in 159ms
 GET /api/realtime 200 in 166ms
 GET /api/realtime 200 in 127ms
 GET /api/auth/session 200 in 116ms
 GET /api/realtime 200 in 145ms
 GET /api/notifications?limit=10 200 in 131ms
 GET /api/realtime 200 in 151ms
 GET /api/realtime 200 in 165ms
 GET /api/realtime 200 in 139ms
 GET /api/auth/session 200 in 169ms
 GET /api/notifications?limit=10 200 in 178ms
 GET /api/realtime 200 in 175ms
 GET /api/realtime 200 in 148ms
 GET /api/realtime 200 in 151ms
 GET /api/realtime 200 in 139ms
 GET /api/auth/session 200 in 95ms
 GET /api/notifications?limit=10 200 in 118ms
 GET /api/realtime 200 in 120ms
 GET /api/realtime 200 in 123ms
 GET /api/realtime 200 in 144ms
 GET /api/auth/session 200 in 101ms
 GET /api/realtime 200 in 103ms
 GET /api/notifications?limit=10 200 in 120ms
 GET /api/realtime 200 in 254ms
 GET /api/realtime 200 in 131ms
 GET /api/realtime 200 in 180ms
 GET /api/auth/session 200 in 141ms
 GET /api/realtime 200 in 219ms
 GET /api/auth/session 200 in 142ms
 GET /api/realtime 200 in 198ms
 GET /api/realtime 200 in 174ms
 GET /api/realtime 200 in 205ms
 GET /api/realtime 200 in 79ms
 GET /api/realtime 200 in 84ms
 GET /api/realtime 200 in 96ms
 GET /api/realtime 200 in 136ms
 GET /api/auth/session 200 in 121ms
 GET /api/realtime 200 in 4858ms
 GET /api/realtime 200 in 4916ms
 GET /api/realtime 200 in 142ms
 GET /api/realtime 200 in 125ms
 GET /api/auth/session 200 in 65ms
 GET /api/realtime 200 in 91ms
 GET /api/auth/session 200 in 55ms
 GET /api/realtime 200 in 93ms
 GET /api/realtime 200 in 70ms
 GET /api/realtime 200 in 102ms
 GET /api/auth/session 200 in 86ms
 GET /api/realtime 200 in 118ms
 GET /api/realtime 200 in 88ms
 GET /api/auth/session 200 in 59ms
 GET /api/auth/session 200 in 54ms
 GET /api/realtime 200 in 100ms
 GET /api/realtime 200 in 99ms
 GET /api/realtime 200 in 64ms
 GET /api/realtime 200 in 117ms
 GET /api/auth/session 200 in 92ms
 GET /api/realtime 200 in 112ms
 GET /api/realtime 200 in 70ms
 GET /api/realtime 200 in 69ms
 GET /api/realtime 200 in 67ms
 GET /api/realtime 200 in 69ms
 GET /api/realtime 200 in 118ms
 GET /api/realtime 200 in 62ms
 GET /api/realtime 200 in 133ms
 GET /api/realtime 200 in 60ms
 GET /api/realtime 200 in 220ms
 GET /api/realtime 200 in 70ms
 GET /api/realtime 200 in 88ms
 GET /api/realtime 200 in 88ms
 GET /api/realtime 200 in 90ms
 GET /api/realtime 200 in 72ms
 GET /api/realtime 200 in 81ms
 GET /api/realtime 200 in 6609ms
 GET /api/realtime 200 in 74ms
 GET /api/realtime 200 in 70ms
 GET /api/realtime 200 in 6709ms
 ✓ Compiled in 1470ms (3378 modules)
 ✓ Compiled in 630ms (1608 modules)
prisma:error Error in PostgreSQL connection: Error { kind: Db, cause: Some(DbError { severity: "FATAL", parsed_severity: Some(Fatal), code: SqlState(E57P05), message: "terminating connection due to idle-session timeout", detail: None, hint: None, position: None, where_: None, schema: None, table: None, column: None, datatype: None, constraint: None, file: Some("postgres.c"), line: Some(3472), routine: Some("ProcessInterrupts") }) }
 ✓ Compiled in 615ms (1608 modules)
prisma:error Error in PostgreSQL connection: Error { kind: Db, cause: Some(DbError { severity: "FATAL", parsed_severity: Some(Fatal), code: SqlState(E57P05), message: "terminating connection due to idle-session timeout", detail: None, hint: None, position: None, where_: None, schema: None, table: None, column: None, datatype: None, constraint: None, file: Some("postgres.c"), line: Some(3472), routine: Some("ProcessInterrupts") }) }
prisma:error Error in PostgreSQL connection: Error { kind: Db, cause: Some(DbError { severity: "FATAL", parsed_severity: Some(Fatal), code: SqlState(E57P05), message: "terminating connection due to idle-session timeout", detail: None, hint: None, position: None, where_: None, schema: None, table: None, column: None, datatype: None, constraint: None, file: Some("postgres.c"), line: Some(3472), routine: Some("ProcessInterrupts") }) }
prisma:error Error in PostgreSQL connection: Error { kind: Db, cause: Some(DbError { severity: "FATAL", parsed_severity: Some(Fatal), code: SqlState(E57P05), message: "terminating connection due to idle-session timeout", detail: None, hint: None, position: None, where_: None, schema: None, table: None, column: None, datatype: None, constraint: None, file: Some("postgres.c"), line: Some(3472), routine: Some("ProcessInterrupts") }) }
prisma:error Error in PostgreSQL connection: Error { kind: Db, cause: Some(DbError { severity: "FATAL", parsed_severity: Some(Fatal), code: SqlState(E57P05), message: "terminating connection due to idle-session timeout", detail: None, hint: None, position: None, where_: None, schema: None, table: None, column: None, datatype: None, constraint: None, file: Some("postgres.c"), line: Some(3472), routine: Some("ProcessInterrupts") }) }
 ✓ Compiled in 708ms (1608 modules)
[?25h
