  ▲ Next.js 14.2.28
  - Local:        http://localhost:3000
  - Environments: .env
  - Experiments (use with caution):
    · outputFileTracingRoot

 ✓ Starting...
 ✓ Ready in 2.1s
 ○ Compiling / ...
 ✓ Compiled / in 2.1s (596 modules)
 GET / 200 in 2698ms
 ✓ Compiled in 565ms (296 modules)
 GET / 200 in 84ms
 GET / 200 in 69ms
 GET / 200 in 71ms
 ✓ Compiled /api/auth/[...nextauth] in 453ms (541 modules)
 GET /api/auth/session 200 in 969ms
 GET /api/auth/session 200 in 86ms
 GET / 200 in 104ms
 ✓ Compiled in 602ms (296 modules)
 ✓ Compiled in 643ms (296 modules)
 ✓ Compiled in 494ms (296 modules)
 ✓ Compiled in 486ms (296 modules)
[?25h
