  ▲ Next.js 14.2.28
  - Local:        http://localhost:3000
  - Environments: .env
  - Experiments (use with caution):
    · outputFileTracingRoot

 ✓ Starting...
 ✓ Ready in 2s
 ○ Compiling / ...
 ✓ Compiled / in 2.4s (596 modules)
 GET / 200 in 2882ms
 ✓ Compiled in 481ms (296 modules)
 ○ Compiling /api/auth/[...nextauth] ...
 ✓ Compiled /api/auth/[...nextauth] in 542ms (541 modules)
 GET /api/auth/providers 200 in 1045ms
 GET / 200 in 103ms
 GET /api/auth/session 200 in 63ms
 GET /api/auth/session 200 in 46ms
 ○ Compiling /signup ...
 ✓ Compiled /signup in 892ms (881 modules)
 GET /signup 200 in 1084ms
 GET /login 200 in 1089ms
 GET /api/auth/session 200 in 80ms
 GET /api/auth/session 200 in 70ms
 GET /api/auth/session 200 in 52ms
 GET /api/auth/session 200 in 168ms
 GET /api/auth/session 200 in 51ms
 GET /api/auth/session 200 in 55ms
 GET /api/auth/csrf 200 in 68ms
 ✓ Compiled /api/signup in 331ms (597 modules)
 POST /api/signup 200 in 820ms
 GET / 200 in 99ms
 GET /api/auth/signin 302 in 139ms
 GET /login?callbackUrl=https://267ef8e6d.preview.abacusai.app 200 in 90ms
 GET /api/auth/csrf 200 in 51ms
 POST /api/auth/callback/credentials 302 in 374ms
 ✓ Compiled /middleware in 205ms (174 modules)
 ○ Compiling /dashboard ...
 ✓ Compiled /dashboard in 3s (2831 modules)
 GET /dashboard 200 in 3297ms
 GET / 200 in 93ms
 GET /dashboard 200 in 106ms
 GET /api/auth/session 200 in 381ms
 ✓ Compiled /api/realtime in 459ms (1567 modules)
 ✓ Compiled (1570 modules)
 GET /api/auth/session 200 in 922ms
 GET /api/realtime 200 in 1074ms
 GET /api/realtime 200 in 1077ms
 GET /api/realtime 200 in 1078ms
 GET /api/notifications?limit=10 200 in 1090ms
 GET /api/auth/session 200 in 130ms
 GET /api/notifications?limit=10 200 in 134ms
 GET /api/auth/session 200 in 140ms
 GET /api/notifications?limit=10 200 in 168ms
 GET /api/realtime 200 in 129ms
 GET /api/auth/session 200 in 117ms
 GET /api/notifications?limit=10 200 in 127ms
 GET /api/realtime 200 in 134ms
 GET /api/auth/session 200 in 116ms
 ○ Compiling /projects ...
 ✓ Compiled /projects in 2.6s (3262 modules)
 GET /change-orders 200 in 3494ms
 GET /daily-reports 200 in 3555ms
 GET /safety 200 in 3541ms
 GET /reports 200 in 3498ms
 GET /settings 200 in 3497ms
 GET /rfis 200 in 3557ms
 GET /documents 200 in 3506ms
 GET /team 200 in 3508ms
 GET /submittals 200 in 3509ms
 GET /projects 200 in 3511ms
 GET /projects/new 200 in 3571ms
 GET /tasks 200 in 3512ms
 GET /company 200 in 3515ms
 GET /api/notifications?limit=10 200 in 239ms
 GET /api/auth/session 200 in 307ms
 GET /api/realtime 200 in 313ms
 GET /api/realtime 200 in 349ms
 GET /api/realtime 200 in 349ms
 GET /api/realtime 200 in 286ms
 GET /api/realtime 200 in 294ms
 GET /api/realtime 200 in 287ms
 GET /api/realtime 200 in 394ms
 GET /api/notifications?limit=10 200 in 454ms
 GET /api/realtime 200 in 310ms
 GET /api/auth/session 200 in 309ms
 GET /api/realtime 200 in 284ms
 GET /api/realtime 200 in 284ms
 GET /api/notifications?limit=10 200 in 303ms
 GET /api/realtime 200 in 339ms
 GET /api/realtime 200 in 339ms
 GET /api/auth/session 200 in 483ms
 GET /api/realtime 200 in 320ms
 GET /api/notifications?limit=10 200 in 355ms
 GET /api/realtime 200 in 249ms
 GET /api/auth/session 200 in 238ms
 GET /api/notifications?limit=10 200 in 287ms
 GET /api/auth/session 200 in 222ms
 GET /api/realtime 200 in 180ms
 GET /api/notifications?limit=10 200 in 193ms
 GET /api/auth/session 200 in 217ms
 GET /api/notifications?limit=10 200 in 269ms
 GET /api/realtime 200 in 234ms
 GET /api/auth/session 200 in 183ms
 GET /api/notifications?limit=10 200 in 185ms
 GET /api/auth/session 200 in 186ms
 GET /api/notifications?limit=10 200 in 240ms
 GET /api/auth/session 200 in 160ms
 GET /api/notifications?limit=10 200 in 205ms
 GET /api/auth/session 200 in 213ms
 GET /api/notifications?limit=10 200 in 258ms
 GET /api/auth/session 200 in 178ms
 GET /api/realtime 200 in 216ms
 GET /api/notifications?limit=10 200 in 228ms
 GET /api/auth/session 200 in 187ms
 GET /api/notifications?limit=10 200 in 207ms
 GET /api/realtime 200 in 222ms
 GET /api/auth/session 200 in 209ms
 GET /api/notifications?limit=10 200 in 211ms
 GET /api/auth/session 200 in 303ms
 GET /api/notifications?limit=10 200 in 303ms
 GET /api/realtime 200 in 240ms
 GET /api/auth/session 200 in 353ms
 GET /api/realtime 200 in 267ms
 GET /api/realtime 200 in 268ms
 GET /api/notifications?limit=10 200 in 353ms
 GET /api/auth/session 200 in 179ms
 GET /api/notifications?limit=10 200 in 174ms
 GET /api/realtime 200 in 180ms
 GET /api/realtime 200 in 186ms
 GET /api/realtime 200 in 186ms
 GET /api/realtime 200 in 211ms
 GET /api/realtime 200 in 189ms
 GET /api/realtime 200 in 186ms
 GET /api/notifications?limit=10 200 in 283ms
 GET /api/notifications?limit=10 200 in 285ms
 GET /api/notifications?limit=10 200 in 286ms
 GET /api/notifications?limit=10 200 in 286ms
 GET /api/notifications?limit=10 200 in 287ms
 GET /api/notifications?limit=10 200 in 288ms
 GET /api/notifications?limit=10 200 in 289ms
 GET /api/notifications?limit=10 200 in 288ms
 GET /api/notifications?limit=10 200 in 289ms
 GET /api/notifications?limit=10 200 in 290ms
 GET /api/notifications?limit=10 200 in 289ms
 GET /api/notifications?limit=10 200 in 290ms
 GET /api/notifications?limit=10 200 in 291ms
 GET /api/notifications?limit=10 200 in 291ms
 GET /api/realtime 200 in 292ms
 GET /api/notifications?limit=10 200 in 294ms
 GET /api/notifications?limit=10 500 in 305ms
 GET /api/notifications?limit=10 500 in 308ms
 GET /api/notifications?limit=10 500 in 310ms
 GET /api/notifications?limit=10 500 in 313ms
 GET /api/notifications?limit=10 200 in 315ms
 GET /api/notifications?limit=10 500 in 318ms
 GET /api/notifications?limit=10 500 in 320ms
 GET /api/notifications?limit=10 200 in 321ms
 GET /api/notifications?limit=10 500 in 323ms
 GET /api/auth/session 200 in 346ms
 GET /api/realtime 200 in 164ms
 GET /api/realtime 200 in 165ms
 GET /api/realtime 200 in 169ms
 GET /api/realtime 200 in 159ms
 GET /api/auth/session 200 in 115ms
 GET /api/auth/session 200 in 306ms
 GET /api/auth/session 200 in 109ms
 GET /api/auth/session 200 in 87ms
 GET /api/auth/session 200 in 187ms
 GET /api/realtime 200 in 119ms
 GET /api/realtime 200 in 193ms
 GET /api/auth/session 200 in 143ms
 GET /api/realtime 200 in 131ms
 GET /api/auth/session 200 in 66ms
 GET /api/auth/session 200 in 92ms
 GET /api/auth/session 200 in 46ms
 GET /api/auth/session 200 in 53ms
 GET /api/auth/session 200 in 67ms
 GET /api/auth/session 200 in 51ms
 ○ Compiling /company/settings ...
 ✓ Compiled /company/settings in 2.5s (3339 modules)
 GET /company/usage 200 in 2822ms
 GET /company/team 200 in 2838ms
 GET /company/invitations 200 in 2838ms
 GET /company/settings 307 in 2823ms
 GET /projects/project-riverside-homes 200 in 3227ms
 GET /projects/project-mall-renovation 200 in 3228ms
 GET /projects/project-downtown-office 200 in 3235ms
 GET /dashboard 200 in 343ms
 ○ Compiling /api/company/invitations ...
 ✓ Compiled /api/company/invitations in 1418ms (1852 modules)
 GET /api/auth/session 200 in 2135ms
 GET /api/realtime 200 in 1827ms
 GET /api/realtime 200 in 1779ms
 GET /api/realtime 200 in 1841ms
 GET /api/realtime 200 in 1821ms
 GET /api/realtime 200 in 1829ms
 GET /api/realtime 200 in 1944ms
 GET /api/realtime 200 in 1967ms
 GET /api/realtime 200 in 1978ms
 GET /api/realtime 200 in 1966ms
 GET /api/realtime 200 in 1783ms
 GET /api/notifications?limit=10 200 in 1983ms
 GET /api/company/invitations? 200 in 2249ms
 GET /api/realtime 200 in 1939ms
 GET /api/realtime 200 in 1854ms
 GET /api/auth/session 200 in 96ms
 GET /api/company/invitations? 200 in 132ms
 GET /api/notifications?limit=10 200 in 129ms
 GET /api/auth/session 200 in 123ms
 GET /api/company/invitations? 200 in 152ms
 GET /api/notifications?limit=10 200 in 153ms
 GET /api/auth/session 200 in 110ms
 GET /api/realtime 200 in 193ms
 GET /api/company/invitations? 200 in 186ms
 GET /api/notifications?limit=10 200 in 178ms
 GET /api/realtime 200 in 215ms
 GET /api/auth/session 200 in 133ms
 GET /api/notifications?limit=10 200 in 152ms
 GET /api/auth/session 200 in 181ms
 GET /api/notifications?limit=10 200 in 153ms
 GET /api/auth/session 200 in 149ms
 GET /api/notifications?limit=10 200 in 179ms
 GET /api/auth/session 200 in 104ms
 GET /api/notifications?limit=10 200 in 96ms
 GET /api/auth/session 200 in 103ms
 GET /api/notifications?limit=10 200 in 169ms
 GET /api/auth/session 200 in 126ms
 GET /api/notifications?limit=10 200 in 141ms
 GET /api/realtime 200 in 143ms
 GET /api/auth/session 200 in 177ms
 GET /api/realtime 200 in 30874ms
 GET /api/notifications?limit=10 200 in 158ms
 GET /api/realtime 200 in 30125ms
 GET /api/auth/session 200 in 98ms
 GET /api/realtime 200 in 103ms
 GET /api/realtime 200 in 30114ms
 GET /api/notifications?limit=10 200 in 169ms
 GET /api/auth/session 200 in 145ms
 GET /api/realtime 200 in 153ms
 GET /api/notifications?limit=10 200 in 169ms
 GET /api/auth/session 200 in 195ms
 GET /api/realtime 200 in 30109ms
 GET /api/notifications?limit=10 200 in 184ms
 GET /api/realtime 200 in 30059ms
 GET /api/auth/session 200 in 136ms
 GET /api/realtime 200 in 30066ms
 GET /api/notifications?limit=10 200 in 103ms
 GET /api/realtime 200 in 119ms
 GET /api/realtime 200 in 30063ms
 GET /api/auth/session 200 in 135ms
 GET /api/realtime 200 in 30057ms
 GET /api/notifications?limit=10 200 in 136ms
 GET /api/realtime 200 in 30063ms
 GET /api/auth/session 200 in 169ms
 GET /api/realtime 200 in 30059ms
 GET /api/realtime 200 in 175ms
 GET /api/realtime 200 in 184ms
 GET /api/auth/session 200 in 85ms
 GET /api/auth/session 200 in 78ms
 GET /api/auth/session 200 in 89ms
 GET /api/auth/session 200 in 57ms
 GET /api/auth/session 200 in 68ms
 GET /api/realtime 200 in 30211ms
 GET /api/auth/session 200 in 92ms
 GET /api/auth/session 200 in 59ms
 GET /api/realtime 200 in 30125ms
 GET /api/auth/session 200 in 60ms
 GET /api/realtime 200 in 30092ms
 GET /api/auth/session 200 in 89ms
 GET /api/realtime 200 in 30066ms
 GET /api/realtime 200 in 30071ms
 GET /api/realtime 200 in 30067ms
 GET /api/realtime 200 in 30053ms
 GET /api/realtime 200 in 30055ms
 GET /api/realtime 200 in 30068ms
 GET /api/realtime 200 in 30061ms
 GET /api/realtime 200 in 73ms
 GET /api/realtime 200 in 30056ms
 GET /api/realtime 200 in 30052ms
 GET /api/realtime 200 in 56ms
 GET /api/realtime 200 in 30048ms
 GET /api/realtime 200 in 30052ms
 GET /api/realtime 200 in 30053ms
 GET /api/realtime 200 in 30053ms
 GET /api/realtime 200 in 30082ms
 GET /api/realtime 200 in 30063ms
 GET /api/realtime 200 in 30061ms
 GET /api/realtime 200 in 30056ms
 GET /api/realtime 200 in 30051ms
 GET /api/realtime 200 in 30054ms
 GET /api/realtime 200 in 30058ms
 GET /api/realtime 200 in 30077ms
 GET /api/realtime 200 in 30059ms
 GET /api/realtime 200 in 30062ms
 GET /api/realtime 200 in 30058ms
 GET /api/realtime 200 in 30055ms
 GET /api/realtime 200 in 30056ms
 GET /api/realtime 200 in 30052ms
 GET /api/realtime 200 in 30051ms
 GET /api/realtime 200 in 30070ms
 GET /api/realtime 200 in 30065ms
 GET /api/realtime 200 in 30065ms
 GET /api/realtime 200 in 30084ms
 GET /api/realtime 200 in 30057ms
 GET /api/realtime 200 in 30158ms
 GET /api/realtime 200 in 30057ms
 GET /api/realtime 200 in 30055ms
 GET /api/realtime 200 in 30050ms
 GET /api/realtime 200 in 30344ms
 GET /api/realtime 200 in 30267ms
 GET /api/realtime 200 in 30266ms
 GET /api/realtime 200 in 30258ms
 GET /api/realtime 200 in 30314ms
 GET /api/realtime 200 in 30261ms
 GET /api/realtime 200 in 30230ms
 GET /api/realtime 200 in 30265ms
 GET /api/realtime 200 in 30233ms
 GET /api/realtime 200 in 30289ms
 GET /api/realtime 200 in 30237ms
 GET /api/realtime 200 in 30238ms
 GET /api/realtime 200 in 30251ms
 GET /api/realtime 200 in 30253ms
 GET /api/realtime 200 in 30250ms
 GET /api/realtime 200 in 30338ms
 GET /api/realtime 200 in 30288ms
 GET /api/realtime 200 in 29276ms
 GET /api/realtime 200 in 30396ms
 GET /api/realtime 200 in 30289ms
 GET /api/realtime 200 in 30329ms
 GET /api/realtime 200 in 30291ms
 GET /api/realtime 200 in 30291ms
 GET /api/realtime 200 in 30289ms
 GET /api/realtime 200 in 30355ms
 GET /api/realtime 200 in 30407ms
 GET /api/realtime 200 in 30344ms
 GET /api/realtime 200 in 30338ms
 GET /api/realtime 200 in 30276ms
 GET /api/realtime 200 in 30388ms
 GET /api/realtime 200 in 30320ms
 GET /api/realtime 200 in 30244ms
 GET /api/realtime 200 in 30243ms
 GET /api/realtime 200 in 30232ms
 GET /api/realtime 200 in 30230ms
 GET /api/realtime 200 in 30186ms
 GET /api/realtime 200 in 30247ms
 GET /api/realtime 200 in 30257ms
 GET /api/realtime 200 in 30238ms
 GET /api/realtime 200 in 30239ms
 GET /api/realtime 200 in 30254ms
 GET /api/realtime 200 in 30219ms
 GET /api/realtime 200 in 30214ms
 GET /api/realtime 200 in 30221ms
 GET /api/realtime 200 in 30216ms
 GET /api/realtime 200 in 30257ms
 GET /api/realtime 200 in 30247ms
 GET /api/realtime 200 in 30248ms
 GET /api/realtime 200 in 30248ms
 GET /api/realtime 200 in 30249ms
 GET /api/realtime 200 in 30268ms
 GET /api/realtime 200 in 30275ms
 GET /api/realtime 200 in 30269ms
 GET /api/realtime 200 in 30192ms
 GET /api/realtime 200 in 30195ms
 GET /api/realtime 200 in 30199ms
 GET /api/realtime 200 in 30172ms
 GET /api/realtime 200 in 30188ms
 GET /api/realtime 200 in 30196ms
 GET /api/realtime 200 in 30156ms
 GET /api/realtime 200 in 30180ms
 GET /api/realtime 200 in 30175ms
 GET /api/realtime 200 in 30181ms
 GET /api/realtime 200 in 30188ms
 GET /api/realtime 200 in 30177ms
 GET /api/realtime 200 in 30178ms
 GET /api/realtime 200 in 30184ms
 GET /api/realtime 200 in 30264ms
 GET /api/realtime 200 in 30265ms
 GET /api/realtime 200 in 30263ms
 GET /api/realtime 200 in 30215ms
 GET /api/realtime 200 in 30216ms
 GET /api/realtime 200 in 30231ms
 GET /api/realtime 200 in 30234ms
 GET /api/realtime 200 in 30235ms
 GET /api/realtime 200 in 30232ms
 GET /api/realtime 200 in 30238ms
 GET /api/realtime 200 in 30233ms
 GET /api/realtime 200 in 30233ms
 GET /api/realtime 200 in 30233ms
 GET /api/realtime 200 in 30234ms
 GET /api/realtime 200 in 30215ms
 GET /api/realtime 200 in 30210ms
 GET /api/realtime 200 in 30209ms
 GET /api/realtime 200 in 30209ms
 GET /api/realtime 200 in 30213ms
 GET /api/realtime 200 in 30220ms
 GET /api/realtime 200 in 30187ms
 GET /api/realtime 200 in 30188ms
 GET /api/realtime 200 in 30178ms
 GET /api/realtime 200 in 30130ms
 GET /api/realtime 200 in 30131ms
 GET /api/realtime 200 in 30134ms
 GET /api/realtime 200 in 30138ms
 GET /api/realtime 200 in 30220ms
 GET /api/realtime 200 in 30219ms
 GET /api/realtime 200 in 30180ms
 GET /api/realtime 200 in 30188ms
 GET /api/realtime 200 in 30181ms
 GET /api/realtime 200 in 30181ms
 GET /api/realtime 200 in 30182ms
 GET /api/realtime 200 in 30182ms
 GET /api/realtime 200 in 30227ms
 GET /api/realtime 200 in 30229ms
 GET /api/realtime 200 in 30248ms
 GET /api/realtime 200 in 30196ms
 GET /api/realtime 200 in 30199ms
 GET /api/realtime 200 in 30194ms
 GET /api/realtime 200 in 30195ms
 GET /api/realtime 200 in 30138ms
 GET /api/realtime 200 in 30187ms
 GET /api/realtime 200 in 30171ms
 GET /api/realtime 200 in 30171ms
 GET /api/realtime 200 in 30182ms
 GET /api/realtime 200 in 30173ms
 GET /api/realtime 200 in 30174ms
 GET /api/realtime 200 in 30176ms
 GET /api/realtime 200 in 30197ms
 GET /api/realtime 200 in 30204ms
 GET /api/realtime 200 in 30204ms
 GET /api/realtime 200 in 30207ms
 GET /api/realtime 200 in 30200ms
 GET /api/realtime 200 in 30208ms
 GET /api/realtime 200 in 30224ms
 GET /api/realtime 200 in 30206ms
 GET /api/realtime 200 in 30204ms
 GET /api/realtime 200 in 30205ms
 GET /api/realtime 200 in 30247ms
 GET /api/realtime 200 in 30249ms
 GET /api/realtime 200 in 30248ms
 GET /api/realtime 200 in 30239ms
 GET /api/realtime 200 in 30217ms
 GET /api/realtime 200 in 30254ms
 GET /api/realtime 200 in 30232ms
 GET /api/realtime 200 in 30202ms
 GET /api/realtime 200 in 30196ms
 GET /api/realtime 200 in 30185ms
 GET /api/realtime 200 in 30183ms
 GET /api/realtime 200 in 30184ms
 GET /api/realtime 200 in 30177ms
 GET /api/realtime 200 in 30182ms
 GET /api/realtime 200 in 30181ms
 GET /api/realtime 200 in 30183ms
 GET /api/realtime 200 in 30214ms
 GET /api/realtime 200 in 30207ms
 GET /api/realtime 200 in 30207ms
 GET /api/realtime 200 in 30212ms
 GET /api/realtime 200 in 30215ms
 GET /api/realtime 200 in 30191ms
 GET /api/realtime 200 in 30218ms
 GET /api/realtime 200 in 30220ms
 GET /api/realtime 200 in 30206ms
 GET /api/realtime 200 in 30208ms
 GET /api/realtime 200 in 30215ms
 GET /api/realtime 200 in 30222ms
 GET /api/realtime 200 in 30176ms
 GET /api/realtime 200 in 30177ms
 GET /api/realtime 200 in 30177ms
 GET /api/realtime 200 in 30199ms
 GET /api/realtime 200 in 30199ms
 GET /api/realtime 200 in 30200ms
 GET /api/realtime 200 in 30192ms
 GET /api/realtime 200 in 30218ms
 GET /api/realtime 200 in 30195ms
 GET /api/realtime 200 in 30221ms
 GET /api/realtime 200 in 30223ms
 GET /api/realtime 200 in 30213ms
 GET /api/realtime 200 in 30214ms
 GET /api/realtime 200 in 30215ms
 GET /api/realtime 200 in 30218ms
 GET /api/realtime 200 in 30235ms
 GET /api/realtime 200 in 30235ms
 GET /api/realtime 200 in 30231ms
 GET /api/realtime 200 in 30159ms
 GET /api/realtime 200 in 30165ms
 GET /api/realtime 200 in 30160ms
 GET /api/realtime 200 in 30151ms
 GET /api/realtime 200 in 30163ms
 GET /api/realtime 200 in 30220ms
 GET /api/realtime 200 in 30221ms
 GET /api/realtime 200 in 30221ms
 GET /api/realtime 200 in 30290ms
 GET /api/realtime 200 in 30291ms
 GET /api/realtime 200 in 30290ms
 GET /api/realtime 200 in 30291ms
 GET /api/realtime 200 in 30201ms
 GET /api/realtime 200 in 30192ms
 GET /api/realtime 200 in 30203ms
 GET /api/realtime 200 in 30210ms
 GET /api/realtime 200 in 30311ms
 GET /api/realtime 200 in 30312ms
 GET /api/realtime 200 in 30327ms
 GET /api/realtime 200 in 30277ms
 GET /api/realtime 200 in 30280ms
 GET /api/realtime 200 in 30316ms
 GET /api/realtime 200 in 30240ms
 GET /api/realtime 200 in 30236ms
 GET /api/realtime 200 in 30239ms
 GET /api/realtime 200 in 30245ms
 GET /api/realtime 200 in 30221ms
 GET /api/realtime 200 in 30271ms
 GET /api/realtime 200 in 30318ms
 GET /api/realtime 200 in 30304ms
 GET /api/realtime 200 in 30260ms
 GET /api/realtime 200 in 30307ms
 GET /api/realtime 200 in 30294ms
 GET /api/realtime 200 in 30254ms
 GET /api/realtime 200 in 30264ms
 GET /api/realtime 200 in 30254ms
 GET /api/realtime 200 in 30226ms
 GET /api/realtime 200 in 30225ms
 GET /api/realtime 200 in 30257ms
 GET /api/realtime 200 in 30194ms
 GET /api/realtime 200 in 30260ms
 GET /api/realtime 200 in 30169ms
 GET /api/realtime 200 in 30182ms
 GET /api/realtime 200 in 30183ms
 GET /api/realtime 200 in 30183ms
 GET /api/realtime 200 in 30184ms
 GET /api/realtime 200 in 30185ms
 GET /api/realtime 200 in 30274ms
 GET /api/realtime 200 in 30299ms
 GET /api/realtime 200 in 30163ms
 GET /api/realtime 200 in 30267ms
 GET /api/realtime 200 in 30187ms
 GET /api/realtime 200 in 30152ms
 GET /api/realtime 200 in 30152ms
 GET /api/realtime 200 in 30153ms
 GET /api/realtime 200 in 30117ms
 GET /api/realtime 200 in 30118ms
 GET /api/realtime 200 in 30122ms
 GET /api/realtime 200 in 30110ms
 GET /api/realtime 200 in 30160ms
 GET /api/realtime 200 in 30164ms
 GET /api/realtime 200 in 30165ms
 GET /api/realtime 200 in 30155ms
 GET /api/realtime 200 in 29851ms
 GET /api/realtime 200 in 29610ms
 GET /api/realtime 200 in 29620ms
 GET /api/realtime 200 in 30014ms
 GET /api/realtime 200 in 30113ms
 GET /api/realtime 200 in 29778ms
 GET /api/realtime 200 in 28132ms
 GET /api/realtime 200 in 27595ms
 GET /api/realtime 200 in 27772ms
 GET /api/realtime 200 in 28889ms
 GET /api/realtime 200 in 29615ms
 GET /api/realtime 200 in 27506ms
 GET /api/realtime 200 in 18470ms
 GET /api/realtime 200 in 19993ms
 GET /api/realtime 200 in 27684ms
 GET /api/realtime 200 in 29783ms
 GET /api/realtime 200 in 18120ms
 GET /api/realtime 200 in 29783ms
 GET /api/realtime 200 in 29123ms
 GET /api/realtime 200 in 19924ms
 GET /api/realtime 200 in 25102ms
 GET /api/realtime 200 in 29786ms
 GET /api/realtime 200 in 28412ms
 GET /api/realtime 200 in 28992ms
 GET /api/realtime 200 in 30014ms
 GET /api/realtime 200 in 28043ms
 GET /api/realtime 200 in 27425ms
 GET /api/realtime 200 in 29669ms
 GET /api/realtime 200 in 29404ms
 GET /api/realtime 200 in 29788ms
 GET /api/realtime 200 in 16225ms
 GET /api/realtime 200 in 15076ms
 GET /api/realtime 200 in 17436ms
 GET /api/realtime 200 in 14333ms
 GET /api/realtime 200 in 18249ms
 GET /api/realtime 200 in 15219ms
 GET /api/realtime 200 in 16327ms
 GET /api/realtime 200 in 15605ms
 GET /api/realtime 200 in 17438ms
 GET /api/realtime 200 in 17321ms
 GET /api/realtime 200 in 26808ms
 GET /api/realtime 200 in 18335ms
 GET /api/realtime 200 in 27083ms
 GET /api/realtime 200 in 16441ms
 GET /api/realtime 200 in 18481ms
 GET /api/realtime 200 in 17951ms
 GET /api/realtime 200 in 14618ms
 GET /api/realtime 200 in 29634ms
 GET /api/realtime 200 in 14386ms
 GET /api/realtime 200 in 15695ms
 GET /api/realtime 200 in 16678ms
 GET /api/realtime 200 in 25328ms
 GET /api/realtime 200 in 17119ms
 GET /api/realtime 200 in 17953ms
 GET /api/realtime 200 in 17647ms
 GET /api/realtime 200 in 29428ms
 GET /api/realtime 200 in 18493ms
 GET /api/realtime 200 in 15473ms
 GET /api/realtime 200 in 25520ms
 GET /api/realtime 200 in 14127ms
 GET /api/realtime 200 in 14732ms
 GET /api/realtime 200 in 16571ms
 GET /api/realtime 200 in 16787ms
 GET /api/realtime 200 in 17857ms
 GET /api/realtime 200 in 14765ms
 GET /api/realtime 200 in 25608ms
 GET /api/realtime 200 in 15734ms
 GET /api/realtime 200 in 16075ms
 GET /api/realtime 200 in 27976ms
 GET /api/realtime 200 in 29264ms
 GET /api/realtime 200 in 26041ms
 GET /api/realtime 200 in 26325ms
 GET /api/realtime 200 in 28251ms
 GET /api/realtime 200 in 16754ms
 GET /api/realtime 200 in 15973ms
 GET /api/realtime 200 in 15856ms
 GET /api/realtime 200 in 24647ms
 GET /api/realtime 200 in 16603ms
 GET /api/realtime 200 in 16504ms
 GET /api/realtime 200 in 26140ms
 GET /api/realtime 200 in 24912ms
 GET /api/realtime 200 in 17837ms
 GET /api/realtime 200 in 26418ms
 GET /api/realtime 200 in 17742ms
 GET /api/realtime 200 in 15205ms
 GET /api/realtime 200 in 15534ms
 GET /api/realtime 200 in 25702ms
 GET /api/realtime 200 in 26909ms
 GET /api/realtime 200 in 28604ms
 GET /api/realtime 200 in 15375ms
 GET /api/realtime 200 in 17564ms
 GET /api/realtime 200 in 18060ms
 GET /api/realtime 200 in 16323ms
 GET /api/realtime 200 in 18350ms
 GET /api/realtime 200 in 17133ms
 GET /api/realtime 200 in 17281ms
 GET /api/realtime 200 in 16556ms
 GET /api/realtime 200 in 26621ms
 GET /api/realtime 200 in 16001ms
 GET /api/realtime 200 in 18466ms
 GET /api/realtime 200 in 15818ms
 GET /api/realtime 200 in 25249ms
 GET /api/realtime 200 in 30245ms
 GET /api/realtime 200 in 17279ms
 GET /api/realtime 200 in 17284ms
 GET /api/realtime 200 in 27367ms
 GET /api/realtime 200 in 29821ms
 GET /api/realtime 200 in 17748ms
 GET /api/realtime 200 in 20029ms
 GET /api/realtime 200 in 15685ms
 GET /api/realtime 200 in 25879ms
 GET /api/realtime 200 in 29652ms
 GET /api/realtime 200 in 27015ms
 GET /api/realtime 200 in 27191ms
 GET /api/realtime 200 in 26536ms
 GET /api/realtime 200 in 16911ms
 GET /api/realtime 200 in 25795ms
 GET /api/realtime 200 in 28822ms
 GET /api/realtime 200 in 17564ms
 GET /api/realtime 200 in 18159ms
 GET /api/realtime 200 in 15830ms
 GET /api/realtime 200 in 28547ms
 GET /api/realtime 200 in 20033ms
 GET /api/realtime 200 in 26734ms
 GET /api/realtime 200 in 29443ms
 GET /api/realtime 200 in 25021ms
 GET /api/realtime 200 in 29589ms
 GET /api/realtime 200 in 29663ms
 GET /api/realtime 200 in 17668ms
 GET /api/realtime 200 in 17142ms
 GET /api/realtime 200 in 24835ms
 GET /api/realtime 200 in 27283ms
 GET /api/realtime 200 in 25443ms
 GET /api/realtime 200 in 28719ms
 GET /api/realtime 200 in 14164ms
 GET /api/realtime 200 in 14259ms
 GET /api/realtime 200 in 14898ms
 GET /api/realtime 200 in 15345ms
 GET /api/realtime 200 in 24754ms
 GET /api/realtime 200 in 28364ms
 GET /api/realtime 200 in 18366ms
 GET /api/realtime 200 in 17205ms
 GET /api/realtime 200 in 27911ms
 GET /api/realtime 200 in 15079ms
 GET /api/realtime 200 in 14044ms
 GET /api/realtime 200 in 16214ms
 GET /api/realtime 200 in 26259ms
 GET /api/realtime 200 in 25979ms
 GET /api/realtime 200 in 17009ms
 GET /api/realtime 200 in 16418ms
 GET /api/realtime 200 in 13846ms
 GET /api/realtime 200 in 14666ms
 GET /api/realtime 200 in 13951ms
 GET /api/realtime 200 in 14075ms
 GET /api/realtime 200 in 15011ms
 GET /api/realtime 200 in 14500ms
 GET /api/realtime 200 in 17439ms
 GET /api/realtime 200 in 14935ms
 GET /api/realtime 200 in 16182ms
 GET /api/realtime 200 in 16834ms
 GET /api/realtime 200 in 16904ms
[?25h
