  ▲ Next.js 14.2.28
  - Local:        http://localhost:3000
  - Environments: .env
  - Experiments (use with caution):
    · outputFileTracingRoot

 ✓ Starting...
 ✓ Ready in 1616ms
 ○ Compiling / ...
 ✓ Compiled / in 1622ms (596 modules)
 GET / 200 in 2055ms
 ✓ Compiled in 459ms (296 modules)
 ✓ Compiled /api/auth/[...nextauth] in 451ms (541 modules)
 GET /api/auth/providers 200 in 926ms
 GET / 200 in 99ms
 GET /api/auth/session 200 in 55ms
 GET /api/auth/session 200 in 42ms
 ○ Compiling /signup ...
 ✓ Compiled /signup in 857ms (881 modules)
 GET /login 200 in 1040ms
 GET /signup 200 in 1029ms
 GET /api/auth/session 200 in 73ms
 GET /api/auth/session 200 in 44ms
 GET /api/auth/session 200 in 42ms
 GET /api/auth/session 200 in 41ms
 GET /api/auth/session 200 in 53ms
 GET /api/auth/session 200 in 44ms
 GET /api/auth/csrf 200 in 60ms
 ✓ Compiled /api/signup in 299ms (597 modules)
 POST /api/signup 200 in 763ms
 GET / 200 in 86ms
 GET /api/auth/signin 302 in 72ms
 GET /login?callbackUrl=https://267ef8e6d.preview.abacusai.app 200 in 57ms
 GET /api/auth/csrf 200 in 42ms
 POST /api/auth/callback/credentials 302 in 340ms
 ✓ Compiled /middleware in 180ms (174 modules)
 ○ Compiling /dashboard ...
 ✓ Compiled /dashboard in 2.6s (2831 modules)
 GET /dashboard 200 in 2906ms
 GET / 200 in 77ms
 GET /dashboard 200 in 112ms
 GET /api/auth/session 200 in 90ms
 GET /api/auth/session 200 in 100ms
 ○ Compiling /api/realtime ...
 ✓ Compiled /api/realtime in 802ms (1567 modules)
 ✓ Compiled (1570 modules)
 GET /api/auth/session 200 in 723ms
 GET /api/realtime 200 in 1244ms
 GET /api/notifications?limit=10 200 in 1263ms
 GET /api/realtime 200 in 1219ms
 GET /api/realtime 200 in 1193ms
 GET /api/auth/session 200 in 79ms
 GET /api/notifications?limit=10 200 in 93ms
 GET /api/auth/session 200 in 52ms
 GET /api/notifications?limit=10 200 in 81ms
 GET /api/auth/session 200 in 98ms
 GET /api/realtime 200 in 108ms
 GET /api/notifications?limit=10 200 in 80ms
 GET /api/realtime 200 in 82ms
 GET /api/realtime 200 in 68ms
 ○ Compiling /company ...
 ✓ Compiled /company in 2.9s (3262 modules)
 GET /change-orders 200 in 3551ms
 GET /daily-reports 200 in 3554ms
 GET /reports 200 in 3554ms
 GET /documents 200 in 3572ms
 GET /submittals 200 in 3574ms
 GET /safety 200 in 3556ms
 GET /projects/new 200 in 3533ms
 GET /projects 200 in 3576ms
 GET /settings 200 in 3558ms
 GET /tasks 200 in 3579ms
 GET /company 500 in 3533ms
 GET /team 200 in 3551ms
 GET /rfis 200 in 3584ms
 GET /api/notifications?limit=10 200 in 239ms
 GET /api/auth/session 200 in 367ms
 GET /api/realtime 200 in 377ms
 GET /api/realtime 200 in 307ms
 GET /api/realtime 200 in 289ms
 GET /api/realtime 200 in 290ms
 GET /api/realtime 200 in 304ms
 GET /api/realtime 200 in 322ms
 GET /api/realtime 200 in 284ms
 GET /api/notifications?limit=10 200 in 339ms
 GET /api/realtime 200 in 266ms
 GET /api/realtime 200 in 256ms
 GET /api/auth/session 200 in 287ms
 GET /api/realtime 200 in 260ms
 GET /api/realtime 200 in 234ms
 GET /api/realtime 200 in 221ms
 GET /api/notifications?limit=10 200 in 309ms
 GET /api/realtime 200 in 310ms
 GET /api/realtime 200 in 265ms
 GET /api/auth/session 200 in 372ms
 GET /api/realtime 200 in 282ms
 GET /api/notifications?limit=10 200 in 320ms
 GET /api/auth/session 200 in 278ms
 GET /api/realtime 200 in 274ms
 GET /api/notifications?limit=10 200 in 295ms
 GET /api/auth/session 200 in 172ms
 GET /api/notifications?limit=10 200 in 220ms
 GET /api/auth/session 200 in 261ms
 GET /api/notifications?limit=10 200 in 266ms
 GET /api/auth/session 200 in 218ms
 GET /api/notifications?limit=10 200 in 232ms
 GET /api/auth/session 200 in 213ms
 GET /api/notifications?limit=10 200 in 217ms
 GET /api/auth/session 200 in 159ms
 GET /api/notifications?limit=10 200 in 260ms
 GET /api/auth/session 200 in 260ms
 GET /api/notifications?limit=10 200 in 241ms
 GET /api/auth/session 200 in 239ms
 GET /api/notifications?limit=10 200 in 183ms
 GET /api/auth/session 200 in 218ms
 GET /api/notifications?limit=10 200 in 235ms
 GET /api/auth/session 200 in 195ms
 GET /api/realtime 200 in 184ms
 GET /api/notifications?limit=10 200 in 233ms
 GET /api/auth/session 200 in 280ms
 GET /api/realtime 200 in 237ms
 GET /api/notifications?limit=10 200 in 246ms
 GET /api/realtime 200 in 267ms
 GET /api/auth/session 200 in 198ms
 GET /api/notifications?limit=10 200 in 232ms
 GET /api/realtime 200 in 205ms
 GET /api/auth/session 200 in 207ms
 GET /api/realtime 200 in 259ms
 GET /api/realtime 200 in 260ms
 GET /api/notifications?limit=10 200 in 271ms
 GET /api/realtime 200 in 303ms
 GET /api/realtime 200 in 320ms
 GET /api/realtime 200 in 283ms
 GET /api/realtime 200 in 316ms
 GET /api/auth/session 200 in 228ms
 GET /api/notifications?limit=10 200 in 152ms
 GET /api/auth/session 200 in 170ms
 GET /api/realtime 200 in 200ms
 GET /api/notifications?limit=10 200 in 184ms
 GET /api/realtime 200 in 228ms
 GET /api/auth/session 200 in 242ms
 GET /api/notifications?limit=10 200 in 236ms
 GET /api/auth/session 200 in 223ms
 GET /api/notifications?limit=10 200 in 236ms
 GET /api/auth/session 200 in 151ms
 GET /api/realtime 200 in 166ms
 GET /api/notifications?limit=10 200 in 200ms
 GET /api/auth/session 200 in 185ms
 GET /api/notifications?limit=10 200 in 319ms
 GET /api/realtime 200 in 337ms
 GET /api/realtime 200 in 332ms
 GET /api/realtime 200 in 342ms
 GET /api/auth/session 200 in 399ms
 GET /api/realtime 200 in 232ms
 GET /api/realtime 200 in 231ms
 GET /api/realtime 200 in 283ms
 GET /api/auth/session 200 in 243ms
 GET /api/realtime 200 in 266ms
 GET /api/realtime 200 in 267ms
 GET /api/realtime 200 in 246ms
 GET /api/notifications?limit=10 200 in 228ms
 GET /api/auth/session 200 in 61ms
 GET /api/realtime 200 in 90ms
 GET /api/auth/session 200 in 59ms
 GET /api/auth/session 200 in 97ms
 GET /api/auth/session 200 in 69ms
 GET /api/auth/session 200 in 42ms
 GET /api/realtime 200 in 64ms
 ○ Compiling /projects/[id] ...
 ✓ Compiled /projects/[id] in 992ms (3271 modules)
 GET /projects/project-riverside-homes 200 in 1555ms
 GET /projects/project-mall-renovation 200 in 1534ms
 GET /projects/project-downtown-office 200 in 1539ms
 GET /api/notifications?limit=10 200 in 217ms
 GET /api/realtime 200 in 265ms
 GET /api/realtime 200 in 273ms
 GET /api/auth/session 200 in 272ms
 GET /api/realtime 200 in 296ms
 GET /api/realtime 200 in 297ms
 GET /api/realtime 200 in 247ms
 GET /api/realtime 200 in 225ms
 GET /api/realtime 200 in 156ms
 GET /api/notifications?limit=10 200 in 232ms
 GET /api/auth/session 200 in 211ms
 GET /api/realtime 200 in 188ms
 GET /api/realtime 200 in 188ms
 GET /api/auth/session 200 in 166ms
 GET /api/notifications?limit=10 200 in 211ms
 GET /api/realtime 200 in 205ms
 GET /api/auth/session 200 in 157ms
 GET /api/notifications?limit=10 200 in 167ms
 GET /api/realtime 200 in 144ms
 GET /api/auth/session 200 in 174ms
 GET /api/notifications?limit=10 200 in 176ms
 GET /api/notifications?limit=10 200 in 217ms
 GET /api/auth/session 200 in 208ms
 GET /api/notifications?limit=10 200 in 179ms
 GET /api/auth/session 200 in 179ms
 GET /api/notifications?limit=10 200 in 168ms
 GET /api/auth/session 200 in 129ms
 GET /api/notifications?limit=10 200 in 154ms
 GET /api/auth/session 200 in 211ms
 GET /api/realtime 200 in 196ms
 GET /api/notifications?limit=10 200 in 163ms
 GET /api/auth/session 200 in 175ms
 GET /api/realtime 200 in 151ms
 GET /api/notifications?limit=10 200 in 163ms
 GET /api/notifications?limit=10 200 in 162ms
 GET /api/realtime 200 in 167ms
 GET /api/realtime 200 in 30739ms
 GET /api/realtime 200 in 30093ms
 GET /api/realtime 200 in 30074ms
 GET /api/realtime 200 in 30086ms
 GET /api/realtime 200 in 30079ms
 GET /api/realtime 200 in 30053ms
 GET /api/realtime 200 in 30052ms
 GET /api/realtime 200 in 30059ms
 GET /api/realtime 200 in 30072ms
 GET /api/realtime 200 in 30058ms
 GET /api/realtime 200 in 30091ms
 GET /api/realtime 200 in 30033ms
 GET /api/realtime 200 in 28060ms
 GET /api/realtime 200 in 28433ms
 GET /api/realtime 200 in 27975ms
 GET /api/realtime 200 in 28888ms
 GET /api/realtime 200 in 29843ms
 GET /api/realtime 200 in 29073ms
 GET /api/realtime 200 in 29652ms
 GET /api/realtime 200 in 29271ms
 GET /api/realtime 200 in 19182ms
 GET /api/realtime 200 in 19075ms
 GET /api/realtime 200 in 19692ms
 GET /api/realtime 200 in 19368ms
 GET /api/realtime 200 in 18532ms
 GET /api/realtime 200 in 18771ms
 GET /api/realtime 200 in 26632ms
 GET /api/realtime 200 in 19987ms
 GET /api/realtime 200 in 19083ms
 GET /api/realtime 200 in 18703ms
 GET /api/realtime 200 in 27468ms
 GET /api/realtime 200 in 19222ms
 GET /api/realtime 200 in 19987ms
 GET /api/realtime 200 in 25547ms
 GET /api/realtime 200 in 25902ms
 GET /api/realtime 200 in 19083ms
 GET /api/realtime 200 in 19373ms
 GET /api/realtime 200 in 20097ms
 GET /api/realtime 200 in 19115ms
 GET /api/realtime 200 in 28353ms
 GET /api/realtime 200 in 19374ms
 GET /api/realtime 200 in 19585ms
 GET /api/realtime 200 in 29755ms
 GET /api/realtime 200 in 28727ms
 GET /api/realtime 200 in 27817ms
 GET /api/realtime 200 in 27559ms
 GET /api/realtime 200 in 20101ms
 GET /api/realtime 200 in 19087ms
 GET /api/realtime 200 in 19695ms
 GET /api/realtime 200 in 27389ms
 GET /api/realtime 200 in 19998ms
 GET /api/realtime 200 in 26825ms
 GET /api/realtime 200 in 29564ms
 GET /api/realtime 200 in 29180ms
 GET /api/realtime 200 in 27020ms
 GET /api/realtime 200 in 27298ms
 GET /api/realtime 200 in 20305ms
 GET /api/realtime 200 in 28639ms
 GET /api/realtime 200 in 28544ms
 GET /api/realtime 200 in 27738ms
 GET /api/realtime 200 in 20104ms
 GET /api/realtime 200 in 29005ms
 GET /api/realtime 200 in 29473ms
 GET /api/realtime 200 in 20300ms
 GET /api/realtime 200 in 28820ms
 GET /api/realtime 200 in 20533ms
 GET /api/realtime 200 in 26733ms
 GET /api/realtime 200 in 5594ms
 GET /api/realtime 200 in 2299ms
 GET /api/realtime 200 in 11729ms
 GET /api/realtime 200 in 5974ms
 GET /api/realtime 200 in 14807ms
 GET /api/realtime 200 in 11173ms
 GET /api/realtime 200 in 552ms
 GET /api/realtime 200 in 10249ms
 GET /api/realtime 200 in 381ms
 GET /api/realtime 200 in 10713ms
 GET /api/realtime 200 in 15902ms
 GET /api/realtime 200 in 10907ms
 GET /api/realtime 200 in 15101ms
 GET /api/realtime 200 in 14102ms
 GET /api/realtime 200 in 12582ms
 GET /api/realtime 200 in 3599ms
 GET /api/realtime 200 in 16486ms
 GET /api/realtime 200 in 15905ms
 GET /api/realtime 200 in 6564ms
 GET /api/realtime 200 in 3243ms
 GET /api/realtime 200 in 10162ms
 GET /api/realtime 200 in 12360ms
 GET /api/realtime 200 in 892ms
 GET /api/realtime 200 in 1726ms
 GET /api/realtime 200 in 14335ms
 GET /api/realtime 200 in 9368ms
 GET /api/realtime 200 in 14079ms
 GET /api/realtime 200 in 17759ms
 GET /api/realtime 200 in 15979ms
 GET /api/realtime 200 in 25671ms
 GET /api/realtime 200 in 1617ms
 GET /api/realtime 200 in 2798ms
 GET /api/realtime 200 in 14806ms
 GET /api/realtime 200 in 16774ms
 GET /api/realtime 200 in 159ms
 GET /api/realtime 200 in 16548ms
 GET /api/realtime 200 in 1095ms
 GET /api/realtime 200 in 17235ms
 GET /api/realtime 200 in 14224ms
 GET /api/realtime 200 in 14830ms
 GET /api/realtime 200 in 17529ms
 GET /api/realtime 200 in 11460ms
 GET /api/realtime 200 in 9555ms
 GET /api/realtime 200 in 12700ms
 GET /api/realtime 200 in 10083ms
 GET /api/realtime 200 in 2101ms
 GET /api/realtime 200 in 16772ms
 GET /api/realtime 200 in 4219ms
 GET /api/realtime 200 in 19797ms
 GET /api/realtime 200 in 14441ms
 GET /api/realtime 200 in 16016ms
 GET /api/realtime 200 in 18305ms
 GET /api/realtime 200 in 14654ms
 GET /api/realtime 200 in 12009ms
 GET /api/realtime 200 in 16264ms
 GET /api/realtime 200 in 15113ms
 GET /api/realtime 200 in 16971ms
 GET /api/realtime 200 in 12909ms
 GET /api/realtime 200 in 14948ms
 GET /api/realtime 200 in 15667ms
 GET /api/realtime 200 in 10350ms
 GET /api/realtime 200 in 19098ms
 GET /api/realtime 200 in 17534ms
 GET /api/realtime 200 in 15310ms
 GET /api/realtime 200 in 18026ms
 GET /api/realtime 200 in 15432ms
 GET /api/realtime 200 in 17766ms
 GET /api/realtime 200 in 14889ms
 GET /api/realtime 200 in 14119ms
 GET /api/realtime 200 in 15642ms
 GET /api/realtime 200 in 16502ms
 GET /api/realtime 200 in 16319ms
 GET /api/realtime 200 in 4021ms
 GET /api/realtime 200 in 14084ms
 GET /api/realtime 200 in 16510ms
 GET /api/realtime 200 in 13394ms
 GET /api/realtime 200 in 16630ms
 GET /api/realtime 200 in 3168ms
 GET /api/realtime 200 in 16104ms
 GET /api/realtime 200 in 15312ms
 GET /api/realtime 200 in 3603ms
 GET /api/realtime 200 in 17250ms
 GET /api/realtime 200 in 15868ms
 GET /api/realtime 200 in 11571ms
 GET /api/realtime 200 in 16506ms
 GET /api/realtime 200 in 15317ms
 GET /api/realtime 200 in 5496ms
 GET /api/realtime 200 in 16028ms
 GET /api/realtime 200 in 17671ms
 GET /api/realtime 200 in 16267ms
 GET /api/realtime 200 in 14089ms
 GET /api/realtime 200 in 16982ms
 GET /api/realtime 200 in 12503ms
 GET /api/realtime 200 in 13012ms
 GET /api/realtime 200 in 18592ms
 GET /api/realtime 200 in 15126ms
 GET /api/realtime 200 in 14009ms
 GET /api/realtime 200 in 17771ms
 GET /api/realtime 200 in 14345ms
 GET /api/realtime 200 in 15685ms
 GET /api/realtime 200 in 15835ms
 GET /api/realtime 200 in 14962ms
 GET /api/realtime 200 in 14347ms
 GET /api/realtime 200 in 14308ms
 GET /api/realtime 200 in 10454ms
 GET /api/realtime 200 in 3915ms
 GET /api/realtime 200 in 9483ms
 GET /api/realtime 200 in 28322ms
 GET /api/realtime 200 in 15182ms
 GET /api/realtime 200 in 4446ms
 GET /api/realtime 200 in 16990ms
 GET /api/realtime 200 in 19044ms
 GET /api/realtime 200 in 17778ms
 GET /api/realtime 200 in 18056ms
 GET /api/realtime 200 in 15184ms
 GET /api/realtime 200 in 17784ms
 GET /api/realtime 200 in 16645ms
 GET /api/realtime 200 in 10848ms
 GET /api/realtime 200 in 11858ms
 GET /api/realtime 200 in 16852ms
 GET /api/realtime 200 in 12831ms
 GET /api/realtime 200 in 15580ms
 GET /api/realtime 200 in 15483ms
 GET /api/realtime 200 in 5272ms
 GET /api/realtime 200 in 17477ms
 GET /api/realtime 200 in 16912ms
 GET /api/realtime 200 in 15750ms
 GET /api/realtime 200 in 18773ms
 GET /api/realtime 200 in 17857ms
 GET /api/realtime 200 in 15126ms
 GET /api/realtime 200 in 17257ms
 GET /api/realtime 200 in 14477ms
 GET /api/realtime 200 in 14579ms
 GET /api/realtime 200 in 16806ms
 GET /api/realtime 200 in 17486ms
 GET /api/realtime 200 in 16525ms
 GET /api/realtime 200 in 16531ms
 GET /api/realtime 200 in 15334ms
 GET /api/realtime 200 in 18017ms
 GET /api/realtime 200 in 14838ms
 GET /api/realtime 200 in 16178ms
 GET /api/realtime 200 in 16858ms
 GET /api/realtime 200 in 17051ms
 GET /api/realtime 200 in 18847ms
 GET /api/realtime 200 in 16804ms
 GET /api/realtime 200 in 15176ms
 GET /api/realtime 200 in 16871ms
 GET /api/realtime 200 in 17191ms
 GET /api/realtime 200 in 18348ms
 GET /api/realtime 200 in 15814ms
 GET /api/realtime 200 in 16345ms
 GET /api/realtime 200 in 17277ms
 GET /api/realtime 200 in 14434ms
 GET /api/realtime 200 in 16472ms
 GET /api/realtime 200 in 16925ms
 GET /api/realtime 200 in 18004ms
 GET /api/realtime 200 in 16983ms
 GET /api/realtime 200 in 18606ms
 GET /api/realtime 200 in 16291ms
 GET /api/realtime 200 in 13140ms
 GET /api/realtime 200 in 17048ms
 GET /api/realtime 200 in 17415ms
 GET /api/realtime 200 in 17564ms
 GET /api/realtime 200 in 18058ms
 GET /api/realtime 200 in 18098ms
 GET /api/realtime 200 in 14367ms
 GET /api/realtime 200 in 17569ms
 GET /api/realtime 200 in 17810ms
 GET /api/realtime 200 in 17568ms
 GET /api/realtime 200 in 15504ms
 GET /api/realtime 200 in 17620ms
 GET /api/realtime 200 in 16698ms
 GET /api/realtime 200 in 17278ms
 GET /api/realtime 200 in 18233ms
 GET /api/realtime 200 in 17009ms
 GET /api/realtime 200 in 17350ms
 GET /api/realtime 200 in 16480ms
 GET /api/realtime 200 in 16730ms
 GET /api/realtime 200 in 19354ms
 GET /api/realtime 200 in 14663ms
 GET /api/realtime 200 in 15153ms
 GET /api/realtime 200 in 17651ms
 GET /api/realtime 200 in 19743ms
 GET /api/realtime 200 in 16480ms
 GET /api/realtime 200 in 15984ms
 GET /api/realtime 200 in 17056ms
 GET /api/realtime 200 in 17883ms
 GET /api/realtime 200 in 19074ms
 GET /api/realtime 200 in 19360ms
 GET /api/realtime 200 in 16715ms
 GET /api/realtime 200 in 16822ms
 GET /api/realtime 200 in 17878ms
 GET /api/realtime 200 in 18860ms
 GET /api/realtime 200 in 16541ms
 GET /api/realtime 200 in 18909ms
 GET /api/realtime 200 in 17286ms
 GET /api/realtime 200 in 16984ms
 GET /api/realtime 200 in 14896ms
 GET /api/realtime 200 in 17575ms
 GET /api/realtime 200 in 26535ms
 GET /api/realtime 200 in 17006ms
 GET /api/realtime 200 in 17580ms
 GET /api/realtime 200 in 19174ms
 GET /api/realtime 200 in 17202ms
 GET /api/realtime 200 in 27195ms
 GET /api/realtime 200 in 18622ms
 GET /api/realtime 200 in 19788ms
 GET /api/realtime 200 in 18797ms
 GET /api/realtime 200 in 17582ms
 GET /api/realtime 200 in 19465ms
 GET /api/realtime 200 in 18077ms
 GET /api/realtime 200 in 17429ms
 GET /api/realtime 200 in 26353ms
 GET /api/realtime 200 in 16180ms
 GET /api/realtime 200 in 18630ms
 GET /api/realtime 200 in 18137ms
 GET /api/realtime 200 in 17575ms
 GET /api/realtime 200 in 25906ms
 GET /api/realtime 200 in 17292ms
 GET /api/realtime 200 in 16991ms
 GET /api/realtime 200 in 17283ms
 GET /api/realtime 200 in 17844ms
 GET /api/realtime 200 in 18869ms
 GET /api/realtime 200 in 19525ms
 GET /api/realtime 200 in 17810ms
 GET /api/realtime 200 in 20102ms
 GET /api/realtime 200 in 19794ms
 GET /api/realtime 200 in 18075ms
 GET /api/realtime 200 in 19660ms
 GET /api/realtime 200 in 15838ms
 GET /api/realtime 200 in 18531ms
 GET /api/realtime 200 in 16318ms
 GET /api/realtime 200 in 16999ms
 GET /api/realtime 200 in 17296ms
 GET /api/realtime 200 in 18874ms
 GET /api/realtime 200 in 19510ms
 GET /api/realtime 200 in 26649ms
 GET /api/realtime 200 in 18376ms
 GET /api/realtime 200 in 19184ms
 GET /api/realtime 200 in 19789ms
 GET /api/realtime 200 in 16555ms
 GET /api/realtime 200 in 17303ms
 GET /api/realtime 200 in 20433ms
 GET /api/realtime 200 in 18675ms
 GET /api/realtime 200 in 20199ms
 GET /api/realtime 200 in 18878ms
 GET /api/realtime 200 in 16079ms
 GET /api/realtime 200 in 18307ms
 GET /api/realtime 200 in 19968ms
 GET /api/realtime 200 in 17817ms
 GET /api/realtime 200 in 17031ms
 GET /api/realtime 200 in 17586ms
 GET /api/realtime 200 in 18368ms
 GET /api/realtime 200 in 19933ms
 GET /api/realtime 200 in 17786ms
 GET /api/realtime 200 in 20118ms
 GET /api/realtime 200 in 18879ms
 GET /api/realtime 200 in 18417ms
 GET /api/realtime 200 in 18954ms
 GET /api/realtime 200 in 18882ms
 GET /api/realtime 200 in 18541ms
 GET /api/realtime 200 in 19090ms
 GET /api/realtime 200 in 19485ms
 GET /api/realtime 200 in 18309ms
 GET /api/realtime 200 in 26460ms
 GET /api/realtime 200 in 19802ms
 GET /api/realtime 200 in 18649ms
 GET /api/realtime 200 in 18779ms
 GET /api/realtime 200 in 19835ms
 GET /api/realtime 200 in 19703ms
 GET /api/realtime 200 in 27031ms
 GET /api/realtime 200 in 18644ms
 GET /api/realtime 200 in 29485ms
 GET /api/realtime 200 in 18622ms
 GET /api/realtime 200 in 19772ms
 GET /api/realtime 200 in 18437ms
 GET /api/realtime 200 in 17795ms
 GET /api/realtime 200 in 18382ms
 GET /api/realtime 200 in 30061ms
 GET /api/realtime 200 in 18426ms
 GET /api/realtime 200 in 19647ms
 GET /api/realtime 200 in 18094ms
 GET /api/realtime 200 in 18553ms
 GET /api/realtime 200 in 19201ms
 GET /api/realtime 200 in 25841ms
 GET /api/realtime 200 in 28017ms
 GET /api/realtime 200 in 18380ms
 GET /api/realtime 200 in 18891ms
 GET /api/realtime 200 in 18592ms
 GET /api/realtime 200 in 19201ms
 GET /api/realtime 200 in 20161ms
 GET /api/realtime 200 in 26288ms
 GET /api/realtime 200 in 18111ms
 GET /api/realtime 200 in 19810ms
 GET /api/realtime 200 in 18383ms
 GET /api/realtime 200 in 28287ms
 GET /api/realtime 200 in 19493ms
 GET /api/realtime 200 in 18204ms
 GET /api/realtime 200 in 18689ms
 GET /api/realtime 200 in 27321ms
 GET /api/realtime 200 in 19489ms
 GET /api/realtime 200 in 27768ms
 GET /api/realtime 200 in 19025ms
 GET /api/realtime 200 in 2637ms
 GET /api/realtime 200 in 3504ms
 GET /api/realtime 200 in 4722ms
 GET /api/realtime 200 in 2582ms
 GET /api/realtime 200 in 5055ms
 GET /api/realtime 200 in 506ms
 GET /api/realtime 200 in 4973ms
 GET /api/realtime 200 in 1318ms
 GET /api/realtime 200 in 5482ms
 GET /api/realtime 200 in 3054ms
 GET /api/realtime 200 in 3227ms
 GET /api/realtime 200 in 2458ms
 GET /api/realtime 200 in 6816ms
 GET /api/realtime 200 in 9744ms
 GET /api/realtime 200 in 1776ms
 GET /api/realtime 200 in 1075ms
 GET /api/realtime 200 in 1827ms
 GET /api/realtime 200 in 3379ms
 GET /api/realtime 200 in 1593ms
 GET /api/realtime 200 in 2971ms
 GET /api/realtime 200 in 16782ms
 GET /api/realtime 200 in 12193ms
 GET /api/realtime 200 in 12369ms
 GET /api/realtime 200 in 4154ms
 GET /api/realtime 200 in 4729ms
 GET /api/realtime 200 in 607ms
 GET /api/realtime 200 in 2488ms
 GET /api/realtime 200 in 14325ms
 GET /api/realtime 200 in 15996ms
 GET /api/realtime 200 in 2771ms
 GET /api/realtime 200 in 295ms
 GET /api/realtime 200 in 2948ms
 GET /api/realtime 200 in 3232ms
 GET /api/realtime 200 in 11191ms
 GET /api/realtime 200 in 12281ms
 GET /api/realtime 200 in 2662ms
 GET /api/realtime 200 in 6500ms
 GET /api/realtime 200 in 18290ms
 GET /api/realtime 200 in 6672ms
 GET /api/realtime 200 in 2343ms
 GET /api/realtime 200 in 10620ms
 GET /api/realtime 200 in 5750ms
 GET /api/realtime 200 in 18134ms
 GET /api/realtime 200 in 1225ms
 GET /api/realtime 200 in 5477ms
 GET /api/realtime 200 in 6394ms
 GET /api/realtime 200 in 2006ms
 GET /api/realtime 200 in 5823ms
 GET /api/realtime 200 in 10715ms
 GET /api/realtime 200 in 16043ms
 GET /api/realtime 200 in 9984ms
 GET /api/realtime 200 in 14224ms
 GET /api/realtime 200 in 1273ms
 GET /api/realtime 200 in 16541ms
 GET /api/realtime 200 in 4043ms
 GET /api/realtime 200 in 15410ms
 GET /api/realtime 200 in 1639ms
 GET /api/realtime 200 in 15259ms
 GET /api/realtime 200 in 3016ms
 GET /api/realtime 200 in 19419ms
 GET /api/realtime 200 in 15051ms
 GET /api/realtime 200 in 13739ms
 GET /api/realtime 200 in 15770ms
 GET /api/realtime 200 in 3109ms
 GET /api/realtime 200 in 14337ms
 GET /api/realtime 200 in 15781ms
 GET /api/realtime 200 in 2202ms
 GET /api/realtime 200 in 10096ms
 GET /api/realtime 200 in 11112ms
 GET /api/realtime 200 in 14555ms
 GET /api/realtime 200 in 12030ms
 GET /api/realtime 200 in 14961ms
 GET /api/realtime 200 in 17865ms
 GET /api/realtime 200 in 1387ms
 GET /api/realtime 200 in 11764ms
 GET /api/realtime 200 in 2838ms
 GET /api/realtime 200 in 3866ms
 GET /api/realtime 200 in 2158ms
 GET /api/realtime 200 in 5286ms
 GET /api/realtime 200 in 946ms
 GET /api/realtime 200 in 3867ms
 GET /api/realtime 200 in 3498ms
 GET /api/realtime 200 in 1698ms
 GET /api/realtime 200 in 393ms
 GET /api/realtime 200 in 16053ms
 GET /api/realtime 200 in 1528ms
 GET /api/realtime 200 in 3611ms
 GET /api/realtime 200 in 16053ms
 GET /api/realtime 200 in 5947ms
 GET /api/realtime 200 in 1165ms
 GET /api/realtime 200 in 1978ms
 GET /api/realtime 200 in 980ms
 GET /api/realtime 200 in 11396ms
 GET /api/realtime 200 in 4542ms
 GET /api/realtime 200 in 2836ms
 GET /api/realtime 200 in 2069ms
 GET /api/realtime 200 in 5082ms
 GET /api/realtime 200 in 16135ms
 GET /api/realtime 200 in 1575ms
 GET /api/realtime 200 in 3371ms
 GET /api/realtime 200 in 6114ms
 GET /api/realtime 200 in 529ms
 GET /api/realtime 200 in 3144ms
 GET /api/realtime 200 in 15587ms
 GET /api/realtime 200 in 11489ms
 GET /api/realtime 200 in 2369ms
 GET /api/realtime 200 in 1439ms
 GET /api/realtime 200 in 13376ms
 GET /api/realtime 200 in 4537ms
 GET /api/realtime 200 in 14775ms
 GET /api/realtime 200 in 679ms
 GET /api/realtime 200 in 4369ms
 GET /api/realtime 200 in 288ms
 GET /api/realtime 200 in 4137ms
 GET /api/realtime 200 in 15430ms
 GET /api/realtime 200 in 6426ms
 GET /api/realtime 200 in 3930ms
 GET /api/realtime 200 in 1495ms
 GET /api/realtime 200 in 1139ms
 GET /api/realtime 200 in 4910ms
 GET /api/realtime 200 in 427ms
 GET /api/realtime 200 in 4020ms
 GET /api/realtime 200 in 400ms
 GET /api/realtime 200 in 9894ms
 GET /api/realtime 200 in 5910ms
 GET /api/realtime 200 in 3548ms
 GET /api/realtime 200 in 231ms
 GET /api/realtime 200 in 2303ms
 GET /api/realtime 200 in 5196ms
 GET /api/realtime 200 in 1934ms
 GET /api/realtime 200 in 1068ms
 GET /api/realtime 200 in 3771ms
 GET /api/realtime 200 in 5304ms
 GET /api/realtime 200 in 14406ms
 ✓ Compiled in 1415ms (3283 modules)
 ✓ Compiled in 991ms (3283 modules)
 ✓ Compiled in 1067ms (3271 modules)
 ✓ Compiled in 492ms (1473 modules)
 ✓ Compiled in 494ms (1473 modules)
[?25h
