  ▲ Next.js 14.2.28
  - Local:        http://localhost:3000
  - Environments: .env
  - Experiments (use with caution):
    · outputFileTracingRoot

 ✓ Starting...
 ✓ Ready in 2.1s
 ○ Compiling / ...
 ✓ Compiled / in 2.2s (596 modules)
 ✓ Compiled in 581ms (296 modules)
 GET / 200 in 2811ms
 GET / 200 in 87ms
 GET / 200 in 78ms
 GET / 200 in 72ms
 ○ Compiling /api/auth/[...nextauth] ...
 ✓ Compiled /api/auth/[...nextauth] in 524ms (541 modules)
 GET /api/auth/session 200 in 1007ms
 GET /api/auth/session 200 in 74ms
 ○ Compiling /login ...
 ✓ Compiled /login in 580ms (871 modules)
 GET /api/auth/providers 200 in 109ms
 GET /api/auth/csrf 200 in 62ms
 POST /api/auth/callback/credentials 200 in 462ms
 GET /api/auth/session 200 in 80ms
 ✓ Compiled /middleware in 247ms (174 modules)
 ○ Compiling /dashboard ...
 ✓ Compiled /dashboard in 2.2s (2859 modules)
 GET /dashboard?_rsc=iqngu 200 in 106ms
 GET / 200 in 197ms
 ✓ Compiled /api/notifications in 270ms (1569 modules)
 ✓ Compiled (1595 modules)
 GET /api/notifications?limit=10 200 in 690ms
 GET /api/realtime 200 in 111ms
 GET /api/notifications?limit=10 200 in 62ms
 GET /api/realtime 200 in 253ms
 GET /api/realtime 200 in 236ms
 GET /api/realtime 200 in 302ms
 GET /api/realtime 200 in 240ms
 GET /api/realtime 200 in 235ms
 GET /api/realtime 200 in 238ms
 GET /api/realtime 200 in 232ms
 GET /api/realtime 200 in 227ms
 GET /api/realtime 200 in 237ms
 GET /api/realtime 200 in 239ms
 GET /api/realtime 200 in 246ms
 GET /api/realtime 200 in 215ms
 GET /api/realtime 200 in 235ms
 GET /api/realtime 200 in 232ms
 GET /api/realtime 200 in 247ms
 GET /api/realtime 200 in 245ms
 GET /api/realtime 200 in 256ms
 GET /api/realtime 200 in 242ms
 GET /api/realtime 200 in 263ms
 GET /api/realtime 200 in 244ms
 GET /api/realtime 200 in 246ms
 GET /api/realtime 200 in 245ms
 GET /api/realtime 200 in 240ms
 GET /api/realtime 200 in 254ms
 GET /api/realtime 200 in 224ms
 GET /api/realtime 200 in 231ms
 GET /api/realtime 200 in 225ms
 GET /api/realtime 200 in 230ms
 GET /api/realtime 200 in 232ms
 GET /api/realtime 200 in 227ms
 GET /api/realtime 200 in 243ms
 GET /api/realtime 200 in 226ms
 GET /api/realtime 200 in 230ms
 GET /api/realtime 200 in 234ms
 GET /api/realtime 200 in 237ms
 GET /api/realtime 200 in 245ms
 GET /api/realtime 200 in 232ms
 GET /api/realtime 200 in 240ms
 GET /api/realtime 200 in 222ms
 GET /api/realtime 200 in 224ms
 GET /api/realtime 200 in 236ms
 GET / 200 in 95ms
 GET /api/realtime 200 in 227ms
 GET /api/realtime 200 in 232ms
 GET /api/realtime 200 in 232ms
 GET /api/realtime 200 in 227ms
 GET /api/auth/session 200 in 95ms
 GET /api/realtime 200 in 239ms
 GET /api/realtime 200 in 254ms
 GET /api/realtime 200 in 242ms
 GET /api/realtime 200 in 236ms
 GET /api/realtime 200 in 244ms
 GET /api/realtime 200 in 237ms
 GET /api/realtime 200 in 227ms
 GET /api/realtime 200 in 238ms
 GET /api/realtime 200 in 223ms
 GET /api/realtime 200 in 239ms
 GET /api/auth/session 200 in 72ms
 GET /api/realtime 200 in 237ms
 GET /api/realtime 200 in 40424ms
 GET /api/realtime 200 in 43ms
prisma:error Error in PostgreSQL connection: Error { kind: Db, cause: Some(DbError { severity: "FATAL", parsed_severity: Some(Fatal), code: SqlState(E57P05), message: "terminating connection due to idle-session timeout", detail: None, hint: None, position: None, where_: None, schema: None, table: None, column: None, datatype: None, constraint: None, file: Some("postgres.c"), line: Some(3472), routine: Some("ProcessInterrupts") }) }
prisma:error Error in PostgreSQL connection: Error { kind: Db, cause: Some(DbError { severity: "FATAL", parsed_severity: Some(Fatal), code: SqlState(E57P05), message: "terminating connection due to idle-session timeout", detail: None, hint: None, position: None, where_: None, schema: None, table: None, column: None, datatype: None, constraint: None, file: Some("postgres.c"), line: Some(3472), routine: Some("ProcessInterrupts") }) }
prisma:error Error in PostgreSQL connection: Error { kind: Db, cause: Some(DbError { severity: "FATAL", parsed_severity: Some(Fatal), code: SqlState(E57P05), message: "terminating connection due to idle-session timeout", detail: None, hint: None, position: None, where_: None, schema: None, table: None, column: None, datatype: None, constraint: None, file: Some("postgres.c"), line: Some(3472), routine: Some("ProcessInterrupts") }) }
prisma:error Error in PostgreSQL connection: Error { kind: Db, cause: Some(DbError { severity: "FATAL", parsed_severity: Some(Fatal), code: SqlState(E57P05), message: "terminating connection due to idle-session timeout", detail: None, hint: None, position: None, where_: None, schema: None, table: None, column: None, datatype: None, constraint: None, file: Some("postgres.c"), line: Some(3472), routine: Some("ProcessInterrupts") }) }
prisma:error Error in PostgreSQL connection: Error { kind: Db, cause: Some(DbError { severity: "FATAL", parsed_severity: Some(Fatal), code: SqlState(E57P05), message: "terminating connection due to idle-session timeout", detail: None, hint: None, position: None, where_: None, schema: None, table: None, column: None, datatype: None, constraint: None, file: Some("postgres.c"), line: Some(3472), routine: Some("ProcessInterrupts") }) }
