  ▲ Next.js 14.2.28
  - Local:        http://localhost:3000
  - Environments: .env
  - Experiments (use with caution):
    · outputFileTracingRoot

 ✓ Starting...
 ✓ Ready in 1971ms
 ○ Compiling / ...
 ✓ Compiled / in 2.2s (596 modules)
 GET / 200 in 2589ms
 ✓ Compiled in 401ms (296 modules)
 GET / 200 in 54ms
 ✓ Compiled /api/auth/[...nextauth] in 444ms (541 modules)
 GET /api/auth/session 200 in 908ms
 GET /api/auth/session 200 in 46ms
 GET /api/auth/session 200 in 45ms
 GET / 200 in 88ms
 GET / 200 in 46ms
 GET /api/auth/session 200 in 42ms
 GET /api/auth/session 200 in 35ms
   Reload env: .env
 ✓ Compiled in 328ms (825 modules)
 ✓ Compiled in 637ms (296 modules)
 ✓ Compiled in 280ms (296 modules)
 ✓ Compiled in 360ms (296 modules)
 ✓ Compiled in 265ms (296 modules)
 ✓ Compiled in 239ms (296 modules)
 ✓ Compiled in 238ms (296 modules)
 ✓ Compiled in 236ms (296 modules)
 ✓ Compiled in 225ms (296 modules)
 ✓ Compiled in 255ms (296 modules)
 ✓ Compiled in 277ms (296 modules)
 ✓ Compiled in 232ms (296 modules)
 ✓ Compiled in 227ms (296 modules)
 ✓ Compiled in 262ms (296 modules)
 ✓ Compiled in 237ms (296 modules)
 ✓ Compiled in 238ms (296 modules)
 ✓ Compiled in 279ms (296 modules)
 ✓ Compiled in 277ms (296 modules)
[?25h
