  ▲ Next.js 14.2.28
  - Local:        http://localhost:3000
  - Environments: .env
  - Experiments (use with caution):
    · outputFileTracingRoot

 ✓ Starting...
 ✓ Ready in 1506ms
 ○ Compiling / ...
 ✓ Compiled / in 1878ms (596 modules)
 GET / 200 in 2376ms
 ✓ Compiled in 465ms (296 modules)
 GET / 200 in 66ms
 GET / 200 in 69ms
 GET / 200 in 63ms
 ✓ Compiled /api/auth/[...nextauth] in 452ms (541 modules)
 GET /api/auth/session 200 in 924ms
 GET /api/auth/session 200 in 60ms
 GET / 200 in 87ms
 GET / 200 in 59ms
 GET / 200 in 62ms
 GET / 200 in 55ms
 GET / 200 in 48ms
 GET / 200 in 53ms
 GET / 200 in 58ms
 GET / 200 in 51ms
 GET / 200 in 52ms
 GET / 200 in 51ms
 GET / 200 in 51ms
 GET / 200 in 59ms
 GET / 200 in 49ms
 GET / 200 in 49ms
 GET / 200 in 50ms
 GET / 200 in 56ms
 GET / 200 in 45ms
 GET / 200 in 44ms
 GET / 200 in 50ms
 GET / 200 in 51ms
 GET / 200 in 57ms
 GET / 200 in 50ms
 GET / 200 in 50ms
 GET /api/auth/session 200 in 66ms
 GET / 200 in 49ms
 ○ Compiling /login ...
 ✓ Compiled /login in 606ms (871 modules)
