  ▲ Next.js 14.2.28
  - Local:        http://localhost:3000
  - Environments: .env
  - Experiments (use with caution):
    · outputFileTracingRoot

 ✓ Starting...
 ✓ Ready in 1999ms
 ○ Compiling / ...
 ✓ Compiled / in 2.1s (596 modules)
 ✓ Compiled in 532ms (296 modules)
 GET / 200 in 2645ms
 GET / 200 in 91ms
 GET / 200 in 83ms
 GET / 200 in 164ms
 ✓ Compiled /api/auth/[...nextauth] in 440ms (541 modules)
 GET /api/auth/session 200 in 908ms
 GET /api/auth/session 200 in 63ms
 ✓ Compiled /login in 433ms (871 modules)
 GET /api/auth/providers 200 in 75ms
 GET /api/auth/csrf 200 in 56ms
 POST /api/auth/callback/credentials 200 in 444ms
 GET /api/auth/session 200 in 67ms
 ✓ Compiled /middleware in 189ms (174 modules)
 ○ Compiling /dashboard ...
 ✓ Compiled /dashboard in 1495ms (2823 modules)
 GET /dashboard?_rsc=iqngu 200 in 107ms
 ✓ Compiled /api/notifications in 241ms (1551 modules)
 ✓ Compiled (1577 modules)
 GET /api/notifications?limit=10 200 in 624ms
 GET /api/notifications?limit=10 200 in 63ms
 GET /api/realtime 200 in 233ms
 GET /api/realtime 200 in 255ms
 GET /api/realtime 200 in 401ms
 ○ Compiling /admin ...
 ✓ Compiled /admin in 1479ms (2922 modules)
 GET /api/realtime 200 in 958ms
 GET /admin?_rsc=16s51 200 in 60ms
 GET /api/realtime 200 in 361ms
 GET /api/realtime 200 in 173ms
 GET /api/realtime 200 in 5935ms
 ✓ Compiled /api/admin/live-feed in 493ms (1617 modules)
 ✓ Compiled /api/admin/system-health in 0ms (1619 modules)
 ✓ Compiled in 1ms (1621 modules)
 ✓ Compiled in 0ms (1621 modules)
 GET /api/admin/stats 200 in 1367ms
 ✓ Compiled in 0ms (1621 modules)
 GET /api/admin/live-feed?limit=20 200 in 1602ms
 ✓ Compiled in 1ms (1621 modules)
 GET /api/admin/system-health 200 in 1362ms
 ✓ Compiled in 1ms (1621 modules)
 ✓ Compiled in 1ms (1621 modules)
 ✓ Compiled in 0ms (1621 modules)
 GET /api/admin/stats 200 in 1036ms
 ✓ Compiled in 0ms (1621 modules)
 GET /api/admin/live-feed?limit=20 200 in 974ms
 GET /api/admin/system-health 200 in 1068ms
 GET / 200 in 633ms
 ○ Compiling /admin/api-management ...
 ✓ Compiled /admin/api-management in 1533ms (3175 modules)
 ○ Compiling /api/admin/api-connections/logs ...
 ✓ Compiled /api/admin/api-connections/services in 641ms (1749 modules)
 ✓ Compiled (1756 modules)
 GET /api/admin/api-connections/logs?limit=100 200 in 1054ms
 GET /api/admin/api-connections/dependencies 200 in 1055ms
 GET /api/admin/api-connections?environment=PRODUCTION 200 in 1057ms
 GET /api/admin/api-connections/services?environment=PRODUCTION 200 in 539ms
 GET /api/admin/api-connections?environment=PRODUCTION 200 in 136ms
 GET /api/admin/api-connections/logs?limit=100 200 in 145ms
 GET /api/admin/api-connections/services?environment=PRODUCTION 200 in 139ms
 GET /api/admin/api-connections/dependencies 200 in 140ms
 GET / 200 in 114ms
[?25h
