  ▲ Next.js 14.2.28
  - Local:        http://localhost:3000
  - Environments: .env
  - Experiments (use with caution):
    · outputFileTracingRoot

 ✓ Starting...
 ✓ Ready in 1452ms
 ○ Compiling / ...
 ✓ Compiled / in 1956ms (596 modules)
 GET / 200 in 2523ms
 ✓ Compiled in 577ms (296 modules)
 ✓ Compiled /api/auth/[...nextauth] in 469ms (541 modules)
 GET /api/auth/providers 200 in 961ms
 GET / 200 in 121ms
 GET /api/auth/session 200 in 74ms
 GET /api/auth/session 200 in 61ms
 ○ Compiling /signup ...
 ✓ Compiled /signup in 731ms (881 modules)
 GET /login 200 in 934ms
 GET /signup 200 in 933ms
 GET /api/auth/session 200 in 77ms
 GET /api/auth/session 200 in 53ms
 GET /api/auth/session 200 in 54ms
 GET /api/auth/session 200 in 56ms
 GET /api/auth/session 200 in 69ms
 GET /api/auth/csrf 200 in 70ms
 ✓ Compiled /api/signup in 277ms (597 modules)
 POST /api/signup 200 in 763ms
 GET / 200 in 100ms
 GET /api/auth/signin 302 in 87ms
 GET /login?callbackUrl=https://614a7c077.preview.abacusai.app 200 in 72ms
 GET /api/auth/csrf 200 in 61ms
 POST /api/auth/callback/credentials 302 in 367ms
 ✓ Compiled /middleware in 186ms (174 modules)
 ○ Compiling /dashboard ...
 ✓ Compiled /dashboard in 1601ms (2915 modules)
 GET /dashboard 200 in 1948ms
 GET / 200 in 95ms
 GET /dashboard 200 in 99ms
 GET /api/auth/session 200 in 85ms
 ✓ Compiled /api/realtime in 416ms (1610 modules)
 ✓ Compiled (1613 modules)
 GET /api/auth/session 200 in 833ms
 GET /api/notifications?limit=10 200 in 861ms
 GET /api/realtime 200 in 506ms
 GET /api/auth/session 200 in 113ms
 GET /api/notifications?limit=10 200 in 128ms
 GET /api/realtime 200 in 140ms
 GET /api/auth/session 200 in 151ms
 GET /api/notifications?limit=10 200 in 182ms
 GET /api/realtime 200 in 163ms
 GET /api/auth/session 200 in 154ms
 GET /api/notifications?limit=10 200 in 142ms
 GET /api/realtime 200 in 141ms
 GET /api/auth/session 200 in 109ms
 GET /api/realtime 200 in 128ms
 GET /api/realtime 200 in 80ms
 GET /api/realtime 200 in 80ms
 GET /api/realtime 200 in 76ms
 GET /api/realtime 200 in 74ms
 GET /api/realtime 200 in 82ms
 GET /api/realtime 200 in 76ms
 GET /api/realtime 200 in 80ms
 GET /api/realtime 200 in 85ms
 GET /api/realtime 200 in 79ms
 GET /api/realtime 200 in 71ms
 GET /api/realtime 200 in 78ms
 GET /api/realtime 200 in 75ms
 GET /api/realtime 200 in 73ms
 GET /api/realtime 200 in 75ms
 GET /api/realtime 200 in 74ms
 GET /api/realtime 200 in 72ms
 GET /api/realtime 200 in 81ms
 GET /api/realtime 200 in 82ms
 GET /api/realtime 200 in 82ms
 GET /api/realtime 200 in 78ms
 GET /api/realtime 200 in 70ms
 GET /api/realtime 200 in 73ms
 GET /api/realtime 200 in 74ms
 GET /api/realtime 200 in 80ms
 GET /api/realtime 200 in 74ms
 GET /api/realtime 200 in 74ms
 GET /api/realtime 200 in 81ms
 GET /api/realtime 200 in 76ms
 GET /api/realtime 200 in 82ms
 GET /api/realtime 200 in 76ms
 GET /api/realtime 200 in 94ms
 GET /api/realtime 200 in 81ms
 GET /api/realtime 200 in 80ms
 GET /api/realtime 200 in 72ms
 GET /api/realtime 200 in 69ms
 GET /api/realtime 200 in 80ms
 GET /api/realtime 200 in 82ms
 GET /api/realtime 200 in 74ms
 GET /api/realtime 200 in 73ms
 GET /api/realtime 200 in 78ms
 GET /api/realtime 200 in 75ms
 GET /api/realtime 200 in 80ms
 GET /api/realtime 200 in 81ms
 GET /api/realtime 200 in 79ms
 GET /api/realtime 200 in 309ms
 GET /api/realtime 200 in 76ms
 GET /api/realtime 200 in 102ms
 GET /api/realtime 200 in 72ms
 GET /api/realtime 200 in 7057ms
 GET /api/realtime 200 in 83ms
 ○ Compiling /company ...
 ✓ Compiled /company in 4s (3586 modules)
 GET /permits 200 in 5543ms
 GET /milestones 200 in 5545ms
 GET /budget 200 in 5546ms
 GET /site-diary 200 in 5539ms
 GET /materials 200 in 5539ms
 GET /drawings 200 in 5537ms
 GET /equipment 200 in 5469ms
 GET /inspections 200 in 5471ms
 GET /meetings 200 in 5470ms
 GET /daily-reports 200 in 5471ms
 GET /projects/new 200 in 5444ms
 GET /documents 200 in 5472ms
 GET /settings 200 in 5472ms
 GET /subcontractors 200 in 5555ms
 GET /change-orders 200 in 5449ms
 GET /time-tracking 200 in 5555ms
 GET /defects 200 in 5529ms
 GET /submittals 200 in 5477ms
 GET /reports 200 in 5477ms
 GET /safety 200 in 5480ms
 GET /projects 200 in 5481ms
 GET /punch-lists 200 in 5479ms
 GET /team 200 in 5488ms
 GET /company 200 in 5477ms
 GET /rfis 200 in 5478ms
 GET /progress-claims 200 in 5598ms
 GET /tasks 200 in 5510ms
 GET /projects/project-riverside-homes 200 in 5529ms
 GET /projects/project-mall-renovation 200 in 5518ms
 GET /projects/project-downtown-office 200 in 5511ms
 GET /api/notifications?limit=10 200 in 509ms
 GET /api/auth/session 200 in 564ms
 GET /api/realtime 200 in 580ms
 GET /api/realtime 200 in 537ms
 GET /api/notifications?limit=10 200 in 611ms
 GET /api/realtime 200 in 532ms
 GET /api/realtime 200 in 492ms
 GET /api/realtime 200 in 496ms
 GET /api/realtime 200 in 497ms
 GET /api/auth/session 200 in 538ms
 GET /api/realtime 200 in 273ms
 GET /api/realtime 200 in 557ms
 GET /api/realtime 200 in 559ms
 GET /api/realtime 200 in 593ms
 GET /api/realtime 200 in 551ms
 GET /api/realtime 200 in 640ms
 GET /api/notifications?limit=10 200 in 638ms
 GET /api/realtime 200 in 665ms
 GET /api/realtime 200 in 679ms
 GET /api/realtime 200 in 685ms
 GET /api/realtime 200 in 627ms
 GET /api/realtime 200 in 627ms
 GET /api/realtime 200 in 640ms
 GET /api/realtime 200 in 545ms
 GET /api/realtime 200 in 680ms
 GET /api/realtime 200 in 539ms
 GET /api/auth/session 200 in 764ms
 GET /api/realtime 200 in 607ms
 GET /api/realtime 200 in 642ms
 GET /api/realtime 200 in 611ms
 GET /api/realtime 200 in 611ms
 GET /api/realtime 200 in 569ms
 GET /api/realtime 200 in 816ms
 GET /api/realtime 200 in 770ms
 GET /api/realtime 200 in 775ms
 GET /api/realtime 200 in 841ms
 GET /api/realtime 200 in 770ms
 GET /api/notifications?limit=10 200 in 870ms
 GET /api/realtime 200 in 826ms
 GET /api/realtime 200 in 843ms
 GET /api/realtime 200 in 821ms
 GET /api/realtime 200 in 821ms
 GET /api/realtime 200 in 705ms
 GET /api/realtime 200 in 767ms
 GET /api/realtime 200 in 769ms
 GET /api/realtime 200 in 734ms
 GET /api/realtime 200 in 707ms
 GET /api/realtime 200 in 699ms
 GET /api/realtime 200 in 593ms
 GET /api/realtime 200 in 704ms
 GET /api/realtime 200 in 561ms
 GET /api/realtime 200 in 713ms
 GET /api/realtime 200 in 713ms
 GET /api/realtime 200 in 731ms
 GET /api/auth/session 200 in 838ms
 GET /api/realtime 200 in 695ms
 GET /api/realtime 200 in 612ms
 GET /api/realtime 200 in 605ms
 GET /api/realtime 200 in 617ms
 GET /api/realtime 200 in 635ms
 ○ Compiling /api/company/stats ...
 GET /api/realtime 200 in 3610ms
 GET /api/realtime 200 in 3598ms
 GET /api/realtime 200 in 3429ms
 GET /api/realtime 200 in 3256ms
 GET /api/realtime 200 in 3670ms
 GET /api/realtime 200 in 3136ms
 GET /api/realtime 200 in 3358ms
 GET /api/realtime 200 in 4673ms
 GET /api/realtime 200 in 2873ms
 GET /api/realtime 200 in 4493ms
 GET /api/realtime 200 in 3710ms
 GET /api/realtime 200 in 2754ms
 GET /api/realtime 200 in 3434ms
 GET /api/realtime 200 in 5678ms
 GET /api/realtime 200 in 3435ms
 GET /api/realtime 200 in 5780ms
 GET /api/realtime 200 in 6350ms
 GET /api/realtime 200 in 4075ms
 ✓ Compiled /api/company/stats in 3.9s (1992 modules)
 GET /api/realtime 200 in 5994ms
 GET /api/realtime 200 in 4209ms
 GET /api/realtime 200 in 5832ms
 GET /api/realtime 200 in 4360ms
 GET /api/realtime 200 in 5525ms
 GET /api/realtime 200 in 6102ms
 GET /api/realtime 200 in 4362ms
 GET /api/notifications?limit=10 200 in 4348ms
 GET /api/realtime 200 in 6815ms
 GET /api/realtime 200 in 4353ms
 GET /api/realtime 200 in 6869ms
 GET /api/realtime 200 in 7180ms
 GET /api/realtime 200 in 6764ms
 GET /api/realtime 200 in 4641ms
 GET /api/realtime 200 in 4872ms
 GET /api/auth/session 200 in 703ms
 GET /api/realtime 200 in 5003ms
 GET /api/company/stats 200 in 5356ms
 GET /api/notifications?limit=10 200 in 818ms
 GET /api/notifications?limit=10 200 in 960ms
 GET /api/notifications?limit=10 200 in 903ms
 GET /api/notifications?limit=10 200 in 902ms
 GET /api/auth/session 200 in 171ms
 GET /api/company/stats 200 in 166ms
 GET /api/realtime 200 in 168ms
 GET /api/auth/session 200 in 146ms
 GET /api/auth/session 200 in 63ms
 GET /api/realtime 200 in 275ms
 GET /api/realtime 200 in 75ms
 GET /api/realtime 200 in 78ms
 GET /api/realtime 200 in 72ms
 GET /api/realtime 200 in 73ms
 GET /api/realtime 200 in 6975ms
 GET /api/realtime 200 in 39ms
 ○ Compiling /company/settings ...
 ✓ Compiled /company/settings in 2.6s (3640 modules)
 GET /company/invitations 200 in 2939ms
 GET /company/team 200 in 2965ms
 GET /company/usage 200 in 2941ms
 GET /company/settings 307 in 2941ms
 GET /dashboard 200 in 195ms
 ○ Compiling /api/company/invitations ...
 ✓ Compiled /api/company/invitations in 788ms (2030 modules)
 GET /api/realtime 200 in 1162ms
 GET /api/auth/session 200 in 1726ms
 GET /api/notifications?limit=10 200 in 1552ms
 GET /api/company/invitations? 200 in 1758ms
 GET /api/realtime 200 in 102ms
 GET /api/auth/session 200 in 124ms
 GET /api/company/invitations? 200 in 145ms
 GET /api/notifications?limit=10 200 in 150ms
 GET /api/realtime 200 in 119ms
 GET /api/company/invitations? 200 in 143ms
 GET /api/auth/session 200 in 187ms
 GET /api/notifications?limit=10 200 in 238ms
 GET /api/realtime 200 in 168ms
 GET /api/company/invitations? 200 in 155ms
 GET /api/auth/session 200 in 170ms
 GET /api/notifications?limit=10 200 in 134ms
 GET /api/realtime 200 in 144ms
 GET /api/auth/session 200 in 140ms
 GET /api/realtime 200 in 154ms
 GET /api/auth/session 200 in 95ms
 GET /api/realtime 200 in 150ms
 GET /api/auth/session 200 in 75ms
 GET /api/realtime 200 in 159ms
 GET /api/auth/session 200 in 133ms
 GET /api/auth/session 200 in 77ms
 GET /api/realtime 200 in 110ms
 GET /api/realtime 200 in 107ms
 GET /api/auth/session 200 in 82ms
 GET /api/realtime 200 in 107ms
 GET /api/auth/session 200 in 99ms
 GET /api/auth/session 200 in 98ms
 GET /api/realtime 200 in 135ms
 GET /api/realtime 200 in 105ms
 GET /api/auth/session 200 in 65ms
 GET /api/realtime 200 in 133ms
 GET /api/auth/session 200 in 110ms
 GET /api/realtime 200 in 79ms
 GET /api/realtime 200 in 80ms
 GET /api/realtime 200 in 74ms
 GET /api/realtime 200 in 74ms
 GET /api/realtime 200 in 76ms
 GET /api/realtime 200 in 83ms
 GET /api/realtime 200 in 79ms
 GET /api/realtime 200 in 79ms
 GET /api/realtime 200 in 73ms
 GET /api/realtime 200 in 83ms
 GET /api/realtime 200 in 89ms
 GET /api/realtime 200 in 80ms
 GET /api/realtime 200 in 82ms
 GET /api/realtime 200 in 83ms
 GET /api/realtime 200 in 80ms
 GET /api/realtime 200 in 74ms
 GET /api/realtime 200 in 77ms
 GET /api/realtime 200 in 80ms
 GET /api/realtime 200 in 86ms
 GET /api/realtime 200 in 78ms
 GET /api/realtime 200 in 80ms
 GET /api/realtime 200 in 95ms
 GET /api/realtime 200 in 79ms
 GET /api/realtime 200 in 78ms
 GET /api/realtime 200 in 87ms
 GET /api/realtime 200 in 133ms
 GET /api/realtime 200 in 89ms
 GET /api/realtime 200 in 84ms
 GET /api/realtime 200 in 80ms
 GET /api/realtime 200 in 79ms
 GET /api/realtime 200 in 7043ms
 ✓ Compiled in 1198ms (1628 modules)
[?25h
