  ▲ Next.js 14.2.28
  - Local:        http://localhost:3000
  - Environments: .env
  - Experiments (use with caution):
    · outputFileTracingRoot

 ✓ Starting...
 ✓ Ready in 2.1s
 ○ Compiling / ...
 ✓ Compiled / in 3s (598 modules)
 GET / 200 in 3657ms
 ✓ Compiled in 632ms (297 modules)
 GET / 200 in 175ms
 GET / 200 in 158ms
 GET / 200 in 101ms
 ✓ Compiled /api/auth/[...nextauth] in 461ms (542 modules)
 GET /api/auth/session 200 in 1009ms
 GET /api/auth/session 200 in 105ms
 GET / 200 in 149ms
 GET / 200 in 110ms
 GET / 200 in 123ms
 GET / 200 in 110ms
 GET / 200 in 130ms
 GET / 200 in 106ms
 GET / 200 in 106ms
 GET / 200 in 107ms
 GET / 200 in 119ms
 GET / 200 in 106ms
 GET / 200 in 108ms
 GET / 200 in 109ms
 GET / 200 in 102ms
 GET / 200 in 108ms
 GET / 200 in 105ms
 GET / 200 in 103ms
 GET / 200 in 107ms
 GET / 200 in 101ms
 GET / 200 in 120ms
 GET / 200 in 109ms
 GET / 200 in 105ms
 GET / 200 in 115ms
 GET / 200 in 105ms
 GET / 200 in 111ms
 GET / 200 in 116ms
 GET / 200 in 129ms
 GET / 200 in 87ms
 GET / 200 in 84ms
 GET / 200 in 79ms
 GET / 200 in 86ms
 GET / 200 in 84ms
 GET / 200 in 85ms
 GET / 200 in 99ms
 GET / 200 in 88ms
[?25h
