  ▲ Next.js 14.2.28
  - Local:        http://localhost:3000
  - Environments: .env
  - Experiments (use with caution):
    · outputFileTracingRoot

 ✓ Starting...
 ✓ Ready in 2.1s
 ○ Compiling / ...
 ✓ Compiled / in 1636ms (596 modules)
 GET / 200 in 2080ms
 ✓ Compiled in 461ms (296 modules)
 ✓ Compiled /api/auth/[...nextauth] in 457ms (541 modules)
 GET /api/auth/providers 200 in 939ms
 GET / 200 in 101ms
 GET /api/auth/session 200 in 60ms
 GET /api/auth/session 200 in 41ms
 ○ Compiling /signup ...
 ✓ Compiled /signup in 908ms (881 modules)
 GET /signup 200 in 1083ms
 GET /login 200 in 1094ms
 GET /api/auth/session 200 in 70ms
 GET /api/auth/session 200 in 42ms
 GET /api/auth/session 200 in 42ms
 GET /api/auth/session 200 in 43ms
 GET /api/auth/session 200 in 53ms
 GET /api/auth/csrf 200 in 51ms
 ✓ Compiled /api/signup in 291ms (597 modules)
 POST /api/signup 200 in 752ms
 GET / 200 in 86ms
 GET /api/auth/signin 302 in 68ms
 GET /login?callbackUrl=https://267ef8e6d.preview.abacusai.app 200 in 57ms
 GET /api/auth/csrf 200 in 41ms
 POST /api/auth/callback/credentials 302 in 337ms
 ✓ Compiled /middleware in 198ms (174 modules)
 ○ Compiling /dashboard ...
 ✓ Compiled /dashboard in 1632ms (2843 modules)
 GET /dashboard 200 in 2297ms
 GET / 200 in 74ms
 GET /dashboard 200 in 86ms
 GET /api/auth/session 200 in 115ms
 ✓ Compiled /api/realtime in 470ms (1574 modules)
 ✓ Compiled (1577 modules)
 GET /api/realtime 200 in 954ms
 GET /api/realtime 200 in 956ms
 GET /api/auth/session 200 in 898ms
 GET /api/notifications?limit=10 200 in 962ms
 GET /api/realtime 200 in 935ms
 GET /api/realtime 200 in 963ms
 GET /api/notifications?limit=10 200 in 68ms
 GET /api/auth/session 200 in 77ms
 GET /api/notifications?limit=10 200 in 75ms
 GET /api/auth/session 200 in 70ms
 GET /api/realtime 200 in 70ms
 GET /api/notifications?limit=10 200 in 71ms
 GET /api/realtime 200 in 98ms
 GET /api/auth/session 200 in 95ms
 GET /api/auth/session 200 in 57ms
 ○ Compiling /team ...
 ✓ Compiled /team in 3.1s (3274 modules)
 GET /projects/new 200 in 4231ms
 GET /daily-reports 200 in 4281ms
 GET /change-orders 200 in 4251ms
 GET /documents 200 in 4240ms
 GET /safety 200 in 4271ms
 GET /settings 200 in 4257ms
 GET /tasks 200 in 4293ms
 GET /rfis 500 in 4262ms
 GET /projects 200 in 4263ms
 GET /team 200 in 4265ms
 GET /reports 500 in 4313ms
 GET /submittals 200 in 4318ms
 GET /company 200 in 4307ms
 GET /api/notifications?limit=10 200 in 192ms
 GET /api/auth/session 200 in 369ms
 GET /api/notifications?limit=10 200 in 372ms
 GET /api/realtime 200 in 402ms
 GET /api/realtime 200 in 414ms
 GET /api/realtime 200 in 242ms
 GET /api/realtime 200 in 229ms
 GET /api/realtime 200 in 228ms
 GET /api/realtime 200 in 245ms
 GET /api/realtime 200 in 246ms
 GET /api/realtime 200 in 223ms
 GET /api/realtime 200 in 260ms
 GET /api/auth/session 200 in 292ms
 GET /api/notifications?limit=10 200 in 310ms
 GET /api/realtime 200 in 215ms
 GET /api/auth/session 200 in 217ms
 GET /api/notifications?limit=10 200 in 226ms
 GET /api/notifications?limit=10 200 in 126ms
 GET /api/auth/session 200 in 164ms
 GET /api/realtime 200 in 171ms
 GET /api/notifications?limit=10 200 in 220ms
 GET /api/auth/session 200 in 182ms
 GET /api/notifications?limit=10 200 in 218ms
 GET /api/realtime 200 in 229ms
 GET /api/auth/session 200 in 250ms
 GET /api/notifications?limit=10 200 in 148ms
 GET /api/auth/session 200 in 173ms
 GET /api/notifications?limit=10 200 in 128ms
 GET /api/realtime 200 in 129ms
 GET /api/auth/session 200 in 209ms
 GET /api/notifications?limit=10 200 in 280ms
 GET /api/auth/session 200 in 131ms
 GET /api/realtime 200 in 120ms
 GET /api/notifications?limit=10 200 in 163ms
 GET /api/realtime 200 in 192ms
 GET /api/auth/session 200 in 185ms
 GET /api/notifications?limit=10 200 in 195ms
 GET /api/auth/session 200 in 168ms
 GET /api/notifications?limit=10 200 in 151ms
 GET /api/auth/session 200 in 180ms
 GET /api/notifications?limit=10 200 in 156ms
 GET /api/realtime 200 in 157ms
 GET /api/auth/session 200 in 135ms
 GET /api/notifications?limit=10 200 in 175ms
 GET /api/auth/session 200 in 172ms
 GET /api/notifications?limit=10 200 in 164ms
 GET /api/auth/session 200 in 200ms
 GET /api/notifications?limit=10 200 in 345ms
 GET /api/auth/session 200 in 339ms
 GET /api/notifications?limit=10 200 in 244ms
 GET /api/auth/session 200 in 218ms
 GET /api/notifications?limit=10 200 in 175ms
 GET /api/auth/session 200 in 190ms
 GET /api/realtime 200 in 183ms
 GET /api/realtime 200 in 141ms
 GET /api/realtime 200 in 186ms
 GET /api/realtime 200 in 208ms
 GET /api/realtime 200 in 209ms
 GET /api/notifications?limit=10 200 in 217ms
 GET /api/auth/session 200 in 212ms
 GET /api/realtime 200 in 172ms
 GET /api/realtime 200 in 148ms
 GET /api/notifications?limit=10 200 in 124ms
 GET /api/auth/session 200 in 162ms
 GET /api/realtime 200 in 156ms
 GET /api/notifications?limit=10 200 in 169ms
 GET /api/auth/session 200 in 113ms
 GET /api/notifications?limit=10 200 in 123ms
 GET /api/auth/session 200 in 262ms
 GET /api/notifications?limit=10 200 in 284ms
 GET /api/auth/session 200 in 127ms
 GET /api/notifications?limit=10 200 in 148ms
 GET /api/realtime 200 in 167ms
 GET /api/realtime 200 in 169ms
 GET /api/auth/session 200 in 216ms
 GET /api/auth/session 200 in 68ms
 GET /api/realtime 200 in 90ms
 GET /api/realtime 200 in 91ms
 GET /api/auth/session 200 in 72ms
 GET /api/realtime 200 in 100ms
 GET /api/auth/session 200 in 119ms
 GET /api/auth/session 200 in 46ms
 ○ Compiling /company/usage ...
 ✓ Compiled /company/usage in 2.3s (3351 modules)
 GET /company/invitations 200 in 2623ms
 GET /company/settings 307 in 2661ms
 GET /company/usage 200 in 2624ms
 GET /company/team 200 in 2662ms
 GET /dashboard 200 in 224ms
 GET /projects/project-riverside-homes 200 in 2965ms
 GET /projects/project-mall-renovation 200 in 2952ms
 GET /projects/project-downtown-office 200 in 2904ms
 GET /api/auth/session 200 in 191ms
 ○ Compiling /api/company/invitations ...
 ✓ Compiled /api/company/invitations in 1276ms (1859 modules)
 GET /api/auth/session 200 in 1807ms
 GET /api/realtime 200 in 1922ms
 GET /api/realtime 200 in 1923ms
 GET /api/realtime 200 in 1851ms
 GET /api/realtime 200 in 1922ms
 GET /api/realtime 200 in 1922ms
 GET /api/notifications?limit=10 200 in 1938ms
 GET /api/realtime 200 in 1854ms
 GET /api/realtime 200 in 1795ms
 GET /api/realtime 200 in 1854ms
 GET /api/realtime 200 in 1783ms
 GET /api/realtime 200 in 1712ms
 GET /api/realtime 200 in 1799ms
 GET /api/realtime 200 in 1823ms
 GET /api/realtime 200 in 1848ms
 GET /api/realtime 200 in 1856ms
 GET /api/realtime 200 in 1856ms
 GET /api/realtime 200 in 1858ms
 GET /api/company/invitations? 200 in 2138ms
 GET /api/auth/session 200 in 120ms
 GET /api/company/invitations? 200 in 117ms
 GET /api/notifications?limit=10 200 in 121ms
 GET /api/auth/session 200 in 165ms
 GET /api/notifications?limit=10 200 in 173ms
 GET /api/company/invitations? 200 in 180ms
 GET /api/realtime 200 in 108ms
 GET /api/notifications?limit=10 200 in 149ms
 GET /api/auth/session 200 in 186ms
 GET /api/company/invitations? 200 in 183ms
 GET /api/notifications?limit=10 200 in 131ms
 GET /api/auth/session 200 in 167ms
 GET /api/notifications?limit=10 200 in 146ms
 GET /api/realtime 200 in 149ms
 GET /api/auth/session 200 in 89ms
 GET /api/notifications?limit=10 200 in 115ms
 GET /api/auth/session 200 in 105ms
 GET /api/notifications?limit=10 200 in 137ms
 GET /api/auth/session 200 in 161ms
 GET /api/notifications?limit=10 200 in 155ms
 GET /api/auth/session 200 in 133ms
 GET /api/notifications?limit=10 200 in 116ms
 GET /api/auth/session 200 in 157ms
 GET /api/realtime 200 in 149ms
 GET /api/notifications?limit=10 200 in 142ms
 GET /api/realtime 200 in 30963ms
 GET /api/realtime 200 in 30655ms
 GET /api/auth/session 200 in 128ms
 GET /api/notifications?limit=10 200 in 99ms
 GET /api/realtime 200 in 30086ms
 GET /api/realtime 200 in 103ms
 GET /api/auth/session 200 in 113ms
 GET /api/notifications?limit=10 200 in 141ms
 GET /api/realtime 200 in 119ms
 GET /api/auth/session 200 in 100ms
 GET /api/realtime 200 in 30073ms
 GET /api/notifications?limit=10 200 in 122ms
 GET /api/realtime 200 in 30057ms
 GET /api/auth/session 200 in 130ms
 GET /api/realtime 200 in 30060ms
 GET /api/realtime 200 in 151ms
 GET /api/notifications?limit=10 200 in 160ms
 GET /api/realtime 200 in 30053ms
 GET /api/auth/session 200 in 105ms
 GET /api/realtime 200 in 117ms
 GET /api/realtime 200 in 30055ms
 GET /api/notifications?limit=10 200 in 138ms
 GET /api/realtime 200 in 162ms
 GET /api/auth/session 200 in 121ms
 GET /api/realtime 200 in 30064ms
 GET /api/realtime 200 in 30049ms
 GET /api/auth/session 200 in 120ms
 GET /api/realtime 200 in 30058ms
 GET /api/realtime 200 in 30048ms
 GET /api/realtime 200 in 30073ms
 GET /api/auth/session 200 in 168ms
 GET /api/realtime 200 in 30052ms
 GET /api/auth/session 200 in 64ms
 GET /api/realtime 200 in 30058ms
 GET /api/auth/session 200 in 93ms
 GET /api/realtime 200 in 30054ms
 GET /api/realtime 200 in 93ms
 GET /api/realtime 200 in 30047ms
 GET /api/auth/session 200 in 129ms
 GET /api/realtime 200 in 30046ms
 GET /api/realtime 200 in 30052ms
 GET /api/auth/session 200 in 75ms
 GET /api/realtime 200 in 30054ms
 GET /api/auth/session 200 in 80ms
 GET /api/realtime 200 in 30055ms
 GET /api/auth/session 200 in 97ms
 GET /api/realtime 200 in 30048ms
 GET /api/auth/session 200 in 74ms
 GET /api/realtime 200 in 30049ms
 GET /api/realtime 200 in 30047ms
 GET /api/auth/session 200 in 69ms
 GET /api/realtime 200 in 30047ms
 GET /api/auth/session 200 in 84ms
 GET /api/realtime 200 in 30054ms
 GET /api/realtime 200 in 30047ms
 GET /api/realtime 200 in 30105ms
 GET /api/realtime 200 in 30051ms
 GET /api/realtime 200 in 30055ms
 GET /api/realtime 200 in 30057ms
 GET /api/realtime 200 in 30049ms
 GET /api/realtime 200 in 30046ms
 GET /api/realtime 200 in 30050ms
 GET /api/realtime 200 in 60ms
 GET /api/realtime 200 in 30048ms
 GET /api/realtime 200 in 50ms
 GET /api/realtime 200 in 30048ms
 GET /api/realtime 200 in 30054ms
 GET /api/realtime 200 in 30049ms
 GET /api/realtime 200 in 30054ms
 GET /api/realtime 200 in 30050ms
 GET /api/realtime 200 in 30050ms
 GET /api/realtime 200 in 30049ms
 GET /api/realtime 200 in 30049ms
 GET /api/realtime 200 in 30050ms
 GET /api/realtime 200 in 30080ms
 GET /api/realtime 200 in 30050ms
 GET /api/realtime 200 in 30050ms
 GET /api/realtime 200 in 30057ms
 GET /api/realtime 200 in 30048ms
 GET /api/realtime 200 in 30058ms
 GET /api/realtime 200 in 30060ms
 GET /api/realtime 200 in 30061ms
 GET /api/realtime 200 in 30052ms
 GET /api/realtime 200 in 30056ms
 GET /api/realtime 200 in 30053ms
 GET /api/realtime 200 in 30052ms
 GET /api/realtime 200 in 30053ms
 GET /api/realtime 200 in 30066ms
 GET /api/realtime 200 in 30052ms
 GET /api/realtime 200 in 30050ms
 GET /api/realtime 200 in 30052ms
 GET /api/realtime 200 in 30052ms
 GET /api/realtime 200 in 30051ms
 GET /api/realtime 200 in 30385ms
 GET /api/realtime 200 in 30240ms
 GET /api/realtime 200 in 30239ms
 GET /api/realtime 200 in 30241ms
 GET /api/realtime 200 in 30240ms
 GET /api/realtime 200 in 30414ms
 GET /api/realtime 200 in 30241ms
 GET /api/realtime 200 in 30261ms
 GET /api/realtime 200 in 30230ms
 GET /api/realtime 200 in 30224ms
 GET /api/realtime 200 in 30225ms
 GET /api/realtime 200 in 30233ms
 GET /api/realtime 200 in 30278ms
 GET /api/realtime 200 in 30278ms
 GET /api/realtime 200 in 30312ms
 GET /api/realtime 200 in 30214ms
 GET /api/realtime 200 in 30215ms
 GET /api/realtime 200 in 30203ms
 GET /api/realtime 200 in 30204ms
 GET /api/realtime 200 in 30190ms
 GET /api/realtime 200 in 30193ms
 GET /api/realtime 200 in 30193ms
 GET /api/realtime 200 in 30210ms
 GET /api/realtime 200 in 30190ms
 GET /api/realtime 200 in 30188ms
 GET /api/realtime 200 in 30210ms
 GET /api/realtime 200 in 30268ms
 GET /api/realtime 200 in 30235ms
 GET /api/realtime 200 in 30245ms
 GET /api/realtime 200 in 30237ms
 GET /api/realtime 200 in 30236ms
 GET /api/realtime 200 in 30229ms
 GET /api/realtime 200 in 30237ms
 GET /api/realtime 200 in 30240ms
 GET /api/realtime 200 in 30247ms
 GET /api/realtime 200 in 30194ms
 GET /api/realtime 200 in 30253ms
 GET /api/realtime 200 in 30134ms
 GET /api/realtime 200 in 30145ms
 GET /api/realtime 200 in 30127ms
 GET /api/realtime 200 in 30167ms
 GET /api/realtime 200 in 30168ms
 GET /api/realtime 200 in 30178ms
 GET /api/realtime 200 in 30178ms
 GET /api/realtime 200 in 30180ms
 GET /api/realtime 200 in 30170ms
 GET /api/realtime 200 in 30172ms
 GET /api/realtime 200 in 30128ms
 GET /api/realtime 200 in 30221ms
 GET /api/realtime 200 in 30215ms
 GET /api/realtime 200 in 30216ms
 GET /api/realtime 200 in 30216ms
 GET /api/realtime 200 in 30175ms
 GET /api/realtime 200 in 30177ms
 GET /api/realtime 200 in 30183ms
 GET /api/realtime 200 in 30156ms
 GET /api/realtime 200 in 30157ms
 GET /api/realtime 200 in 30163ms
 GET /api/realtime 200 in 30151ms
 GET /api/realtime 200 in 30152ms
 GET /api/realtime 200 in 30146ms
 GET /api/realtime 200 in 30141ms
 GET /api/realtime 200 in 30220ms
 GET /api/realtime 200 in 30172ms
 GET /api/realtime 200 in 30208ms
 GET /api/realtime 200 in 30167ms
 GET /api/realtime 200 in 30244ms
 GET /api/realtime 200 in 30214ms
 GET /api/realtime 200 in 30216ms
 GET /api/realtime 200 in 30216ms
 GET /api/realtime 200 in 30216ms
 GET /api/realtime 200 in 30233ms
 GET /api/realtime 200 in 30232ms
 GET /api/realtime 200 in 30186ms
 GET /api/realtime 200 in 30131ms
 GET /api/realtime 200 in 30132ms
 GET /api/realtime 200 in 30132ms
 GET /api/realtime 200 in 30138ms
 GET /api/realtime 200 in 30155ms
 GET /api/realtime 200 in 30162ms
 GET /api/realtime 200 in 30155ms
 GET /api/realtime 200 in 30156ms
 GET /api/realtime 200 in 30154ms
 GET /api/realtime 200 in 30143ms
 GET /api/realtime 200 in 30143ms
 GET /api/realtime 200 in 30139ms
 GET /api/realtime 200 in 30135ms
 GET /api/realtime 200 in 30129ms
 GET /api/realtime 200 in 30129ms
 GET /api/realtime 200 in 30130ms
 GET /api/realtime 200 in 30123ms
 GET /api/realtime 200 in 30123ms
 GET /api/realtime 200 in 30127ms
 GET /api/realtime 200 in 30131ms
 GET /api/realtime 200 in 30123ms
 GET /api/realtime 200 in 30176ms
 GET /api/realtime 200 in 30174ms
 GET /api/realtime 200 in 30229ms
 GET /api/realtime 200 in 30238ms
 GET /api/realtime 200 in 30220ms
 GET /api/realtime 200 in 30221ms
 GET /api/realtime 200 in 30274ms
 GET /api/realtime 200 in 30241ms
 GET /api/realtime 200 in 30214ms
 GET /api/realtime 200 in 30243ms
 GET /api/realtime 200 in 30248ms
 GET /api/realtime 200 in 30255ms
 GET /api/realtime 200 in 30170ms
 GET /api/realtime 200 in 30172ms
 GET /api/realtime 200 in 30116ms
 GET /api/realtime 200 in 30116ms
 GET /api/realtime 200 in 30117ms
 GET /api/realtime 200 in 30126ms
 GET /api/realtime 200 in 30127ms
 GET /api/realtime 200 in 30128ms
 GET /api/realtime 200 in 30130ms
 GET /api/realtime 200 in 30156ms
 GET /api/realtime 200 in 30131ms
 GET /api/realtime 200 in 30162ms
 GET /api/realtime 200 in 30152ms
 GET /api/realtime 200 in 30168ms
 GET /api/realtime 200 in 30163ms
 GET /api/realtime 200 in 30171ms
 GET /api/realtime 200 in 29155ms
 GET /api/realtime 200 in 30201ms
 GET /api/realtime 200 in 30203ms
 GET /api/realtime 200 in 30199ms
 GET /api/realtime 200 in 30191ms
 GET /api/realtime 200 in 30200ms
 GET /api/realtime 200 in 30206ms
 GET /api/realtime 200 in 30206ms
 GET /api/realtime 200 in 30174ms
 GET /api/realtime 200 in 30183ms
 GET /api/realtime 200 in 30137ms
 GET /api/realtime 200 in 30134ms
 GET /api/realtime 200 in 30141ms
 GET /api/realtime 200 in 30144ms
 GET /api/realtime 200 in 30144ms
 GET /api/realtime 200 in 30145ms
 GET /api/realtime 200 in 30145ms
 GET /api/realtime 200 in 30141ms
 GET /api/realtime 200 in 30146ms
 GET /api/realtime 200 in 30145ms
 GET /api/realtime 200 in 30155ms
 GET /api/realtime 200 in 30156ms
 GET /api/realtime 200 in 30166ms
 GET /api/realtime 200 in 30166ms
 GET /api/realtime 200 in 30169ms
 GET /api/realtime 200 in 30163ms
 GET /api/realtime 200 in 30164ms
 GET /api/realtime 200 in 30165ms
 GET /api/realtime 200 in 30165ms
 GET /api/realtime 200 in 30166ms
 GET /api/realtime 200 in 30170ms
 GET /api/realtime 200 in 30169ms
 GET /api/realtime 200 in 30151ms
 GET /api/realtime 200 in 30153ms
 GET /api/realtime 200 in 30141ms
 GET /api/realtime 200 in 30149ms
 GET /api/realtime 200 in 30154ms
 GET /api/realtime 200 in 30118ms
 GET /api/realtime 200 in 30200ms
 GET /api/realtime 200 in 30201ms
 GET /api/realtime 200 in 30201ms
 GET /api/realtime 200 in 30151ms
 GET /api/realtime 200 in 30202ms
 GET /api/realtime 200 in 30168ms
 GET /api/realtime 200 in 30210ms
 GET /api/realtime 200 in 30210ms
 GET /api/realtime 200 in 30164ms
 GET /api/realtime 200 in 30168ms
 GET /api/realtime 200 in 30192ms
 GET /api/realtime 200 in 30170ms
 GET /api/realtime 200 in 30156ms
 GET /api/realtime 200 in 30154ms
 GET /api/realtime 200 in 30150ms
 GET /api/realtime 200 in 30159ms
 GET /api/realtime 200 in 30153ms
 GET /api/realtime 200 in 30151ms
 GET /api/realtime 200 in 30153ms
 GET /api/realtime 200 in 30158ms
 GET /api/realtime 200 in 30160ms
 GET /api/realtime 200 in 30223ms
 GET /api/realtime 200 in 30204ms
 GET /api/realtime 200 in 30200ms
 GET /api/realtime 200 in 30200ms
 GET /api/realtime 200 in 30181ms
 GET /api/realtime 200 in 30182ms
 GET /api/realtime 200 in 30182ms
 GET /api/realtime 200 in 30319ms
 GET /api/realtime 200 in 30322ms
 GET /api/realtime 200 in 30325ms
 GET /api/realtime 200 in 30318ms
 GET /api/realtime 200 in 30336ms
 GET /api/realtime 200 in 30340ms
 GET /api/realtime 200 in 30292ms
 GET /api/realtime 200 in 30288ms
 GET /api/realtime 200 in 30254ms
 GET /api/realtime 200 in 30241ms
 GET /api/realtime 200 in 30245ms
 GET /api/realtime 200 in 30191ms
 GET /api/realtime 200 in 30192ms
 GET /api/realtime 200 in 30193ms
 GET /api/realtime 200 in 30185ms
 GET /api/realtime 200 in 30173ms
 GET /api/realtime 200 in 30185ms
 GET /api/realtime 200 in 30201ms
 GET /api/realtime 200 in 30198ms
 GET /api/realtime 200 in 30142ms
 GET /api/realtime 200 in 30174ms
 GET /api/realtime 200 in 30176ms
 GET /api/realtime 200 in 30176ms
 GET /api/realtime 200 in 30171ms
 GET /api/realtime 200 in 30174ms
 GET /api/realtime 200 in 30177ms
 GET /api/realtime 200 in 30186ms
 GET /api/realtime 200 in 30182ms
 GET /api/realtime 200 in 30199ms
 GET /api/realtime 200 in 30180ms
 GET /api/realtime 200 in 30180ms
 GET /api/realtime 200 in 30182ms
 GET /api/realtime 200 in 30181ms
 GET /api/realtime 200 in 30188ms
 GET /api/realtime 200 in 30253ms
 GET /api/realtime 200 in 30146ms
 GET /api/realtime 200 in 30171ms
 GET /api/realtime 200 in 30110ms
 GET /api/realtime 200 in 30103ms
 GET /api/realtime 200 in 30105ms
 GET /api/realtime 200 in 30150ms
 GET /api/realtime 200 in 30153ms
 GET /api/realtime 200 in 30123ms
 GET /api/realtime 200 in 30171ms
 GET /api/realtime 200 in 30149ms
 GET /api/realtime 200 in 30140ms
 GET /api/realtime 200 in 30134ms
 GET /api/realtime 200 in 30100ms
 GET /api/realtime 200 in 30102ms
 GET /api/realtime 200 in 30199ms
 GET /api/realtime 200 in 30271ms
 GET /api/realtime 200 in 30273ms
 GET /api/realtime 200 in 30287ms
 GET /api/realtime 200 in 30279ms
 GET /api/realtime 200 in 30142ms
 GET /api/realtime 200 in 30155ms
 GET /api/realtime 200 in 30162ms
 GET /api/realtime 200 in 30150ms
 GET /api/realtime 200 in 30173ms
 GET /api/realtime 200 in 30127ms
 GET /api/realtime 200 in 30177ms
 GET /api/realtime 200 in 30243ms
 GET /api/realtime 200 in 30185ms
 GET /api/realtime 200 in 30117ms
 GET /api/realtime 200 in 30064ms
 GET /api/realtime 200 in 30065ms
 GET /api/realtime 200 in 30067ms
 GET /api/realtime 200 in 30076ms
 GET /api/realtime 200 in 30051ms
 GET /api/realtime 200 in 30048ms
 GET /api/realtime 200 in 30052ms
 GET /api/realtime 200 in 30049ms
 GET /api/realtime 200 in 30055ms
 GET /api/realtime 200 in 30048ms
 GET /api/realtime 200 in 30049ms
 GET /api/realtime 200 in 30050ms
 GET /api/realtime 200 in 30054ms
 GET /api/realtime 200 in 30049ms
 GET /api/realtime 200 in 30049ms
 GET /api/realtime 200 in 30061ms
 GET /api/realtime 200 in 30051ms
 GET /api/realtime 200 in 30049ms
 GET /api/realtime 200 in 30047ms
 GET /api/realtime 200 in 30046ms
 GET /api/realtime 200 in 30049ms
 GET /api/realtime 200 in 30054ms
 GET /api/realtime 200 in 30050ms
 GET /api/realtime 200 in 30045ms
 GET /api/realtime 200 in 30047ms
 GET /api/realtime 200 in 30047ms
 GET /api/realtime 200 in 30052ms
 GET /api/realtime 200 in 30052ms
 GET /api/realtime 200 in 29988ms
 GET /api/realtime 200 in 24298ms
 GET /api/realtime 200 in 23931ms
 GET /api/realtime 200 in 28751ms
 GET /api/realtime 200 in 29716ms
 GET /api/realtime 200 in 29365ms
 GET /api/realtime 200 in 29805ms
 GET /api/realtime 200 in 29903ms
 GET /api/realtime 200 in 22082ms
 GET /api/realtime 200 in 28103ms
 GET /api/realtime 200 in 20880ms
 GET /api/realtime 200 in 20057ms
 GET /api/realtime 200 in 29459ms
 GET /api/realtime 200 in 29189ms
 GET /api/realtime 200 in 21672ms
 GET /api/realtime 200 in 21848ms
 GET /api/realtime 200 in 21696ms
 GET /api/realtime 200 in 24226ms
 GET /api/realtime 200 in 23997ms
 GET /api/realtime 200 in 21473ms
 GET /api/realtime 200 in 28587ms
 GET /api/realtime 200 in 22210ms
 GET /api/realtime 200 in 28466ms
 GET /api/realtime 200 in 29020ms
 GET /api/realtime 200 in 23768ms
 GET /api/realtime 200 in 22247ms
 GET /api/realtime 200 in 21784ms
 GET /api/realtime 200 in 18312ms
 GET /api/realtime 200 in 29111ms
 GET /api/realtime 200 in 21021ms
 GET /api/realtime 200 in 18482ms
 GET /api/realtime 200 in 18385ms
 GET /api/realtime 200 in 28385ms
 GET /api/realtime 200 in 20303ms
 GET /api/realtime 200 in 19262ms
 GET /api/realtime 200 in 28940ms
 GET /api/realtime 200 in 21578ms
 GET /api/realtime 200 in 22375ms
 GET /api/realtime 200 in 17637ms
 GET /api/realtime 200 in 20464ms
 GET /api/realtime 200 in 22221ms
 GET /api/realtime 200 in 18160ms
 GET /api/realtime 200 in 17734ms
 GET /api/realtime 200 in 23778ms
 GET /api/realtime 200 in 22086ms
 GET /api/realtime 200 in 22219ms
 GET /api/realtime 200 in 19304ms
 GET /api/realtime 200 in 20075ms
 GET /api/realtime 200 in 20169ms
 GET /api/realtime 200 in 19901ms
 GET /api/realtime 200 in 21160ms
 GET /api/realtime 200 in 20292ms
 GET /api/realtime 200 in 28856ms
 GET /api/realtime 200 in 21086ms
 GET /api/realtime 200 in 17552ms
 GET /api/realtime 200 in 28211ms
 GET /api/realtime 200 in 20280ms
 GET /api/realtime 200 in 18265ms
 GET /api/realtime 200 in 19736ms
 GET /api/realtime 200 in 20569ms
 GET /api/realtime 200 in 19624ms
 GET /api/realtime 200 in 22019ms
 GET /api/realtime 200 in 21431ms
 GET /api/realtime 200 in 20501ms
 GET /api/realtime 200 in 24225ms
 GET /api/realtime 200 in 19124ms
 GET /api/realtime 200 in 21088ms
 GET /api/realtime 200 in 19788ms
 GET /api/realtime 200 in 19451ms
 GET /api/realtime 200 in 18689ms
 GET /api/realtime 200 in 19952ms
 GET /api/realtime 200 in 24188ms
 GET /api/realtime 200 in 29651ms
 GET /api/realtime 200 in 18130ms
 GET /api/realtime 200 in 19113ms
 GET /api/realtime 200 in 21331ms
 GET /api/realtime 200 in 18604ms
 GET /api/realtime 200 in 19659ms
 GET /api/realtime 200 in 19517ms
 GET /api/realtime 200 in 21895ms
 GET /api/realtime 200 in 20650ms
 GET /api/realtime 200 in 20733ms
 GET /api/realtime 200 in 20579ms
 GET /api/realtime 200 in 21201ms
 GET /api/realtime 200 in 20779ms
 GET /api/realtime 200 in 21287ms
 GET /api/realtime 200 in 19497ms
 GET /api/realtime 200 in 20847ms
 GET /api/realtime 200 in 20145ms
 GET /api/realtime 200 in 21306ms
 GET /api/realtime 200 in 20909ms
 GET /api/realtime 200 in 19182ms
 GET /api/realtime 200 in 21520ms
 GET /api/realtime 200 in 20992ms
 GET /api/realtime 200 in 21593ms
 GET /api/realtime 200 in 18442ms
 GET /api/realtime 200 in 17859ms
 GET /api/realtime 200 in 19279ms
 GET /api/realtime 200 in 18076ms
 GET /api/realtime 200 in 22397ms
 GET /api/realtime 200 in 22005ms
 GET /api/realtime 200 in 18547ms
 GET /api/realtime 200 in 20745ms
 GET /api/realtime 200 in 19464ms
 GET /api/realtime 200 in 19762ms
 GET /api/realtime 200 in 17687ms
 GET /api/realtime 200 in 18978ms
 GET /api/realtime 200 in 18968ms
 GET /api/realtime 200 in 28320ms
 GET /api/realtime 200 in 17975ms
 GET /api/realtime 200 in 17783ms
 GET /api/realtime 200 in 18847ms
 GET /api/realtime 200 in 21766ms
 GET /api/realtime 200 in 20452ms
 GET /api/realtime 200 in 17885ms
 GET /api/realtime 200 in 21461ms
 GET /api/realtime 200 in 29581ms
 GET /api/realtime 200 in 19925ms
 GET /api/realtime 200 in 29318ms
 GET /api/realtime 200 in 20296ms
 GET /api/realtime 200 in 18858ms
 GET /api/realtime 200 in 19643ms
 GET /api/realtime 200 in 21914ms
 GET /api/realtime 200 in 22412ms
 GET /api/realtime 200 in 18750ms
 GET /api/realtime 200 in 19331ms
 GET /api/realtime 200 in 21347ms
 GET /api/realtime 200 in 22399ms
[?25h
