  ▲ Next.js 14.2.28
  - Local:        http://localhost:3000
  - Environments: .env
  - Experiments (use with caution):
    · outputFileTracingRoot

 ✓ Starting...
 ✓ Ready in 2.1s
 ○ Compiling / ...
 ✓ Compiled / in 2.2s (611 modules)
 ✓ Compiled in 626ms (297 modules)
 GET / 200 in 2916ms
 GET / 200 in 88ms
 ✓ Compiled /api/auth/[...nextauth] in 456ms (555 modules)
 GET /api/auth/session 200 in 942ms
 GET /api/auth/session 200 in 71ms
 GET / 200 in 129ms
 GET / 200 in 88ms
 GET / 200 in 89ms
 GET / 200 in 83ms
 GET / 200 in 78ms
 GET / 200 in 81ms
 GET / 200 in 74ms
 GET / 200 in 99ms
 GET / 200 in 74ms
 ○ Compiling /signup ...
 ✓ Compiled /signup in 891ms (655 modules)
 ✓ Compiled /login in 368ms (671 modules)
 GET / 200 in 135ms
 ✓ Compiled /api/auth/[...nextauth] in 302ms (555 modules)
 GET /api/auth/session 200 in 471ms
 GET /api/auth/session 200 in 61ms
 ✓ Compiled in 982ms (886 modules)
 ✓ Compiled in 707ms (886 modules)
 ✓ Compiled in 661ms (886 modules)
 ✓ Compiled in 667ms (886 modules)
 ✓ Compiled in 658ms (645 modules)
 ✓ Compiled in 623ms (645 modules)
 ✓ Compiled in 638ms (645 modules)
 ✓ Compiled in 633ms (645 modules)
 ✓ Compiled in 618ms (645 modules)
 ✓ Compiled in 609ms (645 modules)
 ✓ Compiled in 689ms (645 modules)
 ✓ Compiled in 747ms (645 modules)
 ✓ Compiled in 615ms (645 modules)
 ✓ Compiled in 613ms (645 modules)
 GET / 200 in 122ms
 ✓ Compiled /api/auth/[...nextauth] in 348ms (555 modules)
 GET /api/auth/session 200 in 538ms
 GET /api/auth/session 200 in 59ms
 ✓ Compiled /login in 408ms (584 modules)
 GET /api/auth/providers 200 in 90ms
 GET /api/auth/csrf 200 in 64ms
 POST /api/auth/callback/credentials 200 in 445ms
 GET /api/auth/session 200 in 76ms
 ✓ Compiled /middleware in 230ms (174 modules)
 ○ Compiling /dashboard ...
 ✓ Compiled /dashboard in 1543ms (1889 modules)
 GET /dashboard?_rsc=iqngu 200 in 295ms
 ○ Compiling /api/dashboard/agenda ...
 ✓ Compiled /api/dashboard/agenda in 756ms (1112 modules)
 ✓ Compiled (1124 modules)
 GET /api/realtime 200 in 934ms
 GET /api/notifications?limit=10 200 in 1274ms
 GET /api/dashboard/agenda 200 in 1278ms
 GET /api/notifications?limit=10 200 in 160ms
 GET /api/realtime 200 in 158ms
 GET /api/dashboard/agenda 200 in 168ms
 GET /api/realtime 200 in 64ms
 GET /api/realtime 200 in 61ms
 GET /api/realtime 200 in 63ms
 GET /api/realtime 200 in 63ms
 GET /api/realtime 200 in 62ms
 GET /api/realtime 200 in 61ms
 GET /api/realtime 200 in 60ms
 GET /api/realtime 200 in 63ms
 GET /api/realtime 200 in 60ms
 GET /api/realtime 200 in 60ms
 GET /api/realtime 200 in 63ms
 GET /api/realtime 200 in 62ms
 GET /api/realtime 200 in 56ms
 GET /api/realtime 200 in 55ms
 GET /api/realtime 200 in 58ms
 GET /api/realtime 200 in 57ms
 GET /api/realtime 200 in 58ms
 GET /api/realtime 200 in 55ms
 GET /api/realtime 200 in 56ms
 GET /api/realtime 200 in 59ms
 GET /api/realtime 200 in 65ms
 GET /api/realtime 200 in 58ms
 GET /api/realtime 200 in 56ms
 GET /api/realtime 200 in 60ms
 GET /api/realtime 200 in 59ms
 GET /api/realtime 200 in 60ms
 GET /api/realtime 200 in 59ms
 GET /api/realtime 200 in 60ms
 GET /api/realtime 200 in 59ms
 GET /api/realtime 200 in 61ms
 GET /api/realtime 200 in 60ms
 GET /api/realtime 200 in 64ms
 GET /api/realtime 200 in 61ms
 GET /api/realtime 200 in 57ms
 GET /api/realtime 200 in 58ms
 GET /api/realtime 200 in 66ms
 GET /api/realtime 200 in 59ms
 GET /api/realtime 200 in 60ms
 GET /api/realtime 200 in 58ms
 GET /api/realtime 200 in 63ms
 GET /api/realtime 200 in 60ms
 GET /api/realtime 200 in 58ms
 GET /api/realtime 200 in 57ms
 GET /api/realtime 200 in 58ms
 GET /api/realtime 200 in 64ms
 GET /api/realtime 200 in 62ms
 GET /api/realtime 200 in 58ms
 GET /api/realtime 200 in 63ms
 GET /api/realtime 200 in 83ms
 GET /api/realtime 200 in 141ms
 GET / 200 in 204ms
 GET /api/realtime 200 in 65ms
 GET /api/realtime 200 in 69ms
 GET /api/realtime 200 in 66ms
 GET /api/realtime 200 in 65ms
 GET /api/realtime 200 in 96ms
 GET /api/auth/session 200 in 140ms
 GET /api/realtime 200 in 127ms
 GET /api/auth/session 200 in 107ms
 GET /api/realtime 200 in 126ms
 GET /api/auth/session 200 in 95ms
 GET /api/realtime 200 in 113ms
 GET /api/auth/session 200 in 113ms
 GET /api/realtime 200 in 117ms
 GET /api/auth/session 200 in 101ms
 GET /api/realtime 200 in 86ms
 GET /api/realtime 200 in 65ms
 GET /api/realtime 200 in 62ms
 GET /api/realtime 200 in 61ms
 GET /api/realtime 200 in 56ms
 GET /api/realtime 200 in 59ms
 GET /api/realtime 200 in 58ms
 GET /api/realtime 200 in 58ms
 GET /api/realtime 200 in 57ms
 GET /api/realtime 200 in 59ms
 GET /api/realtime 200 in 58ms
 GET /api/realtime 200 in 57ms
 GET /api/realtime 200 in 62ms
 GET /api/realtime 200 in 60ms
 GET /api/realtime 200 in 57ms
 GET /api/realtime 200 in 58ms
 GET /api/realtime 200 in 61ms
 GET /api/realtime 200 in 58ms
 GET /api/realtime 200 in 61ms
 GET /api/realtime 200 in 56ms
 GET /api/realtime 200 in 59ms
 GET /api/realtime 200 in 57ms
 GET /api/realtime 200 in 57ms
 GET /api/realtime 200 in 61ms
 GET /api/realtime 200 in 57ms
 GET /api/realtime 200 in 59ms
 GET /api/realtime 200 in 61ms
 GET /api/realtime 200 in 61ms
 GET /api/realtime 200 in 60ms
 GET /api/realtime 200 in 61ms
 GET /api/realtime 200 in 63ms
 GET /api/realtime 200 in 63ms
 GET /api/realtime 200 in 59ms
 GET /api/realtime 200 in 57ms
 GET /api/realtime 200 in 57ms
 GET /api/realtime 200 in 57ms
 GET /api/realtime 200 in 60ms
 GET /api/realtime 200 in 56ms
 GET /api/realtime 200 in 56ms
 GET /api/realtime 200 in 57ms
 GET /api/realtime 200 in 60ms
 GET /api/realtime 200 in 61ms
 GET /api/realtime 200 in 60ms
 GET /api/realtime 200 in 58ms
 GET /api/realtime 200 in 57ms
 GET /api/realtime 200 in 57ms
 GET /api/realtime 200 in 56ms
 GET /api/realtime 200 in 61ms
 GET /api/realtime 200 in 60ms
 GET /api/realtime 200 in 57ms
 GET /api/realtime 200 in 56ms
 GET /api/realtime 200 in 57ms
 GET /api/realtime 200 in 56ms
 GET /api/realtime 200 in 58ms
 GET /api/realtime 200 in 55ms
 GET /api/realtime 200 in 58ms
 GET /api/realtime 200 in 61ms
 GET /api/realtime 200 in 64ms
 GET /api/realtime 200 in 69ms
 GET /api/realtime 200 in 63ms
 GET /api/realtime 200 in 60ms
 GET /api/realtime 200 in 58ms
 GET /api/realtime 200 in 57ms
 GET /api/realtime 200 in 63ms
 GET /api/realtime 200 in 63ms
 GET /api/realtime 200 in 64ms
 GET /api/realtime 200 in 60ms
 GET /api/realtime 200 in 61ms
 GET /api/realtime 200 in 60ms
 GET /api/realtime 200 in 59ms
 GET /api/realtime 200 in 57ms
 GET /api/realtime 200 in 55ms
 GET /api/realtime 200 in 55ms
 GET /api/realtime 200 in 61ms
 GET /api/realtime 200 in 60ms
 GET /api/realtime 200 in 59ms
 GET /api/realtime 200 in 63ms
 GET /api/realtime 200 in 57ms
 GET /api/realtime 200 in 58ms
 GET /api/realtime 200 in 60ms
 GET /api/realtime 200 in 61ms
 GET /api/realtime 200 in 57ms
 GET /api/realtime 200 in 58ms
 GET /api/realtime 200 in 57ms
 GET /api/realtime 200 in 61ms
 GET /api/realtime 200 in 61ms
 GET /api/realtime 200 in 61ms
 GET /api/realtime 200 in 62ms
 GET /api/realtime 200 in 63ms
 GET /api/realtime 200 in 66ms
 GET /api/realtime 200 in 59ms
 GET /api/realtime 200 in 64ms
 GET /api/realtime 200 in 64ms
 GET /api/realtime 200 in 68ms
 GET /api/realtime 200 in 65ms
 GET /api/realtime 200 in 68ms
 GET /api/realtime 200 in 69ms
 GET /api/realtime 200 in 63ms
 GET /api/realtime 200 in 65ms
 GET /api/realtime 200 in 72ms
 GET /api/realtime 200 in 61ms
 GET /api/realtime 200 in 63ms
 GET /api/realtime 200 in 63ms
 GET /api/realtime 200 in 62ms
 GET /api/realtime 200 in 66ms
 GET /api/realtime 200 in 60ms
 GET /api/realtime 200 in 63ms
 GET /api/realtime 200 in 61ms
 GET /api/realtime 200 in 62ms
 GET /api/realtime 200 in 57ms
 GET /api/realtime 200 in 61ms
 GET /api/realtime 200 in 57ms
 GET /api/realtime 200 in 55ms
 GET /api/realtime 200 in 57ms
 GET /api/realtime 200 in 56ms
 GET /api/realtime 200 in 56ms
 GET /api/realtime 200 in 55ms
 GET /api/realtime 200 in 58ms
 GET /api/realtime 200 in 60ms
 GET /api/realtime 200 in 56ms
 GET /api/realtime 200 in 60ms
 GET /api/realtime 200 in 60ms
 GET /api/realtime 200 in 57ms
 GET /api/realtime 200 in 56ms
 GET /api/realtime 200 in 58ms
 GET /api/realtime 200 in 56ms
 GET /api/realtime 200 in 60ms
 GET /api/realtime 200 in 97ms
 GET /api/auth/session 200 in 134ms
 GET /api/realtime 200 in 118ms
 GET /api/auth/session 200 in 100ms
 GET /api/realtime 200 in 86ms
 GET /api/realtime 200 in 58ms
 GET /api/realtime 200 in 105ms
 GET /api/auth/session 200 in 129ms
 GET /api/realtime 200 in 80ms
 GET /api/realtime 200 in 58ms
 GET /api/realtime 200 in 57ms
 GET /api/realtime 200 in 60ms
 GET /api/realtime 200 in 66ms
 GET /api/realtime 200 in 59ms
 GET /api/realtime 200 in 57ms
 GET /api/realtime 200 in 55ms
 GET /api/realtime 200 in 57ms
 GET /api/realtime 200 in 55ms
 GET /api/realtime 200 in 58ms
 GET /api/realtime 200 in 60ms
 GET /api/realtime 200 in 57ms
 GET /api/realtime 200 in 56ms
 GET /api/realtime 200 in 57ms
 GET /api/realtime 200 in 56ms
 GET /api/realtime 200 in 57ms
 GET /api/realtime 200 in 58ms
 GET /api/realtime 200 in 59ms
 GET /api/realtime 200 in 69ms
 GET /api/realtime 200 in 57ms
 GET /api/realtime 200 in 61ms
 GET /api/realtime 200 in 68ms
 GET /api/realtime 200 in 65ms
 GET /api/realtime 200 in 59ms
 GET /api/realtime 200 in 58ms
 GET /api/realtime 200 in 66ms
 GET /api/realtime 200 in 63ms
 GET /api/realtime 200 in 64ms
 GET /api/realtime 200 in 63ms
 GET /api/realtime 200 in 61ms
 GET /api/realtime 200 in 67ms
 GET /api/realtime 200 in 66ms
 GET /api/realtime 200 in 85ms
 GET /api/realtime 200 in 63ms
 GET /api/realtime 200 in 66ms
 GET /api/realtime 200 in 61ms
 GET /api/realtime 200 in 68ms
 GET /api/realtime 200 in 63ms
 GET /api/realtime 200 in 61ms
 GET /api/realtime 200 in 69ms
 GET /api/realtime 200 in 62ms
 GET /api/realtime 200 in 60ms
 GET /api/realtime 200 in 65ms
 GET /api/realtime 200 in 63ms
 GET /api/realtime 200 in 66ms
 GET /api/realtime 200 in 70ms
 GET /api/realtime 200 in 65ms
 GET /api/realtime 200 in 59ms
 GET /api/realtime 200 in 62ms
 GET /api/realtime 200 in 59ms
 GET /api/realtime 200 in 59ms
 GET /api/realtime 200 in 59ms
 GET /api/realtime 200 in 61ms
 GET /api/realtime 200 in 83ms
 GET /api/realtime 200 in 75ms
 GET /api/realtime 200 in 83ms
 GET /api/realtime 200 in 79ms
 GET /api/realtime 200 in 75ms
 GET /api/realtime 200 in 76ms
 GET /api/realtime 200 in 73ms
 GET /api/realtime 200 in 117ms
 GET /api/realtime 200 in 59ms
 GET /api/realtime 200 in 67ms
 GET /api/realtime 200 in 56ms
 GET /api/realtime 200 in 61ms
 GET /api/realtime 200 in 61ms
 GET /api/realtime 200 in 61ms
 GET /api/realtime 200 in 57ms
 GET /api/realtime 200 in 56ms
 GET /api/realtime 200 in 62ms
 GET /api/realtime 200 in 56ms
 GET /api/realtime 200 in 58ms
 GET /api/realtime 200 in 63ms
 GET /api/realtime 200 in 60ms
 GET /api/realtime 200 in 56ms
 GET /api/realtime 200 in 58ms
 GET /api/realtime 200 in 55ms
 GET /api/realtime 200 in 57ms
 GET /api/realtime 200 in 60ms
 GET /api/realtime 200 in 57ms
 GET /api/realtime 200 in 63ms
 GET /api/realtime 200 in 57ms
 GET /api/realtime 200 in 62ms
 GET /api/realtime 200 in 58ms
 GET /api/realtime 200 in 59ms
 GET /api/realtime 200 in 63ms
 GET /api/realtime 200 in 60ms
 GET /api/realtime 200 in 55ms
 GET /api/realtime 200 in 58ms
 GET /api/realtime 200 in 56ms
 GET /api/realtime 200 in 56ms
 GET /api/realtime 200 in 56ms
 GET /api/realtime 200 in 60ms
 GET /api/realtime 200 in 62ms
 GET /api/realtime 200 in 62ms
 GET /api/realtime 200 in 62ms
 GET /api/realtime 200 in 62ms
 GET /api/realtime 200 in 54ms
 GET /api/realtime 200 in 55ms
 GET /api/realtime 200 in 57ms
 GET /api/realtime 200 in 60ms
 GET /api/realtime 200 in 62ms
 GET /api/realtime 200 in 61ms
 GET /api/realtime 200 in 59ms
 GET /api/realtime 200 in 55ms
 GET /api/realtime 200 in 58ms
 GET /api/realtime 200 in 62ms
 GET /api/realtime 200 in 57ms
 GET /api/realtime 200 in 55ms
 GET /api/realtime 200 in 55ms
 GET /api/realtime 200 in 54ms
 GET /api/realtime 200 in 54ms
 GET /api/realtime 200 in 57ms
 GET /api/realtime 200 in 54ms
 GET /api/realtime 200 in 59ms
 GET /api/realtime 200 in 59ms
 GET /api/realtime 200 in 57ms
 GET /api/realtime 200 in 59ms
 GET /api/realtime 200 in 58ms
 GET /api/realtime 200 in 59ms
 GET /api/realtime 200 in 59ms
 GET /api/realtime 200 in 57ms
 GET /api/realtime 200 in 56ms
 GET /api/realtime 200 in 57ms
 GET /api/realtime 200 in 58ms
 GET /api/realtime 200 in 57ms
 GET /api/realtime 200 in 55ms
 GET /api/realtime 200 in 56ms
 GET /api/realtime 200 in 55ms
 GET /api/realtime 200 in 60ms
 GET /api/realtime 200 in 61ms
 GET /api/realtime 200 in 57ms
 GET /api/realtime 200 in 60ms
 GET /api/realtime 200 in 60ms
 GET /api/realtime 200 in 61ms
 GET /api/realtime 200 in 59ms
 GET /api/realtime 200 in 55ms
 GET /api/realtime 200 in 55ms
 GET /api/realtime 200 in 53ms
 GET /api/realtime 200 in 58ms
 GET /api/realtime 200 in 55ms
 GET /api/realtime 200 in 57ms
 GET /api/realtime 200 in 56ms
 GET /api/realtime 200 in 86ms
 GET /api/auth/session 200 in 136ms
 GET /api/realtime 200 in 122ms
 GET /api/auth/session 200 in 101ms
 GET /api/realtime 200 in 86ms
 GET /api/realtime 200 in 65ms
 GET /api/auth/session 200 in 128ms
 GET /api/realtime 200 in 139ms
 GET /api/auth/session 200 in 98ms
 GET /api/realtime 200 in 94ms
 GET /api/realtime 200 in 64ms
 GET /api/realtime 200 in 58ms
 GET /api/realtime 200 in 61ms
 GET /api/realtime 200 in 59ms
 GET /api/realtime 200 in 53ms
 GET /api/realtime 200 in 56ms
 GET /api/realtime 200 in 57ms
 GET /api/realtime 200 in 56ms
 GET /api/realtime 200 in 63ms
 GET /api/realtime 200 in 57ms
 GET /api/realtime 200 in 60ms
 GET /api/realtime 200 in 61ms
 GET /api/realtime 200 in 60ms
 GET /api/realtime 200 in 56ms
 GET /api/realtime 200 in 59ms
 GET /api/realtime 200 in 57ms
 GET /api/realtime 200 in 67ms
 GET /api/realtime 200 in 73ms
 GET /api/realtime 200 in 64ms
 GET /api/realtime 200 in 65ms
 GET /api/realtime 200 in 64ms
 GET /api/realtime 200 in 60ms
 GET /api/realtime 200 in 56ms
 GET /api/realtime 200 in 61ms
 GET /api/realtime 200 in 64ms
 GET /api/realtime 200 in 58ms
 GET /api/realtime 200 in 62ms
 GET /api/realtime 200 in 64ms
 GET /api/realtime 200 in 66ms
 GET /api/realtime 200 in 59ms
 GET /api/realtime 200 in 58ms
 GET /api/realtime 200 in 66ms
 GET /api/realtime 200 in 60ms
 GET /api/realtime 200 in 60ms
 GET /api/realtime 200 in 60ms
 GET /api/realtime 200 in 63ms
 GET /api/realtime 200 in 65ms
 GET /api/realtime 200 in 67ms
 GET /api/realtime 200 in 60ms
 GET /api/realtime 200 in 58ms
 GET /api/realtime 200 in 56ms
 GET /api/realtime 200 in 58ms
 GET /api/realtime 200 in 61ms
 GET /api/realtime 200 in 65ms
 GET /api/realtime 200 in 58ms
 GET /api/realtime 200 in 57ms
 GET /api/realtime 200 in 58ms
 GET /api/realtime 200 in 64ms
 GET /api/realtime 200 in 68ms
 GET /api/realtime 200 in 61ms
 GET /api/realtime 200 in 69ms
 GET /api/realtime 200 in 65ms
 GET /api/realtime 200 in 58ms
 GET /api/realtime 200 in 61ms
 GET /api/realtime 200 in 60ms
 GET /api/realtime 200 in 59ms
 GET /api/realtime 200 in 60ms
 GET /api/realtime 200 in 57ms
 GET /api/realtime 200 in 56ms
 GET /api/realtime 200 in 55ms
 GET /api/realtime 200 in 57ms
 GET /api/realtime 200 in 63ms
 GET /api/realtime 200 in 73ms
 GET /api/realtime 200 in 70ms
 GET /api/realtime 200 in 65ms
 GET /api/realtime 200 in 58ms
 GET /api/realtime 200 in 57ms
 GET /api/realtime 200 in 60ms
 GET /api/realtime 200 in 62ms
 GET /api/realtime 200 in 68ms
 GET /api/realtime 200 in 66ms
 GET /api/realtime 200 in 64ms
 GET /api/realtime 200 in 57ms
 GET /api/realtime 200 in 54ms
 GET /api/realtime 200 in 57ms
 GET /api/realtime 200 in 63ms
 GET /api/realtime 200 in 60ms
 GET /api/realtime 200 in 55ms
 GET /api/realtime 200 in 59ms
 GET /api/realtime 200 in 61ms
 GET /api/realtime 200 in 57ms
 GET /api/realtime 200 in 59ms
 GET /api/realtime 200 in 58ms
 GET /api/realtime 200 in 57ms
 GET /api/realtime 200 in 56ms
 GET /api/realtime 200 in 56ms
 GET /api/realtime 200 in 57ms
 GET /api/realtime 200 in 54ms
 GET /api/realtime 200 in 55ms
 GET /api/realtime 200 in 60ms
 GET /api/realtime 200 in 59ms
 GET /api/realtime 200 in 57ms
 GET /api/realtime 200 in 60ms
 GET /api/realtime 200 in 58ms
 GET /api/realtime 200 in 58ms
 GET /api/realtime 200 in 60ms
 GET /api/realtime 200 in 61ms
 GET /api/realtime 200 in 55ms
 GET /api/realtime 200 in 58ms
 GET /api/realtime 200 in 55ms
 GET /api/realtime 200 in 57ms
 GET /api/realtime 200 in 65ms
 GET /api/realtime 200 in 58ms
 GET /api/realtime 200 in 56ms
 GET /api/realtime 200 in 60ms
 GET /api/realtime 200 in 56ms
 GET /api/realtime 200 in 56ms
 GET /api/realtime 200 in 56ms
 GET /api/realtime 200 in 58ms
 GET /api/realtime 200 in 60ms
 GET /api/realtime 200 in 57ms
 GET /api/realtime 200 in 64ms
 GET /api/realtime 200 in 69ms
 GET /api/realtime 200 in 57ms
 GET /api/realtime 200 in 60ms
 GET /api/realtime 200 in 57ms
 GET /api/realtime 200 in 60ms
 GET /api/realtime 200 in 66ms
 GET /api/realtime 200 in 61ms
 GET /api/realtime 200 in 61ms
 GET /api/realtime 200 in 58ms
 GET /api/realtime 200 in 59ms
 GET /api/realtime 200 in 58ms
 GET /api/realtime 200 in 55ms
 GET /api/realtime 200 in 60ms
 GET /api/realtime 200 in 64ms
 GET /api/realtime 200 in 64ms
 GET /api/realtime 200 in 57ms
 GET /api/realtime 200 in 57ms
 GET /api/realtime 200 in 66ms
 GET /api/realtime 200 in 62ms
 GET /api/realtime 200 in 59ms
 GET /api/realtime 200 in 57ms
 GET /api/realtime 200 in 60ms
 GET /api/realtime 200 in 62ms
 GET /api/realtime 200 in 64ms
 GET /api/realtime 200 in 63ms
 GET /api/realtime 200 in 58ms
 GET /api/realtime 200 in 58ms
 GET /api/realtime 200 in 59ms
 GET /api/realtime 200 in 70ms
 GET /api/realtime 200 in 66ms
 GET /api/realtime 200 in 58ms
 GET /api/realtime 200 in 58ms
 GET /api/realtime 200 in 64ms
 GET /api/realtime 200 in 67ms
 GET /api/realtime 200 in 58ms
 GET /api/realtime 200 in 64ms
 GET /api/realtime 200 in 58ms
 GET /api/realtime 200 in 59ms
 GET /api/realtime 200 in 70ms
 GET /api/realtime 200 in 61ms
 GET /api/realtime 200 in 58ms
 GET /api/realtime 200 in 58ms
 GET /api/realtime 200 in 63ms
 GET /api/realtime 200 in 63ms
 GET /api/realtime 200 in 71ms
 GET /api/realtime 200 in 65ms
 GET /api/realtime 200 in 69ms
 GET /api/realtime 200 in 61ms
 GET /api/realtime 200 in 59ms
 GET /api/realtime 200 in 57ms
 GET /api/realtime 200 in 59ms
 GET /api/realtime 200 in 58ms
 GET /api/realtime 200 in 60ms
 GET /api/realtime 200 in 57ms
 GET /api/realtime 200 in 61ms
 GET /api/realtime 200 in 61ms
 GET /api/realtime 200 in 68ms
 GET /api/realtime 200 in 58ms
 GET /api/realtime 200 in 57ms
 GET /api/realtime 200 in 62ms
 GET /api/realtime 200 in 57ms
 GET /api/realtime 200 in 62ms
 GET /api/realtime 200 in 61ms
 GET /api/realtime 200 in 59ms
 GET /api/realtime 200 in 66ms
 GET /api/realtime 200 in 68ms
 GET /api/realtime 200 in 57ms
 GET /api/realtime 200 in 61ms
 GET /api/realtime 200 in 66ms
 GET /api/realtime 200 in 62ms
 GET /api/realtime 200 in 57ms
 GET /api/realtime 200 in 57ms
 GET /api/realtime 200 in 66ms
 GET /api/realtime 200 in 70ms
 GET /api/realtime 200 in 67ms
 GET /api/realtime 200 in 60ms
 GET /api/realtime 200 in 61ms
 GET /api/realtime 200 in 64ms
 GET /api/realtime 200 in 68ms
 GET /api/realtime 200 in 66ms
 GET /api/realtime 200 in 67ms
 GET /api/realtime 200 in 63ms
 GET /api/realtime 200 in 64ms
 GET /api/realtime 200 in 58ms
 GET /api/realtime 200 in 62ms
 GET /api/realtime 200 in 67ms
 GET /api/realtime 200 in 66ms
 GET /api/realtime 200 in 70ms
 GET /api/realtime 200 in 64ms
 GET /api/realtime 200 in 61ms
 GET /api/realtime 200 in 59ms
 GET /api/realtime 200 in 62ms
 GET /api/realtime 200 in 59ms
 GET /api/realtime 200 in 59ms
 GET /api/realtime 200 in 60ms
 GET /api/realtime 200 in 62ms
 GET /api/realtime 200 in 63ms
 GET /api/realtime 200 in 68ms
 GET /api/realtime 200 in 67ms
 GET /api/realtime 200 in 66ms
 GET /api/realtime 200 in 69ms
 GET /api/realtime 200 in 67ms
 GET /api/realtime 200 in 75ms
 GET /api/realtime 200 in 72ms
 GET /api/realtime 200 in 61ms
 GET /api/realtime 200 in 57ms
 GET /api/realtime 200 in 59ms
 GET /api/realtime 200 in 57ms
 GET /api/realtime 200 in 57ms
 GET /api/realtime 200 in 61ms
 GET /api/realtime 200 in 62ms
 GET /api/realtime 200 in 61ms
 GET /api/realtime 200 in 65ms
 GET /api/realtime 200 in 65ms
 GET /api/realtime 200 in 62ms
 GET /api/realtime 200 in 61ms
 GET /api/realtime 200 in 57ms
 GET /api/realtime 200 in 56ms
 GET /api/realtime 200 in 58ms
 GET /api/realtime 200 in 57ms
 GET /api/realtime 200 in 55ms
 GET /api/realtime 200 in 68ms
 GET /api/realtime 200 in 60ms
 GET /api/realtime 200 in 55ms
 GET /api/realtime 200 in 59ms
 GET /api/realtime 200 in 59ms
 GET /api/realtime 200 in 61ms
 GET /api/realtime 200 in 60ms
 GET /api/realtime 200 in 58ms
 GET /api/realtime 200 in 58ms
 GET /api/realtime 200 in 57ms
 GET /api/realtime 200 in 62ms
 GET /api/realtime 200 in 63ms
 GET /api/realtime 200 in 59ms
 GET /api/realtime 200 in 60ms
 GET /api/realtime 200 in 56ms
 GET /api/realtime 200 in 62ms
 GET /api/realtime 200 in 66ms
 GET /api/realtime 200 in 64ms
 GET /api/realtime 200 in 70ms
 GET /api/realtime 200 in 58ms
 GET /api/realtime 200 in 66ms
 GET /api/realtime 200 in 60ms
 GET /api/realtime 200 in 58ms
 GET /api/realtime 200 in 57ms
 GET /api/realtime 200 in 61ms
 GET /api/realtime 200 in 63ms
 GET /api/realtime 200 in 60ms
 GET /api/realtime 200 in 60ms
 GET /api/realtime 200 in 60ms
 GET /api/realtime 200 in 57ms
 GET /api/realtime 200 in 60ms
 GET /api/realtime 200 in 61ms
 GET /api/realtime 200 in 78ms
 GET /api/realtime 200 in 69ms
 GET /api/realtime 200 in 66ms
 GET /api/realtime 200 in 64ms
 GET /api/realtime 200 in 65ms
 GET /api/realtime 200 in 59ms
 GET /api/realtime 200 in 64ms
 GET /api/realtime 200 in 66ms
 GET /api/realtime 200 in 61ms
 GET /api/realtime 200 in 63ms
 GET /api/realtime 200 in 60ms
 GET /api/realtime 200 in 57ms
 GET /api/realtime 200 in 59ms
 GET /api/realtime 200 in 59ms
 GET /api/realtime 200 in 58ms
 GET /api/realtime 200 in 61ms
[?25h
