  ▲ Next.js 14.2.28
  - Local:        http://localhost:3000
  - Environments: .env
  - Experiments (use with caution):
    · outputFileTracingRoot

 ✓ Starting...
 ✓ Ready in 1710ms
 ○ Compiling / ...
 ✓ Compiled / in 2.3s (611 modules)
 GET / 200 in 2998ms
 ✓ Compiled in 649ms (297 modules)
 ✓ Compiled /api/auth/[...nextauth] in 482ms (555 modules)
 GET /api/auth/providers 200 in 1019ms
 GET / 200 in 148ms
 GET /api/auth/session 200 in 90ms
 GET /api/auth/session 200 in 80ms
 ○ Compiling /login ...
 ✓ Compiled /login in 1744ms (912 modules)
 GET / 200 in 1989ms
 GET /signup 200 in 2082ms
 GET /login 200 in 2052ms
 GET / 200 in 123ms
 GET / 200 in 127ms
 GET /api/auth/session 200 in 188ms
 GET /api/auth/session 200 in 72ms
 GET /api/auth/session 200 in 356ms
 GET /api/auth/session 200 in 98ms
 GET /api/auth/session 200 in 87ms
 GET /api/auth/session 200 in 142ms
 GET /api/auth/session 200 in 76ms
 GET /api/auth/session 200 in 89ms
 GET /api/auth/session 200 in 99ms
 GET /api/auth/session 200 in 76ms
 GET /api/auth/session 200 in 78ms
 GET /api/auth/session 200 in 106ms
 GET /api/auth/session 200 in 73ms
 GET /api/auth/session 200 in 73ms
 GET /api/auth/session 200 in 91ms
 GET /api/auth/session 200 in 75ms
 GET /api/auth/session 200 in 81ms
 GET /api/auth/session 200 in 115ms
 GET /api/auth/session 200 in 76ms
 GET /api/auth/session 200 in 75ms
 GET /api/auth/session 200 in 92ms
 GET /api/auth/session 200 in 82ms
 GET /api/auth/csrf 200 in 90ms
 ✓ Compiled /api/signup in 164ms (619 modules)
 POST /api/signup 200 in 676ms
 GET / 200 in 124ms
 GET /api/auth/signin 302 in 99ms
 GET /login?callbackUrl=https://2aa0dff87.preview.abacusai.app 200 in 99ms
 GET /api/auth/csrf 200 in 85ms
 POST /api/auth/callback/credentials 302 in 388ms
 ✓ Compiled /middleware in 359ms (174 modules)
 ○ Compiling /dashboard ...
 ✓ Compiled /dashboard in 1451ms (1897 modules)
 GET /dashboard 200 in 1782ms
 GET / 200 in 179ms
 GET /dashboard 200 in 153ms
 GET /api/auth/session 200 in 121ms
 ✓ Compiled /api/realtime in 268ms (1108 modules)
 ✓ Compiled (1111 modules)
 GET /api/auth/session 200 in 786ms
 GET /api/notifications?limit=10 200 in 832ms
 GET /api/realtime 200 in 508ms
 GET /api/auth/session 200 in 158ms
 GET /api/notifications?limit=10 200 in 173ms
 GET /api/realtime 200 in 181ms
 GET /api/auth/session 200 in 171ms
 GET /api/notifications?limit=10 200 in 186ms
 GET /api/realtime 200 in 185ms
 GET /api/auth/session 200 in 148ms
 GET /api/realtime 200 in 180ms
 GET /api/notifications?limit=10 200 in 181ms
 GET /api/auth/session 200 in 123ms
 GET /api/realtime 200 in 127ms
 GET /api/realtime 200 in 92ms
 GET /api/realtime 200 in 96ms
 GET /api/realtime 200 in 100ms
 GET /api/realtime 200 in 116ms
 GET /api/realtime 200 in 112ms
 GET /api/realtime 200 in 92ms
 GET /api/realtime 200 in 94ms
 GET /api/realtime 200 in 97ms
 GET /api/realtime 200 in 90ms
 GET /api/realtime 200 in 93ms
 GET /api/realtime 200 in 101ms
 GET /api/realtime 200 in 109ms
 GET /api/realtime 200 in 99ms
 GET /api/realtime 200 in 353ms
 GET /api/realtime 200 in 106ms
 GET /api/realtime 200 in 96ms
 GET /api/realtime 200 in 92ms
 GET /api/realtime 200 in 75ms
 GET /api/realtime 200 in 4084ms
 ○ Compiling /tasks ...
 ✓ Compiled /tasks in 3s (3551 modules)
 GET /meetings 200 in 5085ms
 GET /budget 200 in 5068ms
 GET /projects/new 200 in 4959ms
 GET /settings 200 in 5052ms
 GET /documents 200 in 5037ms
 GET /projects 200 in 5090ms
 GET /team 200 in 5090ms
 GET /rfis 200 in 5035ms
 GET /reports 200 in 5041ms
 GET /daily-reports 200 in 4964ms
 GET /company 200 in 5045ms
 GET /equipment 200 in 5102ms
 GET /safety 200 in 4974ms
 GET /tasks 200 in 4976ms
 GET /projects/project-riverside-homes 200 in 5028ms
 GET /projects/project-mall-renovation 200 in 5029ms
 GET /projects/project-downtown-office 200 in 4974ms
 GET /api/notifications?limit=10 200 in 372ms
 GET /api/realtime 200 in 207ms
 GET /api/auth/session 200 in 492ms
 GET /api/realtime 200 in 756ms
 GET /api/realtime 200 in 622ms
 GET /api/realtime 200 in 779ms
 GET /api/realtime 200 in 851ms
 GET /api/realtime 200 in 627ms
 GET /api/notifications?limit=10 200 in 898ms
 GET /api/realtime 200 in 665ms
 GET /api/realtime 200 in 726ms
 GET /api/auth/session 200 in 841ms
 GET /api/realtime 200 in 786ms
 ○ Compiling /api/company/stats ...
 GET /api/realtime 200 in 2552ms
 GET /api/realtime 200 in 3638ms
 GET /api/realtime 200 in 2558ms
 GET /api/realtime 200 in 3700ms
 GET /api/realtime 200 in 3603ms
 GET /api/realtime 200 in 2559ms
 GET /api/realtime 200 in 2721ms
 GET /api/realtime 200 in 3753ms
 ✓ Compiled /api/company/stats in 3s (1962 modules)
 GET /api/realtime 200 in 3825ms
 GET /api/realtime 200 in 3362ms
 GET /api/realtime 200 in 4388ms
 GET /api/realtime 200 in 3616ms
 GET /api/realtime 200 in 3825ms
 GET /api/realtime 200 in 4549ms
 GET /api/auth/session 200 in 291ms
 GET /api/notifications?limit=10 200 in 1538ms
 GET /api/notifications?limit=10 200 in 1539ms
 GET /api/notifications?limit=10 200 in 1540ms
 GET /api/notifications?limit=10 200 in 1539ms
 GET /api/realtime 200 in 4221ms
 GET /api/auth/session 200 in 166ms
 GET /api/realtime 200 in 178ms
 GET /api/auth/session 200 in 138ms
 GET /api/realtime 200 in 136ms
 GET /api/auth/session 200 in 179ms
 GET /api/realtime 200 in 195ms
 GET /api/realtime 200 in 118ms
 GET /api/realtime 200 in 120ms
 GET /api/realtime 200 in 111ms
 GET /api/realtime 200 in 110ms
 GET /api/realtime 200 in 112ms
 GET /api/realtime 200 in 101ms
 GET /api/realtime 200 in 95ms
 GET /api/realtime 200 in 102ms
 GET /api/realtime 200 in 91ms
 GET /api/realtime 200 in 94ms
 GET /api/realtime 200 in 144ms
 GET /api/realtime 200 in 114ms
 GET /api/realtime 200 in 100ms
 GET /api/realtime 200 in 98ms
 GET /api/realtime 200 in 100ms
 GET /api/realtime 200 in 7882ms
 ○ Compiling /change-orders ...
 ✓ Compiled /change-orders in 2.9s (3639 modules)
 GET /company/settings 307 in 3326ms
 GET /change-orders 200 in 3320ms
 GET /company/team 200 in 3357ms
 GET /company/invitations 200 in 3357ms
 GET /company/usage 200 in 3332ms
 GET /submittals 200 in 3331ms
 GET /dashboard 200 in 257ms
 ○ Compiling /api/company/invitations ...
 ✓ Compiled /api/company/invitations in 779ms (2020 modules)
 GET /api/auth/session 200 in 1649ms
 GET /api/notifications?limit=10 200 in 1610ms
 GET /api/company/invitations? 200 in 1794ms
 GET /api/realtime 200 in 1397ms
 GET /api/realtime 200 in 1398ms
 GET /api/realtime 200 in 1337ms
 GET /api/auth/session 200 in 272ms
 GET /api/notifications?limit=10 200 in 275ms
 GET /api/company/invitations? 200 in 245ms
 GET /api/realtime 200 in 236ms
 GET /api/realtime 200 in 237ms
 GET /api/realtime 200 in 243ms
 GET /api/auth/session 200 in 154ms
 GET /api/notifications?limit=10 200 in 177ms
 GET /api/company/invitations? 200 in 183ms
 GET /api/realtime 200 in 212ms
 GET /api/realtime 200 in 204ms
 GET /api/realtime 200 in 226ms
 GET /api/auth/session 200 in 194ms
 GET /api/notifications?limit=10 200 in 228ms
 GET /api/realtime 200 in 106ms
 GET /api/company/invitations? 200 in 238ms
 GET /api/realtime 200 in 262ms
 GET /api/realtime 200 in 248ms
 GET /api/auth/session 200 in 260ms
 GET /api/notifications?limit=10 200 in 279ms
 GET /api/realtime 200 in 289ms
 GET /api/realtime 200 in 254ms
 GET /api/realtime 200 in 224ms
 GET /api/notifications?limit=10 200 in 238ms
 GET /api/auth/session 200 in 251ms
 GET /api/realtime 200 in 333ms
 GET /api/realtime 200 in 219ms
 GET /api/realtime 200 in 238ms
 GET /api/auth/session 200 in 184ms
 GET /api/notifications?limit=10 200 in 235ms
 GET /api/realtime 200 in 119ms
 GET /api/realtime 200 in 203ms
 GET /api/realtime 200 in 211ms
 GET /api/auth/session 200 in 251ms
 GET /api/notifications?limit=10 200 in 239ms
 GET /api/realtime 200 in 255ms
 GET /api/realtime 200 in 238ms
 GET /api/realtime 200 in 310ms
 GET /api/realtime 200 in 3744ms
 GET /api/realtime 200 in 124ms
 GET /api/realtime 200 in 3733ms
 GET /api/auth/session 200 in 226ms
 GET /api/notifications?limit=10 200 in 236ms
 GET /api/realtime 200 in 205ms
 GET /api/notifications?limit=10 200 in 176ms
 GET /api/auth/session 200 in 180ms
 GET /api/realtime 200 in 4065ms
 GET /api/realtime 200 in 161ms
 GET /api/notifications?limit=10 200 in 117ms
 GET /api/auth/session 200 in 173ms
 GET /api/auth/session 200 in 73ms
 GET /api/auth/session 200 in 79ms
 GET /api/auth/session 200 in 118ms
 GET /api/auth/session 200 in 75ms
 GET /api/auth/session 200 in 81ms
 ✓ Compiled in 1204ms (1637 modules)
 ✓ Compiled in 732ms (1637 modules)
[?25h
