  ▲ Next.js 14.2.28
  - Local:        http://localhost:3000
  - Environments: .env
  - Experiments (use with caution):
    · outputFileTracingRoot

 ✓ Starting...
 ✓ Ready in 1742ms
 ○ Compiling / ...
 ✓ Compiled / in 1959ms (596 modules)
 GET / 200 in 2526ms
 ✓ Compiled in 566ms (296 modules)
 ✓ Compiled /api/auth/[...nextauth] in 445ms (541 modules)
 GET /api/auth/providers 200 in 941ms
 GET / 200 in 112ms
 GET /api/auth/session 200 in 70ms
 GET /api/auth/session 200 in 56ms
 ○ Compiling /signup ...
 ✓ Compiled /signup in 772ms (881 modules)
 GET /login 200 in 977ms
 GET /signup 200 in 975ms
 GET /api/auth/session 200 in 81ms
 GET /api/auth/session 200 in 64ms
 GET /api/auth/session 200 in 62ms
 GET /api/auth/session 200 in 65ms
 GET /api/auth/session 200 in 66ms
 GET /api/auth/session 200 in 61ms
 GET /api/auth/csrf 200 in 69ms
 ✓ Compiled /api/signup in 290ms (597 modules)
 POST /api/signup 200 in 795ms
 GET / 200 in 103ms
 GET /api/auth/signin 302 in 85ms
 GET /login?callbackUrl=https://614a7c077.preview.abacusai.app 200 in 75ms
 GET /api/auth/csrf 200 in 60ms
 POST /api/auth/callback/credentials 302 in 362ms
 ✓ Compiled /middleware in 194ms (174 modules)
 ○ Compiling /dashboard ...
 ✓ Compiled /dashboard in 1639ms (2867 modules)
 GET /dashboard 200 in 1981ms
 GET / 200 in 94ms
 GET /dashboard 200 in 100ms
 GET /api/auth/session 200 in 90ms
 ✓ Compiled /api/realtime in 344ms (1586 modules)
 ✓ Compiled (1589 modules)
 GET /api/auth/session 200 in 811ms
 GET /api/notifications?limit=10 200 in 878ms
 GET /api/realtime 200 in 490ms
 GET /api/auth/session 200 in 109ms
 GET /api/notifications?limit=10 200 in 153ms
 GET /api/realtime 200 in 181ms
 GET /api/auth/session 200 in 186ms
 GET /api/realtime 200 in 183ms
 GET /api/notifications?limit=10 200 in 161ms
 GET /api/auth/session 200 in 113ms
 GET /api/auth/session 200 in 134ms
 GET /api/notifications?limit=10 200 in 164ms
 GET /api/realtime 200 in 154ms
 GET /api/realtime 200 in 106ms
 GET /api/realtime 200 in 139ms
 GET /api/realtime 200 in 118ms
 GET /api/realtime 200 in 89ms
 GET /api/realtime 200 in 78ms
 GET /api/realtime 200 in 85ms
 GET /api/realtime 200 in 85ms
 GET /api/realtime 200 in 81ms
 GET /api/realtime 200 in 81ms
 GET /api/realtime 200 in 81ms
 GET /api/realtime 200 in 75ms
 GET /api/realtime 200 in 77ms
 GET /api/realtime 200 in 73ms
 GET /api/realtime 200 in 74ms
 GET /api/realtime 200 in 73ms
 GET /api/realtime 200 in 71ms
 GET /api/realtime 200 in 72ms
 GET /api/realtime 200 in 76ms
 GET /api/realtime 200 in 80ms
 GET /api/realtime 200 in 73ms
 GET /api/realtime 200 in 72ms
 GET /api/realtime 200 in 68ms
 GET /api/realtime 200 in 72ms
 GET /api/realtime 200 in 75ms
 GET /api/realtime 200 in 67ms
 GET /api/realtime 200 in 78ms
 GET /api/realtime 200 in 70ms
 GET /api/realtime 200 in 70ms
 GET /api/realtime 200 in 72ms
 GET /api/realtime 200 in 78ms
 GET /api/realtime 200 in 74ms
 GET /api/realtime 200 in 93ms
 GET /api/realtime 200 in 70ms
 GET /api/realtime 200 in 69ms
 GET /api/realtime 200 in 73ms
 GET /api/realtime 200 in 72ms
 GET /api/realtime 200 in 73ms
 GET /api/realtime 200 in 78ms
 GET /api/realtime 200 in 72ms
 GET /api/realtime 200 in 74ms
 GET /api/realtime 200 in 81ms
 GET /api/realtime 200 in 76ms
 GET /api/realtime 200 in 68ms
 GET /api/realtime 200 in 107ms
 GET /api/realtime 200 in 137ms
 GET /api/realtime 200 in 70ms
 GET /api/realtime 200 in 72ms
 GET /api/realtime 200 in 79ms
 GET /api/realtime 200 in 77ms
 GET /api/realtime 200 in 6959ms
 ○ Compiling /submittals ...
 ✓ Compiled /submittals in 4.6s (3514 modules)
 GET /daily-reports 200 in 5675ms
 GET /projects/new 200 in 5744ms
 GET /budget 200 in 5816ms
 GET /milestones 200 in 5803ms
 GET /permits 200 in 5803ms
 GET /drawings 200 in 5803ms
 GET /site-diary 200 in 5802ms
 GET /meetings 200 in 5740ms
 GET /documents 200 in 5747ms
 GET /equipment 200 in 5741ms
 GET /inspections 200 in 5689ms
 GET /settings 200 in 5747ms
 GET /subcontractors 200 in 5833ms
 GET /progress-claims 200 in 5812ms
 GET /rfis 200 in 5748ms
 GET /time-tracking 200 in 5812ms
 GET /defects 200 in 5798ms
 GET /reports 200 in 5756ms
 GET /safety 200 in 5750ms
 GET /team 200 in 5757ms
 GET /change-orders 200 in 5693ms
 GET /projects 200 in 5758ms
 GET /company 200 in 5759ms
 GET /punch-lists 200 in 5697ms
 GET /materials 200 in 5843ms
 GET /submittals 200 in 5699ms
 GET /tasks 200 in 5760ms
 GET /api/notifications?limit=10 200 in 322ms
 GET /api/auth/session 200 in 378ms
 GET /api/notifications?limit=10 200 in 862ms
 ○ Compiling /api/company/stats ...
 ✓ Compiled /api/company/stats in 2.7s (1954 modules)
 GET /api/realtime 200 in 3193ms
 GET /api/realtime 200 in 2985ms
 GET /api/realtime 200 in 3604ms
 GET /api/realtime 200 in 3337ms
 GET /api/auth/session 200 in 4244ms
 GET /api/realtime 200 in 2550ms
 GET /api/realtime 200 in 2840ms
 GET /api/realtime 200 in 4297ms
 GET /api/realtime 200 in 4408ms
 GET /api/realtime 200 in 4467ms
 GET /api/realtime 200 in 3067ms
 GET /api/realtime 200 in 3188ms
 GET /api/realtime 200 in 3317ms
 GET /api/realtime 200 in 3497ms
 GET /api/realtime 200 in 3864ms
 GET /api/realtime 200 in 4082ms
 GET /api/realtime 200 in 4267ms
 GET /api/realtime 200 in 4123ms
 GET /api/realtime 200 in 4291ms
 GET /api/realtime 200 in 4267ms
 GET /api/realtime 200 in 4267ms
 GET /api/realtime 200 in 4334ms
 GET /api/realtime 200 in 3570ms
 GET /api/realtime 200 in 3452ms
 GET /api/realtime 200 in 4127ms
 GET /api/company/stats 200 in 4538ms
 GET /api/notifications?limit=10 200 in 4000ms
 GET /api/realtime 200 in 3529ms
 GET /api/realtime 200 in 3104ms
 GET /api/realtime 200 in 3064ms
 GET /api/realtime 200 in 2991ms
 GET /api/realtime 200 in 3211ms
 GET /api/realtime 200 in 2866ms
 GET /api/realtime 200 in 369ms
 GET /api/realtime 200 in 3779ms
 GET /api/realtime 200 in 2887ms
 GET /api/realtime 200 in 487ms
 GET /api/realtime 200 in 503ms
 GET /api/auth/session 200 in 339ms
 GET /api/realtime 200 in 364ms
 GET /api/realtime 200 in 372ms
 GET /api/realtime 200 in 372ms
 GET /api/realtime 200 in 352ms
 GET /api/realtime 200 in 427ms
 GET /api/realtime 200 in 428ms
 GET /api/company/stats 200 in 399ms
 GET /api/realtime 200 in 441ms
 GET /api/realtime 200 in 412ms
 GET /api/realtime 200 in 440ms
 GET /api/realtime 200 in 419ms
 GET /api/realtime 200 in 441ms
 GET /api/realtime 200 in 471ms
 GET /api/realtime 200 in 480ms
 GET /api/notifications?limit=10 200 in 444ms
 GET /api/realtime 200 in 459ms
 GET /api/realtime 200 in 486ms
 GET /api/realtime 200 in 455ms
 GET /api/realtime 200 in 441ms
 GET /api/realtime 200 in 364ms
 GET /api/realtime 200 in 502ms
 GET /api/realtime 200 in 473ms
 GET /api/realtime 200 in 585ms
 GET /api/realtime 200 in 575ms
 GET /api/realtime 200 in 575ms
 GET /api/realtime 200 in 571ms
 GET /api/realtime 200 in 666ms
 GET /api/realtime 200 in 589ms
 GET /api/realtime 200 in 676ms
 GET /api/realtime 200 in 573ms
 GET /api/realtime 200 in 577ms
 GET /api/realtime 200 in 573ms
 GET /api/realtime 200 in 658ms
 GET /api/realtime 200 in 628ms
 GET /api/realtime 200 in 700ms
 GET /api/realtime 200 in 762ms
 GET /api/auth/session 200 in 944ms
 GET /api/company/stats 200 in 961ms
 GET /api/notifications?limit=10 200 in 981ms
 GET /api/realtime 200 in 1002ms
 GET /api/realtime 200 in 6581ms
 GET /api/realtime 200 in 1302ms
 GET /api/realtime 200 in 6936ms
 GET /api/realtime 200 in 1085ms
 GET /api/realtime 200 in 1509ms
 GET /api/realtime 200 in 626ms
 GET /api/realtime 200 in 1681ms
 GET /api/realtime 200 in 1009ms
 GET /api/realtime 200 in 831ms
 GET /api/realtime 200 in 828ms
 GET /api/realtime 200 in 755ms
 GET /api/realtime 200 in 781ms
 GET /api/realtime 200 in 771ms
 GET /api/realtime 200 in 736ms
 GET /api/realtime 200 in 748ms
 GET /api/realtime 200 in 836ms
 GET /api/realtime 200 in 853ms
 GET /api/realtime 200 in 730ms
 GET /api/realtime 200 in 812ms
 GET /api/realtime 200 in 725ms
 GET /api/realtime 200 in 1920ms
 GET /api/auth/session 200 in 902ms
 GET /api/company/stats 200 in 857ms
 GET /api/notifications?limit=10 200 in 594ms
 GET /api/notifications?limit=10 200 in 596ms
 GET /api/notifications?limit=10 200 in 593ms
 GET /api/notifications?limit=10 200 in 640ms
 GET /api/realtime 200 in 662ms
 GET /api/notifications?limit=10 200 in 556ms
 GET /api/notifications?limit=10 200 in 559ms
 GET /api/notifications?limit=10 200 in 566ms
 GET /api/notifications?limit=10 200 in 556ms
 GET /api/realtime 200 in 6046ms
 GET /api/notifications?limit=10 200 in 784ms
 GET /api/notifications?limit=10 200 in 784ms
 GET /api/realtime 200 in 7701ms
 GET /api/notifications?limit=10 200 in 878ms
 GET /api/notifications?limit=10 200 in 822ms
 GET /api/notifications?limit=10 200 in 784ms
 GET /api/realtime 200 in 6379ms
 GET /api/notifications?limit=10 200 in 904ms
 GET /api/realtime 200 in 544ms
 GET /api/notifications?limit=10 200 in 823ms
 GET /api/notifications?limit=10 200 in 827ms
 GET /api/notifications?limit=10 200 in 891ms
 GET /api/realtime 200 in 7412ms
 GET /api/notifications?limit=10 200 in 783ms
 GET /api/notifications?limit=10 200 in 783ms
 GET /api/realtime 200 in 6162ms
 GET /api/notifications?limit=10 200 in 785ms
 GET /api/notifications?limit=10 200 in 783ms
 GET /api/realtime 200 in 454ms
 GET /api/notifications?limit=10 200 in 934ms
 GET /api/notifications?limit=10 200 in 885ms
 GET /api/notifications?limit=10 200 in 930ms
 GET /api/realtime 200 in 7470ms
 GET /api/notifications?limit=10 200 in 966ms
 GET /api/notifications?limit=10 200 in 945ms
 GET /api/notifications?limit=10 200 in 943ms
 GET /api/notifications?limit=10 200 in 941ms
 GET /api/notifications?limit=10 200 in 942ms
 GET /api/notifications?limit=10 200 in 941ms
 GET /api/notifications?limit=10 200 in 941ms
 GET /api/notifications?limit=10 200 in 942ms
 GET /api/notifications?limit=10 200 in 899ms
 GET /api/notifications?limit=10 200 in 898ms
 GET /api/notifications?limit=10 200 in 899ms
 GET /api/notifications?limit=10 200 in 900ms
 GET /api/notifications?limit=10 200 in 901ms
 GET /api/notifications?limit=10 200 in 900ms
 GET /api/notifications?limit=10 200 in 900ms
 GET /api/notifications?limit=10 200 in 901ms
 GET /api/notifications?limit=10 200 in 901ms
 GET /api/notifications?limit=10 200 in 902ms
 GET /api/notifications?limit=10 200 in 903ms
 GET /api/notifications?limit=10 200 in 903ms
 GET /api/notifications?limit=10 200 in 904ms
 GET /api/notifications?limit=10 200 in 907ms
 GET /api/notifications?limit=10 200 in 908ms
 GET /api/notifications?limit=10 200 in 909ms
 GET /api/notifications?limit=10 200 in 910ms
 GET /api/notifications?limit=10 200 in 910ms
 GET /api/notifications?limit=10 200 in 911ms
 GET /api/notifications?limit=10 200 in 912ms
 GET /api/notifications?limit=10 200 in 913ms
 GET /api/notifications?limit=10 200 in 913ms
 GET /api/notifications?limit=10 200 in 914ms
 GET /api/notifications?limit=10 200 in 900ms
 GET /api/notifications?limit=10 200 in 891ms
 GET /api/notifications?limit=10 200 in 879ms
 GET /api/notifications?limit=10 200 in 878ms
 GET /api/notifications?limit=10 200 in 879ms
 GET /api/notifications?limit=10 200 in 880ms
 GET /api/notifications?limit=10 200 in 881ms
 GET /api/notifications?limit=10 200 in 881ms
 GET /api/notifications?limit=10 200 in 880ms
 GET /api/notifications?limit=10 200 in 881ms
 GET /api/notifications?limit=10 200 in 882ms
 GET /api/notifications?limit=10 200 in 872ms
 GET /api/realtime 200 in 660ms
 GET /api/realtime 200 in 7355ms
 GET /api/realtime 200 in 6329ms
 GET /api/realtime 200 in 7395ms
 GET /api/notifications?limit=10 200 in 721ms
 GET /api/notifications?limit=10 200 in 699ms
 GET /api/realtime 200 in 550ms
 GET /api/realtime 200 in 552ms
 GET /api/realtime 200 in 6946ms
 GET /api/realtime 200 in 7455ms
 GET /api/realtime 200 in 467ms
 GET /api/realtime 200 in 6114ms
 GET /api/realtime 200 in 7573ms
 GET /api/realtime 200 in 6437ms
 GET /api/realtime 200 in 7569ms
 GET /api/realtime 200 in 7098ms
 GET /api/realtime 200 in 6813ms
 GET /api/realtime 200 in 460ms
 GET /api/notifications?limit=10 200 in 721ms
 GET /api/realtime 200 in 464ms
 GET /api/realtime 200 in 460ms
 GET /api/auth/session 200 in 220ms
 GET /api/auth/session 200 in 221ms
 GET /api/auth/session 200 in 222ms
 GET /api/auth/session 200 in 220ms
 GET /api/auth/session 200 in 221ms
 GET /api/realtime 200 in 270ms
 GET /api/realtime 200 in 78ms
 GET /api/realtime 200 in 109ms
 GET /api/realtime 200 in 142ms
 GET /api/realtime 200 in 73ms
 GET /api/realtime 200 in 72ms
 GET /api/realtime 200 in 80ms
 GET /api/realtime 200 in 79ms
 GET /api/realtime 200 in 90ms
 GET /api/realtime 200 in 8026ms
 ○ Compiling /company/usage ...
 ✓ Compiled /company/usage in 3.7s (3640 modules)
 GET /company/invitations 200 in 4133ms
 GET /company/usage 200 in 4135ms
 GET /company/settings 307 in 4142ms
 GET /company/team 200 in 4143ms
 GET /projects/project-mall-renovation 200 in 4511ms
 GET /projects/project-riverside-homes 200 in 4484ms
 GET /projects/project-downtown-office 200 in 4468ms
 GET /dashboard 200 in 303ms
 ○ Compiling /api/company/invitations ...
 ✓ Compiled /api/company/invitations in 1133ms (2030 modules)
 GET /api/auth/session 200 in 2033ms
 GET /api/company/invitations? 200 in 2139ms
 GET /api/notifications?limit=10 200 in 1976ms
 GET /api/realtime 200 in 1496ms
 GET /api/realtime 200 in 1561ms
 GET /api/realtime 200 in 1569ms
 GET /api/realtime 200 in 1489ms
 GET /api/realtime 200 in 179ms
 GET /api/realtime 200 in 178ms
 GET /api/realtime 200 in 169ms
 GET /api/realtime 200 in 181ms
 GET /api/auth/session 200 in 185ms
 GET /api/company/invitations? 200 in 212ms
 GET /api/notifications?limit=10 200 in 212ms
 GET /api/realtime 200 in 114ms
 GET /api/realtime 200 in 120ms
 GET /api/realtime 200 in 120ms
 GET /api/realtime 200 in 122ms
 GET /api/auth/session 200 in 179ms
 GET /api/notifications?limit=10 200 in 174ms
 GET /api/company/invitations? 200 in 178ms
 GET /api/realtime 200 in 100ms
 GET /api/realtime 200 in 161ms
 GET /api/realtime 200 in 168ms
 GET /api/realtime 200 in 169ms
 GET /api/auth/session 200 in 152ms
 GET /api/company/invitations? 200 in 188ms
 GET /api/realtime 200 in 215ms
 GET /api/notifications?limit=10 200 in 191ms
 GET /api/realtime 200 in 180ms
 GET /api/realtime 200 in 182ms
 GET /api/realtime 200 in 195ms
 GET /api/auth/session 200 in 220ms
 GET /api/notifications?limit=10 200 in 214ms
 GET /api/realtime 200 in 267ms
 GET /api/realtime 200 in 264ms
 GET /api/realtime 200 in 294ms
 GET /api/realtime 200 in 266ms
 GET /api/auth/session 200 in 185ms
 GET /api/notifications?limit=10 200 in 156ms
 GET /api/realtime 200 in 183ms
 GET /api/realtime 200 in 186ms
 GET /api/realtime 200 in 180ms
 GET /api/realtime 200 in 162ms
 GET /api/auth/session 200 in 175ms
 GET /api/notifications?limit=10 200 in 178ms
 GET /api/realtime 200 in 93ms
 GET /api/realtime 200 in 180ms
 GET /api/realtime 200 in 187ms
 GET /api/realtime 200 in 192ms
 GET /api/auth/session 200 in 168ms
 GET /api/notifications?limit=10 200 in 187ms
 GET /api/realtime 200 in 169ms
 GET /api/realtime 200 in 134ms
 GET /api/realtime 200 in 138ms
 GET /api/realtime 200 in 243ms
 GET /api/notifications?limit=10 200 in 178ms
 GET /api/auth/session 200 in 181ms
 GET /api/realtime 200 in 239ms
 GET /api/realtime 200 in 232ms
 GET /api/realtime 200 in 239ms
 GET /api/auth/session 200 in 195ms
 GET /api/notifications?limit=10 200 in 222ms
 GET /api/realtime 200 in 264ms
 GET /api/realtime 200 in 140ms
 GET /api/realtime 200 in 144ms
 GET /api/realtime 200 in 205ms
 GET /api/auth/session 200 in 192ms
 GET /api/realtime 200 in 212ms
 GET /api/notifications?limit=10 200 in 182ms
 GET /api/realtime 200 in 168ms
 GET /api/realtime 200 in 169ms
 GET /api/realtime 200 in 170ms
 GET /api/auth/session 200 in 143ms
 GET /api/notifications?limit=10 200 in 147ms
 GET /api/realtime 200 in 162ms
 GET /api/realtime 200 in 203ms
 GET /api/realtime 200 in 192ms
 GET /api/auth/session 200 in 251ms
 GET /api/realtime 200 in 383ms
 GET /api/notifications?limit=10 200 in 257ms
 GET /api/realtime 200 in 237ms
 GET /api/realtime 200 in 228ms
 GET /api/realtime 200 in 233ms
 GET /api/auth/session 200 in 189ms
 GET /api/realtime 200 in 192ms
 GET /api/notifications?limit=10 200 in 258ms
 GET /api/realtime 200 in 271ms
 GET /api/realtime 200 in 212ms
 GET /api/realtime 200 in 250ms
 GET /api/realtime 200 in 5122ms
 GET /api/realtime 200 in 232ms
 GET /api/auth/session 200 in 218ms
 GET /api/realtime 200 in 250ms
 GET /api/notifications?limit=10 200 in 231ms
 GET /api/realtime 200 in 253ms
 GET /api/realtime 200 in 224ms
 GET /api/auth/session 200 in 98ms
 GET /api/notifications?limit=10 200 in 149ms
 GET /api/realtime 200 in 155ms
 GET /api/realtime 200 in 158ms
 GET /api/realtime 200 in 187ms
 GET /api/auth/session 200 in 189ms
 GET /api/realtime 200 in 192ms
 GET /api/realtime 200 in 144ms
 GET /api/realtime 200 in 156ms
 GET /api/auth/session 200 in 104ms
 GET /api/realtime 200 in 141ms
 GET /api/realtime 200 in 132ms
 GET /api/realtime 200 in 132ms
 GET /api/auth/session 200 in 167ms
 GET /api/realtime 200 in 133ms
 GET /api/realtime 200 in 195ms
 GET /api/auth/session 200 in 171ms
 GET /api/realtime 200 in 351ms
 GET /api/auth/session 200 in 225ms
 GET /api/realtime 200 in 338ms
 GET /api/realtime 200 in 344ms
 GET /api/realtime 200 in 192ms
 GET /api/realtime 200 in 190ms
 GET /api/auth/session 200 in 179ms
 GET /api/realtime 200 in 149ms
 GET /api/realtime 200 in 192ms
 GET /api/realtime 200 in 6745ms
 GET /api/realtime 200 in 174ms
 GET /api/realtime 200 in 197ms
 GET /api/auth/session 200 in 138ms
 GET /api/realtime 200 in 6771ms
 GET /api/realtime 200 in 6841ms
 GET /api/realtime 200 in 92ms
[?25h
