  ▲ Next.js 14.2.28
  - Local:        http://localhost:3000
  - Environments: .env
  - Experiments (use with caution):
    · outputFileTracingRoot

 ✓ Starting...
 ✓ Ready in 2.1s
 ○ Compiling / ...
 ✓ Compiled / in 1920ms (596 modules)
 GET / 200 in 2226ms
 ✓ Compiled in 513ms (296 modules)
 ○ Compiling /api/auth/[...nextauth] ...
 ✓ Compiled /api/auth/[...nextauth] in 509ms (541 modules)
 GET /api/auth/providers 200 in 1018ms
 GET / 200 in 116ms
 GET /api/auth/session 200 in 74ms
 GET /api/auth/session 200 in 55ms
 ○ Compiling /signup ...
 ✓ Compiled /signup in 984ms (881 modules)
 GET /login 200 in 1205ms
 GET /signup 200 in 1193ms
 GET /api/auth/session 200 in 104ms
 GET /api/auth/session 200 in 57ms
 GET /api/auth/session 200 in 57ms
 GET /api/auth/session 200 in 53ms
 GET /api/auth/session 200 in 61ms
 GET /api/auth/csrf 200 in 65ms
 ✓ Compiled /api/signup in 171ms (597 modules)
 POST /api/signup 200 in 666ms
 GET / 200 in 96ms
 GET /api/auth/signin 302 in 81ms
 GET /login?callbackUrl=https://7d9c4eb47.preview.abacusai.app 200 in 63ms
 GET /api/auth/csrf 200 in 49ms
 POST /api/auth/callback/credentials 302 in 347ms
 ✓ Compiled /middleware in 212ms (174 modules)
 ○ Compiling /dashboard ...
 ✓ Compiled /dashboard in 1530ms (2849 modules)
 GET /dashboard 200 in 1894ms
 GET / 200 in 113ms
 GET /dashboard 200 in 122ms
 GET /api/auth/session 200 in 99ms
 ○ Compiling /api/realtime ...
 ✓ Compiled /api/realtime in 708ms (1577 modules)
 ✓ Compiled (1580 modules)
 GET /api/auth/session 200 in 853ms
 GET /api/realtime 200 in 1179ms
 GET /api/notifications?limit=10 200 in 1194ms
 GET /api/realtime 200 in 890ms
 GET /api/realtime 200 in 1139ms
 GET /api/realtime 200 in 1192ms
 GET /api/notifications?limit=10 200 in 97ms
 GET /api/auth/session 200 in 120ms
 GET /api/notifications?limit=10 200 in 67ms
 GET /api/auth/session 200 in 152ms
 GET /api/realtime 200 in 186ms
 GET /api/notifications?limit=10 200 in 190ms
 GET /api/realtime 200 in 178ms
 GET /api/auth/session 200 in 77ms
 GET /api/auth/session 200 in 70ms
 GET /api/realtime 200 in 64ms
 ○ Compiling /team ...
 ✓ Compiled /team in 3.8s (3348 modules)
 GET /meetings 200 in 4693ms
 GET /daily-reports 200 in 4611ms
 GET /change-orders 200 in 4614ms
 GET /documents 200 in 4616ms
 GET /settings 200 in 4616ms
 GET /punch-lists 200 in 4693ms
 GET /safety 200 in 4619ms
 GET /projects 200 in 4622ms
 GET /rfis 200 in 4622ms
 GET /inspections 500 in 4698ms
 GET /projects/new 200 in 4623ms
 GET /company 200 in 4625ms
 GET /equipment 200 in 4694ms
 GET /submittals 500 in 4628ms
 GET /tasks 200 in 4628ms
 GET /team 200 in 4629ms
 GET /reports 500 in 4629ms
 GET /api/notifications?limit=10 200 in 299ms
 GET /api/auth/session 200 in 372ms
 GET /api/realtime 200 in 417ms
 GET /api/realtime 200 in 380ms
 GET /api/realtime 200 in 373ms
 GET /api/realtime 200 in 367ms
 GET /api/realtime 200 in 374ms
 GET /api/realtime 200 in 410ms
 GET /api/notifications?limit=10 200 in 398ms
 GET /api/realtime 200 in 398ms
 GET /api/realtime 200 in 387ms
 GET /api/auth/session 200 in 447ms
 GET /api/realtime 200 in 375ms
 GET /api/realtime 200 in 403ms
 GET /api/realtime 200 in 395ms
 GET /api/notifications?limit=10 200 in 434ms
 GET /api/realtime 200 in 407ms
 GET /api/auth/session 200 in 467ms
 GET /api/notifications?limit=10 200 in 301ms
 GET /api/realtime 200 in 289ms
 GET /api/auth/session 200 in 239ms
 GET /api/notifications?limit=10 200 in 268ms
 GET /api/realtime 200 in 197ms
 GET /api/auth/session 200 in 209ms
 GET /api/notifications?limit=10 200 in 247ms
 GET /api/auth/session 200 in 158ms
 GET /api/realtime 200 in 169ms
 GET /api/notifications?limit=10 200 in 235ms
 GET /api/auth/session 200 in 213ms
 GET /api/realtime 200 in 227ms
 GET /api/notifications?limit=10 200 in 252ms
 GET /api/auth/session 200 in 197ms
 GET /api/realtime 200 in 252ms
 GET /api/auth/session 200 in 235ms
 GET /api/notifications?limit=10 200 in 243ms
 GET /api/notifications?limit=10 200 in 207ms
 GET /api/auth/session 200 in 193ms
 GET /api/notifications?limit=10 200 in 247ms
 GET /api/auth/session 200 in 301ms
 GET /api/auth/session 200 in 238ms
 GET /api/notifications?limit=10 200 in 344ms
 GET /api/auth/session 200 in 352ms
 GET /api/notifications?limit=10 200 in 372ms
 GET /api/auth/session 200 in 219ms
 GET /api/notifications?limit=10 200 in 267ms
 GET /api/realtime 200 in 218ms
 GET /api/realtime 200 in 223ms
 GET /api/realtime 200 in 222ms
 GET /api/realtime 200 in 223ms
 GET /api/auth/session 200 in 322ms
 GET /api/notifications?limit=10 200 in 321ms
 GET /api/notifications?limit=10 200 in 322ms
 GET /api/realtime 200 in 290ms
 GET /api/realtime 200 in 243ms
 GET /api/realtime 200 in 240ms
 GET /api/auth/session 200 in 223ms
 GET /api/auth/session 200 in 200ms
 GET /api/notifications?limit=10 200 in 211ms
 GET /api/auth/session 200 in 183ms
 GET /api/realtime 200 in 249ms
 GET /api/notifications?limit=10 200 in 236ms
 GET /api/realtime 200 in 130ms
 GET /api/auth/session 200 in 172ms
 GET /api/notifications?limit=10 200 in 181ms
 GET /api/auth/session 200 in 164ms
 GET /api/realtime 200 in 196ms
 GET /api/realtime 200 in 185ms
 GET /api/notifications?limit=10 200 in 208ms
 GET /api/auth/session 200 in 136ms
 GET /api/realtime 200 in 145ms
 GET /api/notifications?limit=10 200 in 120ms
 GET /api/realtime 200 in 120ms
 GET /api/auth/session 200 in 227ms
 GET /api/notifications?limit=10 200 in 219ms
 GET /api/realtime 200 in 225ms
 GET /api/realtime 200 in 188ms
 GET /api/notifications?limit=10 200 in 169ms
 GET /api/auth/session 200 in 102ms
 GET /api/notifications?limit=10 200 in 104ms
 GET /api/auth/session 200 in 100ms
 GET /api/notifications?limit=10 200 in 107ms
 GET /api/auth/session 200 in 128ms
 GET /api/notifications?limit=10 200 in 105ms
 GET /api/auth/session 200 in 93ms
 GET /api/auth/session 200 in 54ms
 GET /api/auth/session 200 in 131ms
 GET /api/auth/session 200 in 56ms
 GET /api/realtime 200 in 61ms
 ○ Compiling /company/settings ...
 ✓ Compiled /company/settings in 3.1s (3486 modules)
 GET /company/settings 307 in 3542ms
 GET /company/team 200 in 3550ms
 GET /company/invitations 200 in 3571ms
 GET /company/usage 200 in 3550ms
 GET /projects/project-mall-renovation 200 in 3860ms
 GET /projects/project-downtown-office 200 in 3860ms
 GET /projects/project-riverside-homes 200 in 3851ms
 GET /dashboard 200 in 321ms
 ○ Compiling /api/company/invitations ...
 ✓ Compiled /api/company/invitations in 1207ms (1933 modules)
 GET /api/realtime 200 in 1376ms
 GET /api/realtime 200 in 1153ms
 GET /api/realtime 200 in 1392ms
 GET /api/realtime 200 in 1421ms
 GET /api/realtime 200 in 1144ms
 GET /api/realtime 200 in 1216ms
 GET /api/realtime 200 in 1183ms
 GET /api/realtime 200 in 1434ms
 GET /api/realtime 200 in 1380ms
 GET /api/realtime 200 in 1437ms
 GET /api/realtime 200 in 1437ms
 GET /api/realtime 200 in 1424ms
 GET /api/realtime 200 in 1425ms
 GET /api/realtime 200 in 1425ms
 GET /api/realtime 200 in 1437ms
 GET /api/realtime 200 in 1439ms
 GET /api/auth/session 200 in 2224ms
 GET /api/notifications?limit=10 200 in 1441ms
 GET /api/company/invitations? 200 in 2271ms
 GET /api/auth/session 200 in 172ms
 GET /api/company/invitations? 200 in 167ms
 GET /api/notifications?limit=10 200 in 176ms
 GET /api/realtime 200 in 31131ms
 GET /api/realtime 200 in 30808ms
 GET /api/auth/session 200 in 178ms
 GET /api/realtime 200 in 30110ms
 GET /api/company/invitations? 200 in 211ms
 GET /api/notifications?limit=10 200 in 226ms
 GET /api/auth/session 200 in 177ms
 GET /api/company/invitations? 200 in 201ms
 GET /api/notifications?limit=10 200 in 182ms
 GET /api/realtime 200 in 30070ms
 GET /api/auth/session 200 in 158ms
 GET /api/realtime 200 in 30061ms
 GET /api/notifications?limit=10 200 in 191ms
 GET /api/realtime 200 in 30059ms
 GET /api/auth/session 200 in 113ms
 GET /api/realtime 200 in 30064ms
 GET /api/notifications?limit=10 200 in 172ms
 GET /api/auth/session 200 in 219ms
 GET /api/notifications?limit=10 200 in 196ms
 GET /api/realtime 200 in 183ms
 GET /api/auth/session 200 in 125ms
 GET /api/notifications?limit=10 200 in 161ms
 GET /api/realtime 200 in 30145ms
 GET /api/auth/session 200 in 148ms
 GET /api/realtime 200 in 30093ms
 GET /api/notifications?limit=10 200 in 195ms
 GET /api/realtime 200 in 30099ms
 GET /api/auth/session 200 in 115ms
 GET /api/realtime 200 in 123ms
 GET /api/realtime 200 in 30074ms
 GET /api/notifications?limit=10 200 in 148ms
 GET /api/realtime 200 in 30065ms
 GET /api/auth/session 200 in 165ms
 GET /api/realtime 200 in 30064ms
 GET /api/notifications?limit=10 200 in 147ms
 GET /api/auth/session 200 in 106ms
 GET /api/realtime 200 in 30072ms
 GET /api/realtime 200 in 93ms
 GET /api/realtime 200 in 30071ms
 GET /api/notifications?limit=10 200 in 129ms
 GET /api/auth/session 200 in 204ms
 GET /api/realtime 200 in 30091ms
 GET /api/realtime 200 in 30066ms
 GET /api/notifications?limit=10 200 in 179ms
 GET /api/auth/session 200 in 120ms
 GET /api/realtime 200 in 30067ms
 GET /api/realtime 200 in 30060ms
 GET /api/auth/session 200 in 151ms
 GET /api/notifications?limit=10 200 in 161ms
 GET /api/realtime 200 in 30067ms
 GET /api/realtime 200 in 30056ms
 GET /api/realtime 200 in 30069ms
 GET /api/notifications?limit=10 200 in 183ms
 GET /api/auth/session 200 in 179ms
 GET /api/realtime 200 in 30058ms
 GET /api/realtime 200 in 118ms
 GET /api/realtime 200 in 30058ms
 GET /api/notifications?limit=10 200 in 141ms
 GET /api/auth/session 200 in 171ms
 GET /api/realtime 200 in 30065ms
 GET /api/realtime 200 in 182ms
 GET /api/realtime 200 in 117ms
 GET /api/realtime 200 in 117ms
 GET /api/realtime 200 in 30070ms
 GET /api/auth/session 200 in 95ms
 GET /api/realtime 200 in 30056ms
 GET /api/auth/session 200 in 67ms
 GET /api/realtime 200 in 30056ms
 GET /api/auth/session 200 in 98ms
 GET /api/realtime 200 in 30057ms
 GET /api/realtime 200 in 30062ms
 GET /api/auth/session 200 in 76ms
 GET /api/realtime 200 in 30066ms
 GET /api/auth/session 200 in 57ms
 GET /api/realtime 200 in 30066ms
 GET /api/auth/session 200 in 100ms
 GET /api/realtime 200 in 30058ms
 GET /api/realtime 200 in 30058ms
 GET /api/realtime 200 in 30066ms
 GET /api/realtime 200 in 30056ms
 GET /api/realtime 200 in 30059ms
 GET /api/realtime 200 in 30058ms
 GET /api/realtime 200 in 30059ms
 GET /api/realtime 200 in 30061ms
 GET /api/realtime 200 in 30058ms
 GET /api/realtime 200 in 30061ms
 GET /api/realtime 200 in 30058ms
 GET /api/realtime 200 in 72ms
 GET /api/realtime 200 in 30056ms
 GET /api/realtime 200 in 30067ms
 GET /api/realtime 200 in 30059ms
 GET /api/realtime 200 in 30056ms
 GET /api/realtime 200 in 30055ms
 GET /api/realtime 200 in 30057ms
 GET /api/realtime 200 in 30061ms
 GET /api/realtime 200 in 30059ms
 GET /api/realtime 200 in 30064ms
 GET /api/realtime 200 in 30413ms
 GET /api/realtime 200 in 30309ms
 GET /api/realtime 200 in 30360ms
 GET /api/realtime 200 in 30353ms
 GET /api/realtime 200 in 30354ms
 GET /api/realtime 200 in 30400ms
 GET /api/realtime 200 in 30372ms
 GET /api/realtime 200 in 30392ms
 GET /api/realtime 200 in 30380ms
 GET /api/realtime 200 in 30393ms
 GET /api/realtime 200 in 30316ms
 GET /api/realtime 200 in 30371ms
 GET /api/realtime 200 in 30373ms
 GET /api/realtime 200 in 30362ms
 GET /api/realtime 200 in 30377ms
 GET /api/realtime 200 in 30387ms
 GET /api/realtime 200 in 30396ms
 GET /api/realtime 200 in 30402ms
 GET /api/realtime 200 in 30371ms
 GET /api/realtime 200 in 30375ms
 GET /api/realtime 200 in 30372ms
 GET /api/realtime 200 in 30428ms
 GET /api/realtime 200 in 30378ms
 GET /api/realtime 200 in 30381ms
 GET /api/realtime 200 in 30409ms
 GET /api/realtime 200 in 30381ms
 GET /api/realtime 200 in 30395ms
 GET /api/realtime 200 in 30409ms
 GET /api/realtime 200 in 30365ms
 GET /api/realtime 200 in 30338ms
 GET /api/realtime 200 in 30366ms
 GET /api/realtime 200 in 30336ms
 GET /api/realtime 200 in 30368ms
 GET /api/realtime 200 in 30265ms
 GET /api/realtime 200 in 30318ms
 GET /api/realtime 200 in 30245ms
 GET /api/realtime 200 in 30282ms
 GET /api/realtime 200 in 30237ms
 GET /api/realtime 200 in 30237ms
 GET /api/realtime 200 in 30238ms
 GET /api/realtime 200 in 30243ms
 GET /api/realtime 200 in 30182ms
 GET /api/realtime 200 in 30176ms
 GET /api/realtime 200 in 30262ms
 GET /api/realtime 200 in 30250ms
 GET /api/realtime 200 in 30220ms
 GET /api/realtime 200 in 30265ms
 GET /api/realtime 200 in 30258ms
 GET /api/realtime 200 in 30266ms
 GET /api/realtime 200 in 30203ms
 GET /api/realtime 200 in 30263ms
 GET /api/realtime 200 in 30264ms
 GET /api/realtime 200 in 30265ms
 GET /api/realtime 200 in 30196ms
 GET /api/realtime 200 in 30190ms
 GET /api/realtime 200 in 30269ms
 GET /api/realtime 200 in 30262ms
 GET /api/realtime 200 in 30251ms
 GET /api/realtime 200 in 30218ms
 GET /api/realtime 200 in 30248ms
 GET /api/realtime 200 in 30272ms
 GET /api/realtime 200 in 30262ms
 GET /api/realtime 200 in 30185ms
 GET /api/realtime 200 in 30213ms
 GET /api/realtime 200 in 30207ms
 GET /api/realtime 200 in 30205ms
 GET /api/realtime 200 in 30198ms
 GET /api/realtime 200 in 30207ms
 GET /api/realtime 200 in 30260ms
 GET /api/realtime 200 in 30177ms
 GET /api/realtime 200 in 30178ms
 GET /api/realtime 200 in 30181ms
 GET /api/realtime 200 in 30183ms
 GET /api/realtime 200 in 30185ms
 GET /api/realtime 200 in 30175ms
 GET /api/realtime 200 in 30191ms
 GET /api/realtime 200 in 30184ms
 GET /api/realtime 200 in 30239ms
 GET /api/realtime 200 in 30185ms
 GET /api/realtime 200 in 30185ms
 GET /api/realtime 200 in 30187ms
 GET /api/realtime 200 in 30187ms
 GET /api/realtime 200 in 30225ms
 GET /api/realtime 200 in 30225ms
 GET /api/realtime 200 in 30225ms
 GET /api/realtime 200 in 30225ms
 GET /api/realtime 200 in 30226ms
 GET /api/realtime 200 in 30190ms
 GET /api/realtime 200 in 30201ms
 GET /api/realtime 200 in 30203ms
 GET /api/realtime 200 in 30195ms
 GET /api/realtime 200 in 30196ms
 GET /api/realtime 200 in 30203ms
 GET /api/realtime 200 in 30197ms
 GET /api/realtime 200 in 30263ms
 GET /api/realtime 200 in 30202ms
 GET /api/realtime 200 in 30203ms
 GET /api/realtime 200 in 30196ms
 GET /api/realtime 200 in 30199ms
 GET /api/realtime 200 in 30217ms
 GET /api/realtime 200 in 30128ms
 GET /api/realtime 200 in 30229ms
 GET /api/realtime 200 in 30132ms
 GET /api/realtime 200 in 30245ms
 GET /api/realtime 200 in 30246ms
 GET /api/realtime 200 in 30237ms
 GET /api/realtime 200 in 30233ms
 GET /api/realtime 200 in 30171ms
 GET /api/realtime 200 in 30245ms
 GET /api/realtime 200 in 30247ms
 GET /api/realtime 200 in 30248ms
 GET /api/realtime 200 in 30248ms
 GET /api/realtime 200 in 30251ms
 GET /api/realtime 200 in 30237ms
 GET /api/realtime 200 in 30239ms
 GET /api/realtime 200 in 30239ms
 GET /api/realtime 200 in 30207ms
 GET /api/realtime 200 in 30205ms
 GET /api/realtime 200 in 30207ms
 GET /api/realtime 200 in 30209ms
 GET /api/realtime 200 in 30206ms
 GET /api/realtime 200 in 30195ms
 GET /api/realtime 200 in 30178ms
 GET /api/realtime 200 in 30180ms
 GET /api/realtime 200 in 30182ms
 GET /api/realtime 200 in 30182ms
 GET /api/realtime 200 in 30210ms
 GET /api/realtime 200 in 30215ms
 GET /api/realtime 200 in 30210ms
 GET /api/realtime 200 in 30195ms
 GET /api/realtime 200 in 30195ms
 GET /api/realtime 200 in 30199ms
 GET /api/realtime 200 in 30200ms
 GET /api/realtime 200 in 30246ms
 GET /api/realtime 200 in 30310ms
 GET /api/realtime 200 in 30294ms
 GET /api/realtime 200 in 30312ms
 GET /api/realtime 200 in 30316ms
 GET /api/realtime 200 in 30318ms
 GET /api/realtime 200 in 30257ms
 GET /api/realtime 200 in 30258ms
 GET /api/realtime 200 in 30242ms
 GET /api/realtime 200 in 30205ms
 GET /api/realtime 200 in 30211ms
 GET /api/realtime 200 in 30219ms
 GET /api/realtime 200 in 30274ms
 GET /api/realtime 200 in 30233ms
 GET /api/realtime 200 in 30257ms
 GET /api/realtime 200 in 30241ms
 GET /api/realtime 200 in 30242ms
 GET /api/realtime 200 in 30242ms
 GET /api/realtime 200 in 30240ms
 GET /api/realtime 200 in 30238ms
 GET /api/realtime 200 in 30241ms
 GET /api/realtime 200 in 30241ms
 GET /api/realtime 200 in 30252ms
 GET /api/realtime 200 in 30249ms
 GET /api/realtime 200 in 30356ms
 GET /api/realtime 200 in 30370ms
 GET /api/realtime 200 in 30291ms
 GET /api/realtime 200 in 30289ms
 GET /api/realtime 200 in 30371ms
 GET /api/realtime 200 in 30278ms
 GET /api/realtime 200 in 30279ms
 GET /api/realtime 200 in 30282ms
 GET /api/realtime 200 in 30332ms
 GET /api/realtime 200 in 30341ms
 GET /api/realtime 200 in 30237ms
 GET /api/realtime 200 in 30346ms
 GET /api/realtime 200 in 30260ms
 GET /api/realtime 200 in 30235ms
 GET /api/realtime 200 in 30229ms
 GET /api/realtime 200 in 30209ms
 GET /api/realtime 200 in 30190ms
 GET /api/realtime 200 in 30236ms
 GET /api/realtime 200 in 30235ms
 GET /api/realtime 200 in 30232ms
 GET /api/realtime 200 in 30221ms
 GET /api/realtime 200 in 30216ms
 GET /api/realtime 200 in 30200ms
 GET /api/realtime 200 in 30222ms
 GET /api/realtime 200 in 30222ms
 GET /api/realtime 200 in 30225ms
 GET /api/realtime 200 in 30226ms
 GET /api/realtime 200 in 30229ms
 GET /api/realtime 200 in 30284ms
 GET /api/realtime 200 in 30264ms
 GET /api/realtime 200 in 30264ms
 GET /api/realtime 200 in 30265ms
 GET /api/realtime 200 in 30267ms
 GET /api/realtime 200 in 30272ms
 GET /api/realtime 200 in 30159ms
 GET /api/realtime 200 in 30093ms
 GET /api/realtime 200 in 30243ms
 GET /api/realtime 200 in 30245ms
 GET /api/realtime 200 in 30229ms
 GET /api/realtime 200 in 30247ms
 GET /api/realtime 200 in 30168ms
 GET /api/realtime 200 in 30146ms
 GET /api/realtime 200 in 30130ms
 GET /api/realtime 200 in 30210ms
 GET /api/realtime 200 in 30182ms
 GET /api/realtime 200 in 30205ms
 GET /api/realtime 200 in 30148ms
 GET /api/realtime 200 in 30150ms
 GET /api/realtime 200 in 30183ms
 GET /api/realtime 200 in 30203ms
 GET /api/realtime 200 in 30156ms
 GET /api/realtime 200 in 30159ms
 GET /api/realtime 200 in 30134ms
 GET /api/realtime 200 in 30209ms
 GET /api/realtime 200 in 30130ms
 GET /api/realtime 200 in 30134ms
 GET /api/realtime 200 in 30103ms
 GET /api/realtime 200 in 30116ms
 GET /api/realtime 200 in 30074ms
 GET /api/realtime 200 in 30086ms
 GET /api/realtime 200 in 30077ms
 GET /api/realtime 200 in 30058ms
 GET /api/realtime 200 in 30087ms
 GET /api/realtime 200 in 30063ms
 GET /api/realtime 200 in 30058ms
 GET /api/realtime 200 in 30056ms
 GET /api/realtime 200 in 30056ms
 GET /api/realtime 200 in 30057ms
 GET /api/realtime 200 in 30059ms
 GET /api/realtime 200 in 30066ms
 GET /api/realtime 200 in 30056ms
 GET /api/realtime 200 in 30057ms
 GET /api/realtime 200 in 30064ms
 GET /api/realtime 200 in 30060ms
 GET /api/realtime 200 in 30057ms
 GET /api/realtime 200 in 30060ms
 GET /api/realtime 200 in 30060ms
 GET /api/realtime 200 in 30067ms
 GET /api/realtime 200 in 30062ms
 GET /api/realtime 200 in 30056ms
 GET /api/realtime 200 in 30056ms
 GET /api/realtime 200 in 30060ms
 GET /api/realtime 200 in 30068ms
 GET /api/realtime 200 in 30061ms
 GET /api/realtime 200 in 30057ms
 GET /api/realtime 200 in 30056ms
 GET /api/realtime 200 in 30059ms
 GET /api/realtime 200 in 30058ms
 GET /api/realtime 200 in 30058ms
 GET /api/realtime 200 in 30062ms
 GET /api/realtime 200 in 30059ms
 GET /api/realtime 200 in 30058ms
 GET /api/realtime 200 in 30063ms
 GET /api/realtime 200 in 30058ms
 GET /api/realtime 200 in 30059ms
 GET /api/realtime 200 in 30057ms
 GET /api/realtime 200 in 30058ms
 GET /api/realtime 200 in 31365ms
 GET /api/realtime 200 in 30861ms
 GET /api/realtime 200 in 31056ms
 GET /api/realtime 200 in 31102ms
 GET /api/realtime 200 in 31068ms
 GET /api/realtime 200 in 31323ms
 GET /api/realtime 200 in 31327ms
 GET /api/realtime 200 in 31083ms
 GET /api/realtime 200 in 30102ms
 GET /api/realtime 200 in 30186ms
 GET /api/realtime 200 in 30191ms
 GET /api/realtime 200 in 30103ms
 GET /api/realtime 200 in 30265ms
 GET /api/realtime 200 in 30134ms
 GET /api/realtime 200 in 30128ms
 GET /api/realtime 200 in 30197ms
 GET /api/realtime 200 in 30179ms
 GET /api/realtime 200 in 30172ms
 GET /api/realtime 200 in 30172ms
 GET /api/realtime 200 in 30173ms
 GET /api/realtime 200 in 30170ms
 GET /api/realtime 200 in 30171ms
 GET /api/realtime 200 in 30172ms
 GET /api/realtime 200 in 30167ms
 GET /api/realtime 200 in 30169ms
 GET /api/realtime 200 in 30112ms
 GET /api/realtime 200 in 30092ms
 GET /api/realtime 200 in 30150ms
 GET /api/realtime 200 in 30143ms
 GET /api/realtime 200 in 30128ms
 GET /api/realtime 200 in 30130ms
 GET /api/realtime 200 in 30198ms
 GET /api/realtime 200 in 30196ms
 GET /api/realtime 200 in 30176ms
 GET / 200 in 84ms
 GET /api/realtime 200 in 30150ms
 GET /api/realtime 200 in 30136ms
 GET /api/realtime 200 in 30147ms
 GET /api/realtime 200 in 30145ms
 GET /api/realtime 200 in 30121ms
 GET /api/auth/session 200 in 95ms
 GET /api/realtime 200 in 30164ms
 GET /api/auth/session 200 in 49ms
 GET /api/realtime 200 in 30172ms
 GET /api/realtime 200 in 30182ms
 GET /api/realtime 200 in 30134ms
 GET /api/realtime 200 in 30110ms
 GET /api/realtime 200 in 30136ms
 GET /api/realtime 200 in 30136ms
 GET /api/realtime 200 in 30124ms
 GET /api/realtime 200 in 30135ms
 GET /api/realtime 200 in 30131ms
 GET /api/realtime 200 in 30162ms
 GET /api/realtime 200 in 30132ms
 GET /api/realtime 200 in 30095ms
 GET /api/realtime 200 in 30084ms
 GET /api/realtime 200 in 30085ms
 GET /api/realtime 200 in 30143ms
 GET /api/realtime 200 in 30183ms
 GET /api/realtime 200 in 30219ms
 GET /api/realtime 200 in 30160ms
 GET /api/realtime 200 in 30215ms
 GET /api/realtime 200 in 30116ms
 GET /api/realtime 200 in 30108ms
 GET /api/realtime 200 in 30156ms
 GET /api/realtime 200 in 30164ms
 GET /api/realtime 200 in 30097ms
 GET /api/realtime 200 in 30161ms
 GET /api/realtime 200 in 30139ms
 GET /api/realtime 200 in 30174ms
 GET /api/realtime 200 in 30147ms
 GET /api/realtime 200 in 30140ms
 GET /api/realtime 200 in 30157ms
 GET /api/realtime 200 in 30163ms
 GET /api/realtime 200 in 30116ms
 GET /api/realtime 200 in 30092ms
 GET /api/realtime 200 in 30127ms
 GET /api/realtime 200 in 30099ms
 GET /api/realtime 200 in 30080ms
 GET /api/realtime 200 in 30088ms
 GET /api/realtime 200 in 30057ms
 GET /api/realtime 200 in 30057ms
 GET /api/realtime 200 in 30059ms
 GET /api/realtime 200 in 30056ms
 GET /api/realtime 200 in 30060ms
 GET /api/realtime 200 in 30058ms
 GET /api/realtime 200 in 30058ms
 GET /api/realtime 200 in 30064ms
 GET /api/realtime 200 in 30056ms
[?25h
