  ▲ Next.js 14.2.28
  - Local:        http://localhost:3000
  - Environments: .env
  - Experiments (use with caution):
    · outputFileTracingRoot

 ✓ Starting...
 ✓ Ready in 1804ms
 ○ Compiling / ...
 ✓ Compiled / in 2s (611 modules)
 GET / 200 in 2656ms
 ✓ Compiled in 617ms (297 modules)
 ✓ Compiled /api/auth/[...nextauth] in 495ms (555 modules)
 GET /api/auth/providers 200 in 996ms
 GET / 200 in 128ms
 GET /api/auth/session 200 in 74ms
 GET /api/auth/session 200 in 60ms
 ○ Compiling /login ...
 ✓ Compiled /login in 1016ms (912 modules)
 GET /signup 200 in 1270ms
 GET /login 200 in 1269ms
 GET / 200 in 1271ms
 GET / 200 in 114ms
 GET / 200 in 113ms
 GET /api/auth/session 200 in 148ms
 GET /api/auth/session 200 in 60ms
 GET /api/auth/session 200 in 64ms
 GET /api/auth/session 200 in 146ms
 GET /api/auth/session 200 in 77ms
 GET /api/auth/session 200 in 60ms
 GET /api/auth/session 200 in 73ms
 GET /api/auth/session 200 in 58ms
 GET /api/auth/session 200 in 62ms
 GET /api/auth/session 200 in 76ms
 GET /api/auth/session 200 in 59ms
 GET /api/auth/session 200 in 56ms
 GET /api/auth/session 200 in 61ms
 GET /api/auth/session 200 in 85ms
 GET /api/auth/session 200 in 70ms
 GET /api/auth/session 200 in 65ms
 GET /api/auth/session 200 in 75ms
 GET /api/auth/csrf 200 in 71ms
 ✓ Compiled /api/signup in 152ms (619 modules)
 POST /api/signup 200 in 651ms
 GET / 200 in 106ms
 GET /api/auth/signin 302 in 85ms
 GET /login?callbackUrl=https://2aa0dff87.preview.abacusai.app 200 in 76ms
 GET /api/auth/csrf 200 in 59ms
 POST /api/auth/callback/credentials 302 in 374ms
 ✓ Compiled /middleware in 191ms (174 modules)
 ○ Compiling /dashboard ...
 ✓ Compiled /dashboard in 1532ms (1921 modules)
 GET /dashboard 200 in 1833ms
 GET / 200 in 116ms
 GET /dashboard 200 in 115ms
 GET /api/auth/session 200 in 97ms
 ✓ Compiled /api/realtime in 402ms (1120 modules)
 ✓ Compiled (1132 modules)
 GET /api/auth/session 200 in 795ms
 GET /api/dashboard/agenda 200 in 834ms
 GET /api/notifications?limit=10 200 in 837ms
 GET /api/realtime 200 in 484ms
 GET /api/auth/session 200 in 160ms
 GET /api/dashboard/agenda 200 in 174ms
 GET /api/notifications?limit=10 200 in 175ms
 GET /api/realtime 200 in 208ms
 GET /api/auth/session 200 in 170ms
 GET /api/notifications?limit=10 200 in 163ms
 GET /api/dashboard/agenda 200 in 176ms
 GET /api/realtime 200 in 182ms
 GET /api/auth/session 200 in 129ms
 GET /api/notifications?limit=10 200 in 141ms
 GET /api/dashboard/agenda 200 in 142ms
 GET /api/realtime 200 in 64ms
 GET /api/auth/session 200 in 135ms
 GET /api/realtime 200 in 136ms
 GET /api/realtime 200 in 89ms
 GET /api/realtime 200 in 97ms
 GET /api/realtime 200 in 79ms
 GET /api/realtime 200 in 78ms
 GET /api/realtime 200 in 82ms
 GET /api/realtime 200 in 83ms
 GET /api/realtime 200 in 78ms
 GET /api/realtime 200 in 77ms
 GET /api/realtime 200 in 79ms
 GET /api/realtime 200 in 83ms
 GET /api/realtime 200 in 78ms
 GET /api/realtime 200 in 73ms
 GET /api/realtime 200 in 79ms
 GET /api/realtime 200 in 161ms
 GET /api/realtime 200 in 77ms
 GET /api/realtime 200 in 77ms
 GET /api/realtime 200 in 500ms
 GET /api/realtime 200 in 83ms
 GET /api/realtime 200 in 80ms
 GET /api/realtime 200 in 172ms
 GET /api/realtime 200 in 83ms
 GET /api/realtime 200 in 35ms
 GET /api/realtime 200 in 4283ms
 ○ Compiling /rfis ...
 ✓ Compiled /rfis in 4.1s (3605 modules)
 GET /projects/new 200 in 5634ms
 GET /budget 200 in 5645ms
 GET /site-diary 200 in 5658ms
 GET /settings 200 in 5633ms
 GET /documents 200 in 5671ms
 GET /meetings 200 in 5575ms
 GET /daily-reports 200 in 5634ms
 GET /projects 200 in 5649ms
 GET /reports 200 in 5581ms
 GET /rfis 200 in 5584ms
 GET /team 200 in 5642ms
 GET /safety 200 in 5589ms
 GET /company 200 in 5590ms
 GET /equipment 200 in 5685ms
 GET /tasks 200 in 5594ms
 GET /projects/project-mall-renovation 200 in 5686ms
 GET /projects/project-downtown-office?tab=daily-reports 200 in 5628ms
 GET /projects/project-downtown-office 200 in 5630ms
 GET /projects/project-downtown-office?tab=tasks 200 in 5630ms
 GET /projects/project-riverside-homes 200 in 5664ms
 GET /api/notifications?limit=10 200 in 377ms
 GET /api/realtime 200 in 209ms
 GET /api/auth/session 200 in 426ms
 GET /api/notifications?limit=10 200 in 613ms
 GET /api/realtime 200 in 586ms
 GET /api/realtime 200 in 588ms
 GET /api/realtime 200 in 636ms
 GET /api/realtime 200 in 581ms
 GET /api/realtime 200 in 464ms
 GET /api/realtime 200 in 360ms
 GET /api/realtime 200 in 373ms
 GET /api/realtime 200 in 548ms
 GET /api/auth/session 200 in 555ms
 ○ Compiling /api/company/stats ...
 GET /api/realtime 200 in 4494ms
 GET /api/realtime 200 in 4232ms
 GET /api/realtime 200 in 4433ms
 GET /api/realtime 200 in 4399ms
 GET /api/realtime 200 in 4097ms
 GET /api/realtime 200 in 4314ms
 GET /api/realtime 200 in 4097ms
 GET /api/realtime 200 in 4333ms
 ✓ Compiled /api/company/stats in 3.7s (1995 modules)
 POST /api/auth/_log 200 in 799ms
 ○ Compiling /company/invitations ...
 ✓ Compiled /company/invitations in 2.6s (3691 modules)
 GET /change-orders 200 in 2980ms
 GET /company/invitations 200 in 2981ms
 GET /company/usage 200 in 2981ms
 GET /submittals 200 in 2982ms
 GET /company/settings 307 in 2982ms
 GET /company/team 200 in 2983ms
 GET /dashboard 200 in 241ms
 ○ Compiling /api/company/invitations ...
 ✓ Compiled /api/company/invitations in 765ms (2052 modules)
 GET /api/auth/session 200 in 1527ms
 GET /api/notifications?limit=10 200 in 1567ms
 GET /api/dashboard/agenda 200 in 1427ms
 GET /api/company/invitations? 200 in 1642ms
 GET /api/realtime 200 in 975ms
 GET /api/realtime 200 in 1333ms
 GET /api/realtime 200 in 1337ms
 GET /api/auth/session 200 in 214ms
 GET /api/notifications?limit=10 200 in 275ms
 GET /api/realtime 200 in 223ms
 GET /api/realtime 200 in 231ms
 GET /api/dashboard/agenda 200 in 308ms
 GET /api/company/invitations? 200 in 273ms
 GET /api/realtime 200 in 298ms
 GET /api/auth/session 200 in 231ms
 GET /api/realtime 200 in 203ms
 GET /api/realtime 200 in 218ms
 GET /api/notifications?limit=10 200 in 249ms
 GET /api/company/invitations? 200 in 229ms
 GET /api/dashboard/agenda 200 in 263ms
 GET /api/realtime 200 in 226ms
 GET /api/auth/session 200 in 177ms
 GET /api/realtime 200 in 197ms
 GET /api/realtime 200 in 198ms
 GET /api/notifications?limit=10 200 in 260ms
 GET /api/company/invitations? 200 in 267ms
 GET /api/dashboard/agenda 200 in 217ms
 GET /api/realtime 200 in 251ms
 GET /api/auth/session 200 in 251ms
 GET /api/realtime 200 in 238ms
 GET /api/realtime 200 in 242ms
 GET /api/notifications?limit=10 200 in 215ms
 GET /api/realtime 200 in 209ms
 GET /api/auth/session 200 in 156ms
 GET /api/realtime 200 in 162ms
 GET /api/notifications?limit=10 200 in 157ms
 GET /api/realtime 200 in 122ms
 GET /api/realtime 200 in 181ms
 GET /api/auth/session 200 in 188ms
 GET /api/realtime 200 in 240ms
 GET /api/notifications?limit=10 200 in 363ms
 GET /api/realtime 200 in 373ms
 GET /api/realtime 200 in 427ms
 GET /api/auth/session 200 in 369ms
 GET /api/realtime 200 in 396ms
 GET /api/realtime 200 in 259ms
 GET /api/notifications?limit=10 200 in 285ms
 GET /api/realtime 200 in 232ms
 GET /api/auth/session 200 in 148ms
 GET /api/realtime 200 in 110ms
 GET /api/realtime 200 in 3769ms
 GET /api/notifications?limit=10 200 in 171ms
 GET /api/realtime 200 in 162ms
 GET /api/realtime 200 in 3850ms
 GET /api/auth/session 200 in 223ms
 GET /api/realtime 200 in 373ms
 GET /api/notifications?limit=10 200 in 136ms
 GET /api/auth/session 200 in 121ms
 GET /api/notifications?limit=10 200 in 98ms
 GET /api/realtime 200 in 139ms
 GET /api/auth/session 200 in 152ms
 GET /api/realtime 200 in 159ms
 GET /api/notifications?limit=10 200 in 171ms
 GET /api/auth/session 200 in 86ms
 GET /api/realtime 200 in 4283ms
 GET /api/auth/session 200 in 59ms
 GET /api/auth/session 200 in 89ms
[?25h
