  ▲ Next.js 14.2.28
  - Local:        http://localhost:3000
  - Environments: .env
  - Experiments (use with caution):
    · outputFileTracingRoot

 ✓ Starting...
 ✓ Ready in 2.2s
 ○ Compiling / ...
 ✓ Compiled / in 2.4s (596 modules)
 ✓ Compiled in 427ms (296 modules)
 GET / 200 in 2814ms
 GET / 200 in 52ms
 GET / 200 in 48ms
 GET / 200 in 48ms
 ✓ Compiled /api/auth/[...nextauth] in 423ms (541 modules)
 GET /api/auth/session 200 in 885ms
 GET /api/auth/session 200 in 44ms
 ○ Compiling /login ...
 ✓ Compiled /login in 652ms (871 modules)
 GET / 200 in 93ms
 GET / 200 in 46ms
 GET / 200 in 49ms
 GET / 200 in 50ms
 GET / 200 in 43ms
[?25h
