➤ YN0000: · Yarn 4.12.0
➤ YN0000: ┌ Resolution step
➤ YN0000: └ Completed
➤ YN0000: ┌ Post-resolution validation
➤ YN0060: │ @typescript-eslint/parser is listed by your project with version 7.0.0 (p6cb6c0), which doesn't satisfy what @typescript-eslint/eslint-plugin requests (^6.0.0-alpha).
➤ YN0060: │ eslint is listed by your project with version 9.24.0 (pe6e000), which doesn't satisfy what @typescript-eslint/eslint-plugin and other dependencies request (^8.57.0).
➤ YN0002: │ app@workspace:. doesn't provide prettier (pd88b5f), requested by eslint-plugin-prettier.
➤ YN0086: │ Some peer dependencies are incorrectly met by your project; run yarn explain peer-requirements <hash> for details, where <hash> is the six-letter p-prefixed code.
➤ YN0086: │ Some peer dependencies are incorrectly met by dependencies; run yarn explain peer-requirements for details.
➤ YN0000: └ Completed
➤ YN0000: ┌ Fetch step
➤ YN0000: └ Completed in 0s 895ms
➤ YN0000: ┌ Link step
➤ YN0000: └ Completed in 0s 217ms
➤ YN0000: · Done with warnings in 1s 310ms
Environment variables loaded from .env
Prisma schema loaded from prisma/schema.prisma

✔ Generated Prisma Client (v6.7.0) to ./node_modules/.prisma/client in 454ms

Start by importing your Prisma Client (See: https://pris.ly/d/importing-client)

Tip: Need your database queries to be 1000x faster? Accelerate offers you that and more: https://pris.ly/tip-2-accelerate

Starting server...
  ▲ Next.js 14.2.28
  - Local:        http://localhost:3000
  - Environments: .env
  - Experiments (use with caution):
    · outputFileTracingRoot

 ✓ Starting...
 ✓ Ready in 1936ms
 ✓ Compiled / in 430ms (272 modules)
 ✓ Compiled in 2s (297 modules)
 GET / 200 in 3227ms
 ✓ Compiled in 787ms (297 modules)
 GET /api/realtime 200 in 3425ms
 GET /api/realtime 200 in 269ms
 GET /api/realtime 200 in 249ms
 GET /api/realtime 200 in 306ms
 GET / 200 in 98ms
 GET / 200 in 88ms
 GET /api/realtime 200 in 268ms
 GET / 200 in 92ms
 GET /api/realtime 200 in 259ms
 GET / 200 in 97ms
 GET / 200 in 89ms
 GET /api/realtime 200 in 262ms
 GET / 200 in 105ms
 GET /api/realtime 200 in 243ms
 GET /api/realtime 200 in 255ms
 GET /api/realtime 200 in 259ms
 GET /api/realtime 200 in 251ms
 GET /api/realtime 200 in 253ms
 GET /api/realtime 200 in 314ms
 ✓ Compiled /api/auth/[...nextauth] in 344ms (558 modules)
 GET /api/realtime 200 in 579ms
 GET /api/auth/session 200 in 885ms
 GET /api/realtime 200 in 251ms
 GET /api/auth/session 200 in 136ms
 GET /api/realtime 200 in 335ms
 GET /api/auth/session 200 in 138ms
 GET /api/realtime 200 in 317ms
 GET /api/realtime 200 in 278ms
 GET /api/realtime 200 in 259ms
 GET /api/realtime 200 in 239ms
 GET /api/realtime 200 in 257ms
 GET /api/realtime 200 in 249ms
 GET /api/realtime 200 in 347ms
 GET /api/realtime 200 in 292ms
 GET / 200 in 142ms
 GET /api/realtime 200 in 333ms
 GET /api/realtime 200 in 272ms
 ○ Compiling /login ...
 ✓ Compiled /login in 788ms (899 modules)
 GET /api/realtime 200 in 728ms
 GET /api/realtime 200 in 266ms
 GET /api/realtime 200 in 266ms
 GET /api/realtime 200 in 262ms
 GET /api/realtime 200 in 252ms
 GET /api/realtime 200 in 251ms
 GET /api/realtime 200 in 243ms
 GET /api/realtime 200 in 257ms
 GET /api/realtime 200 in 302ms
 GET /api/realtime 200 in 298ms
 GET /api/realtime 200 in 287ms
 GET /api/realtime 200 in 271ms
 GET /api/realtime 200 in 297ms
 GET /api/realtime 200 in 260ms
 GET /api/realtime 200 in 319ms
 GET /api/realtime 200 in 293ms
 GET /api/realtime 200 in 244ms
 GET /api/realtime 200 in 269ms
 GET /api/realtime 200 in 279ms
 GET /api/realtime 200 in 271ms
 GET /api/realtime 200 in 279ms
 GET /api/realtime 200 in 277ms
 GET /api/realtime 200 in 287ms
 GET /api/realtime 200 in 271ms
 GET /api/realtime 200 in 246ms
 GET /api/realtime 200 in 250ms
 GET /api/realtime 200 in 293ms
 GET /api/realtime 200 in 279ms
 GET /api/realtime 200 in 311ms
 GET /api/realtime 200 in 299ms
 GET /api/realtime 200 in 302ms
 GET /api/realtime 200 in 329ms
 GET /api/realtime 200 in 249ms
 GET / 200 in 135ms
 GET /api/realtime 200 in 283ms
 GET /api/realtime 200 in 278ms
 GET /api/realtime 200 in 236ms
 GET /api/realtime 200 in 239ms
 GET /api/realtime 200 in 257ms
 GET /api/realtime 200 in 263ms
 GET /api/realtime 200 in 241ms
 GET /api/realtime 200 in 251ms
 GET /api/realtime 200 in 272ms
 GET /api/realtime 200 in 345ms
 GET /api/realtime 200 in 293ms
 GET /api/realtime 200 in 277ms
 GET /api/realtime 200 in 263ms
 GET /api/realtime 200 in 244ms
 GET /api/realtime 200 in 253ms
 GET /api/realtime 200 in 266ms
 GET /api/realtime 200 in 257ms
 GET /api/realtime 200 in 284ms
 GET /api/realtime 200 in 275ms
 GET /api/realtime 200 in 376ms
 GET /api/realtime 200 in 526ms
 GET /api/realtime 200 in 442ms
 GET /api/realtime 200 in 476ms
 GET /api/realtime 200 in 535ms
 GET /api/realtime 200 in 590ms
 GET /api/realtime 200 in 482ms
 GET /api/realtime 200 in 535ms
 GET /api/realtime 200 in 546ms
 GET /api/realtime 200 in 577ms
 GET /api/realtime 200 in 561ms
 GET /api/realtime 200 in 550ms
 GET /api/realtime 200 in 558ms
 GET /api/realtime 200 in 567ms
 GET /api/realtime 200 in 568ms
 GET /api/realtime 200 in 473ms
 GET / 200 in 91ms
 GET /api/realtime 200 in 560ms
 GET /api/realtime 200 in 476ms
 GET /api/realtime 200 in 521ms
 GET /api/realtime 200 in 576ms
 GET /api/realtime 200 in 595ms
 GET / 200 in 107ms
 GET /api/realtime 200 in 488ms
 GET /api/realtime 200 in 509ms
 GET /api/realtime 200 in 538ms
 GET /api/realtime 200 in 602ms
 GET /api/realtime 200 in 554ms
 GET /api/realtime 200 in 700ms
 GET /api/realtime 200 in 568ms
 GET /api/realtime 200 in 579ms
 GET /api/realtime 200 in 602ms
 GET /api/realtime 200 in 580ms
 GET /api/realtime 200 in 601ms
 GET /api/realtime 200 in 285ms
 GET /api/realtime 200 in 293ms
 GET /api/realtime 200 in 2034ms
 GET /api/realtime 200 in 1091ms
 GET /api/realtime 200 in 316ms
 GET /api/realtime 200 in 606ms
 GET /api/realtime 200 in 1010ms
 GET /api/realtime 200 in 1895ms
 GET / 200 in 113ms
 GET /api/realtime 200 in 1821ms
 GET /api/realtime 200 in 275ms
 GET /api/realtime 200 in 329ms
 GET /api/realtime 200 in 262ms
 GET /api/realtime 200 in 247ms
 GET /api/realtime 200 in 268ms
 GET /api/realtime 200 in 269ms
 GET /api/realtime 200 in 257ms
 GET /api/realtime 200 in 274ms
 GET /api/realtime 200 in 248ms
 GET /api/realtime 200 in 269ms
 GET /api/realtime 200 in 262ms
 GET /api/realtime 200 in 261ms
 GET /api/realtime 200 in 274ms
 GET /api/realtime 200 in 242ms
 GET /api/realtime 200 in 265ms
 GET /api/realtime 200 in 247ms
 GET /api/realtime 200 in 266ms
 GET /api/realtime 200 in 253ms
 GET /api/realtime 200 in 270ms
 GET /api/realtime 200 in 277ms
 GET /api/realtime 200 in 253ms
 GET /api/realtime 200 in 234ms
 GET /api/realtime 200 in 239ms
 GET /api/realtime 200 in 253ms
 GET /api/realtime 200 in 268ms
 GET /api/realtime 200 in 277ms
 GET /api/realtime 200 in 419ms
 GET /api/realtime 200 in 243ms
 GET /api/realtime 200 in 257ms
 GET /api/realtime 200 in 247ms
 GET /api/realtime 200 in 268ms
 GET /api/realtime 200 in 258ms
 GET /api/realtime 200 in 249ms
 GET /api/realtime 200 in 244ms
 GET /api/realtime 200 in 254ms
 GET /api/realtime 200 in 244ms
 GET /api/realtime 200 in 290ms
 GET / 200 in 96ms
 GET /api/realtime 200 in 281ms
 GET /api/realtime 200 in 266ms
 GET /api/realtime 200 in 250ms
 GET /api/realtime 200 in 239ms
 GET /api/realtime 200 in 274ms
 GET /api/realtime 200 in 261ms
 GET /api/realtime 200 in 260ms
 GET /api/realtime 200 in 275ms
 GET /api/realtime 200 in 256ms
 GET / 200 in 99ms
 GET /api/realtime 200 in 260ms
 GET /api/realtime 200 in 261ms
 GET /api/realtime 200 in 275ms
 GET /api/realtime 200 in 267ms
 GET /api/realtime 200 in 262ms
 GET /api/realtime 200 in 240ms
 GET /api/realtime 200 in 243ms
 GET /api/realtime 200 in 255ms
 GET /api/realtime 200 in 260ms
 GET /api/realtime 200 in 819ms
 GET /api/realtime 200 in 383ms
 GET /api/realtime 200 in 301ms
 GET /api/realtime 200 in 276ms
 GET /api/realtime 200 in 270ms
 GET /api/realtime 200 in 264ms
 GET /api/realtime 200 in 265ms
 GET /api/realtime 200 in 254ms
 GET /api/realtime 200 in 267ms
 GET /api/realtime 200 in 261ms
 GET /api/realtime 200 in 256ms
 GET /api/realtime 200 in 280ms
 GET /api/realtime 200 in 292ms
 GET /api/realtime 200 in 256ms
 GET /api/realtime 200 in 257ms
 GET /api/realtime 200 in 292ms
 GET /api/realtime 200 in 246ms
 GET /api/realtime 200 in 241ms
 GET /api/realtime 200 in 265ms
 GET /api/realtime 200 in 321ms
 GET /api/realtime 200 in 268ms
 GET /api/realtime 200 in 303ms
 GET / 200 in 96ms
 GET /api/realtime 200 in 279ms
 GET /api/realtime 200 in 270ms
 GET /api/realtime 200 in 478ms
 GET /api/realtime 200 in 275ms
 GET /api/realtime 200 in 252ms
 GET /api/realtime 200 in 296ms
 GET /api/realtime 200 in 270ms
 GET /api/realtime 200 in 373ms
 GET /api/realtime 200 in 271ms
 GET /api/realtime 200 in 264ms
 GET /api/realtime 200 in 244ms
 GET /api/realtime 200 in 248ms
 GET /api/realtime 200 in 262ms
 GET /api/realtime 200 in 272ms
 GET /api/realtime 200 in 262ms
 GET /api/realtime 200 in 249ms
 GET /api/realtime 200 in 238ms
 GET /api/realtime 200 in 234ms
 GET /api/realtime 200 in 266ms
 GET /api/realtime 200 in 298ms
 GET /api/realtime 200 in 310ms
 GET /api/realtime 200 in 382ms
 GET /api/realtime 200 in 262ms
 GET /api/realtime 200 in 254ms
 GET /api/realtime 200 in 275ms
 GET /api/realtime 200 in 246ms
 GET /api/realtime 200 in 251ms
 GET /api/realtime 200 in 300ms
 GET /api/realtime 200 in 258ms
 GET /api/realtime 200 in 446ms
 GET /api/realtime 200 in 252ms
 GET /api/realtime 200 in 265ms
 GET /api/realtime 200 in 264ms
 GET /api/realtime 200 in 264ms
 GET /api/realtime 200 in 246ms
 GET /api/realtime 200 in 308ms
 GET /api/realtime 200 in 361ms
 GET /api/realtime 200 in 269ms
 GET /api/realtime 200 in 271ms
 GET / 200 in 97ms
 GET /api/realtime 200 in 277ms
 GET /api/realtime 200 in 297ms
 GET /api/realtime 200 in 257ms
 GET /api/realtime 200 in 343ms
 GET /api/realtime 200 in 308ms
 GET /api/realtime 200 in 273ms
 GET /api/realtime 200 in 262ms
 GET / 200 in 121ms
 GET /api/realtime 200 in 255ms
 GET /api/realtime 200 in 262ms
 GET /api/realtime 200 in 246ms
 GET /api/realtime 200 in 414ms
 GET /api/realtime 200 in 270ms
 GET /api/realtime 200 in 258ms
 GET /api/realtime 200 in 265ms
 GET /api/realtime 200 in 257ms
 GET /api/realtime 200 in 405ms
 GET /api/realtime 200 in 299ms
 GET /api/realtime 200 in 255ms
 GET /api/realtime 200 in 336ms
 GET /api/realtime 200 in 271ms
 GET /api/realtime 200 in 338ms
 GET /api/realtime 200 in 264ms
 GET /api/realtime 200 in 238ms
 GET /api/realtime 200 in 292ms
 GET /api/realtime 200 in 287ms
 GET /api/realtime 200 in 259ms
 GET /api/realtime 200 in 246ms
 GET /api/realtime 200 in 262ms
 GET /api/realtime 200 in 889ms
 GET /api/realtime 200 in 251ms
 GET /api/realtime 200 in 266ms
 GET /api/realtime 200 in 259ms
 GET /api/realtime 200 in 261ms
 GET /api/realtime 200 in 244ms
 GET /api/realtime 200 in 267ms
 GET /api/realtime 200 in 257ms
 GET /api/realtime 200 in 265ms
 GET /api/realtime 200 in 247ms
 GET /api/realtime 200 in 415ms
 GET /api/realtime 200 in 271ms
 GET /api/realtime 200 in 368ms
 GET /api/realtime 200 in 325ms
 GET /api/realtime 200 in 245ms
 GET /api/realtime 200 in 322ms
 GET /api/realtime 200 in 415ms
 GET /api/realtime 200 in 302ms
 GET /api/realtime 200 in 379ms
 GET /api/realtime 200 in 242ms
 GET /api/realtime 200 in 244ms
 GET /api/realtime 200 in 401ms
 GET /api/realtime 200 in 270ms
 GET /api/realtime 200 in 296ms
 GET /api/realtime 200 in 344ms
 GET /api/realtime 200 in 256ms
 GET /api/realtime 200 in 289ms
 GET /api/realtime 200 in 255ms
 GET /api/realtime 200 in 290ms
 GET /api/realtime 200 in 258ms
 GET /api/realtime 200 in 250ms
 GET /api/realtime 200 in 272ms
 GET /api/realtime 200 in 251ms
 GET /api/realtime 200 in 339ms
 GET /api/realtime 200 in 261ms
 GET /api/realtime 200 in 290ms
 GET /api/realtime 200 in 266ms
 GET /api/realtime 200 in 279ms
 GET /api/realtime 200 in 245ms
 GET /api/realtime 200 in 326ms
 GET /api/realtime 200 in 259ms
 GET /api/realtime 200 in 257ms
 GET /api/realtime 200 in 247ms
 GET /api/realtime 200 in 255ms
 GET /api/realtime 200 in 321ms
 GET /api/realtime 200 in 263ms
 GET /api/realtime 200 in 252ms
 GET /api/realtime 200 in 279ms
 GET /api/realtime 200 in 362ms
 GET /api/realtime 200 in 270ms
 GET /api/realtime 200 in 362ms
 GET /api/realtime 200 in 459ms
 GET / 200 in 116ms
 GET / 200 in 109ms
 GET /api/realtime 200 in 2985ms
 GET /api/realtime 200 in 375ms
 GET /api/realtime 200 in 386ms
 GET /api/realtime 200 in 354ms
 GET /api/realtime 200 in 259ms
 GET /api/realtime 200 in 276ms
 GET /api/realtime 200 in 265ms
 GET /api/realtime 200 in 268ms
 GET /api/realtime 200 in 268ms
 GET /api/realtime 200 in 334ms
 GET /api/realtime 200 in 272ms
 GET /api/realtime 200 in 261ms
 GET /api/realtime 200 in 263ms
 GET /api/realtime 200 in 252ms
 GET /api/realtime 200 in 261ms
 GET /api/realtime 200 in 257ms
 GET /api/realtime 200 in 267ms
 GET /api/realtime 200 in 254ms
 GET /api/realtime 200 in 265ms
 GET /api/realtime 200 in 262ms
 GET /api/realtime 200 in 404ms
 GET /api/realtime 200 in 279ms
 GET /api/realtime 200 in 282ms
 GET /api/realtime 200 in 254ms
 GET /api/realtime 200 in 260ms
 GET /api/realtime 200 in 268ms
 GET /api/realtime 200 in 258ms
 GET /api/realtime 200 in 249ms
 GET /api/realtime 200 in 271ms
 GET /api/realtime 200 in 278ms
 GET /api/realtime 200 in 262ms
 GET /api/realtime 200 in 369ms
 GET /api/realtime 200 in 246ms
 GET /api/realtime 200 in 274ms
 GET /api/realtime 200 in 349ms
 GET /api/realtime 200 in 281ms
 GET /api/realtime 200 in 238ms
 GET /api/realtime 200 in 267ms
 GET /api/realtime 200 in 252ms
 GET /api/realtime 200 in 308ms
 GET /api/realtime 200 in 241ms
 GET /api/realtime 200 in 253ms
 GET /api/realtime 200 in 297ms
 GET /api/realtime 200 in 257ms
 GET /api/realtime 200 in 441ms
 GET /api/realtime 200 in 660ms
 GET /api/realtime 200 in 312ms
 GET /api/realtime 200 in 267ms
 GET /api/realtime 200 in 250ms
 GET /api/realtime 200 in 240ms
 GET /api/realtime 200 in 296ms
 GET /api/realtime 200 in 256ms
 GET /api/realtime 200 in 275ms
 GET /api/realtime 200 in 258ms
 GET /api/realtime 200 in 264ms
 GET /api/realtime 200 in 304ms
 GET /api/realtime 200 in 266ms
 GET /api/realtime 200 in 267ms
 GET /api/realtime 200 in 264ms
 GET /api/realtime 200 in 251ms
 GET /api/realtime 200 in 246ms
 GET /api/realtime 200 in 257ms
 GET /api/realtime 200 in 262ms
 GET /api/realtime 200 in 271ms
 GET /api/realtime 200 in 272ms
 GET /api/realtime 200 in 264ms
 GET /api/realtime 200 in 248ms
 GET /api/realtime 200 in 271ms
 GET /api/realtime 200 in 246ms
 GET /api/realtime 200 in 404ms
 GET /api/realtime 200 in 276ms
 GET /api/realtime 200 in 253ms
 GET /api/realtime 200 in 258ms
 GET /api/realtime 200 in 258ms
 GET /api/realtime 200 in 249ms
 GET /api/realtime 200 in 275ms
 GET /api/realtime 200 in 278ms
 GET / 200 in 143ms
 GET /api/realtime 200 in 328ms
 GET / 200 in 92ms
 GET /api/realtime 200 in 739ms
 GET /api/realtime 200 in 254ms
 GET /api/realtime 200 in 256ms
 GET /api/realtime 200 in 249ms
 GET /api/realtime 200 in 241ms
 GET /api/realtime 200 in 308ms
 GET /api/realtime 200 in 391ms
 GET /api/realtime 200 in 268ms
 GET /api/realtime 200 in 262ms
 GET /api/realtime 200 in 244ms
 GET /api/realtime 200 in 270ms
 GET /api/realtime 200 in 261ms
 GET /api/realtime 200 in 242ms
 GET /api/realtime 200 in 258ms
 GET /api/realtime 200 in 248ms
 GET /api/realtime 200 in 250ms
 GET /api/realtime 200 in 247ms
 GET /api/realtime 200 in 253ms
 GET /api/realtime 200 in 257ms
 GET /api/realtime 200 in 275ms
 GET /api/realtime 200 in 241ms
 GET /api/realtime 200 in 256ms
 GET /api/realtime 200 in 282ms
 GET /api/realtime 200 in 320ms
 GET /api/realtime 200 in 248ms
 GET /api/realtime 200 in 258ms
 GET /api/realtime 200 in 400ms
 GET /api/realtime 200 in 239ms
 GET /api/realtime 200 in 254ms
 GET /api/realtime 200 in 257ms
 GET /api/realtime 200 in 244ms
 GET /api/realtime 200 in 259ms
 GET /api/realtime 200 in 276ms
 GET /api/realtime 200 in 253ms
 GET /api/realtime 200 in 300ms
 GET /api/realtime 200 in 410ms
 GET /api/realtime 200 in 263ms
 GET /api/realtime 200 in 256ms
 GET /api/realtime 200 in 303ms
 GET /api/realtime 200 in 377ms
 GET /api/realtime 200 in 263ms
 GET /api/realtime 200 in 269ms
 GET /api/realtime 200 in 261ms
 GET /api/realtime 200 in 276ms
 GET /api/realtime 200 in 242ms
 GET /api/realtime 200 in 261ms
 GET /api/realtime 200 in 891ms
 GET /api/realtime 200 in 472ms
 GET /api/realtime 200 in 293ms
 GET /api/realtime 200 in 265ms
 GET /api/realtime 200 in 243ms
 GET /api/realtime 200 in 236ms
 GET /api/realtime 200 in 319ms
 GET /api/realtime 200 in 340ms
 GET /api/realtime 200 in 276ms
 GET /api/realtime 200 in 329ms
 GET /api/realtime 200 in 245ms
 GET /api/realtime 200 in 309ms
 GET /api/realtime 200 in 232ms
 GET /api/realtime 200 in 267ms
 GET /api/realtime 200 in 251ms
 GET /api/realtime 200 in 259ms
 GET /api/realtime 200 in 260ms
 GET /api/realtime 200 in 256ms
 GET /api/realtime 200 in 267ms
 GET /api/realtime 200 in 258ms
 GET /api/realtime 200 in 267ms
 GET /api/realtime 200 in 268ms
 GET /api/realtime 200 in 245ms
 GET /api/realtime 200 in 257ms
 GET /api/realtime 200 in 270ms
 GET /api/realtime 200 in 266ms
 GET /api/realtime 200 in 261ms
 GET /api/realtime 200 in 263ms
 GET /api/realtime 200 in 257ms
 GET /api/realtime 200 in 247ms
 GET /api/realtime 200 in 251ms
 GET / 200 in 87ms
 GET / 200 in 90ms
 GET /api/realtime 200 in 280ms
 GET /api/realtime 200 in 243ms
 GET /api/realtime 200 in 247ms
 GET /api/realtime 200 in 272ms
 GET /api/realtime 200 in 274ms
 GET /api/realtime 200 in 250ms
 GET /api/realtime 200 in 248ms
 GET /api/realtime 200 in 270ms
 GET /api/realtime 200 in 254ms
 GET /api/realtime 200 in 258ms
 GET /api/realtime 200 in 315ms
 GET /api/realtime 200 in 273ms
 GET /api/realtime 200 in 256ms
 GET /api/realtime 200 in 277ms
 GET /api/realtime 200 in 311ms
 GET /api/realtime 200 in 252ms
 GET /api/realtime 200 in 251ms
 GET /api/realtime 200 in 255ms
 GET /api/realtime 200 in 240ms
 GET /api/realtime 200 in 279ms
 GET /api/realtime 200 in 262ms
 GET /api/realtime 200 in 340ms
 GET /api/realtime 200 in 286ms
 GET /api/realtime 200 in 259ms
 GET /api/realtime 200 in 499ms
 GET /api/realtime 200 in 257ms
 GET /api/realtime 200 in 262ms
 GET /api/realtime 200 in 348ms
 GET /api/realtime 200 in 245ms
 GET /api/realtime 200 in 249ms
 GET /api/realtime 200 in 371ms
 GET /api/realtime 200 in 285ms
 GET /api/realtime 200 in 315ms
 GET /api/realtime 200 in 305ms
 GET /api/realtime 200 in 302ms
 GET /api/realtime 200 in 363ms
 GET /api/realtime 200 in 345ms
 GET /api/realtime 200 in 266ms
 GET /api/realtime 200 in 284ms
 GET /api/realtime 200 in 246ms
 GET /api/realtime 200 in 677ms
 GET /api/realtime 200 in 367ms
 GET /api/realtime 200 in 296ms
 GET /api/realtime 200 in 258ms
 GET /api/realtime 200 in 258ms
 GET /api/realtime 200 in 321ms
 GET /api/realtime 200 in 266ms
 GET /api/realtime 200 in 254ms
 GET /api/realtime 200 in 249ms
 GET /api/realtime 200 in 247ms
 GET /api/realtime 200 in 286ms
 GET /api/realtime 200 in 259ms
 GET /api/realtime 200 in 292ms
 GET /api/realtime 200 in 258ms
 GET /api/realtime 200 in 256ms
 GET /api/realtime 200 in 273ms
 GET /api/realtime 200 in 260ms
 GET /api/realtime 200 in 264ms
 GET /api/realtime 200 in 296ms
 GET /api/realtime 200 in 315ms
 GET /api/realtime 200 in 271ms
 GET /api/realtime 200 in 245ms
 GET /api/realtime 200 in 256ms
 GET /api/realtime 200 in 258ms
 GET /api/realtime 200 in 248ms
 GET /api/realtime 200 in 251ms
 GET /api/realtime 200 in 244ms
 GET /api/realtime 200 in 256ms
 GET /api/realtime 200 in 297ms
 GET /api/realtime 200 in 282ms
 GET /api/realtime 200 in 269ms
 GET /api/realtime 200 in 261ms
 GET /api/realtime 200 in 270ms
 GET /api/realtime 200 in 281ms
 GET /api/realtime 200 in 333ms
 GET /api/realtime 200 in 283ms
 GET /api/realtime 200 in 276ms
 GET / 200 in 95ms
 GET /api/realtime 200 in 272ms
 GET / 200 in 96ms
 GET /api/realtime 200 in 249ms
 GET /api/realtime 200 in 249ms
 GET /api/realtime 200 in 265ms
 GET /api/realtime 200 in 297ms
 GET /api/realtime 200 in 271ms
 GET /api/realtime 200 in 267ms
 GET /api/realtime 200 in 282ms
 GET /api/realtime 200 in 257ms
 GET /api/realtime 200 in 268ms
 GET /api/realtime 200 in 281ms
 GET /api/realtime 200 in 242ms
 GET /api/realtime 200 in 266ms
 GET /api/realtime 200 in 309ms
 GET /api/realtime 200 in 251ms
 GET /api/realtime 200 in 330ms
 GET /api/realtime 200 in 265ms
 GET /api/realtime 200 in 253ms
 GET /api/realtime 200 in 271ms
 GET /api/realtime 200 in 350ms
 GET /api/realtime 200 in 270ms
 GET /api/realtime 200 in 245ms
 GET /api/realtime 200 in 442ms
 GET /api/realtime 200 in 250ms
 GET /api/realtime 200 in 263ms
 GET /api/realtime 200 in 253ms
 GET /api/realtime 200 in 263ms
 GET /api/realtime 200 in 238ms
 GET /api/realtime 200 in 291ms
 GET /api/realtime 200 in 261ms
 GET /api/realtime 200 in 285ms
 GET /api/realtime 200 in 260ms
 GET /api/realtime 200 in 245ms
 GET /api/realtime 200 in 294ms
 GET /api/realtime 200 in 332ms
 GET /api/realtime 200 in 255ms
 GET /api/realtime 200 in 261ms
 GET /api/realtime 200 in 317ms
 GET /api/realtime 200 in 438ms
 GET /api/realtime 200 in 319ms
 GET /api/realtime 200 in 263ms
 GET /api/realtime 200 in 248ms
 GET /api/realtime 200 in 245ms
 GET /api/realtime 200 in 274ms
 GET /api/realtime 200 in 247ms
 GET /api/realtime 200 in 264ms
 GET /api/realtime 200 in 256ms
 GET /api/realtime 200 in 270ms
 GET /api/realtime 200 in 235ms
 GET /api/realtime 200 in 265ms
 GET /api/realtime 200 in 268ms
 GET /api/realtime 200 in 260ms
 GET /api/realtime 200 in 252ms
 GET /api/realtime 200 in 250ms
 GET /api/realtime 200 in 275ms
 GET /api/realtime 200 in 253ms
 GET /api/realtime 200 in 240ms
 GET /api/realtime 200 in 258ms
 GET /api/realtime 200 in 338ms
 GET /api/realtime 200 in 242ms
 GET /api/realtime 200 in 266ms
 GET /api/realtime 200 in 262ms
 GET /api/realtime 200 in 250ms
 GET /api/realtime 200 in 640ms
 GET /api/realtime 200 in 419ms
 GET /api/realtime 200 in 275ms
 GET /api/realtime 200 in 273ms
 GET /api/realtime 200 in 302ms
 GET /api/realtime 200 in 255ms
 GET /api/realtime 200 in 241ms
 GET /api/realtime 200 in 267ms
 GET /api/realtime 200 in 265ms
 GET /api/realtime 200 in 263ms
 GET /api/realtime 200 in 297ms
 GET /api/realtime 200 in 282ms
 GET /api/realtime 200 in 247ms
 GET /api/realtime 200 in 338ms
 GET /api/realtime 200 in 249ms
 GET / 200 in 89ms
 GET /api/realtime 200 in 437ms
 GET / 200 in 90ms
 GET /api/realtime 200 in 283ms
 GET /api/realtime 200 in 247ms
 GET /api/realtime 200 in 260ms
 GET /api/realtime 200 in 310ms
 GET /api/realtime 200 in 280ms
 GET /api/realtime 200 in 276ms
 GET /api/realtime 200 in 278ms
 GET /api/realtime 200 in 324ms
 GET /api/realtime 200 in 268ms
 GET /api/realtime 200 in 273ms
 GET /api/realtime 200 in 259ms
 GET /api/realtime 200 in 305ms
 GET /api/realtime 200 in 259ms
 GET /api/realtime 200 in 279ms
 GET /api/realtime 200 in 244ms
 GET /api/realtime 200 in 261ms
 GET /api/realtime 200 in 267ms
 GET /api/realtime 200 in 269ms
 GET /api/realtime 200 in 267ms
 GET /api/realtime 200 in 291ms
 GET /api/realtime 200 in 271ms
 GET /api/realtime 200 in 295ms
 GET /api/realtime 200 in 286ms
 GET /api/realtime 200 in 261ms
 GET /api/realtime 200 in 273ms
 GET /api/realtime 200 in 286ms
 GET /api/realtime 200 in 258ms
 GET /api/realtime 200 in 317ms
 GET /api/realtime 200 in 265ms
 GET /api/realtime 200 in 291ms
 GET /api/realtime 200 in 248ms
 GET /api/realtime 200 in 297ms
 GET /api/realtime 200 in 258ms
 GET /api/realtime 200 in 292ms
 GET /api/realtime 200 in 252ms
 GET /api/realtime 200 in 262ms
 GET /api/realtime 200 in 347ms
 GET /api/realtime 200 in 267ms
 GET /api/realtime 200 in 265ms
 GET /api/realtime 200 in 270ms
 GET /api/realtime 200 in 283ms
 GET /api/realtime 200 in 284ms
 GET /api/realtime 200 in 286ms
 GET /api/realtime 200 in 278ms
 GET /api/realtime 200 in 257ms
 GET /api/realtime 200 in 271ms
 GET /api/realtime 200 in 327ms
 GET /api/realtime 200 in 295ms
 GET /api/realtime 200 in 260ms
 GET /api/realtime 200 in 274ms
 GET /api/realtime 200 in 291ms
 GET /api/realtime 200 in 264ms
 GET /api/realtime 200 in 272ms
 GET /api/realtime 200 in 309ms
 GET /api/realtime 200 in 364ms
 GET /api/realtime 200 in 259ms
 GET /api/realtime 200 in 321ms
 GET /api/realtime 200 in 276ms
 GET /api/realtime 200 in 262ms
 GET /api/realtime 200 in 273ms
 GET /api/realtime 200 in 260ms
 GET /api/realtime 200 in 236ms
 GET /api/realtime 200 in 263ms
 GET /api/realtime 200 in 272ms
 GET /api/realtime 200 in 272ms
 GET /api/realtime 200 in 246ms
 GET /api/realtime 200 in 290ms
 GET /api/realtime 200 in 250ms
 GET /api/realtime 200 in 263ms
 GET /api/realtime 200 in 253ms
 GET /api/realtime 200 in 236ms
 GET /api/realtime 200 in 265ms
 GET /api/realtime 200 in 285ms
 GET /api/realtime 200 in 274ms
 GET /api/realtime 200 in 266ms
 GET /api/realtime 200 in 364ms
 GET /api/realtime 200 in 344ms
 GET / 200 in 95ms
 GET /api/realtime 200 in 284ms
 GET / 200 in 96ms
 GET /api/realtime 200 in 271ms
 GET /api/realtime 200 in 265ms
 GET /api/realtime 200 in 248ms
 GET /api/realtime 200 in 342ms
 GET /api/realtime 200 in 278ms
 GET /api/realtime 200 in 274ms
 GET /api/realtime 200 in 258ms
 GET /api/realtime 200 in 328ms
 GET /api/realtime 200 in 276ms
 GET /api/realtime 200 in 281ms
 GET /api/realtime 200 in 268ms
 GET /api/realtime 200 in 267ms
 GET /api/realtime 200 in 285ms
 GET /api/realtime 200 in 269ms
 GET /api/realtime 200 in 262ms
 GET /api/realtime 200 in 344ms
 GET /api/realtime 200 in 318ms
 GET /api/realtime 200 in 268ms
 GET /api/realtime 200 in 274ms
 GET /api/realtime 200 in 322ms
 GET /api/realtime 200 in 293ms
 GET /api/realtime 200 in 277ms
 GET /api/realtime 200 in 276ms
 GET /api/realtime 200 in 245ms
 GET /api/realtime 200 in 254ms
 GET /api/realtime 200 in 250ms
 GET /api/realtime 200 in 255ms
 GET /api/realtime 200 in 285ms
 GET /api/realtime 200 in 265ms
 GET /api/realtime 200 in 242ms
 GET /api/realtime 200 in 267ms
 GET /api/realtime 200 in 280ms
 GET /api/realtime 200 in 291ms
 GET /api/realtime 200 in 283ms
 GET /api/realtime 200 in 254ms
 GET /api/realtime 200 in 251ms
 GET /api/realtime 200 in 276ms
 GET /api/realtime 200 in 253ms
 GET /api/realtime 200 in 249ms
 GET /api/realtime 200 in 342ms
 GET /api/realtime 200 in 321ms
 GET /api/realtime 200 in 293ms
 GET /api/realtime 200 in 245ms
 GET /api/realtime 200 in 285ms
 GET /api/realtime 200 in 256ms
 GET /api/realtime 200 in 310ms
 GET /api/realtime 200 in 265ms
 GET /api/realtime 200 in 246ms
 GET /api/realtime 200 in 269ms
 GET /api/realtime 200 in 247ms
 GET /api/realtime 200 in 265ms
 GET /api/realtime 200 in 303ms
 GET /api/realtime 200 in 257ms
 GET /api/realtime 200 in 243ms
 GET /api/realtime 200 in 565ms
 GET /api/realtime 200 in 356ms
 GET /api/realtime 200 in 324ms
 GET /api/realtime 200 in 259ms
 GET /api/realtime 200 in 244ms
 GET /api/realtime 200 in 250ms
 GET /api/realtime 200 in 261ms
 GET /api/realtime 200 in 260ms
 GET /api/realtime 200 in 247ms
 GET /api/realtime 200 in 246ms
 GET /api/realtime 200 in 386ms
 GET /api/realtime 200 in 256ms
 GET /api/realtime 200 in 264ms
 GET /api/realtime 200 in 252ms
 GET /api/realtime 200 in 290ms
 GET /api/realtime 200 in 274ms
 GET /api/realtime 200 in 280ms
 GET /api/realtime 200 in 331ms
 GET /api/realtime 200 in 259ms
 GET /api/realtime 200 in 272ms
 GET /api/realtime 200 in 278ms
 GET /api/realtime 200 in 328ms
 GET /api/realtime 200 in 267ms
 GET /api/realtime 200 in 250ms
 GET / 200 in 92ms
 GET / 200 in 100ms
 GET /api/realtime 200 in 265ms
 GET /api/realtime 200 in 270ms
 GET /api/realtime 200 in 274ms
 GET /api/realtime 200 in 376ms
 GET /api/realtime 200 in 255ms
 GET /api/realtime 200 in 276ms
 GET /api/realtime 200 in 487ms
 GET /api/realtime 200 in 318ms
 GET /api/realtime 200 in 247ms
 GET /api/realtime 200 in 256ms
 GET /api/realtime 200 in 268ms
 GET /api/realtime 200 in 280ms
 GET /api/realtime 200 in 241ms
 GET /api/realtime 200 in 252ms
 GET /api/realtime 200 in 309ms
 GET /api/realtime 200 in 286ms
 GET /api/realtime 200 in 271ms
 GET /api/realtime 200 in 257ms
 GET /api/realtime 200 in 266ms
 GET /api/realtime 200 in 254ms
 GET /api/realtime 200 in 326ms
 GET /api/realtime 200 in 323ms
 GET /api/realtime 200 in 282ms
 GET /api/realtime 200 in 347ms
 GET /api/realtime 200 in 259ms
 GET /api/realtime 200 in 242ms
 GET /api/realtime 200 in 267ms
 GET /api/realtime 200 in 261ms
 GET /api/realtime 200 in 274ms
 GET /api/realtime 200 in 260ms
 GET /api/realtime 200 in 254ms
 GET /api/realtime 200 in 415ms
 GET /api/realtime 200 in 268ms
 GET /api/realtime 200 in 341ms
 GET /api/realtime 200 in 233ms
 GET /api/realtime 200 in 272ms
 GET /api/realtime 200 in 280ms
 GET /api/realtime 200 in 256ms
 GET /api/realtime 200 in 260ms
 GET /api/realtime 200 in 268ms
 GET /api/realtime 200 in 259ms
 GET /api/realtime 200 in 276ms
 GET /api/realtime 200 in 257ms
 GET /api/realtime 200 in 336ms
 GET /api/realtime 200 in 250ms
 GET /api/realtime 200 in 293ms
 GET /api/realtime 200 in 271ms
 GET /api/realtime 200 in 257ms
 GET /api/realtime 200 in 259ms
 GET /api/realtime 200 in 262ms
 GET /api/realtime 200 in 249ms
 GET /api/realtime 200 in 261ms
 GET /api/realtime 200 in 247ms
 GET /api/realtime 200 in 263ms
 GET /api/realtime 200 in 376ms
 GET /api/realtime 200 in 258ms
 GET /api/realtime 200 in 366ms
 GET /api/realtime 200 in 286ms
 GET /api/realtime 200 in 254ms
 GET /api/realtime 200 in 260ms
 GET /api/realtime 200 in 260ms
 GET /api/realtime 200 in 300ms
 GET /api/realtime 200 in 307ms
 GET /api/realtime 200 in 267ms
 GET /api/realtime 200 in 272ms
 GET /api/realtime 200 in 253ms
 GET /api/realtime 200 in 254ms
 GET /api/realtime 200 in 249ms
 GET /api/realtime 200 in 313ms
 GET /api/realtime 200 in 246ms
 GET /api/realtime 200 in 238ms
 GET /api/realtime 200 in 262ms
 GET /api/realtime 200 in 240ms
 GET /api/realtime 200 in 262ms
 GET /api/realtime 200 in 254ms
 GET /api/realtime 200 in 338ms
 GET /api/realtime 200 in 281ms
 GET /api/realtime 200 in 260ms
 GET /api/realtime 200 in 303ms
 GET / 200 in 97ms
 GET /api/realtime 200 in 252ms
 GET / 200 in 120ms
 GET /api/realtime 200 in 294ms
 GET /api/realtime 200 in 257ms
 GET /api/realtime 200 in 277ms
 GET /api/realtime 200 in 279ms
 GET /api/realtime 200 in 250ms
 GET /api/realtime 200 in 385ms
 GET /api/realtime 200 in 293ms
 GET /api/realtime 200 in 246ms
 GET /api/realtime 200 in 262ms
 GET /api/realtime 200 in 256ms
 GET /api/realtime 200 in 238ms
 GET /api/realtime 200 in 298ms
 GET /api/realtime 200 in 311ms
 GET /api/realtime 200 in 529ms
 GET /api/realtime 200 in 282ms
 GET /api/realtime 200 in 335ms
 GET /api/realtime 200 in 353ms
 GET /api/realtime 200 in 261ms
 GET /api/realtime 200 in 237ms
 GET /api/realtime 200 in 251ms
 GET /api/realtime 200 in 365ms
 GET /api/realtime 200 in 321ms
 GET /api/realtime 200 in 257ms
 GET /api/realtime 200 in 271ms
 GET /api/realtime 200 in 289ms
 GET /api/realtime 200 in 266ms
 GET /api/realtime 200 in 258ms
 GET /api/realtime 200 in 246ms
 GET /api/realtime 200 in 277ms
 GET /api/realtime 200 in 271ms
 GET /api/realtime 200 in 244ms
 GET /api/realtime 200 in 252ms
 GET /api/realtime 200 in 250ms
 GET /api/realtime 200 in 255ms
 GET /api/realtime 200 in 255ms
 GET /api/realtime 200 in 260ms
 GET /api/realtime 200 in 253ms
 GET /api/realtime 200 in 240ms
 GET /api/realtime 200 in 281ms
 GET /api/realtime 200 in 271ms
 GET /api/realtime 200 in 244ms
 GET /api/realtime 200 in 250ms
 GET /api/realtime 200 in 264ms
 GET /api/realtime 200 in 257ms
 GET /api/realtime 200 in 269ms
 GET /api/realtime 200 in 264ms
 GET /api/realtime 200 in 272ms
 GET /api/realtime 200 in 242ms
 GET /api/realtime 200 in 262ms
 GET /api/realtime 200 in 259ms
 GET /api/realtime 200 in 300ms
 GET /api/realtime 200 in 250ms
 GET /api/realtime 200 in 286ms
 GET /api/realtime 200 in 260ms
 GET /api/realtime 200 in 265ms
 GET /api/realtime 200 in 245ms
 GET /api/realtime 200 in 267ms
 GET /api/realtime 200 in 239ms
 GET /api/realtime 200 in 257ms
 GET /api/realtime 200 in 274ms
 GET /api/realtime 200 in 329ms
 GET /api/realtime 200 in 270ms
 GET /api/realtime 200 in 283ms
 GET /api/realtime 200 in 346ms
 GET /api/realtime 200 in 582ms
 GET /api/realtime 200 in 304ms
 GET /api/realtime 200 in 256ms
 GET /api/realtime 200 in 253ms
 GET /api/realtime 200 in 282ms
 GET /api/realtime 200 in 263ms
 GET /api/realtime 200 in 269ms
 GET /api/realtime 200 in 251ms
 GET /api/realtime 200 in 241ms
 GET /api/realtime 200 in 312ms
 GET /api/realtime 200 in 263ms
 GET /api/realtime 200 in 270ms
 GET /api/realtime 200 in 264ms
 GET /api/realtime 200 in 261ms
 GET / 200 in 90ms
 GET / 200 in 132ms
 GET /api/realtime 200 in 277ms
 GET /api/realtime 200 in 272ms
 GET /api/realtime 200 in 257ms
 GET /api/realtime 200 in 269ms
 GET /api/realtime 200 in 261ms
 GET /api/realtime 200 in 269ms
 GET /api/realtime 200 in 263ms
 GET /api/realtime 200 in 268ms
 GET /api/realtime 200 in 272ms
 GET /api/realtime 200 in 268ms
 GET /api/realtime 200 in 270ms
 GET /api/realtime 200 in 261ms
 GET /api/realtime 200 in 278ms
 GET /api/realtime 200 in 282ms
 GET /api/realtime 200 in 273ms
 GET /api/realtime 200 in 260ms
 GET /api/realtime 200 in 269ms
 GET /api/realtime 200 in 264ms
 GET /api/realtime 200 in 260ms
 GET /api/realtime 200 in 259ms
 GET /api/realtime 200 in 283ms
 GET /api/realtime 200 in 261ms
 GET /api/realtime 200 in 270ms
 GET /api/realtime 200 in 261ms
 GET /api/realtime 200 in 276ms
 GET /api/realtime 200 in 367ms
 GET /api/realtime 200 in 245ms
 GET /api/realtime 200 in 255ms
 GET /api/realtime 200 in 287ms
 GET /api/realtime 200 in 254ms
 GET /api/realtime 200 in 255ms
 GET /api/realtime 200 in 263ms
 GET /api/realtime 200 in 261ms
 GET /api/realtime 200 in 284ms
 GET /api/realtime 200 in 261ms
 GET /api/realtime 200 in 364ms
 GET /api/realtime 200 in 314ms
 GET /api/realtime 200 in 261ms
 GET /api/realtime 200 in 273ms
 GET /api/realtime 200 in 264ms
 GET /api/realtime 200 in 288ms
 GET /api/realtime 200 in 247ms
 GET /api/realtime 200 in 318ms
 GET /api/realtime 200 in 264ms
 GET /api/realtime 200 in 242ms
 GET /api/realtime 200 in 277ms
 GET /api/realtime 200 in 290ms
 GET /api/realtime 200 in 317ms
 GET /api/realtime 200 in 252ms
 GET /api/realtime 200 in 286ms
 GET /api/realtime 200 in 251ms
 GET /api/realtime 200 in 257ms
 GET /api/realtime 200 in 266ms
 GET /api/realtime 200 in 249ms
 GET /api/realtime 200 in 252ms
 GET /api/realtime 200 in 304ms
 GET /api/realtime 200 in 272ms
 GET /api/realtime 200 in 244ms
 GET /api/realtime 200 in 268ms
 GET /api/realtime 200 in 252ms
 GET /api/realtime 200 in 256ms
 GET /api/realtime 200 in 259ms
 GET /api/realtime 200 in 606ms
 GET /api/realtime 200 in 566ms
 GET /api/realtime 200 in 254ms
 GET /api/realtime 200 in 558ms
 GET /api/realtime 200 in 246ms
 GET /api/realtime 200 in 267ms
 GET /api/realtime 200 in 267ms
 GET /api/realtime 200 in 260ms
 GET /api/realtime 200 in 275ms
 GET /api/realtime 200 in 250ms
 GET /api/realtime 200 in 243ms
 GET /api/realtime 200 in 247ms
 GET /api/realtime 200 in 365ms
 GET /api/realtime 200 in 316ms
 GET /api/realtime 200 in 360ms
 GET / 200 in 89ms
 GET /api/realtime 200 in 268ms
 GET / 200 in 89ms
 GET /api/realtime 200 in 332ms
 GET /api/realtime 200 in 253ms
 GET /api/realtime 200 in 268ms
 GET /api/realtime 200 in 311ms
 GET /api/realtime 200 in 299ms
 GET /api/realtime 200 in 248ms
 GET /api/realtime 200 in 305ms
 GET /api/realtime 200 in 248ms
 GET /api/realtime 200 in 248ms
 GET /api/realtime 200 in 345ms
 GET /api/realtime 200 in 248ms
 GET /api/realtime 200 in 270ms
 GET /api/realtime 200 in 269ms
 GET /api/realtime 200 in 265ms
 GET /api/realtime 200 in 270ms
 GET /api/realtime 200 in 266ms
 GET /api/realtime 200 in 273ms
 GET /api/realtime 200 in 262ms
 GET /api/realtime 200 in 255ms
 GET /api/realtime 200 in 327ms
 GET /api/realtime 200 in 233ms
 GET /api/realtime 200 in 257ms
 GET /api/realtime 200 in 265ms
 GET /api/realtime 200 in 242ms
 GET /api/realtime 200 in 312ms
 GET /api/realtime 200 in 262ms
 GET /api/realtime 200 in 423ms
 GET /api/realtime 200 in 274ms
 GET /api/realtime 200 in 254ms
 GET /api/realtime 200 in 257ms
 GET /api/realtime 200 in 243ms
 GET /api/realtime 200 in 366ms
 GET /api/realtime 200 in 353ms
 GET /api/realtime 200 in 337ms
 GET /api/realtime 200 in 236ms
 GET /api/realtime 200 in 572ms
 GET /api/realtime 200 in 247ms
 GET /api/realtime 200 in 240ms
 GET /api/realtime 200 in 309ms
 GET /api/realtime 200 in 311ms
 GET /api/realtime 200 in 302ms
 GET /api/realtime 200 in 275ms
 GET /api/realtime 200 in 317ms
 GET /api/realtime 200 in 337ms
 GET /api/realtime 200 in 338ms
 GET /api/realtime 200 in 250ms
 GET /api/realtime 200 in 304ms
 GET /api/realtime 200 in 354ms
 GET /api/realtime 200 in 322ms
 GET /api/realtime 200 in 319ms
 GET /api/realtime 200 in 283ms
 GET /api/realtime 200 in 245ms
 GET /api/realtime 200 in 263ms
 GET /api/realtime 200 in 274ms
 GET /api/realtime 200 in 269ms
 GET /api/realtime 200 in 323ms
 GET /api/realtime 200 in 317ms
 GET /api/realtime 200 in 238ms
 GET /api/realtime 200 in 363ms
 GET /api/realtime 200 in 260ms
 GET /api/realtime 200 in 251ms
 GET /api/realtime 200 in 254ms
 GET /api/realtime 200 in 287ms
 GET /api/realtime 200 in 253ms
 GET /api/realtime 200 in 278ms
 GET /api/realtime 200 in 310ms
 GET /api/realtime 200 in 282ms
 GET /api/realtime 200 in 258ms
 GET /api/realtime 200 in 284ms
 GET /api/realtime 200 in 289ms
 GET /api/realtime 200 in 259ms
 GET /api/realtime 200 in 364ms
 GET /api/realtime 200 in 258ms
 GET /api/realtime 200 in 237ms
 GET /api/realtime 200 in 265ms
 GET /api/realtime 200 in 232ms
 GET / 200 in 88ms
 GET /api/realtime 200 in 248ms
 GET / 200 in 95ms
 GET /api/realtime 200 in 253ms
 GET /api/realtime 200 in 265ms
 GET /api/realtime 200 in 284ms
 GET /api/realtime 200 in 391ms
 GET /api/realtime 200 in 278ms
 GET /api/realtime 200 in 289ms
 GET /api/realtime 200 in 260ms
 GET /api/realtime 200 in 292ms
 GET /api/realtime 200 in 279ms
 GET /api/realtime 200 in 270ms
 GET /api/realtime 200 in 262ms
 GET /api/realtime 200 in 248ms
 GET /api/realtime 200 in 267ms
 GET /api/realtime 200 in 256ms
 GET /api/realtime 200 in 269ms
 GET /api/realtime 200 in 266ms
 GET /api/realtime 200 in 281ms
 GET /api/realtime 200 in 273ms
 GET /api/realtime 200 in 331ms
 GET /api/realtime 200 in 246ms
 GET /api/realtime 200 in 262ms
 GET /api/realtime 200 in 264ms
 GET /api/realtime 200 in 427ms
 GET /api/realtime 200 in 802ms
 GET /api/realtime 200 in 334ms
 GET /api/realtime 200 in 401ms
 GET /api/realtime 200 in 272ms
 GET /api/realtime 200 in 290ms
 GET /api/realtime 200 in 260ms
 GET /api/realtime 200 in 345ms
 GET /api/realtime 200 in 278ms
 GET /api/realtime 200 in 238ms
 GET /api/realtime 200 in 256ms
 GET /api/realtime 200 in 239ms
 GET /api/realtime 200 in 273ms
 GET /api/realtime 200 in 356ms
 GET /api/realtime 200 in 247ms
 GET /api/realtime 200 in 278ms
 GET /api/realtime 200 in 486ms
 GET /api/realtime 200 in 728ms
 GET /api/realtime 200 in 334ms
 GET /api/realtime 200 in 281ms
 GET /api/realtime 200 in 267ms
 GET /api/realtime 200 in 280ms
 GET /api/realtime 200 in 328ms
 GET /api/realtime 200 in 259ms
 GET /api/realtime 200 in 244ms
 GET /api/realtime 200 in 247ms
 GET /api/realtime 200 in 269ms
 GET /api/realtime 200 in 292ms
 GET /api/realtime 200 in 269ms
 GET /api/realtime 200 in 316ms
 GET /api/realtime 200 in 355ms
 GET /api/realtime 200 in 259ms
 GET /api/realtime 200 in 282ms
 GET /api/realtime 200 in 323ms
 GET /api/realtime 200 in 261ms
 GET /api/realtime 200 in 260ms
 GET /api/realtime 200 in 260ms
 GET /api/realtime 200 in 267ms
 GET /api/realtime 200 in 280ms
 GET /api/realtime 200 in 288ms
 GET /api/realtime 200 in 259ms
 GET /api/realtime 200 in 257ms
 GET /api/realtime 200 in 247ms
 GET /api/realtime 200 in 263ms
 GET /api/realtime 200 in 237ms
 GET /api/realtime 200 in 254ms
 GET /api/realtime 200 in 273ms
 GET /api/realtime 200 in 251ms
 GET /api/realtime 200 in 261ms
 GET /api/realtime 200 in 250ms
 GET /api/realtime 200 in 331ms
 GET /api/realtime 200 in 280ms
 GET /api/realtime 200 in 254ms
 GET /api/realtime 200 in 270ms
 GET / 200 in 96ms
 GET / 200 in 125ms
 GET /api/realtime 200 in 299ms
 GET /api/realtime 200 in 278ms
 GET /api/realtime 200 in 311ms
 GET /api/realtime 200 in 335ms
 GET /api/realtime 200 in 245ms
 GET /api/realtime 200 in 296ms
 GET /api/realtime 200 in 251ms
 GET /api/realtime 200 in 259ms
 GET /api/realtime 200 in 405ms
 GET /api/realtime 200 in 264ms
 GET /api/realtime 200 in 248ms
 GET /api/realtime 200 in 241ms
 GET /api/realtime 200 in 265ms
 GET /api/realtime 200 in 288ms
 GET /api/realtime 200 in 249ms
 GET /api/realtime 200 in 258ms
 GET /api/realtime 200 in 239ms
 GET /api/realtime 200 in 264ms
 GET /api/realtime 200 in 263ms
 GET /api/realtime 200 in 252ms
 GET /api/realtime 200 in 270ms
 GET /api/realtime 200 in 272ms
 GET /api/realtime 200 in 266ms
 GET /api/realtime 200 in 265ms
 GET /api/realtime 200 in 278ms
 GET /api/realtime 200 in 247ms
 GET /api/realtime 200 in 253ms
 GET /api/realtime 200 in 268ms
 GET /api/realtime 200 in 267ms
 GET /api/realtime 200 in 298ms
 GET /api/realtime 200 in 251ms
 GET /api/realtime 200 in 259ms
 GET /api/realtime 200 in 265ms
 GET /api/realtime 200 in 254ms
 GET /api/realtime 200 in 249ms
 GET /api/realtime 200 in 244ms
 GET /api/realtime 200 in 251ms
 GET /api/realtime 200 in 244ms
 GET /api/realtime 200 in 242ms
 GET /api/realtime 200 in 260ms
 GET /api/realtime 200 in 243ms
 GET /api/realtime 200 in 258ms
 GET /api/realtime 200 in 265ms
 GET /api/realtime 200 in 259ms
 GET /api/realtime 200 in 412ms
 GET /api/realtime 200 in 334ms
 GET /api/realtime 200 in 264ms
 GET /api/realtime 200 in 263ms
 GET /api/realtime 200 in 260ms
 GET /api/realtime 200 in 241ms
 GET /api/realtime 200 in 270ms
 GET /api/realtime 200 in 255ms
 GET /api/realtime 200 in 288ms
 GET /api/realtime 200 in 362ms
 GET /api/realtime 200 in 274ms
 GET /api/realtime 200 in 252ms
 GET /api/realtime 200 in 247ms
 GET /api/realtime 200 in 255ms
 GET /api/realtime 200 in 308ms
 GET /api/realtime 200 in 269ms
 GET /api/realtime 200 in 263ms
 GET /api/realtime 200 in 242ms
 GET /api/realtime 200 in 270ms
 GET /api/realtime 200 in 248ms
 GET /api/realtime 200 in 280ms
 GET /api/realtime 200 in 243ms
 GET /api/realtime 200 in 265ms
 GET /api/realtime 200 in 258ms
 GET /api/realtime 200 in 259ms
 GET /api/realtime 200 in 253ms
 GET /api/realtime 200 in 256ms
 GET /api/realtime 200 in 273ms
 GET /api/realtime 200 in 275ms
 GET /api/realtime 200 in 256ms
 GET /api/realtime 200 in 300ms
 GET /api/realtime 200 in 249ms
 GET /api/realtime 200 in 249ms
 GET /api/realtime 200 in 242ms
 GET /api/realtime 200 in 244ms
 GET / 200 in 108ms
 GET /api/realtime 200 in 273ms
 GET / 200 in 85ms
 GET /api/realtime 200 in 294ms
 GET /api/realtime 200 in 251ms
 GET /api/realtime 200 in 275ms
 GET /api/realtime 200 in 260ms
 GET /api/realtime 200 in 252ms
 GET /api/realtime 200 in 284ms
 GET /api/realtime 200 in 252ms
 GET /api/realtime 200 in 274ms
 GET /api/realtime 200 in 241ms
 GET /api/realtime 200 in 355ms
 GET /api/realtime 200 in 265ms
 GET /api/realtime 200 in 265ms
 GET /api/realtime 200 in 242ms
 GET /api/realtime 200 in 256ms
 GET /api/realtime 200 in 265ms
 GET /api/realtime 200 in 279ms
 GET /api/realtime 200 in 248ms
 GET /api/realtime 200 in 262ms
 GET /api/realtime 200 in 265ms
 GET /api/realtime 200 in 252ms
 GET /api/realtime 200 in 268ms
 GET /api/realtime 200 in 256ms
 GET /api/realtime 200 in 243ms
 GET /api/realtime 200 in 395ms
 GET /api/realtime 200 in 241ms
 GET /api/realtime 200 in 276ms
 GET /api/realtime 200 in 274ms
 GET /api/realtime 200 in 269ms
 GET /api/realtime 200 in 320ms
 GET /api/realtime 200 in 266ms
 GET /api/realtime 200 in 325ms
 GET /api/realtime 200 in 244ms
 GET /api/realtime 200 in 314ms
 GET /api/realtime 200 in 268ms
 GET /api/realtime 200 in 243ms
 GET /api/realtime 200 in 266ms
 GET /api/realtime 200 in 251ms
 GET /api/realtime 200 in 250ms
 GET /api/realtime 200 in 243ms
 GET /api/realtime 200 in 262ms
 GET /api/realtime 200 in 238ms
 GET /api/realtime 200 in 251ms
 GET /api/realtime 200 in 304ms
 GET /api/realtime 200 in 260ms
 GET /api/realtime 200 in 320ms
 GET /api/realtime 200 in 341ms
 GET /api/realtime 200 in 251ms
 GET /api/realtime 200 in 265ms
 GET /api/realtime 200 in 253ms
 GET /api/realtime 200 in 252ms
 GET /api/realtime 200 in 255ms
 GET /api/realtime 200 in 339ms
 GET /api/realtime 200 in 304ms
 GET /api/realtime 200 in 335ms
 GET /api/realtime 200 in 264ms
 GET /api/realtime 200 in 250ms
 GET /api/realtime 200 in 256ms
 GET /api/realtime 200 in 273ms
 GET /api/realtime 200 in 275ms
 GET /api/realtime 200 in 245ms
 GET /api/realtime 200 in 267ms
 GET /api/realtime 200 in 299ms
 GET /api/realtime 200 in 294ms
 GET /api/realtime 200 in 263ms
 GET /api/realtime 200 in 267ms
 GET /api/realtime 200 in 258ms
 GET /api/realtime 200 in 264ms
 GET /api/realtime 200 in 291ms
 GET /api/realtime 200 in 259ms
 GET /api/realtime 200 in 251ms
 GET /api/realtime 200 in 362ms
 GET /api/realtime 200 in 275ms
 GET /api/realtime 200 in 255ms
 GET /api/realtime 200 in 249ms
 GET /api/realtime 200 in 265ms
 GET /api/realtime 200 in 244ms
 GET /api/realtime 200 in 286ms
 GET /api/realtime 200 in 397ms
 GET / 200 in 92ms
 GET /api/realtime 200 in 265ms
 GET / 200 in 86ms
 GET /api/realtime 200 in 257ms
 GET /api/realtime 200 in 264ms
 GET /api/realtime 200 in 283ms
 GET /api/realtime 200 in 257ms
 GET /api/realtime 200 in 269ms
 GET /api/realtime 200 in 261ms
 GET /api/realtime 200 in 251ms
 GET /api/realtime 200 in 250ms
 GET /api/realtime 200 in 316ms
 GET /api/realtime 200 in 253ms
 GET /api/realtime 200 in 263ms
 GET /api/realtime 200 in 262ms
 GET /api/realtime 200 in 267ms
 GET /api/realtime 200 in 292ms
 GET /api/realtime 200 in 293ms
 GET /api/realtime 200 in 261ms
 GET /api/realtime 200 in 245ms
 GET /api/realtime 200 in 273ms
 GET /api/realtime 200 in 256ms
 GET /api/realtime 200 in 261ms
 GET /api/realtime 200 in 243ms
 GET /api/realtime 200 in 260ms
 GET /api/realtime 200 in 331ms
 GET /api/realtime 200 in 267ms
 GET /api/realtime 200 in 247ms
 GET /api/realtime 200 in 279ms
 GET /api/realtime 200 in 281ms
 GET /api/realtime 200 in 252ms
 GET /api/realtime 200 in 301ms
 GET /api/realtime 200 in 287ms
 GET /api/realtime 200 in 307ms
 GET /api/realtime 200 in 293ms
 GET /api/realtime 200 in 234ms
 GET /api/realtime 200 in 238ms
 GET /api/realtime 200 in 313ms
 GET /api/realtime 200 in 244ms
 GET /api/realtime 200 in 269ms
 GET /api/realtime 200 in 235ms
 GET /api/realtime 200 in 307ms
 GET /api/realtime 200 in 282ms
 GET /api/realtime 200 in 286ms
 GET /api/realtime 200 in 297ms
 GET /api/realtime 200 in 249ms
 GET /api/realtime 200 in 257ms
 GET /api/realtime 200 in 255ms
 GET /api/realtime 200 in 261ms
 GET /api/realtime 200 in 266ms
 GET /api/realtime 200 in 270ms
 GET /api/realtime 200 in 242ms
 GET /api/realtime 200 in 250ms
 GET /api/realtime 200 in 256ms
 GET /api/realtime 200 in 240ms
 GET /api/realtime 200 in 242ms
 GET /api/realtime 200 in 272ms
 GET /api/realtime 200 in 250ms
 GET /api/realtime 200 in 245ms
 GET /api/realtime 200 in 322ms
 GET /api/realtime 200 in 251ms
 GET /api/realtime 200 in 258ms
 GET /api/realtime 200 in 279ms
 GET /api/realtime 200 in 266ms
 GET /api/realtime 200 in 243ms
 GET /api/realtime 200 in 273ms
 GET /api/realtime 200 in 262ms
 GET /api/realtime 200 in 305ms
 GET /api/realtime 200 in 247ms
 GET /api/realtime 200 in 245ms
 GET /api/realtime 200 in 271ms
 GET /api/realtime 200 in 257ms
 GET /api/realtime 200 in 267ms
 GET /api/realtime 200 in 266ms
 GET /api/realtime 200 in 253ms
 GET /api/realtime 200 in 329ms
 GET /api/realtime 200 in 286ms
 GET /api/realtime 200 in 251ms
 GET /api/realtime 200 in 402ms
 GET /api/realtime 200 in 303ms
 GET /api/realtime 200 in 320ms
 GET /api/realtime 200 in 256ms
 GET / 200 in 84ms
 GET / 200 in 85ms
 GET /api/realtime 200 in 252ms
 GET /api/realtime 200 in 252ms
 GET /api/realtime 200 in 306ms
 GET /api/realtime 200 in 254ms
 GET /api/realtime 200 in 268ms
 GET /api/realtime 200 in 254ms
 GET /api/realtime 200 in 264ms
 GET /api/realtime 200 in 283ms
 GET /api/realtime 200 in 262ms
 GET /api/realtime 200 in 254ms
 GET /api/realtime 200 in 251ms
 GET /api/realtime 200 in 303ms
 GET /api/realtime 200 in 262ms
 GET /api/realtime 200 in 249ms
 GET /api/realtime 200 in 256ms
 GET /api/realtime 200 in 298ms
 GET /api/realtime 200 in 273ms
 GET /api/realtime 200 in 317ms
 GET /api/realtime 200 in 319ms
 GET /api/realtime 200 in 268ms
 GET /api/realtime 200 in 294ms
 GET /api/realtime 200 in 283ms
 GET /api/realtime 200 in 319ms
 GET /api/realtime 200 in 299ms
 GET /api/realtime 200 in 254ms
 GET /api/realtime 200 in 274ms
 GET /api/realtime 200 in 302ms
 GET /api/realtime 200 in 261ms
 GET /api/realtime 200 in 277ms
 GET /api/realtime 200 in 276ms
 GET /api/realtime 200 in 272ms
 GET /api/realtime 200 in 298ms
 GET /api/realtime 200 in 311ms
 GET /api/realtime 200 in 313ms
 GET /api/realtime 200 in 315ms
 GET /api/realtime 200 in 306ms
 GET /api/realtime 200 in 360ms
 GET /api/realtime 200 in 284ms
 GET /api/realtime 200 in 320ms
 GET /api/realtime 200 in 256ms
 GET /api/realtime 200 in 280ms
 GET /api/realtime 200 in 256ms
 GET /api/realtime 200 in 259ms
 GET /api/realtime 200 in 359ms
 GET /api/realtime 200 in 257ms
 GET /api/realtime 200 in 261ms
 GET /api/realtime 200 in 259ms
 GET /api/realtime 200 in 256ms
 GET /api/realtime 200 in 319ms
 GET /api/realtime 200 in 315ms
 GET /api/realtime 200 in 281ms
 GET /api/realtime 200 in 250ms
 GET /api/realtime 200 in 269ms
 GET /api/realtime 200 in 306ms
 GET /api/realtime 200 in 275ms
 GET /api/realtime 200 in 261ms
 GET /api/realtime 200 in 266ms
 GET /api/realtime 200 in 272ms
 GET /api/realtime 200 in 273ms
 GET /api/realtime 200 in 268ms
 GET /api/realtime 200 in 259ms
 GET /api/realtime 200 in 271ms
 GET /api/realtime 200 in 247ms
 GET /api/realtime 200 in 308ms
 GET /api/realtime 200 in 1142581ms
 GET / 200 in 104ms
