  ▲ Next.js 14.2.28
  - Local:        http://localhost:3000
  - Environments: .env
  - Experiments (use with caution):
    · outputFileTracingRoot

 ✓ Starting...
 ✓ Ready in 1675ms
 ○ Compiling / ...
 ✓ Compiled / in 2s (596 modules)
 GET / 200 in 2595ms
 ✓ Compiled in 518ms (296 modules)
 ○ Compiling /api/auth/[...nextauth] ...
 ✓ Compiled /api/auth/[...nextauth] in 512ms (541 modules)
 GET /api/auth/providers 200 in 1088ms
 GET / 200 in 116ms
 GET /api/auth/session 200 in 87ms
 GET /api/auth/session 200 in 91ms
 ○ Compiling /signup ...
 ✓ Compiled /signup in 942ms (881 modules)
 GET /signup 200 in 1176ms
 GET /login 200 in 1184ms
 GET /api/auth/session 200 in 109ms
 GET /api/auth/session 200 in 90ms
 GET /api/auth/session 200 in 91ms
 GET /api/auth/session 200 in 94ms
 GET /api/auth/session 200 in 92ms
 GET /api/auth/csrf 200 in 80ms
 ✓ Compiled /api/signup in 359ms (597 modules)
 POST /api/signup 200 in 896ms
 GET / 200 in 106ms
 GET /api/auth/signin 302 in 90ms
 GET /login?callbackUrl=https://614a7c077.preview.abacusai.app 200 in 77ms
 GET /api/auth/csrf 200 in 84ms
 POST /api/auth/callback/credentials 302 in 406ms
 ✓ Compiled /middleware in 208ms (174 modules)
 ○ Compiling /dashboard ...
 ✓ Compiled /dashboard in 1886ms (2857 modules)
 GET /dashboard 200 in 2251ms
 GET / 200 in 106ms
 GET /dashboard 200 in 107ms
 GET /api/auth/session 200 in 155ms
 ✓ Compiled /api/realtime in 449ms (1581 modules)
 ✓ Compiled (1584 modules)
 GET /api/auth/session 200 in 895ms
 GET /api/notifications?limit=10 200 in 944ms
 GET /api/realtime 200 in 590ms
 GET /api/realtime 200 in 178ms
 GET /api/auth/session 200 in 158ms
 GET /api/notifications?limit=10 200 in 166ms
 GET /api/realtime 200 in 162ms
 GET /api/auth/session 200 in 163ms
 GET /api/notifications?limit=10 200 in 162ms
 GET /api/realtime 200 in 73ms
 GET /api/notifications?limit=10 200 in 156ms
 GET /api/auth/session 200 in 156ms
 GET /api/realtime 200 in 156ms
 GET /api/auth/session 200 in 108ms
 GET /api/realtime 200 in 132ms
 GET /api/realtime 200 in 94ms
 GET /api/realtime 200 in 92ms
 GET /api/realtime 200 in 109ms
 GET /api/realtime 200 in 82ms
 GET /api/realtime 200 in 86ms
 GET /api/realtime 200 in 130ms
 GET /api/realtime 200 in 134ms
 GET /api/realtime 200 in 121ms
 GET /api/realtime 200 in 94ms
 GET /api/realtime 200 in 73ms
 GET /api/realtime 200 in 83ms
 GET /api/realtime 200 in 86ms
 GET /api/realtime 200 in 83ms
 GET /api/realtime 200 in 99ms
 GET /api/realtime 200 in 101ms
 GET /api/realtime 200 in 94ms
 GET /api/realtime 200 in 93ms
 GET /api/realtime 200 in 86ms
 GET /api/realtime 200 in 84ms
 GET /api/realtime 200 in 84ms
 GET /api/realtime 200 in 86ms
 GET /api/realtime 200 in 183ms
 GET /api/realtime 200 in 136ms
 GET /api/realtime 200 in 103ms
 GET /api/realtime 200 in 138ms
 GET /api/realtime 200 in 94ms
 GET /api/realtime 200 in 95ms
 GET /api/realtime 200 in 101ms
 GET /api/realtime 200 in 77ms
 GET /api/realtime 200 in 83ms
 GET /api/realtime 200 in 94ms
 GET /api/realtime 200 in 94ms
 GET /api/realtime 200 in 93ms
 GET /api/realtime 200 in 134ms
 GET /api/realtime 200 in 243ms
 GET /api/realtime 200 in 83ms
 GET /api/realtime 200 in 83ms
 GET /api/realtime 200 in 99ms
 GET /api/realtime 200 in 126ms
 GET /api/realtime 200 in 6947ms
 ○ Compiling /team ...
 ✓ Compiled /team in 4.5s (3457 modules)
 GET /projects/new 200 in 5724ms
 GET /milestones 200 in 5833ms
 GET /materials 200 in 5812ms
 GET /equipment 200 in 5730ms
 GET /daily-reports 200 in 5731ms
 GET /meetings 200 in 5730ms
 GET /change-orders 200 in 5740ms
 GET /subcontractors 200 in 5821ms
 GET /submittals 200 in 5741ms
 GET /rfis 200 in 5747ms
 GET /safety 200 in 5748ms
 GET /time-tracking 200 in 5855ms
 GET /documents 200 in 5749ms
 GET /punch-lists 200 in 5749ms
 GET /reports 200 in 5751ms
 GET /projects 200 in 5751ms
 GET /inspections 200 in 5752ms
 GET /budget 200 in 5841ms
 GET /settings 200 in 5755ms
 GET /tasks 200 in 5757ms
 GET /team 200 in 5758ms
 GET /company 200 in 5764ms
 GET /api/notifications?limit=10 200 in 465ms
 GET /api/auth/session 200 in 493ms
 GET /api/realtime 200 in 678ms
 GET /api/realtime 200 in 710ms
 GET /api/realtime 200 in 791ms
 GET /api/realtime 200 in 743ms
 GET /api/notifications?limit=10 200 in 1047ms
 GET /api/auth/session 200 in 801ms
 GET /api/realtime 200 in 909ms
 GET /api/realtime 200 in 693ms
 GET /api/realtime 200 in 902ms
 GET /api/realtime 200 in 652ms
 GET /api/realtime 200 in 715ms
 GET /api/realtime 200 in 609ms
 GET /api/realtime 200 in 653ms
 GET /api/realtime 200 in 645ms
 GET /api/realtime 200 in 628ms
 GET /api/realtime 200 in 651ms
 GET /api/notifications?limit=10 200 in 758ms
 GET /api/realtime 200 in 670ms
 GET /api/realtime 200 in 692ms
 GET /api/realtime 200 in 676ms
 GET /api/realtime 200 in 676ms
 GET /api/realtime 200 in 677ms
 GET /api/auth/session 200 in 776ms
 GET /api/realtime 200 in 795ms
 GET /api/realtime 200 in 675ms
 GET /api/realtime 200 in 663ms
 GET /api/realtime 200 in 670ms
 GET /api/realtime 200 in 621ms
 GET /api/realtime 200 in 805ms
 GET /api/realtime 200 in 814ms
 GET /api/realtime 200 in 600ms
 GET /api/realtime 200 in 584ms
 GET /api/realtime 200 in 583ms
 GET /api/realtime 200 in 612ms
 GET /api/realtime 200 in 571ms
 GET /api/realtime 200 in 557ms
 GET /api/realtime 200 in 872ms
 ○ Compiling /api/company/stats ...
 GET /api/realtime 200 in 3714ms
 GET /api/realtime 200 in 3661ms
 GET /api/realtime 200 in 3724ms
 GET /api/realtime 200 in 3954ms
 GET /api/realtime 200 in 3730ms
 GET /api/realtime 200 in 3494ms
 ✓ Compiled /api/company/stats in 3.5s (1918 modules)
 GET /api/realtime 200 in 3851ms
 GET /api/realtime 200 in 4232ms
 GET /api/realtime 200 in 6629ms
 GET /api/realtime 200 in 6529ms
 GET /api/realtime 200 in 6715ms
 GET /api/notifications?limit=10 200 in 4412ms
 GET /api/auth/session 200 in 4109ms
 GET /api/realtime 200 in 6501ms
 GET /api/realtime 200 in 6035ms
 GET /api/realtime 200 in 5703ms
 GET /api/realtime 200 in 6961ms
 GET /api/realtime 200 in 6289ms
 GET /api/realtime 200 in 5892ms
 GET /api/realtime 200 in 6532ms
 GET /api/auth/session 200 in 441ms
 GET /api/company/stats 200 in 5193ms
 GET /api/notifications?limit=10 200 in 929ms
 GET /api/notifications?limit=10 200 in 929ms
 GET /api/notifications?limit=10 200 in 931ms
 GET /api/notifications?limit=10 200 in 931ms
 GET /api/realtime 200 in 4628ms
 GET /api/auth/session 200 in 589ms
 GET /api/auth/session 200 in 587ms
 GET /api/realtime 200 in 154ms
 GET /api/realtime 200 in 98ms
 GET /api/realtime 200 in 87ms
 GET /api/realtime 200 in 79ms
 GET /api/realtime 200 in 78ms
 GET /api/realtime 200 in 75ms
 GET /api/realtime 200 in 82ms
 GET /api/realtime 200 in 80ms
 GET /api/realtime 200 in 83ms
 GET /api/realtime 200 in 87ms
 GET /api/realtime 200 in 88ms
 GET /api/realtime 200 in 83ms
 GET /api/realtime 200 in 83ms
 GET /api/realtime 200 in 83ms
 GET /api/realtime 200 in 75ms
 GET /api/realtime 200 in 88ms
 GET /api/realtime 200 in 91ms
 GET /api/realtime 200 in 87ms
 GET /api/realtime 200 in 92ms
 GET /api/realtime 200 in 80ms
 GET /api/realtime 200 in 79ms
 GET /api/realtime 200 in 77ms
 GET /api/realtime 200 in 90ms
 GET /api/realtime 200 in 84ms
 GET /api/realtime 200 in 93ms
 GET /api/realtime 200 in 86ms
 GET /api/realtime 200 in 99ms
 GET /api/realtime 200 in 105ms
 GET /api/realtime 200 in 92ms
 GET /api/realtime 200 in 87ms
 GET /api/realtime 200 in 109ms
 GET /api/realtime 200 in 8589ms
 GET /api/realtime 200 in 53ms
 ○ Compiling /company/usage ...
 ✓ Compiled /company/usage in 3s (3585 modules)
 GET /company/settings 307 in 3438ms
 GET /company/invitations 200 in 3429ms
 GET /company/team 200 in 3468ms
 GET /company/usage 200 in 3432ms
 GET /dashboard 200 in 298ms
 GET /projects/project-downtown-office 200 in 3796ms
 GET /projects/project-riverside-homes 200 in 3788ms
 GET /projects/project-mall-renovation 200 in 3657ms
 ○ Compiling /api/company/invitations ...
 ✓ Compiled /api/company/invitations in 1053ms (1995 modules)
 GET /api/auth/session 200 in 1962ms
 GET /api/notifications?limit=10 200 in 1830ms
 GET /api/company/invitations? 200 in 2132ms
 GET /api/realtime 200 in 1182ms
 GET /api/realtime 200 in 1172ms
 GET /api/realtime 200 in 1179ms
 GET /api/realtime 200 in 1480ms
 GET /api/auth/session 200 in 130ms
 GET /api/realtime 200 in 193ms
 GET /api/realtime 200 in 198ms
 GET /api/realtime 200 in 198ms
 GET /api/notifications?limit=10 200 in 179ms
 GET /api/realtime 200 in 197ms
 GET /api/company/invitations? 200 in 213ms
 GET /api/auth/session 200 in 185ms
 GET /api/realtime 200 in 211ms
 GET /api/realtime 200 in 199ms
 GET /api/realtime 200 in 200ms
 GET /api/realtime 200 in 201ms
 GET /api/notifications?limit=10 200 in 196ms
 GET /api/company/invitations? 200 in 194ms
 GET /api/auth/session 200 in 173ms
 GET /api/realtime 200 in 165ms
 GET /api/realtime 200 in 158ms
 GET /api/notifications?limit=10 200 in 214ms
 GET /api/realtime 200 in 245ms
 GET /api/realtime 200 in 235ms
 GET /api/company/invitations? 200 in 214ms
 GET /api/auth/session 200 in 187ms
 GET /api/realtime 200 in 204ms
 GET /api/realtime 200 in 212ms
 GET /api/realtime 200 in 175ms
 GET /api/notifications?limit=10 200 in 234ms
 GET /api/realtime 200 in 263ms
 GET /api/auth/session 200 in 155ms
 GET /api/realtime 200 in 201ms
 GET /api/realtime 200 in 162ms
 GET /api/realtime 200 in 150ms
 GET /api/notifications?limit=10 200 in 214ms
 GET /api/realtime 200 in 223ms
 GET /api/auth/session 200 in 210ms
 GET /api/realtime 200 in 209ms
 GET /api/realtime 200 in 199ms
 GET /api/realtime 200 in 212ms
 GET /api/notifications?limit=10 200 in 178ms
 GET /api/realtime 200 in 192ms
 GET /api/auth/session 200 in 183ms
 GET /api/realtime 200 in 169ms
 GET /api/realtime 200 in 178ms
 GET /api/realtime 200 in 162ms
 GET /api/notifications?limit=10 200 in 190ms
 GET /api/realtime 200 in 86ms
 GET /api/realtime 200 in 184ms
 GET /api/auth/session 200 in 192ms
 GET /api/realtime 200 in 191ms
 GET /api/realtime 200 in 192ms
 GET /api/notifications?limit=10 200 in 182ms
 GET /api/realtime 200 in 199ms
 GET /api/realtime 200 in 205ms
 GET /api/auth/session 200 in 185ms
 GET /api/realtime 200 in 178ms
 GET /api/realtime 200 in 187ms
 GET /api/notifications?limit=10 200 in 193ms
 GET /api/realtime 200 in 171ms
 GET /api/realtime 200 in 209ms
 GET /api/realtime 200 in 190ms
 GET /api/realtime 200 in 191ms
 GET /api/auth/session 200 in 196ms
 GET /api/notifications?limit=10 200 in 202ms
 GET /api/realtime 200 in 123ms
 GET /api/realtime 200 in 204ms
 GET /api/auth/session 200 in 156ms
 GET /api/realtime 200 in 191ms
 GET /api/realtime 200 in 199ms
 GET /api/notifications?limit=10 200 in 174ms
 GET /api/realtime 200 in 175ms
 GET /api/realtime 200 in 208ms
 GET /api/realtime 200 in 190ms
 GET /api/realtime 200 in 246ms
 GET /api/auth/session 200 in 179ms
 GET /api/notifications?limit=10 200 in 201ms
 GET /api/realtime 200 in 92ms
 GET /api/realtime 200 in 181ms
 GET /api/realtime 200 in 206ms
 GET /api/auth/session 200 in 139ms
 GET /api/realtime 200 in 198ms
 GET /api/notifications?limit=10 200 in 170ms
 GET /api/realtime 200 in 180ms
 GET /api/realtime 200 in 168ms
 GET /api/realtime 200 in 171ms
 GET /api/realtime 200 in 171ms
 GET /api/auth/session 200 in 191ms
 GET /api/notifications?limit=10 200 in 225ms
 GET /api/realtime 200 in 181ms
 GET /api/realtime 200 in 4804ms
 GET /api/realtime 200 in 114ms
 GET /api/realtime 200 in 247ms
 GET /api/realtime 200 in 209ms
 GET /api/auth/session 200 in 137ms
 GET /api/notifications?limit=10 200 in 150ms
 GET /api/realtime 200 in 145ms
 GET /api/realtime 200 in 183ms
 GET /api/realtime 200 in 185ms
 GET /api/auth/session 200 in 152ms
 GET /api/realtime 200 in 184ms
 GET /api/realtime 200 in 192ms
 GET /api/realtime 200 in 199ms
 GET /api/auth/session 200 in 132ms
 GET /api/realtime 200 in 134ms
 GET /api/realtime 200 in 164ms
 GET /api/realtime 200 in 190ms
 GET /api/auth/session 200 in 144ms
 GET /api/realtime 200 in 157ms
 GET /api/realtime 200 in 127ms
 GET /api/realtime 200 in 131ms
 GET /api/auth/session 200 in 99ms
 GET /api/realtime 200 in 131ms
 GET /api/auth/session 200 in 95ms
 GET /api/realtime 200 in 153ms
 GET /api/realtime 200 in 283ms
 GET /api/auth/session 200 in 139ms
 GET /api/realtime 200 in 342ms
 GET /api/auth/session 200 in 99ms
 GET /api/realtime 200 in 136ms
 GET /api/realtime 200 in 346ms
 GET /api/realtime 200 in 102ms
 GET /api/realtime 200 in 142ms
 GET /api/auth/session 200 in 193ms
 GET /api/realtime 200 in 150ms
 GET /api/realtime 200 in 6656ms
 GET /api/realtime 200 in 203ms
 GET /api/auth/session 200 in 162ms
 GET /api/realtime 200 in 6550ms
 GET /api/realtime 200 in 94ms
 GET /api/realtime 200 in 167ms
 GET /api/auth/session 200 in 147ms
 GET /api/realtime 200 in 6764ms
 GET /api/realtime 200 in 158ms
[?25h
