  ▲ Next.js 14.2.28
  - Local:        http://localhost:3000
  - Environments: .env
  - Experiments (use with caution):
    · outputFileTracingRoot

 ✓ Starting...
 ✓ Ready in 2.9s
 ○ Compiling / ...
 ✓ Compiled / in 3.3s (598 modules)
 GET / 200 in 4045ms
 ✓ Compiled in 655ms (297 modules)
 ○ Compiling /api/auth/[...nextauth] ...
 ✓ Compiled /api/auth/[...nextauth] in 558ms (542 modules)
 GET /api/auth/providers 200 in 1128ms
 GET / 200 in 147ms
 GET /api/auth/session 200 in 98ms
 GET /api/auth/session 200 in 91ms
 ○ Compiling /signup ...
 ✓ Compiled /signup in 1131ms (883 modules)
 GET /login 200 in 1385ms
 GET /signup 200 in 1385ms
 GET /api/auth/session 200 in 112ms
 GET /api/auth/session 200 in 79ms
 GET /api/auth/session 200 in 87ms
 GET /api/auth/session 200 in 115ms
 GET /api/auth/session 200 in 141ms
 GET /api/auth/csrf 200 in 91ms
 ✓ Compiled /api/signup in 154ms (598 modules)
 POST /api/signup 200 in 678ms
 GET / 200 in 127ms
 GET /api/auth/signin 302 in 102ms
 GET /login?callbackUrl=https://1905ad134.preview.abacusai.app 200 in 90ms
 GET /api/auth/csrf 200 in 78ms
 POST /api/auth/callback/credentials 302 in 386ms
 ✓ Compiled /middleware in 403ms (174 modules)
 ○ Compiling /dashboard ...
 ✓ Compiled /dashboard in 2.8s (3030 modules)
 GET /dashboard 200 in 3253ms
 GET /dashboard 200 in 248ms
 GET / 200 in 248ms
 GET /api/auth/session 200 in 193ms
 ✓ Compiled /api/realtime in 433ms (1668 modules)
 ✓ Compiled (1679 modules)
 GET /api/dashboard/agenda 200 in 1145ms
 GET /api/auth/session 200 in 1011ms
 GET /api/notifications?limit=10 200 in 1148ms
 GET /api/realtime 200 in 794ms
 GET /api/dashboard/agenda 200 in 214ms
 GET /api/auth/session 200 in 193ms
 GET /api/notifications?limit=10 200 in 223ms
 GET /api/realtime 200 in 245ms
 GET /api/dashboard/agenda 200 in 210ms
 GET /api/auth/session 200 in 219ms
 GET /api/realtime 200 in 242ms
 GET /api/notifications?limit=10 200 in 248ms
 GET /api/dashboard/agenda 200 in 222ms
 GET /api/auth/session 200 in 229ms
 GET /api/notifications?limit=10 200 in 238ms
 GET /api/realtime 200 in 235ms
 GET /api/realtime 200 in 232ms
 GET /api/auth/session 200 in 230ms
 GET /api/realtime 200 in 99ms
 GET /api/realtime 200 in 107ms
 GET /api/realtime 200 in 95ms
 GET /api/realtime 200 in 98ms
 GET /api/realtime 200 in 101ms
 GET /api/realtime 200 in 96ms
 GET /api/realtime 200 in 102ms
 GET /api/realtime 200 in 310ms
 GET /api/realtime 200 in 109ms
 GET /api/realtime 200 in 105ms
 GET /api/realtime 200 in 98ms
 GET /api/realtime 200 in 3874ms
 GET /api/realtime 200 in 86ms
 ○ Compiling /projects/[id] ...
 ✓ Compiled /projects/[id] in 5.2s (3573 modules)
 GET /projects/new 200 in 6437ms
 GET /safety 200 in 6436ms
 GET /documents 200 in 6503ms
 GET /equipment 200 in 6539ms
 GET /daily-reports 200 in 6440ms
 GET /projects 200 in 6555ms
 GET /team 200 in 6556ms
 GET /meetings 200 in 6466ms
 GET /punch-lists 200 in 6481ms
 GET /rfis 200 in 6483ms
 GET /submittals 200 in 6513ms
 GET /settings 200 in 6513ms
 GET /company 200 in 6608ms
 GET /inspections 200 in 6541ms
 GET /reports 200 in 6541ms
 GET /tasks 200 in 6561ms
 GET /budget 200 in 6663ms
 GET /projects/project-mall-renovation 200 in 6866ms
 GET /projects/project-downtown-office 200 in 6890ms
 GET /projects/project-riverside-homes 200 in 6896ms
 GET /api/notifications?limit=10 200 in 487ms
 GET /api/auth/session 200 in 590ms
 GET /api/realtime 200 in 765ms
 GET /api/notifications?limit=10 200 in 690ms
 GET /api/realtime 200 in 799ms
 GET /api/realtime 200 in 803ms
 GET /api/realtime 200 in 784ms
 ○ Compiling /api/company/stats ...
 ✓ Compiled /api/company/stats in 1437ms (1975 modules)
 GET /api/realtime 200 in 3227ms
 GET /api/realtime 200 in 3469ms
 GET /api/realtime 200 in 3993ms
 GET /api/auth/session 200 in 3421ms
 GET /api/realtime 200 in 3767ms
 GET /api/realtime 200 in 3679ms
 GET /api/realtime 200 in 3787ms
 GET /api/realtime 200 in 3672ms
 GET /api/realtime 200 in 3770ms
 GET /api/realtime 200 in 3614ms
 GET /api/realtime 200 in 4397ms
 GET /api/realtime 200 in 3288ms
 GET /api/realtime 200 in 3495ms
 GET /api/realtime 200 in 3780ms
 GET /api/realtime 200 in 4266ms
 GET /api/realtime 200 in 3828ms
 GET /api/realtime 200 in 3471ms
 GET /api/realtime 200 in 2988ms
 GET /api/realtime 200 in 2861ms
 GET /api/realtime 200 in 4269ms
 GET /api/realtime 200 in 3442ms
 GET /api/realtime 200 in 3729ms
 GET /api/company/stats 200 in 3996ms
 GET /api/notifications?limit=10 200 in 670ms
 GET /api/realtime 200 in 4579ms
 GET /api/realtime 200 in 3435ms
 GET /api/auth/session 200 in 621ms
 GET /api/realtime 200 in 3578ms
 GET /api/realtime 200 in 3330ms
 GET /api/realtime 200 in 3474ms
 GET /api/realtime 200 in 2963ms
 GET /api/realtime 200 in 3051ms
 GET /api/realtime 200 in 2638ms
 GET /api/realtime 200 in 3046ms
 GET /api/realtime 200 in 2645ms
 GET /api/realtime 200 in 3078ms
 GET /api/realtime 200 in 3188ms
 GET /api/realtime 200 in 3433ms
 GET /api/realtime 200 in 4455ms
 GET /api/realtime 200 in 533ms
 GET /api/notifications?limit=10 200 in 792ms
 GET /api/auth/session 200 in 787ms
 GET /api/auth/session 200 in 788ms
 GET /api/notifications?limit=10 200 in 875ms
 GET /api/notifications?limit=10 200 in 891ms
 GET /api/notifications?limit=10 200 in 794ms
 GET /api/realtime 200 in 676ms
 GET /api/auth/session 200 in 738ms
 GET /api/realtime 200 in 161ms
 GET /api/realtime 200 in 103ms
 GET /api/realtime 200 in 118ms
 GET /api/realtime 200 in 106ms
 GET /api/realtime 200 in 95ms
 GET /api/realtime 200 in 108ms
 GET /api/realtime 200 in 96ms
 GET /api/realtime 200 in 101ms
 GET /api/realtime 200 in 97ms
 GET /api/realtime 200 in 104ms
 GET /api/realtime 200 in 102ms
 GET /api/realtime 200 in 102ms
 GET /api/realtime 200 in 124ms
 GET /api/realtime 200 in 178ms
 GET /api/realtime 200 in 104ms
 GET /api/realtime 200 in 100ms
 GET /api/realtime 200 in 103ms
 GET /api/realtime 200 in 7786ms
 ○ Compiling /change-orders ...
 ✓ Compiled /change-orders in 3s (3652 modules)
 GET /company/invitations 200 in 3416ms
 GET /change-orders 200 in 3391ms
 GET /company/team 200 in 3397ms
 GET /company/usage 200 in 3423ms
 GET /company/settings 307 in 3424ms
 GET /dashboard 200 in 310ms
 ○ Compiling /api/company/invitations ...
 ✓ Compiled /api/company/invitations in 929ms (2027 modules)
 GET /api/dashboard/agenda 200 in 1699ms
 GET /api/realtime 200 in 1574ms
 GET /api/realtime 200 in 1212ms
 GET /api/auth/session 200 in 1921ms
 GET /api/company/invitations? 200 in 1991ms
 GET /api/notifications?limit=10 200 in 1941ms
 GET /api/dashboard/agenda 200 in 252ms
 GET /api/auth/session 200 in 221ms
 GET /api/company/invitations? 200 in 244ms
 GET /api/realtime 200 in 275ms
 GET /api/realtime 200 in 277ms
 GET /api/notifications?limit=10 200 in 241ms
 GET /api/dashboard/agenda 200 in 233ms
 GET /api/auth/session 200 in 258ms
 GET /api/company/invitations? 200 in 266ms
 GET /api/notifications?limit=10 200 in 268ms
 GET /api/realtime 200 in 284ms
 GET /api/realtime 200 in 285ms
 GET /api/dashboard/agenda 200 in 185ms
 GET /api/realtime 200 in 360ms
 GET /api/realtime 200 in 317ms
 GET /api/auth/session 200 in 360ms
 GET /api/company/invitations? 200 in 346ms
 GET /api/notifications?limit=10 200 in 351ms
 GET /api/auth/session 200 in 200ms
 GET /api/realtime 200 in 255ms
 GET /api/realtime 200 in 220ms
 GET /api/notifications?limit=10 200 in 229ms
 GET /api/auth/session 200 in 265ms
 GET /api/notifications?limit=10 200 in 284ms
 GET /api/realtime 200 in 306ms
 GET /api/realtime 200 in 368ms
 GET /api/auth/session 200 in 381ms
 GET /api/notifications?limit=10 200 in 364ms
 GET /api/realtime 200 in 346ms
 GET /api/realtime 200 in 531ms
 GET /api/auth/session 200 in 196ms
 GET /api/realtime 200 in 188ms
 GET /api/realtime 200 in 4032ms
 GET /api/notifications?limit=10 200 in 193ms
 GET /api/realtime 200 in 80ms
 GET /api/auth/session 200 in 174ms
 GET /api/realtime 200 in 179ms
 GET /api/auth/session 200 in 101ms
 GET /api/realtime 200 in 100ms
 GET /api/realtime 200 in 4312ms
 GET /api/auth/session 200 in 152ms
 GET /api/auth/session 200 in 84ms
 GET /api/auth/session 200 in 77ms
 GET /api/auth/session 200 in 100ms
[?25h
