  ▲ Next.js 14.2.28
  - Local:        http://localhost:3000
  - Environments: .env
  - Experiments (use with caution):
    · outputFileTracingRoot

 ✓ Starting...
 ✓ Ready in 2.1s
 ○ Compiling / ...
 ✓ Compiled / in 3s (596 modules)
 GET / 200 in 3510ms
 ✓ Compiled in 487ms (296 modules)
 GET / 200 in 71ms
 GET / 200 in 60ms
 GET / 200 in 56ms
 ○ Compiling /api/auth/[...nextauth] ...
 ✓ Compiled /api/auth/[...nextauth] in 616ms (541 modules)
 GET /api/auth/session 200 in 1100ms
 GET /api/auth/session 200 in 59ms
 ✓ Compiled in 400ms (296 modules)
 ✓ Compiled in 606ms (284 modules)
 ✓ Compiled in 331ms (296 modules)
 ✓ Compiled in 381ms (296 modules)
 ✓ Compiled in 349ms (296 modules)
 ✓ Compiled in 337ms (296 modules)
 ✓ Compiled in 324ms (296 modules)
[?25h
