  ▲ Next.js 14.2.28
  - Local:        http://localhost:3000
  - Environments: .env
  - Experiments (use with caution):
    · outputFileTracingRoot

 ✓ Starting...
 ✓ Ready in 1891ms
 ○ Compiling / ...
 ✓ Compiled / in 1621ms (596 modules)
 GET / 200 in 2172ms
 ✓ Compiled in 504ms (296 modules)
 GET / 200 in 75ms
 GET / 200 in 73ms
 GET / 200 in 63ms
 GET / 200 in 63ms
 GET / 200 in 64ms
 GET / 200 in 64ms
 GET / 200 in 64ms
 GET / 200 in 67ms
 GET / 200 in 63ms
 ✓ Compiled in 450ms (296 modules)
 GET / 200 in 70ms
 ✓ Compiled in 438ms (296 modules)
 ✓ Compiled in 407ms (296 modules)
 GET / 200 in 72ms
 ✓ Compiled in 523ms (296 modules)
 GET / 200 in 71ms
[?25h
