  ▲ Next.js 14.2.28
  - Local:        http://localhost:3000
  - Environments: .env
  - Experiments (use with caution):
    · outputFileTracingRoot

 ✓ Starting...
 ✓ Ready in 2.2s
 ○ Compiling / ...
 ✓ Compiled / in 2.9s (596 modules)
 GET / 200 in 3459ms
 ✓ Compiled in 475ms (296 modules)
 GET / 200 in 82ms
 GET / 200 in 84ms
 GET / 200 in 60ms
 ○ Compiling /api/auth/[...nextauth] ...
 ✓ Compiled /api/auth/[...nextauth] in 706ms (541 modules)
 GET /api/auth/session 200 in 1172ms
 GET /api/auth/session 200 in 63ms
 ✓ Compiled /login in 413ms (871 modules)
 GET /api/auth/providers 200 in 69ms
 GET /api/auth/csrf 200 in 47ms
 POST /api/auth/callback/credentials 200 in 448ms
 GET / 200 in 403ms
 GET /api/auth/session 200 in 64ms
 ✓ Compiled /middleware in 333ms (174 modules)
 ○ Compiling /dashboard ...
 ✓ Compiled /dashboard in 1956ms (2815 modules)
 GET /dashboard?_rsc=iqngu 200 in 86ms
 ✓ Compiled /api/realtime in 240ms (1570 modules)
 ✓ Compiled (1573 modules)
 GET /api/notifications?limit=10 200 in 1043ms
 GET /api/realtime 200 in 985ms
 GET /api/notifications?limit=10 200 in 46ms
 GET /api/realtime 200 in 222ms
 GET /api/realtime 200 in 262ms
 GET /api/realtime 200 in 315ms
 GET /api/realtime 200 in 265ms
 GET /api/realtime 200 in 264ms
 GET /api/realtime 200 in 283ms
 GET /api/realtime 200 in 225ms
 GET /api/realtime 200 in 216ms
 GET /api/realtime 200 in 328ms
 GET /api/realtime 200 in 306ms
 GET /api/realtime 200 in 229ms
 GET /api/realtime 200 in 236ms
 GET /api/realtime 200 in 224ms
 GET /api/realtime 200 in 234ms
 GET /api/realtime 200 in 234ms
 GET /api/realtime 200 in 221ms
 GET /api/realtime 200 in 250ms
 GET /api/realtime 200 in 304ms
 GET /api/realtime 200 in 229ms
 GET /api/realtime 200 in 225ms
 GET /api/realtime 200 in 335ms
 GET /api/realtime 200 in 210ms
 GET /api/realtime 200 in 250ms
 GET /api/realtime 200 in 226ms
 GET /api/realtime 200 in 263ms
 GET /api/realtime 200 in 221ms
 GET /api/realtime 200 in 229ms
 GET /api/realtime 200 in 231ms
 GET /api/realtime 200 in 217ms
 GET /api/realtime 200 in 247ms
 GET /api/realtime 200 in 231ms
 GET /api/realtime 200 in 249ms
 GET / 200 in 108ms
 GET /api/realtime 200 in 215ms
 GET /api/realtime 200 in 236ms
 GET /api/realtime 200 in 218ms
 GET /api/realtime 200 in 234ms
 GET /api/realtime 200 in 222ms
 GET /api/realtime 200 in 378ms
 GET /api/realtime 200 in 240ms
 GET /api/realtime 200 in 244ms
 GET /api/realtime 200 in 215ms
 GET /api/realtime 200 in 249ms
 GET /api/realtime 200 in 327ms
 GET /api/realtime 200 in 279ms
 GET /api/realtime 200 in 330ms
 GET /api/realtime 200 in 237ms
 GET /api/realtime 200 in 35163ms
prisma:error Error in PostgreSQL connection: Error { kind: Db, cause: Some(DbError { severity: "FATAL", parsed_severity: Some(Fatal), code: SqlState(E57P05), message: "terminating connection due to idle-session timeout", detail: None, hint: None, position: None, where_: None, schema: None, table: None, column: None, datatype: None, constraint: None, file: Some("postgres.c"), line: Some(3472), routine: Some("ProcessInterrupts") }) }
prisma:error Error in PostgreSQL connection: Error { kind: Db, cause: Some(DbError { severity: "FATAL", parsed_severity: Some(Fatal), code: SqlState(E57P05), message: "terminating connection due to idle-session timeout", detail: None, hint: None, position: None, where_: None, schema: None, table: None, column: None, datatype: None, constraint: None, file: Some("postgres.c"), line: Some(3472), routine: Some("ProcessInterrupts") }) }
prisma:error Error in PostgreSQL connection: Error { kind: Db, cause: Some(DbError { severity: "FATAL", parsed_severity: Some(Fatal), code: SqlState(E57P05), message: "terminating connection due to idle-session timeout", detail: None, hint: None, position: None, where_: None, schema: None, table: None, column: None, datatype: None, constraint: None, file: Some("postgres.c"), line: Some(3472), routine: Some("ProcessInterrupts") }) }
prisma:error Error in PostgreSQL connection: Error { kind: Db, cause: Some(DbError { severity: "FATAL", parsed_severity: Some(Fatal), code: SqlState(E57P05), message: "terminating connection due to idle-session timeout", detail: None, hint: None, position: None, where_: None, schema: None, table: None, column: None, datatype: None, constraint: None, file: Some("postgres.c"), line: Some(3472), routine: Some("ProcessInterrupts") }) }
[?25h
