Error fetching admin stats: n [Error]: Dynamic server usage: Route /api/admin/stats couldn't be rendered statically because it used `headers`. See more info here: https://nextjs.org/docs/messages/dynamic-server-error
    at l (/opt/hostedapp/node/root/app/.build/server/chunks/9276.js:1:37220)
    at d (/opt/hostedapp/node/root/app/.build/server/chunks/9637.js:25:30012)
    at s (/opt/hostedapp/node/root/app/.build/server/chunks/9637.js:25:20511)
    at p (/opt/hostedapp/node/root/app/.build/server/app/api/admin/stats/route.js:1:1304)
    at /opt/hostedapp/node/root/app/node_modules/next/dist/compiled/next-server/app-route.runtime.prod.js:6:38417
    at /opt/hostedapp/node/root/app/node_modules/next/dist/server/lib/trace/tracer.js:140:36
    at NoopContextManager.with (/opt/hostedapp/node/root/app/node_modules/next/dist/compiled/@opentelemetry/api/index.js:1:7062)
    at ContextAPI.with (/opt/hostedapp/node/root/app/node_modules/next/dist/compiled/@opentelemetry/api/index.js:1:518)
    at NoopTracer.startActiveSpan (/opt/hostedapp/node/root/app/node_modules/next/dist/compiled/@opentelemetry/api/index.js:1:18093)
    at ProxyTracer.startActiveSpan (/opt/hostedapp/node/root/app/node_modules/next/dist/compiled/@opentelemetry/api/index.js:1:18854) {
  description: "Route /api/admin/stats couldn't be rendered statically because it used `headers`. See more info here: https://nextjs.org/docs/messages/dynamic-server-error",
  digest: 'DYNAMIC_SERVER_USAGE'
}
Dashboard stats error: n [Error]: Dynamic server usage: Route /api/dashboard/stats couldn't be rendered statically because it used `headers`. See more info here: https://nextjs.org/docs/messages/dynamic-server-error
    at l (/opt/hostedapp/node/root/app/.build/server/chunks/9276.js:1:37220)
    at d (/opt/hostedapp/node/root/app/.build/server/chunks/9637.js:25:30012)
    at s (/opt/hostedapp/node/root/app/.build/server/chunks/9637.js:25:20511)
    at p (/opt/hostedapp/node/root/app/.build/server/app/api/dashboard/stats/route.js:1:1305)
    at /opt/hostedapp/node/root/app/node_modules/next/dist/compiled/next-server/app-route.runtime.prod.js:6:38417
    at /opt/hostedapp/node/root/app/node_modules/next/dist/server/lib/trace/tracer.js:140:36
    at NoopContextManager.with (/opt/hostedapp/node/root/app/node_modules/next/dist/compiled/@opentelemetry/api/index.js:1:7062)
    at ContextAPI.with (/opt/hostedapp/node/root/app/node_modules/next/dist/compiled/@opentelemetry/api/index.js:1:518)
    at NoopTracer.startActiveSpan (/opt/hostedapp/node/root/app/node_modules/next/dist/compiled/@opentelemetry/api/index.js:1:18093)
    at ProxyTracer.startActiveSpan (/opt/hostedapp/node/root/app/node_modules/next/dist/compiled/@opentelemetry/api/index.js:1:18854) {
  description: "Route /api/dashboard/stats couldn't be rendered statically because it used `headers`. See more info here: https://nextjs.org/docs/messages/dynamic-server-error",
  digest: 'DYNAMIC_SERVER_USAGE'
}
Error fetching activities: n [Error]: Dynamic server usage: Route /api/admin/activity couldn't be rendered statically because it used `headers`. See more info here: https://nextjs.org/docs/messages/dynamic-server-error
    at l (/opt/hostedapp/node/root/app/.build/server/chunks/9276.js:1:37220)
    at d (/opt/hostedapp/node/root/app/.build/server/chunks/9637.js:25:30012)
    at s (/opt/hostedapp/node/root/app/.build/server/chunks/9637.js:25:20511)
    at d (/opt/hostedapp/node/root/app/.build/server/app/api/admin/activity/route.js:1:1305)
    at /opt/hostedapp/node/root/app/node_modules/next/dist/compiled/next-server/app-route.runtime.prod.js:6:38417
    at /opt/hostedapp/node/root/app/node_modules/next/dist/server/lib/trace/tracer.js:140:36
    at NoopContextManager.with (/opt/hostedapp/node/root/app/node_modules/next/dist/compiled/@opentelemetry/api/index.js:1:7062)
    at ContextAPI.with (/opt/hostedapp/node/root/app/node_modules/next/dist/compiled/@opentelemetry/api/index.js:1:518)
    at NoopTracer.startActiveSpan (/opt/hostedapp/node/root/app/node_modules/next/dist/compiled/@opentelemetry/api/index.js:1:18093)
    at ProxyTracer.startActiveSpan (/opt/hostedapp/node/root/app/node_modules/next/dist/compiled/@opentelemetry/api/index.js:1:18854) {
  description: "Route /api/admin/activity couldn't be rendered statically because it used `headers`. See more info here: https://nextjs.org/docs/messages/dynamic-server-error",
  digest: 'DYNAMIC_SERVER_USAGE'
}
Error validating invitation: B [Error]: Dynamic server usage: Route /api/company/invitations/validate couldn't be rendered statically because it used `request.url`. See more info here: https://nextjs.org/docs/messages/dynamic-server-error
    at V (/opt/hostedapp/node/root/app/node_modules/next/dist/compiled/next-server/app-route.runtime.prod.js:6:21778)
    at Object.get (/opt/hostedapp/node/root/app/node_modules/next/dist/compiled/next-server/app-route.runtime.prod.js:6:29465)
    at p (/opt/hostedapp/node/root/app/.build/server/app/api/company/invitations/validate/route.js:1:603)
    at /opt/hostedapp/node/root/app/node_modules/next/dist/compiled/next-server/app-route.runtime.prod.js:6:38417
    at /opt/hostedapp/node/root/app/node_modules/next/dist/server/lib/trace/tracer.js:140:36
    at NoopContextManager.with (/opt/hostedapp/node/root/app/node_modules/next/dist/compiled/@opentelemetry/api/index.js:1:7062)
    at ContextAPI.with (/opt/hostedapp/node/root/app/node_modules/next/dist/compiled/@opentelemetry/api/index.js:1:518)
    at NoopTracer.startActiveSpan (/opt/hostedapp/node/root/app/node_modules/next/dist/compiled/@opentelemetry/api/index.js:1:18093)
    at ProxyTracer.startActiveSpan (/opt/hostedapp/node/root/app/node_modules/next/dist/compiled/@opentelemetry/api/index.js:1:18854)
    at /opt/hostedapp/node/root/app/node_modules/next/dist/server/lib/trace/tracer.js:122:103 {
  description: "Route /api/company/invitations/validate couldn't be rendered statically because it used `request.url`. See more info here: https://nextjs.org/docs/messages/dynamic-server-error",
  digest: 'DYNAMIC_SERVER_USAGE'
}
Error validating invitation: B [Error]: Dynamic server usage: Route /api/invitations/validate couldn't be rendered statically because it used `request.url`. See more info here: https://nextjs.org/docs/messages/dynamic-server-error
    at V (/opt/hostedapp/node/root/app/node_modules/next/dist/compiled/next-server/app-route.runtime.prod.js:6:21778)
    at Object.get (/opt/hostedapp/node/root/app/node_modules/next/dist/compiled/next-server/app-route.runtime.prod.js:6:29465)
    at l (/opt/hostedapp/node/root/app/.build/server/app/api/invitations/validate/route.js:1:603)
    at /opt/hostedapp/node/root/app/node_modules/next/dist/compiled/next-server/app-route.runtime.prod.js:6:38417
    at /opt/hostedapp/node/root/app/node_modules/next/dist/server/lib/trace/tracer.js:140:36
    at NoopContextManager.with (/opt/hostedapp/node/root/app/node_modules/next/dist/compiled/@opentelemetry/api/index.js:1:7062)
    at ContextAPI.with (/opt/hostedapp/node/root/app/node_modules/next/dist/compiled/@opentelemetry/api/index.js:1:518)
    at NoopTracer.startActiveSpan (/opt/hostedapp/node/root/app/node_modules/next/dist/compiled/@opentelemetry/api/index.js:1:18093)
    at ProxyTracer.startActiveSpan (/opt/hostedapp/node/root/app/node_modules/next/dist/compiled/@opentelemetry/api/index.js:1:18854)
    at /opt/hostedapp/node/root/app/node_modules/next/dist/server/lib/trace/tracer.js:122:103 {
  description: "Route /api/invitations/validate couldn't be rendered statically because it used `request.url`. See more info here: https://nextjs.org/docs/messages/dynamic-server-error",
  digest: 'DYNAMIC_SERVER_USAGE'
}
Error fetching notifications: n [Error]: Dynamic server usage: Route /api/notifications couldn't be rendered statically because it used `headers`. See more info here: https://nextjs.org/docs/messages/dynamic-server-error
    at l (/opt/hostedapp/node/root/app/.build/server/chunks/9276.js:1:37220)
    at d (/opt/hostedapp/node/root/app/.build/server/chunks/9637.js:25:30012)
    at s (/opt/hostedapp/node/root/app/.build/server/chunks/9637.js:25:20511)
    at l (/opt/hostedapp/node/root/app/.build/server/app/api/notifications/route.js:1:1305)
    at /opt/hostedapp/node/root/app/node_modules/next/dist/compiled/next-server/app-route.runtime.prod.js:6:38417
    at /opt/hostedapp/node/root/app/node_modules/next/dist/server/lib/trace/tracer.js:140:36
    at NoopContextManager.with (/opt/hostedapp/node/root/app/node_modules/next/dist/compiled/@opentelemetry/api/index.js:1:7062)
    at ContextAPI.with (/opt/hostedapp/node/root/app/node_modules/next/dist/compiled/@opentelemetry/api/index.js:1:518)
    at NoopTracer.startActiveSpan (/opt/hostedapp/node/root/app/node_modules/next/dist/compiled/@opentelemetry/api/index.js:1:18093)
    at ProxyTracer.startActiveSpan (/opt/hostedapp/node/root/app/node_modules/next/dist/compiled/@opentelemetry/api/index.js:1:18854) {
  description: "Route /api/notifications couldn't be rendered statically because it used `headers`. See more info here: https://nextjs.org/docs/messages/dynamic-server-error",
  digest: 'DYNAMIC_SERVER_USAGE'
}
Error searching: n [Error]: Dynamic server usage: Route /api/search couldn't be rendered statically because it used `headers`. See more info here: https://nextjs.org/docs/messages/dynamic-server-error
    at l (/opt/hostedapp/node/root/app/.build/server/chunks/9276.js:1:37220)
    at d (/opt/hostedapp/node/root/app/.build/server/chunks/9637.js:25:30012)
    at s (/opt/hostedapp/node/root/app/.build/server/chunks/9637.js:25:20511)
    at p (/opt/hostedapp/node/root/app/.build/server/app/api/search/route.js:1:1302)
    at /opt/hostedapp/node/root/app/node_modules/next/dist/compiled/next-server/app-route.runtime.prod.js:6:38417
    at /opt/hostedapp/node/root/app/node_modules/next/dist/server/lib/trace/tracer.js:140:36
    at NoopContextManager.with (/opt/hostedapp/node/root/app/node_modules/next/dist/compiled/@opentelemetry/api/index.js:1:7062)
    at ContextAPI.with (/opt/hostedapp/node/root/app/node_modules/next/dist/compiled/@opentelemetry/api/index.js:1:518)
    at NoopTracer.startActiveSpan (/opt/hostedapp/node/root/app/node_modules/next/dist/compiled/@opentelemetry/api/index.js:1:18093)
    at ProxyTracer.startActiveSpan (/opt/hostedapp/node/root/app/node_modules/next/dist/compiled/@opentelemetry/api/index.js:1:18854) {
  description: "Route /api/search couldn't be rendered statically because it used `headers`. See more info here: https://nextjs.org/docs/messages/dynamic-server-error",
  digest: 'DYNAMIC_SERVER_USAGE'
}
