  ▲ Next.js 14.2.28
  - Local:        http://localhost:3000
  - Environments: .env
  - Experiments (use with caution):
    · outputFileTracingRoot

 ✓ Starting...
 ✓ Ready in 1861ms
 ○ Compiling / ...
 ✓ Compiled / in 1557ms (596 modules)
 GET / 200 in 2003ms
 ✓ Compiled in 464ms (296 modules)
 ✓ Compiled /api/auth/[...nextauth] in 465ms (541 modules)
 GET /api/auth/providers 200 in 964ms
 GET / 200 in 102ms
 GET /api/auth/session 200 in 55ms
 GET /api/auth/session 200 in 40ms
 ○ Compiling /signup ...
 ✓ Compiled /signup in 924ms (881 modules)
 GET /signup 200 in 1130ms
 GET /login 200 in 1136ms
 GET /api/auth/session 200 in 93ms
 GET /api/auth/session 200 in 47ms
 GET /api/auth/session 200 in 41ms
 GET /api/auth/session 200 in 40ms
 GET /api/auth/session 200 in 40ms
 GET /api/auth/csrf 200 in 50ms
 ✓ Compiled /api/signup in 291ms (597 modules)
 POST /api/signup 200 in 758ms
 GET / 200 in 86ms
 GET /api/auth/signin 302 in 66ms
 GET /login?callbackUrl=https://267ef8e6d.preview.abacusai.app 200 in 58ms
 GET /api/auth/csrf 200 in 42ms
 POST /api/auth/callback/credentials 302 in 337ms
 ✓ Compiled /middleware in 196ms (174 modules)
 ○ Compiling /dashboard ...
 ✓ Compiled /dashboard in 1623ms (2843 modules)
 GET /dashboard 200 in 2154ms
 GET / 200 in 77ms
 GET /dashboard 200 in 66ms
 GET /api/auth/session 200 in 161ms
 ○ Compiling /api/realtime ...
 ✓ Compiled /api/realtime in 528ms (1574 modules)
 ✓ Compiled (1577 modules)
 GET /api/auth/session 200 in 1026ms
 GET /api/notifications?limit=10 200 in 1078ms
 GET /api/realtime 200 in 1080ms
 GET /api/realtime 200 in 1070ms
 GET /api/realtime 200 in 1086ms
 GET /api/realtime 200 in 1134ms
 GET /api/auth/session 200 in 97ms
 GET /api/notifications?limit=10 200 in 104ms
 GET /api/auth/session 200 in 83ms
 GET /api/notifications?limit=10 200 in 70ms
 GET /api/auth/session 200 in 86ms
 GET /api/realtime 200 in 140ms
 GET /api/notifications?limit=10 200 in 134ms
 GET /api/auth/session 200 in 58ms
 GET /api/realtime 200 in 100ms
 GET /api/realtime 200 in 61ms
 ○ Compiling /projects/new ...
 ✓ Compiled /projects/new in 3s (3274 modules)
 GET /change-orders 200 in 4012ms
 GET /safety 200 in 4039ms
 GET /submittals 200 in 4022ms
 GET /documents 200 in 4022ms
 GET /rfis 200 in 4045ms
 GET /projects 200 in 4026ms
 GET /team 200 in 4026ms
 GET /projects/new 200 in 4013ms
 GET /daily-reports 200 in 4014ms
 GET /tasks 200 in 4051ms
 GET /settings 200 in 4016ms
 GET /company 200 in 4022ms
 GET /reports 200 in 4059ms
 GET /api/notifications?limit=10 200 in 203ms
 GET /api/auth/session 200 in 305ms
 GET /api/realtime 200 in 255ms
 GET /api/realtime 200 in 279ms
 GET /api/realtime 200 in 267ms
 GET /api/realtime 200 in 269ms
 GET /api/notifications?limit=10 200 in 306ms
 GET /api/realtime 200 in 210ms
 GET /api/realtime 200 in 206ms
 GET /api/auth/session 200 in 218ms
 GET /api/notifications?limit=10 200 in 243ms
 GET /api/realtime 200 in 180ms
 GET /api/auth/session 200 in 200ms
 GET /api/realtime 200 in 206ms
 GET /api/realtime 200 in 265ms
 GET /api/realtime 200 in 297ms
 GET /api/realtime 200 in 270ms
 GET /api/realtime 200 in 271ms
 GET /api/realtime 200 in 270ms
 GET /api/notifications?limit=10 200 in 341ms
 GET /api/realtime 200 in 266ms
 GET /api/realtime 200 in 325ms
 GET /api/realtime 200 in 265ms
 GET /api/auth/session 200 in 317ms
 GET /api/realtime 200 in 260ms
 GET /api/notifications?limit=10 200 in 250ms
 GET /api/auth/session 200 in 207ms
 GET /api/notifications?limit=10 200 in 191ms
 GET /api/auth/session 200 in 185ms
 GET /api/notifications?limit=10 200 in 230ms
 GET /api/auth/session 200 in 161ms
 GET /api/notifications?limit=10 200 in 149ms
 GET /api/auth/session 200 in 149ms
 GET /api/notifications?limit=10 200 in 147ms
 GET /api/auth/session 200 in 127ms
 GET /api/notifications?limit=10 200 in 197ms
 GET /api/realtime 200 in 201ms
 GET /api/auth/session 200 in 253ms
 GET /api/realtime 200 in 159ms
 GET /api/notifications?limit=10 200 in 173ms
 GET /api/auth/session 200 in 169ms
 GET /api/realtime 200 in 175ms
 GET /api/notifications?limit=10 200 in 266ms
 GET /api/auth/session 200 in 235ms
 GET /api/realtime 200 in 171ms
 GET /api/auth/session 200 in 174ms
 GET /api/notifications?limit=10 200 in 193ms
 GET /api/auth/session 200 in 184ms
 GET /api/notifications?limit=10 200 in 199ms
 GET /api/auth/session 200 in 199ms
 GET /api/notifications?limit=10 200 in 140ms
 GET /api/realtime 200 in 171ms
 GET /api/auth/session 200 in 197ms
 GET /api/notifications?limit=10 200 in 220ms
 GET /api/auth/session 200 in 235ms
 GET /api/notifications?limit=10 200 in 218ms
 GET /api/auth/session 200 in 188ms
 GET /api/realtime 200 in 204ms
 GET /api/realtime 200 in 186ms
 GET /api/notifications?limit=10 200 in 190ms
 GET /api/realtime 200 in 185ms
 GET /api/auth/session 200 in 184ms
 GET /api/notifications?limit=10 200 in 165ms
 GET /api/realtime 200 in 188ms
 GET /api/realtime 200 in 158ms
 GET /api/realtime 200 in 159ms
 GET /api/notifications?limit=10 200 in 228ms
 GET /api/auth/session 200 in 231ms
 GET /api/realtime 200 in 193ms
 GET /api/auth/session 200 in 163ms
 GET /api/notifications?limit=10 200 in 190ms
 GET /api/auth/session 200 in 172ms
 GET /api/notifications?limit=10 200 in 183ms
 GET /api/notifications?limit=10 200 in 224ms
 GET /api/auth/session 200 in 230ms
 GET /api/notifications?limit=10 200 in 209ms
 GET /api/auth/session 200 in 229ms
 GET /api/realtime 200 in 198ms
 GET /api/realtime 200 in 193ms
 GET /api/notifications?limit=10 200 in 152ms
 GET /api/auth/session 200 in 151ms
 GET /api/notifications?limit=10 200 in 150ms
 GET /api/realtime 200 in 175ms
 GET /api/realtime 200 in 117ms
 GET /api/realtime 200 in 119ms
 GET /api/auth/session 200 in 162ms
 GET /api/notifications?limit=10 200 in 125ms
 GET /api/realtime 200 in 155ms
 GET /api/realtime 200 in 156ms
 GET /api/realtime 200 in 156ms
 GET /api/realtime 200 in 117ms
 GET /api/auth/session 200 in 119ms
 GET /api/auth/session 200 in 128ms
 GET /api/auth/session 200 in 118ms
 GET /api/notifications?limit=10 200 in 154ms
 GET /api/notifications?limit=10 200 in 126ms
 GET /api/notifications?limit=10 200 in 125ms
 GET /api/notifications?limit=10 200 in 126ms
 GET /api/notifications?limit=10 200 in 127ms
 GET /api/notifications?limit=10 200 in 126ms
 GET /api/notifications?limit=10 200 in 139ms
 GET /api/notifications?limit=10 200 in 143ms
 GET /api/realtime 200 in 121ms
 GET /api/realtime 200 in 75ms
 GET /api/auth/session 200 in 129ms
 GET /api/auth/session 200 in 64ms
 GET /api/auth/session 200 in 69ms
 GET /api/realtime 200 in 57ms
 ○ Compiling /company/usage ...
 ✓ Compiled /company/usage in 2.4s (3351 modules)
 GET /company/invitations 200 in 2648ms
 GET /company/team 200 in 2667ms
 GET /company/usage 200 in 2670ms
 GET /company/settings 307 in 2673ms
 GET /dashboard 200 in 133ms
 GET /projects/project-mall-renovation 200 in 2972ms
 GET /projects/project-riverside-homes 200 in 2972ms
 GET /projects/project-downtown-office 200 in 2960ms
 ○ Compiling /api/company/invitations ...
 ✓ Compiled /api/company/invitations in 1493ms (1859 modules)
 GET /api/auth/session 200 in 2292ms
 GET /api/realtime 200 in 1904ms
 GET /api/realtime 200 in 1849ms
 GET /api/realtime 200 in 1792ms
 GET /api/realtime 200 in 1906ms
 GET /api/notifications?limit=10 200 in 1945ms
 GET /api/realtime 200 in 1507ms
 GET /api/realtime 200 in 1506ms
 GET /api/realtime 200 in 1497ms
 GET /api/realtime 200 in 1500ms
 GET /api/realtime 200 in 1492ms
 GET /api/realtime 200 in 1493ms
 GET /api/realtime 200 in 1494ms
 GET /api/realtime 200 in 1509ms
 GET /api/company/invitations? 200 in 2369ms
 GET /api/realtime 200 in 1123ms
 GET /api/realtime 200 in 1110ms
 GET /api/realtime 200 in 1346ms
 GET /api/realtime 200 in 1122ms
 GET /api/auth/session 200 in 144ms
 GET /api/notifications?limit=10 200 in 126ms
 GET /api/company/invitations? 200 in 145ms
 GET /api/auth/session 200 in 217ms
 GET /api/notifications?limit=10 200 in 202ms
 GET /api/company/invitations? 200 in 179ms
 GET /api/realtime 200 in 167ms
 GET /api/auth/session 200 in 139ms
 GET /api/notifications?limit=10 200 in 154ms
 GET /api/company/invitations? 200 in 117ms
 GET /api/realtime 200 in 184ms
 GET /api/auth/session 200 in 181ms
 GET /api/notifications?limit=10 200 in 173ms
 GET /api/notifications?limit=10 200 in 192ms
 GET /api/auth/session 200 in 189ms
 GET /api/auth/session 200 in 161ms
 GET /api/notifications?limit=10 200 in 177ms
 GET /api/auth/session 200 in 120ms
 GET /api/notifications?limit=10 200 in 133ms
 GET /api/realtime 200 in 104ms
 GET /api/auth/session 200 in 158ms
 GET /api/notifications?limit=10 200 in 158ms
 GET /api/auth/session 200 in 102ms
 GET /api/notifications?limit=10 200 in 132ms
 GET /api/auth/session 200 in 140ms
 GET /api/realtime 200 in 134ms
 GET /api/notifications?limit=10 200 in 176ms
 GET /api/auth/session 200 in 98ms
 GET /api/realtime 200 in 106ms
 GET /api/notifications?limit=10 200 in 112ms
 GET /api/auth/session 200 in 142ms
 GET /api/realtime 200 in 31079ms
 GET /api/realtime 200 in 30780ms
 GET /api/notifications?limit=10 200 in 131ms
 GET /api/auth/session 200 in 88ms
 GET /api/realtime 200 in 30135ms
 GET /api/notifications?limit=10 200 in 144ms
 GET /api/auth/session 200 in 146ms
 GET /api/realtime 200 in 30081ms
 GET /api/notifications?limit=10 200 in 148ms
 GET /api/auth/session 200 in 93ms
 GET /api/realtime 200 in 146ms
 GET /api/notifications?limit=10 200 in 105ms
 GET /api/realtime 200 in 30053ms
 GET /api/auth/session 200 in 100ms
 GET /api/realtime 200 in 30053ms
 GET /api/realtime 200 in 30055ms
 GET /api/auth/session 200 in 132ms
 GET /api/realtime 200 in 30059ms
 GET /api/auth/session 200 in 82ms
 GET /api/realtime 200 in 30055ms
 GET /api/realtime 200 in 30048ms
 GET /api/auth/session 200 in 107ms
 GET /api/realtime 200 in 30047ms
 GET /api/realtime 200 in 130ms
 GET /api/realtime 200 in 78ms
 GET /api/auth/session 200 in 88ms
 GET /api/realtime 200 in 30078ms
 GET /api/realtime 200 in 30054ms
 GET /api/auth/session 200 in 67ms
 GET /api/realtime 200 in 30050ms
 GET /api/auth/session 200 in 70ms
 GET /api/realtime 200 in 30054ms
 GET /api/auth/session 200 in 124ms
 GET /api/realtime 200 in 30096ms
 GET /api/realtime 200 in 30056ms
 GET /api/auth/session 200 in 64ms
 GET /api/realtime 200 in 30055ms
 GET /api/auth/session 200 in 62ms
 GET /api/realtime 200 in 30113ms
 GET /api/realtime 200 in 30060ms
 GET /api/realtime 200 in 30056ms
 GET /api/realtime 200 in 30055ms
 GET /api/realtime 200 in 30049ms
 GET /api/realtime 200 in 30047ms
 GET /api/realtime 200 in 30051ms
 GET /api/realtime 200 in 30051ms
 GET /api/realtime 200 in 30055ms
 GET /api/realtime 200 in 59ms
 GET /api/realtime 200 in 30054ms
 GET /api/realtime 200 in 30050ms
 GET /api/realtime 200 in 52ms
 GET /api/realtime 200 in 30051ms
 GET /api/realtime 200 in 30052ms
 GET /api/realtime 200 in 30051ms
 GET /api/realtime 200 in 30049ms
 GET /api/realtime 200 in 30050ms
 GET /api/realtime 200 in 30051ms
 GET /api/realtime 200 in 30057ms
 GET /api/realtime 200 in 30055ms
 GET /api/realtime 200 in 30052ms
 GET /api/realtime 200 in 30053ms
 GET /api/realtime 200 in 30046ms
 GET /api/realtime 200 in 30049ms
 GET /api/realtime 200 in 30048ms
 GET /api/realtime 200 in 30047ms
 GET /api/realtime 200 in 30049ms
 GET /api/realtime 200 in 30058ms
 GET /api/realtime 200 in 30050ms
 GET /api/realtime 200 in 30047ms
 GET /api/realtime 200 in 30048ms
 GET /api/realtime 200 in 30049ms
 GET /api/realtime 200 in 30047ms
 GET /api/realtime 200 in 30059ms
 GET /api/realtime 200 in 30054ms
 GET /api/realtime 200 in 30048ms
 GET /api/realtime 200 in 30048ms
 GET /api/realtime 200 in 30049ms
 GET /api/realtime 200 in 30049ms
 GET /api/realtime 200 in 30052ms
 GET /api/realtime 200 in 30047ms
 GET /api/realtime 200 in 30051ms
 GET /api/realtime 200 in 30049ms
 GET /api/realtime 200 in 30051ms
 GET /api/realtime 200 in 30230ms
 GET /api/realtime 200 in 30231ms
 GET /api/realtime 200 in 30270ms
 GET /api/realtime 200 in 30253ms
 GET /api/realtime 200 in 30259ms
 GET /api/realtime 200 in 30260ms
 GET /api/realtime 200 in 30207ms
 GET /api/realtime 200 in 30206ms
 GET /api/realtime 200 in 30197ms
 GET /api/realtime 200 in 30213ms
 GET /api/realtime 200 in 30240ms
 GET /api/realtime 200 in 30224ms
 GET /api/realtime 200 in 30197ms
 GET /api/realtime 200 in 30219ms
 GET /api/realtime 200 in 30209ms
 GET /api/realtime 200 in 30217ms
 GET /api/realtime 200 in 30208ms
 GET /api/realtime 200 in 30182ms
 GET /api/realtime 200 in 30183ms
 GET /api/realtime 200 in 30178ms
 GET /api/realtime 200 in 30159ms
 GET /api/realtime 200 in 30162ms
 GET /api/realtime 200 in 30172ms
 GET /api/realtime 200 in 30210ms
 GET /api/realtime 200 in 30203ms
 GET /api/realtime 200 in 30191ms
 GET /api/realtime 200 in 30213ms
 GET /api/realtime 200 in 30275ms
 GET /api/realtime 200 in 30276ms
 GET /api/realtime 200 in 30260ms
 GET /api/realtime 200 in 30267ms
 GET /api/realtime 200 in 30331ms
 GET /api/realtime 200 in 30259ms
 GET /api/realtime 200 in 30337ms
 GET /api/realtime 200 in 30339ms
 GET /api/realtime 200 in 30340ms
 GET /api/realtime 200 in 30298ms
 GET /api/realtime 200 in 30261ms
 GET /api/realtime 200 in 30228ms
 GET /api/realtime 200 in 30276ms
 GET /api/realtime 200 in 30249ms
 GET /api/realtime 200 in 30213ms
 GET /api/realtime 200 in 30264ms
 GET /api/realtime 200 in 30214ms
 GET /api/realtime 200 in 30215ms
 GET /api/realtime 200 in 30185ms
 GET /api/realtime 200 in 30149ms
 GET /api/realtime 200 in 30203ms
 GET /api/realtime 200 in 30210ms
 GET /api/realtime 200 in 30219ms
 GET /api/realtime 200 in 30153ms
 GET /api/realtime 200 in 30217ms
 GET /api/realtime 200 in 30155ms
 GET /api/realtime 200 in 30161ms
 GET /api/realtime 200 in 30220ms
 GET /api/realtime 200 in 30198ms
 GET /api/realtime 200 in 30172ms
 GET /api/realtime 200 in 30172ms
 GET /api/realtime 200 in 30181ms
 GET /api/realtime 200 in 30184ms
 GET /api/realtime 200 in 30183ms
 GET /api/realtime 200 in 30185ms
 GET /api/realtime 200 in 30184ms
 GET /api/realtime 200 in 30185ms
 GET /api/realtime 200 in 30174ms
 GET /api/realtime 200 in 30186ms
 GET /api/realtime 200 in 30186ms
 GET /api/realtime 200 in 30195ms
 GET /api/realtime 200 in 30199ms
 GET /api/realtime 200 in 30209ms
 GET /api/realtime 200 in 30191ms
 GET /api/realtime 200 in 30187ms
 GET /api/realtime 200 in 30187ms
 GET /api/realtime 200 in 30188ms
 GET /api/realtime 200 in 30162ms
 GET /api/realtime 200 in 30162ms
 GET /api/realtime 200 in 30169ms
 GET /api/realtime 200 in 30184ms
 GET /api/realtime 200 in 30154ms
 GET /api/realtime 200 in 30155ms
 GET /api/realtime 200 in 30156ms
 GET /api/realtime 200 in 30216ms
 GET /api/realtime 200 in 30116ms
 GET /api/realtime 200 in 30118ms
 GET /api/realtime 200 in 30117ms
 GET /api/realtime 200 in 30125ms
 GET /api/realtime 200 in 30154ms
 GET /api/realtime 200 in 30154ms
 GET /api/realtime 200 in 30155ms
 GET /api/realtime 200 in 30155ms
 GET /api/realtime 200 in 30181ms
 GET /api/realtime 200 in 30149ms
 GET /api/realtime 200 in 30140ms
 GET /api/realtime 200 in 30141ms
 GET /api/realtime 200 in 30191ms
 GET /api/realtime 200 in 30145ms
 GET /api/realtime 200 in 30195ms
 GET /api/realtime 200 in 30158ms
 GET /api/realtime 200 in 30120ms
 GET /api/realtime 200 in 30149ms
 GET /api/realtime 200 in 30127ms
 GET /api/realtime 200 in 30128ms
 GET /api/realtime 200 in 30131ms
 GET /api/realtime 200 in 30151ms
 GET /api/realtime 200 in 30134ms
 GET /api/realtime 200 in 30133ms
 GET /api/realtime 200 in 30132ms
 GET /api/realtime 200 in 30200ms
 GET /api/realtime 200 in 30203ms
 GET /api/realtime 200 in 30205ms
 GET /api/realtime 200 in 30214ms
 GET /api/realtime 200 in 30175ms
 GET /api/realtime 200 in 30176ms
 GET /api/realtime 200 in 30177ms
 GET /api/realtime 200 in 30178ms
 GET /api/realtime 200 in 30198ms
 GET /api/realtime 200 in 30203ms
 GET /api/realtime 200 in 30199ms
 GET /api/realtime 200 in 30203ms
 GET /api/realtime 200 in 30157ms
 GET /api/realtime 200 in 30162ms
 GET /api/realtime 200 in 30158ms
 GET /api/realtime 200 in 30183ms
 GET /api/realtime 200 in 30168ms
 GET /api/realtime 200 in 30168ms
 GET /api/realtime 200 in 30171ms
 GET /api/realtime 200 in 30156ms
 GET /api/realtime 200 in 30155ms
 GET /api/realtime 200 in 30155ms
 GET /api/realtime 200 in 30156ms
 GET /api/realtime 200 in 30149ms
 GET /api/realtime 200 in 30151ms
 GET /api/realtime 200 in 30150ms
 GET /api/realtime 200 in 30206ms
 GET /api/realtime 200 in 30188ms
 GET /api/realtime 200 in 30260ms
 GET /api/realtime 200 in 30261ms
 GET /api/realtime 200 in 30263ms
 GET /api/realtime 200 in 30248ms
 GET /api/realtime 200 in 30248ms
 GET /api/realtime 200 in 30244ms
 GET /api/realtime 200 in 30230ms
 GET /api/realtime 200 in 30245ms
 GET /api/realtime 200 in 30172ms
 GET /api/realtime 200 in 30165ms
 GET /api/realtime 200 in 30238ms
 GET /api/realtime 200 in 30177ms
 GET /api/realtime 200 in 30160ms
 GET /api/realtime 200 in 30158ms
 GET /api/realtime 200 in 30166ms
 GET /api/realtime 200 in 30169ms
 GET /api/realtime 200 in 30170ms
 GET /api/realtime 200 in 30170ms
 GET /api/realtime 200 in 30170ms
 GET /api/realtime 200 in 30131ms
 GET /api/realtime 200 in 30132ms
 GET /api/realtime 200 in 30132ms
 GET /api/realtime 200 in 30178ms
 GET /api/realtime 200 in 30151ms
 GET /api/realtime 200 in 30178ms
 GET /api/realtime 200 in 30178ms
 GET /api/realtime 200 in 30182ms
 GET /api/realtime 200 in 30171ms
 GET /api/realtime 200 in 30172ms
 GET /api/realtime 200 in 30172ms
 GET /api/realtime 200 in 30172ms
 GET /api/realtime 200 in 30172ms
 GET /api/realtime 200 in 30173ms
 GET /api/realtime 200 in 30171ms
 GET /api/realtime 200 in 30183ms
 GET /api/realtime 200 in 30156ms
 GET /api/realtime 200 in 30118ms
 GET /api/realtime 200 in 30108ms
 GET /api/realtime 200 in 30109ms
 GET /api/realtime 200 in 30173ms
 GET /api/realtime 200 in 30174ms
 GET /api/realtime 200 in 30173ms
 GET /api/realtime 200 in 30169ms
 GET /api/realtime 200 in 30176ms
 GET /api/realtime 200 in 30170ms
 GET /api/realtime 200 in 30178ms
 GET /api/realtime 200 in 30224ms
 GET /api/realtime 200 in 30201ms
 GET /api/realtime 200 in 30231ms
 GET /api/realtime 200 in 30249ms
 GET /api/realtime 200 in 30250ms
 GET /api/realtime 200 in 30161ms
 GET /api/realtime 200 in 30162ms
 GET /api/realtime 200 in 30162ms
 GET /api/realtime 200 in 30162ms
 GET /api/realtime 200 in 30165ms
 GET /api/realtime 200 in 30166ms
 GET /api/realtime 200 in 30218ms
 GET /api/realtime 200 in 30226ms
 GET /api/realtime 200 in 30151ms
 GET /api/realtime 200 in 30233ms
 GET /api/realtime 200 in 30148ms
 GET /api/realtime 200 in 30143ms
 GET /api/realtime 200 in 30143ms
 GET /api/realtime 200 in 30144ms
 GET /api/realtime 200 in 30144ms
 GET /api/realtime 200 in 30149ms
 GET /api/realtime 200 in 30162ms
 GET /api/realtime 200 in 30120ms
 GET /api/realtime 200 in 30122ms
 GET /api/realtime 200 in 30180ms
 GET /api/realtime 200 in 30179ms
 GET /api/realtime 200 in 30178ms
 GET /api/realtime 200 in 30194ms
 GET /api/realtime 200 in 30190ms
 GET /api/realtime 200 in 30191ms
 GET /api/realtime 200 in 30191ms
 GET /api/realtime 200 in 30192ms
 GET /api/realtime 200 in 30193ms
 GET /api/realtime 200 in 30136ms
 GET /api/realtime 200 in 30194ms
 GET /api/realtime 200 in 30146ms
 GET /api/realtime 200 in 30150ms
 GET /api/realtime 200 in 30185ms
 GET /api/realtime 200 in 30185ms
 GET /api/realtime 200 in 30185ms
 GET /api/realtime 200 in 30193ms
 GET /api/realtime 200 in 30134ms
 GET /api/realtime 200 in 30158ms
 GET /api/realtime 200 in 30186ms
 GET /api/realtime 200 in 30157ms
 GET /api/realtime 200 in 30218ms
 GET /api/realtime 200 in 30216ms
 GET /api/realtime 200 in 30218ms
 GET /api/realtime 200 in 30219ms
 GET /api/realtime 200 in 30175ms
 GET /api/realtime 200 in 30193ms
 GET /api/realtime 200 in 30129ms
 GET /api/realtime 200 in 30193ms
 GET /api/realtime 200 in 30170ms
 GET /api/realtime 200 in 30170ms
 GET /api/realtime 200 in 30171ms
 GET /api/realtime 200 in 30180ms
 GET /api/realtime 200 in 30136ms
 GET /api/realtime 200 in 30137ms
 GET /api/realtime 200 in 30143ms
 GET /api/realtime 200 in 30141ms
 GET /api/realtime 200 in 30242ms
 GET /api/realtime 200 in 30242ms
 GET /api/realtime 200 in 30233ms
 GET /api/realtime 200 in 30243ms
 GET /api/realtime 200 in 30195ms
 GET /api/realtime 200 in 30200ms
 GET /api/realtime 200 in 30192ms
 GET /api/realtime 200 in 30200ms
 GET /api/realtime 200 in 30229ms
 GET /api/realtime 200 in 30221ms
 GET /api/realtime 200 in 30155ms
 GET /api/realtime 200 in 30192ms
 GET /api/realtime 200 in 30190ms
 GET /api/realtime 200 in 30193ms
 GET /api/realtime 200 in 30168ms
 GET /api/realtime 200 in 30123ms
 GET /api/realtime 200 in 30126ms
 GET /api/realtime 200 in 30156ms
 GET /api/realtime 200 in 30158ms
 GET /api/realtime 200 in 30118ms
 GET /api/realtime 200 in 30143ms
 GET /api/realtime 200 in 30144ms
 GET /api/realtime 200 in 30147ms
 GET /api/realtime 200 in 30132ms
 GET /api/realtime 200 in 30133ms
 GET /api/realtime 200 in 30179ms
 GET /api/realtime 200 in 30181ms
 GET /api/realtime 200 in 30151ms
 GET /api/realtime 200 in 30115ms
 GET /api/realtime 200 in 30081ms
 GET /api/realtime 200 in 30077ms
 GET /api/realtime 200 in 30051ms
 GET /api/realtime 200 in 30048ms
 GET /api/realtime 200 in 30081ms
 GET /api/realtime 200 in 30072ms
 GET /api/realtime 200 in 30055ms
 GET /api/realtime 200 in 30052ms
 GET /api/realtime 200 in 30049ms
 GET /api/realtime 200 in 30055ms
 GET /api/realtime 200 in 30048ms
 GET /api/realtime 200 in 30047ms
 GET /api/realtime 200 in 30050ms
 GET /api/realtime 200 in 30047ms
 GET /api/realtime 200 in 30047ms
 GET /api/realtime 200 in 30049ms
 GET /api/realtime 200 in 30049ms
 GET /api/realtime 200 in 30049ms
 GET /api/realtime 200 in 30062ms
 GET /api/realtime 200 in 30053ms
 GET /api/realtime 200 in 30052ms
 GET /api/realtime 200 in 30049ms
 GET /api/realtime 200 in 30046ms
 GET /api/realtime 200 in 30047ms
 GET /api/realtime 200 in 30060ms
 GET /api/realtime 200 in 30049ms
 GET /api/realtime 200 in 30047ms
 GET /api/realtime 200 in 30048ms
 GET /api/realtime 200 in 30049ms
 GET /api/realtime 200 in 30050ms
 GET /api/realtime 200 in 30050ms
 GET /api/realtime 200 in 30049ms
 GET /api/realtime 200 in 30051ms
 GET /api/realtime 200 in 30052ms
 GET /api/realtime 200 in 30048ms
 GET /api/realtime 200 in 30049ms
 GET /api/realtime 200 in 30049ms
 GET /api/realtime 200 in 30049ms
 GET /api/realtime 200 in 29973ms
 GET /api/realtime 200 in 25155ms
 GET /api/realtime 200 in 29342ms
 GET /api/realtime 200 in 29892ms
 GET /api/realtime 200 in 29432ms
 GET /api/realtime 200 in 29728ms
 GET /api/realtime 200 in 23481ms
 GET /api/realtime 200 in 24728ms
 GET /api/realtime 200 in 23636ms
 GET /api/realtime 200 in 23445ms
 GET /api/realtime 200 in 25108ms
 GET /api/realtime 200 in 21924ms
 GET /api/realtime 200 in 21923ms
 GET /api/realtime 200 in 23481ms
 GET /api/realtime 200 in 23529ms
 GET /api/realtime 200 in 22850ms
 GET /api/realtime 200 in 23025ms
 GET /api/realtime 200 in 23652ms
 GET /api/realtime 200 in 22734ms
 GET /api/realtime 200 in 21410ms
 GET /api/realtime 200 in 22570ms
 GET /api/realtime 200 in 29616ms
 GET /api/realtime 200 in 23239ms
 GET /api/realtime 200 in 23621ms
 GET /api/realtime 200 in 22102ms
 GET /api/realtime 200 in 20176ms
 GET /api/realtime 200 in 21413ms
 GET /api/realtime 200 in 25521ms
 GET /api/realtime 200 in 19703ms
 GET /api/realtime 200 in 19962ms
 GET /api/realtime 200 in 22250ms
 GET /api/realtime 200 in 24752ms
 GET /api/realtime 200 in 21610ms
 GET /api/realtime 200 in 20522ms
 GET /api/realtime 200 in 22430ms
 GET /api/realtime 200 in 18840ms
 GET /api/realtime 200 in 21245ms
 GET /api/realtime 200 in 21837ms
 GET /api/realtime 200 in 20821ms
 GET /api/realtime 200 in 21575ms
 GET /api/realtime 200 in 20712ms
 GET /api/realtime 200 in 21741ms
 GET /api/realtime 200 in 22618ms
 GET /api/realtime 200 in 20935ms
 GET /api/realtime 200 in 29542ms
 GET /api/realtime 200 in 23248ms
 GET /api/realtime 200 in 23654ms
 GET /api/realtime 200 in 22861ms
 GET /api/realtime 200 in 22207ms
 GET /api/realtime 200 in 23223ms
 GET /api/realtime 200 in 21752ms
 GET /api/realtime 200 in 20365ms
 GET /api/realtime 200 in 19829ms
 GET /api/realtime 200 in 20788ms
 GET /api/realtime 200 in 22333ms
 GET /api/realtime 200 in 22696ms
 GET /api/realtime 200 in 19112ms
 GET /api/realtime 200 in 22024ms
 GET /api/realtime 200 in 20256ms
 GET /api/realtime 200 in 20513ms
 GET /api/realtime 200 in 21311ms
 GET /api/realtime 200 in 19212ms
 GET /api/realtime 200 in 20616ms
 GET /api/realtime 200 in 21258ms
 GET /api/realtime 200 in 19616ms
 GET /api/realtime 200 in 19350ms
 GET /api/realtime 200 in 20814ms
 GET /api/realtime 200 in 19052ms
 GET /api/realtime 200 in 25191ms
 GET /api/realtime 200 in 18952ms
 GET /api/realtime 200 in 21168ms
 GET /api/realtime 200 in 23069ms
 GET /api/realtime 200 in 19182ms
 GET /api/realtime 200 in 20468ms
 GET /api/realtime 200 in 21584ms
 GET /api/realtime 200 in 19534ms
 GET /api/realtime 200 in 19344ms
 GET /api/realtime 200 in 19023ms
 GET /api/realtime 200 in 20923ms
 GET /api/realtime 200 in 21098ms
 GET /api/realtime 200 in 22963ms
 GET /api/realtime 200 in 20552ms
 GET /api/realtime 200 in 20021ms
 GET /api/realtime 200 in 23265ms
 GET /api/realtime 200 in 21485ms
 GET /api/realtime 200 in 18773ms
 GET /api/realtime 200 in 20953ms
 GET /api/realtime 200 in 20091ms
 GET /api/realtime 200 in 23067ms
 GET /api/realtime 200 in 22878ms
 GET /api/realtime 200 in 24771ms
 GET /api/realtime 200 in 20126ms
 GET /api/realtime 200 in 22549ms
 GET /api/realtime 200 in 22180ms
 GET /api/realtime 200 in 24652ms
 GET /api/realtime 200 in 20852ms
 GET /api/realtime 200 in 21299ms
 GET /api/realtime 200 in 21110ms
 GET /api/realtime 200 in 19920ms
 GET /api/realtime 200 in 22003ms
 GET /api/realtime 200 in 20697ms
 GET /api/realtime 200 in 19758ms
 GET /api/realtime 200 in 22648ms
 GET /api/realtime 200 in 22278ms
 GET /api/realtime 200 in 19655ms
 GET /api/realtime 200 in 22128ms
 GET /api/realtime 200 in 21835ms
 GET /api/realtime 200 in 22374ms
 GET /api/realtime 200 in 23144ms
 GET /api/realtime 200 in 20340ms
 GET /api/realtime 200 in 21604ms
 GET /api/realtime 200 in 21443ms
 GET /api/realtime 200 in 19456ms
 GET /api/realtime 200 in 22460ms
 GET /api/realtime 200 in 20740ms
[?25h
