  ▲ Next.js 14.2.28
  - Local:        http://localhost:3000
  - Environments: .env
  - Experiments (use with caution):
    · outputFileTracingRoot

 ✓ Starting...
 ✓ Ready in 1562ms
 ○ Compiling / ...
 ✓ Compiled / in 2.7s (598 modules)
 GET / 200 in 3371ms
 ✓ Compiled in 647ms (297 modules)
 ✓ Compiled /api/auth/[...nextauth] in 471ms (542 modules)
 GET /api/auth/providers 200 in 1006ms
 GET / 200 in 135ms
 GET /api/auth/session 200 in 100ms
 GET /api/auth/session 200 in 76ms
 ○ Compiling /login ...
 ✓ Compiled /login in 964ms (883 modules)
 GET /signup 200 in 1194ms
 GET /login 200 in 1194ms
 GET /api/auth/session 200 in 118ms
 GET /api/auth/session 200 in 81ms
 GET /api/auth/session 200 in 81ms
 GET /api/auth/session 200 in 92ms
 GET /api/auth/session 200 in 103ms
 GET /api/auth/session 200 in 76ms
 GET /api/auth/csrf 200 in 86ms
 ✓ Compiled /api/signup in 154ms (598 modules)
 POST /api/signup 200 in 666ms
 GET / 200 in 121ms
 GET /api/auth/signin 302 in 100ms
 GET /login?callbackUrl=https://1905ad134.preview.abacusai.app 200 in 94ms
 GET /api/auth/csrf 200 in 75ms
 POST /api/auth/callback/credentials 302 in 384ms
 ✓ Compiled /middleware in 375ms (174 modules)
 ○ Compiling /dashboard ...
 ✓ Compiled /dashboard in 2.8s (3030 modules)
 GET /dashboard 200 in 3294ms
 GET / 200 in 121ms
 GET /dashboard 200 in 125ms
 GET /api/auth/session 200 in 109ms
 ✓ Compiled /api/realtime in 383ms (1668 modules)
 ✓ Compiled (1679 modules)
 GET /api/dashboard/agenda 200 in 1028ms
 GET /api/notifications?limit=10 200 in 1055ms
 GET /api/auth/session 200 in 1056ms
 GET /api/realtime 200 in 715ms
 GET /api/notifications?limit=10 200 in 182ms
 GET /api/dashboard/agenda 200 in 256ms
 GET /api/realtime 200 in 258ms
 GET /api/auth/session 200 in 267ms
 GET /api/notifications?limit=10 200 in 256ms
 GET /api/realtime 200 in 219ms
 GET /api/dashboard/agenda 200 in 267ms
 GET /api/auth/session 200 in 280ms
 GET /api/notifications?limit=10 200 in 240ms
 GET /api/realtime 200 in 229ms
 GET /api/dashboard/agenda 200 in 252ms
 GET /api/auth/session 200 in 154ms
 GET /api/realtime 200 in 193ms
 GET /api/auth/session 200 in 125ms
 GET /api/realtime 200 in 127ms
 GET /api/realtime 200 in 106ms
 GET /api/realtime 200 in 110ms
 GET /api/realtime 200 in 106ms
 GET /api/realtime 200 in 132ms
 GET /api/realtime 200 in 251ms
 GET /api/realtime 200 in 157ms
 GET /api/realtime 200 in 186ms
 GET /api/realtime 200 in 113ms
 GET /api/realtime 200 in 111ms
 GET /api/realtime 200 in 109ms
 GET /api/realtime 200 in 4102ms
 ○ Compiling /projects/[id] ...
 ✓ Compiled /projects/[id] in 3.4s (3527 modules)
 GET /projects/new 200 in 4286ms
 GET /meetings 200 in 4362ms
 GET /budget 200 in 4392ms
 GET /rfis 200 in 4295ms
 GET /documents 200 in 4377ms
 GET /equipment 200 in 4365ms
 GET /settings 200 in 4366ms
 GET /daily-reports 200 in 4305ms
 GET /reports 200 in 4369ms
 GET /team 200 in 4414ms
 GET /inspections 200 in 4310ms
 GET /punch-lists 200 in 4317ms
 GET /submittals 200 in 4319ms
 GET /safety 200 in 4338ms
 GET /company 200 in 4352ms
 GET /projects 200 in 4459ms
 GET /tasks 200 in 4370ms
 GET /projects/project-mall-renovation 200 in 4877ms
 GET /projects/project-riverside-homes 200 in 4877ms
 GET /projects/project-downtown-office 200 in 4882ms
 GET /api/notifications?limit=10 200 in 361ms
 GET /api/auth/session 200 in 567ms
 ○ Compiling /api/company/stats ...
 ✓ Compiled /api/company/stats in 1238ms (1952 modules)
 GET /api/realtime 200 in 3299ms
 GET /api/realtime 200 in 3420ms
 GET /api/realtime 200 in 3288ms
 GET /api/realtime 200 in 3406ms
 GET /api/notifications?limit=10 200 in 3403ms
 GET /api/realtime 200 in 3217ms
 GET /api/realtime 200 in 3210ms
 GET /api/realtime 200 in 3238ms
 GET /api/realtime 200 in 3809ms
 GET /api/auth/session 200 in 3227ms
 GET /api/realtime 200 in 3895ms
 GET /api/realtime 200 in 3536ms
 GET /api/realtime 200 in 3719ms
 GET /api/realtime 200 in 3398ms
 GET /api/realtime 200 in 3400ms
 GET /api/realtime 200 in 3645ms
 GET /api/realtime 200 in 3126ms
 GET /api/realtime 200 in 3525ms
 GET /api/realtime 200 in 2932ms
 GET /api/company/stats 200 in 3705ms
 GET /api/realtime 200 in 2660ms
 GET /api/realtime 200 in 2290ms
 GET /api/realtime 200 in 2291ms
 GET /api/realtime 200 in 2294ms
 GET /api/realtime 200 in 2666ms
 GET /api/realtime 200 in 2333ms
 GET /api/realtime 200 in 3235ms
 GET /api/realtime 200 in 2999ms
 GET /api/realtime 200 in 3922ms
 GET /api/realtime 200 in 517ms
 GET /api/realtime 200 in 2343ms
 GET /api/realtime 200 in 3876ms
 GET /api/realtime 200 in 3192ms
 GET /api/realtime 200 in 4080ms
 GET /api/realtime 200 in 3151ms
 GET /api/realtime 200 in 3480ms
 GET /api/realtime 200 in 4388ms
 GET /api/realtime 200 in 3301ms
 GET /api/notifications?limit=10 200 in 692ms
 GET /api/realtime 200 in 4495ms
 GET /api/notifications?limit=10 200 in 669ms
 GET /api/realtime 200 in 3306ms
 GET /api/realtime 200 in 2993ms
 GET /api/notifications?limit=10 200 in 612ms
 GET /api/notifications?limit=10 200 in 613ms
 GET /api/notifications?limit=10 200 in 561ms
 GET /api/notifications?limit=10 200 in 563ms
 GET /api/realtime 200 in 418ms
 GET /api/auth/session 200 in 377ms
 GET /api/auth/session 200 in 378ms
 GET /api/auth/session 200 in 378ms
 GET /api/realtime 200 in 101ms
 GET /api/realtime 200 in 99ms
 GET /api/realtime 200 in 106ms
 GET /api/realtime 200 in 104ms
 GET /api/realtime 200 in 111ms
 GET /api/realtime 200 in 136ms
 GET /api/realtime 200 in 94ms
 GET /api/realtime 200 in 95ms
 GET /api/realtime 200 in 94ms
 GET /api/realtime 200 in 95ms
 GET /api/realtime 200 in 91ms
 GET /api/realtime 200 in 103ms
 GET /api/realtime 200 in 94ms
 GET /api/realtime 200 in 102ms
 GET /api/realtime 200 in 95ms
 GET /api/realtime 200 in 103ms
 GET /api/realtime 200 in 126ms
 GET /api/realtime 200 in 100ms
 GET /api/realtime 200 in 88ms
 GET /api/realtime 200 in 91ms
 GET /api/realtime 200 in 90ms
 GET /api/realtime 200 in 61ms
 GET /api/realtime 200 in 7229ms
 ○ Compiling /company/usage ...
 ✓ Compiled /company/usage in 2.8s (3606 modules)
 GET /company/settings 307 in 3230ms
 GET /change-orders 200 in 3244ms
 GET /company/usage 200 in 3246ms
 GET /company/invitations 200 in 3245ms
 GET /company/team 200 in 3247ms
 GET /dashboard 200 in 228ms
 GET /api/notifications?limit=10 200 in 252ms
 ○ Compiling /api/company/invitations ...
 ✓ Compiled /api/company/invitations in 839ms (2004 modules)
 GET /api/auth/session 200 in 1709ms
 GET /api/dashboard/agenda 200 in 1663ms
 GET /api/company/invitations? 200 in 1847ms
 GET /api/notifications?limit=10 200 in 1563ms
 GET /api/realtime 200 in 1524ms
 GET /api/realtime 200 in 1351ms
 GET /api/auth/session 200 in 160ms
 GET /api/dashboard/agenda 200 in 194ms
 GET /api/notifications?limit=10 200 in 204ms
 GET /api/company/invitations? 200 in 206ms
 GET /api/realtime 200 in 223ms
 GET /api/realtime 200 in 224ms
 GET /api/auth/session 200 in 140ms
 GET /api/dashboard/agenda 200 in 252ms
 GET /api/notifications?limit=10 200 in 253ms
 GET /api/realtime 200 in 259ms
 GET /api/realtime 200 in 265ms
 GET /api/company/invitations? 200 in 240ms
 GET /api/auth/session 200 in 134ms
 GET /api/realtime 200 in 198ms
 GET /api/dashboard/agenda 200 in 245ms
 GET /api/notifications?limit=10 200 in 267ms
 GET /api/realtime 200 in 314ms
 GET /api/company/invitations? 200 in 296ms
 GET /api/auth/session 200 in 369ms
 GET /api/realtime 200 in 250ms
 GET /api/notifications?limit=10 200 in 239ms
 GET /api/realtime 200 in 222ms
 GET /api/auth/session 200 in 203ms
 GET /api/realtime 200 in 251ms
 GET /api/notifications?limit=10 200 in 200ms
 GET /api/auth/session 200 in 215ms
 GET /api/realtime 200 in 390ms
 GET /api/notifications?limit=10 200 in 218ms
 GET /api/realtime 200 in 222ms
 GET /api/auth/session 200 in 177ms
 GET /api/realtime 200 in 204ms
 GET /api/auth/session 200 in 155ms
 GET /api/realtime 200 in 156ms
 GET /api/realtime 200 in 417ms
 GET /api/auth/session 200 in 116ms
 GET /api/realtime 200 in 3962ms
 GET /api/realtime 200 in 145ms
 GET /api/realtime 200 in 218ms
 GET /api/auth/session 200 in 165ms
 GET /api/realtime 200 in 127ms
 GET /api/auth/session 200 in 80ms
 GET /api/realtime 200 in 4142ms
 GET /api/auth/session 200 in 122ms
 GET /api/auth/session 200 in 78ms
 GET /api/auth/session 200 in 81ms
[?25h
