  ▲ Next.js 14.2.28
  - Local:        http://localhost:3000
  - Environments: .env
  - Experiments (use with caution):
    · outputFileTracingRoot

 ✓ Starting...
 ✓ Ready in 2.1s
 ○ Compiling / ...
 ✓ Compiled / in 2.2s (611 modules)
 ✓ Compiled in 634ms (297 modules)
 GET / 200 in 2920ms
 GET / 200 in 98ms
 ✓ Compiled /api/auth/[...nextauth] in 458ms (555 modules)
 GET /api/auth/session 200 in 943ms
 GET /api/auth/session 200 in 73ms
 ○ Compiling /signup ...
 ✓ Compiled /signup in 695ms (896 modules)
 ✓ Compiled /login in 319ms (912 modules)
 GET /api/auth/providers 200 in 100ms
 GET /api/auth/csrf 200 in 72ms
 POST /api/auth/callback/credentials 200 in 444ms
 GET /api/auth/session 200 in 77ms
 ✓ Compiled /middleware in 207ms (174 modules)
 ○ Compiling /dashboard ...
 ✓ Compiled /dashboard in 1347ms (1891 modules)
 GET /dashboard?_rsc=iqngu 200 in 108ms
 ✓ Compiled /api/realtime in 210ms (1123 modules)
 ✓ Compiled (1128 modules)
 GET /api/dashboard/agenda 200 in 557ms
 GET /api/notifications?limit=10 200 in 551ms
 GET /api/dashboard/agenda 200 in 109ms
 GET /api/notifications?limit=10 200 in 94ms
 GET /api/realtime 200 in 241ms
 GET /api/realtime 200 in 319ms
 GET /api/realtime 200 in 257ms
 GET /api/realtime 200 in 247ms
 GET /api/realtime 200 in 275ms
 GET / 200 in 123ms
 GET /api/realtime 200 in 238ms
 GET /api/realtime 200 in 250ms
 GET /api/realtime 200 in 299ms
 GET /api/realtime 200 in 277ms
 GET /api/realtime 200 in 289ms
 GET /api/realtime 200 in 250ms
 GET /api/realtime 200 in 229ms
 GET /api/realtime 200 in 253ms
 GET /api/realtime 200 in 255ms
 GET /api/realtime 200 in 255ms
 GET /api/realtime 200 in 264ms
 GET /api/realtime 200 in 251ms
 GET /api/realtime 200 in 260ms
 GET /api/realtime 200 in 262ms
 GET /api/realtime 200 in 246ms
 GET /api/realtime 200 in 252ms
 GET /api/realtime 200 in 242ms
 GET /api/realtime 200 in 283ms
 GET /api/realtime 200 in 311ms
 GET /api/realtime 200 in 241ms
 GET /api/realtime 200 in 293ms
 GET /api/realtime 200 in 242ms
 GET /api/realtime 200 in 265ms
 GET /api/realtime 200 in 241ms
 GET /api/realtime 200 in 237ms
 GET /api/realtime 200 in 244ms
 GET /api/realtime 200 in 239ms
 GET /api/realtime 200 in 239ms
 GET /api/realtime 200 in 238ms
 GET /api/realtime 200 in 49ms
 GET /api/realtime 200 in 26556ms
 GET / 200 in 93ms
 GET / 200 in 81ms
 GET / 200 in 79ms
 GET / 200 in 79ms
 GET /api/auth/session 200 in 90ms
 GET /api/auth/session 200 in 60ms
 GET / 200 in 79ms
prisma:error Error in PostgreSQL connection: Error { kind: Db, cause: Some(DbError { severity: "FATAL", parsed_severity: Some(Fatal), code: SqlState(E57P05), message: "terminating connection due to idle-session timeout", detail: None, hint: None, position: None, where_: None, schema: None, table: None, column: None, datatype: None, constraint: None, file: Some("postgres.c"), line: Some(3472), routine: Some("ProcessInterrupts") }) }
prisma:error Error in PostgreSQL connection: Error { kind: Db, cause: Some(DbError { severity: "FATAL", parsed_severity: Some(Fatal), code: SqlState(E57P05), message: "terminating connection due to idle-session timeout", detail: None, hint: None, position: None, where_: None, schema: None, table: None, column: None, datatype: None, constraint: None, file: Some("postgres.c"), line: Some(3472), routine: Some("ProcessInterrupts") }) }
prisma:error Error in PostgreSQL connection: Error { kind: Db, cause: Some(DbError { severity: "FATAL", parsed_severity: Some(Fatal), code: SqlState(E57P05), message: "terminating connection due to idle-session timeout", detail: None, hint: None, position: None, where_: None, schema: None, table: None, column: None, datatype: None, constraint: None, file: Some("postgres.c"), line: Some(3472), routine: Some("ProcessInterrupts") }) }
prisma:error Error in PostgreSQL connection: Error { kind: Db, cause: Some(DbError { severity: "FATAL", parsed_severity: Some(Fatal), code: SqlState(E57P05), message: "terminating connection due to idle-session timeout", detail: None, hint: None, position: None, where_: None, schema: None, table: None, column: None, datatype: None, constraint: None, file: Some("postgres.c"), line: Some(3472), routine: Some("ProcessInterrupts") }) }
prisma:error Error in PostgreSQL connection: Error { kind: Db, cause: Some(DbError { severity: "FATAL", parsed_severity: Some(Fatal), code: SqlState(E57P05), message: "terminating connection due to idle-session timeout", detail: None, hint: None, position: None, where_: None, schema: None, table: None, column: None, datatype: None, constraint: None, file: Some("postgres.c"), line: Some(3472), routine: Some("ProcessInterrupts") }) }
 ✓ Compiled in 751ms (813 modules)
 ✓ Compiled in 1325ms (815 modules)
 ✓ Compiled in 554ms (815 modules)
 ✓ Compiled in 638ms (815 modules)
[?25h
