  ▲ Next.js 14.2.28
  - Local:        http://localhost:3000
  - Environments: .env
  - Experiments (use with caution):
    · outputFileTracingRoot

 ✓ Starting...
 ✓ Ready in 1654ms
 ○ Compiling / ...
 ✓ Compiled / in 2s (611 modules)
 GET / 200 in 2626ms
 ✓ Compiled in 614ms (297 modules)
 ✓ Compiled /api/auth/[...nextauth] in 462ms (555 modules)
 GET /api/auth/providers 200 in 961ms
 GET / 200 in 128ms
 GET /api/auth/session 200 in 83ms
 GET /api/auth/session 200 in 70ms
 GET / 200 in 131ms
 ○ Compiling /login ...
 ✓ Compiled /login in 1234ms (912 modules)
 GET /api/auth/session 200 in 528ms
 GET /signup 200 in 1605ms
 GET /login 200 in 1597ms
 GET / 200 in 1509ms
 GET /api/auth/session 200 in 122ms
 GET / 200 in 164ms
 GET /api/auth/session 200 in 83ms
 GET /api/auth/session 200 in 61ms
 GET /api/auth/session 200 in 201ms
 GET /api/auth/session 200 in 58ms
 GET /api/auth/session 200 in 57ms
 GET /api/auth/session 200 in 58ms
 GET /api/auth/session 200 in 72ms
 GET /api/auth/session 200 in 56ms
 GET /api/auth/session 200 in 55ms
 GET /api/auth/session 200 in 56ms
 GET /api/auth/session 200 in 72ms
 GET /api/auth/session 200 in 55ms
 GET /api/auth/csrf 200 in 72ms
 ✓ Compiled /api/signup in 149ms (619 modules)
 POST /api/signup 200 in 654ms
 GET / 200 in 113ms
 GET /api/auth/signin 302 in 84ms
 GET /login?callbackUrl=https://2aa0dff87.preview.abacusai.app 200 in 77ms
 GET /api/auth/csrf 200 in 63ms
 POST /api/auth/callback/credentials 302 in 364ms
 ✓ Compiled /middleware in 210ms (174 modules)
 ○ Compiling /dashboard ...
 ✓ Compiled /dashboard in 1538ms (1917 modules)
 GET /dashboard 200 in 1828ms
 GET / 200 in 114ms
 GET /dashboard 200 in 114ms
 GET /api/auth/session 200 in 101ms
 ✓ Compiled /api/realtime in 409ms (1118 modules)
 ✓ Compiled (1130 modules)
 GET /api/auth/session 200 in 809ms
 GET /api/dashboard/agenda 200 in 844ms
 GET /api/notifications?limit=10 200 in 846ms
 GET /api/realtime 200 in 543ms
 GET /api/auth/session 200 in 139ms
 GET /api/dashboard/agenda 200 in 152ms
 GET /api/realtime 200 in 172ms
 GET /api/notifications?limit=10 200 in 161ms
 GET /api/auth/session 200 in 158ms
 GET /api/dashboard/agenda 200 in 175ms
 GET /api/realtime 200 in 204ms
 GET /api/notifications?limit=10 200 in 191ms
 GET /api/auth/session 200 in 151ms
 GET /api/dashboard/agenda 200 in 121ms
 GET /api/notifications?limit=10 200 in 125ms
 GET /api/realtime 200 in 129ms
 GET /api/auth/session 200 in 86ms
 GET /api/realtime 200 in 97ms
 GET /api/auth/session 200 in 72ms
 GET /api/realtime 200 in 78ms
 GET /api/realtime 200 in 77ms
 GET /api/realtime 200 in 74ms
 GET /api/realtime 200 in 80ms
 GET /api/realtime 200 in 84ms
 GET /api/realtime 200 in 73ms
 GET /api/realtime 200 in 72ms
 GET /api/realtime 200 in 81ms
 GET /api/realtime 200 in 80ms
 GET /api/realtime 200 in 84ms
 GET /api/realtime 200 in 80ms
 GET /api/realtime 200 in 81ms
 GET /api/realtime 200 in 90ms
 GET /api/realtime 200 in 76ms
 GET /api/realtime 200 in 81ms
 GET /api/realtime 200 in 75ms
 GET /api/realtime 200 in 77ms
 GET /api/realtime 200 in 399ms
 GET /api/realtime 200 in 81ms
 GET /api/realtime 200 in 91ms
 GET /api/realtime 200 in 89ms
 GET /api/realtime 200 in 78ms
 GET /api/realtime 200 in 4277ms
 ○ Compiling /projects/[id] ...
 ✓ Compiled /projects/[id] in 4.3s (3594 modules)
 GET /projects/new 200 in 5724ms
 GET /documents 200 in 5778ms
 GET /equipment 200 in 5778ms
 GET /meetings 200 in 5773ms
 GET /budget 200 in 5790ms
 GET /settings 200 in 5731ms
 GET /daily-reports 200 in 5731ms
 GET /reports 200 in 5782ms
 GET /projects 200 in 5791ms
 GET /company 200 in 5738ms
 GET /team 200 in 5819ms
 GET /safety 200 in 5739ms
 GET /rfis 200 in 5738ms
 GET /tasks 200 in 5742ms
 GET /projects/project-downtown-office 200 in 5916ms
 GET /projects/project-downtown-office?tab=tasks 200 in 5918ms
 GET /projects/project-riverside-homes 200 in 5918ms
 GET /projects/project-mall-renovation 200 in 5922ms
 GET /projects/project-downtown-office?tab=daily-reports 200 in 5927ms
 GET /api/notifications?limit=10 200 in 563ms
 GET /api/auth/session 200 in 676ms
 ○ Compiling /api/company/stats ...
 ✓ Compiled /api/company/stats in 3.3s (1988 modules)
 GET /api/realtime 200 in 4361ms
 GET /api/realtime 200 in 4513ms
 GET /api/realtime 200 in 4330ms
 GET /api/realtime 200 in 4318ms
 GET /api/realtime 200 in 4322ms
 GET /api/realtime 200 in 3073ms
 GET /api/realtime 200 in 3295ms
 GET /api/realtime 200 in 4224ms
 GET /api/realtime 200 in 3948ms
 GET /api/realtime 200 in 3296ms
 GET /api/notifications?limit=10 200 in 253ms
 GET /api/realtime 200 in 3031ms
 GET /api/realtime 200 in 3245ms
 GET /api/notifications?limit=10 200 in 261ms
 GET /api/auth/session 200 in 228ms
 GET /api/realtime 200 in 3001ms
 GET /api/notifications?limit=10 200 in 253ms
 GET /api/notifications?limit=10 200 in 252ms
 GET /api/notifications?limit=10 200 in 263ms
 GET /api/auth/session 200 in 236ms
 GET /api/realtime 200 in 3236ms
 GET /api/auth/session 200 in 520ms
 GET /api/auth/session 200 in 520ms
 GET /api/realtime 200 in 3484ms
 GET /api/notifications?limit=10 200 in 539ms
 GET /api/notifications?limit=10 200 in 539ms
 GET /api/notifications?limit=10 200 in 544ms
 GET /api/realtime 200 in 3239ms
 GET /api/notifications?limit=10 200 in 540ms
 GET /api/realtime 200 in 3532ms
 ○ Compiling /company/team ...
 ✓ Compiled /company/team in 2.6s (3680 modules)
 GET /submittals 200 in 3049ms
 GET /company/invitations 200 in 3050ms
 GET /change-orders 200 in 3051ms
 GET /company/settings 307 in 3051ms
 GET /company/team 200 in 3051ms
 GET /company/usage 200 in 3052ms
 GET /dashboard 200 in 232ms
 ○ Compiling /api/company/invitations ...
 ✓ Compiled /api/company/invitations in 761ms (2045 modules)
 GET /api/auth/session 200 in 1530ms
 GET /api/notifications?limit=10 200 in 1604ms
 GET /api/dashboard/agenda 200 in 1485ms
 GET /api/company/invitations? 200 in 1666ms
 GET /api/realtime 200 in 1001ms
 GET /api/realtime 200 in 1349ms
 GET /api/realtime 200 in 1360ms
 GET /api/notifications?limit=10 200 in 270ms
 GET /api/realtime 200 in 246ms
 GET /api/company/invitations? 200 in 255ms
 GET /api/auth/session 200 in 275ms
 GET /api/dashboard/agenda 200 in 265ms
 GET /api/realtime 200 in 287ms
 GET /api/realtime 200 in 297ms
 GET /api/notifications?limit=10 200 in 170ms
 GET /api/realtime 200 in 187ms
 GET /api/company/invitations? 200 in 219ms
 GET /api/auth/session 200 in 292ms
 GET /api/dashboard/agenda 200 in 297ms
 GET /api/realtime 200 in 276ms
 GET /api/realtime 200 in 281ms
 GET /api/notifications?limit=10 200 in 252ms
 GET /api/realtime 200 in 282ms
 GET /api/company/invitations? 200 in 246ms
 GET /api/auth/session 200 in 173ms
 GET /api/dashboard/agenda 200 in 203ms
 GET /api/realtime 200 in 187ms
 GET /api/realtime 200 in 187ms
 GET /api/notifications?limit=10 200 in 112ms
 GET /api/realtime 200 in 139ms
 GET /api/realtime 200 in 50ms
 GET /api/auth/session 200 in 136ms
 GET /api/realtime 200 in 176ms
 GET /api/realtime 200 in 186ms
 GET /api/notifications?limit=10 200 in 214ms
 GET /api/realtime 200 in 91ms
 GET /api/realtime 200 in 252ms
 GET /api/auth/session 200 in 222ms
 GET /api/realtime 200 in 159ms
 GET /api/notifications?limit=10 200 in 156ms
 GET /api/realtime 200 in 159ms
 GET /api/realtime 200 in 156ms
 GET /api/auth/session 200 in 170ms
 GET /api/realtime 200 in 190ms
 GET /api/notifications?limit=10 200 in 312ms
 GET /api/realtime 200 in 373ms
 GET /api/realtime 200 in 362ms
 GET /api/auth/session 200 in 240ms
 GET /api/realtime 200 in 301ms
 GET /api/notifications?limit=10 200 in 166ms
 GET /api/realtime 200 in 156ms
 GET /api/realtime 200 in 172ms
 GET /api/auth/session 200 in 212ms
 GET /api/notifications?limit=10 200 in 203ms
 GET /api/realtime 200 in 186ms
 GET /api/realtime 200 in 191ms
 GET /api/auth/session 200 in 102ms
 GET /api/realtime 200 in 386ms
 GET /api/notifications?limit=10 200 in 122ms
 GET /api/realtime 200 in 4003ms
 GET /api/realtime 200 in 4013ms
 GET /api/realtime 200 in 145ms
 GET /api/realtime 200 in 146ms
 GET /api/auth/session 200 in 221ms
 GET /api/realtime 200 in 157ms
 GET /api/notifications?limit=10 200 in 184ms
 GET /api/auth/session 200 in 107ms
 GET /api/realtime 200 in 99ms
 GET /api/auth/session 200 in 69ms
 GET /api/realtime 200 in 4289ms
 GET /api/auth/session 200 in 125ms
 GET /api/auth/session 200 in 58ms
[?25h
