  ▲ Next.js 14.2.28
  - Local:        http://localhost:3000
  - Environments: .env
  - Experiments (use with caution):
    · outputFileTracingRoot

 ✓ Starting...
 ✓ Ready in 1604ms
 ○ Compiling / ...
 ✓ Compiled / in 1925ms (596 modules)
 GET / 200 in 2489ms
 ✓ Compiled in 540ms (296 modules)
 ✓ Compiled /api/auth/[...nextauth] in 462ms (541 modules)
 GET /api/auth/providers 200 in 955ms
 GET / 200 in 120ms
 GET /api/auth/session 200 in 76ms
 GET /api/auth/session 200 in 73ms
 ○ Compiling /signup ...
 ✓ Compiled /signup in 737ms (881 modules)
 GET /login 200 in 944ms
 GET /signup 200 in 944ms
 GET /api/auth/session 200 in 82ms
 GET /api/auth/session 200 in 73ms
 GET /api/auth/session 200 in 75ms
 GET /api/auth/session 200 in 71ms
 GET /api/auth/session 200 in 59ms
 GET /api/auth/session 200 in 113ms
 GET /api/auth/csrf 200 in 71ms
 ✓ Compiled /api/signup in 372ms (597 modules)
 POST /api/signup 200 in 868ms
 GET / 200 in 103ms
 GET /api/auth/signin 302 in 87ms
 GET /login?callbackUrl=https://614a7c077.preview.abacusai.app 200 in 83ms
 GET /api/auth/csrf 200 in 69ms
 POST /api/auth/callback/credentials 302 in 369ms
 ✓ Compiled /middleware in 199ms (174 modules)
 ○ Compiling /dashboard ...
 ✓ Compiled /dashboard in 1770ms (2915 modules)
 GET /dashboard 200 in 2134ms
 GET / 200 in 108ms
 GET /dashboard 200 in 115ms
 GET /api/auth/session 200 in 91ms
 ✓ Compiled /api/realtime in 276ms (1610 modules)
 ✓ Compiled (1613 modules)
 GET /api/auth/session 200 in 758ms
 GET /api/notifications?limit=10 200 in 725ms
 GET /api/realtime 200 in 453ms
 GET /api/auth/session 200 in 88ms
 GET /api/notifications?limit=10 200 in 109ms
 GET /api/realtime 200 in 151ms
 GET /api/auth/session 200 in 101ms
 GET /api/notifications?limit=10 200 in 107ms
 GET /api/realtime 200 in 159ms
 GET /api/auth/session 200 in 86ms
 GET /api/notifications?limit=10 200 in 105ms
 GET /api/realtime 200 in 103ms
 GET /api/realtime 200 in 79ms
 GET /api/realtime 200 in 77ms
 GET /api/realtime 200 in 74ms
 GET /api/realtime 200 in 262ms
 GET /api/realtime 200 in 161ms
 GET /api/realtime 200 in 280ms
 GET /api/realtime 200 in 88ms
 GET /api/realtime 200 in 82ms
 GET /api/realtime 200 in 83ms
 GET /api/realtime 200 in 84ms
 GET /api/realtime 200 in 88ms
 GET /api/realtime 200 in 83ms
 GET /api/realtime 200 in 82ms
 GET /api/realtime 200 in 89ms
 GET /api/realtime 200 in 86ms
 GET /api/realtime 200 in 77ms
 GET /api/realtime 200 in 76ms
 GET /api/realtime 200 in 84ms
 GET /api/realtime 200 in 98ms
 GET /api/realtime 200 in 89ms
 GET /api/realtime 200 in 87ms
 GET /api/realtime 200 in 91ms
 GET /api/realtime 200 in 108ms
 GET /api/realtime 200 in 97ms
 GET /api/realtime 200 in 77ms
 GET /api/realtime 200 in 85ms
 GET /api/realtime 200 in 82ms
 GET /api/realtime 200 in 80ms
 GET /api/realtime 200 in 78ms
 GET /api/realtime 200 in 79ms
 GET /api/realtime 200 in 78ms
 GET /api/realtime 200 in 78ms
 GET /api/realtime 200 in 94ms
 GET /api/realtime 200 in 98ms
 GET /api/realtime 200 in 85ms
 GET /api/realtime 200 in 80ms
 GET /api/realtime 200 in 73ms
 GET /api/realtime 200 in 77ms
 GET /api/realtime 200 in 104ms
 GET /api/realtime 200 in 83ms
 GET /api/realtime 200 in 123ms
 GET /api/realtime 200 in 199ms
 GET /api/realtime 200 in 110ms
 GET /api/realtime 200 in 73ms
 GET /api/realtime 200 in 73ms
 GET /api/realtime 200 in 87ms
 GET /api/realtime 200 in 7020ms
 ○ Compiling /safety ...
 ✓ Compiled /safety in 4.9s (3586 modules)
 GET /projects/new 200 in 6802ms
 GET /materials 200 in 6879ms
 GET /permits 200 in 6868ms
 GET /milestones 200 in 6862ms
 GET /daily-reports 200 in 6807ms
 GET /site-diary 200 in 6904ms
 GET /budget 200 in 6876ms
 GET /documents 200 in 6819ms
 GET /meetings 200 in 6791ms
 GET /change-orders 200 in 6791ms
 GET /company 200 in 6821ms
 GET /settings 200 in 6842ms
 GET /equipment 200 in 6841ms
 GET /progress-claims 200 in 6919ms
 GET /subcontractors 200 in 6928ms
 GET /defects 200 in 6910ms
 GET /punch-lists 200 in 6856ms
 GET /reports 200 in 6856ms
 GET /time-tracking 200 in 6931ms
 GET /inspections 200 in 6839ms
 GET /projects 200 in 6876ms
 GET /rfis 200 in 6850ms
 GET /submittals 200 in 6887ms
 GET /team 200 in 6869ms
 GET /tasks 200 in 6897ms
 GET /drawings 200 in 7013ms
 GET /safety 200 in 6703ms
 GET /projects/project-mall-renovation 200 in 6941ms
 GET /projects/project-riverside-homes 200 in 6941ms
 GET /projects/project-downtown-office 200 in 6954ms
 GET /api/notifications?limit=10 200 in 533ms
 GET /api/auth/session 200 in 783ms
 GET /api/realtime 200 in 754ms
 GET /api/realtime 200 in 545ms
 GET /api/realtime 200 in 549ms
 GET /api/realtime 200 in 571ms
 GET /api/notifications?limit=10 200 in 725ms
 GET /api/realtime 200 in 541ms
 GET /api/realtime 200 in 447ms
 GET /api/realtime 200 in 544ms
 GET /api/realtime 200 in 548ms
 GET /api/realtime 200 in 510ms
 GET /api/realtime 200 in 260ms
 GET /api/auth/session 200 in 544ms
 GET /api/realtime 200 in 585ms
 GET /api/realtime 200 in 507ms
 GET /api/realtime 200 in 661ms
 GET /api/realtime 200 in 552ms
 GET /api/realtime 200 in 642ms
 GET /api/realtime 200 in 637ms
 GET /api/realtime 200 in 646ms
 GET /api/realtime 200 in 521ms
 GET /api/realtime 200 in 521ms
 GET /api/notifications?limit=10 200 in 758ms
 GET /api/realtime 200 in 602ms
 GET /api/realtime 200 in 602ms
 GET /api/realtime 200 in 614ms
 GET /api/realtime 200 in 616ms
 GET /api/realtime 200 in 586ms
 ○ Compiling /api/company/stats ...
 GET /api/realtime 200 in 3390ms
 GET /api/realtime 200 in 3497ms
 GET /api/realtime 200 in 3660ms
 GET /api/realtime 200 in 3603ms
 GET /api/realtime 200 in 3267ms
 ✓ Compiled /api/company/stats in 3.2s (1992 modules)
 GET /api/realtime 200 in 5261ms
 GET /api/realtime 200 in 4966ms
 GET /api/realtime 200 in 4966ms
 GET /api/auth/session 200 in 5258ms
 GET /api/realtime 200 in 4977ms
 GET /api/realtime 200 in 6455ms
 GET /api/realtime 200 in 6455ms
 GET /api/realtime 200 in 6686ms
 GET /api/realtime 200 in 4800ms
 GET /api/notifications?limit=10 200 in 4800ms
 GET /api/realtime 200 in 5169ms
 GET /api/realtime 200 in 6057ms
 GET /api/realtime 200 in 5200ms
 GET /api/realtime 200 in 6612ms
 GET /api/realtime 200 in 5118ms
 GET /api/realtime 200 in 4818ms
 GET /api/realtime 200 in 5113ms
 GET /api/realtime 200 in 6612ms
 GET /api/realtime 200 in 6743ms
 GET /api/realtime 200 in 5282ms
 GET /api/realtime 200 in 6351ms
 GET /api/realtime 200 in 5120ms
 GET /api/realtime 200 in 6497ms
 GET /api/realtime 200 in 5120ms
 GET /api/realtime 200 in 6606ms
 GET /api/realtime 200 in 6723ms
 GET /api/realtime 200 in 5284ms
 GET /api/realtime 200 in 5311ms
 GET /api/realtime 200 in 5394ms
 GET /api/realtime 200 in 4070ms
 GET /api/realtime 200 in 4127ms
 GET /api/realtime 200 in 4227ms
 GET /api/realtime 200 in 4113ms
 GET /api/notifications?limit=10 200 in 237ms
 GET /api/notifications?limit=10 200 in 237ms
 GET /api/auth/session 200 in 473ms
 GET /api/notifications?limit=10 200 in 238ms
 GET /api/auth/session 200 in 473ms
 GET /api/realtime 200 in 4634ms
 GET /api/notifications?limit=10 200 in 238ms
 GET /api/auth/session 200 in 566ms
 GET /api/realtime 200 in 4633ms
 GET /api/notifications?limit=10 200 in 262ms
 GET /api/notifications?limit=10 200 in 262ms
 GET /api/auth/session 200 in 557ms
 GET /api/notifications?limit=10 200 in 263ms
 GET /api/auth/session 200 in 497ms
 GET /api/notifications?limit=10 200 in 274ms
 GET /api/auth/session 200 in 571ms
 GET /api/realtime 200 in 4775ms
 GET /api/auth/session 200 in 577ms
 GET /api/notifications?limit=10 200 in 278ms
 GET /api/notifications?limit=10 200 in 280ms
 GET /api/notifications?limit=10 200 in 288ms
 GET /api/notifications?limit=10 200 in 283ms
 GET /api/auth/session 200 in 519ms
 GET /api/auth/session 200 in 533ms
 GET /api/notifications?limit=10 200 in 284ms
 GET /api/notifications?limit=10 200 in 288ms
 GET /api/notifications?limit=10 200 in 289ms
 GET /api/notifications?limit=10 200 in 288ms
 GET /api/realtime 200 in 4659ms
 GET /api/auth/session 200 in 600ms
 GET /api/auth/session 200 in 587ms
 GET /api/notifications?limit=10 200 in 454ms
 GET /api/notifications?limit=10 200 in 456ms
 GET /api/notifications?limit=10 200 in 455ms
 GET /api/notifications?limit=10 200 in 450ms
 GET /api/realtime 200 in 464ms
 GET /api/realtime 200 in 83ms
 GET /api/realtime 200 in 79ms
 GET /api/realtime 200 in 87ms
 GET /api/realtime 200 in 80ms
 GET /api/realtime 200 in 85ms
 GET /api/realtime 200 in 73ms
 GET /api/realtime 200 in 84ms
 GET /api/realtime 200 in 89ms
 GET /api/realtime 200 in 108ms
 GET /api/realtime 200 in 70ms
 GET /api/realtime 200 in 93ms
 GET /api/realtime 200 in 82ms
 GET /api/realtime 200 in 73ms
 GET /api/realtime 200 in 7550ms
 ○ Compiling /company/usage ...
 ✓ Compiled /company/usage in 2.6s (3640 modules)
 GET /company/invitations 200 in 2935ms
 GET /company/settings 307 in 2928ms
 GET /company/team 200 in 2954ms
 GET /company/usage 200 in 2882ms
 GET /dashboard 200 in 194ms
 ○ Compiling /api/company/invitations ...
 ✓ Compiled /api/company/invitations in 778ms (2030 modules)
 GET /api/auth/session 200 in 1757ms
 GET /api/notifications?limit=10 200 in 1614ms
 GET /api/company/invitations? 200 in 1801ms
 GET /api/realtime 200 in 1190ms
 GET /api/notifications?limit=10 200 in 184ms
 GET /api/auth/session 200 in 169ms
 GET /api/company/invitations? 200 in 172ms
 GET /api/realtime 200 in 178ms
 GET /api/notifications?limit=10 200 in 168ms
 GET /api/realtime 200 in 197ms
 GET /api/auth/session 200 in 185ms
 GET /api/company/invitations? 200 in 203ms
 GET /api/realtime 200 in 178ms
 GET /api/auth/session 200 in 168ms
 GET /api/notifications?limit=10 200 in 195ms
 GET /api/company/invitations? 200 in 167ms
 GET /api/auth/session 200 in 135ms
 GET /api/realtime 200 in 154ms
 GET /api/auth/session 200 in 101ms
 GET /api/realtime 200 in 137ms
 GET /api/auth/session 200 in 93ms
 GET /api/realtime 200 in 139ms
 GET /api/realtime 200 in 159ms
 GET /api/auth/session 200 in 141ms
 GET /api/auth/session 200 in 110ms
 GET /api/realtime 200 in 143ms
 GET /api/realtime 200 in 190ms
 GET /api/auth/session 200 in 157ms
 GET /api/auth/session 200 in 89ms
 GET /api/realtime 200 in 119ms
 GET /api/auth/session 200 in 123ms
 GET /api/realtime 200 in 168ms
 GET /api/realtime 200 in 153ms
 GET /api/auth/session 200 in 125ms
 GET /api/auth/session 200 in 113ms
 GET /api/realtime 200 in 153ms
 GET /api/realtime 200 in 93ms
 GET /api/realtime 200 in 102ms
 GET /api/realtime 200 in 92ms
 GET /api/realtime 200 in 95ms
 GET /api/realtime 200 in 89ms
 GET /api/realtime 200 in 113ms
 GET /api/realtime 200 in 87ms
 GET /api/realtime 200 in 99ms
 GET /api/realtime 200 in 82ms
 GET /api/realtime 200 in 83ms
 GET /api/realtime 200 in 84ms
 GET /api/realtime 200 in 83ms
 GET /api/realtime 200 in 114ms
 GET /api/realtime 200 in 84ms
 GET /api/realtime 200 in 105ms
 GET /api/realtime 200 in 105ms
 GET /api/realtime 200 in 93ms
 GET /api/realtime 200 in 89ms
 GET /api/realtime 200 in 88ms
 GET /api/realtime 200 in 114ms
 GET /api/realtime 200 in 106ms
 GET /api/realtime 200 in 223ms
 GET /api/realtime 200 in 75ms
 GET /api/realtime 200 in 84ms
 GET /api/realtime 200 in 81ms
 GET /api/realtime 200 in 72ms
 GET /api/realtime 200 in 7122ms
[?25h
