app/(dashboard)/reports/page.tsx(4,8): error TS2613: Module '"/home/ubuntu/cortexbuild_pro/nextjs_space/lib/db"' has no default export. Did you mean to use 'import { prisma } from "/home/ubuntu/cortexbuild_pro/nextjs_space/lib/db"' instead?
app/(dashboard)/reports/page.tsx(49,37): error TS7006: Parameter 'p' implicitly has an 'any' type.
app/(dashboard)/reports/page.tsx(50,40): error TS7006: Parameter 'p' implicitly has an 'any' type.
app/(dashboard)/reports/page.tsx(52,34): error TS7006: Parameter 't' implicitly has an 'any' type.
app/(dashboard)/reports/page.tsx(53,32): error TS7006: Parameter 't' implicitly has an 'any' type.
app/(dashboard)/reports/page.tsx(55,35): error TS7006: Parameter 'sum' implicitly has an 'any' type.
app/(dashboard)/reports/page.tsx(55,40): error TS7006: Parameter 'p' implicitly has an 'any' type.
app/(dashboard)/reports/page.tsx(60,24): error TS7006: Parameter 't' implicitly has an 'any' type.
app/(dashboard)/reports/page.tsx(61,31): error TS7006: Parameter 't' implicitly has an 'any' type.
app/(dashboard)/reports/page.tsx(62,26): error TS7006: Parameter 't' implicitly has an 'any' type.
app/(dashboard)/reports/page.tsx(63,28): error TS7006: Parameter 't' implicitly has an 'any' type.
app/(dashboard)/reports/page.tsx(68,31): error TS7006: Parameter 'p' implicitly has an 'any' type.
app/(dashboard)/reports/page.tsx(69,34): error TS7006: Parameter 'p' implicitly has an 'any' type.
app/(dashboard)/reports/page.tsx(70,30): error TS7006: Parameter 'p' implicitly has an 'any' type.
app/(dashboard)/reports/page.tsx(71,32): error TS7006: Parameter 'p' implicitly has an 'any' type.
app/(dashboard)/reports/page.tsx(76,23): error TS7006: Parameter 't' implicitly has an 'any' type.
app/(dashboard)/reports/page.tsx(77,26): error TS7006: Parameter 't' implicitly has an 'any' type.
app/(dashboard)/reports/page.tsx(78,24): error TS7006: Parameter 't' implicitly has an 'any' type.
app/(dashboard)/reports/page.tsx(79,28): error TS7006: Parameter 't' implicitly has an 'any' type.
app/(dashboard)/reports/page.tsx(91,32): error TS7006: Parameter 'a' implicitly has an 'any' type.
app/(dashboard)/reports/page.tsx(99,43): error TS7006: Parameter 'p' implicitly has an 'any' type.
app/(dashboard)/reports/page.tsx(103,36): error TS7006: Parameter 't' implicitly has an 'any' type.
app/(dashboard)/reports/page.tsx(105,36): error TS7006: Parameter 't' implicitly has an 'any' type.
app/api/activity/route.ts(4,8): error TS2613: Module '"/home/ubuntu/cortexbuild_pro/nextjs_space/lib/db"' has no default export. Did you mean to use 'import { prisma } from "/home/ubuntu/cortexbuild_pro/nextjs_space/lib/db"' instead?
app/api/activity/route.ts(38,41): error TS7006: Parameter 'p' implicitly has an 'any' type.
app/api/tasks/[id]/comments/route.ts(4,8): error TS2613: Module '"/home/ubuntu/cortexbuild_pro/nextjs_space/lib/db"' has no default export. Did you mean to use 'import { prisma } from "/home/ubuntu/cortexbuild_pro/nextjs_space/lib/db"' instead?
app/api/team/[id]/projects/route.ts(4,8): error TS2613: Module '"/home/ubuntu/cortexbuild_pro/nextjs_space/lib/db"' has no default export. Did you mean to use 'import { prisma } from "/home/ubuntu/cortexbuild_pro/nextjs_space/lib/db"' instead?
app/api/team/[id]/route.ts(4,8): error TS2613: Module '"/home/ubuntu/cortexbuild_pro/nextjs_space/lib/db"' has no default export. Did you mean to use 'import { prisma } from "/home/ubuntu/cortexbuild_pro/nextjs_space/lib/db"' instead?
hooks/use-realtime.ts(13,9): error TS2367: This comparison appears to be unintentional because the types 'RealtimeEventType' and '"connected"' have no overlap.
exit_code=2
