 ⨯ PrismaClientKnownRequestError: 
Invalid `_lib_db__WEBPACK_IMPORTED_MODULE_4__.prisma.project.findMany()` invocation in
/home/ubuntu/cortexbuild_pro/nextjs_space/.next/server/app/(dashboard)/inspections/page.js:4453:61

  4450     (0,next_navigation__WEBPACK_IMPORTED_MODULE_2__.redirect)("/login");
  4451 }
  4452 const [projects, inspections] = await Promise.all([
→ 4453     _lib_db__WEBPACK_IMPORTED_MODULE_4__.prisma.project.findMany(
Too many database connections opened: FATAL: too many connections for role "role_ddaacb0a0"
Prisma Accelerate has built-in connection pooling to prevent such errors: https://pris.ly/client/error-accelerate
    at async Promise.all (index 0)
    at async InspectionsPage (/home/ubuntu/cortexbuild_pro/nextjs_space/.next/server/app/(dashboard)/inspections/page.js:4452:37)
digest: "3321518015"
 ⨯ PrismaClientKnownRequestError: 
Invalid `_lib_db__WEBPACK_IMPORTED_MODULE_4__.prisma.submittal.findMany()` invocation in
/home/ubuntu/cortexbuild_pro/nextjs_space/.next/server/app/(dashboard)/submittals/page.js:5008:63

  5005         name: "asc"
  5006     }
  5007 }),
→ 5008 _lib_db__WEBPACK_IMPORTED_MODULE_4__.prisma.submittal.findMany(
Too many database connections opened: FATAL: too many connections for role "role_ddaacb0a0"
Prisma Accelerate has built-in connection pooling to prevent such errors: https://pris.ly/client/error-accelerate
    at async Promise.all (index 1)
    at async SubmittalsPage (/home/ubuntu/cortexbuild_pro/nextjs_space/.next/server/app/(dashboard)/submittals/page.js:4995:49)
digest: "2697807153"
 ⨯ PrismaClientKnownRequestError: 
Invalid `_lib_db__WEBPACK_IMPORTED_MODULE_4__.prisma.project.findMany()` invocation in
/home/ubuntu/cortexbuild_pro/nextjs_space/.next/server/app/(dashboard)/inspections/page.js:4453:61

  4450     (0,next_navigation__WEBPACK_IMPORTED_MODULE_2__.redirect)("/login");
  4451 }
  4452 const [projects, inspections] = await Promise.all([
→ 4453     _lib_db__WEBPACK_IMPORTED_MODULE_4__.prisma.project.findMany(
Too many database connections opened: FATAL: too many connections for role "role_ddaacb0a0"
Prisma Accelerate has built-in connection pooling to prevent such errors: https://pris.ly/client/error-accelerate
    at async Promise.all (index 0)
    at async InspectionsPage (/home/ubuntu/cortexbuild_pro/nextjs_space/.next/server/app/(dashboard)/inspections/page.js:4452:37)
digest: "3321518015"
 ⨯ PrismaClientKnownRequestError: 
Invalid `_lib_db__WEBPACK_IMPORTED_MODULE_4__.prisma.submittal.findMany()` invocation in
/home/ubuntu/cortexbuild_pro/nextjs_space/.next/server/app/(dashboard)/submittals/page.js:5008:63

  5005         name: "asc"
  5006     }
  5007 }),
→ 5008 _lib_db__WEBPACK_IMPORTED_MODULE_4__.prisma.submittal.findMany(
Too many database connections opened: FATAL: too many connections for role "role_ddaacb0a0"
Prisma Accelerate has built-in connection pooling to prevent such errors: https://pris.ly/client/error-accelerate
    at async Promise.all (index 1)
    at async SubmittalsPage (/home/ubuntu/cortexbuild_pro/nextjs_space/.next/server/app/(dashboard)/submittals/page.js:4995:49)
digest: "2697807153"
 ⨯ PrismaClientKnownRequestError: 
Invalid `_lib_db__WEBPACK_IMPORTED_MODULE_4__.prisma.task.findMany()` invocation in
/home/ubuntu/cortexbuild_pro/nextjs_space/.next/server/app/(dashboard)/reports/page.js:4094:58

  4091         }
  4092     }
  4093 }),
→ 4094 _lib_db__WEBPACK_IMPORTED_MODULE_4__.prisma.task.findMany(
Too many database connections opened: FATAL: too many connections for role "role_ddaacb0a0"
Prisma Accelerate has built-in connection pooling to prevent such errors: https://pris.ly/client/error-accelerate
    at async Promise.all (index 1)
    at async ReportsPage (/home/ubuntu/cortexbuild_pro/nextjs_space/.next/server/app/(dashboard)/reports/page.js:4078:56)
digest: "2279492245"
 ⨯ PrismaClientKnownRequestError: 
Invalid `_lib_db__WEBPACK_IMPORTED_MODULE_4__.prisma.task.findMany()` invocation in
/home/ubuntu/cortexbuild_pro/nextjs_space/.next/server/app/(dashboard)/reports/page.js:4094:58

  4091         }
  4092     }
  4093 }),
→ 4094 _lib_db__WEBPACK_IMPORTED_MODULE_4__.prisma.task.findMany(
Too many database connections opened: FATAL: too many connections for role "role_ddaacb0a0"
Prisma Accelerate has built-in connection pooling to prevent such errors: https://pris.ly/client/error-accelerate
    at async Promise.all (index 1)
    at async ReportsPage (/home/ubuntu/cortexbuild_pro/nextjs_space/.next/server/app/(dashboard)/reports/page.js:4078:56)
digest: "2279492245"
