2026-02-11T13:31:02.990228 Project directory: /root/cortexbuild-pro/deployment
2026-02-11T13:31:02.990717 Pulling project images
2026-02-11T13:31:02.991280 ------------------------------
2026-02-11T13:31:03.122234  Image certbot/certbot Pulling 
2026-02-11T13:31:03.122319  Image postgres:15-alpine Pulling 
2026-02-11T13:31:03.122327  Image ghcr.io/adrianstanca1/cortexbuild-pro:cortexbuildpro Pulling 
2026-02-11T13:31:03.122334  Image nginx:alpine Pulling 
2026-02-11T13:31:03.764028  Image certbot/certbot Pulled 
2026-02-11T13:31:04.063453  Image nginx:alpine Pulled 
2026-02-11T13:31:04.075766  Image postgres:15-alpine Pulled 
2026-02-11T13:31:08.809091  Image ghcr.io/adrianstanca1/cortexbuild-pro:cortexbuildpro Pulled 
2026-02-11T13:31:08.846782 ------------------------------
2026-02-11T13:31:08.846906 Deploying project
2026-02-11T13:31:08.847504 ------------------------------
2026-02-11T13:31:08.989303  Container cortexbuild-db Recreate 
2026-02-11T13:31:09.684759  Container cortexbuild-db Recreated 
2026-02-11T13:31:09.684834  Container cortexbuild-app Recreate 
2026-02-11T13:31:09.918832  Container cortexbuild-app Recreated 
2026-02-11T13:31:09.918894  Container cortexbuild-nginx Recreate 
2026-02-11T13:31:10.431457  Container cortexbuild-nginx Recreated 
2026-02-11T13:31:10.431519  Container cortexbuild-certbot Recreate 
2026-02-11T13:31:10.754741  Container cortexbuild-certbot Recreated 
2026-02-11T13:31:10.774416  Container cortexbuild-db Starting 
2026-02-11T13:31:10.933692  Container cortexbuild-db Started 
2026-02-11T13:31:10.933744  Container cortexbuild-db Waiting 
2026-02-11T13:31:21.435803  Container cortexbuild-db Healthy 
2026-02-11T13:31:21.435882  Container cortexbuild-app Starting 
2026-02-11T13:31:21.606214  Container cortexbuild-app Started 
2026-02-11T13:31:21.606269  Container cortexbuild-app Waiting 
2026-02-11T13:31:27.108189  Container cortexbuild-app Healthy 
2026-02-11T13:31:27.108256  Container cortexbuild-nginx Starting 
2026-02-11T13:31:27.317683  Container cortexbuild-nginx Started 
2026-02-11T13:31:27.317745  Container cortexbuild-certbot Starting 
2026-02-11T13:31:27.474630  Container cortexbuild-certbot Started 
2026-02-11T13:31:27.479022 ------------------------------
2026-02-11T13:31:27.479079 Project deployed successfully
